[13:08:13.361] [INFO   ] thread main starting.
[13:08:13.374] [SEVERE ] cannot read configuration file config.properties trying from resources.
[13:08:13.378] [SEVERE ] configuration file was loaded from resources directory.
[13:08:14.063] [INFO   ] thread dealer starting.
[13:08:14.066] [INFO   ] Thread dealer starting.
[13:08:14.068] [INFO   ] Thread player0starting.
[13:08:14.068] [INFO   ] Thread player1starting.
[13:08:14.076] [INFO   ] Thread computer-1 starting.
[13:08:14.103] [INFO   ] Thread computer-0 starting.
[13:08:14.133] [SEVERE ] placing card 80 in slot 3
[13:08:14.165] [SEVERE ] placing card 78 in slot 6
[13:08:14.181] [SEVERE ] placing card 62 in slot 5
[13:08:14.197] [SEVERE ] placing card 3 in slot 1
[13:08:14.212] [SEVERE ] placing card 13 in slot 10
[13:08:14.229] [SEVERE ] placing card 26 in slot 9
[13:08:14.244] [SEVERE ] placing card 1 in slot 7
[13:08:14.260] [SEVERE ] placing card 65 in slot 0
[13:08:14.275] [SEVERE ] placing card 71 in slot 4
[13:08:14.291] [SEVERE ] placing card 50 in slot 2
[13:08:14.307] [SEVERE ] placing card 10 in slot 11
[13:08:14.323] [SEVERE ] placing card 66 in slot 8
[13:08:14.323] [SEVERE ] updating countdown to 15000
[13:08:14.326] [SEVERE ] player 2 placing token on slot 4
[13:08:14.326] [SEVERE ] updating countdown to 15000
[13:08:14.327] [SEVERE ] player 2 placing token on slot 8
[13:08:14.327] [SEVERE ] player 2 placing token on slot 6
[13:08:14.328] [SEVERE ] setting player 2 freeze to 3000
[13:08:15.332] [SEVERE ] setting player 2 freeze to 2000
[13:08:15.332] [SEVERE ] updating countdown to 14000
[13:08:16.340] [SEVERE ] updating countdown to 13000
[13:08:16.340] [SEVERE ] setting player 2 freeze to 1000
[13:08:17.348] [SEVERE ] setting player 2 freeze to 0
[13:08:17.348] [SEVERE ] updating countdown to 12000
[13:08:17.348] [SEVERE ] player 1 placing token on slot 8
[13:08:17.348] [SEVERE ] player 1 placing token on slot 9
[13:08:17.349] [SEVERE ] player 1 placing token on slot 6
[13:08:17.350] [SEVERE ] setting player 1 freeze to 3000
[13:08:18.357] [SEVERE ] updating countdown to 11000
[13:08:18.357] [SEVERE ] setting player 1 freeze to 2000
[13:08:19.363] [SEVERE ] updating countdown to 10000
[13:08:19.363] [SEVERE ] setting player 1 freeze to 1000
[13:08:20.374] [SEVERE ] updating countdown to 9000
[13:08:20.374] [SEVERE ] setting player 1 freeze to 0
[13:08:20.374] [SEVERE ] removing player 1 token from slot 8
[13:08:20.375] [SEVERE ] player 1 placing token on slot 4
[13:08:20.375] [SEVERE ] setting player 1 freeze to 3000
[13:08:21.379] [SEVERE ] setting player 1 freeze to 2000
[13:08:21.379] [SEVERE ] updating countdown to 8000
[13:08:22.388] [SEVERE ] setting player 1 freeze to 1000
[13:08:22.388] [SEVERE ] updating countdown to 7000
[13:08:23.396] [SEVERE ] setting player 1 freeze to 0
[13:08:23.396] [SEVERE ] updating countdown to 6000
[13:08:23.397] [SEVERE ] removing player 1 token from slot 6
[13:08:23.397] [SEVERE ] player 1 placing token on slot 8
[13:08:23.397] [SEVERE ] setting player 1 freeze to 3000
[13:08:24.398] [SEVERE ] setting player 1 freeze to 2000
[13:08:24.398] [SEVERE ] updating countdown to 5000
[13:08:25.401] [SEVERE ] setting player 1 freeze to 1000
[13:08:25.967] [SEVERE ] updating countdown to 4000
[13:08:26.407] [SEVERE ] setting player 1 freeze to 0
[13:08:26.407] [SEVERE ] removing player 2 token from slot 6
[13:08:26.410] [SEVERE ] removing player 2 token from slot 8
[13:08:26.411] [SEVERE ] player 2 placing token on slot 1
[13:08:26.412] [SEVERE ] player 2 placing token on slot 6
[13:08:26.412] [SEVERE ] setting player 2 freeze to 3000
[13:08:27.425] [SEVERE ] setting player 2 freeze to 2000
[13:08:27.536] [SEVERE ] updating countdown to 3000
[13:08:28.429] [SEVERE ] setting player 2 freeze to 1000
[13:08:29.099] [SEVERE ] updating countdown to 2000
[13:08:29.442] [SEVERE ] setting player 2 freeze to 0
[13:08:29.443] [SEVERE ] removing player 2 token from slot 6
[13:08:29.443] [SEVERE ] player 2 placing token on slot 7
[13:08:29.444] [SEVERE ] setting player 2 freeze to 3000
[13:08:30.447] [SEVERE ] setting player 2 freeze to 2000
[13:08:30.666] [SEVERE ] updating countdown to 1000
[13:08:31.452] [SEVERE ] setting player 2 freeze to 1000
[13:08:32.239] [SEVERE ] updating countdown to 0
[13:08:32.239] [SEVERE ] updating countdown to 15000
[13:08:32.255] [SEVERE ] removing player 1 token from slot 8
[13:08:32.255] [SEVERE ] removing card from slot 8
[13:08:32.271] [SEVERE ] removing player 1 token from slot 9
[13:08:32.272] [SEVERE ] removing card from slot 9
[13:08:32.287] [SEVERE ] removing player 2 token from slot 1
[13:08:32.288] [SEVERE ] removing card from slot 1
[13:08:32.303] [SEVERE ] removing player 1 token from slot 4
[13:08:32.304] [SEVERE ] removing player 2 token from slot 4
[13:08:32.305] [SEVERE ] removing card from slot 4
[13:08:32.318] [SEVERE ] removing player 2 token from slot 7
[13:08:32.320] [SEVERE ] removing card from slot 7
[13:08:32.335] [SEVERE ] removing card from slot 5
[13:08:32.350] [SEVERE ] removing card from slot 11
[13:08:32.366] [SEVERE ] removing card from slot 3
[13:08:32.382] [SEVERE ] removing card from slot 2
[13:08:32.397] [SEVERE ] removing card from slot 0
[13:08:32.414] [SEVERE ] removing card from slot 6
[13:08:32.429] [SEVERE ] removing card from slot 10
[13:08:32.445] [SEVERE ] placing card 20 in slot 11
[13:08:32.461] [SEVERE ] placing card 47 in slot 2
[13:08:32.461] [SEVERE ] setting player 2 freeze to 0
[13:08:32.477] [SEVERE ] placing card 11 in slot 3
[13:08:32.493] [SEVERE ] placing card 46 in slot 5
[13:08:32.509] [SEVERE ] placing card 79 in slot 8
[13:08:32.525] [SEVERE ] placing card 31 in slot 9
[13:08:32.540] [SEVERE ] placing card 25 in slot 7
[13:08:32.556] [SEVERE ] placing card 13 in slot 6
[13:08:32.571] [SEVERE ] placing card 59 in slot 4
[13:08:32.587] [SEVERE ] placing card 67 in slot 0
[13:08:32.603] [SEVERE ] placing card 26 in slot 10
[13:08:32.619] [SEVERE ] placing card 37 in slot 1
[13:08:32.619] [SEVERE ] updating countdown to 15000
[13:08:32.620] [SEVERE ] player 2 placing token on slot 11
[13:08:32.621] [SEVERE ] updating countdown to 15000
[13:08:32.621] [SEVERE ] player 2 placing token on slot 3
[13:08:32.622] [SEVERE ] player 2 placing token on slot 1
[13:08:32.622] [SEVERE ] setting player 2 freeze to 3000
[13:08:33.633] [SEVERE ] setting player 2 freeze to 2000
[13:08:33.633] [SEVERE ] updating countdown to 14000
[13:08:34.644] [SEVERE ] setting player 2 freeze to 1000
[13:08:34.644] [SEVERE ] updating countdown to 13000
[13:08:35.653] [SEVERE ] updating countdown to 12000
[13:08:35.653] [SEVERE ] setting player 2 freeze to 0
[13:08:35.653] [SEVERE ] removing player 2 token from slot 1
[13:08:35.653] [SEVERE ] player 2 placing token on slot 0
[13:08:35.654] [SEVERE ] setting player 2 freeze to 3000
[13:08:35.654] [SEVERE ] player 1 placing token on slot 11
[13:08:35.654] [SEVERE ] player 1 placing token on slot 9
[13:08:35.654] [SEVERE ] player 1 placing token on slot 1
[13:08:35.654] [SEVERE ] setting player 1 freeze to 3000
[13:08:36.662] [SEVERE ] setting player 1 freeze to 2000
[13:08:36.662] [SEVERE ] setting player 2 freeze to 2000
[13:08:36.662] [SEVERE ] updating countdown to 11000
[13:08:37.672] [SEVERE ] setting player 2 freeze to 1000
[13:08:37.672] [SEVERE ] setting player 1 freeze to 1000
[13:08:37.672] [SEVERE ] updating countdown to 10000
[13:08:38.677] [SEVERE ] setting player 2 freeze to 0
[13:08:38.677] [SEVERE ] updating countdown to 9000
[13:08:38.677] [SEVERE ] setting player 1 freeze to 0
[13:08:38.678] [SEVERE ] removing player 1 token from slot 11
[13:08:38.678] [SEVERE ] player 1 placing token on slot 6
[13:08:38.678] [SEVERE ] setting player 1 freeze to 3000
[13:08:39.682] [SEVERE ] setting player 1 freeze to 2000
[13:08:39.682] [SEVERE ] updating countdown to 8000
[13:08:40.692] [SEVERE ] updating countdown to 7000
[13:08:40.692] [SEVERE ] setting player 1 freeze to 1000
