[11:22:36.489] [INFO   ] thread main starting.
[11:22:36.507] [SEVERE ] cannot read configuration file config.properties trying from resources.
[11:22:36.513] [SEVERE ] configuration file was loaded from resources directory.
[11:22:37.522] [INFO   ] thread dealer starting.
[11:22:37.524] [INFO   ] Thread dealer starting.
[11:22:37.525] [INFO   ] Thread player1starting.
[11:22:37.525] [INFO   ] Thread player0starting.
[11:22:37.540] [INFO   ] Thread computer-0 starting.
[11:22:37.540] [INFO   ] Thread computer-1 starting.
[11:22:37.555] [SEVERE ] placing card 5 in slot 10
[11:22:37.587] [SEVERE ] placing card 21 in slot 8
[11:22:37.635] [SEVERE ] placing card 68 in slot 1
[11:22:37.650] [SEVERE ] placing card 69 in slot 2
[11:22:37.676] [SEVERE ] placing card 71 in slot 9
[11:22:37.694] [SEVERE ] placing card 2 in slot 5
[11:22:37.710] [SEVERE ] placing card 59 in slot 3
[11:22:37.726] [SEVERE ] placing card 70 in slot 4
[11:22:37.742] [SEVERE ] placing card 80 in slot 0
[11:22:37.760] [SEVERE ] placing card 6 in slot 11
[11:22:37.776] [SEVERE ] placing card 74 in slot 7
[11:22:37.793] [SEVERE ] placing card 47 in slot 6
[11:22:37.793] [SEVERE ] updating countdown to 100
[11:22:37.798] [SEVERE ] updating countdown to 100
[11:22:37.799] [SEVERE ] player 1 placing token on slot 2
[11:22:37.799] [SEVERE ] player 1 placing token on slot 8
[11:22:37.800] [SEVERE ] player 1 placing token on slot 9
[11:22:37.801] [SEVERE ] setting player 1 freeze to 4
[11:22:37.807] [SEVERE ] setting player 1 freeze to 0
[11:22:37.807] [SEVERE ] player 2 placing token on slot 4
[11:22:37.808] [SEVERE ] player 2 placing token on slot 6
[11:22:37.809] [SEVERE ] updating countdown to 90
[11:22:37.809] [SEVERE ] player 2 placing token on slot 9
[11:22:37.811] [SEVERE ] setting player 2 freeze to 4
[11:22:37.819] [SEVERE ] setting player 2 freeze to 0
[11:22:37.819] [SEVERE ] removing player 1 token from slot 9
[11:22:37.819] [SEVERE ] player 1 placing token on slot 0
[11:22:37.821] [SEVERE ] setting player 1 freeze to 4
[11:22:37.824] [SEVERE ] updating countdown to 80
[11:22:37.827] [SEVERE ] setting player 1 freeze to 0
[11:22:37.829] [SEVERE ] removing player 1 token from slot 2
[11:22:37.829] [SEVERE ] removing player 2 token from slot 9
[11:22:37.829] [SEVERE ] player 2 placing token on slot 11
[11:22:37.834] [SEVERE ] setting player 2 freeze to 4
[11:22:37.835] [SEVERE ] updating countdown to 70
[11:22:37.839] [SEVERE ] setting player 2 freeze to 0
[11:22:37.839] [SEVERE ] player 1 placing token on slot 9
[11:22:37.839] [SEVERE ] setting player 1 freeze to 4
[11:22:37.846] [SEVERE ] setting player 1 freeze to 0
[11:22:37.846] [SEVERE ] removing player 1 token from slot 9
[11:22:37.846] [SEVERE ] player 1 placing token on slot 5
[11:22:37.847] [SEVERE ] updating countdown to 60
[11:22:37.847] [SEVERE ] setting player 1 freeze to 4
[11:22:37.852] [SEVERE ] setting player 1 freeze to 0
[11:22:37.852] [SEVERE ] removing player 1 token from slot 0
[11:22:37.852] [SEVERE ] player 1 placing token on slot 2
[11:22:37.852] [SEVERE ] setting player 1 freeze to 4
[11:22:37.859] [SEVERE ] setting player 1 freeze to 0
[11:22:37.860] [SEVERE ] removing player 1 token from slot 2
[11:22:37.861] [SEVERE ] player 1 placing token on slot 7
[11:22:37.862] [SEVERE ] setting player 1 freeze to 4
[11:22:37.867] [SEVERE ] setting player 1 freeze to 0
[11:22:37.869] [SEVERE ] removing player 2 token from slot 11
[11:22:37.870] [SEVERE ] player 2 placing token on slot 7
[11:22:37.871] [SEVERE ] updating countdown to 50
[11:22:37.873] [SEVERE ] setting player 2 freeze to 4
[11:22:37.879] [SEVERE ] setting player 2 freeze to 0
[11:22:37.879] [SEVERE ] removing player 1 token from slot 8
[11:22:37.880] [SEVERE ] player 1 placing token on slot 4
[11:22:37.880] [SEVERE ] setting player 1 freeze to 4
[11:22:37.886] [SEVERE ] setting player 1 freeze to 0
[11:22:37.887] [SEVERE ] updating countdown to 40
[11:22:37.887] [SEVERE ] removing player 2 token from slot 6
[11:22:37.887] [SEVERE ] player 2 placing token on slot 3
[11:22:37.888] [SEVERE ] setting player 2 freeze to 4
[11:22:37.893] [SEVERE ] setting player 2 freeze to 0
[11:22:37.893] [SEVERE ] removing player 2 token from slot 7
[11:22:37.893] [SEVERE ] player 2 placing token on slot 9
[11:22:37.896] [SEVERE ] setting player 2 freeze to 4
[11:22:37.901] [SEVERE ] setting player 2 freeze to 0
[11:22:37.901] [SEVERE ] removing player 2 token from slot 3
[11:22:37.901] [SEVERE ] player 2 placing token on slot 10
[11:22:37.903] [SEVERE ] updating countdown to 30
[11:22:37.903] [SEVERE ] setting player 2 freeze to 4
[11:22:37.903] [SEVERE ] removing player 1 token from slot 4
[11:22:37.904] [SEVERE ] removing player 1 token from slot 5
[11:22:37.904] [SEVERE ] player 1 placing token on slot 9
[11:22:37.908] [SEVERE ] setting player 2 freeze to 0
[11:22:37.908] [SEVERE ] removing player 2 token from slot 4
[11:22:37.909] [SEVERE ] removing player 2 token from slot 9
[11:22:37.909] [SEVERE ] player 2 placing token on slot 1
[11:22:37.910] [SEVERE ] player 1 placing token on slot 4
[11:22:37.911] [SEVERE ] setting player 1 freeze to 4
[11:22:37.917] [SEVERE ] setting player 1 freeze to 0
[11:22:37.917] [SEVERE ] player 2 placing token on slot 4
[11:22:37.917] [SEVERE ] setting player 2 freeze to 4
[11:22:37.920] [SEVERE ] updating countdown to 20
[11:22:37.925] [SEVERE ] setting player 2 freeze to 0
[11:22:37.925] [SEVERE ] removing player 1 token from slot 9
[11:22:37.925] [SEVERE ] player 1 placing token on slot 11
[11:22:37.925] [SEVERE ] setting player 1 freeze to 4
[11:22:37.934] [SEVERE ] setting player 1 freeze to 0
[11:22:37.935] [SEVERE ] removing player 2 token from slot 1
[11:22:37.935] [SEVERE ] removing player 1 token from slot 11
[11:22:37.936] [SEVERE ] player 2 placing token on slot 0
[11:22:37.936] [SEVERE ] setting player 2 freeze to 4
[11:22:37.945] [SEVERE ] setting player 2 freeze to 0
[11:22:37.945] [SEVERE ] player 1 placing token on slot 3
[11:22:37.946] [SEVERE ] setting player 1 freeze to 4
[11:22:37.950] [SEVERE ] setting player 1 freeze to 0
[11:22:37.950] [SEVERE ] removing player 1 token from slot 7
[11:22:37.950] [SEVERE ] removing player 1 token from slot 4
[11:22:37.950] [SEVERE ] player 1 placing token on slot 10
[11:22:37.952] [SEVERE ] player 1 placing token on slot 7
[11:22:37.952] [SEVERE ] updating countdown to 100
[11:22:37.968] [SEVERE ] removing card from slot 5
[11:22:37.984] [SEVERE ] removing card from slot 1
[11:22:38.009] [SEVERE ] removing card from slot 2
[11:22:38.025] [SEVERE ] removing player 2 token from slot 4
[11:22:38.025] [SEVERE ] removing card from slot 4
[11:22:38.042] [SEVERE ] removing player 2 token from slot 0
[11:22:38.043] [SEVERE ] removing card from slot 0
[11:22:38.059] [SEVERE ] removing card from slot 9
[11:22:38.076] [SEVERE ] removing card from slot 6
[11:22:38.093] [SEVERE ] removing player 1 token from slot 3
[11:22:38.094] [SEVERE ] removing card from slot 3
[11:22:38.109] [SEVERE ] removing player 1 token from slot 10
[11:22:38.110] [SEVERE ] removing player 2 token from slot 10
[11:22:38.111] [SEVERE ] removing card from slot 10
[11:22:38.125] [SEVERE ] removing player 1 token from slot 7
[11:22:38.125] [SEVERE ] removing card from slot 7
[11:22:38.143] [SEVERE ] removing card from slot 8
[11:22:38.159] [SEVERE ] removing card from slot 11
[11:22:38.175] [SEVERE ] placing card 13 in slot 6
[11:22:38.191] [SEVERE ] placing card 67 in slot 1
[11:22:38.206] [SEVERE ] placing card 75 in slot 9
[11:22:38.224] [SEVERE ] placing card 71 in slot 2
[11:22:38.243] [SEVERE ] placing card 18 in slot 7
[11:22:38.259] [SEVERE ] placing card 24 in slot 5
[11:22:38.276] [SEVERE ] placing card 26 in slot 4
[11:22:38.292] [SEVERE ] placing card 68 in slot 11
[11:22:38.307] [SEVERE ] placing card 12 in slot 8
[11:22:38.323] [SEVERE ] placing card 66 in slot 3
[11:22:38.342] [SEVERE ] placing card 76 in slot 10
[11:22:38.358] [SEVERE ] placing card 5 in slot 0
[11:22:38.359] [SEVERE ] updating countdown to 100
[11:22:38.360] [SEVERE ] updating countdown to 100
[11:22:38.374] [SEVERE ] updating countdown to 90
[11:22:38.389] [SEVERE ] updating countdown to 80
[11:22:38.404] [SEVERE ] updating countdown to 70
[11:22:38.424] [SEVERE ] updating countdown to 60
[11:22:38.440] [SEVERE ] updating countdown to 50
[11:22:38.459] [SEVERE ] updating countdown to 40
[11:22:38.475] [SEVERE ] updating countdown to 30
[11:22:38.490] [SEVERE ] updating countdown to 20
