[12:33:19.126] [INFO   ] thread main starting.
[12:33:19.143] [SEVERE ] cannot read configuration file config.properties trying from resources.
[12:33:19.148] [SEVERE ] configuration file was loaded from resources directory.
[12:33:19.990] [INFO   ] thread dealer starting.
[12:33:19.991] [INFO   ] Thread dealer starting.
[12:33:19.992] [INFO   ] Thread player0starting.
[12:33:19.992] [INFO   ] Thread player1starting.
[12:33:20.022] [SEVERE ] placing card 37 in slot 0
[12:33:20.084] [SEVERE ] placing card 76 in slot 9
[12:33:20.100] [SEVERE ] placing card 42 in slot 10
[12:33:20.114] [SEVERE ] placing card 18 in slot 2
[12:33:20.130] [SEVERE ] placing card 13 in slot 3
[12:33:20.146] [SEVERE ] placing card 62 in slot 11
[12:33:20.162] [SEVERE ] placing card 47 in slot 4
[12:33:20.178] [SEVERE ] placing card 14 in slot 8
[12:33:20.194] [SEVERE ] placing card 44 in slot 7
[12:33:20.210] [SEVERE ] placing card 56 in slot 5
[12:33:20.226] [SEVERE ] placing card 66 in slot 1
[12:33:20.242] [SEVERE ] placing card 28 in slot 6
[12:33:20.242] [SEVERE ] updating countdown to 15000
[12:33:20.256] [SEVERE ] updating countdown to 15000
[12:33:21.271] [SEVERE ] updating countdown to 14000
[12:33:21.635] [SEVERE ] key 81 was pressed by player 1
[12:33:21.636] [SEVERE ] player 1 placing token on slot 0
[12:33:22.251] [SEVERE ] key 69 was pressed by player 1
[12:33:22.251] [SEVERE ] player 1 placing token on slot 2
[12:33:22.280] [SEVERE ] updating countdown to 13000
[12:33:23.282] [SEVERE ] updating countdown to 12000
[12:33:24.216] [SEVERE ] key 83 was pressed by player 1
[12:33:24.217] [SEVERE ] player 1 placing token on slot 5
[12:33:24.238] [SEVERE ] removing player 1 token from slot 0
[12:33:24.239] [SEVERE ] removing card from slot 0
[12:33:24.253] [SEVERE ] removing player 1 token from slot 2
[12:33:24.253] [SEVERE ] removing card from slot 2
[12:33:24.269] [SEVERE ] removing player 1 token from slot 5
[12:33:24.270] [SEVERE ] removing card from slot 5
[12:33:24.270] [SEVERE ] setting player 1 freeze to 1000
[12:33:24.285] [SEVERE ] placing card 33 in slot 0
[12:33:24.285] [SEVERE ] updating countdown to 14000
[12:33:24.301] [SEVERE ] placing card 79 in slot 2
[12:33:24.317] [SEVERE ] placing card 8 in slot 5
[12:33:24.317] [SEVERE ] updating countdown to 15000
[12:33:25.277] [SEVERE ] setting player 1 freeze to 0
[12:33:25.277] [SEVERE ] setting player 1 score to 1
[12:33:25.292] [SEVERE ] updating countdown to 13000
[12:33:26.300] [SEVERE ] updating countdown to 12000
[12:33:27.312] [SEVERE ] updating countdown to 11000
[12:33:28.319] [SEVERE ] updating countdown to 10000
