[15:08:22.747] [INFO   ] thread main starting.
[15:08:22.770] [SEVERE ] cannot read configuration file config.properties trying from resources.
[15:08:22.775] [SEVERE ] configuration file was loaded from resources directory.
[15:08:23.779] [INFO   ] thread dealer starting.
[15:08:23.781] [INFO   ] Thread dealer starting.
[15:08:23.781] [INFO   ] Thread player1starting.
[15:08:23.781] [INFO   ] Thread player0starting.
[15:08:23.807] [SEVERE ] placing card 17 in slot 8
[15:08:23.827] [SEVERE ] placing card 47 in slot 1
[15:08:23.879] [SEVERE ] placing card 11 in slot 11
[15:08:23.898] [SEVERE ] placing card 80 in slot 5
[15:08:23.914] [SEVERE ] placing card 13 in slot 7
[15:08:23.930] [SEVERE ] placing card 40 in slot 2
[15:08:23.945] [SEVERE ] placing card 46 in slot 6
[15:08:23.961] [SEVERE ] placing card 67 in slot 10
[15:08:23.976] [SEVERE ] placing card 8 in slot 3
[15:08:23.998] [SEVERE ] placing card 68 in slot 0
[15:08:24.013] [SEVERE ] placing card 14 in slot 9
[15:08:24.029] [SEVERE ] placing card 64 in slot 4
[15:08:24.029] [SEVERE ] updating countdown to 15000
[15:08:24.043] [SEVERE ] updating countdown to 15000
[15:08:25.048] [SEVERE ] updating countdown to 14000
[15:08:25.618] [SEVERE ] key 81 was pressed by player 1
[15:08:25.618] [SEVERE ] player 1 placing token on slot 0
[15:08:25.729] [SEVERE ] key 87 was pressed by player 1
[15:08:25.729] [SEVERE ] player 1 placing token on slot 1
[15:08:26.063] [SEVERE ] updating countdown to 13000
[15:08:27.079] [SEVERE ] updating countdown to 12000
[15:08:28.098] [SEVERE ] updating countdown to 11000
[15:08:29.107] [SEVERE ] updating countdown to 10000
[15:08:30.109] [SEVERE ] updating countdown to 9000
[15:08:31.126] [SEVERE ] updating countdown to 8000
[15:08:31.529] [SEVERE ] key 82 was pressed by player 1
[15:08:31.529] [SEVERE ] player 1 placing token on slot 3
[15:08:31.547] [SEVERE ] removing player 1 token from slot 0
[15:08:31.547] [SEVERE ] removing card from slot 0
[15:08:31.566] [SEVERE ] removing player 1 token from slot 1
[15:08:31.566] [SEVERE ] removing card from slot 1
[15:08:31.587] [SEVERE ] removing player 1 token from slot 3
[15:08:31.587] [SEVERE ] removing card from slot 3
[15:08:31.587] [SEVERE ] setting player 1 freeze to 1000
[15:08:31.605] [SEVERE ] placing card 71 in slot 0
[15:08:31.621] [SEVERE ] placing card 22 in slot 3
[15:08:31.638] [SEVERE ] placing card 42 in slot 1
[15:08:31.639] [SEVERE ] updating countdown to 15000
[15:08:32.144] [SEVERE ] updating countdown to 14000
[15:08:32.602] [SEVERE ] setting player 1 freeze to 0
[15:08:32.603] [SEVERE ] setting player 1 score to 1
[15:08:33.147] [SEVERE ] updating countdown to 13000
[15:08:34.163] [SEVERE ] updating countdown to 12000
[15:08:35.172] [SEVERE ] updating countdown to 11000
[15:08:36.176] [SEVERE ] updating countdown to 10000
[15:08:37.177] [SEVERE ] updating countdown to 9000
[15:08:38.185] [SEVERE ] updating countdown to 8000
[15:08:39.196] [SEVERE ] updating countdown to 7000
[15:08:40.206] [SEVERE ] updating countdown to 6000
[15:08:41.220] [SEVERE ] updating countdown to 5000
[15:08:42.888] [SEVERE ] updating countdown to 4000
[15:08:44.552] [SEVERE ] updating countdown to 3000
[15:08:46.217] [SEVERE ] updating countdown to 2000
[15:08:47.881] [SEVERE ] updating countdown to 1000
[15:08:49.545] [SEVERE ] updating countdown to 0
[15:08:49.545] [SEVERE ] updating countdown to 15000
[15:08:49.561] [SEVERE ] removing card from slot 11
[15:08:49.578] [SEVERE ] removing card from slot 4
[15:08:49.595] [SEVERE ] removing card from slot 5
[15:08:49.612] [SEVERE ] removing card from slot 3
[15:08:49.629] [SEVERE ] removing card from slot 8
[15:08:49.645] [SEVERE ] removing card from slot 9
[15:08:49.662] [SEVERE ] removing card from slot 0
[15:08:49.679] [SEVERE ] removing card from slot 2
[15:08:49.695] [SEVERE ] removing card from slot 10
[15:08:49.712] [SEVERE ] removing card from slot 6
[15:08:49.729] [SEVERE ] removing card from slot 1
[15:08:49.745] [SEVERE ] removing card from slot 7
[15:08:49.762] [SEVERE ] placing card 52 in slot 4
[15:08:49.778] [SEVERE ] placing card 46 in slot 0
[15:08:49.795] [SEVERE ] placing card 17 in slot 1
[15:08:49.812] [SEVERE ] placing card 70 in slot 6
[15:08:49.828] [SEVERE ] placing card 27 in slot 10
[15:08:49.845] [SEVERE ] placing card 76 in slot 3
[15:08:49.862] [SEVERE ] placing card 10 in slot 2
[15:08:49.878] [SEVERE ] placing card 9 in slot 11
[15:08:49.895] [SEVERE ] placing card 74 in slot 7
[15:08:49.912] [SEVERE ] placing card 6 in slot 8
[15:08:49.928] [SEVERE ] placing card 44 in slot 9
[15:08:49.945] [SEVERE ] placing card 15 in slot 5
[15:08:49.945] [SEVERE ] updating countdown to 15000
[15:08:49.947] [SEVERE ] updating countdown to 15000
[15:08:50.957] [SEVERE ] updating countdown to 14000
[15:08:51.518] [SEVERE ] key 87 was pressed by player 1
[15:08:51.518] [SEVERE ] player 1 placing token on slot 1
[15:08:51.966] [SEVERE ] updating countdown to 13000
[15:08:52.923] [SEVERE ] key 82 was pressed by player 1
[15:08:52.923] [SEVERE ] player 1 placing token on slot 3
[15:08:52.973] [SEVERE ] updating countdown to 12000
[15:08:53.988] [SEVERE ] updating countdown to 11000
[15:08:54.869] [SEVERE ] key 67 was pressed by player 1
[15:08:54.869] [SEVERE ] player 1 placing token on slot 10
[15:08:54.887] [SEVERE ] removing player 1 token from slot 1
[15:08:54.887] [SEVERE ] removing card from slot 1
[15:08:54.905] [SEVERE ] removing player 1 token from slot 3
[15:08:54.905] [SEVERE ] removing card from slot 3
[15:08:54.922] [SEVERE ] removing player 1 token from slot 10
[15:08:54.922] [SEVERE ] removing card from slot 10
[15:08:54.922] [SEVERE ] setting player 1 freeze to 1000
[15:08:54.938] [SEVERE ] placing card 35 in slot 10
[15:08:54.955] [SEVERE ] placing card 60 in slot 3
[15:08:54.971] [SEVERE ] placing card 79 in slot 1
[15:08:54.971] [SEVERE ] updating countdown to 15000
[15:08:54.988] [SEVERE ] updating countdown to 14000
[15:08:55.927] [SEVERE ] setting player 1 freeze to 0
[15:08:55.927] [SEVERE ] setting player 1 score to 2
[15:08:56.003] [SEVERE ] updating countdown to 13000
[15:08:57.021] [SEVERE ] updating countdown to 12000
[15:08:57.221] [SEVERE ] key 87 was pressed by player 1
[15:08:57.221] [SEVERE ] player 1 placing token on slot 1
[15:08:58.035] [SEVERE ] updating countdown to 11000
[15:08:59.046] [SEVERE ] updating countdown to 10000
[15:09:00.055] [SEVERE ] updating countdown to 9000
[15:09:01.061] [SEVERE ] updating countdown to 8000
[15:09:01.340] [SEVERE ] key 83 was pressed by player 1
[15:09:01.340] [SEVERE ] player 1 placing token on slot 5
[15:09:01.986] [SEVERE ] key 67 was pressed by player 1
[15:09:01.986] [SEVERE ] player 1 placing token on slot 10
[15:09:02.007] [SEVERE ] removing player 1 token from slot 1
[15:09:02.007] [SEVERE ] removing card from slot 1
[15:09:02.025] [SEVERE ] removing player 1 token from slot 5
[15:09:02.025] [SEVERE ] removing card from slot 5
[15:09:02.044] [SEVERE ] removing player 1 token from slot 10
[15:09:02.044] [SEVERE ] removing card from slot 10
[15:09:02.044] [SEVERE ] setting player 1 freeze to 1000
[15:09:02.061] [SEVERE ] updating countdown to 14000
[15:09:02.061] [SEVERE ] placing card 57 in slot 10
[15:09:02.078] [SEVERE ] placing card 25 in slot 1
[15:09:02.095] [SEVERE ] placing card 18 in slot 5
[15:09:02.096] [SEVERE ] updating countdown to 15000
[15:09:03.046] [SEVERE ] setting player 1 freeze to 0
[15:09:03.046] [SEVERE ] setting player 1 score to 3
[15:09:03.076] [SEVERE ] updating countdown to 13000
[15:09:04.082] [SEVERE ] updating countdown to 12000
[15:09:05.087] [SEVERE ] updating countdown to 11000
[15:09:06.088] [SEVERE ] updating countdown to 10000
[15:09:07.103] [SEVERE ] updating countdown to 9000
[15:09:08.120] [SEVERE ] updating countdown to 8000
[15:09:09.128] [SEVERE ] updating countdown to 7000
[15:09:10.141] [SEVERE ] updating countdown to 6000
[15:09:11.151] [SEVERE ] updating countdown to 5000
[15:09:11.344] [SEVERE ] key 68 was pressed by player 1
[15:09:11.344] [SEVERE ] player 1 placing token on slot 6
[15:09:11.617] [SEVERE ] key 70 was pressed by player 1
[15:09:11.617] [SEVERE ] player 1 placing token on slot 7
[15:09:12.463] [SEVERE ] key 67 was pressed by player 1
[15:09:12.464] [SEVERE ] player 1 placing token on slot 10
[15:09:12.479] [SEVERE ] removing player 1 token from slot 6
[15:09:12.479] [SEVERE ] removing card from slot 6
[15:09:12.496] [SEVERE ] removing player 1 token from slot 7
[15:09:12.496] [SEVERE ] removing card from slot 7
[15:09:12.512] [SEVERE ] removing player 1 token from slot 10
[15:09:12.512] [SEVERE ] removing card from slot 10
[15:09:12.512] [SEVERE ] setting player 1 freeze to 1000
[15:09:12.530] [SEVERE ] updating countdown to 14990
[15:09:12.530] [SEVERE ] placing card 23 in slot 7
[15:09:12.546] [SEVERE ] placing card 36 in slot 6
[15:09:12.562] [SEVERE ] placing card 33 in slot 10
[15:09:12.563] [SEVERE ] updating countdown to 15000
[15:09:13.526] [SEVERE ] setting player 1 freeze to 0
[15:09:13.526] [SEVERE ] setting player 1 score to 4
[15:09:13.545] [SEVERE ] updating countdown to 13990
[15:09:14.548] [SEVERE ] updating countdown to 12990
[15:09:15.548] [SEVERE ] updating countdown to 11990
[15:09:16.562] [SEVERE ] updating countdown to 10990
[15:09:17.569] [SEVERE ] updating countdown to 9990
[15:09:18.576] [SEVERE ] updating countdown to 8990
[15:09:19.588] [SEVERE ] updating countdown to 7990
[15:09:20.564] [SEVERE ] key 87 was pressed by player 1
[15:09:20.564] [SEVERE ] player 1 placing token on slot 1
[15:09:20.601] [SEVERE ] updating countdown to 6990
[15:09:21.615] [SEVERE ] updating countdown to 5990
[15:09:22.167] [SEVERE ] key 82 was pressed by player 1
[15:09:22.167] [SEVERE ] player 1 placing token on slot 3
[15:09:24.279] [SEVERE ] updating countdown to 4000
[15:09:24.928] [SEVERE ] key 88 was pressed by player 1
[15:09:24.928] [SEVERE ] player 1 placing token on slot 9
[15:09:24.945] [SEVERE ] removing player 1 token from slot 1
[15:09:24.945] [SEVERE ] removing card from slot 1
[15:09:24.961] [SEVERE ] removing player 1 token from slot 3
[15:09:24.961] [SEVERE ] removing card from slot 3
[15:09:24.978] [SEVERE ] removing player 1 token from slot 9
[15:09:24.978] [SEVERE ] removing card from slot 9
[15:09:24.978] [SEVERE ] setting player 1 freeze to 1000
[15:09:24.995] [SEVERE ] updating countdown to 14990
[15:09:24.995] [SEVERE ] placing card 1 in slot 3
[15:09:25.011] [SEVERE ] placing card 40 in slot 9
[15:09:25.028] [SEVERE ] placing card 20 in slot 1
[15:09:25.028] [SEVERE ] updating countdown to 15000
[15:09:25.979] [SEVERE ] setting player 1 freeze to 0
[15:09:25.979] [SEVERE ] setting player 1 score to 5
[15:09:26.010] [SEVERE ] updating countdown to 13990
[15:09:27.026] [SEVERE ] updating countdown to 12990
[15:09:28.035] [SEVERE ] updating countdown to 11990
[15:09:29.037] [SEVERE ] updating countdown to 10990
[15:09:30.042] [SEVERE ] updating countdown to 9990
[15:09:31.053] [SEVERE ] updating countdown to 8990
[15:09:32.060] [SEVERE ] updating countdown to 7990
[15:09:33.068] [SEVERE ] updating countdown to 6990
[15:09:34.081] [SEVERE ] updating countdown to 5990
[15:09:36.761] [SEVERE ] updating countdown to 4000
[15:09:38.426] [SEVERE ] updating countdown to 3000
[15:09:40.090] [SEVERE ] updating countdown to 2000
[15:09:41.754] [SEVERE ] updating countdown to 1000
[15:09:43.418] [SEVERE ] updating countdown to 0
[15:09:43.422] [SEVERE ] updating countdown to 15000
[15:09:43.435] [SEVERE ] removing card from slot 6
[15:09:43.452] [SEVERE ] removing card from slot 3
[15:09:43.469] [SEVERE ] removing card from slot 11
[15:09:43.485] [SEVERE ] removing card from slot 5
[15:09:43.502] [SEVERE ] removing card from slot 9
[15:09:43.519] [SEVERE ] removing card from slot 0
[15:09:43.535] [SEVERE ] removing card from slot 8
[15:09:43.553] [SEVERE ] removing card from slot 1
[15:09:43.569] [SEVERE ] removing card from slot 4
[15:09:43.585] [SEVERE ] removing card from slot 7
[15:09:43.602] [SEVERE ] removing card from slot 2
[15:09:43.618] [SEVERE ] removing card from slot 10
[15:09:43.635] [SEVERE ] placing card 46 in slot 2
[15:09:43.652] [SEVERE ] placing card 43 in slot 10
[15:09:43.668] [SEVERE ] placing card 1 in slot 3
[15:09:43.685] [SEVERE ] placing card 20 in slot 11
[15:09:43.702] [SEVERE ] placing card 31 in slot 0
[15:09:43.718] [SEVERE ] placing card 73 in slot 7
[15:09:43.735] [SEVERE ] placing card 58 in slot 1
[15:09:43.751] [SEVERE ] placing card 30 in slot 9
[15:09:43.768] [SEVERE ] placing card 63 in slot 6
[15:09:43.785] [SEVERE ] placing card 2 in slot 5
[15:09:43.802] [SEVERE ] placing card 16 in slot 8
[15:09:43.818] [SEVERE ] placing card 5 in slot 4
[15:09:43.818] [SEVERE ] updating countdown to 15000
[15:09:43.820] [SEVERE ] updating countdown to 15000
[15:09:44.834] [SEVERE ] updating countdown to 14000
[15:09:45.848] [SEVERE ] updating countdown to 13000
[15:09:46.863] [SEVERE ] updating countdown to 12000
[15:09:47.866] [SEVERE ] updating countdown to 11000
[15:09:48.880] [SEVERE ] updating countdown to 10000
[15:09:49.895] [SEVERE ] updating countdown to 9000
[15:09:50.910] [SEVERE ] updating countdown to 8000
[15:09:51.923] [SEVERE ] updating countdown to 7000
[15:09:52.943] [SEVERE ] updating countdown to 6000
[15:09:53.956] [SEVERE ] updating countdown to 5000
[15:09:55.618] [SEVERE ] updating countdown to 4000
[15:09:57.281] [SEVERE ] updating countdown to 3000
[15:09:58.946] [SEVERE ] updating countdown to 2000
[15:10:00.611] [SEVERE ] updating countdown to 1000
[15:10:02.275] [SEVERE ] updating countdown to 0
[15:10:02.275] [SEVERE ] updating countdown to 15000
[15:10:02.291] [SEVERE ] removing card from slot 2
[15:10:02.309] [SEVERE ] removing card from slot 5
[15:10:02.325] [SEVERE ] removing card from slot 6
[15:10:02.341] [SEVERE ] removing card from slot 0
[15:10:02.359] [SEVERE ] removing card from slot 8
[15:10:02.375] [SEVERE ] removing card from slot 4
[15:10:02.392] [SEVERE ] removing card from slot 3
[15:10:02.408] [SEVERE ] removing card from slot 10
[15:10:02.424] [SEVERE ] removing card from slot 7
[15:10:02.442] [SEVERE ] removing card from slot 9
[15:10:02.458] [SEVERE ] removing card from slot 1
[15:10:02.475] [SEVERE ] removing card from slot 11
[15:10:02.491] [SEVERE ] placing card 6 in slot 1
[15:10:02.508] [SEVERE ] placing card 32 in slot 4
[15:10:02.525] [SEVERE ] placing card 20 in slot 8
[15:10:02.542] [SEVERE ] placing card 36 in slot 0
[15:10:02.557] [SEVERE ] placing card 39 in slot 7
[15:10:02.575] [SEVERE ] placing card 48 in slot 9
[15:10:02.591] [SEVERE ] placing card 80 in slot 3
[15:10:02.608] [SEVERE ] placing card 43 in slot 10
[15:10:02.625] [SEVERE ] placing card 71 in slot 5
[15:10:02.641] [SEVERE ] placing card 11 in slot 6
[15:10:02.657] [SEVERE ] placing card 22 in slot 2
[15:10:02.674] [SEVERE ] placing card 41 in slot 11
[15:10:02.676] [SEVERE ] updating countdown to 15000
[15:10:02.678] [SEVERE ] updating countdown to 15000
[15:10:03.700] [SEVERE ] updating countdown to 14000
[15:10:04.704] [SEVERE ] updating countdown to 13000
[15:10:05.720] [SEVERE ] updating countdown to 12000
[15:10:06.735] [SEVERE ] updating countdown to 11000
[15:10:07.750] [SEVERE ] updating countdown to 10000
[15:10:08.767] [SEVERE ] updating countdown to 9000
[15:10:09.783] [SEVERE ] updating countdown to 8000
[15:10:10.798] [SEVERE ] updating countdown to 7000
[15:10:11.813] [SEVERE ] updating countdown to 6000
[15:10:12.829] [SEVERE ] updating countdown to 5000
[15:10:14.491] [SEVERE ] updating countdown to 4000
[15:10:16.155] [SEVERE ] updating countdown to 3000
[15:10:17.819] [SEVERE ] updating countdown to 2000
[15:10:19.484] [SEVERE ] updating countdown to 1000
[15:10:21.148] [SEVERE ] updating countdown to 0
[15:10:21.149] [SEVERE ] updating countdown to 15000
[15:10:21.165] [SEVERE ] removing card from slot 3
[15:10:21.181] [SEVERE ] removing card from slot 11
[15:10:21.199] [SEVERE ] removing card from slot 4
[15:10:21.215] [SEVERE ] removing card from slot 0
[15:10:21.232] [SEVERE ] removing card from slot 9
[15:10:21.248] [SEVERE ] removing card from slot 2
[15:10:21.265] [SEVERE ] removing card from slot 5
[15:10:21.282] [SEVERE ] removing card from slot 10
[15:10:21.298] [SEVERE ] removing card from slot 8
[15:10:21.315] [SEVERE ] removing card from slot 7
[15:10:21.332] [SEVERE ] removing card from slot 1
[15:10:21.348] [SEVERE ] removing card from slot 6
[15:10:21.365] [SEVERE ] placing card 5 in slot 6
[15:10:21.381] [SEVERE ] placing card 56 in slot 8
[15:10:21.398] [SEVERE ] placing card 1 in slot 3
[15:10:21.415] [SEVERE ] placing card 54 in slot 5
[15:10:21.431] [SEVERE ] placing card 46 in slot 7
[15:10:21.448] [SEVERE ] placing card 55 in slot 0
[15:10:21.464] [SEVERE ] placing card 10 in slot 2
[15:10:21.481] [SEVERE ] placing card 50 in slot 11
[15:10:21.498] [SEVERE ] placing card 13 in slot 4
[15:10:21.514] [SEVERE ] placing card 2 in slot 9
[15:10:21.532] [SEVERE ] placing card 38 in slot 1
[15:10:21.547] [SEVERE ] placing card 51 in slot 10
[15:10:21.547] [SEVERE ] updating countdown to 15000
[15:10:21.550] [SEVERE ] updating countdown to 15000
[15:10:22.563] [SEVERE ] updating countdown to 14000
[15:10:23.564] [SEVERE ] updating countdown to 13000
[15:10:24.569] [SEVERE ] key 81 was pressed by player 1
[15:10:24.569] [SEVERE ] player 1 placing token on slot 0
[15:10:24.576] [SEVERE ] updating countdown to 12000
[15:10:25.290] [SEVERE ] key 69 was pressed by player 1
[15:10:25.290] [SEVERE ] player 1 placing token on slot 2
[15:10:25.592] [SEVERE ] updating countdown to 11000
[15:10:26.607] [SEVERE ] updating countdown to 10000
[15:10:27.622] [SEVERE ] updating countdown to 9000
[15:10:28.639] [SEVERE ] updating countdown to 8000
[15:10:28.970] [SEVERE ] key 70 was pressed by player 1
[15:10:28.970] [SEVERE ] player 1 placing token on slot 7
[15:10:28.986] [SEVERE ] removing player 1 token from slot 0
[15:10:28.986] [SEVERE ] removing card from slot 0
[15:10:29.005] [SEVERE ] removing player 1 token from slot 2
[15:10:29.005] [SEVERE ] removing card from slot 2
[15:10:29.023] [SEVERE ] removing player 1 token from slot 7
[15:10:29.023] [SEVERE ] removing card from slot 7
[15:10:29.023] [SEVERE ] setting player 1 freeze to 1000
[15:10:29.038] [SEVERE ] placing card 75 in slot 7
[15:10:29.054] [SEVERE ] placing card 0 in slot 2
[15:10:29.069] [SEVERE ] placing card 18 in slot 0
[15:10:29.069] [SEVERE ] updating countdown to 15000
[15:10:29.653] [SEVERE ] updating countdown to 14000
[15:10:30.028] [SEVERE ] setting player 1 freeze to 0
[15:10:30.028] [SEVERE ] setting player 1 score to 6
[15:10:30.656] [SEVERE ] updating countdown to 13000
[15:10:31.661] [SEVERE ] updating countdown to 12000
[15:10:32.667] [SEVERE ] updating countdown to 11000
[15:10:33.085] [SEVERE ] key 81 was pressed by player 1
[15:10:33.085] [SEVERE ] player 1 placing token on slot 0
[15:10:33.495] [SEVERE ] key 70 was pressed by player 1
[15:10:33.495] [SEVERE ] player 1 placing token on slot 7
[15:10:33.681] [SEVERE ] updating countdown to 10000
[15:10:33.826] [SEVERE ] key 67 was pressed by player 1
[15:10:33.826] [SEVERE ] player 1 placing token on slot 10
[15:10:33.846] [SEVERE ] removing player 1 token from slot 0
[15:10:33.846] [SEVERE ] removing card from slot 0
[15:10:33.864] [SEVERE ] removing player 1 token from slot 7
[15:10:33.864] [SEVERE ] removing card from slot 7
[15:10:33.881] [SEVERE ] removing player 1 token from slot 10
[15:10:33.881] [SEVERE ] removing card from slot 10
[15:10:33.881] [SEVERE ] setting player 1 freeze to 1000
[15:10:33.897] [SEVERE ] placing card 62 in slot 0
[15:10:33.913] [SEVERE ] placing card 34 in slot 7
[15:10:33.930] [SEVERE ] placing card 32 in slot 10
[15:10:33.930] [SEVERE ] updating countdown to 15000
[15:10:34.696] [SEVERE ] updating countdown to 14000
[15:10:34.890] [SEVERE ] setting player 1 freeze to 0
[15:10:34.890] [SEVERE ] setting player 1 score to 7
[15:10:35.710] [SEVERE ] updating countdown to 13000
[15:10:36.620] [SEVERE ] key 81 was pressed by player 1
[15:10:36.620] [SEVERE ] player 1 placing token on slot 0
[15:10:36.713] [SEVERE ] updating countdown to 12000
[15:10:37.119] [SEVERE ] key 88 was pressed by player 1
[15:10:37.119] [SEVERE ] player 1 placing token on slot 9
[15:10:37.238] [SEVERE ] key 67 was pressed by player 1
[15:10:37.238] [SEVERE ] player 1 placing token on slot 10
[15:10:37.256] [SEVERE ] removing player 1 token from slot 0
[15:10:37.256] [SEVERE ] removing card from slot 0
[15:10:37.281] [SEVERE ] removing player 1 token from slot 9
[15:10:37.281] [SEVERE ] removing card from slot 9
[15:10:37.299] [SEVERE ] removing player 1 token from slot 10
[15:10:37.299] [SEVERE ] removing card from slot 10
[15:10:37.299] [SEVERE ] setting player 1 freeze to 1000
[15:10:37.325] [SEVERE ] placing card 19 in slot 10
[15:10:37.342] [SEVERE ] placing card 61 in slot 9
[15:10:37.359] [SEVERE ] placing card 72 in slot 0
[15:10:37.360] [SEVERE ] updating countdown to 15000
[15:10:37.720] [SEVERE ] updating countdown to 14000
[15:10:38.307] [SEVERE ] setting player 1 freeze to 0
[15:10:38.308] [SEVERE ] setting player 1 score to 8
[15:10:38.733] [SEVERE ] updating countdown to 13000
[15:10:39.737] [SEVERE ] updating countdown to 12000
[15:10:40.745] [SEVERE ] updating countdown to 11000
[15:10:41.751] [SEVERE ] updating countdown to 10000
[15:10:42.757] [SEVERE ] updating countdown to 9000
[15:10:43.769] [SEVERE ] updating countdown to 8000
[15:10:44.795] [SEVERE ] updating countdown to 7000
[15:10:45.799] [SEVERE ] updating countdown to 6000
[15:10:46.813] [SEVERE ] updating countdown to 5000
[15:10:48.476] [SEVERE ] updating countdown to 4000
[15:10:50.140] [SEVERE ] updating countdown to 3000
[15:10:51.804] [SEVERE ] updating countdown to 2000
[15:10:53.469] [SEVERE ] updating countdown to 1000
[15:10:55.133] [SEVERE ] updating countdown to 0
[15:10:55.133] [SEVERE ] updating countdown to 15000
[15:10:55.150] [SEVERE ] removing card from slot 10
[15:10:55.166] [SEVERE ] removing card from slot 9
[15:10:55.183] [SEVERE ] removing card from slot 5
[15:10:55.200] [SEVERE ] removing card from slot 4
[15:10:55.216] [SEVERE ] removing card from slot 11
[15:10:55.233] [SEVERE ] removing card from slot 8
[15:10:55.250] [SEVERE ] removing card from slot 3
[15:10:55.266] [SEVERE ] removing card from slot 0
[15:10:55.283] [SEVERE ] removing card from slot 6
[15:10:55.299] [SEVERE ] removing card from slot 7
[15:10:55.316] [SEVERE ] removing card from slot 1
[15:10:55.333] [SEVERE ] removing card from slot 2
[15:10:55.349] [SEVERE ] placing card 24 in slot 11
[15:10:55.366] [SEVERE ] placing card 61 in slot 1
[15:10:55.383] [SEVERE ] placing card 65 in slot 3
[15:10:55.399] [SEVERE ] placing card 21 in slot 7
[15:10:55.416] [SEVERE ] placing card 49 in slot 5
[15:10:55.433] [SEVERE ] placing card 30 in slot 4
[15:10:55.449] [SEVERE ] placing card 0 in slot 2
[15:10:55.466] [SEVERE ] placing card 63 in slot 9
[15:10:55.483] [SEVERE ] placing card 29 in slot 6
[15:10:55.499] [SEVERE ] placing card 45 in slot 0
[15:10:55.516] [SEVERE ] placing card 6 in slot 8
[15:10:55.532] [SEVERE ] placing card 28 in slot 10
[15:10:55.532] [SEVERE ] updating countdown to 15000
[15:10:55.535] [SEVERE ] updating countdown to 15000
[15:10:56.552] [SEVERE ] updating countdown to 14000
[15:10:57.568] [SEVERE ] updating countdown to 13000
[15:10:58.586] [SEVERE ] updating countdown to 12000
[15:10:59.591] [SEVERE ] updating countdown to 11000
[15:11:00.595] [SEVERE ] updating countdown to 10000
[15:11:01.615] [SEVERE ] updating countdown to 9000
[15:11:02.631] [SEVERE ] updating countdown to 8000
[15:11:03.647] [SEVERE ] updating countdown to 7000
[15:11:04.650] [SEVERE ] updating countdown to 6000
[15:11:05.666] [SEVERE ] updating countdown to 5000
[15:11:07.332] [SEVERE ] updating countdown to 4000
[15:11:08.996] [SEVERE ] updating countdown to 3000
[15:11:10.661] [SEVERE ] updating countdown to 2000
[15:11:12.325] [SEVERE ] updating countdown to 1000
[15:11:13.989] [SEVERE ] updating countdown to 0
