[15:06:35.594] [INFO   ] thread main starting.
[15:06:35.615] [SEVERE ] cannot read configuration file config.properties trying from resources.
[15:06:35.619] [SEVERE ] configuration file was loaded from resources directory.
[15:06:36.566] [INFO   ] thread dealer starting.
[15:06:36.568] [INFO   ] Thread dealer starting.
[15:06:36.568] [INFO   ] Thread player0starting.
[15:06:36.568] [INFO   ] Thread player1starting.
[15:06:36.613] [SEVERE ] placing card 23 in slot 4
[15:06:36.645] [SEVERE ] placing card 67 in slot 2
[15:06:36.661] [SEVERE ] placing card 56 in slot 8
[15:06:36.676] [SEVERE ] placing card 48 in slot 11
[15:06:36.692] [SEVERE ] placing card 26 in slot 9
[15:06:36.714] [SEVERE ] placing card 19 in slot 1
[15:06:36.730] [SEVERE ] placing card 61 in slot 3
[15:06:36.746] [SEVERE ] placing card 45 in slot 10
[15:06:36.762] [SEVERE ] placing card 36 in slot 5
[15:06:36.781] [SEVERE ] placing card 71 in slot 0
[15:06:36.797] [SEVERE ] placing card 3 in slot 6
[15:06:36.813] [SEVERE ] placing card 40 in slot 7
[15:06:36.813] [SEVERE ] updating countdown to 15000
[15:06:36.817] [SEVERE ] updating countdown to 15000
[15:06:37.825] [SEVERE ] updating countdown to 14000
[15:06:38.368] [SEVERE ] key 81 was pressed by player 1
[15:06:38.369] [SEVERE ] player 1 placing token on slot 0
[15:06:38.486] [SEVERE ] key 87 was pressed by player 1
[15:06:38.486] [SEVERE ] player 1 placing token on slot 1
[15:06:38.585] [SEVERE ] key 69 was pressed by player 1
[15:06:38.592] [SEVERE ] player 1 placing token on slot 2
[15:06:38.593] [SEVERE ] setting player 1 freeze to 3000
[15:06:38.833] [SEVERE ] updating countdown to 13000
[15:06:39.610] [SEVERE ] setting player 1 freeze to 2000
[15:06:39.835] [SEVERE ] updating countdown to 12000
[15:06:40.271] [SEVERE ] key 44 was pressed by player 2
[15:06:40.271] [SEVERE ] player 2 placing token on slot 9
[15:06:40.616] [SEVERE ] setting player 1 freeze to 1000
[15:06:40.664] [SEVERE ] key 75 was pressed by player 2
[15:06:40.665] [SEVERE ] player 2 placing token on slot 5
[15:06:40.690] [SEVERE ] key 44 was pressed by player 2
[15:06:40.690] [SEVERE ] removing player 2 token from slot 9
[15:06:40.848] [SEVERE ] updating countdown to 11000
[15:06:41.176] [SEVERE ] key 44 was pressed by player 2
[15:06:41.176] [SEVERE ] player 2 placing token on slot 9
[15:06:41.616] [SEVERE ] setting player 1 freeze to 0
[15:06:41.859] [SEVERE ] updating countdown to 10000
[15:06:41.937] [SEVERE ] key 59 was pressed by player 2
[15:06:41.937] [SEVERE ] player 2 placing token on slot 7
[15:06:41.938] [SEVERE ] setting player 2 freeze to 3000
[15:06:42.881] [SEVERE ] updating countdown to 9000
[15:06:42.944] [SEVERE ] setting player 2 freeze to 2000
[15:06:43.888] [SEVERE ] updating countdown to 8000
[15:06:43.959] [SEVERE ] setting player 2 freeze to 1000
[15:06:44.891] [SEVERE ] updating countdown to 7000
[15:06:44.973] [SEVERE ] setting player 2 freeze to 0
[15:06:45.894] [SEVERE ] updating countdown to 6000
[15:06:46.899] [SEVERE ] key 59 was pressed by player 2
[15:06:46.899] [SEVERE ] removing player 2 token from slot 7
[15:06:46.904] [SEVERE ] updating countdown to 5000
[15:06:48.059] [SEVERE ] key 76 was pressed by player 2
[15:06:48.059] [SEVERE ] player 2 placing token on slot 6
[15:06:48.060] [SEVERE ] setting player 2 freeze to 3000
[15:06:48.569] [SEVERE ] updating countdown to 4000
[15:06:49.068] [SEVERE ] setting player 2 freeze to 2000
[15:06:50.083] [SEVERE ] setting player 2 freeze to 1000
[15:06:50.233] [SEVERE ] updating countdown to 3000
[15:06:51.096] [SEVERE ] setting player 2 freeze to 0
[15:06:51.849] [SEVERE ] exit button pressed
[15:06:51.849] [INFO   ] Thread player1 terminated.
[15:06:51.849] [INFO   ] Thread player0 terminated.
[15:06:51.850] [SEVERE ] updating countdown to 15000
[15:06:51.876] [SEVERE ] removing card from slot 11
[15:06:51.899] [SEVERE ] removing card from slot 8
[15:06:51.919] [SEVERE ] removing player 1 token from slot 0
[15:06:51.920] [SEVERE ] removing card from slot 0
[15:06:51.939] [SEVERE ] removing card from slot 4
[15:06:51.960] [SEVERE ] removing player 1 token from slot 1
[15:06:51.961] [SEVERE ] removing card from slot 1
[15:06:51.979] [SEVERE ] removing player 2 token from slot 9
[15:06:51.980] [SEVERE ] removing card from slot 9
[15:06:52.001] [SEVERE ] removing card from slot 7
[15:06:52.022] [SEVERE ] removing player 2 token from slot 6
[15:06:52.022] [SEVERE ] removing card from slot 6
[15:06:52.041] [SEVERE ] removing card from slot 3
[15:06:52.062] [SEVERE ] removing card from slot 10
[15:06:52.083] [SEVERE ] removing player 2 token from slot 5
[15:06:52.084] [SEVERE ] removing card from slot 5
[15:06:52.106] [SEVERE ] removing player 1 token from slot 2
[15:06:52.107] [SEVERE ] removing card from slot 2
[15:06:52.109] [SEVERE ] announcing winner(s): player 1, player 2
[15:06:52.115] [INFO   ] Thread dealer terminated.
[15:06:52.116] [INFO   ] thread dealer terminated.
[15:06:52.117] [SEVERE ] thanks for playing... it was fun!
[15:06:52.117] [INFO   ] thread main terminated.
