[12:08:56.046] [INFO   ] thread main starting.
[12:08:56.061] [SEVERE ] cannot read configuration file config.properties trying from resources.
[12:08:56.064] [SEVERE ] configuration file was loaded from resources directory.
[12:08:56.677] [INFO   ] thread dealer starting.
[12:08:56.682] [INFO   ] Thread dealer starting.
[12:08:56.683] [INFO   ] Thread player0starting.
[12:08:56.683] [INFO   ] Thread player1starting.
[12:08:56.718] [SEVERE ] placing card 74 in slot 7
[12:08:56.750] [SEVERE ] placing card 23 in slot 5
[12:08:56.766] [SEVERE ] placing card 49 in slot 9
[12:08:56.782] [SEVERE ] placing card 19 in slot 2
[12:08:56.798] [SEVERE ] placing card 70 in slot 11
[12:08:56.814] [SEVERE ] placing card 28 in slot 0
[12:08:56.830] [SEVERE ] placing card 51 in slot 1
[12:08:56.846] [SEVERE ] placing card 30 in slot 3
[12:08:56.862] [SEVERE ] placing card 9 in slot 4
[12:08:56.877] [SEVERE ] placing card 4 in slot 8
[12:08:56.893] [SEVERE ] placing card 71 in slot 6
[12:08:56.909] [SEVERE ] placing card 61 in slot 10
[12:08:56.909] [SEVERE ] updating countdown to 20000
[12:08:56.919] [SEVERE ] updating countdown to 20000
[12:08:57.920] [SEVERE ] updating countdown to 19000
[12:08:58.932] [SEVERE ] updating countdown to 18000
[12:08:59.043] [SEVERE ] exit button pressed
[12:08:59.043] [INFO   ] Thread player0 terminated.
[12:08:59.043] [INFO   ] Thread player1 terminated.
[12:08:59.043] [SEVERE ] updating countdown to 17000
[12:09:00.045] [SEVERE ] updating countdown to 16000
[12:09:01.048] [SEVERE ] updating countdown to 15000
[12:09:02.057] [SEVERE ] updating countdown to 14000
[12:09:03.066] [SEVERE ] updating countdown to 13000
[12:09:04.079] [SEVERE ] updating countdown to 12000
[12:09:05.083] [SEVERE ] updating countdown to 11000
[12:09:06.088] [SEVERE ] updating countdown to 10000
[12:09:07.088] [SEVERE ] updating countdown to 9000
[12:09:08.102] [SEVERE ] updating countdown to 8000
