[14:16:57.485] [INFO   ] thread main starting.
[14:16:57.497] [SEVERE ] cannot read configuration file config.properties trying from resources.
[14:16:57.500] [SEVERE ] configuration file was loaded from resources directory.
[14:16:58.111] [INFO   ] thread dealer starting.
[14:16:58.113] [INFO   ] Thread dealer starting.
[14:16:58.114] [INFO   ] Thread player1starting.
[14:16:58.114] [INFO   ] Thread player0starting.
[14:16:58.116] [INFO   ] Thread player1 starting.
[14:16:58.133] [INFO   ] Thread computer-1 starting.
[14:16:58.133] [INFO   ] Thread computer-0 starting.
[14:16:58.133] [INFO   ] Thread player0 starting.
[14:16:58.165] [SEVERE ] placing card 18 in slot 5
[14:16:58.197] [SEVERE ] placing card 37 in slot 8
[14:16:58.213] [SEVERE ] placing card 45 in slot 7
[14:16:58.229] [SEVERE ] placing card 2 in slot 0
[14:16:58.244] [SEVERE ] placing card 59 in slot 3
[14:16:58.260] [SEVERE ] placing card 46 in slot 6
[14:16:58.276] [SEVERE ] placing card 35 in slot 4
[14:16:58.292] [SEVERE ] placing card 67 in slot 10
[14:16:58.307] [SEVERE ] placing card 52 in slot 11
[14:16:58.323] [SEVERE ] placing card 34 in slot 9
[14:16:58.339] [SEVERE ] placing card 26 in slot 1
[14:16:58.355] [SEVERE ] placing card 38 in slot 2
[14:16:58.355] [SEVERE ] updating countdown to 15000
[14:16:58.360] [SEVERE ] updating countdown to 15000
[14:16:58.360] [SEVERE ] player 2 placing token on slot 8
[14:16:58.362] [SEVERE ] player 2 placing token on slot 7
[14:16:58.362] [SEVERE ] player 2 placing token on slot 10
[14:16:58.363] [SEVERE ] player 1 placing token on slot 1
[14:16:58.364] [SEVERE ] player 1 placing token on slot 10
[14:16:58.364] [SEVERE ] player 1 placing token on slot 8
[14:16:59.362] [SEVERE ] updating countdown to 14000
[14:17:00.374] [SEVERE ] updating countdown to 13000
