[15:45:19.933] [INFO   ] thread main starting.
[15:45:19.957] [SEVERE ] cannot read configuration file config.properties trying from resources.
[15:45:19.962] [SEVERE ] configuration file was loaded from resources directory.
[15:45:20.921] [INFO   ] thread dealer starting.
[15:45:20.923] [INFO   ] Thread dealer starting.
[15:45:20.924] [INFO   ] Thread player0starting.
[15:45:20.924] [INFO   ] Thread player1starting.
[15:45:20.955] [SEVERE ] placing card 60 in slot 8
[15:45:21.001] [SEVERE ] placing card 69 in slot 4
[15:45:21.016] [SEVERE ] placing card 51 in slot 11
[15:45:21.032] [SEVERE ] placing card 33 in slot 2
[15:45:21.051] [SEVERE ] placing card 36 in slot 5
[15:45:21.067] [SEVERE ] placing card 2 in slot 0
[15:45:21.083] [SEVERE ] placing card 28 in slot 6
[15:45:21.100] [SEVERE ] placing card 53 in slot 9
[15:45:21.115] [SEVERE ] placing card 73 in slot 3
[15:45:21.131] [SEVERE ] placing card 66 in slot 7
[15:45:21.150] [SEVERE ] placing card 48 in slot 10
[15:45:21.165] [SEVERE ] placing card 39 in slot 1
[15:45:21.166] [SEVERE ] updating countdown to 15000
[15:45:21.180] [SEVERE ] updating countdown to 15000
[15:45:22.196] [SEVERE ] updating countdown to 14000
[15:45:22.560] [SEVERE ] key 81 was pressed by player 1
[15:45:22.560] [SEVERE ] player 1 placing token on slot 0
[15:45:23.203] [SEVERE ] updating countdown to 13000
[15:45:24.160] [SEVERE ] key 82 was pressed by player 1
[15:45:24.160] [SEVERE ] player 1 placing token on slot 3
[15:45:24.212] [SEVERE ] updating countdown to 12000
[15:45:25.037] [SEVERE ] key 83 was pressed by player 1
[15:45:25.037] [SEVERE ] player 1 placing token on slot 5
[15:45:25.056] [SEVERE ] removing player 1 token from slot 0
[15:45:25.056] [SEVERE ] removing card from slot 0
[15:45:25.075] [SEVERE ] removing player 1 token from slot 3
[15:45:25.075] [SEVERE ] removing card from slot 3
[15:45:25.098] [SEVERE ] removing player 1 token from slot 5
[15:45:25.098] [SEVERE ] removing card from slot 5
[15:45:25.098] [SEVERE ] setting player 1 freeze to 1000
[15:45:25.126] [SEVERE ] placing card 3 in slot 5
[15:45:25.144] [SEVERE ] placing card 71 in slot 0
[15:45:25.160] [SEVERE ] placing card 72 in slot 3
[15:45:25.160] [SEVERE ] updating countdown to 15000
[15:45:25.230] [SEVERE ] updating countdown to 14000
[15:45:26.110] [SEVERE ] setting player 1 freeze to 0
[15:45:26.111] [SEVERE ] setting player 1 score to 1
[15:45:26.241] [SEVERE ] updating countdown to 13000
[15:45:27.238] [SEVERE ] key 87 was pressed by player 1
[15:45:27.238] [SEVERE ] player 1 placing token on slot 1
[15:45:27.257] [SEVERE ] updating countdown to 12000
[15:45:28.272] [SEVERE ] updating countdown to 11000
[15:45:29.274] [SEVERE ] updating countdown to 10000
[15:45:30.280] [SEVERE ] updating countdown to 9000
[15:45:31.290] [SEVERE ] updating countdown to 8000
[15:45:32.295] [SEVERE ] updating countdown to 7000
[15:45:33.302] [SEVERE ] updating countdown to 6000
[15:45:34.320] [SEVERE ] updating countdown to 5000
[15:45:35.256] [SEVERE ] key 68 was pressed by player 1
[15:45:35.256] [SEVERE ] player 1 placing token on slot 6
[15:45:35.995] [SEVERE ] updating countdown to 4000
[15:45:37.440] [SEVERE ] key 88 was pressed by player 1
[15:45:37.440] [SEVERE ] player 1 placing token on slot 9
[15:45:37.459] [SEVERE ] removing player 1 token from slot 1
[15:45:37.459] [SEVERE ] removing card from slot 1
[15:45:37.476] [SEVERE ] removing player 1 token from slot 6
[15:45:37.476] [SEVERE ] removing card from slot 6
[15:45:37.494] [SEVERE ] removing player 1 token from slot 9
[15:45:37.494] [SEVERE ] removing card from slot 9
[15:45:37.494] [SEVERE ] setting player 1 freeze to 1000
[15:45:37.510] [SEVERE ] updating countdown to 14990
[15:45:37.510] [SEVERE ] placing card 68 in slot 1
[15:45:37.526] [SEVERE ] placing card 47 in slot 6
[15:45:37.542] [SEVERE ] placing card 20 in slot 9
[15:45:37.543] [SEVERE ] updating countdown to 15000
[15:45:38.502] [SEVERE ] setting player 1 freeze to 0
[15:45:38.502] [SEVERE ] setting player 1 score to 2
[15:45:38.524] [SEVERE ] updating countdown to 13990
[15:45:39.537] [SEVERE ] updating countdown to 12990
[15:45:40.549] [SEVERE ] updating countdown to 11990
[15:45:41.549] [SEVERE ] updating countdown to 10990
[15:45:42.558] [SEVERE ] updating countdown to 9990
[15:45:43.560] [SEVERE ] updating countdown to 8990
[15:45:44.167] [SEVERE ] key 82 was pressed by player 1
[15:45:44.167] [SEVERE ] player 1 placing token on slot 3
[15:45:44.561] [SEVERE ] updating countdown to 7990
[15:45:45.565] [SEVERE ] updating countdown to 6990
[15:45:46.572] [SEVERE ] updating countdown to 5990
[15:45:46.574] [SEVERE ] key 70 was pressed by player 1
[15:45:46.574] [SEVERE ] player 1 placing token on slot 7
[15:45:47.075] [SEVERE ] key 90 was pressed by player 1
[15:45:47.075] [SEVERE ] player 1 placing token on slot 8
[15:45:47.093] [SEVERE ] removing player 1 token from slot 3
[15:45:47.093] [SEVERE ] removing card from slot 3
[15:45:47.112] [SEVERE ] removing player 1 token from slot 7
[15:45:47.112] [SEVERE ] removing card from slot 7
[15:45:47.130] [SEVERE ] removing player 1 token from slot 8
[15:45:47.130] [SEVERE ] removing card from slot 8
[15:45:47.130] [SEVERE ] setting player 1 freeze to 1000
[15:45:47.148] [SEVERE ] placing card 31 in slot 7
[15:45:47.164] [SEVERE ] placing card 74 in slot 3
[15:45:47.180] [SEVERE ] placing card 79 in slot 8
[15:45:47.181] [SEVERE ] updating countdown to 15000
[15:45:47.585] [SEVERE ] updating countdown to 14000
[15:45:48.138] [SEVERE ] setting player 1 freeze to 0
[15:45:48.138] [SEVERE ] setting player 1 score to 3
[15:45:48.589] [SEVERE ] updating countdown to 13000
[15:45:49.596] [SEVERE ] updating countdown to 12000
[15:45:50.599] [SEVERE ] updating countdown to 11000
[15:45:51.412] [SEVERE ] key 81 was pressed by player 1
[15:45:51.412] [SEVERE ] player 1 placing token on slot 0
[15:45:51.482] [SEVERE ] key 87 was pressed by player 1
[15:45:51.482] [SEVERE ] player 1 placing token on slot 1
[15:45:51.540] [SEVERE ] key 69 was pressed by player 1
[15:45:51.541] [SEVERE ] player 1 placing token on slot 2
[15:45:51.541] [SEVERE ] setting player 1 freeze to 3000
[15:45:51.613] [SEVERE ] updating countdown to 10000
[15:45:51.732] [SEVERE ] key 81 was pressed by player 1
[15:45:51.737] [SEVERE ] key 87 was pressed by player 1
[15:45:52.548] [SEVERE ] setting player 1 freeze to 2000
[15:45:52.626] [SEVERE ] updating countdown to 9000
[15:45:52.800] [SEVERE ] key 77 was pressed by player 2
[15:45:52.800] [SEVERE ] player 2 placing token on slot 8
[15:45:52.915] [SEVERE ] key 59 was pressed by player 2
[15:45:52.915] [SEVERE ] player 2 placing token on slot 7
[15:45:52.944] [SEVERE ] key 75 was pressed by player 2
[15:45:52.944] [SEVERE ] player 2 placing token on slot 5
[15:45:52.944] [SEVERE ] setting player 2 freeze to 3000
[15:45:53.133] [SEVERE ] key 59 was pressed by player 2
[15:45:53.145] [SEVERE ] key 76 was pressed by player 2
[15:45:53.287] [SEVERE ] key 44 was pressed by player 2
[15:45:53.556] [SEVERE ] setting player 1 freeze to 1000
[15:45:53.630] [SEVERE ] updating countdown to 8000
[15:45:53.961] [SEVERE ] setting player 2 freeze to 2000
[15:45:54.565] [SEVERE ] setting player 1 freeze to 0
[15:45:54.650] [SEVERE ] updating countdown to 7000
[15:45:54.961] [SEVERE ] setting player 2 freeze to 1000
[15:45:55.651] [SEVERE ] updating countdown to 6000
[15:45:55.802] [SEVERE ] exit button pressed
[15:45:55.802] [INFO   ] Thread player0 terminated.
[15:45:55.803] [SEVERE ] updating countdown to 15000
[15:45:55.817] [SEVERE ] removing player 2 token from slot 5
[15:45:55.817] [SEVERE ] removing card from slot 5
[15:45:55.835] [SEVERE ] removing player 1 token from slot 2
[15:45:55.835] [SEVERE ] removing card from slot 2
[15:45:55.853] [SEVERE ] removing card from slot 3
[15:45:55.872] [SEVERE ] removing card from slot 6
[15:45:55.889] [SEVERE ] removing player 2 token from slot 7
[15:45:55.890] [SEVERE ] removing card from slot 7
[15:45:55.905] [SEVERE ] removing player 1 token from slot 1
[15:45:55.905] [SEVERE ] removing card from slot 1
[15:45:55.928] [SEVERE ] removing card from slot 4
[15:45:55.945] [SEVERE ] removing card from slot 10
[15:45:55.964] [SEVERE ] setting player 2 freeze to 0
[15:45:55.964] [SEVERE ] removing card from slot 9
[15:45:55.964] [INFO   ] Thread player1 terminated.
[15:45:55.983] [SEVERE ] removing card from slot 11
[15:45:56.001] [SEVERE ] removing player 2 token from slot 8
[15:45:56.001] [SEVERE ] removing card from slot 8
[15:45:56.018] [SEVERE ] removing player 1 token from slot 0
[15:45:56.019] [SEVERE ] removing card from slot 0
[15:45:56.020] [SEVERE ] announcing winner(s): player 1
[15:45:56.024] [INFO   ] Thread dealer terminated.
[15:45:56.024] [INFO   ] thread dealer terminated.
[15:45:56.025] [SEVERE ] thanks for playing... it was fun!
[15:45:56.026] [INFO   ] thread main terminated.
