[13:07:58.231] [INFO   ] thread main starting.
[13:07:58.259] [SEVERE ] cannot read configuration file config.properties trying from resources.
[13:07:58.263] [SEVERE ] configuration file was loaded from resources directory.
[13:07:59.335] [INFO   ] thread dealer starting.
[13:07:59.346] [INFO   ] Thread dealer starting.
[13:07:59.350] [INFO   ] Thread player1starting.
[13:07:59.350] [INFO   ] Thread player0starting.
[13:07:59.363] [INFO   ] Thread computer-1 starting.
[13:07:59.378] [INFO   ] Thread computer-0 starting.
[13:07:59.420] [SEVERE ] placing card 16 in slot 10
[13:07:59.467] [SEVERE ] placing card 6 in slot 11
[13:07:59.497] [SEVERE ] placing card 74 in slot 5
[13:07:59.513] [SEVERE ] placing card 65 in slot 2
[13:07:59.529] [SEVERE ] placing card 49 in slot 3
[13:07:59.545] [SEVERE ] placing card 20 in slot 4
[13:07:59.560] [SEVERE ] placing card 56 in slot 7
[13:07:59.577] [SEVERE ] placing card 10 in slot 6
[13:07:59.592] [SEVERE ] placing card 41 in slot 9
[13:07:59.608] [SEVERE ] placing card 78 in slot 0
[13:07:59.624] [SEVERE ] placing card 54 in slot 1
[13:07:59.639] [SEVERE ] placing card 30 in slot 8
[13:07:59.639] [SEVERE ] updating countdown to 15000
[13:07:59.641] [SEVERE ] updating countdown to 15000
[13:07:59.642] [SEVERE ] player 2 placing token on slot 10
[13:07:59.642] [SEVERE ] player 2 placing token on slot 1
[13:07:59.643] [SEVERE ] player 2 placing token on slot 4
[13:07:59.644] [SEVERE ] setting player 2 freeze to 3000
