[12:34:16.962] [INFO   ] thread main starting.
[12:34:16.978] [SEVERE ] cannot read configuration file config.properties trying from resources.
[12:34:16.981] [SEVERE ] configuration file was loaded from resources directory.
[12:34:17.924] [INFO   ] thread dealer starting.
[12:34:17.925] [INFO   ] Thread dealer starting.
[12:34:17.926] [INFO   ] Thread player1starting.
[12:34:17.926] [INFO   ] Thread player0starting.
[12:34:17.962] [SEVERE ] placing card 39 in slot 1
[12:34:17.993] [SEVERE ] placing card 51 in slot 3
[12:34:18.009] [SEVERE ] placing card 77 in slot 7
[12:34:18.024] [SEVERE ] placing card 63 in slot 2
[12:34:18.039] [SEVERE ] placing card 30 in slot 8
[12:34:18.054] [SEVERE ] placing card 24 in slot 6
[12:34:18.069] [SEVERE ] placing card 26 in slot 0
[12:34:18.085] [SEVERE ] placing card 67 in slot 5
[12:34:18.101] [SEVERE ] placing card 23 in slot 11
[12:34:18.116] [SEVERE ] placing card 52 in slot 10
[12:34:18.132] [SEVERE ] placing card 40 in slot 9
[12:34:18.148] [SEVERE ] placing card 80 in slot 4
[12:34:18.149] [SEVERE ] updating countdown to 15000
[12:34:18.161] [SEVERE ] updating countdown to 15000
[12:34:19.174] [SEVERE ] updating countdown to 14000
[12:34:20.176] [SEVERE ] updating countdown to 13000
[12:34:20.315] [SEVERE ] key 69 was pressed by player 1
[12:34:20.316] [SEVERE ] player 1 placing token on slot 2
[12:34:21.181] [SEVERE ] updating countdown to 12000
[12:34:21.821] [SEVERE ] key 68 was pressed by player 1
[12:34:21.821] [SEVERE ] player 1 placing token on slot 6
[12:34:22.190] [SEVERE ] updating countdown to 11000
[12:34:23.198] [SEVERE ] updating countdown to 10000
[12:34:23.455] [SEVERE ] key 90 was pressed by player 1
[12:34:23.456] [SEVERE ] player 1 placing token on slot 8
[12:34:23.482] [SEVERE ] removing player 1 token from slot 2
[12:34:23.482] [SEVERE ] removing card from slot 2
[12:34:23.497] [SEVERE ] removing player 1 token from slot 6
[12:34:23.498] [SEVERE ] removing card from slot 6
[12:34:23.513] [SEVERE ] removing player 1 token from slot 8
[12:34:23.513] [SEVERE ] removing card from slot 8
[12:34:23.513] [SEVERE ] setting player 1 freeze to 1000
[12:34:23.529] [SEVERE ] placing card 61 in slot 8
[12:34:23.545] [SEVERE ] placing card 25 in slot 2
[12:34:23.560] [SEVERE ] placing card 6 in slot 6
[12:34:23.560] [SEVERE ] updating countdown to 15000
[12:34:24.201] [SEVERE ] updating countdown to 14000
[12:34:24.528] [SEVERE ] setting player 1 freeze to 0
[12:34:24.528] [SEVERE ] setting player 1 score to 1
[12:34:25.201] [SEVERE ] updating countdown to 13000
[12:34:26.206] [SEVERE ] updating countdown to 12000
[12:34:27.215] [SEVERE ] updating countdown to 11000
[12:34:28.176] [SEVERE ] key 69 was pressed by player 1
[12:34:28.177] [SEVERE ] player 1 placing token on slot 2
[12:34:28.223] [SEVERE ] updating countdown to 10000
[12:34:28.405] [SEVERE ] key 82 was pressed by player 1
[12:34:28.405] [SEVERE ] player 1 placing token on slot 3
[12:34:29.084] [SEVERE ] key 65 was pressed by player 1
[12:34:29.084] [SEVERE ] player 1 placing token on slot 4
[12:34:29.106] [SEVERE ] removing player 1 token from slot 2
[12:34:29.106] [SEVERE ] removing card from slot 2
[12:34:29.122] [SEVERE ] removing player 1 token from slot 3
[12:34:29.122] [SEVERE ] removing card from slot 3
[12:34:29.137] [SEVERE ] removing player 1 token from slot 4
[12:34:29.137] [SEVERE ] removing card from slot 4
[12:34:29.137] [SEVERE ] setting player 1 freeze to 1000
[12:34:29.153] [SEVERE ] placing card 78 in slot 4
[12:34:29.169] [SEVERE ] placing card 7 in slot 2
[12:34:29.184] [SEVERE ] placing card 1 in slot 3
[12:34:29.184] [SEVERE ] updating countdown to 15000
[12:34:29.231] [SEVERE ] updating countdown to 14000
[12:34:30.142] [SEVERE ] setting player 1 freeze to 0
[12:34:30.142] [SEVERE ] setting player 1 score to 2
[12:34:30.238] [SEVERE ] updating countdown to 13000
[12:34:31.243] [SEVERE ] updating countdown to 12000
[12:34:31.913] [SEVERE ] key 81 was pressed by player 1
[12:34:31.913] [SEVERE ] player 1 placing token on slot 0
[12:34:32.256] [SEVERE ] updating countdown to 11000
[12:34:33.262] [SEVERE ] updating countdown to 10000
[12:34:33.735] [SEVERE ] key 65 was pressed by player 1
[12:34:33.735] [SEVERE ] player 1 placing token on slot 4
[12:34:34.275] [SEVERE ] updating countdown to 9000
[12:34:34.396] [SEVERE ] key 67 was pressed by player 1
[12:34:34.397] [SEVERE ] player 1 placing token on slot 10
[12:34:34.416] [SEVERE ] removing player 1 token from slot 0
[12:34:34.416] [SEVERE ] removing card from slot 0
[12:34:34.432] [SEVERE ] removing player 1 token from slot 4
[12:34:34.432] [SEVERE ] removing card from slot 4
[12:34:34.447] [SEVERE ] removing player 1 token from slot 10
[12:34:34.447] [SEVERE ] removing card from slot 10
[12:34:34.447] [SEVERE ] setting player 1 freeze to 1000
[12:34:34.463] [SEVERE ] placing card 31 in slot 0
[12:34:34.479] [SEVERE ] placing card 42 in slot 4
[12:34:34.495] [SEVERE ] placing card 36 in slot 10
[12:34:34.495] [SEVERE ] updating countdown to 15000
[12:34:35.284] [SEVERE ] updating countdown to 14000
[12:34:35.457] [SEVERE ] setting player 1 freeze to 0
[12:34:35.457] [SEVERE ] setting player 1 score to 3
[12:34:36.292] [SEVERE ] updating countdown to 13000
[12:34:37.298] [SEVERE ] updating countdown to 12000
[12:34:38.300] [SEVERE ] updating countdown to 11000
[12:34:39.314] [SEVERE ] updating countdown to 10000
[12:34:39.372] [SEVERE ] key 81 was pressed by player 1
[12:34:39.372] [SEVERE ] player 1 placing token on slot 0
[12:34:40.324] [SEVERE ] updating countdown to 9000
[12:34:41.330] [SEVERE ] updating countdown to 8000
[12:34:42.338] [SEVERE ] updating countdown to 7000
[12:34:42.610] [SEVERE ] key 82 was pressed by player 1
[12:34:42.611] [SEVERE ] player 1 placing token on slot 3
[12:34:43.341] [SEVERE ] updating countdown to 6000
[12:34:44.356] [SEVERE ] updating countdown to 5000
[12:34:45.927] [SEVERE ] updating countdown to 4000
[12:34:47.501] [SEVERE ] updating countdown to 3000
[12:34:48.541] [SEVERE ] key 90 was pressed by player 1
[12:34:48.541] [SEVERE ] player 1 placing token on slot 8
[12:34:48.558] [SEVERE ] removing player 1 token from slot 0
[12:34:48.558] [SEVERE ] removing card from slot 0
[12:34:48.572] [SEVERE ] removing player 1 token from slot 3
[12:34:48.572] [SEVERE ] removing card from slot 3
[12:34:48.588] [SEVERE ] removing player 1 token from slot 8
[12:34:48.588] [SEVERE ] removing card from slot 8
[12:34:48.588] [SEVERE ] setting player 1 freeze to 1000
[12:34:48.604] [SEVERE ] placing card 79 in slot 8
[12:34:48.604] [SEVERE ] updating countdown to 14990
[12:34:48.620] [SEVERE ] placing card 27 in slot 0
[12:34:48.636] [SEVERE ] placing card 12 in slot 3
[12:34:48.636] [SEVERE ] updating countdown to 15000
[12:34:49.602] [SEVERE ] setting player 1 freeze to 0
[12:34:49.602] [SEVERE ] setting player 1 score to 4
[12:34:49.617] [SEVERE ] updating countdown to 13990
[12:34:50.624] [SEVERE ] updating countdown to 12990
[12:34:51.628] [SEVERE ] updating countdown to 11990
