[12:09:59.563] [INFO   ] thread main starting.
[12:09:59.574] [SEVERE ] cannot read configuration file config.properties trying from resources.
[12:09:59.578] [SEVERE ] configuration file was loaded from resources directory.
[12:10:00.281] [INFO   ] thread dealer starting.
[12:10:00.283] [INFO   ] Thread dealer starting.
[12:10:00.283] [INFO   ] Thread player1starting.
[12:10:00.283] [INFO   ] Thread player0starting.
[12:10:00.315] [SEVERE ] placing card 22 in slot 0
[12:10:00.347] [SEVERE ] placing card 2 in slot 3
[12:10:00.362] [SEVERE ] placing card 28 in slot 7
[12:10:00.378] [SEVERE ] placing card 64 in slot 6
[12:10:00.394] [SEVERE ] placing card 58 in slot 5
[12:10:00.414] [SEVERE ] placing card 68 in slot 2
[12:10:00.440] [SEVERE ] placing card 57 in slot 10
[12:10:00.455] [SEVERE ] placing card 75 in slot 8
[12:10:00.471] [SEVERE ] placing card 45 in slot 4
[12:10:00.487] [SEVERE ] placing card 4 in slot 1
[12:10:00.503] [SEVERE ] placing card 43 in slot 9
[12:10:00.519] [SEVERE ] placing card 51 in slot 11
[12:10:00.519] [SEVERE ] updating countdown to 20000
[12:10:00.522] [SEVERE ] updating countdown to 20000
[12:10:01.534] [SEVERE ] updating countdown to 19000
[12:10:02.549] [SEVERE ] updating countdown to 18000
[12:10:02.998] [SEVERE ] key 81 was pressed by player 1
[12:10:02.998] [SEVERE ] player 1 placing token on slot 0
[12:10:03.151] [SEVERE ] key 87 was pressed by player 1
[12:10:03.152] [SEVERE ] player 1 placing token on slot 1
[12:10:03.205] [SEVERE ] key 69 was pressed by player 1
[12:10:03.205] [SEVERE ] player 1 placing token on slot 2
[12:10:03.206] [SEVERE ] setting player 1 freeze to 3000
[12:10:03.564] [SEVERE ] updating countdown to 17000
[12:10:04.211] [SEVERE ] setting player 1 freeze to 2000
[12:10:04.571] [SEVERE ] updating countdown to 16000
[12:10:05.217] [SEVERE ] setting player 1 freeze to 1000
