[15:07:54.304] [INFO   ] thread main starting.
[15:07:54.324] [SEVERE ] cannot read configuration file config.properties trying from resources.
[15:07:54.329] [SEVERE ] configuration file was loaded from resources directory.
[15:07:55.432] [INFO   ] thread dealer starting.
[15:07:55.434] [INFO   ] Thread dealer starting.
[15:07:55.437] [INFO   ] Thread player0starting.
[15:07:55.437] [INFO   ] Thread player1starting.
[15:07:55.469] [SEVERE ] placing card 31 in slot 6
[15:07:55.517] [SEVERE ] placing card 63 in slot 2
[15:07:55.532] [SEVERE ] placing card 56 in slot 11
[15:07:55.553] [SEVERE ] placing card 52 in slot 7
[15:07:55.568] [SEVERE ] placing card 25 in slot 1
[15:07:55.588] [SEVERE ] placing card 41 in slot 10
[15:07:55.605] [SEVERE ] placing card 34 in slot 0
[15:07:55.621] [SEVERE ] placing card 48 in slot 8
[15:07:55.639] [SEVERE ] placing card 35 in slot 3
[15:07:55.655] [SEVERE ] placing card 47 in slot 9
[15:07:55.673] [SEVERE ] placing card 20 in slot 5
[15:07:55.689] [SEVERE ] placing card 2 in slot 4
[15:07:55.689] [SEVERE ] updating countdown to 15000
[15:07:55.695] [SEVERE ] updating countdown to 15000
[15:07:56.705] [SEVERE ] updating countdown to 14000
[15:07:57.719] [SEVERE ] updating countdown to 13000
[15:07:58.734] [SEVERE ] updating countdown to 12000
[15:07:59.749] [SEVERE ] updating countdown to 11000
