[15:26:57.368] [INFO   ] thread main starting.
[15:26:57.386] [SEVERE ] cannot read configuration file config.properties trying from resources.
[15:26:57.390] [SEVERE ] configuration file was loaded from resources directory.
[15:26:58.447] [INFO   ] thread dealer starting.
[15:26:58.448] [INFO   ] Thread dealer starting.
[15:26:58.449] [INFO   ] Thread player0starting.
[15:26:58.485] [SEVERE ] placing card 1 in slot 8
[15:26:58.516] [SEVERE ] placing card 55 in slot 9
[15:26:58.532] [SEVERE ] placing card 42 in slot 2
[15:26:58.553] [SEVERE ] placing card 33 in slot 6
[15:26:58.569] [SEVERE ] placing card 26 in slot 0
[15:26:58.593] [SEVERE ] placing card 44 in slot 7
[15:26:58.609] [SEVERE ] placing card 46 in slot 1
[15:26:58.625] [SEVERE ] placing card 28 in slot 10
[15:26:58.644] [SEVERE ] placing card 59 in slot 11
[15:26:58.660] [SEVERE ] placing card 29 in slot 4
[15:26:58.677] [SEVERE ] placing card 15 in slot 3
[15:26:58.693] [SEVERE ] placing card 0 in slot 5
[15:26:58.693] [SEVERE ] updating countdown to 15000
[15:26:58.708] [SEVERE ] updating countdown to 15000
[15:26:59.719] [SEVERE ] updating countdown to 14000
[15:27:00.257] [SEVERE ] key 87 was pressed by player 1
[15:27:00.257] [SEVERE ] player 1 placing token on slot 1
[15:27:00.738] [SEVERE ] updating countdown to 13000
[15:27:01.552] [SEVERE ] key 82 was pressed by player 1
[15:27:01.558] [SEVERE ] player 1 placing token on slot 3
[15:27:01.747] [SEVERE ] updating countdown to 12000
[15:27:02.748] [SEVERE ] updating countdown to 11000
[15:27:02.787] [SEVERE ] key 86 was pressed by player 1
[15:27:02.788] [SEVERE ] player 1 placing token on slot 11
[15:27:02.807] [SEVERE ] removing player 1 token from slot 1
[15:27:02.807] [SEVERE ] removing card from slot 1
[15:27:02.825] [SEVERE ] removing player 1 token from slot 3
[15:27:02.826] [SEVERE ] removing card from slot 3
[15:27:02.846] [SEVERE ] removing player 1 token from slot 11
[15:27:02.846] [SEVERE ] removing card from slot 11
[15:27:02.847] [SEVERE ] setting player 1 freeze to 3000
[15:27:02.871] [SEVERE ] placing card 78 in slot 1
[15:27:02.888] [SEVERE ] placing card 38 in slot 3
[15:27:02.904] [SEVERE ] placing card 67 in slot 11
[15:27:02.904] [SEVERE ] updating countdown to 15000
[15:27:03.765] [SEVERE ] updating countdown to 14000
[15:27:03.857] [SEVERE ] setting player 1 freeze to 2000
[15:27:04.780] [SEVERE ] updating countdown to 13000
[15:27:04.871] [SEVERE ] setting player 1 freeze to 1000
[15:27:05.786] [SEVERE ] updating countdown to 12000
[15:27:05.875] [SEVERE ] setting player 1 freeze to 0
[15:27:06.789] [SEVERE ] updating countdown to 11000
[15:27:07.798] [SEVERE ] updating countdown to 10000
[15:27:08.798] [SEVERE ] updating countdown to 9000
[15:27:09.801] [SEVERE ] updating countdown to 8000
[15:27:10.806] [SEVERE ] updating countdown to 7000
[15:27:11.824] [SEVERE ] updating countdown to 6000
[15:27:12.826] [SEVERE ] updating countdown to 5000
[15:27:14.504] [SEVERE ] updating countdown to 4000
[15:27:16.169] [SEVERE ] updating countdown to 3000
[15:27:17.833] [SEVERE ] updating countdown to 2000
[15:27:19.497] [SEVERE ] updating countdown to 1000
[15:27:21.121] [SEVERE ] key 65 was pressed by player 1
[15:27:21.121] [SEVERE ] player 1 placing token on slot 4
[15:27:21.162] [SEVERE ] updating countdown to 0
[15:27:21.163] [SEVERE ] updating countdown to 15000
[15:27:21.178] [SEVERE ] removing card from slot 0
[15:27:21.194] [SEVERE ] removing card from slot 8
[15:27:21.211] [SEVERE ] removing card from slot 3
[15:27:21.228] [SEVERE ] removing player 1 token from slot 4
[15:27:21.229] [SEVERE ] removing card from slot 4
[15:27:21.245] [SEVERE ] removing card from slot 5
[15:27:21.261] [SEVERE ] removing card from slot 11
[15:27:21.278] [SEVERE ] removing card from slot 1
[15:27:21.295] [SEVERE ] removing card from slot 7
[15:27:21.311] [SEVERE ] removing card from slot 2
[15:27:21.328] [SEVERE ] removing card from slot 10
[15:27:21.345] [SEVERE ] removing card from slot 6
[15:27:21.357] [SEVERE ] key 83 was pressed by player 1
[15:27:21.361] [SEVERE ] removing card from slot 9
[15:27:21.378] [SEVERE ] placing card 16 in slot 1
[15:27:21.395] [SEVERE ] placing card 7 in slot 10
[15:27:21.411] [SEVERE ] placing card 65 in slot 4
[15:27:21.428] [SEVERE ] placing card 11 in slot 8
[15:27:21.445] [SEVERE ] placing card 80 in slot 5
[15:27:21.461] [SEVERE ] placing card 0 in slot 9
[15:27:21.478] [SEVERE ] placing card 61 in slot 0
[15:27:21.494] [SEVERE ] placing card 5 in slot 2
[15:27:21.511] [SEVERE ] placing card 12 in slot 6
[15:27:21.527] [SEVERE ] placing card 78 in slot 3
[15:27:21.544] [SEVERE ] placing card 72 in slot 7
[15:27:21.561] [SEVERE ] placing card 40 in slot 11
[15:27:21.562] [SEVERE ] updating countdown to 15000
[15:27:21.564] [SEVERE ] updating countdown to 15000
[15:27:22.571] [SEVERE ] updating countdown to 14000
[15:27:23.004] [SEVERE ] key 65 was pressed by player 1
[15:27:23.004] [SEVERE ] player 1 placing token on slot 4
[15:27:23.208] [SEVERE ] key 83 was pressed by player 1
[15:27:23.209] [SEVERE ] player 1 placing token on slot 5
[15:27:23.584] [SEVERE ] updating countdown to 13000
[15:27:24.594] [SEVERE ] updating countdown to 12000
[15:27:25.078] [SEVERE ] key 88 was pressed by player 1
[15:27:25.078] [SEVERE ] player 1 placing token on slot 9
[15:27:25.078] [SEVERE ] setting player 1 freeze to 3000
[15:27:25.603] [SEVERE ] updating countdown to 11000
[15:27:26.093] [SEVERE ] setting player 1 freeze to 2000
[15:27:26.607] [SEVERE ] updating countdown to 10000
[15:27:27.103] [SEVERE ] setting player 1 freeze to 1000
[15:27:27.625] [SEVERE ] updating countdown to 9000
[15:27:28.118] [SEVERE ] setting player 1 freeze to 0
[15:27:28.628] [SEVERE ] updating countdown to 8000
[15:27:29.632] [SEVERE ] updating countdown to 7000
