[11:21:14.682] [INFO   ] thread main starting.
[11:21:14.703] [SEVERE ] cannot read configuration file config.properties trying from resources.
[11:21:14.708] [SEVERE ] configuration file was loaded from resources directory.
[11:21:15.844] [INFO   ] thread dealer starting.
[11:21:15.845] [INFO   ] Thread dealer starting.
[11:21:15.846] [INFO   ] Thread player1starting.
[11:21:15.846] [INFO   ] Thread player0starting.
[11:21:15.849] [INFO   ] Thread computer-0 starting.
[11:21:15.850] [INFO   ] Thread computer-1 starting.
[11:21:15.877] [SEVERE ] placing card 49 in slot 6
[11:21:15.892] [SEVERE ] placing card 32 in slot 11
[11:21:15.955] [SEVERE ] placing card 38 in slot 8
[11:21:15.971] [SEVERE ] placing card 54 in slot 3
[11:21:15.988] [SEVERE ] placing card 30 in slot 0
[11:21:16.003] [SEVERE ] placing card 24 in slot 1
[11:21:16.019] [SEVERE ] placing card 29 in slot 2
[11:21:16.034] [SEVERE ] placing card 71 in slot 4
[11:21:16.053] [SEVERE ] placing card 21 in slot 7
[11:21:16.068] [SEVERE ] placing card 25 in slot 10
[11:21:16.083] [SEVERE ] placing card 46 in slot 5
[11:21:16.101] [SEVERE ] placing card 27 in slot 9
[11:21:16.101] [SEVERE ] updating countdown to 100
[11:21:16.104] [SEVERE ] player 1 placing token on slot 6
[11:21:16.105] [SEVERE ] updating countdown to 100
[11:21:16.105] [SEVERE ] player 1 placing token on slot 3
[11:21:16.107] [SEVERE ] player 1 placing token on slot 4
[11:21:16.108] [SEVERE ] setting player 1 freeze to 4
[11:21:16.114] [SEVERE ] setting player 1 freeze to 0
[11:21:16.114] [SEVERE ] removing player 1 token from slot 4
[11:21:16.114] [SEVERE ] player 1 placing token on slot 1
[11:21:16.116] [SEVERE ] setting player 1 freeze to 4
[11:21:16.117] [SEVERE ] updating countdown to 90
[11:21:16.122] [SEVERE ] setting player 1 freeze to 0
[11:21:16.123] [SEVERE ] player 2 placing token on slot 5
[11:21:16.124] [SEVERE ] player 2 placing token on slot 4
[11:21:16.125] [SEVERE ] player 2 placing token on slot 10
[11:21:16.127] [SEVERE ] setting player 2 freeze to 4
[11:21:16.129] [SEVERE ] updating countdown to 80
[11:21:16.135] [SEVERE ] setting player 2 freeze to 0
[11:21:16.136] [SEVERE ] removing player 2 token from slot 10
[11:21:16.136] [SEVERE ] player 2 placing token on slot 9
[11:21:16.137] [SEVERE ] setting player 2 freeze to 4
[11:21:16.139] [SEVERE ] updating countdown to 70
[11:21:16.144] [SEVERE ] setting player 2 freeze to 0
[11:21:16.144] [SEVERE ] removing player 1 token from slot 6
[11:21:16.146] [SEVERE ] player 1 placing token on slot 5
[11:21:16.146] [SEVERE ] setting player 1 freeze to 4
[11:21:16.150] [SEVERE ] updating countdown to 60
[11:21:16.152] [SEVERE ] setting player 1 freeze to 0
[11:21:16.152] [SEVERE ] removing player 2 token from slot 9
[11:21:16.153] [SEVERE ] player 2 placing token on slot 11
[11:21:16.154] [SEVERE ] setting player 2 freeze to 4
[11:21:16.160] [SEVERE ] setting player 2 freeze to 0
[11:21:16.160] [SEVERE ] removing player 2 token from slot 4
[11:21:16.160] [SEVERE ] removing player 1 token from slot 1
[11:21:16.160] [SEVERE ] player 1 placing token on slot 11
[11:21:16.163] [SEVERE ] setting player 1 freeze to 4
[11:21:16.163] [SEVERE ] player 2 placing token on slot 1
[11:21:16.164] [SEVERE ] updating countdown to 50
[11:21:16.164] [SEVERE ] setting player 2 freeze to 4
[11:21:16.169] [SEVERE ] setting player 2 freeze to 0
[11:21:16.169] [SEVERE ] setting player 1 freeze to 0
[11:21:16.169] [SEVERE ] removing player 2 token from slot 5
[11:21:16.170] [SEVERE ] player 2 placing token on slot 9
[11:21:16.177] [SEVERE ] setting player 2 freeze to 4
[11:21:16.179] [SEVERE ] updating countdown to 40
[11:21:16.184] [SEVERE ] setting player 2 freeze to 0
[11:21:16.184] [SEVERE ] removing player 1 token from slot 3
[11:21:16.185] [SEVERE ] removing player 1 token from slot 5
[11:21:16.185] [SEVERE ] player 1 placing token on slot 2
[11:21:16.186] [SEVERE ] player 1 placing token on slot 3
[11:21:16.187] [SEVERE ] setting player 1 freeze to 4
[11:21:16.189] [SEVERE ] updating countdown to 30
[11:21:16.193] [SEVERE ] setting player 1 freeze to 0
[11:21:16.193] [SEVERE ] removing player 2 token from slot 11
[11:21:16.194] [SEVERE ] removing player 2 token from slot 9
[11:21:16.194] [SEVERE ] player 2 placing token on slot 3
[11:21:16.195] [SEVERE ] player 2 placing token on slot 11
[11:21:16.196] [SEVERE ] setting player 2 freeze to 4
[11:21:16.200] [SEVERE ] updating countdown to 20
[11:21:16.201] [SEVERE ] setting player 2 freeze to 0
[11:21:16.202] [SEVERE ] removing player 1 token from slot 11
[11:21:16.202] [SEVERE ] player 1 placing token on slot 4
[11:21:16.202] [SEVERE ] setting player 1 freeze to 4
[11:21:16.208] [SEVERE ] setting player 1 freeze to 0
[11:21:16.209] [SEVERE ] removing player 1 token from slot 4
[11:21:16.210] [SEVERE ] player 1 placing token on slot 8
[11:21:16.212] [SEVERE ] setting player 1 freeze to 4
[11:21:16.217] [SEVERE ] setting player 1 freeze to 0
[11:21:16.218] [SEVERE ] removing player 1 token from slot 8
[11:21:16.218] [SEVERE ] player 1 placing token on slot 0
[11:21:16.219] [SEVERE ] setting player 1 freeze to 4
[11:21:16.219] [SEVERE ] removing player 2 token from slot 11
[11:21:16.220] [SEVERE ] player 2 placing token on slot 6
[11:21:16.221] [SEVERE ] setting player 2 freeze to 4
[11:21:16.224] [SEVERE ] setting player 1 freeze to 0
[11:21:16.226] [SEVERE ] setting player 2 freeze to 0
[11:21:16.227] [SEVERE ] removing player 2 token from slot 1
[11:21:16.227] [SEVERE ] player 2 placing token on slot 10
[11:21:16.227] [SEVERE ] updating countdown to 0
[11:21:16.227] [SEVERE ] setting player 2 freeze to 4
[11:21:16.236] [SEVERE ] setting player 2 freeze to 0
[11:21:16.236] [SEVERE ] removing player 1 token from slot 2
[11:21:16.237] [SEVERE ] player 1 placing token on slot 8
[11:21:16.237] [SEVERE ] setting player 1 freeze to 4
[11:21:16.243] [SEVERE ] setting player 1 freeze to 0
[11:21:16.243] [SEVERE ] removing player 2 token from slot 6
[11:21:16.243] [SEVERE ] player 2 placing token on slot 11
[11:21:16.246] [SEVERE ] setting player 2 freeze to 4
[11:21:16.246] [SEVERE ] removing player 1 token from slot 3
[11:21:16.247] [SEVERE ] removing player 1 token from slot 8
[11:21:16.247] [SEVERE ] player 1 placing token on slot 5
[11:21:16.252] [SEVERE ] setting player 2 freeze to 0
[11:21:16.252] [SEVERE ] player 1 placing token on slot 3
[11:21:16.252] [SEVERE ] updating countdown to 100
[11:21:16.262] [SEVERE ] removing player 2 token from slot 10
[11:21:16.262] [SEVERE ] removing card from slot 10
[11:21:16.286] [SEVERE ] removing card from slot 8
[11:21:16.307] [SEVERE ] removing player 1 token from slot 0
[11:21:16.307] [SEVERE ] removing card from slot 0
[11:21:16.329] [SEVERE ] removing card from slot 9
[11:21:16.345] [SEVERE ] removing card from slot 1
[11:21:16.360] [SEVERE ] removing card from slot 6
[11:21:16.376] [SEVERE ] removing card from slot 2
[11:21:16.392] [SEVERE ] removing card from slot 4
[11:21:16.408] [SEVERE ] removing card from slot 7
[11:21:16.426] [SEVERE ] removing player 1 token from slot 5
[11:21:16.427] [SEVERE ] removing card from slot 5
[11:21:16.442] [SEVERE ] removing player 1 token from slot 3
[11:21:16.442] [SEVERE ] removing player 2 token from slot 3
[11:21:16.442] [SEVERE ] removing card from slot 3
[11:21:16.458] [SEVERE ] removing player 2 token from slot 11
[11:21:16.458] [SEVERE ] removing card from slot 11
[11:21:16.475] [SEVERE ] placing card 71 in slot 6
[11:21:16.491] [SEVERE ] placing card 39 in slot 0
[11:21:16.507] [SEVERE ] placing card 47 in slot 2
[11:21:16.522] [SEVERE ] placing card 31 in slot 5
[11:21:16.537] [SEVERE ] placing card 32 in slot 3
[11:21:16.554] [SEVERE ] placing card 55 in slot 8
[11:21:16.570] [SEVERE ] placing card 52 in slot 10
[11:21:16.586] [SEVERE ] placing card 80 in slot 1
[11:21:16.603] [SEVERE ] placing card 10 in slot 4
[11:21:16.619] [SEVERE ] placing card 30 in slot 7
[11:21:16.637] [SEVERE ] placing card 2 in slot 11
[11:21:16.653] [SEVERE ] placing card 45 in slot 9
[11:21:16.653] [SEVERE ] updating countdown to 100
[11:21:16.654] [SEVERE ] updating countdown to 100
[11:21:16.671] [SEVERE ] updating countdown to 90
[11:21:16.686] [SEVERE ] updating countdown to 80
[11:21:16.708] [SEVERE ] updating countdown to 70
[11:21:16.723] [SEVERE ] updating countdown to 60
[11:21:16.738] [SEVERE ] updating countdown to 50
[11:21:16.757] [SEVERE ] updating countdown to 40
[11:21:16.777] [SEVERE ] updating countdown to 30
[11:21:16.800] [SEVERE ] updating countdown to 20
[11:21:16.831] [SEVERE ] updating countdown to 0
