[15:41:20.780] [INFO   ] thread main starting.
[15:41:20.799] [SEVERE ] cannot read configuration file config.properties trying from resources.
[15:41:20.804] [SEVERE ] configuration file was loaded from resources directory.
[15:41:21.790] [INFO   ] thread dealer starting.
[15:41:21.793] [INFO   ] Thread dealer starting.
[15:41:21.793] [INFO   ] Thread player0starting.
[15:41:21.793] [INFO   ] Thread player1starting.
[15:41:21.824] [SEVERE ] placing card 20 in slot 6
[15:41:21.870] [SEVERE ] placing card 51 in slot 0
[15:41:21.886] [SEVERE ] placing card 26 in slot 7
[15:41:21.902] [SEVERE ] placing card 42 in slot 1
[15:41:21.917] [SEVERE ] placing card 4 in slot 5
[15:41:21.933] [SEVERE ] placing card 78 in slot 9
[15:41:21.957] [SEVERE ] placing card 71 in slot 4
[15:41:21.973] [SEVERE ] placing card 64 in slot 2
[15:41:21.988] [SEVERE ] placing card 70 in slot 10
[15:41:22.003] [SEVERE ] placing card 39 in slot 8
[15:41:22.020] [SEVERE ] placing card 61 in slot 3
[15:41:22.036] [SEVERE ] placing card 55 in slot 11
[15:41:22.036] [SEVERE ] updating countdown to 15000
[15:41:22.052] [SEVERE ] updating countdown to 15000
[15:41:23.064] [SEVERE ] updating countdown to 14000
[15:41:23.810] [SEVERE ] key 87 was pressed by player 1
[15:41:23.810] [SEVERE ] player 1 placing token on slot 1
[15:41:24.080] [SEVERE ] updating countdown to 13000
[15:41:25.085] [SEVERE ] updating countdown to 12000
[15:41:25.268] [SEVERE ] key 85 was pressed by player 2
[15:41:25.268] [SEVERE ] player 2 placing token on slot 0
[15:41:26.092] [SEVERE ] updating countdown to 11000
[15:41:26.266] [SEVERE ] key 85 was pressed by player 2
[15:41:26.267] [SEVERE ] removing player 2 token from slot 0
[15:41:26.454] [SEVERE ] key 73 was pressed by player 2
[15:41:26.454] [SEVERE ] player 2 placing token on slot 1
[15:41:27.107] [SEVERE ] updating countdown to 10000
[15:41:28.111] [SEVERE ] updating countdown to 9000
[15:41:28.359] [SEVERE ] key 82 was pressed by player 1
[15:41:28.359] [SEVERE ] player 1 placing token on slot 3
[15:41:28.711] [SEVERE ] key 80 was pressed by player 2
[15:41:28.711] [SEVERE ] player 2 placing token on slot 3
[15:41:29.117] [SEVERE ] updating countdown to 8000
[15:41:30.119] [SEVERE ] updating countdown to 7000
[15:41:31.123] [SEVERE ] updating countdown to 6000
[15:41:32.138] [SEVERE ] updating countdown to 5000
[15:41:33.628] [SEVERE ] key 70 was pressed by player 1
[15:41:33.628] [SEVERE ] player 1 placing token on slot 7
[15:41:33.640] [SEVERE ] removing player 1 token from slot 1
[15:41:33.640] [SEVERE ] removing player 2 token from slot 1
[15:41:33.640] [SEVERE ] removing card from slot 1
[15:41:33.657] [SEVERE ] removing player 1 token from slot 3
[15:41:33.657] [SEVERE ] removing player 2 token from slot 3
[15:41:33.657] [SEVERE ] removing card from slot 3
[15:41:33.673] [SEVERE ] removing player 1 token from slot 7
[15:41:33.673] [SEVERE ] removing card from slot 7
[15:41:33.673] [SEVERE ] setting player 1 freeze to 1000
[15:41:33.678] [SEVERE ] key 59 was pressed by player 2
[15:41:33.690] [SEVERE ] updating countdown to 14990
[15:41:33.690] [SEVERE ] placing card 31 in slot 7
[15:41:33.707] [SEVERE ] placing card 15 in slot 1
[15:41:33.723] [SEVERE ] placing card 38 in slot 3
[15:41:33.724] [SEVERE ] updating countdown to 15000
[15:41:34.676] [SEVERE ] setting player 1 freeze to 0
[15:41:34.676] [SEVERE ] setting player 1 score to 1
[15:41:34.705] [SEVERE ] updating countdown to 13990
[15:41:35.719] [SEVERE ] updating countdown to 12990
[15:41:36.733] [SEVERE ] updating countdown to 11990
[15:41:37.741] [SEVERE ] updating countdown to 10990
[15:41:37.756] [SEVERE ] key 81 was pressed by player 1
[15:41:37.756] [SEVERE ] player 1 placing token on slot 0
[15:41:37.993] [SEVERE ] key 85 was pressed by player 2
[15:41:37.993] [SEVERE ] player 2 placing token on slot 0
[15:41:38.755] [SEVERE ] updating countdown to 9990
[15:41:39.766] [SEVERE ] updating countdown to 8990
[15:41:40.782] [SEVERE ] updating countdown to 7990
[15:41:41.055] [SEVERE ] key 82 was pressed by player 1
[15:41:41.055] [SEVERE ] player 1 placing token on slot 3
[15:41:41.382] [SEVERE ] key 80 was pressed by player 2
[15:41:41.383] [SEVERE ] player 2 placing token on slot 3
[15:41:41.783] [SEVERE ] updating countdown to 6990
[15:41:42.784] [SEVERE ] updating countdown to 5990
[15:41:45.131] [SEVERE ] key 59 was pressed by player 2
[15:41:45.131] [SEVERE ] player 2 placing token on slot 7
[15:41:45.157] [SEVERE ] removing player 1 token from slot 0
[15:41:45.157] [SEVERE ] removing player 2 token from slot 0
[15:41:45.157] [SEVERE ] removing card from slot 0
[15:41:45.173] [SEVERE ] removing player 1 token from slot 3
[15:41:45.173] [SEVERE ] removing player 2 token from slot 3
[15:41:45.173] [SEVERE ] removing card from slot 3
[15:41:45.190] [SEVERE ] removing player 2 token from slot 7
[15:41:45.190] [SEVERE ] removing card from slot 7
[15:41:45.190] [SEVERE ] setting player 2 freeze to 1000
[15:41:45.194] [SEVERE ] key 70 was pressed by player 1
[15:41:45.207] [SEVERE ] placing card 36 in slot 7
[15:41:45.207] [SEVERE ] updating countdown to 14990
[15:41:45.224] [SEVERE ] placing card 50 in slot 3
[15:41:45.240] [SEVERE ] placing card 44 in slot 0
[15:41:45.240] [SEVERE ] updating countdown to 15000
[15:41:46.205] [SEVERE ] setting player 2 freeze to 0
[15:41:46.205] [SEVERE ] setting player 2 score to 1
[15:41:46.222] [SEVERE ] updating countdown to 13990
[15:41:47.236] [SEVERE ] updating countdown to 12990
[15:41:48.252] [SEVERE ] updating countdown to 11990
[15:41:48.293] [SEVERE ] key 81 was pressed by player 1
[15:41:48.293] [SEVERE ] player 1 placing token on slot 0
[15:41:48.514] [SEVERE ] key 87 was pressed by player 1
[15:41:48.514] [SEVERE ] player 1 placing token on slot 1
[15:41:49.254] [SEVERE ] updating countdown to 10990
[15:41:49.563] [SEVERE ] key 67 was pressed by player 1
[15:41:49.563] [SEVERE ] player 1 placing token on slot 10
[15:41:49.582] [SEVERE ] removing player 1 token from slot 0
[15:41:49.582] [SEVERE ] removing card from slot 0
[15:41:49.599] [SEVERE ] removing player 1 token from slot 1
[15:41:49.599] [SEVERE ] removing card from slot 1
[15:41:49.616] [SEVERE ] removing player 1 token from slot 10
[15:41:49.616] [SEVERE ] removing card from slot 10
[15:41:49.616] [SEVERE ] setting player 1 freeze to 1000
[15:41:49.633] [SEVERE ] placing card 56 in slot 0
[15:41:49.651] [SEVERE ] placing card 69 in slot 1
[15:41:49.667] [SEVERE ] placing card 32 in slot 10
[15:41:49.668] [SEVERE ] updating countdown to 15000
[15:41:50.268] [SEVERE ] updating countdown to 14000
[15:41:50.629] [SEVERE ] setting player 1 freeze to 0
[15:41:50.629] [SEVERE ] setting player 1 score to 2
[15:41:51.275] [SEVERE ] updating countdown to 13000
[15:41:52.275] [SEVERE ] updating countdown to 12000
[15:41:53.277] [SEVERE ] updating countdown to 11000
[15:41:53.651] [SEVERE ] key 65 was pressed by player 1
[15:41:53.651] [SEVERE ] player 1 placing token on slot 4
[15:41:54.294] [SEVERE ] updating countdown to 10000
[15:41:54.356] [SEVERE ] key 68 was pressed by player 1
[15:41:54.356] [SEVERE ] player 1 placing token on slot 6
[15:41:55.247] [SEVERE ] key 67 was pressed by player 1
[15:41:55.247] [SEVERE ] player 1 placing token on slot 10
[15:41:55.265] [SEVERE ] removing player 1 token from slot 4
[15:41:55.265] [SEVERE ] removing card from slot 4
[15:41:55.282] [SEVERE ] removing player 1 token from slot 6
[15:41:55.282] [SEVERE ] removing card from slot 6
[15:41:55.300] [SEVERE ] removing player 1 token from slot 10
[15:41:55.300] [SEVERE ] updating countdown to 9000
[15:41:55.300] [SEVERE ] removing card from slot 10
[15:41:55.300] [SEVERE ] setting player 1 freeze to 1000
[15:41:55.319] [SEVERE ] placing card 67 in slot 10
[15:41:55.342] [SEVERE ] placing card 12 in slot 4
[15:41:55.359] [SEVERE ] placing card 17 in slot 6
[15:41:55.359] [SEVERE ] updating countdown to 15000
[15:41:56.312] [SEVERE ] setting player 1 freeze to 0
[15:41:56.312] [SEVERE ] updating countdown to 14000
[15:41:56.312] [SEVERE ] setting player 1 score to 3
[15:41:57.321] [SEVERE ] updating countdown to 13000
[15:41:58.321] [SEVERE ] updating countdown to 12000
