[14:16:39.814] [INFO   ] thread main starting.
[14:16:39.823] [SEVERE ] cannot read configuration file config.properties trying from resources.
[14:16:39.826] [SEVERE ] configuration file was loaded from resources directory.
[14:16:40.440] [INFO   ] thread dealer starting.
[14:16:40.441] [INFO   ] Thread dealer starting.
[14:16:40.441] [INFO   ] Thread player0starting.
[14:16:40.441] [INFO   ] Thread player1starting.
[14:16:40.444] [INFO   ] Thread player0 starting.
[14:16:40.444] [INFO   ] Thread player1 starting.
[14:16:40.469] [SEVERE ] placing card 69 in slot 8
[14:16:40.499] [SEVERE ] placing card 28 in slot 9
[14:16:40.514] [SEVERE ] placing card 58 in slot 2
[14:16:40.529] [SEVERE ] placing card 51 in slot 6
[14:16:40.545] [SEVERE ] placing card 50 in slot 7
[14:16:40.561] [SEVERE ] placing card 64 in slot 4
[14:16:40.576] [SEVERE ] placing card 27 in slot 5
[14:16:40.592] [SEVERE ] placing card 14 in slot 1
[14:16:40.608] [SEVERE ] placing card 15 in slot 0
[14:16:40.624] [SEVERE ] placing card 65 in slot 11
[14:16:40.640] [SEVERE ] placing card 55 in slot 3
[14:16:40.656] [SEVERE ] placing card 0 in slot 10
[14:16:40.656] [SEVERE ] updating countdown to 15000
[14:16:40.659] [SEVERE ] updating countdown to 15000
[14:16:40.659] [SEVERE ] player 1 placing token on slot 1
[14:16:40.659] [SEVERE ] player 1 placing token on slot 6
[14:16:40.660] [SEVERE ] player 1 placing token on slot 7
[14:16:40.661] [SEVERE ] player 2 placing token on slot 1
[14:16:40.661] [SEVERE ] player 2 placing token on slot 5
[14:16:40.661] [SEVERE ] player 2 placing token on slot 2
[14:16:41.661] [SEVERE ] updating countdown to 14000
[14:16:42.674] [SEVERE ] updating countdown to 13000
[14:16:43.683] [SEVERE ] updating countdown to 12000
[14:16:44.690] [SEVERE ] updating countdown to 11000
[14:16:45.700] [SEVERE ] updating countdown to 10000
[14:16:46.708] [SEVERE ] updating countdown to 9000
[14:16:47.723] [SEVERE ] updating countdown to 8000
[14:16:48.734] [SEVERE ] updating countdown to 7000
[14:16:49.742] [SEVERE ] updating countdown to 6000
