[12:11:00.902] [INFO   ] thread main starting.
[12:11:00.916] [SEVERE ] cannot read configuration file config.properties trying from resources.
[12:11:00.919] [SEVERE ] configuration file was loaded from resources directory.
[12:11:01.530] [INFO   ] thread dealer starting.
[12:11:01.543] [INFO   ] Thread dealer starting.
[12:11:01.546] [INFO   ] Thread player0starting.
[12:11:01.546] [INFO   ] Thread player1starting.
[12:11:01.582] [SEVERE ] placing card 66 in slot 2
[12:11:01.598] [SEVERE ] placing card 29 in slot 6
[12:11:01.613] [SEVERE ] placing card 22 in slot 0
[12:11:01.629] [SEVERE ] placing card 5 in slot 9
[12:11:01.645] [SEVERE ] placing card 14 in slot 7
[12:11:01.661] [SEVERE ] placing card 72 in slot 3
[12:11:01.676] [SEVERE ] placing card 32 in slot 10
[12:11:01.692] [SEVERE ] placing card 55 in slot 1
[12:11:01.707] [SEVERE ] placing card 44 in slot 4
[12:11:01.723] [SEVERE ] placing card 53 in slot 11
[12:11:01.739] [SEVERE ] placing card 33 in slot 5
[12:11:01.755] [SEVERE ] placing card 12 in slot 8
[12:11:01.756] [SEVERE ] updating countdown to 20000
[12:11:01.759] [SEVERE ] updating countdown to 20000
[12:11:02.765] [SEVERE ] updating countdown to 19000
[12:11:03.778] [SEVERE ] updating countdown to 18000
[12:11:04.788] [SEVERE ] updating countdown to 17000
