[14:08:30.495] [INFO   ] thread main starting.
[14:08:30.511] [SEVERE ] cannot read configuration file config.properties trying from resources.
[14:08:30.511] [SEVERE ] configuration file was loaded from resources directory.
[14:08:31.103] [INFO   ] thread dealer starting.
[14:08:31.104] [INFO   ] Thread player0starting.
[14:08:31.104] [INFO   ] Thread dealer starting.
[14:08:31.104] [INFO   ] Thread player1starting.
[14:08:31.107] [INFO   ] Thread computer-0 starting.
[14:08:31.107] [INFO   ] Thread computer-1 starting.
[14:08:31.140] [SEVERE ] placing card 33 in slot 5
[14:08:31.171] [SEVERE ] placing card 54 in slot 2
[14:08:31.186] [SEVERE ] placing card 36 in slot 10
[14:08:31.202] [SEVERE ] placing card 38 in slot 1
[14:08:31.218] [SEVERE ] placing card 2 in slot 7
[14:08:31.233] [SEVERE ] placing card 15 in slot 11
[14:08:31.249] [SEVERE ] placing card 48 in slot 8
[14:08:31.265] [SEVERE ] placing card 78 in slot 9
[14:08:31.280] [SEVERE ] placing card 0 in slot 6
[14:08:31.296] [SEVERE ] placing card 75 in slot 0
[14:08:31.311] [SEVERE ] placing card 41 in slot 4
[14:08:31.327] [SEVERE ] placing card 26 in slot 3
[14:08:31.327] [SEVERE ] updating countdown to 15000
[14:08:31.327] [SEVERE ] player 1 placing token on slot 8
[14:08:31.327] [SEVERE ] updating countdown to 15000
[14:08:31.327] [SEVERE ] player 1 placing token on slot 7
[14:08:31.327] [SEVERE ] player 1 placing token on slot 4
[14:08:31.327] [SEVERE ] setting player 1 freeze to 3000
[14:08:32.334] [SEVERE ] setting player 1 freeze to 2000
[14:08:32.334] [SEVERE ] updating countdown to 14000
[14:08:33.178] [SEVERE ] exit button pressed
[14:08:33.178] [INFO   ] Thread computer-1 terminated.
[14:08:33.179] [SEVERE ] updating countdown to 15000
[14:08:33.179] [INFO   ] Thread player1 terminated.
[14:08:33.193] [SEVERE ] removing card from slot 2
[14:08:33.213] [SEVERE ] removing card from slot 10
[14:08:33.229] [SEVERE ] removing player 1 token from slot 7
[14:08:33.229] [SEVERE ] removing card from slot 7
[14:08:33.244] [SEVERE ] removing card from slot 6
[14:08:33.260] [SEVERE ] removing player 1 token from slot 8
[14:08:33.260] [SEVERE ] removing card from slot 8
[14:08:33.276] [SEVERE ] removing card from slot 11
[14:08:33.291] [SEVERE ] removing card from slot 3
[14:08:33.307] [SEVERE ] removing card from slot 1
[14:08:33.323] [SEVERE ] removing card from slot 9
[14:08:33.338] [SEVERE ] removing card from slot 0
[14:08:33.338] [SEVERE ] setting player 1 freeze to 1000
[14:08:33.354] [SEVERE ] removing card from slot 5
[14:08:33.370] [SEVERE ] removing player 1 token from slot 4
[14:08:33.370] [SEVERE ] removing card from slot 4
[14:08:33.370] [SEVERE ] announcing winner(s): player 1, player 2
[14:08:33.370] [INFO   ] Thread dealer terminated.
[14:08:33.370] [INFO   ] thread dealer terminated.
[14:08:33.370] [SEVERE ] thanks for playing... it was fun!
[14:08:33.370] [INFO   ] thread main terminated.
