[12:40:48.055] [INFO   ] thread main starting.
[12:40:48.071] [SEVERE ] cannot read configuration file config.properties trying from resources.
[12:40:48.077] [SEVERE ] configuration file was loaded from resources directory.
[12:40:48.939] [INFO   ] thread dealer starting.
[12:40:48.953] [INFO   ] Thread dealer starting.
[12:40:48.963] [INFO   ] Thread player1starting.
[12:40:48.963] [INFO   ] Thread player0starting.
[12:40:49.001] [SEVERE ] placing card 31 in slot 8
[12:40:49.033] [SEVERE ] placing card 3 in slot 3
[12:40:49.049] [SEVERE ] placing card 45 in slot 4
[12:40:49.064] [SEVERE ] placing card 57 in slot 10
[12:40:49.079] [SEVERE ] placing card 29 in slot 1
[12:40:49.094] [SEVERE ] placing card 38 in slot 0
[12:40:49.110] [SEVERE ] placing card 76 in slot 7
[12:40:49.126] [SEVERE ] placing card 49 in slot 5
[12:40:49.142] [SEVERE ] placing card 35 in slot 9
[12:40:49.158] [SEVERE ] placing card 39 in slot 11
[12:40:49.174] [SEVERE ] placing card 58 in slot 2
[12:40:49.190] [SEVERE ] placing card 48 in slot 6
[12:40:49.190] [SEVERE ] updating countdown to 15000
[12:40:49.204] [SEVERE ] updating countdown to 15000
[12:40:50.215] [SEVERE ] updating countdown to 14000
[12:40:51.224] [SEVERE ] updating countdown to 13000
[12:40:51.432] [SEVERE ] key 81 was pressed by player 1
[12:40:51.433] [SEVERE ] player 1 placing token on slot 0
[12:40:51.555] [SEVERE ] key 87 was pressed by player 1
[12:40:51.556] [SEVERE ] player 1 placing token on slot 1
[12:40:51.578] [SEVERE ] key 69 was pressed by player 1
[12:40:51.579] [SEVERE ] player 1 placing token on slot 2
[12:40:51.579] [SEVERE ] setting player 1 freeze to 3000
[12:40:52.233] [SEVERE ] updating countdown to 12000
[12:40:52.583] [SEVERE ] setting player 1 freeze to 2000
[12:40:53.246] [SEVERE ] updating countdown to 11000
[12:40:53.593] [SEVERE ] setting player 1 freeze to 1000
[12:40:54.250] [SEVERE ] updating countdown to 10000
[12:40:54.596] [SEVERE ] setting player 1 freeze to 0
[12:40:55.257] [SEVERE ] updating countdown to 9000
[12:40:55.706] [SEVERE ] key 81 was pressed by player 1
[12:40:55.707] [SEVERE ] removing player 1 token from slot 0
[12:40:55.850] [SEVERE ] key 87 was pressed by player 1
[12:40:55.850] [SEVERE ] removing player 1 token from slot 1
[12:40:55.871] [SEVERE ] key 69 was pressed by player 1
[12:40:55.871] [SEVERE ] removing player 1 token from slot 2
[12:40:56.261] [SEVERE ] updating countdown to 8000
[12:40:57.269] [SEVERE ] updating countdown to 7000
[12:40:58.280] [SEVERE ] updating countdown to 6000
[12:40:59.291] [SEVERE ] updating countdown to 5000
[12:41:00.859] [SEVERE ] updating countdown to 4000
[12:41:02.436] [SEVERE ] updating countdown to 3000
[12:41:04.007] [SEVERE ] updating countdown to 2000
[12:41:05.584] [SEVERE ] updating countdown to 1000
[12:41:07.162] [SEVERE ] updating countdown to 0
