[14:05:57.290] [INFO   ] thread main starting.
[14:05:57.306] [SEVERE ] cannot read configuration file config.properties trying from resources.
[14:05:57.306] [SEVERE ] configuration file was loaded from resources directory.
[14:05:57.910] [INFO   ] thread dealer starting.
[14:05:57.912] [INFO   ] Thread dealer starting.
[14:05:57.913] [INFO   ] Thread player0starting.
[14:05:57.913] [INFO   ] Thread player1starting.
[14:05:57.917] [INFO   ] Thread computer-0 starting.
[14:05:57.922] [INFO   ] Thread computer-1 starting.
[14:05:57.939] [SEVERE ] placing card 80 in slot 8
[14:05:57.985] [SEVERE ] placing card 76 in slot 10
[14:05:58.001] [SEVERE ] placing card 50 in slot 7
[14:05:58.017] [SEVERE ] placing card 45 in slot 0
[14:05:58.032] [SEVERE ] placing card 67 in slot 11
[14:05:58.048] [SEVERE ] placing card 56 in slot 1
[14:05:58.064] [SEVERE ] placing card 70 in slot 4
[14:05:58.079] [SEVERE ] placing card 23 in slot 9
[14:05:58.095] [SEVERE ] placing card 9 in slot 6
[14:05:58.110] [SEVERE ] placing card 75 in slot 5
[14:05:58.126] [SEVERE ] placing card 58 in slot 2
[14:05:58.142] [SEVERE ] placing card 1 in slot 3
[14:05:58.142] [SEVERE ] updating countdown to 15000
[14:05:58.142] [SEVERE ] player 1 placing token on slot 10
[14:05:58.142] [SEVERE ] updating countdown to 15000
[14:05:58.142] [SEVERE ] player 1 placing token on slot 1
[14:05:58.142] [SEVERE ] player 1 placing token on slot 0
[14:05:58.142] [SEVERE ] setting player 1 freeze to 3000
[14:05:59.157] [SEVERE ] setting player 1 freeze to 2000
[14:05:59.157] [SEVERE ] updating countdown to 14000
[14:05:59.252] [SEVERE ] exit button pressed
[14:05:59.252] [INFO   ] Thread player1 terminated.
[14:05:59.252] [SEVERE ] updating countdown to 15000
[14:05:59.266] [SEVERE ] removing card from slot 2
[14:05:59.286] [SEVERE ] removing player 1 token from slot 1
[14:05:59.286] [SEVERE ] removing card from slot 1
[14:05:59.301] [SEVERE ] removing player 1 token from slot 10
[14:05:59.301] [SEVERE ] removing card from slot 10
[14:05:59.317] [SEVERE ] removing card from slot 4
[14:05:59.332] [SEVERE ] removing player 1 token from slot 0
[14:05:59.332] [SEVERE ] removing card from slot 0
[14:05:59.348] [SEVERE ] removing card from slot 9
[14:05:59.364] [SEVERE ] removing card from slot 11
[14:05:59.380] [SEVERE ] removing card from slot 5
[14:05:59.395] [SEVERE ] removing card from slot 3
[14:05:59.411] [SEVERE ] removing card from slot 7
[14:05:59.427] [SEVERE ] removing card from slot 8
[14:05:59.442] [SEVERE ] removing card from slot 6
[14:05:59.442] [SEVERE ] announcing winner(s): player 1, player 2
[14:05:59.442] [INFO   ] Thread dealer terminated.
[14:05:59.442] [INFO   ] thread dealer terminated.
[14:05:59.442] [SEVERE ] thanks for playing... it was fun!
[14:05:59.442] [INFO   ] thread main terminated.
