[12:32:03.115] [INFO   ] thread main starting.
[12:32:03.132] [SEVERE ] cannot read configuration file config.properties trying from resources.
[12:32:03.135] [SEVERE ] configuration file was loaded from resources directory.
[12:32:03.929] [INFO   ] thread dealer starting.
[12:32:03.932] [INFO   ] Thread dealer starting.
[12:32:03.934] [INFO   ] Thread player1starting.
[12:32:03.934] [INFO   ] Thread player0starting.
[12:32:03.961] [SEVERE ] placing card 60 in slot 7
[12:32:03.993] [SEVERE ] placing card 36 in slot 4
[12:32:04.009] [SEVERE ] placing card 78 in slot 3
[12:32:04.024] [SEVERE ] placing card 42 in slot 1
[12:32:04.040] [SEVERE ] placing card 79 in slot 2
[12:32:04.056] [SEVERE ] placing card 16 in slot 11
[12:32:04.071] [SEVERE ] placing card 7 in slot 0
[12:32:04.087] [SEVERE ] placing card 58 in slot 10
[12:32:04.102] [SEVERE ] placing card 64 in slot 6
[12:32:04.118] [SEVERE ] placing card 69 in slot 8
[12:32:04.134] [SEVERE ] placing card 20 in slot 9
[12:32:04.150] [SEVERE ] placing card 66 in slot 5
[12:32:04.150] [SEVERE ] updating countdown to 15000
[12:32:04.166] [SEVERE ] updating countdown to 15000
[12:32:05.173] [SEVERE ] updating countdown to 14000
[12:32:06.183] [SEVERE ] updating countdown to 13000
[12:32:06.444] [SEVERE ] key 87 was pressed by player 1
[12:32:06.444] [SEVERE ] player 1 placing token on slot 1
[12:32:07.194] [SEVERE ] updating countdown to 12000
[12:32:08.206] [SEVERE ] updating countdown to 11000
[12:32:08.997] [SEVERE ] key 88 was pressed by player 1
[12:32:08.997] [SEVERE ] player 1 placing token on slot 9
[12:32:09.109] [SEVERE ] key 67 was pressed by player 1
[12:32:09.109] [SEVERE ] player 1 placing token on slot 10
[12:32:09.135] [SEVERE ] removing player 1 token from slot 1
[12:32:09.135] [SEVERE ] removing card from slot 1
[12:32:09.151] [SEVERE ] removing player 1 token from slot 9
[12:32:09.151] [SEVERE ] removing card from slot 9
[12:32:09.167] [SEVERE ] removing player 1 token from slot 10
[12:32:09.167] [SEVERE ] removing card from slot 10
[12:32:09.167] [SEVERE ] setting player 1 freeze to 3000
[12:32:09.182] [SEVERE ] placing card 55 in slot 10
[12:32:09.198] [SEVERE ] placing card 48 in slot 1
[12:32:09.214] [SEVERE ] placing card 14 in slot 9
[12:32:09.214] [SEVERE ] updating countdown to 14000
[12:32:09.215] [SEVERE ] updating countdown to 15000
[12:32:10.221] [SEVERE ] updating countdown to 13000
[12:32:11.232] [SEVERE ] updating countdown to 12000
[12:32:12.180] [SEVERE ] setting player 1 freeze to 0
[12:32:12.180] [SEVERE ] setting player 1 score to 1
[12:32:12.242] [SEVERE ] updating countdown to 11000
[12:32:13.256] [SEVERE ] updating countdown to 10000
[12:32:14.258] [SEVERE ] updating countdown to 9000
[12:32:15.269] [SEVERE ] updating countdown to 8000
[12:32:16.279] [SEVERE ] updating countdown to 7000
[12:32:17.290] [SEVERE ] updating countdown to 6000
[12:32:18.300] [SEVERE ] updating countdown to 5000
[12:32:19.498] [SEVERE ] key 82 was pressed by player 1
[12:32:19.498] [SEVERE ] player 1 placing token on slot 3
[12:32:19.873] [SEVERE ] updating countdown to 4000
[12:32:21.443] [SEVERE ] updating countdown to 3000
[12:32:23.015] [SEVERE ] updating countdown to 2000
[12:32:24.029] [SEVERE ] key 70 was pressed by player 1
[12:32:24.030] [SEVERE ] player 1 placing token on slot 7
[12:32:24.542] [SEVERE ] key 90 was pressed by player 1
[12:32:24.542] [SEVERE ] player 1 placing token on slot 8
[12:32:24.555] [SEVERE ] removing player 1 token from slot 3
[12:32:24.555] [SEVERE ] removing card from slot 3
[12:32:24.571] [SEVERE ] removing player 1 token from slot 7
[12:32:24.571] [SEVERE ] removing card from slot 7
[12:32:24.587] [SEVERE ] updating countdown to 1000
[12:32:24.587] [SEVERE ] removing player 1 token from slot 8
[12:32:24.587] [SEVERE ] removing card from slot 8
[12:32:24.588] [SEVERE ] setting player 1 freeze to 3000
[12:32:24.603] [SEVERE ] updating countdown to 14990
[12:32:24.603] [SEVERE ] placing card 25 in slot 8
[12:32:24.619] [SEVERE ] placing card 52 in slot 7
[12:32:24.634] [SEVERE ] placing card 15 in slot 3
[12:32:24.634] [SEVERE ] updating countdown to 15000
[12:32:25.616] [SEVERE ] updating countdown to 13990
[12:32:26.621] [SEVERE ] updating countdown to 12990
[12:32:27.596] [SEVERE ] setting player 1 freeze to 0
[12:32:27.596] [SEVERE ] setting player 1 score to 2
[12:32:27.628] [SEVERE ] updating countdown to 11990
[12:32:28.638] [SEVERE ] updating countdown to 10990
[12:32:29.648] [SEVERE ] updating countdown to 9990
[12:32:30.655] [SEVERE ] updating countdown to 8990
[12:32:31.660] [SEVERE ] updating countdown to 7990
[12:32:32.663] [SEVERE ] updating countdown to 6990
[12:32:33.675] [SEVERE ] updating countdown to 5990
[12:32:36.238] [SEVERE ] updating countdown to 4000
[12:32:37.813] [SEVERE ] updating countdown to 3000
[12:32:39.387] [SEVERE ] updating countdown to 2000
[12:32:40.955] [SEVERE ] updating countdown to 1000
