[15:17:28.619] [INFO   ] thread main starting.
[15:17:28.638] [SEVERE ] cannot read configuration file config.properties trying from resources.
[15:17:28.643] [SEVERE ] configuration file was loaded from resources directory.
[15:17:29.592] [INFO   ] thread dealer starting.
[15:17:29.598] [INFO   ] Thread dealer starting.
[15:17:29.599] [INFO   ] Thread player0starting.
[15:17:29.599] [INFO   ] Thread player1starting.
[15:17:29.641] [SEVERE ] placing card 4 in slot 9
[15:17:29.687] [SEVERE ] placing card 80 in slot 1
[15:17:29.702] [SEVERE ] placing card 37 in slot 3
[15:17:29.718] [SEVERE ] placing card 42 in slot 11
[15:17:29.734] [SEVERE ] placing card 46 in slot 8
[15:17:29.754] [SEVERE ] placing card 21 in slot 5
[15:17:29.770] [SEVERE ] placing card 26 in slot 4
[15:17:29.785] [SEVERE ] placing card 66 in slot 7
[15:17:29.802] [SEVERE ] placing card 1 in slot 0
[15:17:29.820] [SEVERE ] placing card 65 in slot 6
[15:17:29.835] [SEVERE ] placing card 50 in slot 2
[15:17:29.851] [SEVERE ] placing card 39 in slot 10
[15:17:29.851] [SEVERE ] updating countdown to 15000
[15:17:29.870] [SEVERE ] updating countdown to 15000
[15:17:30.888] [SEVERE ] updating countdown to 14000
[15:17:31.467] [SEVERE ] key 81 was pressed by player 1
[15:17:31.467] [SEVERE ] player 1 placing token on slot 0
[15:17:31.572] [SEVERE ] key 87 was pressed by player 1
[15:17:31.572] [SEVERE ] player 1 placing token on slot 1
[15:17:31.899] [SEVERE ] updating countdown to 13000
[15:17:31.990] [SEVERE ] key 67 was pressed by player 1
[15:17:31.990] [SEVERE ] player 1 placing token on slot 10
[15:17:32.008] [SEVERE ] removing player 1 token from slot 0
[15:17:32.008] [SEVERE ] removing card from slot 0
[15:17:32.027] [SEVERE ] removing player 1 token from slot 1
[15:17:32.027] [SEVERE ] removing card from slot 1
[15:17:32.048] [SEVERE ] removing player 1 token from slot 10
[15:17:32.048] [SEVERE ] removing card from slot 10
[15:17:32.049] [SEVERE ] setting player 1 freeze to 1000
[15:17:32.068] [SEVERE ] placing card 51 in slot 0
[15:17:32.084] [SEVERE ] placing card 5 in slot 10
[15:17:32.101] [SEVERE ] placing card 30 in slot 1
[15:17:32.103] [SEVERE ] updating countdown to 15000
[15:17:32.912] [SEVERE ] updating countdown to 14000
[15:17:33.054] [SEVERE ] setting player 1 freeze to 0
[15:17:33.055] [SEVERE ] setting player 1 score to 1
[15:17:33.924] [SEVERE ] updating countdown to 13000
[15:17:34.930] [SEVERE ] updating countdown to 12000
[15:17:34.948] [SEVERE ] key 81 was pressed by player 1
[15:17:34.948] [SEVERE ] player 1 placing token on slot 0
[15:17:35.043] [SEVERE ] key 87 was pressed by player 1
[15:17:35.043] [SEVERE ] player 1 placing token on slot 1
[15:17:35.203] [SEVERE ] key 69 was pressed by player 1
[15:17:35.203] [SEVERE ] player 1 placing token on slot 2
[15:17:35.204] [SEVERE ] setting player 1 freeze to 3000
[15:17:35.940] [SEVERE ] updating countdown to 11000
[15:17:35.998] [SEVERE ] key 74 was pressed by player 2
[15:17:35.998] [SEVERE ] player 2 placing token on slot 4
[15:17:36.133] [SEVERE ] key 75 was pressed by player 2
[15:17:36.133] [SEVERE ] player 2 placing token on slot 5
[15:17:36.214] [SEVERE ] setting player 1 freeze to 2000
[15:17:36.270] [SEVERE ] key 74 was pressed by player 2
[15:17:36.271] [SEVERE ] removing player 2 token from slot 4
[15:17:36.390] [SEVERE ] key 76 was pressed by player 2
[15:17:36.390] [SEVERE ] player 2 placing token on slot 6
[15:17:36.401] [SEVERE ] key 75 was pressed by player 2
[15:17:36.401] [SEVERE ] removing player 2 token from slot 5
[15:17:36.605] [SEVERE ] key 76 was pressed by player 2
[15:17:36.605] [SEVERE ] removing player 2 token from slot 6
[15:17:36.611] [SEVERE ] key 59 was pressed by player 2
[15:17:36.611] [SEVERE ] player 2 placing token on slot 7
[15:17:36.687] [SEVERE ] key 75 was pressed by player 2
[15:17:36.687] [SEVERE ] player 2 placing token on slot 5
[15:17:36.799] [SEVERE ] key 59 was pressed by player 2
[15:17:36.799] [SEVERE ] removing player 2 token from slot 7
[15:17:36.803] [SEVERE ] key 76 was pressed by player 2
[15:17:36.803] [SEVERE ] player 2 placing token on slot 6
[15:17:36.910] [SEVERE ] key 75 was pressed by player 2
[15:17:36.910] [SEVERE ] removing player 2 token from slot 5
[15:17:36.944] [SEVERE ] updating countdown to 10000
[15:17:37.026] [SEVERE ] key 80 was pressed by player 2
[15:17:37.026] [SEVERE ] player 2 placing token on slot 3
[15:17:37.223] [SEVERE ] setting player 1 freeze to 1000
[15:17:37.445] [SEVERE ] key 75 was pressed by player 2
[15:17:37.445] [SEVERE ] player 2 placing token on slot 5
[15:17:37.446] [SEVERE ] setting player 2 freeze to 3000
[15:17:37.544] [SEVERE ] key 59 was pressed by player 2
[15:17:37.738] [SEVERE ] key 75 was pressed by player 2
[15:17:37.875] [SEVERE ] key 59 was pressed by player 2
[15:17:37.951] [SEVERE ] updating countdown to 9000
[15:17:38.214] [SEVERE ] key 75 was pressed by player 2
[15:17:38.232] [SEVERE ] setting player 1 freeze to 0
[15:17:38.377] [SEVERE ] key 59 was pressed by player 2
[15:17:38.454] [SEVERE ] setting player 2 freeze to 2000
[15:17:38.498] [SEVERE ] key 76 was pressed by player 2
[15:17:38.548] [SEVERE ] key 75 was pressed by player 2
[15:17:38.673] [SEVERE ] key 59 was pressed by player 2
[15:17:38.701] [SEVERE ] key 76 was pressed by player 2
[15:17:38.955] [SEVERE ] updating countdown to 8000
[15:17:39.476] [SEVERE ] setting player 2 freeze to 1000
[15:17:39.966] [SEVERE ] updating countdown to 7000
[15:17:40.484] [SEVERE ] setting player 2 freeze to 0
[15:17:40.966] [SEVERE ] updating countdown to 6000
[15:17:41.408] [SEVERE ] key 76 was pressed by player 2
[15:17:41.408] [SEVERE ] removing player 2 token from slot 6
[15:17:41.696] [SEVERE ] key 75 was pressed by player 2
[15:17:41.696] [SEVERE ] removing player 2 token from slot 5
[15:17:41.971] [SEVERE ] updating countdown to 5000
[15:17:42.138] [SEVERE ] key 74 was pressed by player 2
[15:17:42.138] [SEVERE ] player 2 placing token on slot 4
[15:17:42.756] [SEVERE ] key 77 was pressed by player 2
[15:17:42.756] [SEVERE ] player 2 placing token on slot 8
[15:17:42.756] [SEVERE ] setting player 2 freeze to 3000
[15:17:43.257] [SEVERE ] key 44 was pressed by player 2
[15:17:43.634] [SEVERE ] updating countdown to 4000
[15:17:43.767] [SEVERE ] setting player 2 freeze to 2000
[15:17:44.783] [SEVERE ] setting player 2 freeze to 1000
[15:17:45.299] [SEVERE ] updating countdown to 3000
[15:17:45.475] [SEVERE ] key 77 was pressed by player 2
[15:17:45.798] [SEVERE ] setting player 2 freeze to 0
[15:17:46.405] [SEVERE ] key 77 was pressed by player 2
[15:17:46.405] [SEVERE ] removing player 2 token from slot 8
[15:17:46.721] [SEVERE ] key 74 was pressed by player 2
[15:17:46.721] [SEVERE ] removing player 2 token from slot 4
[15:17:46.963] [SEVERE ] updating countdown to 2000
[15:17:47.172] [SEVERE ] key 80 was pressed by player 2
[15:17:47.172] [SEVERE ] removing player 2 token from slot 3
[15:17:48.344] [SEVERE ] key 81 was pressed by player 1
[15:17:48.344] [SEVERE ] removing player 1 token from slot 0
[15:17:48.448] [SEVERE ] key 87 was pressed by player 1
[15:17:48.448] [SEVERE ] removing player 1 token from slot 1
[15:17:48.503] [SEVERE ] key 69 was pressed by player 1
[15:17:48.503] [SEVERE ] removing player 1 token from slot 2
[15:17:48.627] [SEVERE ] updating countdown to 1000
[15:17:50.292] [SEVERE ] updating countdown to 0
[15:17:50.292] [SEVERE ] updating countdown to 15000
[15:17:50.308] [SEVERE ] removing card from slot 7
[15:17:50.325] [SEVERE ] removing card from slot 1
[15:17:50.341] [SEVERE ] removing card from slot 6
[15:17:50.359] [SEVERE ] removing card from slot 4
[15:17:50.375] [SEVERE ] removing card from slot 10
[15:17:50.392] [SEVERE ] removing card from slot 2
[15:17:50.407] [SEVERE ] removing card from slot 9
[15:17:50.424] [SEVERE ] removing card from slot 8
[15:17:50.441] [SEVERE ] removing card from slot 0
[15:17:50.458] [SEVERE ] removing card from slot 3
[15:17:50.475] [SEVERE ] removing card from slot 5
[15:17:50.491] [SEVERE ] removing card from slot 11
[15:17:50.508] [SEVERE ] placing card 24 in slot 10
[15:17:50.525] [SEVERE ] placing card 51 in slot 8
[15:17:50.542] [SEVERE ] placing card 42 in slot 2
[15:17:50.557] [SEVERE ] placing card 69 in slot 3
[15:17:50.575] [SEVERE ] placing card 53 in slot 1
[15:17:50.591] [SEVERE ] placing card 21 in slot 7
[15:17:50.608] [SEVERE ] placing card 35 in slot 6
[15:17:50.625] [SEVERE ] placing card 17 in slot 0
[15:17:50.641] [SEVERE ] placing card 8 in slot 4
[15:17:50.658] [SEVERE ] placing card 33 in slot 9
[15:17:50.675] [SEVERE ] placing card 64 in slot 5
[15:17:50.691] [SEVERE ] placing card 56 in slot 11
[15:17:50.691] [SEVERE ] updating countdown to 15000
[15:17:50.694] [SEVERE ] updating countdown to 15000
[15:17:51.718] [SEVERE ] updating countdown to 14000
[15:17:52.722] [SEVERE ] updating countdown to 13000
[15:17:53.736] [SEVERE ] updating countdown to 12000
[15:17:54.751] [SEVERE ] updating countdown to 11000
[15:17:55.767] [SEVERE ] updating countdown to 10000
[15:17:56.782] [SEVERE ] updating countdown to 9000
[15:17:57.797] [SEVERE ] updating countdown to 8000
[15:17:58.812] [SEVERE ] updating countdown to 7000
[15:17:59.827] [SEVERE ] updating countdown to 6000
[15:18:00.843] [SEVERE ] updating countdown to 5000
[15:18:02.507] [SEVERE ] updating countdown to 4000
[15:18:04.172] [SEVERE ] updating countdown to 3000
[15:18:05.836] [SEVERE ] updating countdown to 2000
[15:18:07.500] [SEVERE ] updating countdown to 1000
[15:18:09.165] [SEVERE ] updating countdown to 0
[15:18:09.165] [SEVERE ] updating countdown to 15000
[15:18:09.181] [SEVERE ] removing card from slot 6
[15:18:09.198] [SEVERE ] removing card from slot 3
[15:18:09.214] [SEVERE ] removing card from slot 11
[15:18:09.231] [SEVERE ] removing card from slot 0
[15:18:09.248] [SEVERE ] removing card from slot 1
[15:18:09.265] [SEVERE ] removing card from slot 10
[15:18:09.281] [SEVERE ] removing card from slot 8
[15:18:09.298] [SEVERE ] removing card from slot 2
[15:18:09.315] [SEVERE ] removing card from slot 4
[15:18:09.331] [SEVERE ] removing card from slot 9
[15:18:09.348] [SEVERE ] removing card from slot 7
[15:18:09.364] [SEVERE ] removing card from slot 5
[15:18:09.381] [SEVERE ] placing card 62 in slot 5
[15:18:09.398] [SEVERE ] placing card 15 in slot 0
[15:18:09.414] [SEVERE ] placing card 20 in slot 1
[15:18:09.431] [SEVERE ] placing card 70 in slot 10
[15:18:09.448] [SEVERE ] placing card 16 in slot 9
[15:18:09.464] [SEVERE ] placing card 10 in slot 6
[15:18:09.481] [SEVERE ] placing card 66 in slot 4
[15:18:09.498] [SEVERE ] placing card 44 in slot 8
[15:18:09.514] [SEVERE ] placing card 45 in slot 7
[15:18:09.529] [SEVERE ] placing card 56 in slot 11
[15:18:09.548] [SEVERE ] placing card 53 in slot 3
[15:18:09.564] [SEVERE ] placing card 32 in slot 2
[15:18:09.564] [SEVERE ] updating countdown to 15000
[15:18:09.567] [SEVERE ] updating countdown to 15000
[15:18:10.580] [SEVERE ] updating countdown to 14000
