[15:48:29.345] [INFO   ] thread main starting.
[15:48:29.345] [SEVERE ] cannot read configuration file config.properties trying from resources.
[15:48:29.361] [SEVERE ] configuration file was loaded from resources directory.
[15:48:29.923] [INFO   ] thread dealer starting.
[15:48:29.923] [INFO   ] Thread dealer starting.
[15:48:29.923] [INFO   ] Thread player0starting.
[15:48:29.923] [INFO   ] Thread player1starting.
[15:48:29.939] [SEVERE ] placing card 30 in slot 7
[15:48:29.939] [SEVERE ] placing card 35 in slot 9
[15:48:29.939] [SEVERE ] placing card 36 in slot 4
[15:48:29.939] [SEVERE ] placing card 67 in slot 8
[15:48:29.955] [SEVERE ] placing card 52 in slot 3
[15:48:29.970] [SEVERE ] placing card 4 in slot 0
[15:48:29.970] [SEVERE ] placing card 37 in slot 2
[15:48:29.970] [SEVERE ] placing card 10 in slot 10
[15:48:29.970] [SEVERE ] placing card 53 in slot 1
[15:48:29.970] [SEVERE ] placing card 2 in slot 11
[15:48:29.970] [SEVERE ] placing card 20 in slot 5
[15:48:29.970] [SEVERE ] placing card 28 in slot 6
[15:48:29.970] [SEVERE ] updating countdown to 3000
[15:48:29.986] [SEVERE ] updating countdown to 3000
[15:48:31.001] [SEVERE ] updating countdown to 2000
[15:48:32.017] [SEVERE ] updating countdown to 1000
[15:48:33.579] [SEVERE ] updating countdown to 0
[15:48:33.579] [SEVERE ] updating countdown to 3000
[15:48:33.579] [SEVERE ] removing card from slot 10
[15:48:33.579] [SEVERE ] removing card from slot 0
[15:48:33.579] [SEVERE ] removing card from slot 9
[15:48:33.579] [SEVERE ] removing card from slot 1
[15:48:33.579] [SEVERE ] removing card from slot 6
[15:48:33.579] [SEVERE ] removing card from slot 7
[15:48:33.579] [SEVERE ] removing card from slot 11
[15:48:33.579] [SEVERE ] removing card from slot 3
[15:48:33.579] [SEVERE ] removing card from slot 5
[15:48:33.579] [SEVERE ] removing card from slot 8
[15:48:33.579] [SEVERE ] removing card from slot 2
[15:48:33.579] [SEVERE ] removing card from slot 4
[15:48:33.579] [SEVERE ] placing card 31 in slot 0
[15:48:33.579] [SEVERE ] placing card 66 in slot 10
[15:48:33.579] [SEVERE ] placing card 42 in slot 9
[15:48:33.579] [SEVERE ] placing card 18 in slot 1
[15:48:33.579] [SEVERE ] placing card 14 in slot 6
[15:48:33.579] [SEVERE ] placing card 64 in slot 2
[15:48:33.579] [SEVERE ] placing card 30 in slot 11
[15:48:33.579] [SEVERE ] placing card 7 in slot 8
[15:48:33.579] [SEVERE ] placing card 46 in slot 3
[15:48:33.579] [SEVERE ] placing card 70 in slot 5
[15:48:33.579] [SEVERE ] placing card 45 in slot 7
[15:48:33.579] [SEVERE ] placing card 20 in slot 4
[15:48:33.579] [SEVERE ] updating countdown to 3000
[15:48:33.579] [SEVERE ] updating countdown to 3000
