[14:19:07.220] [INFO   ] thread main starting.
[14:19:07.235] [SEVERE ] cannot read configuration file config.properties trying from resources.
[14:19:07.260] [SEVERE ] configuration file was loaded from resources directory.
[14:19:08.024] [INFO   ] thread dealer starting.
[14:19:08.063] [INFO   ] Thread dealer starting.
[14:19:08.064] [INFO   ] Thread player1starting.
[14:19:08.064] [INFO   ] Thread player0starting.
[14:19:08.067] [INFO   ] Thread computer-1 starting.
[14:19:08.082] [INFO   ] Thread computer-0 starting.
[14:19:08.108] [SEVERE ] placing card 3 in slot 10
[14:19:08.124] [SEVERE ] placing card 25 in slot 1
[14:19:08.155] [SEVERE ] placing card 24 in slot 7
[14:19:08.171] [SEVERE ] placing card 71 in slot 6
[14:19:08.187] [SEVERE ] placing card 54 in slot 0
[14:19:08.203] [SEVERE ] placing card 27 in slot 9
[14:19:08.218] [SEVERE ] placing card 69 in slot 5
[14:19:08.234] [SEVERE ] placing card 26 in slot 11
[14:19:08.250] [SEVERE ] placing card 45 in slot 2
[14:19:08.266] [SEVERE ] placing card 41 in slot 8
[14:19:08.281] [SEVERE ] placing card 34 in slot 4
[14:19:08.296] [SEVERE ] placing card 43 in slot 3
[14:19:08.296] [SEVERE ] updating countdown to 15000
[14:19:08.301] [SEVERE ] player 2 placing token on slot 8
[14:19:08.301] [SEVERE ] updating countdown to 15000
[14:19:08.302] [SEVERE ] player 2 placing token on slot 2
[14:19:08.302] [SEVERE ] player 2 placing token on slot 0
[14:19:08.303] [SEVERE ] setting player 2 freeze to 3000
[14:19:09.304] [SEVERE ] setting player 2 freeze to 2000
[14:19:09.304] [SEVERE ] updating countdown to 14000
[14:19:10.305] [SEVERE ] updating countdown to 13000
[14:19:10.305] [SEVERE ] setting player 2 freeze to 1000
