[12:41:48.976] [INFO   ] thread main starting.
[12:41:48.987] [SEVERE ] cannot read configuration file config.properties trying from resources.
[12:41:48.993] [SEVERE ] configuration file was loaded from resources directory.
[12:41:49.713] [INFO   ] thread dealer starting.
[12:41:49.715] [INFO   ] Thread dealer starting.
[12:41:49.716] [INFO   ] Thread player1starting.
[12:41:49.716] [INFO   ] Thread player0starting.
[12:41:49.743] [SEVERE ] placing card 29 in slot 1
[12:41:49.816] [SEVERE ] placing card 70 in slot 7
[12:41:49.832] [SEVERE ] placing card 69 in slot 0
[12:41:49.847] [SEVERE ] placing card 45 in slot 11
[12:41:49.862] [SEVERE ] placing card 14 in slot 5
[12:41:49.878] [SEVERE ] placing card 77 in slot 9
[12:41:49.894] [SEVERE ] placing card 12 in slot 2
[12:41:49.909] [SEVERE ] placing card 28 in slot 4
[12:41:49.925] [SEVERE ] placing card 13 in slot 6
[12:41:49.940] [SEVERE ] placing card 24 in slot 10
[12:41:49.956] [SEVERE ] placing card 50 in slot 8
[12:41:49.971] [SEVERE ] placing card 5 in slot 3
[12:41:49.973] [SEVERE ] updating countdown to 15000
[12:41:49.983] [SEVERE ] updating countdown to 15000
[12:41:50.985] [SEVERE ] updating countdown to 14000
[12:41:51.997] [SEVERE ] updating countdown to 13000
[12:41:52.604] [SEVERE ] key 69 was pressed by player 1
[12:41:52.604] [SEVERE ] player 1 placing token on slot 2
[12:41:53.010] [SEVERE ] updating countdown to 12000
[12:41:54.005] [SEVERE ] key 83 was pressed by player 1
[12:41:54.005] [SEVERE ] player 1 placing token on slot 5
[12:41:54.012] [SEVERE ] updating countdown to 11000
[12:41:54.366] [SEVERE ] key 68 was pressed by player 1
[12:41:54.367] [SEVERE ] player 1 placing token on slot 6
[12:41:54.391] [SEVERE ] removing player 1 token from slot 2
[12:41:54.391] [SEVERE ] removing card from slot 2
[12:41:54.407] [SEVERE ] removing player 1 token from slot 5
[12:41:54.407] [SEVERE ] removing card from slot 5
[12:41:54.423] [SEVERE ] removing player 1 token from slot 6
[12:41:54.423] [SEVERE ] removing card from slot 6
[12:41:54.424] [SEVERE ] setting player 1 freeze to 1000
[12:41:54.439] [SEVERE ] placing card 19 in slot 5
[12:41:54.455] [SEVERE ] placing card 75 in slot 2
[12:41:54.471] [SEVERE ] placing card 80 in slot 6
[12:41:54.471] [SEVERE ] updating countdown to 15000
[12:41:55.021] [SEVERE ] updating countdown to 14000
[12:41:55.427] [SEVERE ] setting player 1 freeze to 0
[12:41:55.429] [SEVERE ] setting player 1 score to 1
[12:41:56.026] [SEVERE ] updating countdown to 13000
[12:41:57.033] [SEVERE ] updating countdown to 12000
[12:41:58.040] [SEVERE ] updating countdown to 11000
[12:41:59.047] [SEVERE ] updating countdown to 10000
[12:42:00.056] [SEVERE ] updating countdown to 9000
[12:42:01.065] [SEVERE ] updating countdown to 8000
[12:42:02.075] [SEVERE ] updating countdown to 7000
[12:42:03.086] [SEVERE ] updating countdown to 6000
[12:42:04.102] [SEVERE ] updating countdown to 5000
[12:42:05.667] [SEVERE ] updating countdown to 4000
[12:42:07.242] [SEVERE ] updating countdown to 3000
[12:42:08.818] [SEVERE ] updating countdown to 2000
[12:42:10.389] [SEVERE ] updating countdown to 1000
[12:42:11.965] [SEVERE ] updating countdown to 0
