[11:23:10.179] [INFO   ] thread main starting.
[11:23:10.201] [SEVERE ] cannot read configuration file config.properties trying from resources.
[11:23:10.206] [SEVERE ] configuration file was loaded from resources directory.
[11:23:11.241] [INFO   ] thread dealer starting.
[11:23:11.243] [INFO   ] Thread dealer starting.
[11:23:11.243] [INFO   ] Thread player0starting.
[11:23:11.243] [INFO   ] Thread player1starting.
[11:23:11.246] [INFO   ] Thread computer-0 starting.
[11:23:11.258] [INFO   ] Thread computer-1 starting.
[11:23:11.282] [SEVERE ] placing card 64 in slot 7
[11:23:11.352] [SEVERE ] placing card 44 in slot 0
[11:23:11.380] [SEVERE ] placing card 66 in slot 2
[11:23:11.395] [SEVERE ] placing card 4 in slot 9
[11:23:11.411] [SEVERE ] placing card 49 in slot 10
[11:23:11.426] [SEVERE ] placing card 1 in slot 5
[11:23:11.442] [SEVERE ] placing card 55 in slot 4
[11:23:11.461] [SEVERE ] placing card 54 in slot 1
[11:23:11.477] [SEVERE ] placing card 76 in slot 11
[11:23:11.493] [SEVERE ] placing card 42 in slot 3
[11:23:11.511] [SEVERE ] placing card 2 in slot 6
[11:23:11.528] [SEVERE ] placing card 20 in slot 8
[11:23:11.528] [SEVERE ] updating countdown to 100
[11:23:11.532] [SEVERE ] player 1 placing token on slot 11
[11:23:11.534] [SEVERE ] updating countdown to 100
[11:23:11.534] [SEVERE ] player 1 placing token on slot 1
[11:23:11.535] [SEVERE ] player 1 placing token on slot 2
[11:23:11.536] [SEVERE ] setting player 1 freeze to 4
[11:23:11.542] [SEVERE ] setting player 1 freeze to 0
[11:23:11.543] [SEVERE ] player 2 placing token on slot 5
[11:23:11.543] [SEVERE ] player 2 placing token on slot 2
[11:23:11.544] [SEVERE ] player 2 placing token on slot 1
[11:23:11.545] [SEVERE ] setting player 2 freeze to 4
[11:23:11.552] [SEVERE ] setting player 2 freeze to 0
[11:23:11.552] [SEVERE ] removing player 1 token from slot 1
[11:23:11.553] [SEVERE ] player 1 placing token on slot 4
[11:23:11.559] [SEVERE ] updating countdown to 90
[11:23:11.559] [SEVERE ] setting player 1 freeze to 4
[11:23:11.565] [SEVERE ] setting player 1 freeze to 0
[11:23:11.565] [SEVERE ] removing player 1 token from slot 4
[11:23:11.566] [SEVERE ] player 1 placing token on slot 9
[11:23:11.567] [SEVERE ] setting player 1 freeze to 4
[11:23:11.573] [SEVERE ] setting player 1 freeze to 0
[11:23:11.573] [SEVERE ] removing player 1 token from slot 9
[11:23:11.573] [SEVERE ] removing player 2 token from slot 1
[11:23:11.573] [SEVERE ] player 1 placing token on slot 7
[11:23:11.575] [SEVERE ] updating countdown to 80
[11:23:11.575] [SEVERE ] setting player 1 freeze to 4
[11:23:11.581] [SEVERE ] setting player 1 freeze to 0
[11:23:11.582] [SEVERE ] player 2 placing token on slot 0
[11:23:11.583] [SEVERE ] setting player 2 freeze to 4
[11:23:11.589] [SEVERE ] setting player 2 freeze to 0
[11:23:11.589] [SEVERE ] removing player 2 token from slot 0
[11:23:11.589] [SEVERE ] player 2 placing token on slot 6
[11:23:11.591] [SEVERE ] updating countdown to 70
[11:23:11.591] [SEVERE ] setting player 2 freeze to 4
[11:23:11.597] [SEVERE ] setting player 2 freeze to 0
[11:23:11.598] [SEVERE ] removing player 1 token from slot 2
[11:23:11.598] [SEVERE ] removing player 1 token from slot 11
[11:23:11.598] [SEVERE ] player 1 placing token on slot 0
[11:23:11.599] [SEVERE ] player 1 placing token on slot 2
[11:23:11.599] [SEVERE ] setting player 1 freeze to 4
[11:23:11.607] [SEVERE ] updating countdown to 60
[11:23:11.610] [SEVERE ] setting player 1 freeze to 0
[11:23:11.610] [SEVERE ] removing player 2 token from slot 6
[11:23:11.611] [SEVERE ] player 2 placing token on slot 4
[11:23:11.611] [SEVERE ] setting player 2 freeze to 4
[11:23:11.617] [SEVERE ] updating countdown to 50
[11:23:11.618] [SEVERE ] setting player 2 freeze to 0
[11:23:11.618] [SEVERE ] removing player 1 token from slot 2
[11:23:11.619] [SEVERE ] removing player 2 token from slot 2
[11:23:11.619] [SEVERE ] player 1 placing token on slot 8
[11:23:11.620] [SEVERE ] setting player 1 freeze to 4
[11:23:11.626] [SEVERE ] setting player 1 freeze to 0
[11:23:11.626] [SEVERE ] removing player 1 token from slot 8
[11:23:11.627] [SEVERE ] removing player 1 token from slot 7
[11:23:11.627] [SEVERE ] player 1 placing token on slot 2
[11:23:11.628] [SEVERE ] player 2 placing token on slot 0
[11:23:11.629] [SEVERE ] setting player 2 freeze to 4
[11:23:11.630] [SEVERE ] updating countdown to 40
[11:23:11.634] [SEVERE ] setting player 2 freeze to 0
[11:23:11.634] [SEVERE ] player 1 placing token on slot 8
[11:23:11.635] [SEVERE ] setting player 1 freeze to 4
[11:23:11.640] [SEVERE ] setting player 1 freeze to 0
[11:23:11.640] [SEVERE ] removing player 1 token from slot 8
[11:23:11.641] [SEVERE ] player 1 placing token on slot 3
[11:23:11.642] [SEVERE ] setting player 1 freeze to 4
[11:23:11.643] [SEVERE ] updating countdown to 30
[11:23:11.647] [SEVERE ] setting player 1 freeze to 0
[11:23:11.647] [SEVERE ] removing player 2 token from slot 5
[11:23:11.648] [SEVERE ] removing player 2 token from slot 0
[11:23:11.648] [SEVERE ] player 2 placing token on slot 1
[11:23:11.648] [SEVERE ] player 2 placing token on slot 5
[11:23:11.648] [SEVERE ] setting player 2 freeze to 4
[11:23:11.653] [SEVERE ] updating countdown to 20
[11:23:11.655] [SEVERE ] setting player 2 freeze to 0
[11:23:11.655] [SEVERE ] removing player 2 token from slot 4
[11:23:11.656] [SEVERE ] removing player 1 token from slot 3
[11:23:11.656] [SEVERE ] player 2 placing token on slot 7
[11:23:11.657] [SEVERE ] setting player 2 freeze to 4
[11:23:11.663] [SEVERE ] setting player 2 freeze to 0
[11:23:11.663] [SEVERE ] player 1 placing token on slot 5
[11:23:11.663] [SEVERE ] setting player 1 freeze to 4
[11:23:11.670] [SEVERE ] setting player 1 freeze to 0
[11:23:11.670] [SEVERE ] removing player 2 token from slot 1
[11:23:11.670] [SEVERE ] player 2 placing token on slot 8
[11:23:11.671] [SEVERE ] setting player 2 freeze to 4
[11:23:11.677] [SEVERE ] setting player 2 freeze to 0
[11:23:11.677] [SEVERE ] removing player 2 token from slot 7
[11:23:11.677] [SEVERE ] player 2 placing token on slot 11
[11:23:11.679] [SEVERE ] setting player 2 freeze to 4
[11:23:11.679] [SEVERE ] removing player 1 token from slot 0
[11:23:11.680] [SEVERE ] updating countdown to 0
[11:23:11.680] [SEVERE ] player 1 placing token on slot 1
[11:23:11.681] [SEVERE ] setting player 1 freeze to 4
[11:23:11.685] [SEVERE ] setting player 2 freeze to 0
[11:23:11.685] [SEVERE ] setting player 1 freeze to 0
[11:23:11.685] [SEVERE ] removing player 2 token from slot 8
[11:23:11.685] [SEVERE ] removing player 2 token from slot 5
[11:23:11.685] [SEVERE ] removing player 2 token from slot 11
[11:23:11.685] [SEVERE ] player 2 placing token on slot 8
[11:23:11.686] [SEVERE ] player 2 placing token on slot 5
[11:23:11.686] [SEVERE ] player 2 placing token on slot 11
[11:23:11.686] [SEVERE ] setting player 2 freeze to 4
[11:23:11.692] [SEVERE ] setting player 2 freeze to 0
[11:23:11.692] [SEVERE ] removing player 2 token from slot 11
[11:23:11.692] [SEVERE ] player 2 placing token on slot 10
[11:23:11.693] [SEVERE ] updating countdown to 100
[11:23:11.712] [SEVERE ] removing card from slot 4
[11:23:11.728] [SEVERE ] removing player 2 token from slot 8
[11:23:11.729] [SEVERE ] removing card from slot 8
[11:23:11.745] [SEVERE ] removing player 1 token from slot 5
[11:23:11.746] [SEVERE ] removing player 2 token from slot 5
[11:23:11.747] [SEVERE ] removing card from slot 5
[11:23:11.760] [SEVERE ] removing card from slot 6
[11:23:11.777] [SEVERE ] removing player 2 token from slot 10
[11:23:11.779] [SEVERE ] removing card from slot 10
[11:23:11.793] [SEVERE ] removing player 1 token from slot 2
[11:23:11.795] [SEVERE ] removing card from slot 2
[11:23:11.808] [SEVERE ] removing card from slot 11
[11:23:11.828] [SEVERE ] removing card from slot 0
[11:23:11.845] [SEVERE ] removing card from slot 9
[11:23:11.860] [SEVERE ] removing player 1 token from slot 1
[11:23:11.860] [SEVERE ] removing card from slot 1
[11:23:11.876] [SEVERE ] removing card from slot 3
[11:23:11.893] [SEVERE ] removing card from slot 7
[11:23:11.909] [SEVERE ] placing card 14 in slot 3
[11:23:11.924] [SEVERE ] placing card 64 in slot 9
[11:23:11.945] [SEVERE ] placing card 53 in slot 11
[11:23:11.960] [SEVERE ] placing card 5 in slot 0
[11:23:11.977] [SEVERE ] placing card 17 in slot 2
[11:23:11.992] [SEVERE ] placing card 32 in slot 6
[11:23:12.008] [SEVERE ] placing card 75 in slot 1
[11:23:12.025] [SEVERE ] placing card 30 in slot 4
[11:23:12.045] [SEVERE ] placing card 33 in slot 5
[11:23:12.060] [SEVERE ] placing card 34 in slot 8
[11:23:12.077] [SEVERE ] placing card 59 in slot 7
[11:23:12.092] [SEVERE ] placing card 19 in slot 10
[11:23:12.092] [SEVERE ] updating countdown to 100
[11:23:12.093] [SEVERE ] updating countdown to 100
[11:23:12.110] [SEVERE ] updating countdown to 90
[11:23:12.128] [SEVERE ] updating countdown to 80
[11:23:12.143] [SEVERE ] updating countdown to 70
[11:23:12.165] [SEVERE ] updating countdown to 60
[11:23:12.181] [SEVERE ] updating countdown to 50
[11:23:12.197] [SEVERE ] updating countdown to 40
[11:23:12.212] [SEVERE ] updating countdown to 30
[11:23:12.233] [SEVERE ] updating countdown to 20
[11:23:12.272] [SEVERE ] updating countdown to 0
