[14:04:33.660] [INFO   ] thread main starting.
[14:04:33.676] [SEVERE ] cannot read configuration file config.properties trying from resources.
[14:04:33.691] [SEVERE ] configuration file was loaded from resources directory.
[14:04:34.373] [INFO   ] thread dealer starting.
[14:04:34.374] [INFO   ] Thread dealer starting.
[14:04:34.374] [INFO   ] Thread player0starting.
[14:04:34.374] [INFO   ] Thread player1starting.
[14:04:34.379] [INFO   ] Thread computer-1 starting.
[14:04:34.379] [INFO   ] Thread computer-0 starting.
[14:04:34.404] [SEVERE ] placing card 6 in slot 9
[14:04:34.450] [SEVERE ] placing card 79 in slot 6
[14:04:34.466] [SEVERE ] placing card 21 in slot 1
[14:04:34.482] [SEVERE ] placing card 4 in slot 11
[14:04:34.497] [SEVERE ] placing card 39 in slot 5
[14:04:34.513] [SEVERE ] placing card 30 in slot 7
[14:04:34.528] [SEVERE ] placing card 29 in slot 2
[14:04:34.544] [SEVERE ] placing card 16 in slot 4
[14:04:34.560] [SEVERE ] placing card 43 in slot 10
[14:04:34.575] [SEVERE ] placing card 33 in slot 3
[14:04:34.591] [SEVERE ] placing card 57 in slot 8
[14:04:34.607] [SEVERE ] placing card 66 in slot 0
[14:04:34.607] [SEVERE ] updating countdown to 15000
[14:04:34.607] [SEVERE ] updating countdown to 15000
[14:04:34.607] [SEVERE ] player 2 placing token on slot 5
[14:04:34.607] [SEVERE ] player 2 placing token on slot 2
[14:04:34.607] [SEVERE ] player 2 placing token on slot 3
[14:04:35.622] [SEVERE ] updating countdown to 14000
[14:04:36.637] [SEVERE ] updating countdown to 13000
[14:04:37.653] [SEVERE ] updating countdown to 12000
[14:04:38.666] [SEVERE ] updating countdown to 11000
[14:04:39.681] [SEVERE ] updating countdown to 10000
[14:04:40.697] [SEVERE ] updating countdown to 9000
[14:04:41.712] [SEVERE ] updating countdown to 8000
[14:04:42.727] [SEVERE ] updating countdown to 7000
[14:04:43.734] [SEVERE ] updating countdown to 6000
