[12:37:14.124] [INFO   ] thread main starting.
[12:37:14.159] [SEVERE ] cannot read configuration file config.properties trying from resources.
[12:37:14.165] [SEVERE ] configuration file was loaded from resources directory.
[12:37:14.882] [INFO   ] thread dealer starting.
[12:37:14.884] [INFO   ] Thread dealer starting.
[12:37:14.884] [INFO   ] Thread player0starting.
[12:37:14.884] [INFO   ] Thread player1starting.
[12:37:14.915] [SEVERE ] placing card 43 in slot 11
[12:37:14.946] [SEVERE ] placing card 66 in slot 0
[12:37:14.962] [SEVERE ] placing card 51 in slot 4
[12:37:14.977] [SEVERE ] placing card 16 in slot 5
[12:37:14.993] [SEVERE ] placing card 54 in slot 6
[12:37:15.008] [SEVERE ] placing card 74 in slot 7
[12:37:15.024] [SEVERE ] placing card 2 in slot 2
[12:37:15.040] [SEVERE ] placing card 44 in slot 9
[12:37:15.056] [SEVERE ] placing card 80 in slot 8
[12:37:15.072] [SEVERE ] placing card 68 in slot 3
[12:37:15.088] [SEVERE ] placing card 41 in slot 10
[12:37:15.103] [SEVERE ] placing card 78 in slot 1
[12:37:15.103] [SEVERE ] updating countdown to 15000
[12:37:15.118] [SEVERE ] updating countdown to 15000
[12:37:16.124] [SEVERE ] updating countdown to 14000
[12:37:16.972] [SEVERE ] key 81 was pressed by player 1
[12:37:16.973] [SEVERE ] player 1 placing token on slot 0
[12:37:17.136] [SEVERE ] updating countdown to 13000
[12:37:17.182] [SEVERE ] key 87 was pressed by player 1
[12:37:17.182] [SEVERE ] player 1 placing token on slot 1
[12:37:18.148] [SEVERE ] updating countdown to 12000
[12:37:19.151] [SEVERE ] updating countdown to 11000
[12:37:20.161] [SEVERE ] updating countdown to 10000
[12:37:21.173] [SEVERE ] updating countdown to 9000
[12:37:22.182] [SEVERE ] updating countdown to 8000
[12:37:23.193] [SEVERE ] updating countdown to 7000
[12:37:24.198] [SEVERE ] updating countdown to 6000
[12:37:25.201] [SEVERE ] updating countdown to 5000
[12:37:25.669] [SEVERE ] key 68 was pressed by player 1
[12:37:25.670] [SEVERE ] player 1 placing token on slot 6
[12:37:25.670] [SEVERE ] updating countdown to 15000
[12:37:25.683] [SEVERE ] removing player 1 token from slot 0
[12:37:25.683] [SEVERE ] removing card from slot 0
[12:37:25.699] [SEVERE ] removing player 1 token from slot 1
[12:37:25.699] [SEVERE ] removing card from slot 1
[12:37:25.715] [SEVERE ] removing player 1 token from slot 6
[12:37:25.715] [SEVERE ] removing card from slot 6
[12:37:25.715] [SEVERE ] setting player 1 freeze to 1000
[12:37:25.731] [SEVERE ] updating countdown to 14990
[12:37:25.731] [SEVERE ] placing card 50 in slot 0
[12:37:25.747] [SEVERE ] placing card 34 in slot 1
[12:37:25.763] [SEVERE ] placing card 65 in slot 6
[12:37:25.764] [SEVERE ] updating countdown to 15000
[12:37:26.721] [SEVERE ] setting player 1 freeze to 0
[12:37:26.721] [SEVERE ] setting player 1 score to 1
[12:37:26.736] [SEVERE ] updating countdown to 13990
[12:37:27.745] [SEVERE ] updating countdown to 12990
[12:37:28.755] [SEVERE ] updating countdown to 11990
