[14:08:40.184] [INFO   ] thread main starting.
[14:08:40.199] [SEVERE ] cannot read configuration file config.properties trying from resources.
[14:08:40.199] [SEVERE ] configuration file was loaded from resources directory.
[14:08:40.800] [INFO   ] thread dealer starting.
[14:08:40.804] [INFO   ] Thread player1starting.
[14:08:40.805] [INFO   ] Thread player0starting.
[14:08:40.803] [INFO   ] Thread dealer starting.
[14:08:40.808] [INFO   ] Thread computer-1 starting.
[14:08:40.811] [INFO   ] Thread computer-0 starting.
[14:08:40.834] [SEVERE ] placing card 41 in slot 10
[14:08:40.881] [SEVERE ] placing card 19 in slot 4
[14:08:40.896] [SEVERE ] placing card 42 in slot 0
[14:08:40.912] [SEVERE ] placing card 79 in slot 3
[14:08:40.928] [SEVERE ] placing card 72 in slot 1
[14:08:40.943] [SEVERE ] placing card 67 in slot 6
[14:08:40.959] [SEVERE ] placing card 59 in slot 11
[14:08:40.974] [SEVERE ] placing card 10 in slot 5
[14:08:40.990] [SEVERE ] placing card 14 in slot 2
[14:08:41.006] [SEVERE ] placing card 70 in slot 7
[14:08:41.021] [SEVERE ] placing card 5 in slot 8
[14:08:41.037] [SEVERE ] placing card 49 in slot 9
[14:08:41.037] [SEVERE ] updating countdown to 15000
[14:08:41.037] [SEVERE ] player 2 placing token on slot 0
[14:08:41.037] [SEVERE ] updating countdown to 15000
[14:08:41.037] [SEVERE ] player 2 placing token on slot 11
[14:08:41.037] [SEVERE ] player 2 placing token on slot 8
[14:08:41.037] [SEVERE ] setting player 2 freeze to 3000
[14:08:42.052] [SEVERE ] setting player 2 freeze to 2000
[14:08:42.052] [SEVERE ] updating countdown to 14000
[14:08:43.057] [SEVERE ] updating countdown to 13000
[14:08:43.057] [SEVERE ] setting player 2 freeze to 1000
[14:08:43.932] [SEVERE ] exit button pressed
[14:08:43.932] [INFO   ] Thread player0 terminated.
[14:08:43.932] [SEVERE ] updating countdown to 15000
[14:08:43.948] [SEVERE ] removing card from slot 10
[14:08:43.974] [SEVERE ] removing card from slot 5
[14:08:43.989] [SEVERE ] removing card from slot 6
[14:08:44.005] [SEVERE ] removing card from slot 7
[14:08:44.021] [SEVERE ] removing player 2 token from slot 8
[14:08:44.021] [SEVERE ] removing card from slot 8
[14:08:44.036] [SEVERE ] removing card from slot 2
[14:08:44.052] [SEVERE ] removing card from slot 9
[14:08:44.068] [SEVERE ] setting player 2 freeze to 0
[14:08:44.068] [SEVERE ] removing card from slot 1
[14:08:44.068] [INFO   ] Thread player1 terminated.
[14:08:44.083] [SEVERE ] removing player 2 token from slot 0
[14:08:44.083] [SEVERE ] removing card from slot 0
[14:08:44.099] [SEVERE ] removing player 2 token from slot 11
[14:08:44.099] [SEVERE ] removing card from slot 11
[14:08:44.115] [SEVERE ] removing card from slot 4
[14:08:44.130] [SEVERE ] removing card from slot 3
[14:08:44.130] [SEVERE ] announcing winner(s): player 1, player 2
[14:08:44.130] [INFO   ] Thread dealer terminated.
[14:08:44.130] [INFO   ] thread dealer terminated.
[14:08:44.130] [SEVERE ] thanks for playing... it was fun!
[14:08:44.130] [INFO   ] thread main terminated.
