[14:38:36.797] [INFO   ] thread main starting.
[14:38:36.813] [SEVERE ] cannot read configuration file config.properties trying from resources.
[14:38:36.828] [SEVERE ] configuration file was loaded from resources directory.
[14:38:37.422] [INFO   ] thread dealer starting.
[14:38:37.422] [INFO   ] Thread dealer starting.
[14:38:37.422] [INFO   ] Thread player1starting.
[14:38:37.422] [INFO   ] Thread player0starting.
[14:38:37.422] [INFO   ] Thread computer-1 starting.
[14:38:37.422] [INFO   ] Thread computer-0 starting.
[14:38:37.453] [SEVERE ] placing card 37 in slot 5
[14:38:37.500] [SEVERE ] placing card 8 in slot 10
[14:38:37.516] [SEVERE ] placing card 17 in slot 6
[14:38:37.531] [SEVERE ] placing card 74 in slot 3
[14:38:37.547] [SEVERE ] placing card 26 in slot 2
[14:38:37.562] [SEVERE ] placing card 44 in slot 11
[14:38:37.578] [SEVERE ] placing card 69 in slot 1
[14:38:37.594] [SEVERE ] placing card 42 in slot 8
[14:38:37.609] [SEVERE ] placing card 27 in slot 7
[14:38:37.625] [SEVERE ] placing card 30 in slot 9
[14:38:37.641] [SEVERE ] placing card 68 in slot 4
[14:38:37.656] [SEVERE ] placing card 23 in slot 0
[14:38:37.656] [SEVERE ] updating countdown to 15000
[14:38:37.656] [SEVERE ] player 2 placing token on slot 7
[14:38:37.656] [SEVERE ] updating countdown to 15000
[14:38:37.656] [SEVERE ] player 2 placing token on slot 4
[14:38:37.656] [SEVERE ] player 2 placing token on slot 6
[14:38:38.671] [SEVERE ] updating countdown to 14000
[14:38:39.672] [SEVERE ] updating countdown to 13000
