[12:52:53.352] [INFO   ] thread main starting.
[12:52:53.368] [SEVERE ] cannot read configuration file config.properties trying from resources.
[12:52:53.371] [SEVERE ] configuration file was loaded from resources directory.
[12:52:54.215] [INFO   ] thread dealer starting.
[12:52:54.217] [INFO   ] Thread dealer starting.
[12:52:54.218] [INFO   ] Thread player0starting.
[12:52:54.218] [INFO   ] Thread player1starting.
[12:52:54.251] [SEVERE ] placing card 31 in slot 1
[12:52:54.297] [SEVERE ] placing card 60 in slot 11
[12:52:54.329] [SEVERE ] placing card 68 in slot 3
[12:52:54.345] [SEVERE ] placing card 50 in slot 2
[12:52:54.360] [SEVERE ] placing card 62 in slot 8
[12:52:54.376] [SEVERE ] placing card 32 in slot 7
[12:52:54.393] [SEVERE ] placing card 0 in slot 9
[12:52:54.408] [SEVERE ] placing card 8 in slot 0
[12:52:54.424] [SEVERE ] placing card 46 in slot 10
[12:52:54.440] [SEVERE ] placing card 64 in slot 4
[12:52:54.456] [SEVERE ] placing card 44 in slot 5
[12:52:54.472] [SEVERE ] placing card 2 in slot 6
[12:52:54.473] [SEVERE ] updating countdown to 15000
[12:52:54.478] [SEVERE ] updating countdown to 15000
[12:52:55.482] [SEVERE ] updating countdown to 14000
[12:52:56.488] [SEVERE ] updating countdown to 13000
[12:52:57.186] [SEVERE ] key 69 was pressed by player 1
[12:52:57.186] [SEVERE ] player 1 placing token on slot 2
[12:52:57.335] [SEVERE ] key 82 was pressed by player 1
[12:52:57.336] [SEVERE ] player 1 placing token on slot 3
[12:52:57.494] [SEVERE ] updating countdown to 12000
[12:52:58.350] [SEVERE ] key 69 was pressed by player 1
[12:52:58.350] [SEVERE ] removing player 1 token from slot 2
[12:52:58.496] [SEVERE ] updating countdown to 11000
[12:52:59.066] [SEVERE ] key 82 was pressed by player 1
[12:52:59.067] [SEVERE ] removing player 1 token from slot 3
[12:52:59.504] [SEVERE ] updating countdown to 10000
[12:53:00.497] [SEVERE ] key 82 was pressed by player 1
[12:53:00.497] [SEVERE ] player 1 placing token on slot 3
[12:53:00.519] [SEVERE ] updating countdown to 9000
[12:53:00.755] [SEVERE ] key 69 was pressed by player 1
[12:53:00.755] [SEVERE ] player 1 placing token on slot 2
[12:53:01.036] [SEVERE ] key 87 was pressed by player 1
[12:53:01.036] [SEVERE ] player 1 placing token on slot 1
[12:53:01.037] [SEVERE ] setting player 1 freeze to 3000
[12:53:01.532] [SEVERE ] updating countdown to 8000
[12:53:02.051] [SEVERE ] setting player 1 freeze to 2000
[12:53:02.541] [SEVERE ] updating countdown to 7000
[12:53:03.062] [SEVERE ] setting player 1 freeze to 1000
[12:53:03.550] [SEVERE ] updating countdown to 6000
[12:53:04.067] [SEVERE ] setting player 1 freeze to 0
[12:53:04.557] [SEVERE ] updating countdown to 5000
[12:53:05.251] [SEVERE ] key 87 was pressed by player 1
[12:53:05.251] [SEVERE ] removing player 1 token from slot 1
[12:53:05.447] [SEVERE ] key 83 was pressed by player 1
[12:53:05.448] [SEVERE ] player 1 placing token on slot 5
[12:53:05.448] [SEVERE ] setting player 1 freeze to 3000
[12:53:06.133] [SEVERE ] updating countdown to 4000
[12:53:06.450] [SEVERE ] setting player 1 freeze to 2000
[12:53:07.457] [SEVERE ] setting player 1 freeze to 1000
[12:53:07.709] [SEVERE ] updating countdown to 3000
[12:53:08.461] [SEVERE ] setting player 1 freeze to 0
[12:53:09.268] [SEVERE ] updating countdown to 2000
[12:53:10.836] [SEVERE ] updating countdown to 1000
[12:53:12.408] [SEVERE ] updating countdown to 0
[12:53:12.409] [SEVERE ] updating countdown to 15000
[12:53:12.423] [SEVERE ] removing card from slot 8
[12:53:12.439] [SEVERE ] removing player 1 token from slot 5
[12:53:12.439] [SEVERE ] removing card from slot 5
[12:53:12.455] [SEVERE ] removing card from slot 9
[12:53:12.470] [SEVERE ] removing card from slot 4
[12:53:12.486] [SEVERE ] removing card from slot 10
[12:53:12.502] [SEVERE ] removing card from slot 0
[12:53:12.517] [SEVERE ] removing card from slot 6
[12:53:12.532] [SEVERE ] removing card from slot 11
[12:53:12.547] [SEVERE ] removing player 1 token from slot 2
[12:53:12.548] [SEVERE ] removing card from slot 2
[12:53:12.563] [SEVERE ] removing player 1 token from slot 3
[12:53:12.564] [SEVERE ] removing card from slot 3
[12:53:12.579] [SEVERE ] removing card from slot 1
[12:53:12.595] [SEVERE ] removing card from slot 7
[12:53:12.611] [SEVERE ] placing card 18 in slot 9
[12:53:12.626] [SEVERE ] placing card 2 in slot 10
[12:53:12.642] [SEVERE ] placing card 17 in slot 11
[12:53:12.658] [SEVERE ] placing card 40 in slot 3
[12:53:12.674] [SEVERE ] placing card 79 in slot 2
[12:53:12.689] [SEVERE ] placing card 10 in slot 5
[12:53:12.705] [SEVERE ] placing card 65 in slot 4
[12:53:12.720] [SEVERE ] placing card 5 in slot 0
[12:53:12.736] [SEVERE ] placing card 38 in slot 7
[12:53:12.752] [SEVERE ] placing card 31 in slot 6
[12:53:12.767] [SEVERE ] placing card 72 in slot 8
[12:53:12.782] [SEVERE ] placing card 12 in slot 1
[12:53:12.782] [SEVERE ] updating countdown to 15000
[12:53:12.782] [SEVERE ] updating countdown to 15000
[12:53:13.790] [SEVERE ] updating countdown to 14000
[12:53:14.796] [SEVERE ] updating countdown to 13000
[12:53:15.806] [SEVERE ] updating countdown to 12000
[12:53:16.813] [SEVERE ] updating countdown to 11000
[12:53:17.825] [SEVERE ] updating countdown to 10000
[12:53:18.830] [SEVERE ] updating countdown to 9000
[12:53:19.838] [SEVERE ] updating countdown to 8000
[12:53:20.846] [SEVERE ] updating countdown to 7000
[12:53:21.858] [SEVERE ] updating countdown to 6000
[12:53:22.867] [SEVERE ] updating countdown to 5000
[12:53:24.427] [SEVERE ] updating countdown to 4000
[12:53:25.999] [SEVERE ] updating countdown to 3000
[12:53:27.570] [SEVERE ] updating countdown to 2000
[12:53:29.140] [SEVERE ] updating countdown to 1000
[12:53:30.712] [SEVERE ] updating countdown to 0
[12:53:30.712] [SEVERE ] updating countdown to 15000
[12:53:30.727] [SEVERE ] removing card from slot 0
[12:53:30.743] [SEVERE ] removing card from slot 6
[12:53:30.758] [SEVERE ] removing card from slot 9
[12:53:30.773] [SEVERE ] removing card from slot 3
[12:53:30.789] [SEVERE ] removing card from slot 4
[12:53:30.805] [SEVERE ] removing card from slot 10
[12:53:30.821] [SEVERE ] removing card from slot 8
[12:53:30.836] [SEVERE ] removing card from slot 7
[12:53:30.852] [SEVERE ] removing card from slot 1
[12:53:30.868] [SEVERE ] removing card from slot 11
[12:53:30.883] [SEVERE ] removing card from slot 5
[12:53:30.899] [SEVERE ] removing card from slot 2
[12:53:30.914] [SEVERE ] placing card 78 in slot 7
[12:53:30.930] [SEVERE ] placing card 27 in slot 10
[12:53:30.946] [SEVERE ] placing card 53 in slot 1
[12:53:30.962] [SEVERE ] placing card 61 in slot 0
[12:53:30.978] [SEVERE ] placing card 15 in slot 2
[12:53:30.994] [SEVERE ] placing card 9 in slot 4
[12:53:31.010] [SEVERE ] placing card 42 in slot 6
[12:53:31.025] [SEVERE ] placing card 26 in slot 8
[12:53:31.041] [SEVERE ] placing card 3 in slot 9
[12:53:31.057] [SEVERE ] placing card 79 in slot 3
[12:53:31.073] [SEVERE ] placing card 24 in slot 5
[12:53:31.089] [SEVERE ] placing card 31 in slot 11
[12:53:31.089] [SEVERE ] updating countdown to 15000
[12:53:31.090] [SEVERE ] updating countdown to 15000
[12:53:32.099] [SEVERE ] updating countdown to 14000
[12:53:33.112] [SEVERE ] updating countdown to 13000
[12:53:34.119] [SEVERE ] updating countdown to 12000
[12:53:35.123] [SEVERE ] updating countdown to 11000
[12:53:36.137] [SEVERE ] updating countdown to 10000
[12:53:37.152] [SEVERE ] updating countdown to 9000
[12:53:38.163] [SEVERE ] updating countdown to 8000
[12:53:39.171] [SEVERE ] updating countdown to 7000
[12:53:40.180] [SEVERE ] updating countdown to 6000
[12:53:41.189] [SEVERE ] updating countdown to 5000
[12:53:42.759] [SEVERE ] updating countdown to 4000
[12:53:44.331] [SEVERE ] updating countdown to 3000
[12:53:45.905] [SEVERE ] updating countdown to 2000
[12:53:47.471] [SEVERE ] updating countdown to 1000
[12:53:49.046] [SEVERE ] updating countdown to 0
[12:53:49.046] [SEVERE ] updating countdown to 15000
[12:53:49.062] [SEVERE ] removing card from slot 0
[12:53:49.076] [SEVERE ] removing card from slot 11
[12:53:49.093] [SEVERE ] removing card from slot 9
[12:53:49.108] [SEVERE ] removing card from slot 2
[12:53:49.123] [SEVERE ] removing card from slot 6
[12:53:49.138] [SEVERE ] removing card from slot 8
[12:53:49.154] [SEVERE ] removing card from slot 4
[12:53:49.170] [SEVERE ] removing card from slot 7
[12:53:49.185] [SEVERE ] removing card from slot 5
[12:53:49.201] [SEVERE ] removing card from slot 10
[12:53:49.217] [SEVERE ] removing card from slot 3
[12:53:49.233] [SEVERE ] removing card from slot 1
[12:53:49.249] [SEVERE ] placing card 79 in slot 9
[12:53:49.265] [SEVERE ] placing card 35 in slot 2
[12:53:49.281] [SEVERE ] placing card 46 in slot 8
[12:53:49.297] [SEVERE ] placing card 39 in slot 5
[12:53:49.312] [SEVERE ] placing card 53 in slot 11
[12:53:49.328] [SEVERE ] placing card 68 in slot 0
[12:53:49.343] [SEVERE ] placing card 0 in slot 6
[12:53:49.359] [SEVERE ] placing card 41 in slot 4
[12:53:49.375] [SEVERE ] placing card 62 in slot 7
[12:53:49.391] [SEVERE ] placing card 26 in slot 1
[12:53:49.406] [SEVERE ] placing card 15 in slot 3
[12:53:49.422] [SEVERE ] placing card 4 in slot 10
[12:53:49.422] [SEVERE ] updating countdown to 15000
[12:53:49.423] [SEVERE ] updating countdown to 15000
[12:53:50.430] [SEVERE ] updating countdown to 14000
[12:53:51.441] [SEVERE ] updating countdown to 13000
[12:53:52.448] [SEVERE ] updating countdown to 12000
[12:53:53.455] [SEVERE ] updating countdown to 11000
[12:53:54.470] [SEVERE ] updating countdown to 10000
[12:53:55.475] [SEVERE ] updating countdown to 9000
[12:53:56.481] [SEVERE ] updating countdown to 8000
[12:53:57.489] [SEVERE ] updating countdown to 7000
[12:53:58.495] [SEVERE ] updating countdown to 6000
[12:53:59.509] [SEVERE ] updating countdown to 5000
[12:54:01.255] [SEVERE ] updating countdown to 4000
[12:54:02.839] [SEVERE ] updating countdown to 3000
[12:54:04.413] [SEVERE ] updating countdown to 2000
[12:54:05.987] [SEVERE ] updating countdown to 1000
[12:54:07.562] [SEVERE ] updating countdown to 0
[12:54:07.562] [SEVERE ] updating countdown to 15000
[12:54:07.578] [SEVERE ] removing card from slot 1
[12:54:07.594] [SEVERE ] removing card from slot 11
[12:54:07.610] [SEVERE ] removing card from slot 2
[12:54:07.625] [SEVERE ] removing card from slot 10
[12:54:07.641] [SEVERE ] removing card from slot 0
[12:54:07.657] [SEVERE ] removing card from slot 7
[12:54:07.673] [SEVERE ] removing card from slot 4
[12:54:07.689] [SEVERE ] removing card from slot 8
[12:54:07.705] [SEVERE ] removing card from slot 5
[12:54:07.721] [SEVERE ] removing card from slot 3
[12:54:07.737] [SEVERE ] removing card from slot 6
[12:54:07.753] [SEVERE ] removing card from slot 9
[12:54:07.768] [SEVERE ] placing card 13 in slot 2
[12:54:07.784] [SEVERE ] placing card 54 in slot 5
[12:54:07.800] [SEVERE ] placing card 28 in slot 9
[12:54:07.816] [SEVERE ] placing card 67 in slot 1
[12:54:07.831] [SEVERE ] placing card 31 in slot 4
[12:54:07.847] [SEVERE ] placing card 62 in slot 11
[12:54:07.863] [SEVERE ] placing card 57 in slot 8
[12:54:07.879] [SEVERE ] placing card 20 in slot 10
[12:54:07.895] [SEVERE ] placing card 46 in slot 0
[12:54:07.911] [SEVERE ] placing card 68 in slot 6
[12:54:07.926] [SEVERE ] placing card 79 in slot 3
[12:54:07.942] [SEVERE ] placing card 34 in slot 7
[12:54:07.942] [SEVERE ] updating countdown to 15000
[12:54:07.943] [SEVERE ] updating countdown to 15000
[12:54:08.949] [SEVERE ] updating countdown to 14000
[12:54:09.960] [SEVERE ] updating countdown to 13000
