[12:04:47.505] [INFO   ] thread main starting.
[12:04:47.518] [SEVERE ] cannot read configuration file config.properties trying from resources.
[12:04:47.521] [SEVERE ] configuration file was loaded from resources directory.
[12:04:48.152] [INFO   ] thread dealer starting.
[12:04:48.153] [INFO   ] Thread dealer starting.
[12:04:48.154] [INFO   ] Thread player1starting.
[12:04:48.154] [INFO   ] Thread player0starting.
[12:04:48.181] [SEVERE ] placing card 79 in slot 7
[12:04:48.213] [SEVERE ] placing card 7 in slot 5
[12:04:48.229] [SEVERE ] placing card 1 in slot 10
[12:04:48.245] [SEVERE ] placing card 12 in slot 1
[12:04:48.261] [SEVERE ] placing card 76 in slot 6
[12:04:48.277] [SEVERE ] placing card 26 in slot 0
[12:04:48.293] [SEVERE ] placing card 35 in slot 4
[12:04:48.309] [SEVERE ] placing card 72 in slot 8
[12:04:48.324] [SEVERE ] placing card 29 in slot 3
[12:04:48.340] [SEVERE ] placing card 64 in slot 9
[12:04:48.355] [SEVERE ] placing card 66 in slot 11
[12:04:48.371] [SEVERE ] placing card 67 in slot 2
[12:04:48.372] [SEVERE ] updating countdown to 20000
[12:04:48.374] [SEVERE ] updating countdown to 20000
[12:04:49.381] [SEVERE ] updating countdown to 19000
[12:04:50.395] [SEVERE ] updating countdown to 18000
[12:04:51.407] [SEVERE ] updating countdown to 17000
[12:04:52.421] [SEVERE ] updating countdown to 16000
[12:04:52.528] [SEVERE ] key 81 was pressed by player 1
[12:04:52.528] [SEVERE ] player 1 placing token on slot 0
[12:04:52.678] [SEVERE ] key 87 was pressed by player 1
[12:04:52.679] [SEVERE ] player 1 placing token on slot 1
[12:04:52.727] [SEVERE ] key 69 was pressed by player 1
[12:04:52.727] [SEVERE ] player 1 placing token on slot 2
[12:04:52.728] [SEVERE ] setting player 1 freeze to 3000
[12:04:53.430] [SEVERE ] updating countdown to 15000
[12:04:53.730] [SEVERE ] setting player 1 freeze to 2000
[12:04:54.444] [SEVERE ] updating countdown to 14000
[12:04:54.731] [SEVERE ] setting player 1 freeze to 1000
[12:04:55.457] [SEVERE ] updating countdown to 13000
[12:04:55.744] [SEVERE ] setting player 1 freeze to 0
[12:04:56.473] [SEVERE ] updating countdown to 12000
[12:04:57.488] [SEVERE ] updating countdown to 11000
[12:04:57.895] [SEVERE ] key 81 was pressed by player 1
[12:04:57.895] [SEVERE ] removing player 1 token from slot 0
[12:04:58.015] [SEVERE ] key 87 was pressed by player 1
[12:04:58.015] [SEVERE ] removing player 1 token from slot 1
[12:04:58.124] [SEVERE ] key 69 was pressed by player 1
[12:04:58.124] [SEVERE ] removing player 1 token from slot 2
[12:04:58.499] [SEVERE ] updating countdown to 10000
[12:04:59.501] [SEVERE ] updating countdown to 9000
[12:05:00.515] [SEVERE ] updating countdown to 8000
[12:05:01.525] [SEVERE ] updating countdown to 7000
