[17:12:29.086] [INFO   ] thread main starting.
[17:12:29.102] [SEVERE ] cannot read configuration file config.properties trying from resources.
[17:12:29.117] [SEVERE ] configuration file was loaded from resources directory.
[17:12:29.865] [INFO   ] thread dealer starting.
[17:12:29.866] [INFO   ] Thread player0starting.
[17:12:29.866] [INFO   ] Thread player1starting.
[17:12:29.866] [INFO   ] Thread dealer starting.
[17:12:29.880] [SEVERE ] placing card 15 in slot 8
[17:12:29.890] [SEVERE ] placing card 61 in slot 1
[17:12:29.891] [SEVERE ] placing card 41 in slot 0
[17:12:29.892] [SEVERE ] placing card 5 in slot 6
[17:12:29.892] [SEVERE ] placing card 66 in slot 5
[17:12:29.892] [SEVERE ] placing card 68 in slot 11
[17:12:29.892] [SEVERE ] placing card 13 in slot 4
[17:12:29.892] [SEVERE ] placing card 50 in slot 7
[17:12:29.892] [SEVERE ] placing card 78 in slot 3
[17:12:29.895] [SEVERE ] placing card 56 in slot 10
[17:12:29.895] [SEVERE ] placing card 8 in slot 9
[17:12:29.895] [SEVERE ] placing card 32 in slot 2
[17:12:29.901] [SEVERE ] updating countdown to 10000
[17:12:29.907] [SEVERE ] updating countdown to 10000
[17:12:30.907] [SEVERE ] updating countdown to 9000
[17:12:31.923] [SEVERE ] updating countdown to 8000
[17:12:32.855] [SEVERE ] key 81 was pressed by player 1
[17:12:32.855] [SEVERE ] player 1 placing token on slot 0
[17:12:32.928] [SEVERE ] updating countdown to 7000
[17:12:33.570] [SEVERE ] key 69 was pressed by player 1
[17:12:33.570] [SEVERE ] player 1 placing token on slot 2
[17:12:33.934] [SEVERE ] updating countdown to 6000
[17:12:34.936] [SEVERE ] updating countdown to 5000
[17:12:34.937] [SEVERE ] updating countdown to 5000
[17:12:36.078] [SEVERE ] key 70 was pressed by player 1
[17:12:36.078] [SEVERE ] player 1 placing token on slot 7
[17:12:36.078] [SEVERE ] removing player 1 token from slot 0
[17:12:36.078] [SEVERE ] removing card from slot 0
[17:12:36.078] [SEVERE ] removing player 1 token from slot 2
[17:12:36.078] [SEVERE ] removing card from slot 2
[17:12:36.078] [SEVERE ] removing player 1 token from slot 7
[17:12:36.078] [SEVERE ] removing card from slot 7
[17:12:36.078] [SEVERE ] setting player 1 freeze to 0
[17:12:36.078] [SEVERE ] placing card 19 in slot 7
[17:12:36.078] [SEVERE ] setting player 1 freeze to 0
[17:12:36.078] [SEVERE ] setting player 1 score to 1
[17:12:36.078] [SEVERE ] placing card 29 in slot 0
[17:12:36.094] [SEVERE ] placing card 62 in slot 2
[17:12:36.094] [SEVERE ] updating countdown to 10000
[17:12:36.109] [SEVERE ] updating countdown to 9990
[17:12:37.115] [SEVERE ] updating countdown to 8990
[17:12:38.136] [SEVERE ] updating countdown to 7990
[17:12:39.137] [SEVERE ] updating countdown to 6990
[17:12:40.143] [SEVERE ] updating countdown to 5990
[17:12:41.800] [SEVERE ] exit button pressed
[17:12:41.800] [INFO   ] Thread player0 terminated.
[17:12:41.800] [INFO   ] Thread player1 terminated.
[17:12:42.714] [SEVERE ] updating countdown to 4000
[17:12:44.283] [SEVERE ] updating countdown to 3000
[17:12:45.848] [SEVERE ] updating countdown to 2000
[17:12:47.419] [SEVERE ] updating countdown to 1000
[17:12:48.985] [SEVERE ] updating countdown to 0
[17:12:49.001] [SEVERE ] removing card from slot 9
[17:12:49.001] [SEVERE ] removing card from slot 10
[17:12:49.002] [SEVERE ] removing card from slot 6
[17:12:49.002] [SEVERE ] removing card from slot 11
[17:12:49.002] [SEVERE ] removing card from slot 8
[17:12:49.002] [SEVERE ] removing card from slot 7
[17:12:49.002] [SEVERE ] removing card from slot 3
[17:12:49.002] [SEVERE ] removing card from slot 0
[17:12:49.002] [SEVERE ] removing card from slot 2
[17:12:49.002] [SEVERE ] removing card from slot 4
[17:12:49.002] [SEVERE ] removing card from slot 5
[17:12:49.002] [SEVERE ] removing card from slot 1
[17:12:49.002] [SEVERE ] announcing winner(s): player 1
[17:12:49.002] [INFO   ] Thread dealer terminated.
[17:12:49.002] [INFO   ] thread dealer terminated.
[17:12:49.002] [SEVERE ] thanks for playing... it was fun!
[17:12:49.002] [INFO   ] thread main terminated.
