[04:37:06.107] [INFO   ] thread main starting.
[04:37:06.123] [SEVERE ] cannot read configuration file config.properties trying from resources.
[04:37:06.123] [SEVERE ] configuration file was loaded from resources directory.
[04:37:06.732] [INFO   ] thread dealer starting.
[04:37:06.748] [INFO   ] Thread dealer starting.
[04:37:06.748] [INFO   ] Thread player0starting.
[04:37:06.748] [INFO   ] Thread player1starting.
[04:37:06.748] [INFO   ] Thread player3starting.
[04:37:06.748] [INFO   ] Thread player2starting.
[04:37:06.748] [INFO   ] Thread computer-1 starting.
[04:37:06.748] [INFO   ] Thread computer-0 starting.
[04:37:06.748] [INFO   ] Thread computer-3 starting.
[04:37:06.748] [INFO   ] Thread computer-2 starting.
[04:37:06.764] [SEVERE ] placing card 35 in slot 7
[04:37:06.779] [SEVERE ] placing card 58 in slot 9
[04:37:06.842] [SEVERE ] placing card 12 in slot 1
[04:37:06.857] [SEVERE ] placing card 41 in slot 2
[04:37:06.857] [SEVERE ] placing card 20 in slot 0
[04:37:06.857] [SEVERE ] placing card 14 in slot 6
[04:37:06.873] [SEVERE ] placing card 69 in slot 11
[04:37:06.873] [SEVERE ] placing card 66 in slot 4
[04:37:06.873] [SEVERE ] placing card 10 in slot 8
[04:37:06.873] [SEVERE ] placing card 73 in slot 5
[04:37:06.873] [SEVERE ] placing card 72 in slot 3
[04:37:06.873] [SEVERE ] placing card 57 in slot 10
[04:37:06.889] [SEVERE ] updating countdown to 10000
[04:37:06.889] [SEVERE ] player 2 placing token on slot 10
[04:37:06.889] [SEVERE ] updating countdown to 10000
[04:37:06.889] [SEVERE ] player 2 placing token on slot 4
[04:37:06.889] [SEVERE ] player 2 placing token on slot 0
[04:37:06.889] [SEVERE ] setting player 2 freeze to 0
[04:37:06.904] [SEVERE ] removing player 2 token from slot 0
[04:37:06.904] [SEVERE ] removing player 2 token from slot 4
[04:37:06.904] [SEVERE ] player 2 placing token on slot 9
[04:37:06.904] [SEVERE ] player 2 placing token on slot 0
[04:37:06.904] [SEVERE ] setting player 2 freeze to 0
[04:37:06.904] [SEVERE ] removing player 2 token from slot 0
[04:37:06.904] [SEVERE ] player 2 placing token on slot 6
[04:37:06.920] [SEVERE ] setting player 2 freeze to 0
[04:37:06.920] [SEVERE ] removing player 2 token from slot 9
[04:37:06.920] [SEVERE ] player 2 placing token on slot 4
[04:37:06.920] [SEVERE ] setting player 2 freeze to 0
[04:37:06.920] [SEVERE ] removing player 2 token from slot 6
[04:37:06.920] [SEVERE ] player 2 placing token on slot 7
[04:37:06.935] [SEVERE ] setting player 2 freeze to 0
[04:37:06.935] [SEVERE ] removing player 2 token from slot 4
[04:37:06.935] [SEVERE ] removing player 2 token from slot 7
[04:37:06.935] [SEVERE ] player 2 placing token on slot 0
[04:37:06.935] [SEVERE ] player 2 placing token on slot 4
[04:37:06.935] [SEVERE ] setting player 2 freeze to 0
[04:37:06.935] [SEVERE ] player 3 placing token on slot 4
[04:37:06.935] [SEVERE ] player 3 placing token on slot 6
[04:37:06.935] [SEVERE ] player 3 placing token on slot 3
[04:37:06.935] [SEVERE ] setting player 3 freeze to 0
[04:37:06.935] [SEVERE ] removing player 3 token from slot 4
[04:37:06.935] [SEVERE ] player 3 placing token on slot 8
[04:37:06.935] [SEVERE ] setting player 3 freeze to 0
[04:37:06.951] [SEVERE ] removing player 3 token from slot 6
[04:37:06.951] [SEVERE ] player 3 placing token on slot 2
[04:37:06.951] [SEVERE ] setting player 3 freeze to 0
[04:37:06.951] [SEVERE ] removing player 3 token from slot 8
[04:37:06.951] [SEVERE ] removing player 3 token from slot 2
[04:37:06.951] [SEVERE ] player 3 placing token on slot 1
[04:37:06.951] [SEVERE ] player 3 placing token on slot 8
[04:37:06.951] [SEVERE ] setting player 3 freeze to 0
[04:37:06.951] [SEVERE ] removing player 3 token from slot 1
[04:37:06.951] [SEVERE ] player 3 placing token on slot 10
[04:37:06.951] [SEVERE ] setting player 3 freeze to 0
[04:37:06.951] [SEVERE ] removing player 3 token from slot 8
[04:37:06.951] [SEVERE ] removing player 3 token from slot 10
[04:37:06.967] [SEVERE ] player 3 placing token on slot 5
[04:37:06.967] [SEVERE ] player 4 placing token on slot 7
[04:37:06.967] [SEVERE ] player 4 placing token on slot 9
[04:37:06.967] [SEVERE ] player 4 placing token on slot 2
[04:37:06.967] [SEVERE ] setting player 4 freeze to 0
[04:37:06.967] [SEVERE ] player 1 placing token on slot 4
[04:37:06.967] [SEVERE ] player 1 placing token on slot 10
[04:37:06.967] [SEVERE ] player 1 placing token on slot 0
[04:37:06.967] [SEVERE ] setting player 1 freeze to 0
[04:37:06.967] [SEVERE ] removing player 4 token from slot 7
[04:37:06.967] [SEVERE ] removing player 4 token from slot 2
[04:37:06.967] [SEVERE ] player 4 placing token on slot 0
[04:37:06.967] [SEVERE ] player 4 placing token on slot 7
[04:37:06.982] [SEVERE ] setting player 4 freeze to 0
[04:37:06.982] [SEVERE ] removing player 4 token from slot 0
[04:37:06.982] [SEVERE ] player 4 placing token on slot 8
[04:37:06.982] [SEVERE ] setting player 4 freeze to 0
[04:37:06.982] [SEVERE ] removing player 4 token from slot 8
[04:37:06.982] [SEVERE ] removing player 4 token from slot 7
[04:37:06.982] [SEVERE ] player 4 placing token on slot 10
[04:37:06.982] [SEVERE ] player 4 placing token on slot 8
[04:37:06.982] [SEVERE ] setting player 4 freeze to 0
[04:37:06.982] [SEVERE ] removing player 4 token from slot 9
[04:37:06.982] [SEVERE ] removing player 4 token from slot 8
[04:37:06.982] [SEVERE ] player 4 placing token on slot 5
[04:37:06.982] [SEVERE ] player 4 placing token on slot 9
[04:37:06.998] [SEVERE ] setting player 4 freeze to 0
[04:37:06.998] [SEVERE ] player 3 placing token on slot 8
[04:37:06.998] [SEVERE ] setting player 3 freeze to 0
[04:37:06.998] [SEVERE ] removing player 2 token from slot 10
[04:37:06.998] [SEVERE ] player 2 placing token on slot 8
[04:37:07.014] [SEVERE ] setting player 2 freeze to 0
[04:37:07.014] [SEVERE ] removing player 2 token from slot 8
[04:37:07.014] [SEVERE ] player 2 placing token on slot 3
[04:37:07.014] [SEVERE ] setting player 2 freeze to 0
[04:37:07.014] [SEVERE ] removing player 2 token from slot 4
[04:37:07.014] [SEVERE ] player 2 placing token on slot 2
[04:37:07.014] [SEVERE ] setting player 2 freeze to 0
[04:37:07.014] [SEVERE ] removing player 4 token from slot 9
[04:37:07.014] [SEVERE ] player 4 placing token on slot 8
[04:37:07.014] [SEVERE ] setting player 4 freeze to 0
[04:37:07.014] [SEVERE ] removing player 1 token from slot 4
[04:37:07.014] [SEVERE ] player 1 placing token on slot 11
[04:37:07.014] [SEVERE ] setting player 1 freeze to 0
[04:37:07.014] [SEVERE ] removing player 1 token from slot 0
[04:37:07.014] [SEVERE ] player 1 placing token on slot 4
[04:37:07.014] [SEVERE ] setting player 1 freeze to 0
[04:37:07.029] [SEVERE ] removing player 1 token from slot 4
[04:37:07.029] [SEVERE ] player 1 placing token on slot 9
[04:37:07.029] [SEVERE ] setting player 1 freeze to 0
[04:37:07.029] [SEVERE ] removing player 1 token from slot 10
[04:37:07.029] [SEVERE ] player 1 placing token on slot 2
[04:37:07.029] [SEVERE ] setting player 1 freeze to 0
[04:37:07.029] [SEVERE ] removing player 4 token from slot 10
[04:37:07.029] [SEVERE ] player 4 placing token on slot 3
[04:37:07.029] [SEVERE ] setting player 4 freeze to 0
[04:37:07.029] [SEVERE ] removing player 4 token from slot 3
[04:37:07.029] [SEVERE ] player 4 placing token on slot 2
[04:37:07.029] [SEVERE ] setting player 4 freeze to 0
[04:37:07.029] [SEVERE ] removing player 4 token from slot 2
[04:37:07.029] [SEVERE ] player 4 placing token on slot 11
[04:37:07.045] [SEVERE ] setting player 4 freeze to 0
[04:37:07.060] [SEVERE ] removing player 4 token from slot 5
[04:37:07.060] [SEVERE ] removing player 4 token from slot 8
[04:37:07.060] [SEVERE ] removing player 4 token from slot 11
[04:37:07.060] [SEVERE ] player 4 placing token on slot 5
[04:37:07.060] [SEVERE ] player 4 placing token on slot 8
[04:37:07.060] [SEVERE ] player 4 placing token on slot 11
[04:37:07.060] [SEVERE ] setting player 4 freeze to 0
[04:37:07.076] [SEVERE ] removing player 4 token from slot 11
[04:37:07.092] [SEVERE ] player 4 placing token on slot 1
[04:37:07.092] [SEVERE ] setting player 4 freeze to 0
[04:37:07.092] [SEVERE ] removing player 4 token from slot 5
[04:37:07.092] [SEVERE ] player 4 placing token on slot 4
[04:37:07.092] [SEVERE ] setting player 4 freeze to 0
[04:37:07.092] [SEVERE ] removing player 4 token from slot 8
[04:37:07.092] [SEVERE ] player 4 placing token on slot 2
[04:37:07.092] [SEVERE ] setting player 4 freeze to 0
[04:37:07.092] [SEVERE ] removing player 4 token from slot 4
[04:37:07.092] [SEVERE ] player 4 placing token on slot 5
[04:37:07.092] [SEVERE ] setting player 4 freeze to 0
[04:37:07.092] [SEVERE ] removing player 4 token from slot 2
[04:37:07.092] [SEVERE ] player 4 placing token on slot 6
[04:37:07.092] [SEVERE ] setting player 4 freeze to 0
[04:37:07.092] [SEVERE ] removing player 4 token from slot 5
[04:37:07.107] [SEVERE ] removing player 4 token from slot 6
[04:37:07.107] [SEVERE ] player 4 placing token on slot 11
[04:37:07.107] [SEVERE ] player 4 placing token on slot 5
[04:37:07.107] [SEVERE ] setting player 4 freeze to 0
[04:37:07.107] [SEVERE ] removing player 4 token from slot 5
[04:37:07.107] [SEVERE ] player 4 placing token on slot 6
[04:37:07.107] [SEVERE ] setting player 4 freeze to 0
[04:37:07.107] [SEVERE ] removing player 3 token from slot 3
[04:37:07.107] [SEVERE ] player 3 placing token on slot 0
[04:37:07.107] [SEVERE ] setting player 3 freeze to 0
[04:37:07.107] [SEVERE ] removing player 3 token from slot 8
[04:37:07.107] [SEVERE ] player 3 placing token on slot 7
[04:37:07.107] [SEVERE ] setting player 3 freeze to 0
[04:37:07.107] [SEVERE ] removing player 2 token from slot 3
[04:37:07.107] [SEVERE ] removing player 3 token from slot 7
[04:37:07.107] [SEVERE ] player 3 placing token on slot 9
[04:37:07.107] [SEVERE ] setting player 3 freeze to 0
[04:37:07.123] [SEVERE ] removing player 3 token from slot 9
[04:37:07.123] [SEVERE ] player 3 placing token on slot 4
[04:37:07.123] [SEVERE ] setting player 3 freeze to 0
[04:37:07.123] [SEVERE ] removing player 4 token from slot 6
[04:37:07.123] [SEVERE ] removing player 1 token from slot 9
[04:37:07.123] [SEVERE ] player 1 placing token on slot 10
[04:37:07.123] [SEVERE ] setting player 1 freeze to 0
[04:37:07.123] [SEVERE ] removing player 1 token from slot 10
[04:37:07.123] [SEVERE ] player 4 placing token on slot 2
[04:37:07.123] [SEVERE ] setting player 4 freeze to 0
[04:37:07.123] [SEVERE ] removing player 3 token from slot 0
[04:37:07.123] [SEVERE ] player 3 placing token on slot 7
[04:37:07.123] [SEVERE ] setting player 3 freeze to 0
[04:37:07.123] [SEVERE ] removing player 3 token from slot 7
[04:37:07.123] [SEVERE ] player 3 placing token on slot 9
[04:37:07.123] [SEVERE ] setting player 3 freeze to 0
[04:37:07.123] [SEVERE ] removing player 3 token from slot 4
[04:37:07.123] [SEVERE ] player 3 placing token on slot 2
[04:37:07.123] [SEVERE ] setting player 3 freeze to 0
[04:37:07.279] [SEVERE ] player 2 placing token on slot 4
[04:37:07.279] [SEVERE ] setting player 2 freeze to 0
[04:37:07.279] [SEVERE ] removing player 2 token from slot 4
[04:37:07.279] [SEVERE ] player 2 placing token on slot 10
[04:37:07.279] [SEVERE ] setting player 2 freeze to 0
[04:37:07.279] [SEVERE ] removing player 2 token from slot 2
[04:37:07.279] [SEVERE ] player 2 placing token on slot 8
[04:37:07.279] [SEVERE ] setting player 2 freeze to 0
[04:37:07.279] [SEVERE ] removing player 2 token from slot 8
[04:37:07.279] [SEVERE ] player 2 placing token on slot 3
[04:37:07.279] [SEVERE ] setting player 2 freeze to 0
[04:37:07.279] [SEVERE ] removing player 2 token from slot 3
[04:37:07.279] [SEVERE ] player 2 placing token on slot 1
[04:37:07.279] [SEVERE ] setting player 2 freeze to 0
[04:37:07.279] [SEVERE ] removing player 2 token from slot 10
[04:37:07.279] [SEVERE ] player 2 placing token on slot 7
[04:37:07.279] [SEVERE ] setting player 2 freeze to 0
[04:37:07.279] [SEVERE ] removing player 2 token from slot 1
[04:37:07.279] [SEVERE ] removing player 2 token from slot 7
[04:37:07.279] [SEVERE ] removing player 2 token from slot 0
[04:37:07.279] [SEVERE ] player 2 placing token on slot 1
[04:37:07.279] [SEVERE ] player 2 placing token on slot 7
[04:37:07.279] [SEVERE ] player 2 placing token on slot 0
[04:37:07.279] [SEVERE ] setting player 2 freeze to 0
[04:37:07.279] [SEVERE ] removing player 2 token from slot 1
[04:37:07.279] [SEVERE ] player 2 placing token on slot 8
[04:37:07.279] [SEVERE ] setting player 2 freeze to 0
[04:37:07.279] [SEVERE ] removing player 2 token from slot 8
[04:37:07.279] [SEVERE ] player 2 placing token on slot 1
[04:37:07.279] [SEVERE ] setting player 2 freeze to 0
[04:37:07.279] [SEVERE ] removing player 2 token from slot 7
[04:37:07.279] [SEVERE ] player 2 placing token on slot 9
[04:37:07.295] [SEVERE ] setting player 2 freeze to 0
[04:37:07.295] [SEVERE ] removing player 4 token from slot 11
[04:37:07.295] [SEVERE ] player 4 placing token on slot 3
[04:37:07.295] [SEVERE ] setting player 4 freeze to 0
[04:37:07.295] [SEVERE ] removing player 4 token from slot 1
[04:37:07.295] [SEVERE ] player 4 placing token on slot 10
[04:37:07.310] [SEVERE ] setting player 4 freeze to 0
[04:37:07.310] [SEVERE ] removing player 4 token from slot 2
[04:37:07.310] [SEVERE ] player 4 placing token on slot 0
[04:37:07.310] [SEVERE ] setting player 4 freeze to 0
[04:37:07.310] [SEVERE ] removing player 4 token from slot 0
[04:37:07.310] [SEVERE ] removing player 4 token from slot 10
[04:37:07.310] [SEVERE ] player 4 placing token on slot 1
[04:37:07.310] [SEVERE ] player 4 placing token on slot 0
[04:37:07.310] [SEVERE ] setting player 4 freeze to 0
[04:37:07.310] [SEVERE ] player 1 placing token on slot 3
[04:37:07.326] [SEVERE ] setting player 1 freeze to 0
[04:37:07.326] [SEVERE ] removing player 1 token from slot 2
[04:37:07.326] [SEVERE ] player 1 placing token on slot 0
[04:37:07.326] [SEVERE ] setting player 1 freeze to 0
[04:37:07.326] [SEVERE ] removing player 1 token from slot 0
[04:37:07.326] [SEVERE ] removing player 1 token from slot 3
[04:37:07.326] [SEVERE ] removing player 4 token from slot 1
[04:37:07.326] [SEVERE ] player 4 placing token on slot 5
[04:37:07.326] [SEVERE ] setting player 4 freeze to 0
[04:37:07.326] [SEVERE ] removing player 4 token from slot 0
[04:37:07.326] [SEVERE ] player 4 placing token on slot 1
[04:37:07.326] [SEVERE ] setting player 4 freeze to 0
[04:37:07.326] [SEVERE ] removing player 4 token from slot 3
[04:37:07.326] [SEVERE ] player 4 placing token on slot 7
[04:37:07.342] [SEVERE ] removing player 2 token from slot 1
[04:37:07.342] [SEVERE ] removing player 4 token from slot 1
[04:37:07.342] [SEVERE ] removing card from slot 1
[04:37:07.420] [SEVERE ] removing player 3 token from slot 5
[04:37:07.420] [SEVERE ] removing player 4 token from slot 5
[04:37:07.420] [SEVERE ] removing card from slot 5
[04:37:07.451] [SEVERE ] removing player 4 token from slot 7
[04:37:07.451] [SEVERE ] removing card from slot 7
[04:37:07.451] [SEVERE ] setting player 4 freeze to 0
[04:37:07.451] [SEVERE ] setting player 4 freeze to 0
[04:37:07.451] [SEVERE ] setting player 4 score to 1
[04:37:07.467] [SEVERE ] placing card 17 in slot 7
[04:37:07.467] [SEVERE ] placing card 18 in slot 5
[04:37:07.467] [SEVERE ] placing card 33 in slot 1
[04:37:07.467] [SEVERE ] updating countdown to 10000
[04:37:07.482] [SEVERE ] player 4 placing token on slot 6
[04:37:07.482] [SEVERE ] player 4 placing token on slot 9
[04:37:07.482] [SEVERE ] player 4 placing token on slot 7
[04:37:07.498] [SEVERE ] player 2 placing token on slot 5
[04:37:07.498] [SEVERE ] setting player 4 freeze to 0
[04:37:07.498] [SEVERE ] setting player 2 freeze to 0
[04:37:07.498] [SEVERE ] removing player 2 token from slot 9
[04:37:07.498] [SEVERE ] player 2 placing token on slot 7
[04:37:07.498] [SEVERE ] setting player 2 freeze to 0
[04:37:07.529] [SEVERE ] removing player 2 token from slot 5
[04:37:07.529] [SEVERE ] player 2 placing token on slot 4
[04:37:07.529] [SEVERE ] setting player 2 freeze to 0
[04:37:07.529] [SEVERE ] removing player 2 token from slot 7
[04:37:07.529] [SEVERE ] player 2 placing token on slot 1
[04:37:07.529] [SEVERE ] setting player 2 freeze to 0
[04:37:07.529] [SEVERE ] removing player 2 token from slot 0
[04:37:07.529] [SEVERE ] removing player 2 token from slot 4
[04:37:07.529] [SEVERE ] player 2 placing token on slot 2
[04:37:07.529] [SEVERE ] player 3 placing token on slot 5
[04:37:07.529] [SEVERE ] setting player 3 freeze to 0
[04:37:07.529] [SEVERE ] removing player 3 token from slot 2
[04:37:07.529] [SEVERE ] player 3 placing token on slot 3
[04:37:07.529] [SEVERE ] setting player 3 freeze to 0
[04:37:07.529] [SEVERE ] player 2 placing token on slot 0
[04:37:07.529] [SEVERE ] setting player 2 freeze to 0
[04:37:07.529] [SEVERE ] removing player 2 token from slot 0
[04:37:07.529] [SEVERE ] player 2 placing token on slot 7
[04:37:07.529] [SEVERE ] setting player 2 freeze to 0
[04:37:07.529] [SEVERE ] removing player 2 token from slot 1
[04:37:07.529] [SEVERE ] player 2 placing token on slot 5
[04:37:07.529] [SEVERE ] setting player 2 freeze to 0
[04:37:07.545] [SEVERE ] removing player 2 token from slot 7
[04:37:07.545] [SEVERE ] player 2 placing token on slot 0
[04:37:07.545] [SEVERE ] setting player 2 freeze to 0
[04:37:07.545] [SEVERE ] removing player 2 token from slot 5
[04:37:07.545] [SEVERE ] player 2 placing token on slot 11
[04:37:07.545] [SEVERE ] setting player 2 freeze to 0
[04:37:07.545] [SEVERE ] removing player 2 token from slot 2
[04:37:07.545] [SEVERE ] player 2 placing token on slot 10
[04:37:07.545] [SEVERE ] setting player 2 freeze to 0
[04:37:07.545] [SEVERE ] removing player 2 token from slot 11
[04:37:07.545] [SEVERE ] player 2 placing token on slot 5
[04:37:07.545] [SEVERE ] setting player 2 freeze to 0
[04:37:07.545] [SEVERE ] removing player 2 token from slot 10
[04:37:07.545] [SEVERE ] removing player 2 token from slot 5
[04:37:07.545] [SEVERE ] player 1 placing token on slot 5
[04:37:07.545] [SEVERE ] player 1 placing token on slot 0
[04:37:07.545] [SEVERE ] setting player 1 freeze to 0
[04:37:07.545] [SEVERE ] removing player 1 token from slot 11
[04:37:07.545] [SEVERE ] player 1 placing token on slot 7
[04:37:07.545] [SEVERE ] setting player 1 freeze to 0
[04:37:07.545] [SEVERE ] removing player 1 token from slot 0
[04:37:07.545] [SEVERE ] player 1 placing token on slot 4
[04:37:07.545] [SEVERE ] setting player 1 freeze to 0
[04:37:07.545] [SEVERE ] removing player 4 token from slot 6
[04:37:07.545] [SEVERE ] player 4 placing token on slot 1
[04:37:07.545] [SEVERE ] setting player 4 freeze to 0
[04:37:07.545] [SEVERE ] removing player 4 token from slot 9
[04:37:07.545] [SEVERE ] player 4 placing token on slot 3
[04:37:07.545] [SEVERE ] setting player 4 freeze to 0
[04:37:07.545] [SEVERE ] removing player 4 token from slot 7
[04:37:07.545] [SEVERE ] player 4 placing token on slot 9
[04:37:07.545] [SEVERE ] setting player 4 freeze to 0
[04:37:07.545] [SEVERE ] removing player 4 token from slot 9
[04:37:07.545] [SEVERE ] player 2 placing token on slot 3
[04:37:07.545] [SEVERE ] player 2 placing token on slot 10
[04:37:07.545] [SEVERE ] setting player 2 freeze to 0
[04:37:07.545] [SEVERE ] removing player 2 token from slot 0
[04:37:07.545] [SEVERE ] player 2 placing token on slot 2
[04:37:07.545] [SEVERE ] setting player 2 freeze to 0
[04:37:07.545] [SEVERE ] removing player 2 token from slot 3
[04:37:07.545] [SEVERE ] player 2 placing token on slot 7
[04:37:07.545] [SEVERE ] setting player 2 freeze to 0
[04:37:07.545] [SEVERE ] removing player 3 token from slot 9
[04:37:07.545] [SEVERE ] removing player 3 token from slot 3
[04:37:07.545] [SEVERE ] player 3 placing token on slot 2
[04:37:07.545] [SEVERE ] player 3 placing token on slot 9
[04:37:07.560] [SEVERE ] setting player 3 freeze to 0
[04:37:07.560] [SEVERE ] removing player 3 token from slot 9
[04:37:07.560] [SEVERE ] player 3 placing token on slot 3
[04:37:07.560] [SEVERE ] setting player 3 freeze to 0
[04:37:07.560] [SEVERE ] removing player 3 token from slot 5
[04:37:07.560] [SEVERE ] player 3 placing token on slot 9
[04:37:07.560] [SEVERE ] setting player 3 freeze to 0
[04:37:07.560] [SEVERE ] removing player 3 token from slot 2
[04:37:07.560] [SEVERE ] player 3 placing token on slot 5
[04:37:07.560] [SEVERE ] setting player 3 freeze to 0
[04:37:07.560] [SEVERE ] removing player 2 token from slot 7
[04:37:07.560] [SEVERE ] player 2 placing token on slot 1
[04:37:07.560] [SEVERE ] setting player 2 freeze to 0
[04:37:07.560] [SEVERE ] player 4 placing token on slot 6
[04:37:07.560] [SEVERE ] setting player 4 freeze to 0
[04:37:07.560] [SEVERE ] removing player 4 token from slot 3
[04:37:07.560] [SEVERE ] player 4 placing token on slot 10
[04:37:07.560] [SEVERE ] setting player 4 freeze to 0
[04:37:07.560] [SEVERE ] removing player 4 token from slot 6
[04:37:07.560] [SEVERE ] player 4 placing token on slot 7
[04:37:07.560] [SEVERE ] setting player 4 freeze to 0
[04:37:07.560] [SEVERE ] removing player 1 token from slot 7
[04:37:07.560] [SEVERE ] player 1 placing token on slot 3
[04:37:07.560] [SEVERE ] setting player 1 freeze to 0
[04:37:07.560] [SEVERE ] removing player 1 token from slot 3
[04:37:07.560] [SEVERE ] player 1 placing token on slot 2
[04:37:07.560] [SEVERE ] setting player 1 freeze to 0
[04:37:07.560] [SEVERE ] removing player 1 token from slot 4
[04:37:07.560] [SEVERE ] player 1 placing token on slot 11
[04:37:07.560] [SEVERE ] setting player 1 freeze to 0
[04:37:07.576] [SEVERE ] removing player 4 token from slot 10
[04:37:07.576] [SEVERE ] removing player 4 token from slot 1
[04:37:07.576] [SEVERE ] player 4 placing token on slot 4
[04:37:07.576] [SEVERE ] removing player 2 token from slot 10
[04:37:07.576] [SEVERE ] removing player 2 token from slot 2
[04:37:07.576] [SEVERE ] player 2 placing token on slot 3
[04:37:07.576] [SEVERE ] player 2 placing token on slot 10
[04:37:07.576] [SEVERE ] setting player 2 freeze to 0
[04:37:07.576] [SEVERE ] removing player 2 token from slot 3
[04:37:07.576] [SEVERE ] player 2 placing token on slot 2
[04:37:07.576] [SEVERE ] setting player 2 freeze to 0
[04:37:07.576] [SEVERE ] removing player 2 token from slot 2
[04:37:07.576] [SEVERE ] removing player 2 token from slot 1
[04:37:07.576] [SEVERE ] player 2 placing token on slot 9
[04:37:07.576] [SEVERE ] player 2 placing token on slot 2
[04:37:07.576] [SEVERE ] setting player 2 freeze to 0
[04:37:07.576] [SEVERE ] removing player 2 token from slot 10
[04:37:07.576] [SEVERE ] player 2 placing token on slot 7
[04:37:07.576] [SEVERE ] setting player 2 freeze to 0
[04:37:07.576] [SEVERE ] removing player 2 token from slot 7
[04:37:07.576] [SEVERE ] removing player 2 token from slot 2
[04:37:07.576] [SEVERE ] player 2 placing token on slot 3
[04:37:07.576] [SEVERE ] player 2 placing token on slot 7
[04:37:07.576] [SEVERE ] setting player 2 freeze to 0
[04:37:07.576] [SEVERE ] removing player 2 token from slot 7
[04:37:07.576] [SEVERE ] player 4 placing token on slot 10
[04:37:07.576] [SEVERE ] setting player 4 freeze to 0
[04:37:07.576] [SEVERE ] removing player 4 token from slot 10
[04:37:07.576] [SEVERE ] player 4 placing token on slot 11
[04:37:07.592] [SEVERE ] setting player 4 freeze to 0
[04:37:07.592] [SEVERE ] removing player 4 token from slot 11
[04:37:07.592] [SEVERE ] player 4 placing token on slot 5
[04:37:07.592] [SEVERE ] setting player 4 freeze to 0
[04:37:07.592] [SEVERE ] removing player 4 token from slot 7
[04:37:07.592] [SEVERE ] player 4 placing token on slot 0
[04:37:07.592] [SEVERE ] setting player 4 freeze to 0
[04:37:07.592] [SEVERE ] removing player 4 token from slot 5
[04:37:07.592] [SEVERE ] player 4 placing token on slot 10
[04:37:07.592] [SEVERE ] setting player 4 freeze to 0
[04:37:07.904] [SEVERE ] updating countdown to 9000
[04:37:08.013] [SEVERE ] removing player 2 token from slot 9
[04:37:08.029] [SEVERE ] player 2 placing token on slot 4
[04:37:08.029] [SEVERE ] removing player 2 token from slot 3
[04:37:08.029] [SEVERE ] removing player 3 token from slot 5
[04:37:08.029] [SEVERE ] player 2 placing token on slot 9
[04:37:08.029] [SEVERE ] removing player 2 token from slot 4
[04:37:08.029] [SEVERE ] player 2 placing token on slot 3
[04:37:08.029] [SEVERE ] player 2 placing token on slot 1
[04:37:08.029] [SEVERE ] setting player 2 freeze to 0
[04:37:08.029] [SEVERE ] removing player 2 token from slot 3
[04:37:08.029] [SEVERE ] player 2 placing token on slot 4
[04:37:08.029] [SEVERE ] setting player 2 freeze to 0
[04:37:08.029] [SEVERE ] removing player 2 token from slot 4
[04:37:08.029] [SEVERE ] player 2 placing token on slot 7
[04:37:08.029] [SEVERE ] setting player 2 freeze to 0
[04:37:08.029] [SEVERE ] removing player 1 token from slot 2
[04:37:08.029] [SEVERE ] player 1 placing token on slot 8
[04:37:08.029] [SEVERE ] setting player 1 freeze to 0
[04:37:08.029] [SEVERE ] removing player 1 token from slot 5
[04:37:08.029] [SEVERE ] removing player 2 token from slot 7
[04:37:08.029] [SEVERE ] player 2 placing token on slot 0
[04:37:08.029] [SEVERE ] setting player 2 freeze to 0
[04:37:08.029] [SEVERE ] removing player 2 token from slot 1
[04:37:08.029] [SEVERE ] player 2 placing token on slot 10
[04:37:08.029] [SEVERE ] setting player 2 freeze to 0
[04:37:08.029] [SEVERE ] removing player 2 token from slot 0
[04:37:08.029] [SEVERE ] player 2 placing token on slot 7
[04:37:08.045] [SEVERE ] player 3 placing token on slot 2
[04:37:08.045] [SEVERE ] setting player 2 freeze to 0
[04:37:08.045] [SEVERE ] setting player 3 freeze to 0
[04:37:08.045] [SEVERE ] removing player 3 token from slot 3
[04:37:08.045] [SEVERE ] removing player 2 token from slot 9
[04:37:08.045] [SEVERE ] player 2 placing token on slot 0
[04:37:08.045] [SEVERE ] setting player 2 freeze to 0
[04:37:08.045] [SEVERE ] removing player 2 token from slot 10
[04:37:08.045] [SEVERE ] player 1 placing token on slot 3
[04:37:08.045] [SEVERE ] setting player 1 freeze to 0
[04:37:08.045] [SEVERE ] removing player 1 token from slot 11
[04:37:08.045] [SEVERE ] player 2 placing token on slot 9
[04:37:08.045] [SEVERE ] setting player 2 freeze to 0
[04:37:08.045] [SEVERE ] removing player 2 token from slot 9
[04:37:08.045] [SEVERE ] player 2 placing token on slot 10
[04:37:08.045] [SEVERE ] setting player 2 freeze to 0
[04:37:08.045] [SEVERE ] removing player 2 token from slot 7
[04:37:08.045] [SEVERE ] player 2 placing token on slot 11
[04:37:08.045] [SEVERE ] setting player 2 freeze to 0
[04:37:08.045] [SEVERE ] player 3 placing token on slot 10
[04:37:08.045] [SEVERE ] setting player 3 freeze to 0
[04:37:08.045] [SEVERE ] removing player 3 token from slot 2
[04:37:08.045] [SEVERE ] player 3 placing token on slot 11
[04:37:08.045] [SEVERE ] setting player 3 freeze to 0
[04:37:08.045] [SEVERE ] removing player 3 token from slot 11
[04:37:08.045] [SEVERE ] player 3 placing token on slot 5
[04:37:08.045] [SEVERE ] setting player 3 freeze to 0
[04:37:08.045] [SEVERE ] player 1 placing token on slot 10
[04:37:08.060] [SEVERE ] setting player 1 freeze to 0
[04:37:08.060] [SEVERE ] removing player 1 token from slot 10
[04:37:08.060] [SEVERE ] player 1 placing token on slot 2
[04:37:08.060] [SEVERE ] setting player 1 freeze to 0
[04:37:08.060] [SEVERE ] removing player 1 token from slot 8
[04:37:08.060] [SEVERE ] player 1 placing token on slot 9
[04:37:08.060] [SEVERE ] setting player 1 freeze to 0
[04:37:08.060] [SEVERE ] removing player 1 token from slot 9
[04:37:08.060] [SEVERE ] removing player 1 token from slot 2
[04:37:08.060] [SEVERE ] player 1 placing token on slot 1
[04:37:08.060] [SEVERE ] player 1 placing token on slot 9
[04:37:08.060] [SEVERE ] setting player 1 freeze to 0
[04:37:08.060] [SEVERE ] removing player 1 token from slot 9
[04:37:08.060] [SEVERE ] player 1 placing token on slot 5
[04:37:08.060] [SEVERE ] setting player 1 freeze to 0
[04:37:08.060] [SEVERE ] removing player 1 token from slot 5
[04:37:08.060] [SEVERE ] player 1 placing token on slot 10
[04:37:08.060] [SEVERE ] setting player 1 freeze to 0
[04:37:08.076] [SEVERE ] removing player 2 token from slot 11
[04:37:08.076] [SEVERE ] player 2 placing token on slot 7
[04:37:08.076] [SEVERE ] setting player 2 freeze to 0
[04:37:08.076] [SEVERE ] removing player 2 token from slot 10
[04:37:08.076] [SEVERE ] player 2 placing token on slot 1
[04:37:08.076] [SEVERE ] setting player 2 freeze to 0
[04:37:08.076] [SEVERE ] removing player 1 token from slot 1
[04:37:08.076] [SEVERE ] removing player 4 token from slot 4
[04:37:08.076] [SEVERE ] player 4 placing token on slot 1
[04:37:08.076] [SEVERE ] setting player 4 freeze to 0
[04:37:08.076] [SEVERE ] removing player 4 token from slot 1
[04:37:08.076] [SEVERE ] player 4 placing token on slot 5
[04:37:08.091] [SEVERE ] setting player 4 freeze to 0
[04:37:08.091] [SEVERE ] removing player 3 token from slot 9
[04:37:08.091] [SEVERE ] player 3 placing token on slot 6
[04:37:08.091] [SEVERE ] setting player 3 freeze to 0
[04:37:08.091] [SEVERE ] removing player 3 token from slot 5
[04:37:08.091] [SEVERE ] player 3 placing token on slot 8
[04:37:08.107] [SEVERE ] setting player 3 freeze to 0
[04:37:08.107] [SEVERE ] removing player 3 token from slot 10
[04:37:08.107] [SEVERE ] player 3 placing token on slot 0
[04:37:08.107] [SEVERE ] setting player 3 freeze to 0
[04:37:08.107] [SEVERE ] removing player 3 token from slot 0
[04:37:08.107] [SEVERE ] player 3 placing token on slot 5
[04:37:08.107] [SEVERE ] setting player 3 freeze to 0
[04:37:08.107] [SEVERE ] removing player 2 token from slot 1
[04:37:08.107] [SEVERE ] player 2 placing token on slot 9
[04:37:08.107] [SEVERE ] setting player 2 freeze to 0
[04:37:08.107] [SEVERE ] removing player 2 token from slot 7
[04:37:08.107] [SEVERE ] player 2 placing token on slot 1
[04:37:08.107] [SEVERE ] setting player 2 freeze to 0
[04:37:08.107] [SEVERE ] removing player 2 token from slot 9
[04:37:08.107] [SEVERE ] player 2 placing token on slot 7
[04:37:08.107] [SEVERE ] setting player 2 freeze to 0
[04:37:08.107] [SEVERE ] removing player 2 token from slot 0
[04:37:08.107] [SEVERE ] player 2 placing token on slot 4
[04:37:08.107] [SEVERE ] setting player 2 freeze to 0
[04:37:08.107] [SEVERE ] removing player 2 token from slot 7
[04:37:08.107] [SEVERE ] removing player 4 token from slot 0
[04:37:08.107] [SEVERE ] player 4 placing token on slot 2
[04:37:08.107] [SEVERE ] setting player 4 freeze to 0
[04:37:08.107] [SEVERE ] player 1 placing token on slot 9
[04:37:08.107] [SEVERE ] setting player 1 freeze to 0
[04:37:08.107] [SEVERE ] removing player 4 token from slot 5
[04:37:08.107] [SEVERE ] removing player 4 token from slot 10
[04:37:08.107] [SEVERE ] player 4 placing token on slot 11
[04:37:08.107] [SEVERE ] player 4 placing token on slot 5
[04:37:08.107] [SEVERE ] setting player 4 freeze to 0
[04:37:08.123] [SEVERE ] player 2 placing token on slot 9
[04:37:08.123] [SEVERE ] setting player 2 freeze to 0
[04:37:08.123] [SEVERE ] removing player 2 token from slot 9
[04:37:08.123] [SEVERE ] player 2 placing token on slot 5
[04:37:08.123] [SEVERE ] removing player 2 token from slot 1
[04:37:08.123] [SEVERE ] removing card from slot 1
[04:37:08.138] [SEVERE ] removing player 2 token from slot 4
[04:37:08.138] [SEVERE ] removing card from slot 4
[04:37:08.138] [SEVERE ] removing player 2 token from slot 5
[04:37:08.138] [SEVERE ] removing player 3 token from slot 5
[04:37:08.138] [SEVERE ] removing player 4 token from slot 5
[04:37:08.138] [SEVERE ] removing card from slot 5
[04:37:08.138] [SEVERE ] setting player 2 freeze to 0
[04:37:08.138] [SEVERE ] setting player 2 freeze to 0
[04:37:08.138] [SEVERE ] setting player 2 score to 1
[04:37:08.138] [SEVERE ] placing card 74 in slot 4
[04:37:08.138] [SEVERE ] placing card 8 in slot 5
[04:37:08.138] [SEVERE ] placing card 67 in slot 1
[04:37:08.154] [SEVERE ] updating countdown to 10000
[04:37:08.154] [SEVERE ] player 2 placing token on slot 11
[04:37:08.154] [SEVERE ] player 2 placing token on slot 9
[04:37:08.154] [SEVERE ] player 2 placing token on slot 6
[04:37:08.154] [SEVERE ] setting player 2 freeze to 0
[04:37:08.154] [SEVERE ] removing player 2 token from slot 6
[04:37:08.154] [SEVERE ] player 2 placing token on slot 7
[04:37:08.154] [SEVERE ] setting player 2 freeze to 0
[04:37:08.154] [SEVERE ] removing player 2 token from slot 11
[04:37:08.154] [SEVERE ] player 2 placing token on slot 10
[04:37:08.154] [SEVERE ] setting player 2 freeze to 0
[04:37:08.154] [SEVERE ] removing player 2 token from slot 9
[04:37:08.154] [SEVERE ] player 2 placing token on slot 11
[04:37:08.154] [SEVERE ] setting player 2 freeze to 0
[04:37:08.169] [SEVERE ] player 3 placing token on slot 0
[04:37:08.169] [SEVERE ] setting player 3 freeze to 0
[04:37:08.169] [SEVERE ] removing player 2 token from slot 10
[04:37:08.169] [SEVERE ] player 2 placing token on slot 2
[04:37:08.169] [SEVERE ] setting player 2 freeze to 0
[04:37:08.169] [SEVERE ] removing player 2 token from slot 2
[04:37:08.169] [SEVERE ] player 2 placing token on slot 3
[04:37:08.169] [SEVERE ] setting player 2 freeze to 0
[04:37:08.169] [SEVERE ] player 4 placing token on slot 6
[04:37:08.169] [SEVERE ] setting player 4 freeze to 0
[04:37:08.169] [SEVERE ] removing player 4 token from slot 2
[04:37:08.169] [SEVERE ] player 4 placing token on slot 9
[04:37:08.169] [SEVERE ] setting player 4 freeze to 0
[04:37:08.169] [SEVERE ] removing player 1 token from slot 3
[04:37:08.169] [SEVERE ] player 1 placing token on slot 1
[04:37:08.169] [SEVERE ] setting player 1 freeze to 0
[04:37:08.169] [SEVERE ] removing player 4 token from slot 6
[04:37:08.169] [SEVERE ] player 4 placing token on slot 2
[04:37:08.169] [SEVERE ] setting player 4 freeze to 0
[04:37:08.169] [SEVERE ] removing player 4 token from slot 2
[04:37:08.169] [SEVERE ] player 4 placing token on slot 1
[04:37:08.185] [SEVERE ] setting player 4 freeze to 0
[04:37:08.185] [SEVERE ] removing player 4 token from slot 9
[04:37:08.185] [SEVERE ] player 4 placing token on slot 4
[04:37:08.185] [SEVERE ] setting player 4 freeze to 0
[04:37:08.185] [SEVERE ] removing player 4 token from slot 1
[04:37:08.185] [SEVERE ] player 4 placing token on slot 7
[04:37:08.185] [SEVERE ] setting player 4 freeze to 0
[04:37:08.185] [SEVERE ] removing player 4 token from slot 11
[04:37:08.185] [SEVERE ] player 4 placing token on slot 9
[04:37:08.185] [SEVERE ] setting player 4 freeze to 0
[04:37:08.185] [SEVERE ] removing player 4 token from slot 4
[04:37:08.185] [SEVERE ] removing player 4 token from slot 7
[04:37:08.185] [SEVERE ] player 4 placing token on slot 6
[04:37:08.185] [SEVERE ] player 4 placing token on slot 4
[04:37:08.201] [SEVERE ] setting player 4 freeze to 0
[04:37:08.201] [SEVERE ] removing player 4 token from slot 4
[04:37:08.201] [SEVERE ] player 4 placing token on slot 7
[04:37:08.201] [SEVERE ] setting player 4 freeze to 0
[04:37:08.201] [SEVERE ] removing player 4 token from slot 7
[04:37:08.201] [SEVERE ] player 4 placing token on slot 8
[04:37:08.201] [SEVERE ] removing player 2 token from slot 11
[04:37:08.201] [SEVERE ] player 2 placing token on slot 2
[04:37:08.201] [SEVERE ] setting player 4 freeze to 0
[04:37:08.201] [SEVERE ] setting player 2 freeze to 0
[04:37:08.201] [SEVERE ] removing player 2 token from slot 7
[04:37:08.201] [SEVERE ] removing player 2 token from slot 2
[04:37:08.201] [SEVERE ] player 2 placing token on slot 11
[04:37:08.201] [SEVERE ] player 2 placing token on slot 7
[04:37:08.201] [SEVERE ] setting player 2 freeze to 0
[04:37:08.201] [SEVERE ] removing player 2 token from slot 3
[04:37:08.201] [SEVERE ] player 2 placing token on slot 5
[04:37:08.201] [SEVERE ] setting player 2 freeze to 0
[04:37:08.201] [SEVERE ] removing player 2 token from slot 7
[04:37:08.201] [SEVERE ] removing player 2 token from slot 5
[04:37:08.201] [SEVERE ] player 2 placing token on slot 8
[04:37:08.201] [SEVERE ] player 2 placing token on slot 7
[04:37:08.201] [SEVERE ] setting player 2 freeze to 0
[04:37:08.201] [SEVERE ] removing player 2 token from slot 8
[04:37:08.201] [SEVERE ] player 2 placing token on slot 9
[04:37:08.201] [SEVERE ] setting player 2 freeze to 0
[04:37:08.201] [SEVERE ] removing player 2 token from slot 7
[04:37:08.201] [SEVERE ] player 2 placing token on slot 4
[04:37:08.201] [SEVERE ] removing player 2 token from slot 4
[04:37:08.201] [SEVERE ] removing card from slot 4
[04:37:08.201] [SEVERE ] removing player 1 token from slot 9
[04:37:08.216] [SEVERE ] removing player 2 token from slot 9
[04:37:08.216] [SEVERE ] removing player 4 token from slot 9
[04:37:08.216] [SEVERE ] removing card from slot 9
[04:37:08.216] [SEVERE ] removing player 2 token from slot 11
[04:37:08.216] [SEVERE ] removing card from slot 11
[04:37:08.216] [SEVERE ] setting player 2 freeze to 0
[04:37:08.216] [SEVERE ] setting player 2 freeze to 0
[04:37:08.216] [SEVERE ] setting player 2 score to 2
[04:37:08.248] [SEVERE ] placing card 30 in slot 4
[04:37:08.248] [SEVERE ] placing card 56 in slot 9
[04:37:08.248] [SEVERE ] placing card 80 in slot 11
[04:37:08.248] [SEVERE ] updating countdown to 10000
[04:37:08.248] [SEVERE ] player 2 placing token on slot 6
[04:37:08.248] [SEVERE ] player 2 placing token on slot 5
[04:37:08.248] [SEVERE ] player 2 placing token on slot 4
[04:37:08.248] [SEVERE ] setting player 2 freeze to 0
[04:37:08.248] [SEVERE ] removing player 2 token from slot 6
[04:37:08.248] [SEVERE ] removing player 2 token from slot 5
[04:37:08.248] [SEVERE ] player 2 placing token on slot 8
[04:37:08.248] [SEVERE ] player 2 placing token on slot 6
[04:37:08.263] [SEVERE ] setting player 2 freeze to 0
[04:37:08.263] [SEVERE ] player 4 placing token on slot 4
[04:37:08.263] [SEVERE ] setting player 4 freeze to 0
[04:37:08.263] [SEVERE ] player 1 placing token on slot 6
[04:37:08.263] [SEVERE ] setting player 1 freeze to 0
[04:37:08.263] [SEVERE ] removing player 4 token from slot 8
[04:37:08.263] [SEVERE ] player 4 placing token on slot 9
[04:37:08.263] [SEVERE ] setting player 4 freeze to 0
[04:37:08.263] [SEVERE ] removing player 4 token from slot 6
[04:37:08.263] [SEVERE ] player 4 placing token on slot 11
[04:37:08.263] [SEVERE ] setting player 4 freeze to 0
[04:37:08.263] [SEVERE ] removing player 4 token from slot 9
[04:37:08.263] [SEVERE ] player 4 placing token on slot 0
[04:37:08.263] [SEVERE ] setting player 4 freeze to 0
[04:37:08.263] [SEVERE ] removing player 4 token from slot 4
[04:37:08.263] [SEVERE ] player 4 placing token on slot 1
[04:37:08.263] [SEVERE ] setting player 4 freeze to 0
[04:37:08.263] [SEVERE ] removing player 4 token from slot 0
[04:37:08.263] [SEVERE ] player 4 placing token on slot 6
[04:37:08.263] [SEVERE ] setting player 4 freeze to 0
[04:37:08.263] [SEVERE ] removing player 3 token from slot 8
[04:37:08.263] [SEVERE ] removing player 3 token from slot 6
[04:37:08.263] [SEVERE ] player 3 placing token on slot 3
[04:37:08.263] [SEVERE ] player 3 placing token on slot 8
[04:37:08.263] [SEVERE ] setting player 3 freeze to 0
[04:37:08.263] [SEVERE ] removing player 3 token from slot 0
[04:37:08.263] [SEVERE ] player 3 placing token on slot 11
[04:37:08.263] [SEVERE ] setting player 3 freeze to 0
[04:37:08.263] [SEVERE ] removing player 3 token from slot 8
[04:37:08.263] [SEVERE ] player 3 placing token on slot 10
[04:37:08.263] [SEVERE ] setting player 3 freeze to 0
[04:37:08.263] [SEVERE ] removing player 3 token from slot 3
[04:37:08.263] [SEVERE ] player 3 placing token on slot 5
[04:37:08.263] [SEVERE ] setting player 3 freeze to 0
[04:37:08.263] [SEVERE ] removing player 3 token from slot 11
[04:37:08.263] [SEVERE ] player 3 placing token on slot 0
[04:37:08.263] [SEVERE ] setting player 3 freeze to 0
[04:37:08.263] [SEVERE ] removing player 3 token from slot 5
[04:37:08.263] [SEVERE ] player 3 placing token on slot 4
[04:37:08.263] [SEVERE ] setting player 3 freeze to 0
[04:37:08.263] [SEVERE ] removing player 3 token from slot 0
[04:37:08.263] [SEVERE ] player 3 placing token on slot 1
[04:37:08.263] [SEVERE ] setting player 3 freeze to 0
[04:37:08.263] [SEVERE ] removing player 3 token from slot 10
[04:37:08.279] [SEVERE ] player 3 placing token on slot 8
[04:37:08.279] [SEVERE ] setting player 3 freeze to 0
[04:37:08.279] [SEVERE ] removing player 3 token from slot 1
[04:37:08.279] [SEVERE ] removing player 3 token from slot 8
[04:37:08.279] [SEVERE ] player 3 placing token on slot 0
[04:37:08.279] [SEVERE ] removing player 4 token from slot 1
[04:37:08.279] [SEVERE ] player 4 placing token on slot 2
[04:37:08.279] [SEVERE ] setting player 4 freeze to 0
[04:37:08.279] [SEVERE ] removing player 2 token from slot 8
[04:37:08.279] [SEVERE ] player 2 placing token on slot 11
[04:37:08.279] [SEVERE ] setting player 2 freeze to 0
[04:37:08.279] [SEVERE ] removing player 1 token from slot 10
[04:37:08.279] [SEVERE ] player 1 placing token on slot 2
[04:37:08.279] [SEVERE ] removing player 2 token from slot 6
[04:37:08.279] [SEVERE ] player 2 placing token on slot 0
[04:37:08.279] [SEVERE ] setting player 1 freeze to 0
[04:37:08.310] [SEVERE ] setting player 2 freeze to 0
[04:37:08.310] [SEVERE ] player 3 placing token on slot 1
[04:37:08.310] [SEVERE ] setting player 3 freeze to 0
[04:37:08.310] [SEVERE ] removing player 3 token from slot 0
[04:37:08.310] [SEVERE ] removing player 4 token from slot 11
[04:37:08.310] [SEVERE ] player 4 placing token on slot 7
[04:37:08.310] [SEVERE ] setting player 4 freeze to 0
[04:37:08.310] [SEVERE ] removing player 4 token from slot 6
[04:37:08.310] [SEVERE ] player 4 placing token on slot 5
[04:37:08.310] [SEVERE ] setting player 4 freeze to 0
[04:37:08.310] [SEVERE ] removing player 4 token from slot 7
[04:37:08.310] [SEVERE ] player 4 placing token on slot 11
[04:37:08.326] [SEVERE ] setting player 4 freeze to 0
[04:37:08.326] [SEVERE ] removing player 4 token from slot 11
[04:37:08.326] [SEVERE ] player 4 placing token on slot 1
[04:37:08.326] [SEVERE ] setting player 4 freeze to 0
[04:37:08.326] [SEVERE ] removing player 4 token from slot 1
[04:37:08.326] [SEVERE ] player 4 placing token on slot 11
[04:37:08.326] [SEVERE ] setting player 4 freeze to 0
[04:37:08.326] [SEVERE ] removing player 2 token from slot 0
[04:37:08.326] [SEVERE ] player 2 placing token on slot 2
[04:37:08.326] [SEVERE ] setting player 2 freeze to 0
[04:37:08.326] [SEVERE ] removing player 2 token from slot 2
[04:37:08.326] [SEVERE ] player 2 placing token on slot 1
[04:37:08.326] [SEVERE ] setting player 2 freeze to 0
[04:37:08.326] [SEVERE ] removing player 2 token from slot 1
[04:37:08.326] [SEVERE ] player 2 placing token on slot 3
[04:37:08.326] [SEVERE ] setting player 2 freeze to 0
[04:37:08.326] [SEVERE ] removing player 2 token from slot 4
[04:37:08.326] [SEVERE ] player 2 placing token on slot 1
[04:37:08.326] [SEVERE ] setting player 2 freeze to 0
[04:37:08.326] [SEVERE ] removing player 2 token from slot 11
[04:37:08.326] [SEVERE ] player 2 placing token on slot 6
[04:37:08.326] [SEVERE ] setting player 2 freeze to 0
[04:37:08.326] [SEVERE ] removing player 2 token from slot 3
[04:37:08.326] [SEVERE ] removing player 2 token from slot 6
[04:37:08.326] [SEVERE ] player 2 placing token on slot 4
[04:37:08.326] [SEVERE ] player 2 placing token on slot 3
[04:37:08.326] [SEVERE ] setting player 2 freeze to 0
[04:37:08.326] [SEVERE ] removing player 2 token from slot 4
[04:37:08.326] [SEVERE ] player 2 placing token on slot 6
[04:37:08.326] [SEVERE ] setting player 2 freeze to 0
[04:37:08.326] [SEVERE ] removing player 2 token from slot 1
[04:37:08.326] [SEVERE ] removing player 2 token from slot 6
[04:37:08.326] [SEVERE ] player 2 placing token on slot 7
[04:37:08.326] [SEVERE ] player 2 placing token on slot 1
[04:37:08.341] [SEVERE ] setting player 2 freeze to 0
[04:37:08.341] [SEVERE ] removing player 2 token from slot 3
[04:37:08.341] [SEVERE ] removing player 2 token from slot 7
[04:37:08.341] [SEVERE ] player 2 placing token on slot 2
[04:37:08.341] [SEVERE ] player 2 placing token on slot 3
[04:37:08.341] [SEVERE ] setting player 2 freeze to 0
[04:37:08.341] [SEVERE ] removing player 2 token from slot 3
[04:37:08.341] [SEVERE ] player 2 placing token on slot 11
[04:37:08.341] [SEVERE ] setting player 2 freeze to 0
[04:37:08.341] [SEVERE ] removing player 2 token from slot 1
[04:37:08.341] [SEVERE ] removing player 2 token from slot 2
[04:37:08.341] [SEVERE ] player 2 placing token on slot 9
[04:37:08.341] [SEVERE ] player 2 placing token on slot 1
[04:37:08.341] [SEVERE ] setting player 2 freeze to 0
[04:37:08.341] [SEVERE ] removing player 2 token from slot 11
[04:37:08.341] [SEVERE ] player 2 placing token on slot 6
[04:37:08.341] [SEVERE ] setting player 2 freeze to 0
[04:37:08.341] [SEVERE ] removing player 2 token from slot 1
[04:37:08.341] [SEVERE ] removing player 2 token from slot 6
[04:37:08.341] [SEVERE ] player 2 placing token on slot 5
[04:37:08.341] [SEVERE ] player 2 placing token on slot 1
[04:37:08.341] [SEVERE ] setting player 2 freeze to 0
[04:37:08.341] [SEVERE ] removing player 2 token from slot 9
[04:37:08.341] [SEVERE ] player 2 placing token on slot 4
[04:37:08.341] [SEVERE ] setting player 2 freeze to 0
[04:37:08.341] [SEVERE ] removing player 2 token from slot 5
[04:37:08.341] [SEVERE ] player 2 placing token on slot 0
[04:37:08.341] [SEVERE ] setting player 2 freeze to 0
[04:37:08.341] [SEVERE ] removing player 2 token from slot 0
[04:37:08.341] [SEVERE ] player 2 placing token on slot 10
[04:37:08.341] [SEVERE ] setting player 2 freeze to 0
[04:37:08.341] [SEVERE ] removing player 2 token from slot 10
[04:37:08.341] [SEVERE ] removing player 2 token from slot 4
[04:37:08.341] [SEVERE ] player 2 placing token on slot 2
[04:37:08.357] [SEVERE ] player 2 placing token on slot 10
[04:37:08.357] [SEVERE ] setting player 2 freeze to 0
[04:37:08.357] [SEVERE ] removing player 2 token from slot 1
[04:37:08.357] [SEVERE ] player 2 placing token on slot 8
[04:37:08.357] [SEVERE ] setting player 2 freeze to 0
[04:37:08.357] [SEVERE ] removing player 2 token from slot 10
[04:37:08.357] [SEVERE ] player 2 placing token on slot 3
[04:37:08.357] [SEVERE ] setting player 2 freeze to 0
[04:37:08.357] [SEVERE ] removing player 2 token from slot 3
[04:37:08.357] [SEVERE ] player 2 placing token on slot 11
[04:37:08.357] [SEVERE ] setting player 2 freeze to 0
[04:37:08.357] [SEVERE ] removing player 2 token from slot 11
[04:37:08.357] [SEVERE ] player 2 placing token on slot 4
[04:37:08.357] [SEVERE ] setting player 2 freeze to 0
[04:37:08.357] [SEVERE ] removing player 2 token from slot 2
[04:37:08.357] [SEVERE ] player 2 placing token on slot 9
[04:37:08.357] [SEVERE ] setting player 2 freeze to 0
[04:37:08.357] [SEVERE ] removing player 2 token from slot 4
[04:37:08.357] [SEVERE ] player 2 placing token on slot 0
[04:37:08.357] [SEVERE ] setting player 2 freeze to 0
[04:37:08.357] [SEVERE ] removing player 4 token from slot 5
[04:37:08.357] [SEVERE ] player 4 placing token on slot 0
[04:37:08.357] [SEVERE ] setting player 4 freeze to 0
[04:37:08.357] [SEVERE ] removing player 4 token from slot 11
[04:37:08.357] [SEVERE ] player 4 placing token on slot 6
[04:37:08.373] [SEVERE ] setting player 4 freeze to 0
[04:37:08.373] [SEVERE ] removing player 4 token from slot 0
[04:37:08.373] [SEVERE ] player 4 placing token on slot 4
[04:37:08.373] [SEVERE ] setting player 4 freeze to 0
[04:37:08.373] [SEVERE ] player 3 placing token on slot 7
[04:37:08.373] [SEVERE ] setting player 3 freeze to 0
[04:37:08.373] [SEVERE ] removing player 3 token from slot 4
[04:37:08.373] [SEVERE ] player 3 placing token on slot 3
[04:37:08.373] [SEVERE ] setting player 3 freeze to 0
[04:37:08.373] [SEVERE ] removing player 3 token from slot 1
[04:37:08.373] [SEVERE ] player 3 placing token on slot 10
[04:37:08.373] [SEVERE ] setting player 3 freeze to 0
[04:37:08.373] [SEVERE ] removing player 3 token from slot 3
[04:37:08.373] [SEVERE ] player 3 placing token on slot 11
[04:37:08.373] [SEVERE ] setting player 3 freeze to 0
[04:37:08.373] [SEVERE ] removing player 3 token from slot 7
[04:37:08.373] [SEVERE ] player 3 placing token on slot 6
[04:37:08.373] [SEVERE ] setting player 3 freeze to 0
[04:37:08.373] [SEVERE ] removing player 3 token from slot 6
[04:37:08.373] [SEVERE ] player 3 placing token on slot 2
[04:37:08.373] [SEVERE ] setting player 3 freeze to 0
[04:37:08.373] [SEVERE ] removing player 3 token from slot 10
[04:37:08.373] [SEVERE ] player 3 placing token on slot 6
[04:37:08.388] [SEVERE ] setting player 3 freeze to 0
[04:37:08.388] [SEVERE ] removing player 3 token from slot 2
[04:37:08.388] [SEVERE ] player 3 placing token on slot 7
[04:37:08.388] [SEVERE ] setting player 3 freeze to 0
[04:37:08.388] [SEVERE ] removing player 3 token from slot 11
[04:37:08.388] [SEVERE ] removing player 3 token from slot 7
[04:37:08.388] [SEVERE ] player 3 placing token on slot 2
[04:37:08.388] [SEVERE ] player 3 placing token on slot 11
[04:37:08.388] [SEVERE ] setting player 3 freeze to 0
[04:37:08.388] [SEVERE ] removing player 3 token from slot 11
[04:37:08.388] [SEVERE ] removing player 3 token from slot 6
[04:37:08.388] [SEVERE ] player 3 placing token on slot 0
[04:37:08.388] [SEVERE ] player 3 placing token on slot 11
[04:37:08.404] [SEVERE ] setting player 3 freeze to 0
[04:37:08.404] [SEVERE ] removing player 3 token from slot 2
[04:37:08.404] [SEVERE ] player 3 placing token on slot 1
[04:37:08.404] [SEVERE ] setting player 3 freeze to 0
[04:37:08.404] [SEVERE ] removing player 3 token from slot 0
[04:37:08.404] [SEVERE ] player 3 placing token on slot 3
[04:37:08.404] [SEVERE ] setting player 3 freeze to 0
[04:37:08.404] [SEVERE ] removing player 3 token from slot 3
[04:37:08.404] [SEVERE ] player 3 placing token on slot 9
[04:37:08.404] [SEVERE ] setting player 3 freeze to 0
[04:37:08.404] [SEVERE ] removing player 3 token from slot 9
[04:37:08.404] [SEVERE ] player 3 placing token on slot 5
[04:37:08.404] [SEVERE ] setting player 3 freeze to 0
[04:37:08.404] [SEVERE ] removing player 3 token from slot 5
[04:37:08.404] [SEVERE ] player 3 placing token on slot 4
[04:37:08.404] [SEVERE ] setting player 3 freeze to 0
[04:37:08.404] [SEVERE ] removing player 3 token from slot 1
[04:37:08.404] [SEVERE ] player 3 placing token on slot 6
[04:37:08.404] [SEVERE ] setting player 3 freeze to 0
[04:37:08.404] [SEVERE ] removing player 1 token from slot 1
[04:37:08.404] [SEVERE ] player 1 placing token on slot 9
[04:37:08.404] [SEVERE ] setting player 1 freeze to 0
[04:37:08.404] [SEVERE ] removing player 4 token from slot 6
[04:37:08.404] [SEVERE ] player 4 placing token on slot 10
[04:37:08.404] [SEVERE ] setting player 4 freeze to 0
[04:37:08.404] [SEVERE ] removing player 4 token from slot 2
[04:37:08.404] [SEVERE ] player 4 placing token on slot 5
[04:37:08.404] [SEVERE ] setting player 4 freeze to 0
[04:37:08.404] [SEVERE ] removing player 4 token from slot 10
[04:37:08.404] [SEVERE ] player 4 placing token on slot 6
[04:37:08.404] [SEVERE ] setting player 4 freeze to 0
[04:37:08.404] [SEVERE ] removing player 4 token from slot 5
[04:37:08.404] [SEVERE ] player 4 placing token on slot 2
[04:37:08.419] [SEVERE ] setting player 4 freeze to 0
[04:37:08.419] [SEVERE ] removing player 4 token from slot 6
[04:37:08.419] [SEVERE ] player 4 placing token on slot 0
[04:37:08.419] [SEVERE ] setting player 4 freeze to 0
[04:37:08.419] [SEVERE ] removing player 4 token from slot 2
[04:37:08.419] [SEVERE ] player 4 placing token on slot 1
[04:37:08.419] [SEVERE ] setting player 4 freeze to 0
[04:37:08.419] [SEVERE ] removing player 3 token from slot 11
[04:37:08.419] [SEVERE ] player 3 placing token on slot 5
[04:37:08.419] [SEVERE ] setting player 3 freeze to 0
[04:37:08.419] [SEVERE ] removing player 3 token from slot 5
[04:37:08.419] [SEVERE ] removing player 3 token from slot 4
[04:37:08.419] [SEVERE ] player 3 placing token on slot 0
[04:37:08.419] [SEVERE ] player 3 placing token on slot 5
[04:37:08.419] [SEVERE ] removing player 2 token from slot 0
[04:37:08.419] [SEVERE ] removing player 3 token from slot 0
[04:37:08.419] [SEVERE ] removing player 4 token from slot 0
[04:37:08.419] [SEVERE ] removing card from slot 0
[04:37:08.419] [SEVERE ] removing player 3 token from slot 5
[04:37:08.419] [SEVERE ] removing card from slot 5
[04:37:08.419] [SEVERE ] removing player 1 token from slot 6
[04:37:08.419] [SEVERE ] removing player 3 token from slot 6
[04:37:08.419] [SEVERE ] removing card from slot 6
[04:37:08.419] [SEVERE ] setting player 3 freeze to 0
[04:37:08.419] [SEVERE ] setting player 3 freeze to 0
[04:37:08.419] [SEVERE ] setting player 3 score to 1
[04:37:08.419] [SEVERE ] placing card 54 in slot 5
[04:37:08.435] [SEVERE ] placing card 50 in slot 6
[04:37:08.435] [SEVERE ] placing card 64 in slot 0
[04:37:08.451] [SEVERE ] updating countdown to 10000
[04:37:08.451] [SEVERE ] player 3 placing token on slot 11
[04:37:08.451] [SEVERE ] player 3 placing token on slot 7
[04:37:08.451] [SEVERE ] player 3 placing token on slot 0
[04:37:08.451] [SEVERE ] setting player 3 freeze to 0
[04:37:08.451] [SEVERE ] removing player 3 token from slot 11
[04:37:08.451] [SEVERE ] player 3 placing token on slot 3
[04:37:08.451] [SEVERE ] setting player 3 freeze to 0
[04:37:08.451] [SEVERE ] removing player 3 token from slot 0
[04:37:08.451] [SEVERE ] player 3 placing token on slot 6
[04:37:08.451] [SEVERE ] setting player 3 freeze to 0
[04:37:08.451] [SEVERE ] removing player 3 token from slot 7
[04:37:08.451] [SEVERE ] player 3 placing token on slot 9
[04:37:08.451] [SEVERE ] setting player 3 freeze to 0
[04:37:08.451] [SEVERE ] removing player 3 token from slot 9
[04:37:08.451] [SEVERE ] player 3 placing token on slot 4
[04:37:08.451] [SEVERE ] setting player 3 freeze to 0
[04:37:08.451] [SEVERE ] removing player 3 token from slot 6
[04:37:08.451] [SEVERE ] player 3 placing token on slot 2
[04:37:08.451] [SEVERE ] setting player 3 freeze to 0
[04:37:08.451] [SEVERE ] removing player 3 token from slot 3
[04:37:08.451] [SEVERE ] player 3 placing token on slot 9
[04:37:08.451] [SEVERE ] setting player 3 freeze to 0
[04:37:08.451] [SEVERE ] removing player 3 token from slot 2
[04:37:08.451] [SEVERE ] removing player 3 token from slot 9
[04:37:08.451] [SEVERE ] player 3 placing token on slot 1
[04:37:08.451] [SEVERE ] player 3 placing token on slot 2
[04:37:08.451] [SEVERE ] setting player 3 freeze to 0
[04:37:08.451] [SEVERE ] removing player 3 token from slot 4
[04:37:08.451] [SEVERE ] player 3 placing token on slot 11
[04:37:08.451] [SEVERE ] setting player 3 freeze to 0
[04:37:08.466] [SEVERE ] removing player 3 token from slot 2
[04:37:08.466] [SEVERE ] player 3 placing token on slot 4
[04:37:08.466] [SEVERE ] setting player 3 freeze to 0
[04:37:08.466] [SEVERE ] removing player 3 token from slot 4
[04:37:08.466] [SEVERE ] player 3 placing token on slot 2
[04:37:08.466] [SEVERE ] setting player 3 freeze to 0
[04:37:08.466] [SEVERE ] player 1 placing token on slot 5
[04:37:08.466] [SEVERE ] setting player 1 freeze to 0
[04:37:08.466] [SEVERE ] removing player 1 token from slot 2
[04:37:08.466] [SEVERE ] player 1 placing token on slot 1
[04:37:08.466] [SEVERE ] setting player 1 freeze to 0
[04:37:08.466] [SEVERE ] removing player 1 token from slot 9
[04:37:08.466] [SEVERE ] player 1 placing token on slot 6
[04:37:08.466] [SEVERE ] setting player 1 freeze to 0
[04:37:08.466] [SEVERE ] removing player 1 token from slot 5
[04:37:08.466] [SEVERE ] removing player 1 token from slot 6
[04:37:08.466] [SEVERE ] player 1 placing token on slot 11
[04:37:08.466] [SEVERE ] player 1 placing token on slot 5
[04:37:08.466] [SEVERE ] removing player 1 token from slot 1
[04:37:08.466] [SEVERE ] removing player 3 token from slot 1
[04:37:08.466] [SEVERE ] removing player 4 token from slot 1
[04:37:08.466] [SEVERE ] removing card from slot 1
[04:37:08.466] [SEVERE ] removing player 1 token from slot 5
[04:37:08.466] [SEVERE ] removing card from slot 5
[04:37:08.482] [SEVERE ] removing player 1 token from slot 11
[04:37:08.482] [SEVERE ] removing player 3 token from slot 11
[04:37:08.498] [SEVERE ] removing card from slot 11
[04:37:08.498] [SEVERE ] setting player 1 freeze to 0
[04:37:08.498] [SEVERE ] placing card 24 in slot 5
[04:37:08.498] [SEVERE ] setting player 1 freeze to 0
[04:37:08.498] [SEVERE ] setting player 1 score to 1
[04:37:08.498] [SEVERE ] placing card 15 in slot 1
[04:37:08.498] [SEVERE ] placing card 1 in slot 11
[04:37:08.498] [SEVERE ] updating countdown to 10000
[04:37:08.498] [SEVERE ] player 1 placing token on slot 8
[04:37:08.498] [SEVERE ] player 1 placing token on slot 2
[04:37:08.498] [SEVERE ] player 1 placing token on slot 9
[04:37:08.498] [SEVERE ] setting player 1 freeze to 0
[04:37:08.498] [SEVERE ] removing player 1 token from slot 9
[04:37:08.498] [SEVERE ] player 1 placing token on slot 5
[04:37:08.498] [SEVERE ] setting player 1 freeze to 0
[04:37:08.498] [SEVERE ] removing player 1 token from slot 5
[04:37:08.498] [SEVERE ] player 1 placing token on slot 3
[04:37:08.513] [SEVERE ] setting player 1 freeze to 0
[04:37:08.513] [SEVERE ] player 3 placing token on slot 1
[04:37:08.513] [SEVERE ] player 3 placing token on slot 8
[04:37:08.513] [SEVERE ] setting player 3 freeze to 0
[04:37:08.513] [SEVERE ] removing player 3 token from slot 2
[04:37:08.513] [SEVERE ] player 3 placing token on slot 7
[04:37:08.513] [SEVERE ] setting player 3 freeze to 0
[04:37:08.513] [SEVERE ] removing player 3 token from slot 1
[04:37:08.513] [SEVERE ] player 3 placing token on slot 0
[04:37:08.513] [SEVERE ] setting player 3 freeze to 0
[04:37:08.513] [SEVERE ] removing player 3 token from slot 7
[04:37:08.513] [SEVERE ] removing player 3 token from slot 8
[04:37:08.513] [SEVERE ] player 3 placing token on slot 11
[04:37:08.513] [SEVERE ] player 2 placing token on slot 11
[04:37:08.513] [SEVERE ] setting player 2 freeze to 0
[04:37:08.513] [SEVERE ] removing player 2 token from slot 8
[04:37:08.513] [SEVERE ] player 2 placing token on slot 0
[04:37:08.513] [SEVERE ] setting player 2 freeze to 0
[04:37:08.513] [SEVERE ] removing player 2 token from slot 0
[04:37:08.513] [SEVERE ] player 4 placing token on slot 9
[04:37:08.513] [SEVERE ] removing player 4 token from slot 4
[04:37:08.513] [SEVERE ] player 4 placing token on slot 6
[04:37:08.513] [SEVERE ] removing player 4 token from slot 9
[04:37:08.513] [SEVERE ] player 4 placing token on slot 4
[04:37:08.513] [SEVERE ] removing player 4 token from slot 6
[04:37:08.513] [SEVERE ] player 4 placing token on slot 7
[04:37:08.513] [SEVERE ] player 4 placing token on slot 11
[04:37:08.513] [SEVERE ] setting player 4 freeze to 0
[04:37:08.513] [SEVERE ] removing player 4 token from slot 4
[04:37:08.513] [SEVERE ] player 4 placing token on slot 5
[04:37:08.513] [SEVERE ] setting player 4 freeze to 0
[04:37:08.513] [SEVERE ] removing player 4 token from slot 7
[04:37:08.513] [SEVERE ] player 4 placing token on slot 3
[04:37:08.513] [SEVERE ] setting player 4 freeze to 0
[04:37:08.513] [SEVERE ] player 2 placing token on slot 10
[04:37:08.513] [SEVERE ] setting player 2 freeze to 0
[04:37:08.513] [SEVERE ] removing player 2 token from slot 10
[04:37:08.513] [SEVERE ] removing player 2 token from slot 9
[04:37:08.513] [SEVERE ] player 2 placing token on slot 3
[04:37:08.513] [SEVERE ] player 2 placing token on slot 10
[04:37:08.513] [SEVERE ] setting player 2 freeze to 0
[04:37:08.513] [SEVERE ] removing player 2 token from slot 10
[04:37:08.513] [SEVERE ] player 2 placing token on slot 2
[04:37:08.529] [SEVERE ] setting player 2 freeze to 0
[04:37:08.529] [SEVERE ] removing player 2 token from slot 11
[04:37:08.529] [SEVERE ] removing player 2 token from slot 2
[04:37:08.529] [SEVERE ] player 2 placing token on slot 0
[04:37:08.529] [SEVERE ] player 2 placing token on slot 11
[04:37:08.529] [SEVERE ] setting player 2 freeze to 0
[04:37:08.529] [SEVERE ] removing player 1 token from slot 8
[04:37:08.529] [SEVERE ] player 1 placing token on slot 6
[04:37:08.544] [SEVERE ] setting player 1 freeze to 0
[04:37:08.544] [SEVERE ] removing player 1 token from slot 6
[04:37:08.544] [SEVERE ] player 1 placing token on slot 5
[04:37:08.544] [SEVERE ] setting player 1 freeze to 0
[04:37:08.544] [SEVERE ] removing player 2 token from slot 3
[04:37:08.544] [SEVERE ] player 2 placing token on slot 1
[04:37:08.544] [SEVERE ] setting player 2 freeze to 0
[04:37:08.544] [SEVERE ] player 3 placing token on slot 5
[04:37:08.544] [SEVERE ] setting player 3 freeze to 0
[04:37:08.544] [SEVERE ] removing player 4 token from slot 3
[04:37:08.544] [SEVERE ] player 4 placing token on slot 10
[04:37:08.544] [SEVERE ] setting player 4 freeze to 0
[04:37:08.544] [SEVERE ] removing player 4 token from slot 10
[04:37:08.544] [SEVERE ] removing player 3 token from slot 5
[04:37:08.544] [SEVERE ] player 3 placing token on slot 7
[04:37:08.544] [SEVERE ] setting player 3 freeze to 0
[04:37:08.544] [SEVERE ] removing player 3 token from slot 7
[04:37:08.544] [SEVERE ] player 3 placing token on slot 2
[04:37:08.544] [SEVERE ] setting player 3 freeze to 0
[04:37:08.544] [SEVERE ] removing player 3 token from slot 2
[04:37:08.544] [SEVERE ] removing player 2 token from slot 1
[04:37:08.544] [SEVERE ] player 2 placing token on slot 9
[04:37:08.544] [SEVERE ] setting player 2 freeze to 0
[04:37:08.544] [SEVERE ] removing player 2 token from slot 11
[04:37:08.544] [SEVERE ] player 2 placing token on slot 4
[04:37:08.544] [SEVERE ] setting player 2 freeze to 0
[04:37:08.544] [SEVERE ] removing player 2 token from slot 4
[04:37:08.544] [SEVERE ] player 2 placing token on slot 1
[04:37:08.544] [SEVERE ] setting player 2 freeze to 0
[04:37:08.544] [SEVERE ] removing player 2 token from slot 1
[04:37:08.544] [SEVERE ] removing player 2 token from slot 0
[04:37:08.544] [SEVERE ] player 2 placing token on slot 11
[04:37:08.544] [SEVERE ] player 2 placing token on slot 1
[04:37:08.544] [SEVERE ] setting player 2 freeze to 0
[04:37:08.560] [SEVERE ] removing player 2 token from slot 1
[04:37:08.560] [SEVERE ] player 2 placing token on slot 7
[04:37:08.560] [SEVERE ] setting player 2 freeze to 0
[04:37:08.560] [SEVERE ] player 3 placing token on slot 9
[04:37:08.560] [SEVERE ] setting player 3 freeze to 0
[04:37:08.560] [SEVERE ] removing player 3 token from slot 9
[04:37:08.560] [SEVERE ] player 3 placing token on slot 6
[04:37:08.560] [SEVERE ] setting player 3 freeze to 0
[04:37:08.560] [SEVERE ] removing player 3 token from slot 0
[04:37:08.560] [SEVERE ] removing player 3 token from slot 11
[04:37:08.560] [SEVERE ] player 3 placing token on slot 3
[04:37:08.560] [SEVERE ] player 3 placing token on slot 0
[04:37:08.560] [SEVERE ] setting player 3 freeze to 0
[04:37:08.560] [SEVERE ] removing player 3 token from slot 3
[04:37:08.560] [SEVERE ] player 3 placing token on slot 7
[04:37:08.560] [SEVERE ] setting player 3 freeze to 0
[04:37:08.560] [SEVERE ] removing player 3 token from slot 0
[04:37:08.560] [SEVERE ] player 3 placing token on slot 3
[04:37:08.560] [SEVERE ] setting player 3 freeze to 0
[04:37:08.560] [SEVERE ] removing player 3 token from slot 3
[04:37:08.576] [SEVERE ] player 3 placing token on slot 5
[04:37:08.576] [SEVERE ] setting player 3 freeze to 0
[04:37:08.576] [SEVERE ] removing player 3 token from slot 7
[04:37:08.576] [SEVERE ] player 3 placing token on slot 11
[04:37:08.576] [SEVERE ] setting player 3 freeze to 0
[04:37:08.576] [SEVERE ] removing player 3 token from slot 11
[04:37:08.576] [SEVERE ] player 3 placing token on slot 7
[04:37:08.576] [SEVERE ] setting player 3 freeze to 0
[04:37:08.576] [SEVERE ] removing player 3 token from slot 7
[04:37:08.576] [SEVERE ] player 3 placing token on slot 3
[04:37:08.576] [SEVERE ] setting player 3 freeze to 0
[04:37:08.576] [SEVERE ] removing player 3 token from slot 5
[04:37:08.576] [SEVERE ] player 3 placing token on slot 10
[04:37:08.576] [SEVERE ] setting player 3 freeze to 0
[04:37:08.576] [SEVERE ] removing player 3 token from slot 6
[04:37:08.576] [SEVERE ] player 3 placing token on slot 8
[04:37:08.576] [SEVERE ] setting player 3 freeze to 0
[04:37:08.576] [SEVERE ] removing player 3 token from slot 10
[04:37:08.576] [SEVERE ] player 3 placing token on slot 2
[04:37:08.607] [SEVERE ] setting player 3 freeze to 0
[04:37:08.607] [SEVERE ] removing player 3 token from slot 8
[04:37:08.607] [SEVERE ] removing player 3 token from slot 3
[04:37:08.607] [SEVERE ] player 3 placing token on slot 9
[04:37:08.607] [SEVERE ] removing player 1 token from slot 3
[04:37:08.607] [SEVERE ] player 1 placing token on slot 4
[04:37:08.607] [SEVERE ] setting player 1 freeze to 0
[04:37:08.607] [SEVERE ] player 3 placing token on slot 8
[04:37:08.607] [SEVERE ] setting player 3 freeze to 0
[04:37:08.607] [SEVERE ] player 4 placing token on slot 10
[04:37:08.607] [SEVERE ] setting player 4 freeze to 0
[04:37:08.607] [SEVERE ] removing player 2 token from slot 11
[04:37:08.607] [SEVERE ] player 2 placing token on slot 1
[04:37:08.607] [SEVERE ] setting player 2 freeze to 0
[04:37:08.607] [SEVERE ] removing player 2 token from slot 7
[04:37:08.607] [SEVERE ] player 2 placing token on slot 11
[04:37:08.607] [SEVERE ] setting player 2 freeze to 0
[04:37:08.607] [SEVERE ] removing player 3 token from slot 2
[04:37:08.607] [SEVERE ] player 3 placing token on slot 0
[04:37:08.607] [SEVERE ] setting player 3 freeze to 0
[04:37:08.607] [SEVERE ] removing player 3 token from slot 9
[04:37:08.607] [SEVERE ] player 3 placing token on slot 6
[04:37:08.607] [SEVERE ] setting player 3 freeze to 0
[04:37:08.607] [SEVERE ] removing player 3 token from slot 8
[04:37:08.607] [SEVERE ] player 3 placing token on slot 5
[04:37:08.623] [SEVERE ] setting player 3 freeze to 0
[04:37:08.623] [SEVERE ] removing player 3 token from slot 6
[04:37:08.623] [SEVERE ] player 3 placing token on slot 3
[04:37:08.623] [SEVERE ] setting player 3 freeze to 0
[04:37:08.623] [SEVERE ] removing player 3 token from slot 3
[04:37:08.623] [SEVERE ] player 3 placing token on slot 9
[04:37:08.623] [SEVERE ] setting player 3 freeze to 0
[04:37:08.623] [SEVERE ] removing player 3 token from slot 9
[04:37:08.623] [SEVERE ] player 3 placing token on slot 8
[04:37:08.623] [SEVERE ] setting player 3 freeze to 0
[04:37:08.623] [SEVERE ] removing player 3 token from slot 0
[04:37:08.623] [SEVERE ] removing player 3 token from slot 5
[04:37:08.623] [SEVERE ] player 3 placing token on slot 7
[04:37:08.623] [SEVERE ] player 3 placing token on slot 0
[04:37:08.623] [SEVERE ] setting player 3 freeze to 0
[04:37:08.623] [SEVERE ] removing player 3 token from slot 8
[04:37:08.623] [SEVERE ] player 3 placing token on slot 1
[04:37:08.623] [SEVERE ] setting player 3 freeze to 0
[04:37:08.623] [SEVERE ] removing player 3 token from slot 7
[04:37:08.623] [SEVERE ] player 3 placing token on slot 3
[04:37:08.623] [SEVERE ] setting player 3 freeze to 0
[04:37:08.623] [SEVERE ] removing player 3 token from slot 3
[04:37:08.623] [SEVERE ] player 3 placing token on slot 5
[04:37:08.623] [SEVERE ] setting player 3 freeze to 0
[04:37:08.654] [SEVERE ] removing player 3 token from slot 5
[04:37:08.654] [SEVERE ] player 3 placing token on slot 10
[04:37:08.654] [SEVERE ] setting player 3 freeze to 0
[04:37:08.654] [SEVERE ] removing player 3 token from slot 0
[04:37:08.654] [SEVERE ] player 3 placing token on slot 6
[04:37:08.654] [SEVERE ] setting player 3 freeze to 0
[04:37:08.654] [SEVERE ] removing player 1 token from slot 4
[04:37:08.654] [SEVERE ] player 1 placing token on slot 7
[04:37:08.669] [SEVERE ] setting player 1 freeze to 0
[04:37:08.669] [SEVERE ] removing player 1 token from slot 5
[04:37:08.669] [SEVERE ] removing player 3 token from slot 6
[04:37:08.669] [SEVERE ] player 3 placing token on slot 2
[04:37:08.669] [SEVERE ] setting player 3 freeze to 0
[04:37:08.669] [SEVERE ] removing player 4 token from slot 10
[04:37:08.669] [SEVERE ] removing player 4 token from slot 11
[04:37:08.669] [SEVERE ] player 4 placing token on slot 3
[04:37:08.669] [SEVERE ] player 4 placing token on slot 10
[04:37:08.669] [SEVERE ] setting player 4 freeze to 0
[04:37:08.669] [SEVERE ] player 1 placing token on slot 6
[04:37:08.669] [SEVERE ] setting player 1 freeze to 0
[04:37:08.669] [SEVERE ] removing player 3 token from slot 2
[04:37:08.669] [SEVERE ] player 3 placing token on slot 0
[04:37:08.669] [SEVERE ] setting player 3 freeze to 0
[04:37:08.669] [SEVERE ] removing player 3 token from slot 10
[04:37:08.669] [SEVERE ] player 3 placing token on slot 2
[04:37:08.669] [SEVERE ] removing player 3 token from slot 0
[04:37:08.669] [SEVERE ] removing card from slot 0
[04:37:08.669] [SEVERE ] removing player 2 token from slot 1
[04:37:08.685] [SEVERE ] removing player 3 token from slot 1
[04:37:08.685] [SEVERE ] removing card from slot 1
[04:37:08.701] [SEVERE ] removing player 1 token from slot 2
[04:37:08.701] [SEVERE ] removing player 3 token from slot 2
[04:37:08.701] [SEVERE ] removing card from slot 2
[04:37:08.701] [SEVERE ] setting player 3 freeze to 0
[04:37:08.701] [SEVERE ] setting player 3 freeze to 0
[04:37:08.701] [SEVERE ] setting player 3 score to 2
[04:37:08.701] [SEVERE ] placing card 75 in slot 1
[04:37:08.716] [SEVERE ] placing card 49 in slot 0
[04:37:08.732] [SEVERE ] placing card 23 in slot 2
[04:37:08.732] [SEVERE ] updating countdown to 10000
[04:37:08.732] [SEVERE ] player 3 placing token on slot 6
[04:37:08.732] [SEVERE ] player 3 placing token on slot 7
[04:37:08.732] [SEVERE ] player 3 placing token on slot 3
[04:37:08.732] [SEVERE ] setting player 3 freeze to 0
[04:37:08.732] [SEVERE ] removing player 3 token from slot 3
[04:37:08.732] [SEVERE ] player 3 placing token on slot 11
[04:37:08.732] [SEVERE ] setting player 3 freeze to 0
[04:37:08.732] [SEVERE ] removing player 3 token from slot 7
[04:37:08.732] [SEVERE ] player 3 placing token on slot 10
[04:37:08.732] [SEVERE ] setting player 3 freeze to 0
[04:37:08.732] [SEVERE ] removing player 3 token from slot 10
[04:37:08.732] [SEVERE ] player 3 placing token on slot 7
[04:37:08.732] [SEVERE ] setting player 3 freeze to 0
[04:37:08.732] [SEVERE ] removing player 3 token from slot 7
[04:37:08.732] [SEVERE ] removing player 3 token from slot 11
[04:37:08.732] [SEVERE ] removing player 3 token from slot 6
[04:37:08.732] [SEVERE ] player 3 placing token on slot 7
[04:37:08.732] [SEVERE ] player 3 placing token on slot 11
[04:37:08.732] [SEVERE ] player 3 placing token on slot 6
[04:37:08.732] [SEVERE ] setting player 3 freeze to 0
[04:37:08.732] [SEVERE ] removing player 3 token from slot 7
[04:37:08.732] [SEVERE ] removing player 3 token from slot 11
[04:37:08.732] [SEVERE ] player 3 placing token on slot 2
[04:37:08.732] [SEVERE ] player 3 placing token on slot 7
[04:37:08.732] [SEVERE ] setting player 3 freeze to 0
[04:37:08.732] [SEVERE ] removing player 3 token from slot 2
[04:37:08.732] [SEVERE ] player 3 placing token on slot 1
[04:37:08.732] [SEVERE ] setting player 3 freeze to 0
[04:37:08.732] [SEVERE ] removing player 3 token from slot 7
[04:37:08.732] [SEVERE ] player 3 placing token on slot 11
[04:37:08.732] [SEVERE ] setting player 3 freeze to 0
[04:37:08.732] [SEVERE ] removing player 3 token from slot 11
[04:37:08.747] [SEVERE ] player 3 placing token on slot 0
[04:37:08.747] [SEVERE ] setting player 3 freeze to 0
[04:37:08.747] [SEVERE ] removing player 3 token from slot 6
[04:37:08.747] [SEVERE ] player 3 placing token on slot 3
[04:37:08.747] [SEVERE ] setting player 3 freeze to 0
[04:37:08.747] [SEVERE ] removing player 3 token from slot 0
[04:37:08.747] [SEVERE ] player 3 placing token on slot 7
[04:37:08.747] [SEVERE ] setting player 3 freeze to 0
[04:37:08.747] [SEVERE ] removing player 3 token from slot 3
[04:37:08.747] [SEVERE ] player 3 placing token on slot 10
[04:37:08.747] [SEVERE ] setting player 3 freeze to 0
[04:37:08.747] [SEVERE ] removing player 3 token from slot 1
[04:37:08.747] [SEVERE ] player 3 placing token on slot 4
[04:37:08.747] [SEVERE ] setting player 3 freeze to 0
[04:37:08.747] [SEVERE ] removing player 3 token from slot 4
[04:37:08.747] [SEVERE ] player 3 placing token on slot 8
[04:37:08.747] [SEVERE ] setting player 3 freeze to 0
[04:37:08.747] [SEVERE ] removing player 3 token from slot 8
[04:37:08.747] [SEVERE ] player 3 placing token on slot 0
[04:37:08.747] [SEVERE ] setting player 3 freeze to 0
[04:37:08.747] [SEVERE ] removing player 3 token from slot 10
[04:37:08.747] [SEVERE ] removing player 3 token from slot 7
[04:37:08.747] [SEVERE ] removing player 3 token from slot 0
[04:37:08.747] [SEVERE ] player 2 placing token on slot 10
[04:37:08.747] [SEVERE ] setting player 2 freeze to 0
[04:37:08.747] [SEVERE ] player 3 placing token on slot 10
[04:37:08.747] [SEVERE ] player 3 placing token on slot 7
[04:37:08.747] [SEVERE ] player 3 placing token on slot 0
[04:37:08.747] [SEVERE ] setting player 3 freeze to 0
[04:37:08.747] [SEVERE ] removing player 3 token from slot 0
[04:37:08.747] [SEVERE ] player 3 placing token on slot 8
[04:37:08.747] [SEVERE ] setting player 3 freeze to 0
[04:37:08.747] [SEVERE ] removing player 3 token from slot 10
[04:37:08.747] [SEVERE ] player 3 placing token on slot 9
[04:37:08.747] [SEVERE ] setting player 3 freeze to 0
[04:37:08.747] [SEVERE ] removing player 3 token from slot 8
[04:37:08.747] [SEVERE ] removing player 3 token from slot 7
[04:37:08.747] [SEVERE ] removing player 2 token from slot 11
[04:37:08.747] [SEVERE ] removing player 2 token from slot 10
[04:37:08.747] [SEVERE ] player 2 placing token on slot 1
[04:37:08.747] [SEVERE ] player 2 placing token on slot 11
[04:37:08.747] [SEVERE ] setting player 2 freeze to 0
[04:37:08.747] [SEVERE ] player 1 placing token on slot 0
[04:37:08.747] [SEVERE ] setting player 1 freeze to 0
[04:37:08.747] [SEVERE ] removing player 1 token from slot 7
[04:37:08.747] [SEVERE ] player 1 placing token on slot 10
[04:37:08.763] [SEVERE ] setting player 1 freeze to 0
[04:37:08.763] [SEVERE ] removing player 2 token from slot 9
[04:37:08.763] [SEVERE ] player 2 placing token on slot 8
[04:37:08.763] [SEVERE ] setting player 2 freeze to 0
[04:37:08.763] [SEVERE ] removing player 2 token from slot 1
[04:37:08.763] [SEVERE ] player 2 placing token on slot 3
[04:37:08.763] [SEVERE ] setting player 2 freeze to 0
[04:37:08.763] [SEVERE ] player 3 placing token on slot 5
[04:37:08.763] [SEVERE ] player 3 placing token on slot 8
[04:37:08.763] [SEVERE ] setting player 3 freeze to 0
[04:37:08.763] [SEVERE ] removing player 3 token from slot 8
[04:37:08.763] [SEVERE ] removing player 3 token from slot 5
[04:37:08.763] [SEVERE ] player 3 placing token on slot 7
[04:37:08.763] [SEVERE ] player 3 placing token on slot 8
[04:37:08.763] [SEVERE ] setting player 3 freeze to 0
[04:37:08.763] [SEVERE ] removing player 3 token from slot 7
[04:37:08.763] [SEVERE ] player 3 placing token on slot 11
[04:37:08.763] [SEVERE ] setting player 3 freeze to 0
[04:37:08.763] [SEVERE ] removing player 3 token from slot 11
[04:37:08.763] [SEVERE ] player 3 placing token on slot 6
[04:37:08.763] [SEVERE ] setting player 3 freeze to 0
[04:37:08.763] [SEVERE ] removing player 3 token from slot 8
[04:37:08.763] [SEVERE ] player 3 placing token on slot 0
[04:37:08.763] [SEVERE ] setting player 3 freeze to 0
[04:37:08.763] [SEVERE ] removing player 3 token from slot 0
[04:37:08.763] [SEVERE ] removing player 2 token from slot 11
[04:37:08.763] [SEVERE ] player 2 placing token on slot 4
[04:37:08.763] [SEVERE ] setting player 2 freeze to 0
[04:37:08.763] [SEVERE ] removing player 2 token from slot 4
[04:37:08.763] [SEVERE ] player 2 placing token on slot 1
[04:37:08.763] [SEVERE ] setting player 2 freeze to 0
[04:37:08.763] [SEVERE ] player 3 placing token on slot 2
[04:37:08.763] [SEVERE ] setting player 3 freeze to 0
[04:37:08.763] [SEVERE ] removing player 3 token from slot 2
[04:37:08.763] [SEVERE ] player 3 placing token on slot 3
[04:37:08.763] [SEVERE ] setting player 3 freeze to 0
[04:37:08.763] [SEVERE ] removing player 3 token from slot 6
[04:37:08.763] [SEVERE ] player 3 placing token on slot 4
[04:37:08.763] [SEVERE ] setting player 3 freeze to 0
[04:37:08.763] [SEVERE ] removing player 3 token from slot 4
[04:37:08.763] [SEVERE ] player 3 placing token on slot 2
[04:37:08.763] [SEVERE ] setting player 3 freeze to 0
[04:37:08.763] [SEVERE ] removing player 3 token from slot 2
[04:37:08.763] [SEVERE ] player 3 placing token on slot 5
[04:37:08.763] [SEVERE ] setting player 3 freeze to 0
[04:37:08.763] [SEVERE ] removing player 3 token from slot 9
[04:37:08.763] [SEVERE ] player 3 placing token on slot 1
[04:37:08.763] [SEVERE ] setting player 3 freeze to 0
[04:37:08.763] [SEVERE ] removing player 3 token from slot 1
[04:37:08.763] [SEVERE ] player 3 placing token on slot 7
[04:37:08.779] [SEVERE ] setting player 3 freeze to 0
[04:37:08.779] [SEVERE ] removing player 3 token from slot 5
[04:37:08.779] [SEVERE ] player 3 placing token on slot 9
[04:37:08.779] [SEVERE ] setting player 3 freeze to 0
[04:37:08.779] [SEVERE ] removing player 3 token from slot 3
[04:37:08.779] [SEVERE ] player 3 placing token on slot 5
[04:37:08.779] [SEVERE ] setting player 3 freeze to 0
[04:37:08.779] [SEVERE ] removing player 4 token from slot 5
[04:37:08.779] [SEVERE ] player 4 placing token on slot 8
[04:37:08.779] [SEVERE ] setting player 4 freeze to 0
[04:37:08.779] [SEVERE ] removing player 4 token from slot 3
[04:37:08.794] [SEVERE ] player 4 placing token on slot 0
[04:37:08.794] [SEVERE ] setting player 4 freeze to 0
[04:37:08.794] [SEVERE ] removing player 4 token from slot 0
[04:37:08.794] [SEVERE ] player 4 placing token on slot 6
[04:37:08.794] [SEVERE ] setting player 4 freeze to 0
[04:37:08.794] [SEVERE ] removing player 4 token from slot 10
[04:37:08.794] [SEVERE ] removing player 3 token from slot 5
[04:37:08.794] [SEVERE ] player 3 placing token on slot 4
[04:37:08.794] [SEVERE ] setting player 3 freeze to 0
[04:37:08.794] [SEVERE ] removing player 3 token from slot 7
[04:37:08.794] [SEVERE ] player 3 placing token on slot 5
[04:37:08.794] [SEVERE ] setting player 3 freeze to 0
[04:37:08.794] [SEVERE ] removing player 3 token from slot 5
[04:37:08.794] [SEVERE ] player 3 placing token on slot 8
[04:37:08.794] [SEVERE ] setting player 3 freeze to 0
[04:37:08.794] [SEVERE ] removing player 2 token from slot 1
[04:37:08.794] [SEVERE ] removing player 2 token from slot 3
[04:37:08.794] [SEVERE ] player 2 placing token on slot 5
[04:37:08.794] [SEVERE ] player 2 placing token on slot 1
[04:37:08.794] [SEVERE ] setting player 2 freeze to 0
[04:37:08.794] [SEVERE ] removing player 1 token from slot 0
[04:37:08.794] [SEVERE ] player 1 placing token on slot 3
[04:37:08.794] [SEVERE ] setting player 1 freeze to 0
[04:37:08.794] [SEVERE ] removing player 1 token from slot 10
[04:37:08.794] [SEVERE ] removing player 2 token from slot 8
[04:37:08.794] [SEVERE ] player 2 placing token on slot 3
[04:37:08.794] [SEVERE ] setting player 2 freeze to 0
[04:37:08.794] [SEVERE ] removing player 2 token from slot 3
[04:37:08.794] [SEVERE ] player 2 placing token on slot 10
[04:37:08.794] [SEVERE ] setting player 2 freeze to 0
[04:37:08.794] [SEVERE ] player 4 placing token on slot 9
[04:37:08.857] [SEVERE ] setting player 4 freeze to 0
[04:37:08.857] [SEVERE ] removing player 4 token from slot 6
[04:37:08.857] [SEVERE ] player 4 placing token on slot 10
[04:37:08.857] [SEVERE ] setting player 4 freeze to 0
[04:37:08.857] [SEVERE ] removing player 4 token from slot 8
[04:37:08.857] [SEVERE ] player 4 placing token on slot 2
[04:37:08.857] [SEVERE ] setting player 4 freeze to 0
[04:37:08.857] [SEVERE ] removing player 4 token from slot 9
[04:37:08.857] [SEVERE ] removing player 4 token from slot 10
[04:37:08.857] [SEVERE ] removing player 4 token from slot 2
[04:37:08.857] [SEVERE ] player 4 placing token on slot 9
[04:37:08.857] [SEVERE ] player 4 placing token on slot 10
[04:37:08.857] [SEVERE ] player 4 placing token on slot 2
[04:37:08.857] [SEVERE ] setting player 4 freeze to 0
[04:37:08.857] [SEVERE ] removing player 4 token from slot 9
[04:37:08.857] [SEVERE ] player 4 placing token on slot 1
[04:37:08.857] [SEVERE ] setting player 4 freeze to 0
[04:37:08.857] [SEVERE ] removing player 4 token from slot 10
[04:37:08.857] [SEVERE ] player 4 placing token on slot 9
[04:37:08.857] [SEVERE ] setting player 4 freeze to 0
[04:37:08.857] [SEVERE ] removing player 4 token from slot 1
[04:37:08.857] [SEVERE ] player 4 placing token on slot 8
[04:37:08.857] [SEVERE ] setting player 4 freeze to 0
[04:37:08.857] [SEVERE ] removing player 4 token from slot 2
[04:37:08.857] [SEVERE ] player 4 placing token on slot 3
[04:37:08.857] [SEVERE ] setting player 4 freeze to 0
[04:37:08.857] [SEVERE ] removing player 4 token from slot 8
[04:37:08.857] [SEVERE ] player 4 placing token on slot 11
[04:37:08.857] [SEVERE ] setting player 4 freeze to 0
[04:37:08.857] [SEVERE ] removing player 4 token from slot 3
[04:37:08.857] [SEVERE ] player 4 placing token on slot 8
[04:37:08.857] [SEVERE ] setting player 4 freeze to 0
[04:37:08.857] [SEVERE ] removing player 4 token from slot 9
[04:37:08.857] [SEVERE ] player 4 placing token on slot 4
[04:37:08.857] [SEVERE ] setting player 4 freeze to 0
[04:37:08.857] [SEVERE ] removing player 4 token from slot 4
[04:37:08.857] [SEVERE ] player 4 placing token on slot 5
[04:37:08.857] [SEVERE ] setting player 4 freeze to 0
[04:37:08.857] [SEVERE ] removing player 4 token from slot 5
[04:37:08.857] [SEVERE ] player 4 placing token on slot 6
[04:37:08.857] [SEVERE ] setting player 4 freeze to 0
[04:37:08.857] [SEVERE ] removing player 4 token from slot 8
[04:37:08.857] [SEVERE ] player 4 placing token on slot 3
[04:37:08.857] [SEVERE ] setting player 4 freeze to 0
[04:37:08.872] [SEVERE ] removing player 4 token from slot 6
[04:37:08.872] [SEVERE ] player 4 placing token on slot 7
[04:37:08.872] [SEVERE ] setting player 4 freeze to 0
[04:37:08.872] [SEVERE ] removing player 4 token from slot 11
[04:37:08.872] [SEVERE ] removing player 4 token from slot 3
[04:37:08.872] [SEVERE ] player 4 placing token on slot 5
[04:37:08.872] [SEVERE ] player 4 placing token on slot 11
[04:37:08.872] [SEVERE ] setting player 4 freeze to 0
[04:37:08.872] [SEVERE ] removing player 4 token from slot 7
[04:37:08.872] [SEVERE ] player 4 placing token on slot 1
[04:37:08.872] [SEVERE ] setting player 4 freeze to 0
[04:37:08.872] [SEVERE ] removing player 4 token from slot 5
[04:37:08.872] [SEVERE ] player 4 placing token on slot 4
[04:37:08.872] [SEVERE ] setting player 4 freeze to 0
[04:37:08.872] [SEVERE ] removing player 4 token from slot 1
[04:37:08.872] [SEVERE ] player 4 placing token on slot 7
[04:37:08.872] [SEVERE ] setting player 4 freeze to 0
[04:37:08.872] [SEVERE ] removing player 4 token from slot 4
[04:37:08.872] [SEVERE ] player 4 placing token on slot 1
[04:37:08.872] [SEVERE ] setting player 4 freeze to 0
[04:37:08.872] [SEVERE ] removing player 4 token from slot 7
[04:37:08.872] [SEVERE ] player 4 placing token on slot 3
[04:37:08.872] [SEVERE ] setting player 4 freeze to 0
[04:37:08.872] [SEVERE ] removing player 3 token from slot 8
[04:37:08.872] [SEVERE ] player 3 placing token on slot 7
[04:37:08.872] [SEVERE ] setting player 3 freeze to 0
[04:37:08.872] [SEVERE ] removing player 3 token from slot 9
[04:37:08.872] [SEVERE ] removing player 3 token from slot 4
[04:37:08.872] [SEVERE ] player 3 placing token on slot 6
[04:37:08.872] [SEVERE ] player 3 placing token on slot 9
[04:37:08.872] [SEVERE ] removing player 1 token from slot 6
[04:37:08.872] [SEVERE ] removing player 3 token from slot 6
[04:37:08.872] [SEVERE ] removing card from slot 6
[04:37:08.872] [SEVERE ] removing player 3 token from slot 7
[04:37:08.872] [SEVERE ] removing card from slot 7
[04:37:08.872] [SEVERE ] removing player 3 token from slot 9
[04:37:08.888] [SEVERE ] removing card from slot 9
[04:37:08.888] [SEVERE ] setting player 3 freeze to 0
[04:37:08.888] [SEVERE ] setting player 3 freeze to 0
[04:37:08.888] [SEVERE ] setting player 3 score to 3
[04:37:08.888] [SEVERE ] placing card 61 in slot 9
[04:37:08.888] [SEVERE ] placing card 5 in slot 7
[04:37:08.888] [SEVERE ] placing card 34 in slot 6
[04:37:08.888] [SEVERE ] updating countdown to 10000
[04:37:08.888] [SEVERE ] player 3 placing token on slot 0
[04:37:08.888] [SEVERE ] player 3 placing token on slot 7
[04:37:08.888] [SEVERE ] player 3 placing token on slot 9
[04:37:08.888] [SEVERE ] setting player 3 freeze to 0
[04:37:08.888] [SEVERE ] removing player 3 token from slot 9
[04:37:08.888] [SEVERE ] player 3 placing token on slot 1
[04:37:08.888] [SEVERE ] setting player 3 freeze to 0
[04:37:08.888] [SEVERE ] removing player 3 token from slot 1
[04:37:08.904] [SEVERE ] player 3 placing token on slot 8
[04:37:08.904] [SEVERE ] setting player 3 freeze to 0
[04:37:08.904] [SEVERE ] removing player 3 token from slot 0
[04:37:08.904] [SEVERE ] player 3 placing token on slot 4
[04:37:08.904] [SEVERE ] setting player 3 freeze to 0
[04:37:08.904] [SEVERE ] removing player 3 token from slot 4
[04:37:08.904] [SEVERE ] player 3 placing token on slot 9
[04:37:08.904] [SEVERE ] setting player 3 freeze to 0
[04:37:08.904] [SEVERE ] removing player 3 token from slot 9
[04:37:08.904] [SEVERE ] player 3 placing token on slot 1
[04:37:08.904] [SEVERE ] player 1 placing token on slot 11
[04:37:08.904] [SEVERE ] player 1 placing token on slot 8
[04:37:08.904] [SEVERE ] setting player 3 freeze to 0
[04:37:08.904] [SEVERE ] setting player 1 freeze to 0
[04:37:08.904] [SEVERE ] removing player 1 token from slot 8
[04:37:08.904] [SEVERE ] player 1 placing token on slot 2
[04:37:08.904] [SEVERE ] setting player 1 freeze to 0
[04:37:08.904] [SEVERE ] removing player 1 token from slot 2
[04:37:08.904] [SEVERE ] player 1 placing token on slot 7
[04:37:08.904] [SEVERE ] setting player 1 freeze to 0
[04:37:08.904] [SEVERE ] removing player 1 token from slot 11
[04:37:08.904] [SEVERE ] player 1 placing token on slot 4
[04:37:08.904] [SEVERE ] setting player 1 freeze to 0
[04:37:08.904] [SEVERE ] removing player 3 token from slot 1
[04:37:08.904] [SEVERE ] player 3 placing token on slot 4
[04:37:08.904] [SEVERE ] setting player 3 freeze to 0
[04:37:08.904] [SEVERE ] removing player 3 token from slot 7
[04:37:08.904] [SEVERE ] removing player 3 token from slot 4
[04:37:08.904] [SEVERE ] player 3 placing token on slot 6
[04:37:08.904] [SEVERE ] player 3 placing token on slot 7
[04:37:08.904] [SEVERE ] setting player 3 freeze to 0
[04:37:08.904] [SEVERE ] removing player 3 token from slot 7
[04:37:08.904] [SEVERE ] player 3 placing token on slot 1
[04:37:08.904] [SEVERE ] setting player 3 freeze to 0
[04:37:08.904] [SEVERE ] removing player 3 token from slot 8
[04:37:08.904] [SEVERE ] player 3 placing token on slot 3
[04:37:08.904] [SEVERE ] setting player 3 freeze to 0
[04:37:08.904] [SEVERE ] removing player 3 token from slot 3
[04:37:08.904] [SEVERE ] player 3 placing token on slot 0
[04:37:08.904] [SEVERE ] setting player 3 freeze to 0
[04:37:08.904] [SEVERE ] removing player 3 token from slot 0
[04:37:08.904] [SEVERE ] player 3 placing token on slot 3
[04:37:08.904] [SEVERE ] setting player 3 freeze to 0
[04:37:08.904] [SEVERE ] removing player 3 token from slot 3
[04:37:08.904] [SEVERE ] player 3 placing token on slot 5
[04:37:08.904] [SEVERE ] setting player 3 freeze to 0
[04:37:08.904] [SEVERE ] removing player 3 token from slot 6
[04:37:08.904] [SEVERE ] player 3 placing token on slot 7
[04:37:08.904] [SEVERE ] setting player 3 freeze to 0
[04:37:08.904] [SEVERE ] removing player 3 token from slot 1
[04:37:08.904] [SEVERE ] player 3 placing token on slot 2
[04:37:08.904] [SEVERE ] setting player 3 freeze to 0
[04:37:08.904] [SEVERE ] removing player 4 token from slot 3
[04:37:08.904] [SEVERE ] removing player 4 token from slot 11
[04:37:08.919] [SEVERE ] player 4 placing token on slot 9
[04:37:08.919] [SEVERE ] updating countdown to 9000
[04:37:08.919] [SEVERE ] player 4 placing token on slot 3
[04:37:08.919] [SEVERE ] setting player 4 freeze to 0
[04:37:08.919] [SEVERE ] removing player 4 token from slot 3
[04:37:08.919] [SEVERE ] removing player 3 token from slot 5
[04:37:08.919] [SEVERE ] removing player 3 token from slot 2
[04:37:08.919] [SEVERE ] player 3 placing token on slot 6
[04:37:08.919] [SEVERE ] player 3 placing token on slot 5
[04:37:08.919] [SEVERE ] setting player 3 freeze to 0
[04:37:08.919] [SEVERE ] removing player 3 token from slot 7
[04:37:08.919] [SEVERE ] player 3 placing token on slot 0
[04:37:08.919] [SEVERE ] setting player 3 freeze to 0
[04:37:08.919] [SEVERE ] removing player 3 token from slot 0
[04:37:08.919] [SEVERE ] player 3 placing token on slot 11
[04:37:08.919] [SEVERE ] setting player 3 freeze to 0
[04:37:09.060] [SEVERE ] exit button pressed
[04:37:09.935] [SEVERE ] updating countdown to 8000
[04:37:10.947] [SEVERE ] updating countdown to 7000
[04:37:11.959] [SEVERE ] updating countdown to 6000
[04:37:12.966] [SEVERE ] updating countdown to 5000
[04:37:12.966] [SEVERE ] updating countdown to 5000
[04:37:14.529] [SEVERE ] updating countdown to 4000
[04:37:16.091] [SEVERE ] updating countdown to 3000
[04:37:17.653] [SEVERE ] updating countdown to 2000
[04:37:19.228] [SEVERE ] updating countdown to 1000
[04:37:20.801] [SEVERE ] updating countdown to 0
[04:37:20.816] [SEVERE ] removing player 1 token from slot 4
[04:37:20.816] [SEVERE ] removing card from slot 4
[04:37:20.816] [SEVERE ] removing player 4 token from slot 9
[04:37:20.816] [SEVERE ] removing card from slot 9
[04:37:20.816] [SEVERE ] removing player 3 token from slot 11
[04:37:20.816] [SEVERE ] removing card from slot 11
[04:37:20.816] [SEVERE ] removing player 2 token from slot 1
[04:37:20.816] [SEVERE ] removing player 4 token from slot 1
[04:37:20.816] [SEVERE ] removing card from slot 1
[04:37:20.816] [SEVERE ] removing player 1 token from slot 3
[04:37:20.816] [SEVERE ] removing card from slot 3
[04:37:20.816] [SEVERE ] removing player 2 token from slot 5
[04:37:20.816] [SEVERE ] removing player 3 token from slot 5
[04:37:20.816] [SEVERE ] removing card from slot 5
[04:37:20.816] [SEVERE ] removing player 3 token from slot 6
[04:37:20.816] [SEVERE ] removing card from slot 6
[04:37:20.816] [SEVERE ] removing card from slot 0
[04:37:20.816] [SEVERE ] removing card from slot 8
[04:37:20.816] [SEVERE ] removing player 1 token from slot 7
[04:37:20.816] [SEVERE ] removing card from slot 7
[04:37:20.816] [SEVERE ] removing player 2 token from slot 10
[04:37:20.816] [SEVERE ] removing card from slot 10
[04:37:20.816] [SEVERE ] removing card from slot 2
[04:37:20.816] [SEVERE ] announcing winner(s): player 3
[04:37:20.816] [INFO   ] Thread dealer terminated.
[04:37:20.816] [INFO   ] thread dealer terminated.
[04:37:20.816] [SEVERE ] thanks for playing... it was fun!
[04:37:20.816] [INFO   ] thread main terminated.
