[16:35:39.032] [INFO   ] thread main starting.
[16:35:39.044] [SEVERE ] cannot read configuration file config.properties trying from resources.
[16:35:39.047] [SEVERE ] configuration file was loaded from resources directory.
[16:35:39.632] [INFO   ] thread dealer starting.
[16:35:39.645] [INFO   ] Thread dealer starting.
[16:35:39.660] [INFO   ] Thread player0starting.
[16:35:39.660] [INFO   ] Thread player1starting.
[16:35:39.663] [INFO   ] Thread computer-1 starting.
[16:35:39.665] [INFO   ] Thread computer-0 starting.
[16:35:39.689] [SEVERE ] placing card 46 in slot 8
[16:35:39.718] [SEVERE ] placing card 52 in slot 10
[16:35:39.779] [SEVERE ] placing card 57 in slot 2
[16:35:39.795] [SEVERE ] placing card 67 in slot 7
[16:35:39.807] [SEVERE ] placing card 79 in slot 6
[16:35:39.823] [SEVERE ] placing card 77 in slot 1
[16:35:39.840] [SEVERE ] placing card 48 in slot 4
[16:35:39.857] [SEVERE ] placing card 69 in slot 11
[16:35:39.869] [SEVERE ] placing card 34 in slot 3
[16:35:39.886] [SEVERE ] placing card 37 in slot 5
[16:35:39.903] [SEVERE ] placing card 14 in slot 0
[16:35:39.915] [SEVERE ] placing card 9 in slot 9
[16:35:39.915] [SEVERE ] updating countdown to 100
[16:35:39.916] [SEVERE ] updating countdown to 100
[16:35:39.916] [SEVERE ] player 2 placing token on slot 11
[16:35:39.918] [SEVERE ] player 2 placing token on slot 10
[16:35:39.918] [SEVERE ] player 2 placing token on slot 7
[16:35:39.918] [SEVERE ] player 1 placing token on slot 9
[16:35:39.918] [SEVERE ] setting player 2 freeze to 4
[16:35:39.918] [SEVERE ] player 1 placing token on slot 2
[16:35:39.920] [SEVERE ] player 1 placing token on slot 6
[16:35:39.920] [SEVERE ] setting player 1 freeze to 4
[16:35:40.923] [SEVERE ] setting player 1 freeze to 0
[16:35:40.923] [SEVERE ] setting player 2 freeze to 0
[16:35:40.923] [SEVERE ] removing player 1 token from slot 2
[16:35:40.923] [SEVERE ] player 1 placing token on slot 10
[16:35:40.923] [SEVERE ] setting player 1 freeze to 4
[16:35:40.935] [SEVERE ] removing card from slot 8
[16:35:40.949] [SEVERE ] removing player 1 token from slot 6
[16:35:40.949] [SEVERE ] removing card from slot 6
[16:35:40.963] [SEVERE ] removing card from slot 5
[16:35:40.979] [SEVERE ] removing card from slot 2
[16:35:40.995] [SEVERE ] removing card from slot 0
[16:35:41.011] [SEVERE ] removing card from slot 4
[16:35:41.023] [SEVERE ] removing card from slot 1
[16:35:41.035] [SEVERE ] removing card from slot 3
[16:35:41.049] [SEVERE ] removing player 1 token from slot 10
[16:35:41.049] [SEVERE ] removing player 2 token from slot 10
[16:35:41.049] [SEVERE ] removing card from slot 10
[16:35:41.064] [SEVERE ] removing player 2 token from slot 11
[16:35:41.064] [SEVERE ] removing card from slot 11
[16:35:41.077] [SEVERE ] removing player 1 token from slot 9
[16:35:41.077] [SEVERE ] removing card from slot 9
[16:35:41.089] [SEVERE ] removing player 2 token from slot 7
[16:35:41.089] [SEVERE ] removing card from slot 7
[16:35:41.105] [SEVERE ] placing card 21 in slot 8
[16:35:41.121] [SEVERE ] placing card 4 in slot 9
[16:35:41.137] [SEVERE ] placing card 26 in slot 6
[16:35:41.153] [SEVERE ] placing card 55 in slot 11
[16:35:41.169] [SEVERE ] placing card 50 in slot 1
[16:35:41.186] [SEVERE ] placing card 24 in slot 5
[16:35:41.199] [SEVERE ] placing card 75 in slot 2
[16:35:41.215] [SEVERE ] placing card 66 in slot 0
[16:35:41.232] [SEVERE ] placing card 64 in slot 7
[16:35:41.249] [SEVERE ] placing card 40 in slot 10
[16:35:41.262] [SEVERE ] placing card 3 in slot 4
[16:35:41.279] [SEVERE ] placing card 5 in slot 3
[16:35:41.279] [SEVERE ] updating countdown to 100
[16:35:41.279] [SEVERE ] updating countdown to 100
[16:35:41.936] [SEVERE ] setting player 1 freeze to 0
[16:35:41.936] [SEVERE ] player 1 placing token on slot 8
[16:35:41.936] [SEVERE ] player 1 placing token on slot 4
[16:35:41.936] [SEVERE ] player 1 placing token on slot 9
[16:35:41.936] [SEVERE ] setting player 1 freeze to 4
[16:35:42.379] [SEVERE ] removing card from slot 2
[16:35:42.396] [SEVERE ] removing player 1 token from slot 9
[16:35:42.396] [SEVERE ] removing card from slot 9
[16:35:42.412] [SEVERE ] removing player 1 token from slot 8
[16:35:42.412] [SEVERE ] removing card from slot 8
[16:35:42.424] [SEVERE ] removing card from slot 10
[16:35:42.440] [SEVERE ] removing card from slot 0
[16:35:42.457] [SEVERE ] removing card from slot 3
[16:35:42.474] [SEVERE ] removing card from slot 5
[16:35:42.491] [SEVERE ] removing card from slot 1
[16:35:42.507] [SEVERE ] removing card from slot 11
[16:35:42.524] [SEVERE ] removing card from slot 6
[16:35:42.541] [SEVERE ] removing card from slot 7
[16:35:42.553] [SEVERE ] removing player 1 token from slot 4
[16:35:42.553] [SEVERE ] removing card from slot 4
[16:35:42.565] [SEVERE ] placing card 51 in slot 11
[16:35:42.581] [SEVERE ] placing card 21 in slot 0
[16:35:42.597] [SEVERE ] placing card 71 in slot 6
[16:35:42.613] [SEVERE ] placing card 13 in slot 3
[16:35:42.629] [SEVERE ] placing card 3 in slot 9
[16:35:42.646] [SEVERE ] placing card 42 in slot 2
[16:35:42.659] [SEVERE ] placing card 50 in slot 7
[16:35:42.675] [SEVERE ] placing card 43 in slot 5
[16:35:42.691] [SEVERE ] placing card 46 in slot 10
[16:35:42.707] [SEVERE ] placing card 78 in slot 1
[16:35:42.723] [SEVERE ] placing card 61 in slot 8
[16:35:42.739] [SEVERE ] placing card 74 in slot 4
[16:35:42.739] [SEVERE ] updating countdown to 100
[16:35:42.739] [SEVERE ] updating countdown to 100
[16:35:42.937] [SEVERE ] setting player 1 freeze to 0
[16:35:42.937] [SEVERE ] player 1 placing token on slot 9
[16:35:42.937] [SEVERE ] player 1 placing token on slot 4
[16:35:42.937] [SEVERE ] player 1 placing token on slot 7
[16:35:42.937] [SEVERE ] setting player 1 freeze to 4
[16:35:43.807] [SEVERE ] removing card from slot 10
[16:35:43.824] [SEVERE ] removing player 1 token from slot 4
[16:35:43.824] [SEVERE ] removing card from slot 4
[16:35:43.836] [SEVERE ] removing card from slot 8
[16:35:43.853] [SEVERE ] removing card from slot 11
[16:35:43.869] [SEVERE ] removing card from slot 6
[16:35:43.885] [SEVERE ] removing card from slot 2
[16:35:43.901] [SEVERE ] removing card from slot 5
[16:35:43.913] [SEVERE ] removing player 1 token from slot 9
[16:35:43.913] [SEVERE ] removing card from slot 9
[16:35:43.929] [SEVERE ] removing card from slot 0
[16:35:43.945] [SEVERE ] setting player 1 freeze to 0
[16:35:43.945] [SEVERE ] removing card from slot 1
[16:35:43.961] [SEVERE ] removing card from slot 3
[16:35:43.977] [SEVERE ] removing player 1 token from slot 7
[16:35:43.977] [SEVERE ] removing card from slot 7
[16:35:43.989] [SEVERE ] placing card 16 in slot 8
[16:35:44.005] [SEVERE ] placing card 23 in slot 4
[16:35:44.021] [SEVERE ] placing card 40 in slot 3
[16:35:44.038] [SEVERE ] placing card 24 in slot 9
[16:35:44.053] [SEVERE ] placing card 61 in slot 0
[16:35:44.069] [SEVERE ] placing card 13 in slot 1
[16:35:44.085] [SEVERE ] placing card 50 in slot 2
[16:35:44.101] [SEVERE ] placing card 51 in slot 5
[16:35:44.117] [SEVERE ] placing card 36 in slot 11
[16:35:44.134] [SEVERE ] placing card 71 in slot 6
[16:35:44.146] [SEVERE ] placing card 52 in slot 7
[16:35:44.163] [SEVERE ] placing card 8 in slot 10
[16:35:44.163] [SEVERE ] updating countdown to 100
[16:35:44.163] [SEVERE ] player 1 placing token on slot 8
[16:35:44.163] [SEVERE ] player 1 placing token on slot 0
[16:35:44.163] [SEVERE ] updating countdown to 100
[16:35:44.163] [SEVERE ] player 1 placing token on slot 3
[16:35:44.163] [SEVERE ] setting player 1 freeze to 4
[16:35:44.163] [SEVERE ] player 2 placing token on slot 11
[16:35:44.163] [SEVERE ] player 2 placing token on slot 6
[16:35:44.163] [SEVERE ] player 2 placing token on slot 3
[16:35:44.163] [SEVERE ] setting player 2 freeze to 4
[16:35:45.175] [SEVERE ] setting player 1 freeze to 0
[16:35:45.175] [SEVERE ] setting player 2 freeze to 0
[16:35:45.176] [SEVERE ] removing player 2 token from slot 3
[16:35:45.176] [SEVERE ] player 2 placing token on slot 5
[16:35:45.177] [SEVERE ] setting player 2 freeze to 4
[16:35:45.191] [SEVERE ] removing player 2 token from slot 11
[16:35:45.191] [SEVERE ] removing card from slot 11
[16:35:45.207] [SEVERE ] removing player 1 token from slot 0
[16:35:45.207] [SEVERE ] removing card from slot 0
[16:35:45.219] [SEVERE ] removing card from slot 10
[16:35:45.236] [SEVERE ] removing card from slot 7
[16:35:45.249] [SEVERE ] removing card from slot 9
[16:35:45.261] [SEVERE ] removing player 2 token from slot 5
[16:35:45.261] [SEVERE ] removing card from slot 5
[16:35:45.274] [SEVERE ] removing card from slot 1
[16:35:45.290] [SEVERE ] removing player 2 token from slot 6
[16:35:45.290] [SEVERE ] removing card from slot 6
[16:35:45.306] [SEVERE ] removing player 1 token from slot 3
[16:35:45.306] [SEVERE ] removing card from slot 3
[16:35:45.319] [SEVERE ] removing player 1 token from slot 8
[16:35:45.319] [SEVERE ] removing card from slot 8
[16:35:45.331] [SEVERE ] removing card from slot 2
[16:35:45.344] [SEVERE ] removing card from slot 4
[16:35:45.355] [SEVERE ] placing card 52 in slot 3
[16:35:45.367] [SEVERE ] placing card 75 in slot 9
[16:35:45.383] [SEVERE ] placing card 66 in slot 7
[16:35:45.398] [SEVERE ] placing card 65 in slot 2
[16:35:45.413] [SEVERE ] placing card 54 in slot 5
[16:35:45.429] [SEVERE ] placing card 79 in slot 6
[16:35:45.446] [SEVERE ] placing card 17 in slot 10
[16:35:45.462] [SEVERE ] placing card 22 in slot 4
[16:35:45.475] [SEVERE ] placing card 9 in slot 8
[16:35:45.488] [SEVERE ] placing card 58 in slot 0
[16:35:45.504] [SEVERE ] placing card 74 in slot 1
[16:35:45.520] [SEVERE ] placing card 0 in slot 11
[16:35:45.520] [SEVERE ] updating countdown to 100
[16:35:45.521] [SEVERE ] updating countdown to 100
[16:35:46.186] [SEVERE ] setting player 2 freeze to 0
[16:35:46.186] [SEVERE ] player 2 placing token on slot 3
[16:35:46.186] [SEVERE ] player 1 placing token on slot 9
[16:35:46.186] [SEVERE ] player 1 placing token on slot 4
[16:35:46.186] [SEVERE ] player 1 placing token on slot 6
[16:35:46.186] [SEVERE ] setting player 1 freeze to 4
[16:35:46.625] [SEVERE ] removing card from slot 8
[16:35:46.638] [SEVERE ] removing card from slot 5
[16:35:46.654] [SEVERE ] removing card from slot 0
[16:35:46.666] [SEVERE ] removing card from slot 2
[16:35:46.682] [SEVERE ] removing card from slot 7
[16:35:46.699] [SEVERE ] removing player 2 token from slot 3
[16:35:46.699] [SEVERE ] removing card from slot 3
[16:35:46.715] [SEVERE ] removing card from slot 11
[16:35:46.728] [SEVERE ] removing card from slot 1
[16:35:46.744] [SEVERE ] removing player 1 token from slot 4
[16:35:46.744] [SEVERE ] removing card from slot 4
[16:35:46.760] [SEVERE ] removing player 1 token from slot 9
[16:35:46.760] [SEVERE ] removing card from slot 9
[16:35:46.773] [SEVERE ] removing player 1 token from slot 6
[16:35:46.773] [SEVERE ] removing card from slot 6
[16:35:46.789] [SEVERE ] removing card from slot 10
[16:35:46.805] [SEVERE ] placing card 55 in slot 1
[16:35:46.821] [SEVERE ] placing card 20 in slot 8
[16:35:46.837] [SEVERE ] placing card 15 in slot 6
[16:35:46.853] [SEVERE ] placing card 73 in slot 9
[16:35:46.866] [SEVERE ] placing card 31 in slot 0
[16:35:46.882] [SEVERE ] placing card 7 in slot 10
[16:35:46.898] [SEVERE ] placing card 2 in slot 2
[16:35:46.914] [SEVERE ] placing card 9 in slot 4
[16:35:46.930] [SEVERE ] placing card 38 in slot 3
[16:35:46.947] [SEVERE ] placing card 60 in slot 11
[16:35:46.959] [SEVERE ] placing card 57 in slot 5
[16:35:46.971] [SEVERE ] placing card 30 in slot 7
[16:35:46.971] [SEVERE ] updating countdown to 100
[16:35:46.971] [SEVERE ] updating countdown to 100
[16:35:47.187] [SEVERE ] setting player 1 freeze to 0
[16:35:47.187] [SEVERE ] player 1 placing token on slot 4
[16:35:47.187] [SEVERE ] player 1 placing token on slot 0
[16:35:47.187] [SEVERE ] player 1 placing token on slot 2
[16:35:47.187] [SEVERE ] setting player 1 freeze to 4
[16:35:47.187] [SEVERE ] player 2 placing token on slot 11
[16:35:47.187] [SEVERE ] player 2 placing token on slot 10
[16:35:48.072] [SEVERE ] removing card from slot 7
[16:35:48.088] [SEVERE ] removing player 2 token from slot 11
[16:35:48.088] [SEVERE ] removing card from slot 11
[16:35:48.104] [SEVERE ] removing player 1 token from slot 2
[16:35:48.104] [SEVERE ] removing card from slot 2
[16:35:48.116] [SEVERE ] removing card from slot 9
[16:35:48.133] [SEVERE ] removing player 1 token from slot 0
[16:35:48.133] [SEVERE ] removing card from slot 0
[16:35:48.149] [SEVERE ] removing card from slot 1
[16:35:48.164] [SEVERE ] removing card from slot 6
[16:35:48.180] [SEVERE ] removing card from slot 3
[16:35:48.192] [SEVERE ] setting player 1 freeze to 0
[16:35:48.192] [SEVERE ] removing player 2 token from slot 10
[16:35:48.192] [SEVERE ] removing card from slot 10
[16:35:48.204] [SEVERE ] removing card from slot 8
[16:35:48.221] [SEVERE ] removing player 1 token from slot 4
[16:35:48.221] [SEVERE ] removing card from slot 4
[16:35:48.238] [SEVERE ] removing card from slot 5
[16:35:48.250] [SEVERE ] placing card 58 in slot 6
[16:35:48.263] [SEVERE ] placing card 37 in slot 4
[16:35:48.279] [SEVERE ] placing card 16 in slot 7
[16:35:48.295] [SEVERE ] placing card 14 in slot 9
[16:35:48.307] [SEVERE ] placing card 74 in slot 11
[16:35:48.319] [SEVERE ] placing card 11 in slot 2
[16:35:48.336] [SEVERE ] placing card 66 in slot 5
[16:35:48.352] [SEVERE ] placing card 47 in slot 0
[16:35:48.368] [SEVERE ] placing card 54 in slot 10
[16:35:48.384] [SEVERE ] placing card 1 in slot 8
[16:35:48.401] [SEVERE ] placing card 19 in slot 3
[16:35:48.417] [SEVERE ] placing card 64 in slot 1
[16:35:48.417] [SEVERE ] updating countdown to 100
[16:35:48.417] [SEVERE ] player 1 placing token on slot 5
[16:35:48.417] [SEVERE ] player 1 placing token on slot 11
[16:35:48.417] [SEVERE ] player 1 placing token on slot 6
[16:35:48.417] [SEVERE ] setting player 1 freeze to 4
[16:35:48.417] [SEVERE ] player 2 placing token on slot 3
[16:35:48.417] [SEVERE ] player 2 placing token on slot 11
[16:35:48.417] [SEVERE ] player 2 placing token on slot 10
[16:35:48.417] [SEVERE ] updating countdown to 100
[16:35:48.417] [SEVERE ] setting player 2 freeze to 4
[16:35:49.422] [SEVERE ] setting player 1 freeze to 0
[16:35:49.422] [SEVERE ] setting player 2 freeze to 0
[16:35:49.422] [SEVERE ] removing player 1 token from slot 6
[16:35:49.422] [SEVERE ] removing player 2 token from slot 10
[16:35:49.422] [SEVERE ] player 2 placing token on slot 2
[16:35:49.422] [SEVERE ] setting player 2 freeze to 4
[16:35:49.439] [SEVERE ] removing card from slot 4
[16:35:49.455] [SEVERE ] removing card from slot 10
[16:35:49.471] [SEVERE ] removing player 2 token from slot 3
[16:35:49.471] [SEVERE ] removing card from slot 3
[16:35:49.487] [SEVERE ] removing card from slot 8
[16:35:49.503] [SEVERE ] removing card from slot 0
[16:35:49.519] [SEVERE ] removing card from slot 7
[16:35:49.535] [SEVERE ] removing card from slot 6
[16:35:49.548] [SEVERE ] removing player 2 token from slot 2
[16:35:49.548] [SEVERE ] removing card from slot 2
[16:35:49.561] [SEVERE ] removing player 1 token from slot 11
[16:35:49.561] [SEVERE ] removing player 2 token from slot 11
[16:35:49.561] [SEVERE ] removing card from slot 11
[16:35:49.576] [SEVERE ] removing player 1 token from slot 5
[16:35:49.576] [SEVERE ] removing card from slot 5
[16:35:49.592] [SEVERE ] removing card from slot 9
[16:35:49.608] [SEVERE ] removing card from slot 1
[16:35:49.624] [SEVERE ] placing card 77 in slot 7
[16:35:49.637] [SEVERE ] placing card 13 in slot 11
[16:35:49.649] [SEVERE ] placing card 79 in slot 3
[16:35:49.665] [SEVERE ] placing card 45 in slot 0
[16:35:49.680] [SEVERE ] placing card 72 in slot 8
[16:35:49.695] [SEVERE ] placing card 23 in slot 2
[16:35:49.711] [SEVERE ] placing card 40 in slot 4
[16:35:49.727] [SEVERE ] placing card 63 in slot 9
[16:35:49.743] [SEVERE ] placing card 55 in slot 1
[16:35:49.759] [SEVERE ] placing card 34 in slot 10
[16:35:49.776] [SEVERE ] placing card 61 in slot 6
[16:35:49.788] [SEVERE ] placing card 78 in slot 5
[16:35:49.788] [SEVERE ] updating countdown to 100
[16:35:49.788] [SEVERE ] updating countdown to 100
[16:35:49.794] [SEVERE ] exit button pressed
[16:35:49.794] [INFO   ] Thread computer-0 terminated.
[16:35:49.794] [INFO   ] Thread player0 terminated.
[16:35:49.819] [SEVERE ] removing card from slot 5
[16:35:49.831] [SEVERE ] removing card from slot 6
[16:35:49.848] [SEVERE ] removing card from slot 1
[16:35:49.860] [SEVERE ] removing card from slot 2
[16:35:49.873] [SEVERE ] removing card from slot 7
[16:35:49.892] [SEVERE ] removing card from slot 8
[16:35:49.907] [SEVERE ] removing card from slot 3
[16:35:49.948] [SEVERE ] removing card from slot 0
[16:35:49.961] [SEVERE ] removing card from slot 9
[16:35:49.973] [SEVERE ] removing card from slot 10
[16:35:49.990] [SEVERE ] removing card from slot 11
[16:35:50.006] [SEVERE ] removing card from slot 4
[16:35:50.007] [SEVERE ] announcing winner(s): player 1, player 2
[16:35:50.010] [INFO   ] Thread dealer terminated.
[16:35:50.010] [INFO   ] thread dealer terminated.
[16:35:50.010] [SEVERE ] thanks for playing... it was fun!
[16:35:50.010] [INFO   ] thread main terminated.
