[13:34:27.253] [INFO   ] thread main starting.
[13:34:27.261] [SEVERE ] cannot read configuration file config.properties trying from resources.
[13:34:27.261] [SEVERE ] configuration file was loaded from resources directory.
[13:34:27.713] [INFO   ] thread dealer starting.
[13:34:27.728] [INFO   ] Thread player0starting.
[13:34:27.731] [INFO   ] Thread dealer starting.
[13:34:27.731] [INFO   ] Thread player1starting.
[13:34:27.733] [INFO   ] Thread computer-0 starting.
[13:34:27.735] [INFO   ] Thread computer-1 starting.
[13:34:27.764] [SEVERE ] placing card 8 in slot 6
[13:34:27.780] [SEVERE ] placing card 45 in slot 1
[13:34:27.796] [SEVERE ] placing card 52 in slot 8
[13:34:27.809] [SEVERE ] placing card 63 in slot 4
[13:34:27.825] [SEVERE ] placing card 47 in slot 11
[13:34:27.840] [SEVERE ] placing card 59 in slot 7
[13:34:27.859] [SEVERE ] placing card 32 in slot 10
[13:34:27.871] [SEVERE ] placing card 5 in slot 2
[13:34:27.887] [SEVERE ] placing card 14 in slot 5
[13:34:27.904] [SEVERE ] placing card 28 in slot 9
[13:34:27.921] [SEVERE ] placing card 4 in slot 0
[13:34:27.933] [SEVERE ] placing card 40 in slot 3
[13:34:27.933] [SEVERE ] updating countdown to 100
[13:34:27.933] [SEVERE ] player 1 placing token on slot 1
[13:34:27.933] [SEVERE ] updating countdown to 100
[13:34:27.933] [SEVERE ] player 1 placing token on slot 5
[13:34:27.933] [SEVERE ] player 1 placing token on slot 4
[13:34:27.933] [SEVERE ] setting player 1 freeze to 4
[13:34:27.942] [SEVERE ] setting player 1 freeze to 0
[13:34:27.946] [SEVERE ] removing card from slot 8
[13:34:27.962] [SEVERE ] removing card from slot 7
[13:34:27.979] [SEVERE ] removing card from slot 10
[13:34:27.991] [SEVERE ] removing player 1 token from slot 1
[13:34:27.991] [SEVERE ] removing card from slot 1
[13:34:28.008] [SEVERE ] removing player 1 token from slot 5
[13:34:28.008] [SEVERE ] removing card from slot 5
[13:34:28.021] [SEVERE ] removing card from slot 0
[13:34:28.033] [SEVERE ] removing player 1 token from slot 4
[13:34:28.033] [SEVERE ] removing card from slot 4
[13:34:28.049] [SEVERE ] removing card from slot 11
[13:34:28.065] [SEVERE ] removing card from slot 2
[13:34:28.082] [SEVERE ] removing card from slot 3
[13:34:28.099] [SEVERE ] removing card from slot 9
[13:34:28.112] [SEVERE ] removing card from slot 6
[13:34:28.124] [SEVERE ] placing card 13 in slot 0
[13:34:28.141] [SEVERE ] placing card 66 in slot 2
[13:34:28.158] [SEVERE ] placing card 54 in slot 11
[13:34:28.174] [SEVERE ] placing card 59 in slot 4
[13:34:28.192] [SEVERE ] placing card 48 in slot 8
[13:34:28.203] [SEVERE ] placing card 51 in slot 6
[13:34:28.215] [SEVERE ] placing card 6 in slot 10
[13:34:28.228] [SEVERE ] placing card 79 in slot 9
[13:34:28.242] [SEVERE ] placing card 47 in slot 7
[13:34:28.258] [SEVERE ] placing card 16 in slot 3
[13:34:28.274] [SEVERE ] placing card 38 in slot 5
[13:34:28.290] [SEVERE ] placing card 56 in slot 1
[13:34:28.290] [SEVERE ] updating countdown to 100
[13:34:28.290] [SEVERE ] updating countdown to 100
[13:34:28.290] [SEVERE ] player 1 placing token on slot 7
[13:34:28.290] [SEVERE ] player 1 placing token on slot 5
[13:34:28.290] [SEVERE ] player 1 placing token on slot 9
[13:34:28.290] [SEVERE ] setting player 1 freeze to 4
[13:34:28.297] [SEVERE ] setting player 1 freeze to 0
[13:34:28.305] [SEVERE ] removing card from slot 6
[13:34:28.321] [SEVERE ] removing card from slot 0
[13:34:28.333] [SEVERE ] removing player 1 token from slot 9
[13:34:28.333] [SEVERE ] removing card from slot 9
[13:34:28.346] [SEVERE ] removing card from slot 2
[13:34:28.358] [SEVERE ] removing card from slot 1
[13:34:28.374] [SEVERE ] removing card from slot 8
[13:34:28.391] [SEVERE ] removing card from slot 3
[13:34:28.408] [SEVERE ] removing card from slot 4
[13:34:28.424] [SEVERE ] removing card from slot 11
[13:34:28.436] [SEVERE ] removing player 1 token from slot 7
[13:34:28.436] [SEVERE ] removing card from slot 7
[13:34:28.452] [SEVERE ] removing player 1 token from slot 5
[13:34:28.452] [SEVERE ] removing card from slot 5
[13:34:28.468] [SEVERE ] removing card from slot 10
[13:34:28.484] [SEVERE ] placing card 58 in slot 10
[13:34:28.500] [SEVERE ] placing card 57 in slot 0
[13:34:28.516] [SEVERE ] placing card 78 in slot 6
[13:34:28.532] [SEVERE ] placing card 62 in slot 4
[13:34:28.548] [SEVERE ] placing card 76 in slot 3
[13:34:28.564] [SEVERE ] placing card 18 in slot 9
[13:34:28.580] [SEVERE ] placing card 65 in slot 2
[13:34:28.596] [SEVERE ] placing card 23 in slot 8
[13:34:28.612] [SEVERE ] placing card 47 in slot 11
[13:34:28.628] [SEVERE ] placing card 66 in slot 5
[13:34:28.640] [SEVERE ] placing card 9 in slot 1
[13:34:28.656] [SEVERE ] placing card 22 in slot 7
[13:34:28.656] [SEVERE ] updating countdown to 100
[13:34:28.656] [SEVERE ] player 1 placing token on slot 4
[13:34:28.656] [SEVERE ] updating countdown to 100
[13:34:28.656] [SEVERE ] player 1 placing token on slot 5
[13:34:28.656] [SEVERE ] player 1 placing token on slot 6
[13:34:28.656] [SEVERE ] setting player 1 freeze to 4
[13:34:28.663] [SEVERE ] setting player 1 freeze to 0
[13:34:28.671] [SEVERE ] removing card from slot 0
[13:34:28.683] [SEVERE ] removing card from slot 2
[13:34:28.699] [SEVERE ] removing card from slot 7
[13:34:28.715] [SEVERE ] removing player 1 token from slot 4
[13:34:28.715] [SEVERE ] removing card from slot 4
[13:34:28.731] [SEVERE ] removing player 1 token from slot 6
[13:34:28.731] [SEVERE ] removing card from slot 6
[13:34:28.747] [SEVERE ] removing card from slot 10
[13:34:28.763] [SEVERE ] removing player 1 token from slot 5
[13:34:28.763] [SEVERE ] removing card from slot 5
[13:34:28.779] [SEVERE ] removing card from slot 8
[13:34:28.795] [SEVERE ] removing card from slot 9
[13:34:28.811] [SEVERE ] removing card from slot 11
[13:34:28.827] [SEVERE ] removing card from slot 3
[13:34:28.842] [SEVERE ] removing card from slot 1
[13:34:28.855] [SEVERE ] placing card 39 in slot 9
[13:34:28.871] [SEVERE ] placing card 34 in slot 0
[13:34:28.887] [SEVERE ] placing card 76 in slot 4
[13:34:28.903] [SEVERE ] placing card 16 in slot 2
[13:34:28.919] [SEVERE ] placing card 49 in slot 7
[13:34:28.935] [SEVERE ] placing card 75 in slot 8
[13:34:28.951] [SEVERE ] placing card 0 in slot 5
[13:34:28.967] [SEVERE ] placing card 55 in slot 6
[13:34:28.983] [SEVERE ] placing card 57 in slot 10
[13:34:28.999] [SEVERE ] placing card 80 in slot 1
[13:34:29.015] [SEVERE ] placing card 58 in slot 3
[13:34:29.027] [SEVERE ] placing card 79 in slot 11
[13:34:29.027] [SEVERE ] updating countdown to 100
[13:34:29.027] [SEVERE ] player 2 placing token on slot 2
[13:34:29.027] [SEVERE ] player 2 placing token on slot 11
[13:34:29.027] [SEVERE ] updating countdown to 100
[13:34:29.027] [SEVERE ] player 2 placing token on slot 5
[13:34:29.027] [SEVERE ] setting player 2 freeze to 4
[13:34:29.035] [SEVERE ] setting player 2 freeze to 0
[13:34:29.042] [SEVERE ] removing card from slot 6
[13:34:29.059] [SEVERE ] removing player 2 token from slot 5
[13:34:29.059] [SEVERE ] removing card from slot 5
[13:34:29.072] [SEVERE ] removing card from slot 10
[13:34:29.088] [SEVERE ] removing card from slot 3
[13:34:29.105] [SEVERE ] removing player 2 token from slot 11
[13:34:29.105] [SEVERE ] removing card from slot 11
[13:34:29.121] [SEVERE ] removing player 2 token from slot 2
[13:34:29.121] [SEVERE ] removing card from slot 2
[13:34:29.138] [SEVERE ] removing card from slot 1
[13:34:29.150] [SEVERE ] removing card from slot 8
[13:34:29.163] [SEVERE ] removing card from slot 9
[13:34:29.179] [SEVERE ] removing card from slot 7
[13:34:29.196] [SEVERE ] removing card from slot 4
[13:34:29.208] [SEVERE ] removing card from slot 0
[13:34:29.221] [SEVERE ] placing card 24 in slot 11
[13:34:29.238] [SEVERE ] placing card 16 in slot 9
[13:34:29.255] [SEVERE ] placing card 7 in slot 10
[13:34:29.271] [SEVERE ] placing card 49 in slot 3
[13:34:29.284] [SEVERE ] placing card 39 in slot 6
[13:34:29.298] [SEVERE ] placing card 4 in slot 0
[13:34:29.314] [SEVERE ] placing card 65 in slot 7
[13:34:29.330] [SEVERE ] placing card 62 in slot 1
[13:34:29.346] [SEVERE ] placing card 11 in slot 2
[13:34:29.361] [SEVERE ] placing card 12 in slot 5
[13:34:29.375] [SEVERE ] placing card 64 in slot 4
[13:34:29.391] [SEVERE ] placing card 2 in slot 8
[13:34:29.391] [SEVERE ] updating countdown to 100
[13:34:29.391] [SEVERE ] player 1 placing token on slot 9
[13:34:29.391] [SEVERE ] player 1 placing token on slot 11
[13:34:29.391] [SEVERE ] updating countdown to 100
[13:34:29.391] [SEVERE ] player 1 placing token on slot 1
[13:34:29.392] [SEVERE ] setting player 1 freeze to 4
[13:34:29.397] [SEVERE ] setting player 1 freeze to 0
[13:34:29.406] [SEVERE ] removing player 1 token from slot 9
[13:34:29.406] [SEVERE ] removing card from slot 9
[13:34:29.422] [SEVERE ] removing card from slot 8
[13:34:29.438] [SEVERE ] removing card from slot 3
[13:34:29.454] [SEVERE ] removing card from slot 6
[13:34:29.470] [SEVERE ] removing card from slot 10
[13:34:29.486] [SEVERE ] removing card from slot 7
[13:34:29.502] [SEVERE ] removing player 1 token from slot 11
[13:34:29.502] [SEVERE ] removing card from slot 11
[13:34:29.516] [SEVERE ] removing card from slot 0
[13:34:29.532] [SEVERE ] removing player 1 token from slot 1
[13:34:29.532] [SEVERE ] removing card from slot 1
[13:34:29.549] [SEVERE ] removing card from slot 4
[13:34:29.561] [SEVERE ] removing card from slot 2
[13:34:29.578] [SEVERE ] removing card from slot 5
[13:34:29.592] [SEVERE ] placing card 2 in slot 9
[13:34:29.606] [SEVERE ] placing card 62 in slot 5
[13:34:29.623] [SEVERE ] placing card 58 in slot 11
[13:34:29.635] [SEVERE ] placing card 32 in slot 6
[13:34:29.649] [SEVERE ] placing card 38 in slot 4
[13:34:29.663] [SEVERE ] placing card 11 in slot 8
[13:34:29.676] [SEVERE ] placing card 78 in slot 2
[13:34:29.688] [SEVERE ] placing card 60 in slot 1
[13:34:29.704] [SEVERE ] placing card 50 in slot 3
[13:34:29.717] [SEVERE ] placing card 34 in slot 0
[13:34:29.733] [SEVERE ] placing card 57 in slot 7
[13:34:29.749] [SEVERE ] placing card 61 in slot 10
[13:34:29.749] [SEVERE ] updating countdown to 100
[13:34:29.749] [SEVERE ] player 2 placing token on slot 4
[13:34:29.749] [SEVERE ] player 2 placing token on slot 9
[13:34:29.749] [SEVERE ] player 2 placing token on slot 6
[13:34:29.749] [SEVERE ] updating countdown to 100
[13:34:29.749] [SEVERE ] setting player 2 freeze to 4
[13:34:29.749] [SEVERE ] player 1 placing token on slot 2
[13:34:29.750] [SEVERE ] player 1 placing token on slot 1
[13:34:29.750] [SEVERE ] player 1 placing token on slot 6
[13:34:29.750] [SEVERE ] setting player 1 freeze to 4
[13:34:29.754] [SEVERE ] setting player 2 freeze to 0
[13:34:29.756] [SEVERE ] setting player 1 freeze to 0
[13:34:29.764] [SEVERE ] removing card from slot 5
[13:34:29.780] [SEVERE ] removing player 1 token from slot 6
[13:34:29.780] [SEVERE ] removing player 2 token from slot 6
[13:34:29.780] [SEVERE ] removing card from slot 6
[13:34:29.797] [SEVERE ] removing player 2 token from slot 4
[13:34:29.797] [SEVERE ] removing card from slot 4
[13:34:29.809] [SEVERE ] removing player 1 token from slot 2
[13:34:29.809] [SEVERE ] removing card from slot 2
[13:34:29.822] [SEVERE ] removing card from slot 7
[13:34:29.838] [SEVERE ] removing player 2 token from slot 9
[13:34:29.838] [SEVERE ] removing card from slot 9
[13:34:29.854] [SEVERE ] removing card from slot 11
[13:34:29.871] [SEVERE ] removing card from slot 8
[13:34:29.888] [SEVERE ] removing card from slot 10
[13:34:29.900] [SEVERE ] removing card from slot 3
[13:34:29.914] [SEVERE ] removing player 1 token from slot 1
[13:34:29.914] [SEVERE ] removing card from slot 1
[13:34:29.930] [SEVERE ] removing card from slot 0
[13:34:29.944] [SEVERE ] placing card 17 in slot 1
[13:34:29.960] [SEVERE ] placing card 2 in slot 8
[13:34:29.976] [SEVERE ] placing card 27 in slot 10
[13:34:29.990] [SEVERE ] placing card 63 in slot 2
[13:34:30.004] [SEVERE ] placing card 71 in slot 9
[13:34:30.021] [SEVERE ] placing card 58 in slot 6
[13:34:30.037] [SEVERE ] placing card 73 in slot 7
[13:34:30.053] [SEVERE ] placing card 32 in slot 4
[13:34:30.069] [SEVERE ] placing card 6 in slot 11
[13:34:30.082] [SEVERE ] placing card 57 in slot 3
[13:34:30.098] [SEVERE ] placing card 68 in slot 0
[13:34:30.114] [SEVERE ] placing card 61 in slot 5
[13:34:30.114] [SEVERE ] updating countdown to 100
[13:34:30.114] [SEVERE ] player 2 placing token on slot 7
[13:34:30.114] [SEVERE ] player 2 placing token on slot 11
[13:34:30.114] [SEVERE ] player 2 placing token on slot 3
[13:34:30.114] [SEVERE ] updating countdown to 100
[13:34:30.114] [SEVERE ] setting player 2 freeze to 4
[13:34:30.114] [SEVERE ] player 1 placing token on slot 7
[13:34:30.116] [SEVERE ] player 1 placing token on slot 10
[13:34:30.116] [SEVERE ] player 1 placing token on slot 0
[13:34:30.116] [SEVERE ] setting player 1 freeze to 4
[13:34:30.120] [SEVERE ] setting player 1 freeze to 0
[13:34:30.120] [SEVERE ] setting player 2 freeze to 0
[13:34:30.129] [SEVERE ] removing player 1 token from slot 0
[13:34:30.129] [SEVERE ] removing card from slot 0
[13:34:30.141] [SEVERE ] removing card from slot 6
[13:34:30.157] [SEVERE ] removing card from slot 5
[13:34:30.174] [SEVERE ] removing card from slot 1
[13:34:30.191] [SEVERE ] removing player 2 token from slot 3
[13:34:30.191] [SEVERE ] removing card from slot 3
[13:34:30.204] [SEVERE ] removing player 2 token from slot 11
[13:34:30.204] [SEVERE ] removing card from slot 11
[13:34:30.220] [SEVERE ] removing card from slot 9
[13:34:30.236] [SEVERE ] removing card from slot 8
[13:34:30.253] [SEVERE ] removing player 1 token from slot 7
[13:34:30.253] [SEVERE ] removing player 2 token from slot 7
[13:34:30.253] [SEVERE ] removing card from slot 7
[13:34:30.265] [SEVERE ] removing card from slot 4
[13:34:30.281] [SEVERE ] removing player 1 token from slot 10
[13:34:30.281] [SEVERE ] removing card from slot 10
[13:34:30.293] [SEVERE ] removing card from slot 2
[13:34:30.309] [SEVERE ] placing card 38 in slot 8
[13:34:30.325] [SEVERE ] placing card 42 in slot 3
[13:34:30.337] [SEVERE ] placing card 23 in slot 0
[13:34:30.354] [SEVERE ] placing card 26 in slot 1
[13:34:30.370] [SEVERE ] placing card 51 in slot 9
[13:34:30.382] [SEVERE ] placing card 15 in slot 4
[13:34:30.398] [SEVERE ] placing card 20 in slot 2
[13:34:30.414] [SEVERE ] placing card 45 in slot 7
[13:34:30.430] [SEVERE ] placing card 50 in slot 11
[13:34:30.446] [SEVERE ] placing card 32 in slot 10
[13:34:30.462] [SEVERE ] placing card 63 in slot 5
[13:34:30.478] [SEVERE ] placing card 73 in slot 6
[13:34:30.478] [SEVERE ] updating countdown to 100
[13:34:30.479] [SEVERE ] player 2 placing token on slot 11
[13:34:30.479] [SEVERE ] player 2 placing token on slot 8
[13:34:30.479] [SEVERE ] updating countdown to 100
[13:34:30.479] [SEVERE ] player 2 placing token on slot 5
[13:34:30.479] [SEVERE ] setting player 2 freeze to 4
[13:34:30.485] [SEVERE ] setting player 2 freeze to 0
[13:34:30.494] [SEVERE ] removing player 2 token from slot 8
[13:34:30.494] [SEVERE ] removing card from slot 8
[13:34:30.510] [SEVERE ] removing card from slot 6
[13:34:30.526] [SEVERE ] removing card from slot 1
[13:34:30.542] [SEVERE ] removing card from slot 0
[13:34:30.558] [SEVERE ] removing card from slot 3
[13:34:30.570] [SEVERE ] removing player 2 token from slot 11
[13:34:30.570] [SEVERE ] removing card from slot 11
[13:34:30.587] [SEVERE ] removing card from slot 7
[13:34:30.603] [SEVERE ] removing card from slot 10
[13:34:30.619] [SEVERE ] removing card from slot 2
[13:34:30.635] [SEVERE ] removing player 2 token from slot 5
[13:34:30.635] [SEVERE ] removing card from slot 5
[13:34:30.651] [SEVERE ] removing card from slot 4
[13:34:30.667] [SEVERE ] removing card from slot 9
[13:34:30.684] [SEVERE ] placing card 21 in slot 11
[13:34:30.699] [SEVERE ] placing card 10 in slot 9
[13:34:30.715] [SEVERE ] placing card 31 in slot 2
[13:34:30.731] [SEVERE ] placing card 54 in slot 10
[13:34:30.747] [SEVERE ] placing card 68 in slot 7
[13:34:30.763] [SEVERE ] placing card 22 in slot 4
[13:34:30.780] [SEVERE ] placing card 2 in slot 8
[13:34:30.796] [SEVERE ] placing card 80 in slot 3
[13:34:30.812] [SEVERE ] placing card 36 in slot 1
[13:34:30.828] [SEVERE ] placing card 67 in slot 5
[13:34:30.844] [SEVERE ] placing card 58 in slot 0
[13:34:30.860] [SEVERE ] placing card 43 in slot 6
[13:34:30.860] [SEVERE ] updating countdown to 100
[13:34:30.860] [SEVERE ] player 1 placing token on slot 0
[13:34:30.860] [SEVERE ] player 1 placing token on slot 7
[13:34:30.860] [SEVERE ] player 1 placing token on slot 3
[13:34:30.860] [SEVERE ] setting player 1 freeze to 4
[13:34:30.860] [SEVERE ] updating countdown to 100
[13:34:30.860] [SEVERE ] player 2 placing token on slot 0
[13:34:30.861] [SEVERE ] player 2 placing token on slot 7
[13:34:30.861] [SEVERE ] player 2 placing token on slot 2
[13:34:30.861] [SEVERE ] setting player 2 freeze to 4
[13:34:30.865] [SEVERE ] setting player 2 freeze to 0
[13:34:30.865] [SEVERE ] setting player 1 freeze to 0
[13:34:30.873] [SEVERE ] removing card from slot 6
[13:34:30.889] [SEVERE ] removing card from slot 10
[13:34:30.893] [SEVERE ] exit button pressed
[13:34:30.893] [INFO   ] Thread player0 terminated.
[13:34:30.893] [INFO   ] Thread player1 terminated.
[13:34:30.906] [SEVERE ] removing card from slot 9
[13:34:30.922] [SEVERE ] removing card from slot 4
[13:34:30.938] [SEVERE ] removing card from slot 11
[13:34:30.952] [SEVERE ] removing card from slot 8
[13:34:30.966] [SEVERE ] removing player 1 token from slot 7
[13:34:30.966] [SEVERE ] removing player 2 token from slot 7
[13:34:30.966] [SEVERE ] removing card from slot 7
[13:34:30.982] [SEVERE ] removing player 1 token from slot 3
[13:34:30.982] [SEVERE ] removing card from slot 3
[13:34:30.998] [SEVERE ] removing card from slot 5
[13:34:31.016] [SEVERE ] removing player 2 token from slot 2
[13:34:31.016] [SEVERE ] removing card from slot 2
[13:34:31.032] [SEVERE ] removing card from slot 1
[13:34:31.045] [SEVERE ] removing player 1 token from slot 0
[13:34:31.045] [SEVERE ] removing player 2 token from slot 0
[13:34:31.045] [SEVERE ] removing card from slot 0
[13:34:31.045] [SEVERE ] announcing winner(s): player 1, player 2
[13:34:31.049] [INFO   ] Thread dealer terminated.
[13:34:31.049] [INFO   ] thread dealer terminated.
[13:34:31.049] [SEVERE ] thanks for playing... it was fun!
[13:34:31.049] [INFO   ] thread main terminated.
