[17:20:22.407] [INFO   ] thread main starting.
[17:20:22.440] [SEVERE ] cannot read configuration file config.properties trying from resources.
[17:20:22.464] [SEVERE ] configuration file was loaded from resources directory.
[17:20:23.479] [INFO   ] thread dealer starting.
[17:20:23.502] [INFO   ] Thread player1starting.
[17:20:23.481] [INFO   ] Thread dealer starting.
[17:20:23.502] [INFO   ] Thread player0starting.
[17:20:23.512] [SEVERE ] placing card 76 in slot 1
[17:20:23.515] [SEVERE ] placing card 42 in slot 5
[17:20:23.516] [SEVERE ] placing card 67 in slot 8
[17:20:23.516] [SEVERE ] placing card 34 in slot 6
[17:20:23.560] [SEVERE ] placing card 26 in slot 7
[17:20:23.560] [SEVERE ] placing card 32 in slot 9
[17:20:23.564] [SEVERE ] placing card 5 in slot 0
[17:20:23.568] [SEVERE ] placing card 6 in slot 3
[17:20:23.572] [SEVERE ] placing card 13 in slot 4
[17:20:23.572] [SEVERE ] placing card 22 in slot 10
[17:20:23.572] [SEVERE ] placing card 16 in slot 2
[17:20:23.572] [SEVERE ] placing card 69 in slot 11
[17:20:23.576] [SEVERE ] updating countdown to 10000
[17:20:23.588] [SEVERE ] updating countdown to 10000
[17:20:24.602] [SEVERE ] updating countdown to 9000
[17:20:25.607] [SEVERE ] updating countdown to 8000
[17:20:26.620] [SEVERE ] updating countdown to 7000
[17:20:27.623] [SEVERE ] updating countdown to 6000
[17:20:28.625] [SEVERE ] updating countdown to 5000
[17:20:28.625] [SEVERE ] updating countdown to 5000
[17:20:30.210] [SEVERE ] updating countdown to 4000
[17:20:31.811] [SEVERE ] updating countdown to 3000
[17:20:31.953] [SEVERE ] key 81 was pressed by player 1
[17:20:31.953] [SEVERE ] player 1 placing token on slot 0
[17:20:32.137] [SEVERE ] key 87 was pressed by player 1
[17:20:32.137] [SEVERE ] player 1 placing token on slot 1
[17:20:32.864] [SEVERE ] key 67 was pressed by player 1
[17:20:32.864] [SEVERE ] player 1 placing token on slot 10
[17:20:32.864] [SEVERE ] setting player 1 freeze to 0
[17:20:33.408] [SEVERE ] updating countdown to 2000
[17:20:34.994] [SEVERE ] updating countdown to 1000
[17:20:36.594] [SEVERE ] updating countdown to 0
[17:20:36.594] [SEVERE ] removing card from slot 8
[17:20:36.594] [SEVERE ] removing card from slot 7
[17:20:36.594] [SEVERE ] removing card from slot 9
[17:20:36.594] [SEVERE ] removing card from slot 2
[17:20:36.594] [SEVERE ] removing card from slot 3
[17:20:36.594] [SEVERE ] removing card from slot 5
[17:20:36.594] [SEVERE ] removing player 1 token from slot 1
[17:20:36.594] [SEVERE ] removing card from slot 1
[17:20:36.594] [SEVERE ] removing card from slot 6
[17:20:36.594] [SEVERE ] removing card from slot 11
[17:20:36.594] [SEVERE ] removing player 1 token from slot 10
[17:20:36.594] [SEVERE ] removing card from slot 10
[17:20:36.594] [SEVERE ] removing card from slot 4
[17:20:36.594] [SEVERE ] removing player 1 token from slot 0
[17:20:36.594] [SEVERE ] removing card from slot 0
[17:20:36.594] [SEVERE ] placing card 6 in slot 3
[17:20:36.594] [SEVERE ] placing card 47 in slot 8
[17:20:36.594] [SEVERE ] placing card 28 in slot 11
[17:20:36.594] [SEVERE ] placing card 42 in slot 1
[17:20:36.594] [SEVERE ] placing card 26 in slot 5
[17:20:36.594] [SEVERE ] placing card 56 in slot 2
[17:20:36.594] [SEVERE ] placing card 19 in slot 7
[17:20:36.594] [SEVERE ] placing card 33 in slot 10
[17:20:36.594] [SEVERE ] placing card 68 in slot 9
[17:20:36.594] [SEVERE ] placing card 48 in slot 4
[17:20:36.594] [SEVERE ] placing card 63 in slot 6
[17:20:36.594] [SEVERE ] placing card 35 in slot 0
[17:20:36.594] [SEVERE ] updating countdown to 10000
[17:20:36.594] [SEVERE ] updating countdown to 10000
[17:20:37.608] [SEVERE ] updating countdown to 9000
[17:20:38.612] [SEVERE ] updating countdown to 8000
[17:20:39.615] [SEVERE ] updating countdown to 7000
[17:20:40.620] [SEVERE ] updating countdown to 6000
[17:20:40.981] [SEVERE ] key 69 was pressed by player 1
[17:20:40.981] [SEVERE ] player 1 placing token on slot 2
[17:20:41.623] [SEVERE ] updating countdown to 5000
[17:20:41.623] [SEVERE ] updating countdown to 5000
[17:20:41.781] [SEVERE ] key 82 was pressed by player 1
[17:20:41.781] [SEVERE ] player 1 placing token on slot 3
[17:20:43.208] [SEVERE ] updating countdown to 4000
[17:20:43.471] [SEVERE ] key 70 was pressed by player 1
[17:20:43.471] [SEVERE ] player 1 placing token on slot 7
[17:20:43.471] [SEVERE ] setting player 1 freeze to 0
[17:20:44.823] [SEVERE ] updating countdown to 3000
[17:20:46.422] [SEVERE ] updating countdown to 2000
[17:20:48.020] [SEVERE ] updating countdown to 1000
[17:20:49.603] [SEVERE ] updating countdown to 0
[17:20:49.604] [SEVERE ] removing player 1 token from slot 2
[17:20:49.604] [SEVERE ] removing card from slot 2
[17:20:49.604] [SEVERE ] removing card from slot 4
[17:20:49.604] [SEVERE ] removing card from slot 8
[17:20:49.604] [SEVERE ] removing card from slot 6
[17:20:49.604] [SEVERE ] removing player 1 token from slot 3
[17:20:49.604] [SEVERE ] removing card from slot 3
[17:20:49.604] [SEVERE ] removing card from slot 10
[17:20:49.604] [SEVERE ] removing player 1 token from slot 7
[17:20:49.604] [SEVERE ] removing card from slot 7
[17:20:49.604] [SEVERE ] removing card from slot 5
[17:20:49.604] [SEVERE ] removing card from slot 0
[17:20:49.604] [SEVERE ] removing card from slot 1
[17:20:49.604] [SEVERE ] removing card from slot 11
[17:20:49.604] [SEVERE ] removing card from slot 9
[17:20:49.612] [SEVERE ] placing card 8 in slot 4
[17:20:49.612] [SEVERE ] placing card 67 in slot 2
[17:20:49.612] [SEVERE ] placing card 53 in slot 9
[17:20:49.612] [SEVERE ] placing card 46 in slot 0
[17:20:49.612] [SEVERE ] placing card 19 in slot 11
[17:20:49.612] [SEVERE ] placing card 77 in slot 1
[17:20:49.612] [SEVERE ] placing card 1 in slot 5
[17:20:49.612] [SEVERE ] placing card 12 in slot 6
[17:20:49.612] [SEVERE ] placing card 4 in slot 8
[17:20:49.612] [SEVERE ] placing card 51 in slot 3
[17:20:49.612] [SEVERE ] placing card 32 in slot 10
[17:20:49.612] [SEVERE ] placing card 6 in slot 7
[17:20:49.612] [SEVERE ] updating countdown to 10000
[17:20:49.612] [SEVERE ] updating countdown to 10000
[17:20:50.624] [SEVERE ] updating countdown to 9000
[17:20:51.015] [SEVERE ] exit button pressed
[17:20:51.021] [INFO   ] Thread player1 terminated.
[17:20:51.021] [INFO   ] Thread player0 terminated.
[17:20:51.021] [SEVERE ] removing card from slot 11
[17:20:51.021] [SEVERE ] removing card from slot 7
[17:20:51.021] [SEVERE ] removing card from slot 9
[17:20:51.021] [SEVERE ] removing card from slot 8
[17:20:51.021] [SEVERE ] removing card from slot 6
[17:20:51.021] [SEVERE ] removing card from slot 5
[17:20:51.021] [SEVERE ] removing card from slot 1
[17:20:51.021] [SEVERE ] removing card from slot 4
[17:20:51.021] [SEVERE ] removing card from slot 2
[17:20:51.021] [SEVERE ] removing card from slot 3
[17:20:51.021] [SEVERE ] removing card from slot 10
[17:20:51.021] [SEVERE ] removing card from slot 0
[17:20:51.021] [SEVERE ] announcing winner(s): player 1, player 2
[17:20:51.021] [INFO   ] Thread dealer terminated.
[17:20:51.021] [INFO   ] thread dealer terminated.
[17:20:51.021] [SEVERE ] thanks for playing... it was fun!
[17:20:51.021] [INFO   ] thread main terminated.
