[16:36:39.352] [INFO   ] thread main starting.
[16:36:39.361] [SEVERE ] cannot read configuration file config.properties trying from resources.
[16:36:39.361] [SEVERE ] configuration file was loaded from resources directory.
[16:36:39.894] [INFO   ] thread dealer starting.
[16:36:39.908] [INFO   ] Thread player0starting.
[16:36:39.916] [INFO   ] Thread dealer starting.
[16:36:39.916] [INFO   ] Thread player1starting.
[16:36:39.920] [INFO   ] Thread computer-1 starting.
[16:36:39.920] [INFO   ] Thread computer-0 starting.
[16:36:39.942] [SEVERE ] placing card 47 in slot 1
[16:36:39.956] [SEVERE ] placing card 32 in slot 2
[16:36:40.013] [SEVERE ] placing card 54 in slot 4
[16:36:40.029] [SEVERE ] placing card 7 in slot 0
[16:36:40.046] [SEVERE ] placing card 17 in slot 9
[16:36:40.063] [SEVERE ] placing card 26 in slot 7
[16:36:40.080] [SEVERE ] placing card 36 in slot 6
[16:36:40.096] [SEVERE ] placing card 65 in slot 10
[16:36:40.112] [SEVERE ] placing card 20 in slot 3
[16:36:40.125] [SEVERE ] placing card 23 in slot 8
[16:36:40.141] [SEVERE ] placing card 31 in slot 5
[16:36:40.158] [SEVERE ] placing card 28 in slot 11
[16:36:40.158] [SEVERE ] updating countdown to 100
[16:36:40.158] [SEVERE ] player 2 placing token on slot 9
[16:36:40.158] [SEVERE ] updating countdown to 100
[16:36:40.158] [SEVERE ] player 2 placing token on slot 6
[16:36:40.158] [SEVERE ] player 2 placing token on slot 10
[16:36:40.158] [SEVERE ] setting player 2 freeze to 4
[16:36:41.165] [SEVERE ] setting player 2 freeze to 0
[16:36:41.165] [SEVERE ] removing player 2 token from slot 9
[16:36:41.165] [SEVERE ] player 2 placing token on slot 2
[16:36:41.166] [SEVERE ] setting player 2 freeze to 4
[16:36:41.179] [SEVERE ] removing card from slot 7
[16:36:41.195] [SEVERE ] removing card from slot 8
[16:36:41.212] [SEVERE ] removing player 2 token from slot 10
[16:36:41.212] [SEVERE ] removing card from slot 10
[16:36:41.224] [SEVERE ] removing player 2 token from slot 6
[16:36:41.224] [SEVERE ] removing card from slot 6
[16:36:41.237] [SEVERE ] removing card from slot 0
[16:36:41.249] [SEVERE ] removing card from slot 9
[16:36:41.265] [SEVERE ] removing card from slot 3
[16:36:41.280] [SEVERE ] removing card from slot 4
[16:36:41.295] [SEVERE ] removing card from slot 11
[16:36:41.307] [SEVERE ] removing card from slot 5
[16:36:41.324] [SEVERE ] removing card from slot 1
[16:36:41.340] [SEVERE ] removing player 2 token from slot 2
[16:36:41.340] [SEVERE ] removing card from slot 2
[16:36:41.364] [SEVERE ] placing card 66 in slot 7
[16:36:41.377] [SEVERE ] placing card 31 in slot 4
[16:36:41.393] [SEVERE ] placing card 62 in slot 5
[16:36:41.409] [SEVERE ] placing card 51 in slot 2
[16:36:41.425] [SEVERE ] placing card 75 in slot 1
[16:36:41.441] [SEVERE ] placing card 53 in slot 8
[16:36:41.454] [SEVERE ] placing card 22 in slot 6
[16:36:41.470] [SEVERE ] placing card 2 in slot 0
[16:36:41.486] [SEVERE ] placing card 23 in slot 3
[16:36:41.499] [SEVERE ] placing card 76 in slot 11
[16:36:41.515] [SEVERE ] placing card 0 in slot 10
[16:36:41.532] [SEVERE ] placing card 26 in slot 9
[16:36:41.532] [SEVERE ] updating countdown to 100
[16:36:41.532] [SEVERE ] updating countdown to 100
[16:36:42.180] [SEVERE ] setting player 2 freeze to 0
[16:36:42.180] [SEVERE ] player 2 placing token on slot 5
[16:36:42.180] [SEVERE ] player 2 placing token on slot 7
[16:36:42.180] [SEVERE ] player 2 placing token on slot 11
[16:36:42.180] [SEVERE ] setting player 2 freeze to 4
[16:36:42.623] [SEVERE ] removing card from slot 10
[16:36:42.637] [SEVERE ] removing card from slot 1
[16:36:42.653] [SEVERE ] removing card from slot 6
[16:36:42.669] [SEVERE ] removing player 2 token from slot 11
[16:36:42.669] [SEVERE ] removing card from slot 11
[16:36:42.681] [SEVERE ] removing card from slot 8
[16:36:42.694] [SEVERE ] removing card from slot 2
[16:36:42.710] [SEVERE ] removing card from slot 3
[16:36:42.727] [SEVERE ] removing card from slot 4
[16:36:42.744] [SEVERE ] removing player 2 token from slot 7
[16:36:42.744] [SEVERE ] removing card from slot 7
[16:36:42.756] [SEVERE ] removing player 2 token from slot 5
[16:36:42.756] [SEVERE ] removing card from slot 5
[16:36:42.772] [SEVERE ] removing card from slot 0
[16:36:42.785] [SEVERE ] removing card from slot 9
[16:36:42.801] [SEVERE ] placing card 40 in slot 2
[16:36:42.817] [SEVERE ] placing card 13 in slot 11
[16:36:42.829] [SEVERE ] placing card 79 in slot 0
[16:36:42.846] [SEVERE ] placing card 34 in slot 10
[16:36:42.862] [SEVERE ] placing card 39 in slot 9
[16:36:42.878] [SEVERE ] placing card 32 in slot 3
[16:36:42.890] [SEVERE ] placing card 78 in slot 7
[16:36:42.906] [SEVERE ] placing card 44 in slot 4
[16:36:42.922] [SEVERE ] placing card 60 in slot 8
[16:36:42.938] [SEVERE ] placing card 50 in slot 5
[16:36:42.954] [SEVERE ] placing card 36 in slot 6
[16:36:42.970] [SEVERE ] placing card 37 in slot 1
[16:36:42.970] [SEVERE ] updating countdown to 100
[16:36:42.971] [SEVERE ] updating countdown to 100
[16:36:43.185] [SEVERE ] setting player 2 freeze to 0
[16:36:43.185] [SEVERE ] player 2 placing token on slot 10
[16:36:43.185] [SEVERE ] player 2 placing token on slot 3
[16:36:43.186] [SEVERE ] player 2 placing token on slot 9
[16:36:43.187] [SEVERE ] setting player 2 freeze to 4
[16:36:43.187] [SEVERE ] player 1 placing token on slot 8
[16:36:43.187] [SEVERE ] player 1 placing token on slot 0
[16:36:43.187] [SEVERE ] player 1 placing token on slot 5
[16:36:43.187] [SEVERE ] setting player 1 freeze to 4
[16:36:44.042] [SEVERE ] removing card from slot 6
[16:36:44.057] [SEVERE ] removing player 1 token from slot 5
[16:36:44.057] [SEVERE ] removing card from slot 5
[16:36:44.073] [SEVERE ] removing card from slot 4
[16:36:44.090] [SEVERE ] removing player 1 token from slot 0
[16:36:44.090] [SEVERE ] removing card from slot 0
[16:36:44.102] [SEVERE ] removing player 2 token from slot 9
[16:36:44.102] [SEVERE ] removing card from slot 9
[16:36:44.114] [SEVERE ] removing player 2 token from slot 10
[16:36:44.114] [SEVERE ] removing card from slot 10
[16:36:44.130] [SEVERE ] removing player 1 token from slot 8
[16:36:44.130] [SEVERE ] removing card from slot 8
[16:36:44.146] [SEVERE ] removing card from slot 2
[16:36:44.162] [SEVERE ] removing card from slot 1
[16:36:44.178] [SEVERE ] removing player 2 token from slot 3
[16:36:44.178] [SEVERE ] removing card from slot 3
[16:36:44.194] [SEVERE ] setting player 2 freeze to 0
[16:36:44.194] [SEVERE ] removing card from slot 7
[16:36:44.194] [SEVERE ] setting player 1 freeze to 0
[16:36:44.206] [SEVERE ] removing card from slot 11
[16:36:44.218] [SEVERE ] placing card 16 in slot 2
[16:36:44.230] [SEVERE ] placing card 51 in slot 10
[16:36:44.242] [SEVERE ] placing card 43 in slot 9
[16:36:44.258] [SEVERE ] placing card 47 in slot 3
[16:36:44.275] [SEVERE ] placing card 68 in slot 5
[16:36:44.292] [SEVERE ] placing card 32 in slot 8
[16:36:44.308] [SEVERE ] placing card 46 in slot 11
[16:36:44.321] [SEVERE ] placing card 54 in slot 1
[16:36:44.334] [SEVERE ] placing card 2 in slot 4
[16:36:44.350] [SEVERE ] placing card 56 in slot 7
[16:36:44.366] [SEVERE ] placing card 63 in slot 6
[16:36:44.382] [SEVERE ] placing card 69 in slot 0
[16:36:44.382] [SEVERE ] updating countdown to 100
[16:36:44.382] [SEVERE ] player 1 placing token on slot 5
[16:36:44.382] [SEVERE ] player 1 placing token on slot 11
[16:36:44.382] [SEVERE ] updating countdown to 100
[16:36:44.382] [SEVERE ] player 1 placing token on slot 7
[16:36:44.382] [SEVERE ] player 2 placing token on slot 2
[16:36:44.382] [SEVERE ] player 2 placing token on slot 0
[16:36:44.382] [SEVERE ] player 2 placing token on slot 7
[16:36:44.382] [SEVERE ] setting player 1 freeze to 4
[16:36:44.382] [SEVERE ] setting player 2 freeze to 4
[16:36:45.392] [SEVERE ] setting player 2 freeze to 0
[16:36:45.392] [SEVERE ] setting player 1 freeze to 0
[16:36:45.392] [SEVERE ] removing player 2 token from slot 2
[16:36:45.392] [SEVERE ] player 2 placing token on slot 11
[16:36:45.392] [SEVERE ] setting player 2 freeze to 4
[16:36:45.407] [SEVERE ] removing card from slot 3
[16:36:45.421] [SEVERE ] removing card from slot 1
[16:36:45.438] [SEVERE ] removing card from slot 6
[16:36:45.455] [SEVERE ] removing card from slot 10
[16:36:45.472] [SEVERE ] removing card from slot 4
[16:36:45.489] [SEVERE ] removing card from slot 9
[16:36:45.506] [SEVERE ] removing card from slot 2
[16:36:45.519] [SEVERE ] removing player 1 token from slot 7
[16:36:45.519] [SEVERE ] removing player 2 token from slot 7
[16:36:45.519] [SEVERE ] removing card from slot 7
[16:36:45.536] [SEVERE ] removing card from slot 8
[16:36:45.552] [SEVERE ] removing player 2 token from slot 0
[16:36:45.552] [SEVERE ] removing card from slot 0
[16:36:45.565] [SEVERE ] removing player 1 token from slot 5
[16:36:45.565] [SEVERE ] removing card from slot 5
[16:36:45.577] [SEVERE ] removing player 1 token from slot 11
[16:36:45.577] [SEVERE ] removing player 2 token from slot 11
[16:36:45.577] [SEVERE ] removing card from slot 11
[16:36:45.594] [SEVERE ] placing card 32 in slot 4
[16:36:45.611] [SEVERE ] placing card 46 in slot 10
[16:36:45.627] [SEVERE ] placing card 66 in slot 9
[16:36:45.643] [SEVERE ] placing card 62 in slot 1
[16:36:45.659] [SEVERE ] placing card 50 in slot 0
[16:36:45.671] [SEVERE ] placing card 39 in slot 6
[16:36:45.687] [SEVERE ] placing card 1 in slot 7
[16:36:45.703] [SEVERE ] placing card 18 in slot 3
[16:36:45.719] [SEVERE ] placing card 10 in slot 8
[16:36:45.735] [SEVERE ] placing card 75 in slot 11
[16:36:45.752] [SEVERE ] placing card 70 in slot 5
[16:36:45.764] [SEVERE ] placing card 9 in slot 2
[16:36:45.764] [SEVERE ] updating countdown to 100
[16:36:45.764] [SEVERE ] updating countdown to 100
[16:36:46.394] [SEVERE ] setting player 2 freeze to 0
[16:36:46.394] [SEVERE ] player 2 placing token on slot 1
[16:36:46.394] [SEVERE ] player 2 placing token on slot 7
[16:36:46.394] [SEVERE ] player 2 placing token on slot 2
[16:36:46.394] [SEVERE ] setting player 2 freeze to 4
[16:36:46.788] [SEVERE ] exit button pressed
[16:36:46.790] [INFO   ] Thread computer-0 terminated.
[16:36:46.790] [INFO   ] Thread player0 terminated.
[16:36:46.804] [SEVERE ] removing card from slot 10
[16:36:46.820] [SEVERE ] removing player 2 token from slot 7
[16:36:46.820] [SEVERE ] removing card from slot 7
[16:36:46.836] [SEVERE ] removing card from slot 9
[16:36:46.854] [SEVERE ] removing player 2 token from slot 2
[16:36:46.854] [SEVERE ] removing card from slot 2
[16:36:46.869] [SEVERE ] removing card from slot 6
[16:36:46.883] [SEVERE ] removing card from slot 11
[16:36:46.896] [SEVERE ] removing card from slot 0
[16:36:46.908] [SEVERE ] removing card from slot 3
[16:36:46.927] [SEVERE ] removing card from slot 8
[16:36:46.940] [SEVERE ] removing card from slot 5
[16:36:46.956] [SEVERE ] removing card from slot 4
[16:36:46.970] [SEVERE ] removing player 2 token from slot 1
[16:36:46.970] [SEVERE ] removing card from slot 1
[16:36:46.972] [SEVERE ] announcing winner(s): player 1, player 2
[16:36:46.974] [INFO   ] Thread dealer terminated.
[16:36:46.974] [INFO   ] thread dealer terminated.
[16:36:46.974] [SEVERE ] thanks for playing... it was fun!
[16:36:46.977] [INFO   ] thread main terminated.
