[17:36:02.097] [INFO   ] thread main starting.
[17:36:02.106] [SEVERE ] cannot read configuration file config.properties trying from resources.
[17:36:02.110] [SEVERE ] configuration file was loaded from resources directory.
[17:36:02.635] [INFO   ] thread dealer starting.
[17:36:02.637] [INFO   ] Thread dealer starting.
[17:36:02.637] [INFO   ] Thread player0starting.
[17:36:02.637] [INFO   ] Thread player1starting.
[17:36:02.637] [INFO   ] Thread player3starting.
[17:36:02.637] [INFO   ] Thread player2starting.
[17:36:02.661] [INFO   ] Thread computer-3 starting.
[17:36:02.662] [INFO   ] Thread computer-2 starting.
[17:36:02.665] [INFO   ] Thread computer-1 starting.
[17:36:02.669] [INFO   ] Thread computer-0 starting.
[17:36:02.718] [SEVERE ] placing card 67 in slot 10
[17:36:02.743] [SEVERE ] placing card 31 in slot 4
[17:36:02.775] [SEVERE ] placing card 35 in slot 8
[17:36:02.789] [SEVERE ] placing card 9 in slot 1
[17:36:02.803] [SEVERE ] placing card 59 in slot 7
[17:36:02.815] [SEVERE ] placing card 63 in slot 9
[17:36:02.832] [SEVERE ] placing card 13 in slot 6
[17:36:02.849] [SEVERE ] placing card 74 in slot 11
[17:36:02.861] [SEVERE ] placing card 1 in slot 0
[17:36:02.873] [SEVERE ] placing card 25 in slot 5
[17:36:02.889] [SEVERE ] placing card 44 in slot 3
[17:36:02.905] [SEVERE ] placing card 24 in slot 2
[17:36:02.905] [SEVERE ] updating countdown to 60000
[17:36:02.905] [SEVERE ] player 4 placing token on slot 11
[17:36:02.909] [SEVERE ] updating countdown to 60000
[17:36:02.909] [SEVERE ] player 4 placing token on slot 3
[17:36:02.922] [SEVERE ] player 4 placing token on slot 9
[17:36:02.923] [SEVERE ] setting player 4 freeze to 3000
[17:36:03.918] [SEVERE ] updating countdown to 59000
[17:36:03.935] [SEVERE ] setting player 4 freeze to 2000
[17:36:04.922] [SEVERE ] updating countdown to 58000
[17:36:04.938] [SEVERE ] setting player 4 freeze to 1000
[17:36:05.925] [SEVERE ] updating countdown to 57000
[17:36:05.941] [SEVERE ] setting player 4 freeze to 0
[17:36:05.941] [SEVERE ] player 2 placing token on slot 0
[17:36:05.941] [SEVERE ] player 2 placing token on slot 4
[17:36:05.941] [SEVERE ] player 2 placing token on slot 1
[17:36:05.941] [SEVERE ] setting player 2 freeze to 3000
[17:36:06.932] [SEVERE ] updating countdown to 56000
[17:36:06.948] [SEVERE ] setting player 2 freeze to 2000
[17:36:07.941] [SEVERE ] updating countdown to 55000
[17:36:07.957] [SEVERE ] setting player 2 freeze to 1000
[17:36:08.951] [SEVERE ] updating countdown to 54000
[17:36:08.967] [SEVERE ] setting player 2 freeze to 0
[17:36:09.003] [SEVERE ] player 3 placing token on slot 6
[17:36:09.003] [SEVERE ] player 3 placing token on slot 1
[17:36:09.003] [SEVERE ] player 3 placing token on slot 5
[17:36:09.005] [SEVERE ] setting player 3 freeze to 3000
[17:36:09.964] [SEVERE ] updating countdown to 53000
[17:36:10.009] [SEVERE ] setting player 3 freeze to 2000
[17:36:10.975] [SEVERE ] updating countdown to 52000
[17:36:11.017] [SEVERE ] setting player 3 freeze to 1000
[17:36:11.980] [SEVERE ] updating countdown to 51000
[17:36:12.028] [SEVERE ] setting player 3 freeze to 0
[17:36:12.028] [SEVERE ] removing player 3 token from slot 6
[17:36:12.028] [SEVERE ] player 3 placing token on slot 8
[17:36:12.028] [SEVERE ] setting player 3 freeze to 3000
[17:36:12.983] [SEVERE ] updating countdown to 50000
[17:36:13.031] [SEVERE ] setting player 3 freeze to 2000
[17:36:13.997] [SEVERE ] updating countdown to 49000
[17:36:14.042] [SEVERE ] setting player 3 freeze to 1000
[17:36:14.998] [SEVERE ] updating countdown to 48000
[17:36:15.042] [SEVERE ] setting player 3 freeze to 0
[17:36:15.042] [SEVERE ] removing player 3 token from slot 8
[17:36:15.042] [SEVERE ] player 3 placing token on slot 10
[17:36:15.042] [SEVERE ] setting player 3 freeze to 3000
[17:36:16.009] [SEVERE ] updating countdown to 47000
[17:36:16.054] [SEVERE ] setting player 3 freeze to 2000
[17:36:17.021] [SEVERE ] updating countdown to 46000
[17:36:17.054] [SEVERE ] setting player 3 freeze to 1000
[17:36:18.033] [SEVERE ] updating countdown to 45000
[17:36:18.065] [SEVERE ] setting player 3 freeze to 0
[17:36:18.065] [SEVERE ] removing player 3 token from slot 5
[17:36:18.065] [SEVERE ] player 1 placing token on slot 5
[17:36:18.065] [SEVERE ] player 1 placing token on slot 3
[17:36:18.065] [SEVERE ] player 1 placing token on slot 1
[17:36:18.065] [SEVERE ] player 3 placing token on slot 0
[17:36:18.065] [SEVERE ] setting player 1 freeze to 3000
[17:36:18.065] [SEVERE ] setting player 3 freeze to 3000
[17:36:19.040] [SEVERE ] updating countdown to 44000
[17:36:19.072] [SEVERE ] setting player 1 freeze to 2000
[17:36:19.072] [SEVERE ] setting player 3 freeze to 2000
[17:36:20.053] [SEVERE ] updating countdown to 43000
[17:36:20.086] [SEVERE ] setting player 3 freeze to 1000
[17:36:20.086] [SEVERE ] setting player 1 freeze to 1000
[17:36:21.066] [SEVERE ] updating countdown to 42000
[17:36:21.098] [SEVERE ] setting player 3 freeze to 0
[17:36:21.098] [SEVERE ] setting player 1 freeze to 0
[17:36:21.098] [SEVERE ] removing player 3 token from slot 1
[17:36:21.098] [SEVERE ] player 3 placing token on slot 8
[17:36:21.098] [SEVERE ] setting player 3 freeze to 3000
[17:36:22.074] [SEVERE ] updating countdown to 41000
[17:36:22.107] [SEVERE ] setting player 3 freeze to 2000
[17:36:23.081] [SEVERE ] updating countdown to 40000
[17:36:23.114] [SEVERE ] setting player 3 freeze to 1000
[17:36:24.088] [SEVERE ] updating countdown to 39000
[17:36:24.120] [SEVERE ] setting player 3 freeze to 0
[17:36:24.120] [SEVERE ] removing player 3 token from slot 10
[17:36:24.120] [SEVERE ] player 3 placing token on slot 5
[17:36:24.120] [SEVERE ] setting player 3 freeze to 3000
[17:36:24.265] [SEVERE ] exit button pressed
[17:36:24.265] [INFO   ] Thread computer-3 terminated.
[17:36:24.265] [INFO   ] Thread player0 terminated.
[17:36:24.265] [INFO   ] Thread computer-1 terminated.
[17:36:24.265] [INFO   ] Thread player3 terminated.
[17:36:24.265] [INFO   ] Thread player1 terminated.
[17:36:24.281] [SEVERE ] removing player 1 token from slot 1
[17:36:24.281] [SEVERE ] removing player 2 token from slot 1
[17:36:24.281] [SEVERE ] removing card from slot 1
[17:36:24.297] [SEVERE ] removing player 4 token from slot 9
[17:36:24.297] [SEVERE ] removing card from slot 9
[17:36:24.313] [SEVERE ] removing player 1 token from slot 3
[17:36:24.313] [SEVERE ] removing player 4 token from slot 3
[17:36:24.313] [SEVERE ] removing card from slot 3
[17:36:24.325] [SEVERE ] removing player 4 token from slot 11
[17:36:24.325] [SEVERE ] removing card from slot 11
[17:36:24.340] [SEVERE ] removing card from slot 6
[17:36:24.353] [SEVERE ] removing card from slot 10
[17:36:24.369] [SEVERE ] removing player 2 token from slot 4
[17:36:24.369] [SEVERE ] removing card from slot 4
[17:36:24.385] [SEVERE ] removing player 3 token from slot 8
[17:36:24.385] [SEVERE ] removing card from slot 8
[17:36:24.398] [SEVERE ] removing card from slot 7
[17:36:24.413] [SEVERE ] removing card from slot 2
[17:36:24.431] [SEVERE ] removing player 1 token from slot 5
[17:36:24.431] [SEVERE ] removing player 3 token from slot 5
[17:36:24.431] [SEVERE ] removing card from slot 5
[17:36:24.447] [SEVERE ] removing player 2 token from slot 0
[17:36:24.447] [SEVERE ] removing player 3 token from slot 0
[17:36:24.447] [SEVERE ] removing card from slot 0
[17:36:24.448] [SEVERE ] announcing winner(s): player 1, player 2, player 3, player 4
[17:36:24.451] [INFO   ] Thread dealer terminated.
[17:36:24.451] [INFO   ] thread dealer terminated.
[17:36:24.451] [SEVERE ] thanks for playing... it was fun!
[17:36:24.451] [INFO   ] thread main terminated.
