[16:46:15.377] [INFO   ] thread main starting.
[16:46:15.385] [SEVERE ] cannot read configuration file config.properties trying from resources.
[16:46:15.385] [SEVERE ] configuration file was loaded from resources directory.
[16:46:15.879] [INFO   ] thread dealer starting.
[16:46:15.880] [INFO   ] Thread dealer starting.
[16:46:15.880] [INFO   ] Thread player0starting.
[16:46:15.880] [INFO   ] Thread player1starting.
[16:46:15.894] [INFO   ] Thread computer-0 starting.
[16:46:15.935] [SEVERE ] placing card 6 in slot 0
[16:46:15.909] [INFO   ] Thread computer-1 starting.
[16:46:15.964] [SEVERE ] placing card 3 in slot 4
[16:46:15.980] [SEVERE ] placing card 78 in slot 11
[16:46:15.993] [SEVERE ] placing card 38 in slot 9
[16:46:16.008] [SEVERE ] placing card 16 in slot 2
[16:46:16.022] [SEVERE ] placing card 71 in slot 6
[16:46:16.038] [SEVERE ] placing card 53 in slot 5
[16:46:16.050] [SEVERE ] placing card 4 in slot 1
[16:46:16.066] [SEVERE ] placing card 74 in slot 8
[16:46:16.083] [SEVERE ] placing card 36 in slot 7
[16:46:16.099] [SEVERE ] placing card 40 in slot 3
[16:46:16.115] [SEVERE ] placing card 70 in slot 10
[16:46:16.115] [SEVERE ] updating countdown to 100
[16:46:16.116] [SEVERE ] player 1 placing token on slot 2
[16:46:16.130] [SEVERE ] updating countdown to 100
[16:46:16.130] [SEVERE ] player 1 placing token on slot 1
[16:46:16.131] [SEVERE ] player 1 placing token on slot 5
[16:46:16.131] [SEVERE ] setting player 1 freeze to 4
[16:46:17.133] [SEVERE ] setting player 1 freeze to 0
[16:46:17.133] [SEVERE ] player 2 placing token on slot 7
[16:46:17.134] [SEVERE ] player 2 placing token on slot 2
[16:46:17.134] [SEVERE ] player 2 placing token on slot 8
[16:46:17.135] [SEVERE ] setting player 2 freeze to 4
[16:46:17.146] [SEVERE ] removing player 1 token from slot 1
[16:46:17.146] [SEVERE ] removing card from slot 1
[16:46:17.157] [SEVERE ] removing card from slot 4
[16:46:17.170] [SEVERE ] removing card from slot 9
[16:46:17.186] [SEVERE ] removing player 2 token from slot 8
[16:46:17.186] [SEVERE ] removing card from slot 8
[16:46:17.201] [SEVERE ] removing card from slot 10
[16:46:17.218] [SEVERE ] removing player 1 token from slot 5
[16:46:17.218] [SEVERE ] removing card from slot 5
[16:46:17.234] [SEVERE ] removing card from slot 6
[16:46:17.250] [SEVERE ] removing player 2 token from slot 7
[16:46:17.250] [SEVERE ] removing card from slot 7
[16:46:17.266] [SEVERE ] removing player 1 token from slot 2
[16:46:17.266] [SEVERE ] removing player 2 token from slot 2
[16:46:17.266] [SEVERE ] removing card from slot 2
[16:46:17.282] [SEVERE ] removing card from slot 3
[16:46:17.298] [SEVERE ] removing card from slot 0
[16:46:17.313] [SEVERE ] removing card from slot 11
[16:46:17.327] [SEVERE ] placing card 25 in slot 1
[16:46:17.344] [SEVERE ] placing card 74 in slot 8
[16:46:17.359] [SEVERE ] placing card 3 in slot 10
[16:46:17.373] [SEVERE ] placing card 49 in slot 5
[16:46:17.389] [SEVERE ] placing card 19 in slot 6
[16:46:17.406] [SEVERE ] placing card 7 in slot 0
[16:46:17.423] [SEVERE ] placing card 71 in slot 2
[16:46:17.435] [SEVERE ] placing card 13 in slot 11
[16:46:17.452] [SEVERE ] placing card 70 in slot 9
[16:46:17.468] [SEVERE ] placing card 4 in slot 4
[16:46:17.480] [SEVERE ] placing card 77 in slot 3
[16:46:17.497] [SEVERE ] placing card 76 in slot 7
[16:46:17.497] [SEVERE ] updating countdown to 100
[16:46:17.497] [SEVERE ] updating countdown to 100
[16:46:18.144] [SEVERE ] setting player 2 freeze to 0
[16:46:18.145] [SEVERE ] player 2 placing token on slot 4
[16:46:18.145] [SEVERE ] player 2 placing token on slot 0
[16:46:18.145] [SEVERE ] player 2 placing token on slot 3
[16:46:18.145] [SEVERE ] setting player 2 freeze to 4
[16:46:18.603] [SEVERE ] removing player 2 token from slot 3
[16:46:18.603] [SEVERE ] removing card from slot 3
[16:46:18.615] [SEVERE ] removing card from slot 1
[16:46:18.632] [SEVERE ] removing card from slot 11
[16:46:18.648] [SEVERE ] removing card from slot 6
[16:46:18.660] [SEVERE ] removing card from slot 8
[16:46:18.675] [SEVERE ] removing card from slot 9
[16:46:18.691] [SEVERE ] removing card from slot 10
[16:46:18.704] [SEVERE ] removing player 2 token from slot 0
[16:46:18.704] [SEVERE ] removing card from slot 0
[16:46:18.720] [SEVERE ] removing card from slot 5
[16:46:18.737] [SEVERE ] removing card from slot 7
[16:46:18.749] [SEVERE ] removing card from slot 2
[16:46:18.762] [SEVERE ] removing player 2 token from slot 4
[16:46:18.762] [SEVERE ] removing card from slot 4
[16:46:18.780] [SEVERE ] placing card 26 in slot 1
[16:46:18.797] [SEVERE ] placing card 20 in slot 3
[16:46:18.809] [SEVERE ] placing card 70 in slot 6
[16:46:18.823] [SEVERE ] placing card 77 in slot 8
[16:46:18.838] [SEVERE ] placing card 65 in slot 10
[16:46:18.855] [SEVERE ] placing card 27 in slot 4
[16:46:18.872] [SEVERE ] placing card 69 in slot 9
[16:46:18.885] [SEVERE ] placing card 48 in slot 7
[16:46:18.901] [SEVERE ] placing card 68 in slot 2
[16:46:18.913] [SEVERE ] placing card 74 in slot 5
[16:46:18.928] [SEVERE ] placing card 45 in slot 0
[16:46:18.944] [SEVERE ] placing card 39 in slot 11
[16:46:18.945] [SEVERE ] updating countdown to 100
[16:46:18.945] [SEVERE ] updating countdown to 100
[16:46:19.150] [SEVERE ] setting player 2 freeze to 0
[16:46:19.150] [SEVERE ] player 2 placing token on slot 5
[16:46:19.150] [SEVERE ] player 2 placing token on slot 9
[16:46:19.152] [SEVERE ] player 2 placing token on slot 6
[16:46:19.152] [SEVERE ] setting player 2 freeze to 4
[16:46:20.044] [SEVERE ] removing player 2 token from slot 9
[16:46:20.044] [SEVERE ] removing card from slot 9
[16:46:20.060] [SEVERE ] removing card from slot 2
[16:46:20.076] [SEVERE ] removing card from slot 10
[16:46:20.092] [SEVERE ] removing card from slot 1
[16:46:20.108] [SEVERE ] removing card from slot 8
[16:46:20.124] [SEVERE ] removing card from slot 7
[16:46:20.136] [SEVERE ] removing player 2 token from slot 5
[16:46:20.136] [SEVERE ] removing card from slot 5
[16:46:20.148] [SEVERE ] removing player 2 token from slot 6
[16:46:20.148] [SEVERE ] removing card from slot 6
[16:46:20.160] [SEVERE ] removing card from slot 4
[16:46:20.160] [SEVERE ] setting player 2 freeze to 0
[16:46:20.176] [SEVERE ] removing card from slot 11
[16:46:20.192] [SEVERE ] removing card from slot 3
[16:46:20.205] [SEVERE ] removing card from slot 0
[16:46:20.221] [SEVERE ] placing card 3 in slot 10
[16:46:20.234] [SEVERE ] placing card 21 in slot 1
[16:46:20.247] [SEVERE ] placing card 63 in slot 9
[16:46:20.263] [SEVERE ] placing card 16 in slot 5
[16:46:20.280] [SEVERE ] placing card 40 in slot 0
[16:46:20.292] [SEVERE ] placing card 66 in slot 3
[16:46:20.309] [SEVERE ] placing card 15 in slot 8
[16:46:20.321] [SEVERE ] placing card 32 in slot 11
[16:46:20.333] [SEVERE ] placing card 76 in slot 7
[16:46:20.346] [SEVERE ] placing card 39 in slot 2
[16:46:20.362] [SEVERE ] placing card 14 in slot 6
[16:46:20.375] [SEVERE ] placing card 6 in slot 4
[16:46:20.375] [SEVERE ] updating countdown to 100
[16:46:20.375] [SEVERE ] player 2 placing token on slot 5
[16:46:20.375] [SEVERE ] player 2 placing token on slot 1
[16:46:20.375] [SEVERE ] updating countdown to 100
[16:46:20.375] [SEVERE ] player 2 placing token on slot 6
[16:46:20.375] [SEVERE ] setting player 2 freeze to 4
[16:46:20.375] [SEVERE ] player 1 placing token on slot 3
[16:46:20.375] [SEVERE ] player 1 placing token on slot 2
[16:46:20.375] [SEVERE ] player 1 placing token on slot 4
[16:46:20.375] [SEVERE ] setting player 1 freeze to 4
[16:46:21.391] [SEVERE ] setting player 1 freeze to 0
[16:46:21.391] [SEVERE ] setting player 2 freeze to 0
[16:46:21.392] [SEVERE ] removing player 1 token from slot 4
[16:46:21.392] [SEVERE ] player 1 placing token on slot 5
[16:46:21.392] [SEVERE ] setting player 1 freeze to 4
[16:46:21.406] [SEVERE ] removing card from slot 4
[16:46:21.423] [SEVERE ] removing player 2 token from slot 1
[16:46:21.423] [SEVERE ] removing card from slot 1
[16:46:21.439] [SEVERE ] removing card from slot 0
[16:46:21.455] [SEVERE ] removing player 1 token from slot 3
[16:46:21.455] [SEVERE ] removing card from slot 3
[16:46:21.471] [SEVERE ] removing player 1 token from slot 2
[16:46:21.471] [SEVERE ] removing card from slot 2
[16:46:21.488] [SEVERE ] removing card from slot 10
[16:46:21.504] [SEVERE ] removing card from slot 9
[16:46:21.516] [SEVERE ] removing card from slot 11
[16:46:21.532] [SEVERE ] removing card from slot 8
[16:46:21.548] [SEVERE ] removing player 1 token from slot 5
[16:46:21.548] [SEVERE ] removing player 2 token from slot 5
[16:46:21.548] [SEVERE ] removing card from slot 5
[16:46:21.564] [SEVERE ] removing card from slot 7
[16:46:21.576] [SEVERE ] removing player 2 token from slot 6
[16:46:21.576] [SEVERE ] removing card from slot 6
[16:46:21.592] [SEVERE ] placing card 24 in slot 3
[16:46:21.638] [SEVERE ] placing card 34 in slot 10
[16:46:21.655] [SEVERE ] placing card 45 in slot 4
[16:46:21.667] [SEVERE ] placing card 43 in slot 8
[16:46:21.679] [SEVERE ] placing card 53 in slot 0
[16:46:21.691] [SEVERE ] placing card 69 in slot 6
[16:46:21.707] [SEVERE ] placing card 4 in slot 5
[16:46:21.723] [SEVERE ] placing card 9 in slot 11
[16:46:21.739] [SEVERE ] placing card 2 in slot 2
[16:46:21.752] [SEVERE ] placing card 39 in slot 9
[16:46:21.768] [SEVERE ] placing card 74 in slot 1
[16:46:21.780] [SEVERE ] placing card 41 in slot 7
[16:46:21.780] [SEVERE ] updating countdown to 100
[16:46:21.780] [SEVERE ] updating countdown to 100
[16:46:22.400] [SEVERE ] setting player 1 freeze to 0
[16:46:22.400] [SEVERE ] player 1 placing token on slot 7
[16:46:22.401] [SEVERE ] player 1 placing token on slot 0
[16:46:22.401] [SEVERE ] player 1 placing token on slot 2
[16:46:22.401] [SEVERE ] setting player 1 freeze to 4
[16:46:22.844] [SEVERE ] removing card from slot 6
[16:46:22.861] [SEVERE ] removing player 1 token from slot 2
[16:46:22.861] [SEVERE ] removing card from slot 2
[16:46:22.877] [SEVERE ] removing card from slot 5
[16:46:22.893] [SEVERE ] removing card from slot 10
[16:46:22.906] [SEVERE ] removing card from slot 8
[16:46:22.921] [SEVERE ] removing card from slot 9
[16:46:22.937] [SEVERE ] removing player 1 token from slot 7
[16:46:22.937] [SEVERE ] removing card from slot 7
[16:46:22.953] [SEVERE ] removing player 1 token from slot 0
[16:46:22.953] [SEVERE ] removing card from slot 0
[16:46:22.970] [SEVERE ] removing card from slot 11
[16:46:22.986] [SEVERE ] removing card from slot 3
[16:46:22.998] [SEVERE ] removing card from slot 1
[16:46:23.010] [SEVERE ] removing card from slot 4
[16:46:23.022] [SEVERE ] placing card 55 in slot 7
[16:46:23.035] [SEVERE ] placing card 3 in slot 0
[16:46:23.051] [SEVERE ] placing card 44 in slot 4
[16:46:23.067] [SEVERE ] placing card 29 in slot 1
[16:46:23.083] [SEVERE ] placing card 16 in slot 11
[16:46:23.100] [SEVERE ] placing card 74 in slot 5
[16:46:23.112] [SEVERE ] placing card 5 in slot 3
[16:46:23.128] [SEVERE ] placing card 42 in slot 9
[16:46:23.140] [SEVERE ] placing card 36 in slot 2
[16:46:23.157] [SEVERE ] placing card 38 in slot 10
[16:46:23.173] [SEVERE ] placing card 19 in slot 8
[16:46:23.190] [SEVERE ] placing card 72 in slot 6
[16:46:23.190] [SEVERE ] updating countdown to 100
[16:46:23.190] [SEVERE ] updating countdown to 100
[16:46:23.412] [SEVERE ] setting player 1 freeze to 0
[16:46:23.412] [SEVERE ] player 1 placing token on slot 11
[16:46:23.412] [SEVERE ] player 1 placing token on slot 3
[16:46:23.413] [SEVERE ] player 1 placing token on slot 8
[16:46:23.413] [SEVERE ] setting player 1 freeze to 4
[16:46:23.413] [SEVERE ] player 2 placing token on slot 8
[16:46:23.413] [SEVERE ] player 2 placing token on slot 1
[16:46:23.413] [SEVERE ] player 2 placing token on slot 0
[16:46:23.413] [SEVERE ] setting player 2 freeze to 4
[16:46:24.272] [SEVERE ] removing card from slot 7
[16:46:24.289] [SEVERE ] removing card from slot 4
[16:46:24.304] [SEVERE ] removing player 1 token from slot 3
[16:46:24.304] [SEVERE ] removing card from slot 3
[16:46:24.320] [SEVERE ] removing card from slot 9
[16:46:24.334] [SEVERE ] removing player 1 token from slot 11
[16:46:24.334] [SEVERE ] removing card from slot 11
[16:46:24.346] [SEVERE ] removing card from slot 5
[16:46:24.363] [SEVERE ] removing player 2 token from slot 0
[16:46:24.363] [SEVERE ] removing card from slot 0
[16:46:24.375] [SEVERE ] removing card from slot 6
[16:46:24.391] [SEVERE ] removing player 2 token from slot 1
[16:46:24.391] [SEVERE ] removing card from slot 1
[16:46:24.407] [SEVERE ] removing card from slot 2
[16:46:24.422] [SEVERE ] setting player 1 freeze to 0
[16:46:24.422] [SEVERE ] setting player 2 freeze to 0
[16:46:24.422] [SEVERE ] removing player 1 token from slot 8
[16:46:24.422] [SEVERE ] removing player 2 token from slot 8
[16:46:24.422] [SEVERE ] removing card from slot 8
[16:46:24.438] [SEVERE ] removing card from slot 10
[16:46:24.454] [SEVERE ] placing card 37 in slot 6
[16:46:24.470] [SEVERE ] placing card 71 in slot 4
[16:46:24.486] [SEVERE ] placing card 23 in slot 7
[16:46:24.502] [SEVERE ] placing card 78 in slot 1
[16:46:24.518] [SEVERE ] placing card 66 in slot 9
[16:46:24.535] [SEVERE ] placing card 50 in slot 10
[16:46:24.547] [SEVERE ] placing card 30 in slot 0
[16:46:24.560] [SEVERE ] placing card 24 in slot 5
[16:46:24.576] [SEVERE ] placing card 44 in slot 2
[16:46:24.592] [SEVERE ] placing card 3 in slot 11
[16:46:24.608] [SEVERE ] placing card 70 in slot 8
[16:46:24.624] [SEVERE ] placing card 7 in slot 3
[16:46:24.624] [SEVERE ] updating countdown to 100
[16:46:24.625] [SEVERE ] player 1 placing token on slot 6
[16:46:24.625] [SEVERE ] player 1 placing token on slot 3
[16:46:24.625] [SEVERE ] player 1 placing token on slot 8
[16:46:24.625] [SEVERE ] player 2 placing token on slot 8
[16:46:24.625] [SEVERE ] player 2 placing token on slot 10
[16:46:24.625] [SEVERE ] player 2 placing token on slot 2
[16:46:24.625] [SEVERE ] updating countdown to 100
[16:46:24.625] [SEVERE ] setting player 2 freeze to 4
[16:46:24.626] [SEVERE ] setting player 1 freeze to 4
[16:46:25.629] [SEVERE ] setting player 1 freeze to 0
[16:46:25.629] [SEVERE ] setting player 2 freeze to 0
[16:46:25.629] [SEVERE ] removing player 1 token from slot 6
[16:46:25.629] [SEVERE ] player 1 placing token on slot 10
[16:46:25.632] [SEVERE ] setting player 1 freeze to 4
[16:46:25.645] [SEVERE ] removing player 2 token from slot 2
[16:46:25.645] [SEVERE ] removing card from slot 2
[16:46:25.658] [SEVERE ] removing player 1 token from slot 8
[16:46:25.658] [SEVERE ] removing player 2 token from slot 8
[16:46:25.658] [SEVERE ] removing card from slot 8
[16:46:25.674] [SEVERE ] removing player 1 token from slot 3
[16:46:25.674] [SEVERE ] removing card from slot 3
[16:46:25.687] [SEVERE ] removing card from slot 11
[16:46:25.733] [SEVERE ] removing card from slot 6
[16:46:25.750] [SEVERE ] removing card from slot 1
[16:46:25.767] [SEVERE ] removing player 1 token from slot 10
[16:46:25.767] [SEVERE ] removing player 2 token from slot 10
[16:46:25.767] [SEVERE ] removing card from slot 10
[16:46:25.783] [SEVERE ] removing card from slot 9
[16:46:25.799] [SEVERE ] removing card from slot 7
[16:46:25.812] [SEVERE ] removing card from slot 5
[16:46:25.824] [SEVERE ] removing card from slot 4
[16:46:25.840] [SEVERE ] removing card from slot 0
[16:46:25.852] [SEVERE ] placing card 60 in slot 6
[16:46:25.864] [SEVERE ] placing card 8 in slot 5
[16:46:25.876] [SEVERE ] placing card 28 in slot 1
[16:46:25.889] [SEVERE ] placing card 12 in slot 8
[16:46:25.902] [SEVERE ] placing card 0 in slot 9
[16:46:25.918] [SEVERE ] placing card 29 in slot 2
[16:46:25.934] [SEVERE ] placing card 49 in slot 7
[16:46:25.950] [SEVERE ] placing card 76 in slot 10
[16:46:25.966] [SEVERE ] placing card 20 in slot 11
[16:46:25.978] [SEVERE ] placing card 5 in slot 4
[16:46:25.994] [SEVERE ] placing card 1 in slot 0
[16:46:26.010] [SEVERE ] placing card 4 in slot 3
[16:46:26.010] [SEVERE ] updating countdown to 100
[16:46:26.010] [SEVERE ] updating countdown to 100
[16:46:26.633] [SEVERE ] setting player 1 freeze to 0
[16:46:26.633] [SEVERE ] player 1 placing token on slot 1
[16:46:26.633] [SEVERE ] player 1 placing token on slot 9
[16:46:26.633] [SEVERE ] player 1 placing token on slot 5
[16:46:26.633] [SEVERE ] setting player 1 freeze to 4
[16:46:27.071] [SEVERE ] removing player 1 token from slot 9
[16:46:27.092] [SEVERE ] removing card from slot 9
[16:46:27.103] [SEVERE ] removing card from slot 6
[16:46:27.116] [SEVERE ] removing card from slot 2
[16:46:27.132] [SEVERE ] removing card from slot 4
[16:46:27.148] [SEVERE ] removing player 1 token from slot 5
[16:46:27.148] [SEVERE ] removing card from slot 5
[16:46:27.161] [SEVERE ] removing card from slot 3
[16:46:27.177] [SEVERE ] removing card from slot 11
[16:46:27.194] [SEVERE ] removing card from slot 7
[16:46:27.206] [SEVERE ] removing card from slot 0
[16:46:27.221] [SEVERE ] removing player 1 token from slot 1
[16:46:27.221] [SEVERE ] removing card from slot 1
[16:46:27.237] [SEVERE ] removing card from slot 10
[16:46:27.253] [SEVERE ] removing card from slot 8
[16:46:27.269] [SEVERE ] placing card 52 in slot 8
[16:46:27.285] [SEVERE ] placing card 23 in slot 11
[16:46:27.297] [SEVERE ] placing card 18 in slot 10
[16:46:27.309] [SEVERE ] placing card 41 in slot 7
[16:46:27.325] [SEVERE ] placing card 37 in slot 1
[16:46:27.341] [SEVERE ] placing card 28 in slot 0
[16:46:27.357] [SEVERE ] placing card 10 in slot 5
[16:46:27.373] [SEVERE ] placing card 50 in slot 3
[16:46:27.389] [SEVERE ] placing card 49 in slot 2
[16:46:27.401] [SEVERE ] placing card 42 in slot 4
[16:46:27.413] [SEVERE ] placing card 13 in slot 9
[16:46:27.429] [SEVERE ] placing card 70 in slot 6
[16:46:27.429] [SEVERE ] updating countdown to 100
[16:46:27.429] [SEVERE ] updating countdown to 100
[16:46:27.633] [SEVERE ] setting player 1 freeze to 0
[16:46:27.633] [SEVERE ] player 1 placing token on slot 3
[16:46:27.633] [SEVERE ] player 1 placing token on slot 0
[16:46:27.633] [SEVERE ] player 1 placing token on slot 5
[16:46:27.633] [SEVERE ] setting player 1 freeze to 4
[16:46:28.517] [SEVERE ] removing card from slot 11
[16:46:28.533] [SEVERE ] removing card from slot 1
[16:46:28.545] [SEVERE ] removing card from slot 6
[16:46:28.562] [SEVERE ] removing card from slot 10
[16:46:28.578] [SEVERE ] removing card from slot 4
[16:46:28.590] [SEVERE ] removing player 1 token from slot 0
[16:46:28.590] [SEVERE ] removing card from slot 0
[16:46:28.606] [SEVERE ] removing card from slot 2
[16:46:28.621] [SEVERE ] removing card from slot 8
[16:46:28.637] [SEVERE ] setting player 1 freeze to 0
[16:46:28.637] [SEVERE ] removing player 1 token from slot 3
[16:46:28.637] [SEVERE ] removing card from slot 3
[16:46:28.653] [SEVERE ] removing card from slot 7
[16:46:28.669] [SEVERE ] removing card from slot 9
[16:46:28.685] [SEVERE ] removing player 1 token from slot 5
[16:46:28.685] [SEVERE ] removing card from slot 5
[16:46:28.701] [SEVERE ] placing card 63 in slot 2
[16:46:28.713] [SEVERE ] placing card 80 in slot 1
[16:46:28.729] [SEVERE ] placing card 78 in slot 6
[16:46:28.742] [SEVERE ] placing card 2 in slot 10
[16:46:28.759] [SEVERE ] placing card 71 in slot 9
[16:46:28.771] [SEVERE ] placing card 49 in slot 4
[16:46:28.787] [SEVERE ] placing card 69 in slot 0
[16:46:28.803] [SEVERE ] placing card 24 in slot 8
[16:46:28.819] [SEVERE ] placing card 72 in slot 11
[16:46:28.835] [SEVERE ] placing card 59 in slot 7
[16:46:28.851] [SEVERE ] placing card 8 in slot 3
[16:46:28.867] [SEVERE ] placing card 44 in slot 5
[16:46:28.867] [SEVERE ] updating countdown to 100
[16:46:28.867] [SEVERE ] player 1 placing token on slot 2
[16:46:28.867] [SEVERE ] player 1 placing token on slot 5
[16:46:28.867] [SEVERE ] player 1 placing token on slot 0
[16:46:28.867] [SEVERE ] setting player 1 freeze to 4
[16:46:28.867] [SEVERE ] updating countdown to 100
[16:46:29.872] [SEVERE ] setting player 1 freeze to 0
[16:46:29.872] [SEVERE ] player 2 placing token on slot 2
[16:46:29.872] [SEVERE ] player 2 placing token on slot 10
[16:46:29.872] [SEVERE ] player 2 placing token on slot 9
[16:46:29.872] [SEVERE ] setting player 2 freeze to 4
[16:46:29.888] [SEVERE ] removing player 1 token from slot 2
[16:46:29.888] [SEVERE ] removing player 2 token from slot 2
[16:46:29.888] [SEVERE ] removing card from slot 2
[16:46:29.904] [SEVERE ] removing player 2 token from slot 10
[16:46:29.904] [SEVERE ] removing card from slot 10
[16:46:29.921] [SEVERE ] removing card from slot 1
[16:46:29.937] [SEVERE ] removing card from slot 8
[16:46:29.953] [SEVERE ] removing card from slot 11
[16:46:29.969] [SEVERE ] removing card from slot 6
[16:46:29.982] [SEVERE ] removing card from slot 7
[16:46:29.998] [SEVERE ] removing card from slot 3
[16:46:30.015] [SEVERE ] removing card from slot 4
[16:46:30.031] [SEVERE ] removing player 1 token from slot 0
[16:46:30.031] [SEVERE ] removing card from slot 0
[16:46:30.047] [SEVERE ] removing player 2 token from slot 9
[16:46:30.047] [SEVERE ] removing card from slot 9
[16:46:30.059] [SEVERE ] removing player 1 token from slot 5
[16:46:30.059] [SEVERE ] removing card from slot 5
[16:46:30.075] [SEVERE ] placing card 41 in slot 9
[16:46:30.091] [SEVERE ] placing card 19 in slot 2
[16:46:30.107] [SEVERE ] placing card 30 in slot 7
[16:46:30.123] [SEVERE ] placing card 38 in slot 11
[16:46:30.139] [SEVERE ] placing card 42 in slot 1
[16:46:30.155] [SEVERE ] placing card 7 in slot 8
[16:46:30.168] [SEVERE ] placing card 40 in slot 4
[16:46:30.181] [SEVERE ] placing card 55 in slot 6
[16:46:30.193] [SEVERE ] placing card 14 in slot 10
[16:46:30.205] [SEVERE ] placing card 75 in slot 3
[16:46:30.221] [SEVERE ] placing card 24 in slot 0
[16:46:30.237] [SEVERE ] placing card 80 in slot 5
[16:46:30.237] [SEVERE ] updating countdown to 100
[16:46:30.238] [SEVERE ] updating countdown to 100
[16:46:30.885] [SEVERE ] setting player 2 freeze to 0
[16:46:30.885] [SEVERE ] player 2 placing token on slot 6
[16:46:30.885] [SEVERE ] player 2 placing token on slot 2
[16:46:30.885] [SEVERE ] player 2 placing token on slot 9
[16:46:30.885] [SEVERE ] setting player 2 freeze to 4
[16:46:30.885] [SEVERE ] player 1 placing token on slot 11
[16:46:30.885] [SEVERE ] player 1 placing token on slot 1
[16:46:30.885] [SEVERE ] player 1 placing token on slot 10
[16:46:30.885] [SEVERE ] setting player 1 freeze to 4
[16:46:31.322] [SEVERE ] removing player 1 token from slot 11
[16:46:31.322] [SEVERE ] removing card from slot 11
[16:46:31.336] [SEVERE ] removing card from slot 8
[16:46:31.353] [SEVERE ] removing card from slot 4
[16:46:31.369] [SEVERE ] removing card from slot 7
[16:46:31.387] [SEVERE ] removing player 2 token from slot 9
[16:46:31.387] [SEVERE ] removing card from slot 9
[16:46:31.404] [SEVERE ] removing card from slot 5
[16:46:31.416] [SEVERE ] removing card from slot 3
[16:46:31.432] [SEVERE ] removing player 2 token from slot 6
[16:46:31.432] [SEVERE ] removing card from slot 6
[16:46:31.445] [SEVERE ] removing player 1 token from slot 10
[16:46:31.445] [SEVERE ] removing card from slot 10
[16:46:31.458] [SEVERE ] removing card from slot 0
[16:46:31.471] [SEVERE ] removing player 2 token from slot 2
[16:46:31.471] [SEVERE ] removing card from slot 2
[16:46:31.487] [SEVERE ] removing player 1 token from slot 1
[16:46:31.487] [SEVERE ] removing card from slot 1
[16:46:31.503] [SEVERE ] placing card 33 in slot 7
[16:46:31.518] [SEVERE ] placing card 24 in slot 9
[16:46:31.530] [SEVERE ] placing card 38 in slot 6
[16:46:31.545] [SEVERE ] placing card 10 in slot 4
[16:46:31.561] [SEVERE ] placing card 69 in slot 11
[16:46:31.577] [SEVERE ] placing card 29 in slot 8
[16:46:31.592] [SEVERE ] placing card 80 in slot 2
[16:46:31.608] [SEVERE ] placing card 0 in slot 5
[16:46:31.621] [SEVERE ] placing card 17 in slot 1
[16:46:31.637] [SEVERE ] placing card 32 in slot 10
[16:46:31.650] [SEVERE ] placing card 31 in slot 0
[16:46:31.666] [SEVERE ] placing card 21 in slot 3
[16:46:31.666] [SEVERE ] updating countdown to 100
[16:46:31.667] [SEVERE ] updating countdown to 100
[16:46:31.898] [SEVERE ] setting player 2 freeze to 0
[16:46:31.898] [SEVERE ] setting player 1 freeze to 0
[16:46:31.899] [SEVERE ] player 1 placing token on slot 1
[16:46:31.899] [SEVERE ] player 1 placing token on slot 6
[16:46:31.899] [SEVERE ] player 1 placing token on slot 5
[16:46:31.899] [SEVERE ] setting player 1 freeze to 4
[16:46:31.899] [SEVERE ] player 2 placing token on slot 11
[16:46:31.899] [SEVERE ] player 2 placing token on slot 3
[16:46:31.899] [SEVERE ] player 2 placing token on slot 2
[16:46:31.899] [SEVERE ] setting player 2 freeze to 4
[16:46:32.769] [SEVERE ] removing player 2 token from slot 11
[16:46:32.769] [SEVERE ] removing card from slot 11
[16:46:32.785] [SEVERE ] removing player 1 token from slot 5
[16:46:32.785] [SEVERE ] removing card from slot 5
[16:46:32.801] [SEVERE ] removing card from slot 8
[16:46:32.817] [SEVERE ] removing card from slot 0
[16:46:32.834] [SEVERE ] removing card from slot 7
[16:46:32.850] [SEVERE ] removing card from slot 4
[16:46:32.866] [SEVERE ] removing player 2 token from slot 3
[16:46:32.866] [SEVERE ] removing card from slot 3
[16:46:32.882] [SEVERE ] removing player 1 token from slot 6
[16:46:32.882] [SEVERE ] removing card from slot 6
[16:46:32.898] [SEVERE ] removing player 2 token from slot 2
[16:46:32.898] [SEVERE ] removing card from slot 2
[16:46:32.914] [SEVERE ] setting player 2 freeze to 0
[16:46:32.914] [SEVERE ] setting player 1 freeze to 0
[16:46:32.914] [SEVERE ] removing card from slot 9
[16:46:32.930] [SEVERE ] removing card from slot 10
[16:46:32.942] [SEVERE ] removing player 1 token from slot 1
[16:46:32.942] [SEVERE ] removing card from slot 1
[16:46:32.958] [SEVERE ] placing card 10 in slot 9
[16:46:32.974] [SEVERE ] placing card 53 in slot 10
[16:46:32.986] [SEVERE ] placing card 43 in slot 7
[16:46:33.002] [SEVERE ] placing card 7 in slot 3
[16:46:33.018] [SEVERE ] placing card 18 in slot 1
[16:46:33.034] [SEVERE ] placing card 71 in slot 0
[16:46:33.050] [SEVERE ] placing card 68 in slot 11
[16:46:33.067] [SEVERE ] placing card 48 in slot 2
[16:46:33.083] [SEVERE ] placing card 72 in slot 5
[16:46:33.099] [SEVERE ] placing card 47 in slot 6
[16:46:33.115] [SEVERE ] placing card 75 in slot 4
[16:46:33.131] [SEVERE ] placing card 26 in slot 8
[16:46:33.131] [SEVERE ] updating countdown to 100
[16:46:33.131] [SEVERE ] player 1 placing token on slot 9
[16:46:33.131] [SEVERE ] player 1 placing token on slot 10
[16:46:33.131] [SEVERE ] updating countdown to 100
[16:46:33.131] [SEVERE ] player 1 placing token on slot 2
[16:46:33.131] [SEVERE ] setting player 1 freeze to 4
[16:46:34.137] [SEVERE ] setting player 1 freeze to 0
[16:46:34.137] [SEVERE ] removing player 1 token from slot 2
[16:46:34.137] [SEVERE ] player 1 placing token on slot 4
[16:46:34.137] [SEVERE ] setting player 1 freeze to 4
[16:46:34.153] [SEVERE ] removing card from slot 8
[16:46:34.165] [SEVERE ] removing card from slot 6
[16:46:34.181] [SEVERE ] removing player 1 token from slot 10
[16:46:34.181] [SEVERE ] removing card from slot 10
[16:46:34.197] [SEVERE ] removing card from slot 11
[16:46:34.213] [SEVERE ] removing player 1 token from slot 4
[16:46:34.213] [SEVERE ] removing card from slot 4
[16:46:34.230] [SEVERE ] removing card from slot 2
[16:46:34.242] [SEVERE ] removing player 1 token from slot 9
[16:46:34.242] [SEVERE ] removing card from slot 9
[16:46:34.258] [SEVERE ] removing card from slot 7
[16:46:34.274] [SEVERE ] removing card from slot 1
[16:46:34.290] [SEVERE ] removing card from slot 5
[16:46:34.306] [SEVERE ] removing card from slot 0
[16:46:34.318] [SEVERE ] removing card from slot 3
[16:46:34.334] [SEVERE ] placing card 70 in slot 0
[16:46:34.350] [SEVERE ] placing card 5 in slot 8
[16:46:34.362] [SEVERE ] placing card 14 in slot 2
[16:46:34.374] [SEVERE ] placing card 11 in slot 10
[16:46:34.390] [SEVERE ] placing card 68 in slot 7
[16:46:34.406] [SEVERE ] placing card 51 in slot 6
[16:46:34.418] [SEVERE ] placing card 66 in slot 1
[16:46:34.434] [SEVERE ] placing card 9 in slot 4
[16:46:34.451] [SEVERE ] placing card 79 in slot 9
[16:46:34.467] [SEVERE ] placing card 36 in slot 3
[16:46:34.480] [SEVERE ] placing card 61 in slot 5
[16:46:34.492] [SEVERE ] placing card 72 in slot 11
[16:46:34.492] [SEVERE ] updating countdown to 100
[16:46:34.492] [SEVERE ] updating countdown to 100
[16:46:35.152] [SEVERE ] setting player 1 freeze to 0
[16:46:35.152] [SEVERE ] player 1 placing token on slot 10
[16:46:35.152] [SEVERE ] player 1 placing token on slot 7
[16:46:35.152] [SEVERE ] player 1 placing token on slot 1
[16:46:35.152] [SEVERE ] setting player 1 freeze to 4
[16:46:35.152] [SEVERE ] player 2 placing token on slot 4
[16:46:35.152] [SEVERE ] player 2 placing token on slot 0
[16:46:35.152] [SEVERE ] player 2 placing token on slot 1
[16:46:35.152] [SEVERE ] setting player 2 freeze to 4
[16:46:35.602] [SEVERE ] removing player 2 token from slot 0
[16:46:35.602] [SEVERE ] removing card from slot 0
[16:46:35.618] [SEVERE ] removing card from slot 3
[16:46:35.634] [SEVERE ] removing player 2 token from slot 4
[16:46:35.634] [SEVERE ] removing card from slot 4
[16:46:35.650] [SEVERE ] removing card from slot 2
[16:46:35.666] [SEVERE ] removing player 1 token from slot 10
[16:46:35.666] [SEVERE ] removing card from slot 10
[16:46:35.680] [SEVERE ] removing card from slot 8
[16:46:35.692] [SEVERE ] removing card from slot 11
[16:46:35.708] [SEVERE ] removing card from slot 9
[16:46:35.724] [SEVERE ] removing player 1 token from slot 1
[16:46:35.724] [SEVERE ] removing player 2 token from slot 1
[16:46:35.724] [SEVERE ] removing card from slot 1
[16:46:35.740] [SEVERE ] removing card from slot 5
[16:46:35.756] [SEVERE ] removing card from slot 6
[16:46:35.773] [SEVERE ] removing player 1 token from slot 7
[16:46:35.773] [SEVERE ] removing card from slot 7
[16:46:35.789] [SEVERE ] placing card 25 in slot 4
[16:46:35.802] [SEVERE ] placing card 31 in slot 3
[16:46:35.818] [SEVERE ] placing card 61 in slot 2
[16:46:35.831] [SEVERE ] placing card 50 in slot 10
[16:46:35.847] [SEVERE ] placing card 42 in slot 1
[16:46:35.864] [SEVERE ] placing card 41 in slot 5
[16:46:35.881] [SEVERE ] placing card 1 in slot 0
[16:46:35.897] [SEVERE ] placing card 12 in slot 7
[16:46:35.909] [SEVERE ] placing card 38 in slot 11
[16:46:35.924] [SEVERE ] placing card 59 in slot 8
[16:46:35.942] [SEVERE ] placing card 44 in slot 9
[16:46:35.958] [SEVERE ] placing card 8 in slot 6
[16:46:35.958] [SEVERE ] updating countdown to 100
[16:46:35.958] [SEVERE ] updating countdown to 100
[16:46:36.155] [SEVERE ] setting player 1 freeze to 0
[16:46:36.155] [SEVERE ] setting player 2 freeze to 0
[16:46:36.155] [SEVERE ] player 2 placing token on slot 3
[16:46:36.155] [SEVERE ] player 2 placing token on slot 9
[16:46:36.155] [SEVERE ] player 2 placing token on slot 4
[16:46:36.155] [SEVERE ] setting player 2 freeze to 4
[16:46:37.020] [SEVERE ] removing card from slot 6
[16:46:37.033] [SEVERE ] removing card from slot 8
[16:46:37.050] [SEVERE ] removing card from slot 5
[16:46:37.066] [SEVERE ] removing player 2 token from slot 4
[16:46:37.066] [SEVERE ] removing card from slot 4
[16:46:37.082] [SEVERE ] removing card from slot 1
[16:46:37.095] [SEVERE ] removing card from slot 10
[16:46:37.111] [SEVERE ] removing player 2 token from slot 9
[16:46:37.111] [SEVERE ] removing card from slot 9
[16:46:37.128] [SEVERE ] removing card from slot 0
[16:46:37.140] [SEVERE ] removing card from slot 7
[16:46:37.156] [SEVERE ] setting player 2 freeze to 0
[16:46:37.156] [SEVERE ] removing card from slot 2
[16:46:37.172] [SEVERE ] removing card from slot 11
[16:46:37.185] [SEVERE ] removing player 2 token from slot 3
[16:46:37.185] [SEVERE ] removing card from slot 3
[16:46:37.201] [SEVERE ] placing card 68 in slot 2
[16:46:37.214] [SEVERE ] placing card 47 in slot 4
[16:46:37.227] [SEVERE ] placing card 23 in slot 3
[16:46:37.240] [SEVERE ] placing card 27 in slot 1
[16:46:37.252] [SEVERE ] placing card 13 in slot 5
[16:46:37.268] [SEVERE ] placing card 17 in slot 7
[16:46:37.284] [SEVERE ] placing card 69 in slot 10
[16:46:37.300] [SEVERE ] placing card 71 in slot 9
[16:46:37.312] [SEVERE ] placing card 20 in slot 6
[16:46:37.325] [SEVERE ] placing card 5 in slot 11
[16:46:37.337] [SEVERE ] placing card 4 in slot 8
[16:46:37.349] [SEVERE ] placing card 67 in slot 0
[16:46:37.349] [SEVERE ] updating countdown to 100
[16:46:37.350] [SEVERE ] player 2 placing token on slot 8
[16:46:37.350] [SEVERE ] player 2 placing token on slot 9
[16:46:37.350] [SEVERE ] player 2 placing token on slot 2
[16:46:37.350] [SEVERE ] player 1 placing token on slot 4
[16:46:37.350] [SEVERE ] setting player 2 freeze to 4
[16:46:37.350] [SEVERE ] player 1 placing token on slot 5
[16:46:37.350] [SEVERE ] updating countdown to 100
[16:46:37.350] [SEVERE ] player 1 placing token on slot 10
[16:46:37.350] [SEVERE ] setting player 1 freeze to 4
[16:46:38.358] [SEVERE ] setting player 2 freeze to 0
[16:46:38.358] [SEVERE ] setting player 1 freeze to 0
[16:46:38.358] [SEVERE ] removing player 1 token from slot 5
[16:46:38.358] [SEVERE ] player 1 placing token on slot 1
[16:46:38.358] [SEVERE ] setting player 1 freeze to 4
[16:46:38.374] [SEVERE ] removing player 2 token from slot 2
[16:46:38.374] [SEVERE ] removing card from slot 2
[16:46:38.390] [SEVERE ] removing card from slot 7
[16:46:38.406] [SEVERE ] removing player 2 token from slot 9
[16:46:38.406] [SEVERE ] removing card from slot 9
[16:46:38.422] [SEVERE ] removing card from slot 5
[16:46:38.439] [SEVERE ] removing player 1 token from slot 4
[16:46:38.439] [SEVERE ] removing card from slot 4
[16:46:38.451] [SEVERE ] removing card from slot 3
[16:46:38.468] [SEVERE ] removing card from slot 0
[16:46:38.481] [SEVERE ] removing player 2 token from slot 8
[16:46:38.481] [SEVERE ] removing card from slot 8
[16:46:38.497] [SEVERE ] removing player 1 token from slot 1
[16:46:38.497] [SEVERE ] removing card from slot 1
[16:46:38.513] [SEVERE ] removing card from slot 11
[16:46:38.526] [SEVERE ] removing player 1 token from slot 10
[16:46:38.526] [SEVERE ] removing card from slot 10
[16:46:38.542] [SEVERE ] removing card from slot 6
[16:46:38.558] [SEVERE ] placing card 74 in slot 0
[16:46:38.574] [SEVERE ] placing card 57 in slot 8
[16:46:38.590] [SEVERE ] placing card 47 in slot 9
[16:46:38.606] [SEVERE ] placing card 37 in slot 2
[16:46:38.622] [SEVERE ] placing card 39 in slot 7
[16:46:38.638] [SEVERE ] placing card 34 in slot 11
[16:46:38.654] [SEVERE ] placing card 50 in slot 1
[16:46:38.666] [SEVERE ] placing card 36 in slot 4
[16:46:38.678] [SEVERE ] placing card 3 in slot 10
[16:46:38.694] [SEVERE ] placing card 66 in slot 5
[16:46:38.710] [SEVERE ] placing card 64 in slot 3
[16:46:38.727] [SEVERE ] placing card 8 in slot 6
[16:46:38.727] [SEVERE ] updating countdown to 100
[16:46:38.727] [SEVERE ] updating countdown to 100
[16:46:39.363] [SEVERE ] setting player 1 freeze to 0
[16:46:39.363] [SEVERE ] player 1 placing token on slot 1
[16:46:39.363] [SEVERE ] player 1 placing token on slot 6
[16:46:39.363] [SEVERE ] player 1 placing token on slot 3
[16:46:39.363] [SEVERE ] setting player 1 freeze to 4
[16:46:39.363] [SEVERE ] player 2 placing token on slot 9
[16:46:39.363] [SEVERE ] player 2 placing token on slot 8
[16:46:39.363] [SEVERE ] player 2 placing token on slot 7
[16:46:39.363] [SEVERE ] setting player 2 freeze to 4
[16:46:39.789] [SEVERE ] removing card from slot 10
[16:46:39.805] [SEVERE ] removing card from slot 0
[16:46:39.821] [SEVERE ] removing card from slot 5
[16:46:39.837] [SEVERE ] removing player 1 token from slot 1
[16:46:39.837] [SEVERE ] removing card from slot 1
[16:46:39.853] [SEVERE ] removing player 2 token from slot 7
[16:46:39.853] [SEVERE ] removing card from slot 7
[16:46:39.869] [SEVERE ] removing player 2 token from slot 8
[16:46:39.869] [SEVERE ] removing card from slot 8
[16:46:39.886] [SEVERE ] removing player 1 token from slot 6
[16:46:39.886] [SEVERE ] removing card from slot 6
[16:46:39.898] [SEVERE ] removing card from slot 2
[16:46:39.915] [SEVERE ] removing player 2 token from slot 9
[16:46:39.915] [SEVERE ] removing card from slot 9
[16:46:39.928] [SEVERE ] removing player 1 token from slot 3
[16:46:39.928] [SEVERE ] removing card from slot 3
[16:46:39.944] [SEVERE ] removing card from slot 11
[16:46:39.956] [SEVERE ] removing card from slot 4
[16:46:39.972] [SEVERE ] placing card 27 in slot 3
[16:46:39.988] [SEVERE ] placing card 75 in slot 5
[16:46:40.001] [SEVERE ] placing card 43 in slot 11
[16:46:40.017] [SEVERE ] placing card 60 in slot 4
[16:46:40.033] [SEVERE ] placing card 34 in slot 2
[16:46:40.049] [SEVERE ] placing card 53 in slot 6
[16:46:40.066] [SEVERE ] placing card 28 in slot 1
[16:46:40.078] [SEVERE ] placing card 6 in slot 8
[16:46:40.094] [SEVERE ] placing card 0 in slot 10
[16:46:40.110] [SEVERE ] placing card 59 in slot 7
[16:46:40.126] [SEVERE ] placing card 5 in slot 0
[16:46:40.142] [SEVERE ] placing card 78 in slot 9
[16:46:40.142] [SEVERE ] updating countdown to 100
[16:46:40.142] [SEVERE ] updating countdown to 100
[16:46:40.373] [SEVERE ] setting player 2 freeze to 0
[16:46:40.373] [SEVERE ] setting player 1 freeze to 0
[16:46:40.373] [SEVERE ] player 2 placing token on slot 3
[16:46:40.373] [SEVERE ] player 2 placing token on slot 10
[16:46:40.373] [SEVERE ] player 2 placing token on slot 5
[16:46:40.373] [SEVERE ] setting player 2 freeze to 4
[16:46:41.249] [SEVERE ] removing card from slot 7
[16:46:41.265] [SEVERE ] removing player 2 token from slot 3
[16:46:41.265] [SEVERE ] removing card from slot 3
[16:46:41.281] [SEVERE ] removing player 2 token from slot 5
[16:46:41.281] [SEVERE ] removing card from slot 5
[16:46:41.297] [SEVERE ] removing card from slot 4
[16:46:41.314] [SEVERE ] removing card from slot 6
[16:46:41.330] [SEVERE ] removing player 2 token from slot 10
[16:46:41.330] [SEVERE ] removing card from slot 10
[16:46:41.346] [SEVERE ] removing card from slot 11
[16:46:41.362] [SEVERE ] removing card from slot 2
[16:46:41.378] [SEVERE ] removing card from slot 0
[16:46:41.378] [SEVERE ] setting player 2 freeze to 0
[16:46:41.395] [SEVERE ] removing card from slot 9
[16:46:41.407] [SEVERE ] removing card from slot 8
[16:46:41.423] [SEVERE ] removing card from slot 1
[16:46:41.439] [SEVERE ] placing card 22 in slot 11
[16:46:41.455] [SEVERE ] placing card 79 in slot 3
[16:46:41.467] [SEVERE ] placing card 36 in slot 2
[16:46:41.483] [SEVERE ] placing card 6 in slot 0
[16:46:41.499] [SEVERE ] placing card 45 in slot 10
[16:46:41.515] [SEVERE ] placing card 35 in slot 4
[16:46:41.531] [SEVERE ] placing card 21 in slot 8
[16:46:41.543] [SEVERE ] placing card 31 in slot 6
[16:46:41.555] [SEVERE ] placing card 14 in slot 1
[16:46:41.567] [SEVERE ] placing card 5 in slot 5
[16:46:41.579] [SEVERE ] placing card 41 in slot 7
[16:46:41.595] [SEVERE ] placing card 39 in slot 9
[16:46:41.595] [SEVERE ] updating countdown to 100
[16:46:41.595] [SEVERE ] player 2 placing token on slot 11
[16:46:41.595] [SEVERE ] player 2 placing token on slot 8
[16:46:41.595] [SEVERE ] player 2 placing token on slot 1
[16:46:41.595] [SEVERE ] setting player 2 freeze to 4
[16:46:41.595] [SEVERE ] updating countdown to 100
[16:46:42.597] [SEVERE ] setting player 2 freeze to 0
[16:46:42.597] [SEVERE ] removing player 2 token from slot 1
[16:46:42.597] [SEVERE ] removing player 2 token from slot 11
[16:46:42.597] [SEVERE ] player 1 placing token on slot 2
[16:46:42.597] [SEVERE ] player 1 placing token on slot 7
[16:46:42.597] [SEVERE ] player 1 placing token on slot 0
[16:46:42.597] [SEVERE ] setting player 1 freeze to 4
[16:46:42.610] [SEVERE ] removing card from slot 3
[16:46:42.626] [SEVERE ] removing player 1 token from slot 7
[16:46:42.626] [SEVERE ] removing card from slot 7
[16:46:42.642] [SEVERE ] removing player 1 token from slot 0
[16:46:42.642] [SEVERE ] removing card from slot 0
[16:46:42.658] [SEVERE ] removing card from slot 4
[16:46:42.670] [SEVERE ] removing player 1 token from slot 2
[16:46:42.670] [SEVERE ] removing card from slot 2
[16:46:42.686] [SEVERE ] removing card from slot 5
[16:46:42.701] [SEVERE ] removing card from slot 11
[16:46:42.717] [SEVERE ] removing card from slot 1
[16:46:42.734] [SEVERE ] removing card from slot 10
[16:46:42.750] [SEVERE ] removing card from slot 6
[16:46:42.762] [SEVERE ] removing card from slot 9
[16:46:42.778] [SEVERE ] removing player 2 token from slot 8
[16:46:42.778] [SEVERE ] removing card from slot 8
[16:46:42.794] [SEVERE ] placing card 57 in slot 0
[16:46:42.810] [SEVERE ] placing card 24 in slot 8
[16:46:42.826] [SEVERE ] placing card 35 in slot 2
[16:46:42.842] [SEVERE ] placing card 37 in slot 3
[16:46:42.858] [SEVERE ] placing card 15 in slot 1
[16:46:42.874] [SEVERE ] placing card 1 in slot 4
[16:46:42.890] [SEVERE ] placing card 62 in slot 10
[16:46:42.906] [SEVERE ] placing card 50 in slot 7
[16:46:42.922] [SEVERE ] placing card 59 in slot 11
[16:46:42.938] [SEVERE ] placing card 65 in slot 5
[16:46:42.954] [SEVERE ] placing card 32 in slot 6
[16:46:42.970] [SEVERE ] placing card 71 in slot 9
[16:46:42.970] [SEVERE ] updating countdown to 100
[16:46:42.970] [SEVERE ] updating countdown to 100
[16:46:43.605] [SEVERE ] setting player 1 freeze to 0
[16:46:43.605] [SEVERE ] player 1 placing token on slot 3
[16:46:43.605] [SEVERE ] player 1 placing token on slot 8
[16:46:43.605] [SEVERE ] player 1 placing token on slot 10
[16:46:43.606] [SEVERE ] setting player 1 freeze to 4
[16:46:44.042] [SEVERE ] removing card from slot 11
[16:46:44.057] [SEVERE ] removing card from slot 5
[16:46:44.071] [SEVERE ] removing card from slot 7
[16:46:44.087] [SEVERE ] removing card from slot 2
[16:46:44.103] [SEVERE ] removing card from slot 0
[16:46:44.116] [SEVERE ] removing card from slot 4
[16:46:44.132] [SEVERE ] removing card from slot 6
[16:46:44.144] [SEVERE ] removing card from slot 1
[16:46:44.160] [SEVERE ] removing player 1 token from slot 8
[16:46:44.160] [SEVERE ] removing card from slot 8
[16:46:44.177] [SEVERE ] removing card from slot 9
[16:46:44.194] [SEVERE ] removing player 1 token from slot 10
[16:46:44.194] [SEVERE ] removing card from slot 10
[16:46:44.210] [SEVERE ] removing player 1 token from slot 3
[16:46:44.210] [SEVERE ] removing card from slot 3
[16:46:44.226] [SEVERE ] placing card 7 in slot 1
[16:46:44.238] [SEVERE ] placing card 40 in slot 11
[16:46:44.251] [SEVERE ] placing card 78 in slot 4
[16:46:44.267] [SEVERE ] placing card 55 in slot 7
[16:46:44.283] [SEVERE ] placing card 26 in slot 9
[16:46:44.299] [SEVERE ] placing card 11 in slot 10
[16:46:44.313] [SEVERE ] placing card 74 in slot 3
[16:46:44.325] [SEVERE ] placing card 72 in slot 6
[16:46:44.341] [SEVERE ] placing card 35 in slot 0
[16:46:44.357] [SEVERE ] placing card 62 in slot 8
[16:46:44.374] [SEVERE ] placing card 57 in slot 2
[16:46:44.390] [SEVERE ] placing card 0 in slot 5
[16:46:44.390] [SEVERE ] updating countdown to 100
[16:46:44.390] [SEVERE ] updating countdown to 100
[16:46:44.613] [SEVERE ] setting player 1 freeze to 0
[16:46:44.613] [SEVERE ] player 1 placing token on slot 0
[16:46:44.613] [SEVERE ] player 1 placing token on slot 5
[16:46:44.613] [SEVERE ] player 1 placing token on slot 8
[16:46:44.613] [SEVERE ] setting player 1 freeze to 4
[16:46:44.613] [SEVERE ] player 2 placing token on slot 9
[16:46:44.613] [SEVERE ] player 2 placing token on slot 1
[16:46:44.613] [SEVERE ] player 2 placing token on slot 11
[16:46:44.613] [SEVERE ] setting player 2 freeze to 4
[16:46:45.471] [SEVERE ] removing player 2 token from slot 11
[16:46:45.471] [SEVERE ] removing card from slot 11
[16:46:45.487] [SEVERE ] removing card from slot 10
[16:46:45.503] [SEVERE ] removing card from slot 3
[16:46:45.515] [SEVERE ] removing player 1 token from slot 5
[16:46:45.515] [SEVERE ] removing card from slot 5
[16:46:45.527] [SEVERE ] removing card from slot 4
[16:46:45.539] [SEVERE ] removing card from slot 6
[16:46:45.551] [SEVERE ] removing player 1 token from slot 8
[16:46:45.551] [SEVERE ] removing card from slot 8
[16:46:45.567] [SEVERE ] removing player 1 token from slot 0
[16:46:45.567] [SEVERE ] removing card from slot 0
[16:46:45.583] [SEVERE ] removing card from slot 2
[16:46:45.599] [SEVERE ] removing player 2 token from slot 9
[16:46:45.599] [SEVERE ] removing card from slot 9
[16:46:45.615] [SEVERE ] removing card from slot 7
[16:46:45.615] [SEVERE ] setting player 2 freeze to 0
[16:46:45.615] [SEVERE ] setting player 1 freeze to 0
[16:46:45.627] [SEVERE ] removing player 2 token from slot 1
[16:46:45.627] [SEVERE ] removing card from slot 1
[16:46:45.639] [SEVERE ] placing card 43 in slot 0
[16:46:45.655] [SEVERE ] placing card 47 in slot 8
[16:46:45.670] [SEVERE ] placing card 70 in slot 7
[16:46:45.683] [SEVERE ] placing card 74 in slot 3
[16:46:45.699] [SEVERE ] placing card 64 in slot 10
[16:46:45.715] [SEVERE ] placing card 39 in slot 2
[16:46:45.731] [SEVERE ] placing card 15 in slot 1
[16:46:45.743] [SEVERE ] placing card 51 in slot 6
[16:46:45.759] [SEVERE ] placing card 35 in slot 9
[16:46:45.775] [SEVERE ] placing card 60 in slot 11
[16:46:45.791] [SEVERE ] placing card 17 in slot 4
[16:46:45.807] [SEVERE ] placing card 9 in slot 5
[16:46:45.807] [SEVERE ] updating countdown to 100
[16:46:45.808] [SEVERE ] player 2 placing token on slot 4
[16:46:45.808] [SEVERE ] player 2 placing token on slot 9
[16:46:45.808] [SEVERE ] player 2 placing token on slot 7
[16:46:45.808] [SEVERE ] updating countdown to 100
[16:46:45.808] [SEVERE ] setting player 2 freeze to 4
[16:46:45.808] [SEVERE ] player 1 placing token on slot 7
[16:46:45.808] [SEVERE ] player 1 placing token on slot 8
[16:46:45.808] [SEVERE ] player 1 placing token on slot 11
[16:46:45.808] [SEVERE ] setting player 1 freeze to 4
[16:46:46.821] [SEVERE ] setting player 1 freeze to 0
[16:46:46.821] [SEVERE ] setting player 2 freeze to 0
[16:46:46.821] [SEVERE ] removing player 1 token from slot 7
[16:46:46.821] [SEVERE ] player 1 placing token on slot 9
[16:46:46.821] [SEVERE ] setting player 1 freeze to 4
[16:46:46.834] [SEVERE ] removing player 2 token from slot 7
[16:46:46.834] [SEVERE ] removing card from slot 7
[16:46:46.850] [SEVERE ] removing player 1 token from slot 8
[16:46:46.850] [SEVERE ] removing card from slot 8
[16:46:46.867] [SEVERE ] removing card from slot 6
[16:46:46.883] [SEVERE ] removing player 1 token from slot 9
[16:46:46.883] [SEVERE ] removing player 2 token from slot 9
[16:46:46.883] [SEVERE ] removing card from slot 9
[16:46:46.900] [SEVERE ] removing card from slot 1
[16:46:46.912] [SEVERE ] removing card from slot 3
[16:46:46.928] [SEVERE ] removing card from slot 5
[16:46:46.944] [SEVERE ] removing player 1 token from slot 11
[16:46:46.944] [SEVERE ] removing card from slot 11
[16:46:46.960] [SEVERE ] removing card from slot 2
[16:46:46.972] [SEVERE ] removing card from slot 10
[16:46:46.989] [SEVERE ] removing player 2 token from slot 4
[16:46:46.989] [SEVERE ] removing card from slot 4
[16:46:47.005] [SEVERE ] removing card from slot 0
[16:46:47.021] [SEVERE ] placing card 77 in slot 0
[16:46:47.035] [SEVERE ] placing card 11 in slot 10
[16:46:47.050] [SEVERE ] placing card 8 in slot 11
[16:46:47.066] [SEVERE ] placing card 71 in slot 7
[16:46:47.082] [SEVERE ] placing card 38 in slot 2
[16:46:47.098] [SEVERE ] placing card 62 in slot 6
[16:46:47.114] [SEVERE ] placing card 47 in slot 1
[16:46:47.126] [SEVERE ] placing card 10 in slot 4
[16:46:47.142] [SEVERE ] placing card 26 in slot 9
[16:46:47.156] [SEVERE ] placing card 29 in slot 8
[16:46:47.175] [SEVERE ] placing card 0 in slot 5
[16:46:47.187] [SEVERE ] placing card 24 in slot 3
[16:46:47.187] [SEVERE ] updating countdown to 100
[16:46:47.187] [SEVERE ] player 2 placing token on slot 10
[16:46:47.187] [SEVERE ] player 2 placing token on slot 9
[16:46:47.187] [SEVERE ] player 2 placing token on slot 6
[16:46:47.187] [SEVERE ] updating countdown to 100
[16:46:47.187] [SEVERE ] setting player 2 freeze to 4
[16:46:47.833] [SEVERE ] setting player 1 freeze to 0
[16:46:47.833] [SEVERE ] player 1 placing token on slot 10
[16:46:47.833] [SEVERE ] player 1 placing token on slot 3
[16:46:47.833] [SEVERE ] player 1 placing token on slot 8
[16:46:47.834] [SEVERE ] setting player 1 freeze to 4
[16:46:48.195] [SEVERE ] setting player 2 freeze to 0
[16:46:48.270] [SEVERE ] removing player 1 token from slot 3
[16:46:48.270] [SEVERE ] removing card from slot 3
[16:46:48.287] [SEVERE ] removing player 2 token from slot 9
[16:46:48.287] [SEVERE ] removing card from slot 9
[16:46:48.299] [SEVERE ] removing card from slot 2
[16:46:48.317] [SEVERE ] removing card from slot 7
[16:46:48.328] [SEVERE ] removing card from slot 5
[16:46:48.344] [SEVERE ] removing card from slot 11
[16:46:48.360] [SEVERE ] removing card from slot 0
[16:46:48.376] [SEVERE ] removing card from slot 4
[16:46:48.393] [SEVERE ] removing player 1 token from slot 8
[16:46:48.393] [SEVERE ] removing card from slot 8
[16:46:48.409] [SEVERE ] removing card from slot 1
[16:46:48.425] [SEVERE ] removing player 2 token from slot 6
[16:46:48.425] [SEVERE ] removing card from slot 6
[16:46:48.440] [SEVERE ] removing player 1 token from slot 10
[16:46:48.440] [SEVERE ] removing player 2 token from slot 10
[16:46:48.440] [SEVERE ] removing card from slot 10
[16:46:48.456] [SEVERE ] placing card 7 in slot 10
[16:46:48.472] [SEVERE ] placing card 64 in slot 9
[16:46:48.488] [SEVERE ] placing card 72 in slot 6
[16:46:48.504] [SEVERE ] placing card 63 in slot 4
[16:46:48.520] [SEVERE ] placing card 69 in slot 8
[16:46:48.537] [SEVERE ] placing card 53 in slot 0
[16:46:48.553] [SEVERE ] placing card 19 in slot 2
[16:46:48.569] [SEVERE ] placing card 47 in slot 5
[16:46:48.585] [SEVERE ] placing card 79 in slot 1
[16:46:48.601] [SEVERE ] placing card 55 in slot 7
[16:46:48.613] [SEVERE ] placing card 9 in slot 11
[16:46:48.626] [SEVERE ] placing card 74 in slot 3
[16:46:48.626] [SEVERE ] updating countdown to 100
[16:46:48.626] [SEVERE ] updating countdown to 100
[16:46:48.835] [SEVERE ] setting player 1 freeze to 0
[16:46:48.835] [SEVERE ] player 1 placing token on slot 0
[16:46:48.835] [SEVERE ] player 1 placing token on slot 5
[16:46:48.835] [SEVERE ] player 1 placing token on slot 4
[16:46:48.835] [SEVERE ] setting player 1 freeze to 4
[16:46:49.693] [SEVERE ] removing player 1 token from slot 0
[16:46:49.693] [SEVERE ] removing card from slot 0
[16:46:49.706] [SEVERE ] removing card from slot 7
[16:46:49.723] [SEVERE ] removing card from slot 2
[16:46:49.738] [SEVERE ] removing card from slot 8
[16:46:49.756] [SEVERE ] removing card from slot 6
[16:46:49.772] [SEVERE ] removing card from slot 1
[16:46:49.785] [SEVERE ] removing card from slot 3
[16:46:49.802] [SEVERE ] removing player 1 token from slot 5
[16:46:49.802] [SEVERE ] removing card from slot 5
[16:46:49.818] [SEVERE ] removing card from slot 11
[16:46:49.835] [SEVERE ] removing card from slot 10
[16:46:49.848] [SEVERE ] setting player 1 freeze to 0
[16:46:49.848] [SEVERE ] removing player 1 token from slot 4
[16:46:49.848] [SEVERE ] removing card from slot 4
[16:46:49.864] [SEVERE ] removing card from slot 9
[16:46:49.880] [SEVERE ] placing card 42 in slot 3
[16:46:49.896] [SEVERE ] placing card 52 in slot 0
[16:46:49.908] [SEVERE ] placing card 62 in slot 4
[16:46:49.925] [SEVERE ] placing card 30 in slot 9
[16:46:49.941] [SEVERE ] placing card 57 in slot 10
[16:46:49.954] [SEVERE ] placing card 53 in slot 5
[16:46:49.970] [SEVERE ] placing card 19 in slot 7
[16:46:49.986] [SEVERE ] placing card 50 in slot 2
[16:46:50.002] [SEVERE ] placing card 28 in slot 11
[16:46:50.018] [SEVERE ] placing card 40 in slot 1
[16:46:50.031] [SEVERE ] placing card 29 in slot 8
[16:46:50.044] [SEVERE ] placing card 32 in slot 6
[16:46:50.044] [SEVERE ] updating countdown to 100
[16:46:50.044] [SEVERE ] player 1 placing token on slot 4
[16:46:50.044] [SEVERE ] player 1 placing token on slot 11
[16:46:50.044] [SEVERE ] player 1 placing token on slot 2
[16:46:50.044] [SEVERE ] updating countdown to 100
[16:46:50.044] [SEVERE ] setting player 1 freeze to 4
[16:46:50.044] [SEVERE ] player 2 placing token on slot 4
[16:46:50.044] [SEVERE ] player 2 placing token on slot 6
[16:46:50.044] [SEVERE ] player 2 placing token on slot 7
[16:46:50.044] [SEVERE ] setting player 2 freeze to 4
[16:46:51.056] [SEVERE ] setting player 1 freeze to 0
[16:46:51.056] [SEVERE ] setting player 2 freeze to 0
[16:46:51.056] [SEVERE ] removing player 2 token from slot 7
[16:46:51.056] [SEVERE ] player 2 placing token on slot 0
[16:46:51.056] [SEVERE ] setting player 2 freeze to 4
[16:46:51.072] [SEVERE ] removing player 1 token from slot 11
[16:46:51.072] [SEVERE ] removing card from slot 11
[16:46:51.084] [SEVERE ] removing card from slot 10
[16:46:51.100] [SEVERE ] removing card from slot 8
[16:46:51.116] [SEVERE ] removing card from slot 7
[16:46:51.132] [SEVERE ] removing card from slot 3
[16:46:51.148] [SEVERE ] removing card from slot 1
[16:46:51.165] [SEVERE ] removing card from slot 9
[16:46:51.181] [SEVERE ] removing player 2 token from slot 6
[16:46:51.181] [SEVERE ] removing card from slot 6
[16:46:51.194] [SEVERE ] removing player 2 token from slot 0
[16:46:51.194] [SEVERE ] removing card from slot 0
[16:46:51.207] [SEVERE ] removing card from slot 5
[16:46:51.223] [SEVERE ] removing player 1 token from slot 4
[16:46:51.223] [SEVERE ] removing player 2 token from slot 4
[16:46:51.223] [SEVERE ] removing card from slot 4
[16:46:51.240] [SEVERE ] removing player 1 token from slot 2
[16:46:51.240] [SEVERE ] removing card from slot 2
[16:46:51.252] [SEVERE ] placing card 55 in slot 11
[16:46:51.268] [SEVERE ] placing card 54 in slot 2
[16:46:51.284] [SEVERE ] placing card 42 in slot 0
[16:46:51.300] [SEVERE ] placing card 56 in slot 3
[16:46:51.316] [SEVERE ] placing card 33 in slot 5
[16:46:51.332] [SEVERE ] placing card 30 in slot 6
[16:46:51.344] [SEVERE ] placing card 46 in slot 1
[16:46:51.357] [SEVERE ] placing card 5 in slot 7
[16:46:51.373] [SEVERE ] placing card 61 in slot 10
[16:46:51.389] [SEVERE ] placing card 63 in slot 4
[16:46:51.405] [SEVERE ] placing card 17 in slot 8
[16:46:51.421] [SEVERE ] placing card 73 in slot 9
[16:46:51.421] [SEVERE ] updating countdown to 100
[16:46:51.421] [SEVERE ] updating countdown to 100
[16:46:52.062] [SEVERE ] setting player 2 freeze to 0
[16:46:52.062] [SEVERE ] player 2 placing token on slot 4
[16:46:52.062] [SEVERE ] player 2 placing token on slot 1
[16:46:52.062] [SEVERE ] player 2 placing token on slot 7
[16:46:52.062] [SEVERE ] setting player 2 freeze to 4
[16:46:52.500] [SEVERE ] removing card from slot 5
[16:46:52.517] [SEVERE ] removing player 2 token from slot 4
[16:46:52.517] [SEVERE ] removing card from slot 4
[16:46:52.533] [SEVERE ] removing card from slot 8
[16:46:52.549] [SEVERE ] removing card from slot 0
[16:46:52.566] [SEVERE ] removing card from slot 11
[16:46:52.583] [SEVERE ] removing player 2 token from slot 7
[16:46:52.583] [SEVERE ] removing card from slot 7
[16:46:52.596] [SEVERE ] removing card from slot 2
[16:46:52.612] [SEVERE ] removing player 2 token from slot 1
[16:46:52.612] [SEVERE ] removing card from slot 1
[16:46:52.629] [SEVERE ] removing card from slot 3
[16:46:52.645] [SEVERE ] removing card from slot 6
[16:46:52.661] [SEVERE ] removing card from slot 9
[16:46:52.677] [SEVERE ] removing card from slot 10
[16:46:52.705] [SEVERE ] placing card 36 in slot 11
[16:46:52.721] [SEVERE ] placing card 34 in slot 6
[16:46:52.738] [SEVERE ] placing card 79 in slot 0
[16:46:52.754] [SEVERE ] placing card 0 in slot 2
[16:46:52.770] [SEVERE ] placing card 22 in slot 7
[16:46:52.786] [SEVERE ] placing card 60 in slot 10
[16:46:52.803] [SEVERE ] placing card 67 in slot 5
[16:46:52.819] [SEVERE ] placing card 54 in slot 4
[16:46:52.835] [SEVERE ] placing card 76 in slot 9
[16:46:52.850] [SEVERE ] placing card 31 in slot 8
[16:46:52.866] [SEVERE ] placing card 5 in slot 3
[16:46:52.882] [SEVERE ] placing card 66 in slot 1
[16:46:52.882] [SEVERE ] updating countdown to 100
[16:46:52.883] [SEVERE ] updating countdown to 100
[16:46:53.066] [SEVERE ] setting player 2 freeze to 0
[16:46:53.066] [SEVERE ] player 2 placing token on slot 5
[16:46:53.066] [SEVERE ] player 2 placing token on slot 0
[16:46:53.066] [SEVERE ] player 2 placing token on slot 9
[16:46:53.066] [SEVERE ] setting player 2 freeze to 4
[16:46:53.949] [SEVERE ] removing player 2 token from slot 5
[16:46:53.949] [SEVERE ] removing card from slot 5
[16:46:53.965] [SEVERE ] removing card from slot 7
[16:46:53.977] [SEVERE ] removing card from slot 11
[16:46:53.993] [SEVERE ] removing card from slot 4
[16:46:54.009] [SEVERE ] removing card from slot 2
[16:46:54.025] [SEVERE ] removing card from slot 6
[16:46:54.038] [SEVERE ] removing card from slot 8
[16:46:54.054] [SEVERE ] removing player 2 token from slot 9
[16:46:54.054] [SEVERE ] removing card from slot 9
[16:46:54.067] [SEVERE ] removing player 2 token from slot 0
[16:46:54.067] [SEVERE ] setting player 2 freeze to 0
[16:46:54.067] [SEVERE ] removing card from slot 0
[16:46:54.083] [SEVERE ] removing card from slot 1
[16:46:54.099] [SEVERE ] removing card from slot 10
[16:46:54.115] [SEVERE ] removing card from slot 3
[16:46:54.127] [SEVERE ] placing card 23 in slot 5
[16:46:54.144] [SEVERE ] placing card 72 in slot 4
[16:46:54.160] [SEVERE ] placing card 46 in slot 10
[16:46:54.172] [SEVERE ] placing card 54 in slot 7
[16:46:54.188] [SEVERE ] placing card 33 in slot 8
[16:46:54.204] [SEVERE ] placing card 22 in slot 3
[16:46:54.220] [SEVERE ] placing card 39 in slot 9
[16:46:54.236] [SEVERE ] placing card 26 in slot 2
[16:46:54.248] [SEVERE ] placing card 67 in slot 0
[16:46:54.264] [SEVERE ] placing card 40 in slot 11
[16:46:54.280] [SEVERE ] placing card 57 in slot 1
[16:46:54.297] [SEVERE ] placing card 27 in slot 6
[16:46:54.297] [SEVERE ] updating countdown to 100
[16:46:54.297] [SEVERE ] player 2 placing token on slot 7
[16:46:54.297] [SEVERE ] player 2 placing token on slot 4
[16:46:54.297] [SEVERE ] player 2 placing token on slot 0
[16:46:54.297] [SEVERE ] updating countdown to 100
[16:46:54.297] [SEVERE ] setting player 2 freeze to 4
[16:46:55.302] [SEVERE ] setting player 2 freeze to 0
[16:46:55.302] [SEVERE ] removing player 2 token from slot 7
[16:46:55.302] [SEVERE ] player 2 placing token on slot 5
[16:46:55.302] [SEVERE ] setting player 2 freeze to 4
[16:46:55.314] [SEVERE ] removing player 2 token from slot 0
[16:46:55.314] [SEVERE ] removing card from slot 0
[16:46:55.326] [SEVERE ] removing card from slot 6
[16:46:55.342] [SEVERE ] removing card from slot 1
[16:46:55.358] [SEVERE ] removing player 2 token from slot 5
[16:46:55.358] [SEVERE ] removing card from slot 5
[16:46:55.371] [SEVERE ] removing card from slot 11
[16:46:55.388] [SEVERE ] removing card from slot 3
[16:46:55.404] [SEVERE ] removing player 2 token from slot 4
[16:46:55.404] [SEVERE ] removing card from slot 4
[16:46:55.420] [SEVERE ] removing card from slot 10
[16:46:55.436] [SEVERE ] removing card from slot 2
[16:46:55.452] [SEVERE ] removing card from slot 8
[16:46:55.464] [SEVERE ] removing card from slot 9
[16:46:55.480] [SEVERE ] removing card from slot 7
[16:46:55.496] [SEVERE ] placing card 11 in slot 5
[16:46:55.512] [SEVERE ] placing card 47 in slot 1
[16:46:55.528] [SEVERE ] placing card 29 in slot 3
[16:46:55.544] [SEVERE ] placing card 42 in slot 4
[16:46:55.560] [SEVERE ] placing card 4 in slot 11
[16:46:55.572] [SEVERE ] placing card 12 in slot 10
[16:46:55.584] [SEVERE ] placing card 15 in slot 9
[16:46:55.601] [SEVERE ] placing card 71 in slot 2
[16:46:55.617] [SEVERE ] placing card 74 in slot 7
[16:46:55.633] [SEVERE ] placing card 76 in slot 8
[16:46:55.650] [SEVERE ] placing card 33 in slot 0
[16:46:55.662] [SEVERE ] placing card 27 in slot 6
[16:46:55.662] [SEVERE ] updating countdown to 100
[16:46:55.662] [SEVERE ] updating countdown to 100
[16:46:56.313] [SEVERE ] setting player 2 freeze to 0
[16:46:56.313] [SEVERE ] player 2 placing token on slot 11
[16:46:56.313] [SEVERE ] player 2 placing token on slot 10
[16:46:56.313] [SEVERE ] player 2 placing token on slot 2
[16:46:56.313] [SEVERE ] setting player 2 freeze to 4
[16:46:56.755] [SEVERE ] removing player 2 token from slot 2
[16:46:56.755] [SEVERE ] removing card from slot 2
[16:46:56.768] [SEVERE ] removing card from slot 6
[16:46:56.785] [SEVERE ] removing card from slot 1
[16:46:56.801] [SEVERE ] removing card from slot 0
[16:46:56.817] [SEVERE ] removing card from slot 9
[16:46:56.833] [SEVERE ] removing player 2 token from slot 10
[16:46:56.833] [SEVERE ] removing card from slot 10
[16:46:56.849] [SEVERE ] removing card from slot 7
[16:46:56.865] [SEVERE ] removing card from slot 8
[16:46:56.881] [SEVERE ] removing player 2 token from slot 11
[16:46:56.881] [SEVERE ] removing card from slot 11
[16:46:56.894] [SEVERE ] removing card from slot 5
[16:46:56.910] [SEVERE ] removing card from slot 3
[16:46:56.926] [SEVERE ] removing card from slot 4
[16:46:56.942] [SEVERE ] placing card 35 in slot 7
[16:46:56.955] [SEVERE ] placing card 59 in slot 11
[16:46:56.971] [SEVERE ] placing card 1 in slot 3
[16:46:56.987] [SEVERE ] placing card 12 in slot 9
[16:46:57.003] [SEVERE ] placing card 42 in slot 4
[16:46:57.015] [SEVERE ] placing card 72 in slot 5
[16:46:57.031] [SEVERE ] placing card 34 in slot 2
[16:46:57.047] [SEVERE ] placing card 37 in slot 1
[16:46:57.063] [SEVERE ] placing card 43 in slot 10
[16:46:57.093] [SEVERE ] placing card 18 in slot 8
[16:46:57.109] [SEVERE ] placing card 65 in slot 0
[16:46:57.121] [SEVERE ] placing card 64 in slot 6
[16:46:57.121] [SEVERE ] updating countdown to 100
[16:46:57.121] [SEVERE ] updating countdown to 100
[16:46:57.322] [SEVERE ] setting player 2 freeze to 0
[16:46:57.322] [SEVERE ] player 2 placing token on slot 4
[16:46:57.322] [SEVERE ] player 2 placing token on slot 8
[16:46:57.322] [SEVERE ] player 2 placing token on slot 6
[16:46:57.322] [SEVERE ] setting player 2 freeze to 4
[16:46:58.191] [SEVERE ] removing card from slot 2
[16:46:58.207] [SEVERE ] removing card from slot 9
[16:46:58.223] [SEVERE ] removing card from slot 1
[16:46:58.239] [SEVERE ] removing player 2 token from slot 6
[16:46:58.239] [SEVERE ] removing card from slot 6
[16:46:58.255] [SEVERE ] removing card from slot 10
[16:46:58.271] [SEVERE ] removing card from slot 0
[16:46:58.284] [SEVERE ] removing player 2 token from slot 8
[16:46:58.284] [SEVERE ] removing card from slot 8
[16:46:58.300] [SEVERE ] removing card from slot 7
[16:46:58.316] [SEVERE ] removing card from slot 3
[16:46:58.328] [SEVERE ] removing card from slot 11
[16:46:58.328] [SEVERE ] setting player 2 freeze to 0
[16:46:58.344] [SEVERE ] removing card from slot 5
[16:46:58.361] [SEVERE ] removing player 2 token from slot 4
[16:46:58.361] [SEVERE ] removing card from slot 4
[16:46:58.377] [SEVERE ] placing card 46 in slot 0
[16:46:58.393] [SEVERE ] placing card 70 in slot 9
[16:46:58.409] [SEVERE ] placing card 21 in slot 4
[16:46:58.425] [SEVERE ] placing card 0 in slot 8
[16:46:58.437] [SEVERE ] placing card 37 in slot 2
[16:46:58.449] [SEVERE ] placing card 59 in slot 6
[16:46:58.465] [SEVERE ] placing card 15 in slot 1
[16:46:58.481] [SEVERE ] placing card 24 in slot 7
[16:46:58.497] [SEVERE ] placing card 31 in slot 3
[16:46:58.513] [SEVERE ] placing card 30 in slot 5
[16:46:58.525] [SEVERE ] placing card 12 in slot 11
[16:46:58.537] [SEVERE ] placing card 73 in slot 10
[16:46:58.537] [SEVERE ] updating countdown to 100
[16:46:58.537] [SEVERE ] player 2 placing token on slot 8
[16:46:58.537] [SEVERE ] player 2 placing token on slot 0
[16:46:58.537] [SEVERE ] player 2 placing token on slot 9
[16:46:58.537] [SEVERE ] updating countdown to 100
[16:46:58.537] [SEVERE ] setting player 2 freeze to 4
[16:46:58.537] [SEVERE ] player 1 placing token on slot 5
[16:46:58.537] [SEVERE ] player 1 placing token on slot 7
[16:46:58.537] [SEVERE ] player 1 placing token on slot 6
[16:46:58.537] [SEVERE ] setting player 1 freeze to 4
[16:46:59.552] [SEVERE ] setting player 2 freeze to 0
[16:46:59.552] [SEVERE ] setting player 1 freeze to 0
[16:46:59.552] [SEVERE ] removing player 2 token from slot 9
[16:46:59.552] [SEVERE ] player 2 placing token on slot 5
[16:46:59.552] [SEVERE ] setting player 2 freeze to 4
[16:46:59.564] [SEVERE ] removing card from slot 3
[16:46:59.576] [SEVERE ] removing card from slot 9
[16:46:59.592] [SEVERE ] removing card from slot 4
[16:46:59.608] [SEVERE ] removing player 2 token from slot 0
[16:46:59.608] [SEVERE ] removing card from slot 0
[16:46:59.624] [SEVERE ] removing card from slot 11
[16:46:59.640] [SEVERE ] removing player 1 token from slot 6
[16:46:59.640] [SEVERE ] removing card from slot 6
[16:46:59.653] [SEVERE ] removing player 1 token from slot 7
[16:46:59.653] [SEVERE ] removing card from slot 7
[16:46:59.669] [SEVERE ] removing card from slot 2
[16:46:59.682] [SEVERE ] removing card from slot 1
[16:46:59.695] [SEVERE ] removing player 2 token from slot 8
[16:46:59.695] [SEVERE ] removing card from slot 8
[16:46:59.712] [SEVERE ] removing card from slot 10
[16:46:59.728] [SEVERE ] removing player 1 token from slot 5
[16:46:59.728] [SEVERE ] removing player 2 token from slot 5
[16:46:59.728] [SEVERE ] removing card from slot 5
[16:46:59.744] [SEVERE ] placing card 72 in slot 3
[16:46:59.760] [SEVERE ] placing card 79 in slot 6
[16:46:59.776] [SEVERE ] placing card 13 in slot 1
[16:46:59.792] [SEVERE ] placing card 40 in slot 2
[16:46:59.809] [SEVERE ] placing card 38 in slot 7
[16:46:59.825] [SEVERE ] placing card 12 in slot 4
[16:46:59.841] [SEVERE ] placing card 34 in slot 8
[16:46:59.857] [SEVERE ] placing card 19 in slot 11
[16:46:59.873] [SEVERE ] placing card 24 in slot 0
[16:46:59.889] [SEVERE ] placing card 63 in slot 10
[16:46:59.905] [SEVERE ] placing card 52 in slot 5
[16:46:59.918] [SEVERE ] placing card 5 in slot 9
[16:46:59.918] [SEVERE ] updating countdown to 100
[16:46:59.918] [SEVERE ] updating countdown to 100
[16:47:00.559] [SEVERE ] setting player 2 freeze to 0
[16:47:00.559] [SEVERE ] player 2 placing token on slot 1
[16:47:00.559] [SEVERE ] player 2 placing token on slot 4
[16:47:00.559] [SEVERE ] player 2 placing token on slot 7
[16:47:00.560] [SEVERE ] setting player 2 freeze to 4
[16:47:01.003] [SEVERE ] removing card from slot 5
[16:47:01.019] [SEVERE ] removing player 2 token from slot 1
[16:47:01.019] [SEVERE ] removing card from slot 1
[16:47:01.035] [SEVERE ] removing card from slot 9
[16:47:01.048] [SEVERE ] removing card from slot 10
[16:47:01.064] [SEVERE ] removing player 2 token from slot 4
[16:47:01.064] [SEVERE ] removing card from slot 4
[16:47:01.080] [SEVERE ] removing card from slot 2
[16:47:01.092] [SEVERE ] removing card from slot 0
[16:47:01.105] [SEVERE ] removing card from slot 6
[16:47:01.121] [SEVERE ] removing card from slot 8
[16:47:01.138] [SEVERE ] removing player 2 token from slot 7
[16:47:01.138] [SEVERE ] removing card from slot 7
[16:47:01.183] [SEVERE ] removing card from slot 11
[16:47:01.199] [SEVERE ] removing card from slot 3
[16:47:01.215] [SEVERE ] placing card 16 in slot 5
[16:47:01.231] [SEVERE ] placing card 51 in slot 9
[16:47:01.247] [SEVERE ] placing card 12 in slot 1
[16:47:01.264] [SEVERE ] placing card 33 in slot 3
[16:47:01.280] [SEVERE ] placing card 48 in slot 7
[16:47:01.296] [SEVERE ] placing card 1 in slot 10
[16:47:01.308] [SEVERE ] placing card 6 in slot 6
[16:47:01.324] [SEVERE ] placing card 78 in slot 8
[16:47:01.340] [SEVERE ] placing card 56 in slot 11
[16:47:01.352] [SEVERE ] placing card 39 in slot 2
[16:47:01.368] [SEVERE ] placing card 55 in slot 0
[16:47:01.385] [SEVERE ] placing card 42 in slot 4
[16:47:01.385] [SEVERE ] updating countdown to 100
[16:47:01.385] [SEVERE ] updating countdown to 100
[16:47:01.563] [SEVERE ] setting player 2 freeze to 0
[16:47:01.563] [SEVERE ] player 2 placing token on slot 6
[16:47:01.563] [SEVERE ] player 2 placing token on slot 5
[16:47:01.563] [SEVERE ] player 2 placing token on slot 11
[16:47:01.563] [SEVERE ] setting player 2 freeze to 4
[16:47:02.423] [SEVERE ] removing card from slot 4
[16:47:02.435] [SEVERE ] removing card from slot 3
[16:47:02.447] [SEVERE ] removing card from slot 8
[16:47:02.463] [SEVERE ] removing player 2 token from slot 6
[16:47:02.463] [SEVERE ] removing card from slot 6
[16:47:02.476] [SEVERE ] removing player 2 token from slot 5
[16:47:02.476] [SEVERE ] removing card from slot 5
[16:47:02.493] [SEVERE ] removing card from slot 7
[16:47:02.553] [SEVERE ] removing player 2 token from slot 11
[16:47:02.553] [SEVERE ] removing card from slot 11
[16:47:02.569] [SEVERE ] setting player 2 freeze to 0
[16:47:02.569] [SEVERE ] removing card from slot 0
[16:47:02.585] [SEVERE ] removing card from slot 10
[16:47:02.601] [SEVERE ] removing card from slot 2
[16:47:02.613] [SEVERE ] removing card from slot 1
[16:47:02.629] [SEVERE ] removing card from slot 9
[16:47:02.641] [SEVERE ] placing card 34 in slot 8
[16:47:02.654] [SEVERE ] placing card 4 in slot 5
[16:47:02.670] [SEVERE ] placing card 21 in slot 4
[16:47:02.686] [SEVERE ] placing card 42 in slot 0
[16:47:02.702] [SEVERE ] placing card 48 in slot 11
[16:47:02.716] [SEVERE ] placing card 66 in slot 1
[16:47:02.732] [SEVERE ] placing card 69 in slot 3
[16:47:02.744] [SEVERE ] placing card 18 in slot 6
[16:47:02.760] [SEVERE ] placing card 49 in slot 10
[16:47:02.776] [SEVERE ] placing card 50 in slot 7
[16:47:02.792] [SEVERE ] placing card 79 in slot 9
[16:47:02.808] [SEVERE ] placing card 58 in slot 2
[16:47:02.808] [SEVERE ] updating countdown to 100
[16:47:02.808] [SEVERE ] player 2 placing token on slot 1
[16:47:02.808] [SEVERE ] player 2 placing token on slot 5
[16:47:02.808] [SEVERE ] player 2 placing token on slot 9
[16:47:02.808] [SEVERE ] setting player 2 freeze to 4
[16:47:02.808] [SEVERE ] player 1 placing token on slot 3
[16:47:02.808] [SEVERE ] player 1 placing token on slot 1
[16:47:02.808] [SEVERE ] updating countdown to 100
[16:47:02.808] [SEVERE ] player 1 placing token on slot 9
[16:47:02.808] [SEVERE ] setting player 1 freeze to 4
[16:47:03.820] [SEVERE ] setting player 1 freeze to 0
[16:47:03.820] [SEVERE ] removing player 1 token from slot 9
[16:47:03.820] [SEVERE ] setting player 2 freeze to 0
[16:47:03.820] [SEVERE ] removing player 1 token from slot 3
[16:47:03.821] [SEVERE ] player 1 placing token on slot 5
[16:47:03.821] [SEVERE ] player 1 placing token on slot 9
[16:47:03.821] [SEVERE ] setting player 1 freeze to 4
[16:47:03.836] [SEVERE ] removing card from slot 10
[16:47:03.852] [SEVERE ] removing card from slot 2
[16:47:03.865] [SEVERE ] removing card from slot 7
[16:47:03.910] [SEVERE ] removing card from slot 0
[16:47:03.923] [SEVERE ] removing card from slot 4
[16:47:03.939] [SEVERE ] removing player 1 token from slot 5
[16:47:03.939] [SEVERE ] removing player 2 token from slot 5
[16:47:03.939] [SEVERE ] removing card from slot 5
[16:47:03.951] [SEVERE ] removing card from slot 8
[16:47:03.963] [SEVERE ] removing player 1 token from slot 1
[16:47:03.963] [SEVERE ] removing player 2 token from slot 1
[16:47:03.963] [SEVERE ] removing card from slot 1
[16:47:03.979] [SEVERE ] removing card from slot 3
[16:47:03.995] [SEVERE ] removing card from slot 11
[16:47:04.011] [SEVERE ] removing card from slot 6
[16:47:04.027] [SEVERE ] removing player 1 token from slot 9
[16:47:04.027] [SEVERE ] removing player 2 token from slot 9
[16:47:04.027] [SEVERE ] removing card from slot 9
[16:47:04.043] [SEVERE ] placing card 29 in slot 6
[16:47:04.059] [SEVERE ] placing card 58 in slot 2
[16:47:04.072] [SEVERE ] placing card 35 in slot 8
[16:47:04.088] [SEVERE ] placing card 0 in slot 11
[16:47:04.104] [SEVERE ] placing card 62 in slot 1
[16:47:04.120] [SEVERE ] placing card 34 in slot 5
[16:47:04.136] [SEVERE ] placing card 50 in slot 9
[16:47:04.148] [SEVERE ] placing card 6 in slot 7
[16:47:04.160] [SEVERE ] placing card 71 in slot 0
[16:47:04.177] [SEVERE ] placing card 76 in slot 4
[16:47:04.193] [SEVERE ] placing card 68 in slot 3
[16:47:04.209] [SEVERE ] placing card 24 in slot 10
[16:47:04.209] [SEVERE ] updating countdown to 100
[16:47:04.210] [SEVERE ] updating countdown to 100
[16:47:04.827] [SEVERE ] setting player 1 freeze to 0
[16:47:04.827] [SEVERE ] player 1 placing token on slot 11
[16:47:04.827] [SEVERE ] player 1 placing token on slot 5
[16:47:04.827] [SEVERE ] player 1 placing token on slot 0
[16:47:04.827] [SEVERE ] setting player 1 freeze to 4
[16:47:05.276] [SEVERE ] removing card from slot 6
[16:47:05.288] [SEVERE ] removing card from slot 4
[16:47:05.300] [SEVERE ] removing player 1 token from slot 0
[16:47:05.300] [SEVERE ] removing card from slot 0
[16:47:05.313] [SEVERE ] removing card from slot 1
[16:47:05.329] [SEVERE ] removing player 1 token from slot 5
[16:47:05.329] [SEVERE ] removing card from slot 5
[16:47:05.342] [SEVERE ] removing card from slot 10
[16:47:05.354] [SEVERE ] removing card from slot 9
[16:47:05.370] [SEVERE ] removing card from slot 8
[16:47:05.386] [SEVERE ] removing player 1 token from slot 11
[16:47:05.386] [SEVERE ] removing card from slot 11
[16:47:05.398] [SEVERE ] removing card from slot 2
[16:47:05.410] [SEVERE ] removing card from slot 3
[16:47:05.426] [SEVERE ] removing card from slot 7
[16:47:05.442] [SEVERE ] placing card 78 in slot 4
[16:47:05.458] [SEVERE ] placing card 39 in slot 1
[16:47:05.474] [SEVERE ] placing card 73 in slot 0
[16:47:05.490] [SEVERE ] placing card 6 in slot 11
[16:47:05.502] [SEVERE ] placing card 43 in slot 9
[16:47:05.518] [SEVERE ] placing card 13 in slot 7
[16:47:05.534] [SEVERE ] placing card 35 in slot 6
[16:47:05.550] [SEVERE ] placing card 25 in slot 2
[16:47:05.566] [SEVERE ] placing card 80 in slot 8
[16:47:05.582] [SEVERE ] placing card 76 in slot 3
[16:47:05.594] [SEVERE ] placing card 32 in slot 5
[16:47:05.606] [SEVERE ] placing card 67 in slot 10
[16:47:05.606] [SEVERE ] updating countdown to 100
[16:47:05.606] [SEVERE ] updating countdown to 100
[16:47:05.837] [SEVERE ] setting player 1 freeze to 0
[16:47:05.837] [SEVERE ] player 1 placing token on slot 8
[16:47:05.837] [SEVERE ] player 1 placing token on slot 11
[16:47:05.837] [SEVERE ] player 1 placing token on slot 7
[16:47:05.837] [SEVERE ] setting player 1 freeze to 4
[16:47:06.702] [SEVERE ] removing card from slot 9
[16:47:06.714] [SEVERE ] removing player 1 token from slot 7
[16:47:06.714] [SEVERE ] removing card from slot 7
[16:47:06.730] [SEVERE ] removing player 1 token from slot 11
[16:47:06.730] [SEVERE ] removing card from slot 11
[16:47:06.746] [SEVERE ] removing card from slot 6
[16:47:06.759] [SEVERE ] removing player 1 token from slot 8
[16:47:06.759] [SEVERE ] removing card from slot 8
[16:47:06.775] [SEVERE ] removing card from slot 2
[16:47:06.791] [SEVERE ] removing card from slot 4
[16:47:06.804] [SEVERE ] removing card from slot 0
[16:47:06.820] [SEVERE ] removing card from slot 10
[16:47:06.833] [SEVERE ] removing card from slot 1
[16:47:06.849] [SEVERE ] setting player 1 freeze to 0
[16:47:06.849] [SEVERE ] removing card from slot 3
[16:47:06.865] [SEVERE ] removing card from slot 5
[16:47:06.881] [SEVERE ] placing card 72 in slot 11
[16:47:06.893] [SEVERE ] placing card 78 in slot 1
[16:47:06.909] [SEVERE ] placing card 27 in slot 6
[16:47:06.925] [SEVERE ] placing card 2 in slot 4
[16:47:06.937] [SEVERE ] placing card 38 in slot 9
[16:47:06.953] [SEVERE ] placing card 13 in slot 2
[16:47:06.969] [SEVERE ] placing card 19 in slot 7
[16:47:06.985] [SEVERE ] placing card 75 in slot 10
[16:47:07.001] [SEVERE ] placing card 33 in slot 0
[16:47:07.017] [SEVERE ] placing card 76 in slot 8
[16:47:07.029] [SEVERE ] placing card 0 in slot 5
[16:47:07.046] [SEVERE ] placing card 56 in slot 3
[16:47:07.046] [SEVERE ] updating countdown to 100
[16:47:07.046] [SEVERE ] player 1 placing token on slot 2
[16:47:07.046] [SEVERE ] player 1 placing token on slot 11
[16:47:07.046] [SEVERE ] player 1 placing token on slot 6
[16:47:07.046] [SEVERE ] setting player 1 freeze to 4
[16:47:07.046] [SEVERE ] player 2 placing token on slot 10
[16:47:07.046] [SEVERE ] player 2 placing token on slot 0
[16:47:07.046] [SEVERE ] player 2 placing token on slot 3
[16:47:07.046] [SEVERE ] setting player 2 freeze to 4
[16:47:07.046] [SEVERE ] updating countdown to 100
[16:47:08.046] [SEVERE ] setting player 1 freeze to 0
[16:47:08.046] [SEVERE ] setting player 2 freeze to 0
[16:47:08.046] [SEVERE ] removing player 2 token from slot 10
[16:47:08.046] [SEVERE ] player 2 placing token on slot 11
[16:47:08.047] [SEVERE ] setting player 2 freeze to 4
[16:47:08.062] [SEVERE ] removing player 2 token from slot 0
[16:47:08.063] [SEVERE ] removing card from slot 0
[16:47:08.075] [SEVERE ] removing card from slot 5
[16:47:08.089] [SEVERE ] removing player 2 token from slot 3
[16:47:08.089] [SEVERE ] removing card from slot 3
[16:47:08.104] [SEVERE ] removing card from slot 9
[16:47:08.120] [SEVERE ] removing player 1 token from slot 2
[16:47:08.120] [SEVERE ] removing card from slot 2
[16:47:08.137] [SEVERE ] removing player 1 token from slot 6
[16:47:08.137] [SEVERE ] removing card from slot 6
[16:47:08.153] [SEVERE ] removing card from slot 7
[16:47:08.169] [SEVERE ] removing card from slot 8
[16:47:08.185] [SEVERE ] removing card from slot 10
[16:47:08.201] [SEVERE ] removing card from slot 1
[16:47:08.217] [SEVERE ] removing player 1 token from slot 11
[16:47:08.217] [SEVERE ] removing player 2 token from slot 11
[16:47:08.217] [SEVERE ] removing card from slot 11
[16:47:08.230] [SEVERE ] removing card from slot 4
[16:47:08.242] [SEVERE ] placing card 49 in slot 0
[16:47:08.255] [SEVERE ] placing card 20 in slot 2
[16:47:08.272] [SEVERE ] placing card 43 in slot 8
[16:47:08.288] [SEVERE ] placing card 8 in slot 1
[16:47:08.304] [SEVERE ] placing card 45 in slot 5
[16:47:08.320] [SEVERE ] placing card 65 in slot 10
[16:47:08.336] [SEVERE ] placing card 15 in slot 6
[16:47:08.352] [SEVERE ] placing card 5 in slot 11
[16:47:08.364] [SEVERE ] placing card 64 in slot 4
[16:47:08.377] [SEVERE ] placing card 23 in slot 9
[16:47:08.389] [SEVERE ] placing card 7 in slot 7
[16:47:08.405] [SEVERE ] placing card 32 in slot 3
[16:47:08.405] [SEVERE ] updating countdown to 100
[16:47:08.405] [SEVERE ] player 1 placing token on slot 4
[16:47:08.405] [SEVERE ] player 1 placing token on slot 2
[16:47:08.405] [SEVERE ] player 1 placing token on slot 6
[16:47:08.405] [SEVERE ] setting player 1 freeze to 4
[16:47:08.405] [SEVERE ] updating countdown to 100
[16:47:09.053] [SEVERE ] setting player 2 freeze to 0
[16:47:09.409] [SEVERE ] setting player 1 freeze to 0
[16:47:09.409] [SEVERE ] removing player 1 token from slot 2
[16:47:09.409] [SEVERE ] player 1 placing token on slot 7
[16:47:09.409] [SEVERE ] setting player 1 freeze to 4
[16:47:09.425] [SEVERE ] removing card from slot 1
[16:47:09.438] [SEVERE ] removing card from slot 3
[16:47:09.454] [SEVERE ] removing card from slot 9
[16:47:09.470] [SEVERE ] removing card from slot 8
[16:47:09.486] [SEVERE ] removing card from slot 2
[16:47:09.498] [SEVERE ] removing player 1 token from slot 6
[16:47:09.498] [SEVERE ] removing card from slot 6
[16:47:09.514] [SEVERE ] removing card from slot 0
[16:47:09.526] [SEVERE ] removing card from slot 11
[16:47:09.539] [SEVERE ] removing card from slot 10
[16:47:09.555] [SEVERE ] removing player 1 token from slot 4
[16:47:09.555] [SEVERE ] removing card from slot 4
[16:47:09.571] [SEVERE ] removing player 1 token from slot 7
[16:47:09.571] [SEVERE ] removing card from slot 7
[16:47:09.587] [SEVERE ] removing card from slot 5
[16:47:09.603] [SEVERE ] placing card 67 in slot 0
[16:47:09.620] [SEVERE ] placing card 59 in slot 6
[16:47:09.632] [SEVERE ] placing card 38 in slot 5
[16:47:09.648] [SEVERE ] placing card 13 in slot 9
[16:47:09.664] [SEVERE ] placing card 52 in slot 10
[16:47:09.677] [SEVERE ] placing card 62 in slot 4
[16:47:09.694] [SEVERE ] placing card 61 in slot 3
[16:47:09.706] [SEVERE ] placing card 9 in slot 11
[16:47:09.722] [SEVERE ] placing card 10 in slot 8
[16:47:09.734] [SEVERE ] placing card 17 in slot 7
[16:47:09.746] [SEVERE ] placing card 11 in slot 1
[16:47:09.762] [SEVERE ] placing card 78 in slot 2
[16:47:09.762] [SEVERE ] updating countdown to 100
[16:47:09.762] [SEVERE ] player 2 placing token on slot 3
[16:47:09.762] [SEVERE ] player 2 placing token on slot 0
[16:47:09.762] [SEVERE ] player 2 placing token on slot 6
[16:47:09.762] [SEVERE ] setting player 2 freeze to 4
[16:47:09.762] [SEVERE ] updating countdown to 100
[16:47:10.418] [SEVERE ] setting player 1 freeze to 0
[16:47:10.766] [SEVERE ] setting player 2 freeze to 0
[16:47:10.767] [SEVERE ] player 1 placing token on slot 10
[16:47:10.767] [SEVERE ] player 1 placing token on slot 6
[16:47:10.767] [SEVERE ] player 1 placing token on slot 3
[16:47:10.767] [SEVERE ] setting player 1 freeze to 4
[16:47:10.782] [SEVERE ] removing card from slot 2
[16:47:10.798] [SEVERE ] removing player 2 token from slot 0
[16:47:10.798] [SEVERE ] removing card from slot 0
[16:47:10.814] [SEVERE ] removing card from slot 7
[16:47:10.830] [SEVERE ] removing player 1 token from slot 10
[16:47:10.830] [SEVERE ] removing card from slot 10
[16:47:10.846] [SEVERE ] removing card from slot 1
[16:47:10.862] [SEVERE ] removing card from slot 4
[16:47:10.878] [SEVERE ] removing card from slot 8
[16:47:10.894] [SEVERE ] removing player 1 token from slot 6
[16:47:10.894] [SEVERE ] removing player 2 token from slot 6
[16:47:10.894] [SEVERE ] removing card from slot 6
[16:47:10.910] [SEVERE ] removing player 1 token from slot 3
[16:47:10.910] [SEVERE ] removing player 2 token from slot 3
[16:47:10.910] [SEVERE ] removing card from slot 3
[16:47:10.923] [SEVERE ] removing card from slot 11
[16:47:10.934] [SEVERE ] removing card from slot 9
[16:47:10.950] [SEVERE ] removing card from slot 5
[16:47:10.966] [SEVERE ] placing card 29 in slot 5
[16:47:10.982] [SEVERE ] placing card 36 in slot 11
[16:47:10.998] [SEVERE ] placing card 23 in slot 1
[16:47:11.014] [SEVERE ] placing card 26 in slot 6
[16:47:11.026] [SEVERE ] placing card 58 in slot 2
[16:47:11.042] [SEVERE ] placing card 55 in slot 8
[16:47:11.058] [SEVERE ] placing card 20 in slot 10
[16:47:11.075] [SEVERE ] placing card 27 in slot 3
[16:47:11.091] [SEVERE ] placing card 59 in slot 4
[16:47:11.107] [SEVERE ] placing card 14 in slot 9
[16:47:11.123] [SEVERE ] placing card 69 in slot 7
[16:47:11.135] [SEVERE ] placing card 40 in slot 0
[16:47:11.135] [SEVERE ] updating countdown to 100
[16:47:11.135] [SEVERE ] updating countdown to 100
[16:47:11.776] [SEVERE ] setting player 1 freeze to 0
[16:47:11.776] [SEVERE ] player 1 placing token on slot 7
[16:47:11.776] [SEVERE ] player 1 placing token on slot 1
[16:47:11.776] [SEVERE ] player 1 placing token on slot 0
[16:47:11.776] [SEVERE ] setting player 1 freeze to 4
[16:47:11.776] [SEVERE ] player 2 placing token on slot 1
[16:47:11.776] [SEVERE ] player 2 placing token on slot 4
[16:47:11.776] [SEVERE ] player 2 placing token on slot 8
[16:47:11.776] [SEVERE ] setting player 2 freeze to 4
[16:47:12.234] [SEVERE ] removing card from slot 10
[16:47:12.246] [SEVERE ] removing player 2 token from slot 8
[16:47:12.246] [SEVERE ] removing card from slot 8
[16:47:12.258] [SEVERE ] removing player 1 token from slot 0
[16:47:12.258] [SEVERE ] removing card from slot 0
[16:47:12.275] [SEVERE ] removing player 2 token from slot 4
[16:47:12.275] [SEVERE ] removing card from slot 4
[16:47:12.291] [SEVERE ] removing card from slot 2
[16:47:12.303] [SEVERE ] removing card from slot 9
[16:47:12.319] [SEVERE ] removing player 1 token from slot 7
[16:47:12.319] [SEVERE ] removing card from slot 7
[16:47:12.335] [SEVERE ] removing card from slot 3
[16:47:12.350] [SEVERE ] removing card from slot 11
[16:47:12.364] [SEVERE ] removing card from slot 5
[16:47:12.380] [SEVERE ] removing card from slot 6
[16:47:12.396] [SEVERE ] removing player 1 token from slot 1
[16:47:12.396] [SEVERE ] removing player 2 token from slot 1
[16:47:12.396] [SEVERE ] removing card from slot 1
[16:47:12.412] [SEVERE ] placing card 24 in slot 9
[16:47:12.425] [SEVERE ] placing card 58 in slot 6
[16:47:12.438] [SEVERE ] placing card 9 in slot 2
[16:47:12.454] [SEVERE ] placing card 36 in slot 7
[16:47:12.466] [SEVERE ] placing card 26 in slot 5
[16:47:12.482] [SEVERE ] placing card 49 in slot 0
[16:47:12.498] [SEVERE ] placing card 13 in slot 11
[16:47:12.510] [SEVERE ] placing card 79 in slot 3
[16:47:12.527] [SEVERE ] placing card 45 in slot 8
[16:47:12.543] [SEVERE ] placing card 71 in slot 4
[16:47:12.556] [SEVERE ] placing card 30 in slot 10
[16:47:12.568] [SEVERE ] placing card 8 in slot 1
[16:47:12.568] [SEVERE ] updating countdown to 100
[16:47:12.568] [SEVERE ] updating countdown to 100
[16:47:12.777] [SEVERE ] setting player 2 freeze to 0
[16:47:12.777] [SEVERE ] setting player 1 freeze to 0
[16:47:12.777] [SEVERE ] player 2 placing token on slot 10
[16:47:12.777] [SEVERE ] player 2 placing token on slot 11
[16:47:12.777] [SEVERE ] player 2 placing token on slot 7
[16:47:12.777] [SEVERE ] setting player 2 freeze to 4
[16:47:13.648] [SEVERE ] removing card from slot 9
[16:47:13.664] [SEVERE ] removing card from slot 5
[16:47:13.680] [SEVERE ] removing card from slot 2
[16:47:13.696] [SEVERE ] removing card from slot 8
[16:47:13.712] [SEVERE ] removing card from slot 6
[16:47:13.728] [SEVERE ] removing player 2 token from slot 7
[16:47:13.728] [SEVERE ] removing card from slot 7
[16:47:13.744] [SEVERE ] removing player 2 token from slot 10
[16:47:13.744] [SEVERE ] removing card from slot 10
[16:47:13.757] [SEVERE ] removing player 2 token from slot 11
[16:47:13.757] [SEVERE ] removing card from slot 11
[16:47:13.774] [SEVERE ] removing card from slot 3
[16:47:13.791] [SEVERE ] removing card from slot 4
[16:47:13.791] [SEVERE ] setting player 2 freeze to 0
[16:47:13.803] [SEVERE ] removing card from slot 0
[16:47:13.819] [SEVERE ] removing card from slot 1
[16:47:13.835] [SEVERE ] placing card 49 in slot 8
[16:47:13.851] [SEVERE ] placing card 67 in slot 6
[16:47:13.867] [SEVERE ] placing card 5 in slot 0
[16:47:13.883] [SEVERE ] placing card 52 in slot 7
[16:47:13.895] [SEVERE ] placing card 19 in slot 5
[16:47:13.911] [SEVERE ] placing card 51 in slot 3
[16:47:13.927] [SEVERE ] placing card 65 in slot 9
[16:47:13.943] [SEVERE ] placing card 37 in slot 10
[16:47:13.959] [SEVERE ] placing card 10 in slot 1
[16:47:13.975] [SEVERE ] placing card 70 in slot 11
[16:47:13.991] [SEVERE ] placing card 55 in slot 4
[16:47:14.007] [SEVERE ] placing card 36 in slot 2
[16:47:14.007] [SEVERE ] updating countdown to 100
[16:47:14.007] [SEVERE ] player 2 placing token on slot 1
[16:47:14.007] [SEVERE ] player 2 placing token on slot 8
[16:47:14.007] [SEVERE ] player 2 placing token on slot 0
[16:47:14.007] [SEVERE ] setting player 2 freeze to 4
[16:47:14.007] [SEVERE ] updating countdown to 100
[16:47:15.012] [SEVERE ] setting player 2 freeze to 0
[16:47:15.012] [SEVERE ] removing player 2 token from slot 8
[16:47:15.012] [SEVERE ] removing player 2 token from slot 1
[16:47:15.012] [SEVERE ] player 1 placing token on slot 7
[16:47:15.012] [SEVERE ] player 1 placing token on slot 5
[16:47:15.012] [SEVERE ] player 1 placing token on slot 6
[16:47:15.012] [SEVERE ] setting player 1 freeze to 4
[16:47:15.029] [SEVERE ] removing card from slot 2
[16:47:15.040] [SEVERE ] removing card from slot 3
[16:47:15.056] [SEVERE ] removing card from slot 9
[16:47:15.072] [SEVERE ] removing player 1 token from slot 5
[16:47:15.072] [SEVERE ] removing card from slot 5
[16:47:15.085] [SEVERE ] removing player 1 token from slot 7
[16:47:15.085] [SEVERE ] removing card from slot 7
[16:47:15.100] [SEVERE ] removing card from slot 10
[16:47:15.116] [SEVERE ] removing card from slot 4
[16:47:15.132] [SEVERE ] removing card from slot 8
[16:47:15.148] [SEVERE ] removing player 1 token from slot 6
[16:47:15.148] [SEVERE ] removing card from slot 6
[16:47:15.165] [SEVERE ] removing player 2 token from slot 0
[16:47:15.165] [SEVERE ] removing card from slot 0
[16:47:15.181] [SEVERE ] removing card from slot 11
[16:47:15.197] [SEVERE ] removing card from slot 1
[16:47:15.213] [SEVERE ] placing card 1 in slot 10
[16:47:15.229] [SEVERE ] placing card 36 in slot 7
[16:47:15.241] [SEVERE ] placing card 64 in slot 1
[16:47:15.257] [SEVERE ] placing card 41 in slot 0
[16:47:15.269] [SEVERE ] placing card 12 in slot 4
[16:47:15.286] [SEVERE ] placing card 22 in slot 5
[16:47:15.302] [SEVERE ] placing card 10 in slot 9
[16:47:15.314] [SEVERE ] placing card 80 in slot 6
[16:47:15.331] [SEVERE ] placing card 78 in slot 3
[16:47:15.342] [SEVERE ] placing card 71 in slot 8
[16:47:15.359] [SEVERE ] placing card 46 in slot 11
[16:47:15.370] [SEVERE ] placing card 24 in slot 2
[16:47:15.370] [SEVERE ] updating countdown to 100
[16:47:15.370] [SEVERE ] updating countdown to 100
[16:47:16.016] [SEVERE ] setting player 1 freeze to 0
[16:47:16.016] [SEVERE ] player 1 placing token on slot 5
[16:47:16.016] [SEVERE ] player 1 placing token on slot 8
[16:47:16.016] [SEVERE ] player 1 placing token on slot 1
[16:47:16.016] [SEVERE ] setting player 1 freeze to 4
[16:47:16.450] [SEVERE ] removing player 1 token from slot 8
[16:47:16.450] [SEVERE ] removing card from slot 8
[16:47:16.462] [SEVERE ] removing card from slot 4
[16:47:16.474] [SEVERE ] removing player 1 token from slot 1
[16:47:16.474] [SEVERE ] removing card from slot 1
[16:47:16.490] [SEVERE ] removing card from slot 3
[16:47:16.506] [SEVERE ] removing card from slot 2
[16:47:16.522] [SEVERE ] removing card from slot 7
[16:47:16.534] [SEVERE ] removing card from slot 6
[16:47:16.550] [SEVERE ] removing card from slot 11
[16:47:16.566] [SEVERE ] removing card from slot 0
[16:47:16.581] [SEVERE ] removing card from slot 9
[16:47:16.594] [SEVERE ] removing player 1 token from slot 5
[16:47:16.594] [SEVERE ] removing card from slot 5
[16:47:16.609] [SEVERE ] removing card from slot 10
[16:47:16.625] [SEVERE ] placing card 80 in slot 6
[16:47:16.641] [SEVERE ] placing card 13 in slot 3
[16:47:16.657] [SEVERE ] placing card 69 in slot 7
[16:47:16.673] [SEVERE ] placing card 24 in slot 4
[16:47:16.689] [SEVERE ] placing card 70 in slot 5
[16:47:16.705] [SEVERE ] placing card 46 in slot 9
[16:47:16.717] [SEVERE ] placing card 8 in slot 2
[16:47:16.733] [SEVERE ] placing card 40 in slot 10
[16:47:16.748] [SEVERE ] placing card 77 in slot 11
[16:47:16.763] [SEVERE ] placing card 54 in slot 0
[16:47:16.779] [SEVERE ] placing card 32 in slot 8
[16:47:16.795] [SEVERE ] placing card 56 in slot 1
[16:47:16.795] [SEVERE ] updating countdown to 100
[16:47:16.795] [SEVERE ] updating countdown to 100
[16:47:17.028] [SEVERE ] setting player 1 freeze to 0
[16:47:17.028] [SEVERE ] player 1 placing token on slot 5
[16:47:17.028] [SEVERE ] player 1 placing token on slot 1
[16:47:17.028] [SEVERE ] player 1 placing token on slot 11
[16:47:17.028] [SEVERE ] setting player 1 freeze to 4
[16:47:17.028] [SEVERE ] player 2 placing token on slot 9
[16:47:17.028] [SEVERE ] player 2 placing token on slot 2
[16:47:17.028] [SEVERE ] player 2 placing token on slot 4
[16:47:17.028] [SEVERE ] setting player 2 freeze to 4
[16:47:17.588] [SEVERE ] exit button pressed
[16:47:17.604] [SEVERE ] removing player 1 token from slot 5
[16:47:17.604] [SEVERE ] removing card from slot 5
[16:47:17.616] [SEVERE ] removing card from slot 8
[16:47:17.632] [SEVERE ] removing card from slot 0
[16:47:17.648] [SEVERE ] removing player 1 token from slot 1
[16:47:17.648] [SEVERE ] removing card from slot 1
[16:47:17.666] [SEVERE ] removing player 2 token from slot 4
[16:47:17.666] [SEVERE ] removing card from slot 4
[16:47:17.678] [SEVERE ] removing player 2 token from slot 2
[16:47:17.678] [SEVERE ] removing card from slot 2
[16:47:17.692] [SEVERE ] removing card from slot 6
[16:47:17.708] [SEVERE ] removing player 2 token from slot 9
[16:47:17.708] [SEVERE ] removing card from slot 9
[16:47:17.720] [SEVERE ] removing card from slot 7
[16:47:17.737] [SEVERE ] removing card from slot 3
[16:47:17.749] [SEVERE ] removing card from slot 10
[16:47:17.766] [SEVERE ] removing player 1 token from slot 11
[16:47:17.766] [SEVERE ] removing card from slot 11
[16:47:17.766] [SEVERE ] announcing winner(s): player 1, player 2
[16:47:17.766] [INFO   ] Thread dealer terminated.
[16:47:17.766] [INFO   ] thread dealer terminated.
[16:47:17.771] [SEVERE ] thanks for playing... it was fun!
[16:47:17.771] [INFO   ] thread main terminated.
