[23:07:49.541] [INFO   ] thread main starting.
[23:07:49.551] [SEVERE ] cannot read configuration file config.properties trying from resources.
[23:07:49.554] [SEVERE ] configuration file was loaded from resources directory.
[23:07:50.399] [INFO   ] thread dealer starting.
[23:07:50.408] [INFO   ] Thread dealer starting.
[23:07:50.411] [INFO   ] Thread player1starting.
[23:07:50.402] [INFO   ] Thread player0starting.
[23:07:50.420] [SEVERE ] placing card 35 in slot 11
[23:07:50.469] [SEVERE ] placing card 75 in slot 3
[23:07:50.469] [SEVERE ] placing card 31 in slot 0
[23:07:50.470] [SEVERE ] placing card 79 in slot 2
[23:07:50.470] [SEVERE ] placing card 3 in slot 4
[23:07:50.470] [SEVERE ] placing card 29 in slot 8
[23:07:50.470] [SEVERE ] placing card 16 in slot 1
[23:07:50.471] [SEVERE ] placing card 66 in slot 5
[23:07:50.471] [SEVERE ] placing card 5 in slot 7
[23:07:50.472] [SEVERE ] placing card 51 in slot 6
[23:07:50.472] [SEVERE ] placing card 10 in slot 10
[23:07:50.472] [SEVERE ] placing card 15 in slot 9
[23:07:50.505] [SEVERE ] updating countdown to 30000
[23:07:50.507] [SEVERE ] updating countdown to 30000
[23:07:51.508] [SEVERE ] updating countdown to 29000
[23:07:52.284] [SEVERE ] key 81 was pressed by player 1
[23:07:52.285] [SEVERE ] player 1 placing token on slot 0
[23:07:52.508] [SEVERE ] updating countdown to 28000
[23:07:52.718] [SEVERE ] key 69 was pressed by player 1
[23:07:52.718] [SEVERE ] player 1 placing token on slot 2
[23:07:53.509] [SEVERE ] updating countdown to 27000
[23:07:54.510] [SEVERE ] updating countdown to 26000
[23:07:55.276] [SEVERE ] key 67 was pressed by player 1
[23:07:55.277] [SEVERE ] player 1 placing token on slot 10
[23:07:55.277] [SEVERE ] removing player 1 token from slot 0
[23:07:55.278] [SEVERE ] removing card from slot 0
[23:07:55.278] [SEVERE ] removing player 1 token from slot 2
[23:07:55.278] [SEVERE ] removing card from slot 2
[23:07:55.279] [SEVERE ] removing player 1 token from slot 10
[23:07:55.279] [SEVERE ] removing card from slot 10
[23:07:55.279] [SEVERE ] placing card 42 in slot 0
[23:07:55.279] [SEVERE ] setting player 1 freeze to 1000
[23:07:55.279] [SEVERE ] placing card 57 in slot 10
[23:07:55.283] [SEVERE ] placing card 61 in slot 2
[23:07:55.284] [SEVERE ] updating countdown to 30000
[23:07:55.510] [SEVERE ] updating countdown to 29000
[23:07:56.280] [SEVERE ] setting player 1 freeze to 0
[23:07:56.281] [SEVERE ] setting player 1 score to 1
[23:07:56.511] [SEVERE ] updating countdown to 28000
[23:07:57.511] [SEVERE ] updating countdown to 27000
[23:07:58.512] [SEVERE ] updating countdown to 26000
[23:07:59.512] [SEVERE ] updating countdown to 25000
[23:08:00.442] [SEVERE ] key 87 was pressed by player 1
[23:08:00.442] [SEVERE ] player 1 placing token on slot 1
[23:08:00.513] [SEVERE ] updating countdown to 24000
[23:08:01.513] [SEVERE ] updating countdown to 23000
[23:08:02.514] [SEVERE ] updating countdown to 22000
[23:08:02.545] [SEVERE ] key 82 was pressed by player 1
[23:08:02.545] [SEVERE ] player 1 placing token on slot 3
[23:08:03.515] [SEVERE ] updating countdown to 21000
[23:08:04.515] [SEVERE ] updating countdown to 20000
[23:08:04.898] [SEVERE ] key 90 was pressed by player 1
[23:08:04.898] [SEVERE ] player 1 placing token on slot 8
[23:08:04.898] [SEVERE ] removing player 1 token from slot 1
[23:08:04.899] [SEVERE ] removing card from slot 1
[23:08:04.899] [SEVERE ] removing player 1 token from slot 3
[23:08:04.899] [SEVERE ] removing card from slot 3
[23:08:04.899] [SEVERE ] removing player 1 token from slot 8
[23:08:04.899] [SEVERE ] removing card from slot 8
[23:08:04.899] [SEVERE ] setting player 1 freeze to 1000
[23:08:04.899] [SEVERE ] placing card 38 in slot 3
[23:08:04.900] [SEVERE ] placing card 23 in slot 8
[23:08:04.900] [SEVERE ] placing card 70 in slot 1
[23:08:04.902] [SEVERE ] updating countdown to 30000
[23:08:05.516] [SEVERE ] updating countdown to 29000
[23:08:05.900] [SEVERE ] setting player 1 freeze to 0
[23:08:05.900] [SEVERE ] setting player 1 score to 2
[23:08:06.516] [SEVERE ] updating countdown to 28000
[23:08:07.517] [SEVERE ] updating countdown to 27000
[23:08:08.517] [SEVERE ] updating countdown to 26000
[23:08:09.518] [SEVERE ] updating countdown to 25000
[23:08:10.518] [SEVERE ] updating countdown to 24000
[23:08:11.370] [SEVERE ] key 87 was pressed by player 1
[23:08:11.370] [SEVERE ] player 1 placing token on slot 1
[23:08:11.519] [SEVERE ] updating countdown to 23000
[23:08:12.519] [SEVERE ] updating countdown to 22000
[23:08:12.609] [SEVERE ] key 82 was pressed by player 1
[23:08:12.609] [SEVERE ] player 1 placing token on slot 3
[23:08:13.520] [SEVERE ] updating countdown to 21000
[23:08:14.520] [SEVERE ] updating countdown to 20000
[23:08:15.521] [SEVERE ] updating countdown to 19000
[23:08:15.774] [SEVERE ] key 90 was pressed by player 1
[23:08:15.774] [SEVERE ] player 1 placing token on slot 8
[23:08:15.775] [SEVERE ] setting player 1 freeze to 3000
[23:08:16.521] [SEVERE ] updating countdown to 18000
[23:08:16.775] [SEVERE ] setting player 1 freeze to 2000
[23:08:17.522] [SEVERE ] updating countdown to 17000
[23:08:17.775] [SEVERE ] setting player 1 freeze to 1000
[23:08:18.523] [SEVERE ] updating countdown to 16000
[23:08:18.776] [SEVERE ] setting player 1 freeze to 0
[23:08:19.523] [SEVERE ] updating countdown to 15000
[23:08:20.492] [SEVERE ] key 90 was pressed by player 1
[23:08:20.492] [SEVERE ] removing player 1 token from slot 8
[23:08:20.524] [SEVERE ] updating countdown to 14000
[23:08:21.524] [SEVERE ] updating countdown to 13000
[23:08:21.624] [SEVERE ] key 69 was pressed by player 1
[23:08:21.624] [SEVERE ] player 1 placing token on slot 2
[23:08:21.624] [SEVERE ] setting player 1 freeze to 3000
[23:08:22.431] [SEVERE ] key 87 was pressed by player 1
[23:08:22.524] [SEVERE ] updating countdown to 12000
[23:08:22.625] [SEVERE ] setting player 1 freeze to 2000
[23:08:23.525] [SEVERE ] updating countdown to 11000
[23:08:23.625] [SEVERE ] setting player 1 freeze to 1000
[23:08:24.525] [SEVERE ] updating countdown to 10000
[23:08:24.626] [SEVERE ] setting player 1 freeze to 0
[23:08:25.526] [SEVERE ] updating countdown to 9000
[23:08:26.526] [SEVERE ] updating countdown to 8000
[23:08:26.919] [SEVERE ] key 87 was pressed by player 1
[23:08:26.920] [SEVERE ] removing player 1 token from slot 1
[23:08:27.065] [SEVERE ] key 69 was pressed by player 1
[23:08:27.065] [SEVERE ] removing player 1 token from slot 2
[23:08:27.145] [SEVERE ] key 82 was pressed by player 1
[23:08:27.146] [SEVERE ] removing player 1 token from slot 3
[23:08:27.527] [SEVERE ] updating countdown to 7000
[23:08:28.527] [SEVERE ] updating countdown to 6000
[23:08:29.528] [SEVERE ] updating countdown to 5000
[23:08:29.530] [SEVERE ] updating countdown to 5000
[23:08:30.553] [SEVERE ] updating countdown to 4000
[23:08:31.575] [SEVERE ] updating countdown to 3000
[23:08:32.591] [SEVERE ] updating countdown to 2000
[23:08:33.607] [SEVERE ] updating countdown to 1000
[23:08:34.622] [SEVERE ] updating countdown to 0
[23:08:34.627] [SEVERE ] removing card from slot 8
[23:08:34.627] [SEVERE ] removing card from slot 11
[23:08:34.627] [SEVERE ] removing card from slot 10
[23:08:34.629] [SEVERE ] removing card from slot 0
[23:08:34.630] [SEVERE ] removing card from slot 4
[23:08:34.630] [SEVERE ] removing card from slot 7
[23:08:34.631] [SEVERE ] removing card from slot 9
[23:08:34.632] [SEVERE ] removing card from slot 3
[23:08:34.633] [SEVERE ] removing card from slot 2
[23:08:34.634] [SEVERE ] removing card from slot 1
[23:08:34.635] [SEVERE ] removing card from slot 6
[23:08:34.636] [SEVERE ] removing card from slot 5
[23:08:34.637] [SEVERE ] placing card 27 in slot 6
[23:08:34.637] [SEVERE ] placing card 26 in slot 3
[23:08:34.639] [SEVERE ] placing card 20 in slot 1
[23:08:34.641] [SEVERE ] placing card 25 in slot 2
[23:08:34.644] [SEVERE ] placing card 58 in slot 5
[23:08:34.646] [SEVERE ] placing card 47 in slot 11
[23:08:34.648] [SEVERE ] placing card 76 in slot 8
[23:08:34.649] [SEVERE ] placing card 21 in slot 4
[23:08:34.651] [SEVERE ] placing card 51 in slot 7
[23:08:34.653] [SEVERE ] placing card 41 in slot 9
[23:08:34.656] [SEVERE ] placing card 65 in slot 10
[23:08:34.657] [SEVERE ] placing card 46 in slot 0
[23:08:34.660] [SEVERE ] updating countdown to 30000
[23:08:34.661] [SEVERE ] updating countdown to 30000
[23:08:35.662] [SEVERE ] updating countdown to 29000
[23:08:36.662] [SEVERE ] updating countdown to 28000
[23:08:37.662] [SEVERE ] updating countdown to 27000
