[16:49:27.123] [INFO   ] thread main starting.
[16:49:27.133] [SEVERE ] cannot read configuration file config.properties trying from resources.
[16:49:27.135] [SEVERE ] configuration file was loaded from resources directory.
[16:49:27.615] [INFO   ] thread dealer starting.
[16:49:27.617] [INFO   ] Thread dealer starting.
[16:49:27.617] [INFO   ] Thread player1starting.
[16:49:27.617] [INFO   ] Thread player0starting.
[16:49:27.624] [INFO   ] Thread computer-1 starting.
[16:49:27.633] [INFO   ] Thread computer-0 starting.
[16:49:27.651] [SEVERE ] placing card 56 in slot 5
[16:49:27.667] [SEVERE ] placing card 31 in slot 8
[16:49:27.725] [SEVERE ] placing card 9 in slot 4
[16:49:27.737] [SEVERE ] placing card 30 in slot 7
[16:49:27.753] [SEVERE ] placing card 11 in slot 0
[16:49:27.770] [SEVERE ] placing card 49 in slot 10
[16:49:27.787] [SEVERE ] placing card 24 in slot 6
[16:49:27.803] [SEVERE ] placing card 23 in slot 2
[16:49:27.816] [SEVERE ] placing card 8 in slot 11
[16:49:27.828] [SEVERE ] placing card 12 in slot 9
[16:49:27.843] [SEVERE ] placing card 27 in slot 1
[16:49:27.855] [SEVERE ] placing card 69 in slot 3
[16:49:27.855] [SEVERE ] updating countdown to 100
[16:49:27.857] [SEVERE ] player 2 placing token on slot 5
[16:49:27.857] [SEVERE ] updating countdown to 100
[16:49:27.857] [SEVERE ] player 2 placing token on slot 11
[16:49:27.857] [SEVERE ] player 2 placing token on slot 10
[16:49:27.857] [SEVERE ] setting player 2 freeze to 4
[16:49:28.863] [SEVERE ] setting player 2 freeze to 0
[16:49:28.864] [SEVERE ] removing player 2 token from slot 11
[16:49:28.864] [SEVERE ] player 1 placing token on slot 3
[16:49:28.864] [SEVERE ] player 1 placing token on slot 0
[16:49:28.866] [SEVERE ] player 1 placing token on slot 9
[16:49:28.867] [SEVERE ] setting player 1 freeze to 4
[16:49:28.879] [SEVERE ] removing card from slot 1
[16:49:28.892] [SEVERE ] removing player 1 token from slot 9
[16:49:28.892] [SEVERE ] removing card from slot 9
[16:49:28.908] [SEVERE ] removing card from slot 7
[16:49:28.921] [SEVERE ] removing card from slot 4
[16:49:28.937] [SEVERE ] removing player 2 token from slot 10
[16:49:28.937] [SEVERE ] removing card from slot 10
[16:49:28.954] [SEVERE ] removing player 2 token from slot 5
[16:49:28.954] [SEVERE ] removing card from slot 5
[16:49:28.969] [SEVERE ] removing player 1 token from slot 3
[16:49:28.969] [SEVERE ] removing card from slot 3
[16:49:28.985] [SEVERE ] removing card from slot 2
[16:49:28.998] [SEVERE ] removing player 1 token from slot 0
[16:49:28.998] [SEVERE ] removing card from slot 0
[16:49:29.014] [SEVERE ] removing card from slot 6
[16:49:29.030] [SEVERE ] removing card from slot 11
[16:49:29.043] [SEVERE ] removing card from slot 8
[16:49:29.059] [SEVERE ] placing card 25 in slot 9
[16:49:29.073] [SEVERE ] placing card 43 in slot 6
[16:49:29.091] [SEVERE ] placing card 74 in slot 5
[16:49:29.108] [SEVERE ] placing card 51 in slot 1
[16:49:29.124] [SEVERE ] placing card 3 in slot 4
[16:49:29.140] [SEVERE ] placing card 30 in slot 8
[16:49:29.156] [SEVERE ] placing card 23 in slot 7
[16:49:29.171] [SEVERE ] placing card 8 in slot 11
[16:49:29.185] [SEVERE ] placing card 65 in slot 10
[16:49:29.197] [SEVERE ] placing card 20 in slot 2
[16:49:29.214] [SEVERE ] placing card 37 in slot 3
[16:49:29.226] [SEVERE ] placing card 18 in slot 0
[16:49:29.226] [SEVERE ] updating countdown to 100
[16:49:29.226] [SEVERE ] updating countdown to 100
[16:49:29.870] [SEVERE ] setting player 1 freeze to 0
[16:49:29.870] [SEVERE ] player 1 placing token on slot 9
[16:49:29.870] [SEVERE ] player 1 placing token on slot 10
[16:49:29.870] [SEVERE ] player 1 placing token on slot 8
[16:49:29.882] [SEVERE ] removing player 1 token from slot 8
[16:49:29.882] [SEVERE ] removing card from slot 8
[16:49:29.894] [SEVERE ] removing player 1 token from slot 9
[16:49:29.894] [SEVERE ] removing card from slot 9
[16:49:29.907] [SEVERE ] removing player 1 token from slot 10
[16:49:29.907] [SEVERE ] removing card from slot 10
[16:49:29.907] [SEVERE ] setting player 1 freeze to 2
[16:49:29.910] [SEVERE ] setting player 1 freeze to 0
[16:49:29.910] [SEVERE ] setting player 1 score to 1
[16:49:29.922] [SEVERE ] placing card 22 in slot 9
[16:49:29.939] [SEVERE ] placing card 46 in slot 10
[16:49:29.956] [SEVERE ] placing card 12 in slot 8
[16:49:29.956] [SEVERE ] updating countdown to 100
[16:49:29.956] [SEVERE ] player 1 placing token on slot 11
[16:49:29.956] [SEVERE ] player 1 placing token on slot 9
[16:49:29.956] [SEVERE ] player 1 placing token on slot 8
[16:49:29.956] [SEVERE ] setting player 1 freeze to 4
[16:49:30.287] [SEVERE ] removing card from slot 7
[16:49:30.299] [SEVERE ] removing player 1 token from slot 11
[16:49:30.299] [SEVERE ] removing card from slot 11
[16:49:30.311] [SEVERE ] removing player 1 token from slot 9
[16:49:30.311] [SEVERE ] removing card from slot 9
[16:49:30.323] [SEVERE ] removing card from slot 6
[16:49:30.336] [SEVERE ] removing card from slot 4
[16:49:30.352] [SEVERE ] removing card from slot 3
[16:49:30.368] [SEVERE ] removing card from slot 10
[16:49:30.381] [SEVERE ] removing card from slot 0
[16:49:30.393] [SEVERE ] removing player 1 token from slot 8
[16:49:30.393] [SEVERE ] removing card from slot 8
[16:49:30.405] [SEVERE ] removing card from slot 5
[16:49:30.421] [SEVERE ] removing card from slot 2
[16:49:30.433] [SEVERE ] removing card from slot 1
[16:49:30.449] [SEVERE ] placing card 49 in slot 3
[16:49:30.465] [SEVERE ] placing card 67 in slot 7
[16:49:30.481] [SEVERE ] placing card 68 in slot 0
[16:49:30.497] [SEVERE ] placing card 23 in slot 9
[16:49:30.509] [SEVERE ] placing card 12 in slot 10
[16:49:30.521] [SEVERE ] placing card 42 in slot 8
[16:49:30.533] [SEVERE ] placing card 57 in slot 6
[16:49:30.549] [SEVERE ] placing card 52 in slot 5
[16:49:30.562] [SEVERE ] placing card 9 in slot 4
[16:49:30.579] [SEVERE ] placing card 3 in slot 1
[16:49:30.595] [SEVERE ] placing card 58 in slot 11
[16:49:30.607] [SEVERE ] placing card 27 in slot 2
[16:49:30.607] [SEVERE ] updating countdown to 100
[16:49:30.607] [SEVERE ] updating countdown to 100
[16:49:30.966] [SEVERE ] setting player 1 freeze to 0
[16:49:30.966] [SEVERE ] player 1 placing token on slot 4
[16:49:30.966] [SEVERE ] player 1 placing token on slot 0
[16:49:30.966] [SEVERE ] player 1 placing token on slot 8
[16:49:30.966] [SEVERE ] setting player 1 freeze to 4
[16:49:31.633] [SEVERE ] removing card from slot 2
[16:49:31.649] [SEVERE ] removing card from slot 10
[16:49:31.665] [SEVERE ] removing card from slot 5
[16:49:31.681] [SEVERE ] removing card from slot 3
[16:49:31.697] [SEVERE ] removing player 1 token from slot 4
[16:49:31.697] [SEVERE ] removing card from slot 4
[16:49:31.713] [SEVERE ] removing card from slot 1
[16:49:31.730] [SEVERE ] removing card from slot 6
[16:49:31.746] [SEVERE ] removing card from slot 11
[16:49:31.762] [SEVERE ] removing player 1 token from slot 0
[16:49:31.762] [SEVERE ] removing card from slot 0
[16:49:31.778] [SEVERE ] removing card from slot 9
[16:49:31.794] [SEVERE ] removing card from slot 7
[16:49:31.810] [SEVERE ] removing player 1 token from slot 8
[16:49:31.810] [SEVERE ] removing card from slot 8
[16:49:31.822] [SEVERE ] placing card 66 in slot 9
[16:49:31.838] [SEVERE ] placing card 23 in slot 11
[16:49:31.850] [SEVERE ] placing card 46 in slot 8
[16:49:31.866] [SEVERE ] placing card 32 in slot 0
[16:49:31.882] [SEVERE ] placing card 47 in slot 7
[16:49:31.898] [SEVERE ] placing card 19 in slot 1
[16:49:31.914] [SEVERE ] placing card 41 in slot 6
[16:49:31.930] [SEVERE ] placing card 9 in slot 3
[16:49:31.946] [SEVERE ] placing card 53 in slot 5
[16:49:31.962] [SEVERE ] placing card 49 in slot 4
[16:49:31.978] [SEVERE ] setting player 1 freeze to 0
[16:49:31.978] [SEVERE ] placing card 73 in slot 10
[16:49:31.994] [SEVERE ] placing card 33 in slot 2
[16:49:31.994] [SEVERE ] updating countdown to 100
[16:49:31.994] [SEVERE ] player 2 placing token on slot 0
[16:49:31.994] [SEVERE ] player 2 placing token on slot 3
[16:49:31.994] [SEVERE ] player 2 placing token on slot 7
[16:49:31.994] [SEVERE ] updating countdown to 100
[16:49:31.994] [SEVERE ] setting player 2 freeze to 4
[16:49:33.002] [SEVERE ] setting player 2 freeze to 0
[16:49:33.002] [SEVERE ] player 1 placing token on slot 5
[16:49:33.002] [SEVERE ] player 1 placing token on slot 8
[16:49:33.002] [SEVERE ] player 1 placing token on slot 4
[16:49:33.002] [SEVERE ] setting player 1 freeze to 4
[16:49:33.018] [SEVERE ] removing card from slot 10
[16:49:33.034] [SEVERE ] removing player 2 token from slot 3
[16:49:33.035] [SEVERE ] removing card from slot 3
[16:49:33.050] [SEVERE ] removing player 1 token from slot 5
[16:49:33.050] [SEVERE ] removing card from slot 5
[16:49:33.065] [SEVERE ] removing card from slot 1
[16:49:33.079] [SEVERE ] removing player 1 token from slot 4
[16:49:33.079] [SEVERE ] removing card from slot 4
[16:49:33.091] [SEVERE ] removing player 2 token from slot 0
[16:49:33.091] [SEVERE ] removing card from slot 0
[16:49:33.107] [SEVERE ] removing card from slot 2
[16:49:33.123] [SEVERE ] removing card from slot 9
[16:49:33.139] [SEVERE ] removing card from slot 6
[16:49:33.155] [SEVERE ] removing card from slot 11
[16:49:33.168] [SEVERE ] removing player 1 token from slot 8
[16:49:33.168] [SEVERE ] removing card from slot 8
[16:49:33.184] [SEVERE ] removing player 2 token from slot 7
[16:49:33.184] [SEVERE ] removing card from slot 7
[16:49:33.200] [SEVERE ] placing card 60 in slot 3
[16:49:33.212] [SEVERE ] placing card 34 in slot 9
[16:49:33.228] [SEVERE ] placing card 52 in slot 10
[16:49:33.244] [SEVERE ] placing card 41 in slot 1
[16:49:33.260] [SEVERE ] placing card 62 in slot 4
[16:49:33.276] [SEVERE ] placing card 0 in slot 6
[16:49:33.289] [SEVERE ] placing card 18 in slot 11
[16:49:33.305] [SEVERE ] placing card 15 in slot 8
[16:49:33.321] [SEVERE ] placing card 23 in slot 7
[16:49:33.337] [SEVERE ] placing card 53 in slot 0
[16:49:33.353] [SEVERE ] placing card 8 in slot 2
[16:49:33.369] [SEVERE ] placing card 27 in slot 5
[16:49:33.369] [SEVERE ] updating countdown to 100
[16:49:33.369] [SEVERE ] updating countdown to 100
[16:49:34.004] [SEVERE ] setting player 1 freeze to 0
[16:49:34.004] [SEVERE ] player 1 placing token on slot 7
[16:49:34.004] [SEVERE ] player 1 placing token on slot 6
[16:49:34.004] [SEVERE ] player 1 placing token on slot 3
[16:49:34.004] [SEVERE ] setting player 1 freeze to 4
[16:49:34.451] [SEVERE ] removing card from slot 0
[16:49:34.467] [SEVERE ] removing player 1 token from slot 3
[16:49:34.467] [SEVERE ] removing card from slot 3
[16:49:34.479] [SEVERE ] removing player 1 token from slot 7
[16:49:34.479] [SEVERE ] removing card from slot 7
[16:49:34.491] [SEVERE ] removing card from slot 1
[16:49:34.507] [SEVERE ] removing card from slot 4
[16:49:34.521] [SEVERE ] removing card from slot 8
[16:49:34.537] [SEVERE ] removing card from slot 2
[16:49:34.553] [SEVERE ] removing card from slot 10
[16:49:34.569] [SEVERE ] removing card from slot 5
[16:49:34.585] [SEVERE ] removing player 1 token from slot 6
[16:49:34.585] [SEVERE ] removing card from slot 6
[16:49:34.598] [SEVERE ] removing card from slot 11
[16:49:34.610] [SEVERE ] removing card from slot 9
[16:49:34.626] [SEVERE ] placing card 60 in slot 9
[16:49:34.639] [SEVERE ] placing card 37 in slot 5
[16:49:34.656] [SEVERE ] placing card 52 in slot 3
[16:49:34.673] [SEVERE ] placing card 19 in slot 7
[16:49:34.685] [SEVERE ] placing card 57 in slot 0
[16:49:34.700] [SEVERE ] placing card 7 in slot 4
[16:49:34.714] [SEVERE ] placing card 17 in slot 2
[16:49:34.731] [SEVERE ] placing card 50 in slot 6
[16:49:34.747] [SEVERE ] placing card 3 in slot 1
[16:49:34.759] [SEVERE ] placing card 32 in slot 10
[16:49:34.772] [SEVERE ] placing card 9 in slot 8
[16:49:34.788] [SEVERE ] placing card 68 in slot 11
[16:49:34.788] [SEVERE ] updating countdown to 100
[16:49:34.788] [SEVERE ] updating countdown to 100
[16:49:35.006] [SEVERE ] setting player 1 freeze to 0
[16:49:35.006] [SEVERE ] player 1 placing token on slot 5
[16:49:35.006] [SEVERE ] player 1 placing token on slot 10
[16:49:35.006] [SEVERE ] player 1 placing token on slot 3
[16:49:35.006] [SEVERE ] setting player 1 freeze to 4
[16:49:35.874] [SEVERE ] removing card from slot 1
[16:49:35.890] [SEVERE ] removing player 1 token from slot 3
[16:49:35.890] [SEVERE ] removing card from slot 3
[16:49:35.907] [SEVERE ] removing card from slot 0
[16:49:35.920] [SEVERE ] removing card from slot 8
[16:49:35.936] [SEVERE ] removing player 1 token from slot 10
[16:49:35.936] [SEVERE ] removing card from slot 10
[16:49:35.952] [SEVERE ] removing card from slot 9
[16:49:35.968] [SEVERE ] removing card from slot 11
[16:49:35.984] [SEVERE ] removing card from slot 6
[16:49:36.000] [SEVERE ] removing card from slot 2
[16:49:36.016] [SEVERE ] removing card from slot 4
[16:49:36.016] [SEVERE ] setting player 1 freeze to 0
[16:49:36.028] [SEVERE ] removing player 1 token from slot 5
[16:49:36.028] [SEVERE ] removing card from slot 5
[16:49:36.040] [SEVERE ] removing card from slot 7
[16:49:36.056] [SEVERE ] placing card 12 in slot 11
[16:49:36.072] [SEVERE ] placing card 8 in slot 5
[16:49:36.088] [SEVERE ] placing card 58 in slot 1
[16:49:36.104] [SEVERE ] placing card 32 in slot 4
[16:49:36.120] [SEVERE ] placing card 77 in slot 3
[16:49:36.137] [SEVERE ] placing card 43 in slot 0
[16:49:36.149] [SEVERE ] placing card 49 in slot 2
[16:49:36.162] [SEVERE ] placing card 73 in slot 8
[16:49:36.178] [SEVERE ] placing card 68 in slot 10
[16:49:36.190] [SEVERE ] placing card 78 in slot 6
[16:49:36.206] [SEVERE ] placing card 18 in slot 7
[16:49:36.218] [SEVERE ] placing card 9 in slot 9
[16:49:36.218] [SEVERE ] updating countdown to 100
[16:49:36.218] [SEVERE ] player 1 placing token on slot 6
[16:49:36.218] [SEVERE ] player 1 placing token on slot 11
[16:49:36.218] [SEVERE ] player 1 placing token on slot 7
[16:49:36.218] [SEVERE ] updating countdown to 100
[16:49:36.218] [SEVERE ] setting player 1 freeze to 4
[16:49:36.218] [SEVERE ] player 2 placing token on slot 5
[16:49:36.218] [SEVERE ] player 2 placing token on slot 0
[16:49:36.218] [SEVERE ] player 2 placing token on slot 11
[16:49:36.218] [SEVERE ] setting player 2 freeze to 4
[16:49:37.232] [SEVERE ] setting player 1 freeze to 0
[16:49:37.232] [SEVERE ] setting player 2 freeze to 0
[16:49:37.232] [SEVERE ] removing player 1 token from slot 6
[16:49:37.232] [SEVERE ] player 1 placing token on slot 9
[16:49:37.232] [SEVERE ] setting player 1 freeze to 4
[16:49:37.248] [SEVERE ] removing player 1 token from slot 11
[16:49:37.248] [SEVERE ] removing player 2 token from slot 11
[16:49:37.248] [SEVERE ] removing card from slot 11
[16:49:37.260] [SEVERE ] removing card from slot 10
[16:49:37.276] [SEVERE ] removing card from slot 4
[16:49:37.292] [SEVERE ] removing player 1 token from slot 7
[16:49:37.292] [SEVERE ] removing card from slot 7
[16:49:37.304] [SEVERE ] removing card from slot 1
[16:49:37.320] [SEVERE ] removing card from slot 2
[16:49:37.336] [SEVERE ] removing player 1 token from slot 9
[16:49:37.336] [SEVERE ] removing card from slot 9
[16:49:37.352] [SEVERE ] removing card from slot 3
[16:49:37.364] [SEVERE ] removing card from slot 6
[16:49:37.377] [SEVERE ] removing card from slot 8
[16:49:37.393] [SEVERE ] removing player 2 token from slot 5
[16:49:37.393] [SEVERE ] removing card from slot 5
[16:49:37.409] [SEVERE ] removing player 2 token from slot 0
[16:49:37.409] [SEVERE ] removing card from slot 0
[16:49:37.425] [SEVERE ] placing card 33 in slot 11
[16:49:37.441] [SEVERE ] placing card 35 in slot 5
[16:49:37.458] [SEVERE ] placing card 59 in slot 6
[16:49:37.470] [SEVERE ] placing card 48 in slot 7
[16:49:37.486] [SEVERE ] placing card 53 in slot 10
[16:49:37.503] [SEVERE ] placing card 70 in slot 4
[16:49:37.520] [SEVERE ] placing card 39 in slot 0
[16:49:37.532] [SEVERE ] placing card 8 in slot 2
[16:49:37.548] [SEVERE ] placing card 75 in slot 1
[16:49:37.560] [SEVERE ] placing card 18 in slot 8
[16:49:37.576] [SEVERE ] placing card 42 in slot 9
[16:49:37.592] [SEVERE ] placing card 49 in slot 3
[16:49:37.592] [SEVERE ] updating countdown to 100
[16:49:37.593] [SEVERE ] updating countdown to 100
[16:49:38.235] [SEVERE ] setting player 1 freeze to 0
[16:49:38.235] [SEVERE ] player 1 placing token on slot 4
[16:49:38.235] [SEVERE ] player 1 placing token on slot 2
[16:49:38.235] [SEVERE ] player 1 placing token on slot 9
[16:49:38.235] [SEVERE ] setting player 1 freeze to 4
[16:49:38.235] [SEVERE ] player 2 placing token on slot 0
[16:49:38.235] [SEVERE ] player 2 placing token on slot 6
[16:49:38.235] [SEVERE ] player 2 placing token on slot 7
[16:49:38.235] [SEVERE ] setting player 2 freeze to 4
[16:49:38.686] [SEVERE ] removing card from slot 11
[16:49:38.702] [SEVERE ] removing player 2 token from slot 6
[16:49:38.702] [SEVERE ] removing card from slot 6
[16:49:38.719] [SEVERE ] removing player 1 token from slot 9
[16:49:38.719] [SEVERE ] removing card from slot 9
[16:49:38.736] [SEVERE ] removing card from slot 1
[16:49:38.748] [SEVERE ] removing player 2 token from slot 0
[16:49:38.748] [SEVERE ] removing card from slot 0
[16:49:38.760] [SEVERE ] removing player 2 token from slot 7
[16:49:38.760] [SEVERE ] removing card from slot 7
[16:49:38.776] [SEVERE ] removing player 1 token from slot 2
[16:49:38.776] [SEVERE ] removing card from slot 2
[16:49:38.788] [SEVERE ] removing card from slot 8
[16:49:38.800] [SEVERE ] removing card from slot 5
[16:49:38.817] [SEVERE ] removing player 1 token from slot 4
[16:49:38.817] [SEVERE ] removing card from slot 4
[16:49:38.833] [SEVERE ] removing card from slot 3
[16:49:38.848] [SEVERE ] removing card from slot 10
[16:49:38.864] [SEVERE ] placing card 41 in slot 9
[16:49:38.881] [SEVERE ] placing card 38 in slot 11
[16:49:38.893] [SEVERE ] placing card 4 in slot 0
[16:49:38.906] [SEVERE ] placing card 42 in slot 3
[16:49:38.923] [SEVERE ] placing card 72 in slot 5
[16:49:38.939] [SEVERE ] placing card 51 in slot 8
[16:49:38.956] [SEVERE ] placing card 2 in slot 2
[16:49:38.968] [SEVERE ] placing card 40 in slot 4
[16:49:38.984] [SEVERE ] placing card 8 in slot 6
[16:49:38.997] [SEVERE ] placing card 77 in slot 1
[16:49:39.009] [SEVERE ] placing card 79 in slot 10
[16:49:39.022] [SEVERE ] placing card 46 in slot 7
[16:49:39.022] [SEVERE ] updating countdown to 100
[16:49:39.022] [SEVERE ] updating countdown to 100
[16:49:39.247] [SEVERE ] setting player 2 freeze to 0
[16:49:39.247] [SEVERE ] setting player 1 freeze to 0
[16:49:39.247] [SEVERE ] player 1 placing token on slot 8
[16:49:39.247] [SEVERE ] player 1 placing token on slot 10
[16:49:39.247] [SEVERE ] player 1 placing token on slot 1
[16:49:39.247] [SEVERE ] setting player 1 freeze to 4
[16:49:40.110] [SEVERE ] removing card from slot 0
[16:49:40.123] [SEVERE ] removing player 1 token from slot 8
[16:49:40.123] [SEVERE ] removing card from slot 8
[16:49:40.135] [SEVERE ] removing card from slot 7
[16:49:40.148] [SEVERE ] removing player 1 token from slot 1
[16:49:40.148] [SEVERE ] removing card from slot 1
[16:49:40.164] [SEVERE ] removing player 1 token from slot 10
[16:49:40.164] [SEVERE ] removing card from slot 10
[16:49:40.176] [SEVERE ] removing card from slot 6
[16:49:40.189] [SEVERE ] removing card from slot 2
[16:49:40.206] [SEVERE ] removing card from slot 4
[16:49:40.223] [SEVERE ] removing card from slot 3
[16:49:40.236] [SEVERE ] removing card from slot 11
[16:49:40.249] [SEVERE ] removing card from slot 9
[16:49:40.249] [SEVERE ] setting player 1 freeze to 0
[16:49:40.263] [SEVERE ] removing card from slot 5
[16:49:40.278] [SEVERE ] placing card 72 in slot 8
[16:49:40.294] [SEVERE ] placing card 24 in slot 0
[16:49:40.306] [SEVERE ] placing card 23 in slot 7
[16:49:40.323] [SEVERE ] placing card 16 in slot 3
[16:49:40.340] [SEVERE ] placing card 2 in slot 4
[16:49:40.352] [SEVERE ] placing card 29 in slot 1
[16:49:40.364] [SEVERE ] placing card 39 in slot 5
[16:49:40.381] [SEVERE ] placing card 37 in slot 11
[16:49:40.398] [SEVERE ] placing card 50 in slot 10
[16:49:40.415] [SEVERE ] placing card 18 in slot 2
[16:49:40.430] [SEVERE ] placing card 45 in slot 6
[16:49:40.444] [SEVERE ] placing card 40 in slot 9
[16:49:40.444] [SEVERE ] updating countdown to 100
[16:49:40.444] [SEVERE ] player 1 placing token on slot 9
[16:49:40.444] [SEVERE ] player 1 placing token on slot 11
[16:49:40.444] [SEVERE ] player 1 placing token on slot 4
[16:49:40.445] [SEVERE ] updating countdown to 100
[16:49:40.445] [SEVERE ] player 2 placing token on slot 10
[16:49:40.445] [SEVERE ] setting player 1 freeze to 4
[16:49:40.445] [SEVERE ] player 2 placing token on slot 6
[16:49:40.445] [SEVERE ] player 2 placing token on slot 8
[16:49:40.445] [SEVERE ] setting player 2 freeze to 4
[16:49:41.448] [SEVERE ] setting player 1 freeze to 0
[16:49:41.448] [SEVERE ] setting player 2 freeze to 0
[16:49:41.448] [SEVERE ] removing player 1 token from slot 11
[16:49:41.448] [SEVERE ] player 1 placing token on slot 10
[16:49:41.448] [SEVERE ] setting player 1 freeze to 4
[16:49:41.462] [SEVERE ] removing card from slot 3
[16:49:41.478] [SEVERE ] removing player 1 token from slot 4
[16:49:41.478] [SEVERE ] removing card from slot 4
[16:49:41.494] [SEVERE ] removing card from slot 1
[16:49:41.510] [SEVERE ] removing player 2 token from slot 6
[16:49:41.510] [SEVERE ] removing card from slot 6
[16:49:41.527] [SEVERE ] removing card from slot 11
[16:49:41.544] [SEVERE ] removing card from slot 5
[16:49:41.556] [SEVERE ] removing card from slot 0
[16:49:41.569] [SEVERE ] removing player 1 token from slot 9
[16:49:41.569] [SEVERE ] removing card from slot 9
[16:49:41.585] [SEVERE ] removing player 1 token from slot 10
[16:49:41.585] [SEVERE ] removing player 2 token from slot 10
[16:49:41.585] [SEVERE ] removing card from slot 10
[16:49:41.597] [SEVERE ] removing card from slot 7
[16:49:41.613] [SEVERE ] removing card from slot 2
[16:49:41.629] [SEVERE ] removing player 2 token from slot 8
[16:49:41.629] [SEVERE ] removing card from slot 8
[16:49:41.645] [SEVERE ] placing card 32 in slot 7
[16:49:41.657] [SEVERE ] placing card 14 in slot 2
[16:49:41.673] [SEVERE ] placing card 10 in slot 8
[16:49:41.689] [SEVERE ] placing card 9 in slot 6
[16:49:41.706] [SEVERE ] placing card 39 in slot 11
[16:49:41.722] [SEVERE ] placing card 15 in slot 3
[16:49:41.738] [SEVERE ] placing card 35 in slot 9
[16:49:41.755] [SEVERE ] placing card 20 in slot 0
[16:49:41.771] [SEVERE ] placing card 49 in slot 1
[16:49:41.787] [SEVERE ] placing card 21 in slot 4
[16:49:41.803] [SEVERE ] placing card 62 in slot 10
[16:49:41.819] [SEVERE ] placing card 52 in slot 5
[16:49:41.819] [SEVERE ] updating countdown to 100
[16:49:41.819] [SEVERE ] updating countdown to 100
[16:49:42.456] [SEVERE ] setting player 1 freeze to 0
[16:49:42.456] [SEVERE ] player 1 placing token on slot 8
[16:49:42.456] [SEVERE ] player 1 placing token on slot 9
[16:49:42.456] [SEVERE ] player 1 placing token on slot 5
[16:49:42.457] [SEVERE ] setting player 1 freeze to 4
[16:49:42.457] [SEVERE ] player 2 placing token on slot 7
[16:49:42.457] [SEVERE ] player 2 placing token on slot 0
[16:49:42.457] [SEVERE ] player 2 placing token on slot 9
[16:49:42.457] [SEVERE ] setting player 2 freeze to 4
[16:49:42.901] [SEVERE ] removing card from slot 4
[16:49:42.917] [SEVERE ] removing card from slot 1
[16:49:42.933] [SEVERE ] removing card from slot 6
[16:49:42.946] [SEVERE ] removing player 1 token from slot 9
[16:49:42.946] [SEVERE ] removing player 2 token from slot 9
[16:49:42.946] [SEVERE ] removing card from slot 9
[16:49:42.961] [SEVERE ] removing card from slot 10
[16:49:42.977] [SEVERE ] removing card from slot 3
[16:49:42.993] [SEVERE ] removing player 2 token from slot 7
[16:49:42.993] [SEVERE ] removing card from slot 7
[16:49:43.005] [SEVERE ] removing player 1 token from slot 8
[16:49:43.005] [SEVERE ] removing card from slot 8
[16:49:43.021] [SEVERE ] removing card from slot 11
[16:49:43.037] [SEVERE ] removing card from slot 2
[16:49:43.053] [SEVERE ] removing player 1 token from slot 5
[16:49:43.053] [SEVERE ] removing card from slot 5
[16:49:43.069] [SEVERE ] removing player 2 token from slot 0
[16:49:43.069] [SEVERE ] removing card from slot 0
[16:49:43.085] [SEVERE ] placing card 51 in slot 10
[16:49:43.101] [SEVERE ] placing card 37 in slot 8
[16:49:43.117] [SEVERE ] placing card 22 in slot 6
[16:49:43.134] [SEVERE ] placing card 40 in slot 9
[16:49:43.149] [SEVERE ] placing card 78 in slot 1
[16:49:43.162] [SEVERE ] placing card 63 in slot 5
[16:49:43.177] [SEVERE ] placing card 47 in slot 4
[16:49:43.194] [SEVERE ] placing card 5 in slot 11
[16:49:43.206] [SEVERE ] placing card 45 in slot 7
[16:49:43.223] [SEVERE ] placing card 10 in slot 3
[16:49:43.239] [SEVERE ] placing card 35 in slot 0
[16:49:43.252] [SEVERE ] placing card 54 in slot 2
[16:49:43.252] [SEVERE ] updating countdown to 100
[16:49:43.252] [SEVERE ] updating countdown to 100
[16:49:43.461] [SEVERE ] setting player 1 freeze to 0
[16:49:43.461] [SEVERE ] setting player 2 freeze to 0
[16:49:43.461] [SEVERE ] player 1 placing token on slot 8
[16:49:43.461] [SEVERE ] player 1 placing token on slot 0
[16:49:43.461] [SEVERE ] player 1 placing token on slot 4
[16:49:43.461] [SEVERE ] setting player 1 freeze to 4
[16:49:44.341] [SEVERE ] removing card from slot 7
[16:49:44.357] [SEVERE ] removing card from slot 2
[16:49:44.374] [SEVERE ] removing player 1 token from slot 0
[16:49:44.374] [SEVERE ] removing card from slot 0
[16:49:44.386] [SEVERE ] removing card from slot 3
[16:49:44.399] [SEVERE ] removing card from slot 5
[16:49:44.411] [SEVERE ] removing player 1 token from slot 8
[16:49:44.411] [SEVERE ] removing card from slot 8
[16:49:44.427] [SEVERE ] removing card from slot 10
[16:49:44.444] [SEVERE ] removing card from slot 1
[16:49:44.460] [SEVERE ] removing player 1 token from slot 4
[16:49:44.460] [SEVERE ] removing card from slot 4
[16:49:44.476] [SEVERE ] removing card from slot 9
[16:49:44.476] [SEVERE ] setting player 1 freeze to 0
[16:49:44.489] [SEVERE ] removing card from slot 11
[16:49:44.506] [SEVERE ] removing card from slot 6
[16:49:44.522] [SEVERE ] placing card 64 in slot 5
[16:49:44.539] [SEVERE ] placing card 6 in slot 8
[16:49:44.556] [SEVERE ] placing card 21 in slot 3
[16:49:44.568] [SEVERE ] placing card 50 in slot 4
[16:49:44.584] [SEVERE ] placing card 5 in slot 0
[16:49:44.601] [SEVERE ] placing card 29 in slot 1
[16:49:44.613] [SEVERE ] placing card 19 in slot 9
[16:49:44.625] [SEVERE ] placing card 76 in slot 2
[16:49:44.642] [SEVERE ] placing card 42 in slot 10
[16:49:44.658] [SEVERE ] placing card 57 in slot 6
[16:49:44.674] [SEVERE ] placing card 12 in slot 11
[16:49:44.690] [SEVERE ] placing card 46 in slot 7
[16:49:44.690] [SEVERE ] updating countdown to 100
[16:49:44.690] [SEVERE ] player 1 placing token on slot 10
[16:49:44.690] [SEVERE ] player 1 placing token on slot 1
[16:49:44.690] [SEVERE ] player 1 placing token on slot 6
[16:49:44.690] [SEVERE ] setting player 1 freeze to 4
[16:49:44.690] [SEVERE ] updating countdown to 100
[16:49:45.706] [SEVERE ] setting player 1 freeze to 0
[16:49:45.706] [SEVERE ] removing player 1 token from slot 1
[16:49:45.707] [SEVERE ] player 1 placing token on slot 11
[16:49:45.707] [SEVERE ] setting player 1 freeze to 4
[16:49:45.722] [SEVERE ] removing player 1 token from slot 6
[16:49:45.722] [SEVERE ] removing card from slot 6
[16:49:45.734] [SEVERE ] removing player 1 token from slot 11
[16:49:45.734] [SEVERE ] removing card from slot 11
[16:49:45.750] [SEVERE ] removing card from slot 8
[16:49:45.766] [SEVERE ] removing player 1 token from slot 10
[16:49:45.766] [SEVERE ] removing card from slot 10
[16:49:45.779] [SEVERE ] removing card from slot 4
[16:49:45.795] [SEVERE ] removing card from slot 3
[16:49:45.812] [SEVERE ] removing card from slot 7
[16:49:45.827] [SEVERE ] removing card from slot 1
[16:49:45.841] [SEVERE ] removing card from slot 2
[16:49:45.853] [SEVERE ] removing card from slot 0
[16:49:45.870] [SEVERE ] removing card from slot 9
[16:49:45.886] [SEVERE ] removing card from slot 5
[16:49:45.903] [SEVERE ] placing card 3 in slot 0
[16:49:45.919] [SEVERE ] placing card 15 in slot 6
[16:49:45.931] [SEVERE ] placing card 8 in slot 7
[16:49:45.944] [SEVERE ] placing card 10 in slot 9
[16:49:45.960] [SEVERE ] placing card 16 in slot 5
[16:49:45.976] [SEVERE ] placing card 43 in slot 2
[16:49:45.993] [SEVERE ] placing card 52 in slot 3
[16:49:46.009] [SEVERE ] placing card 28 in slot 8
[16:49:46.021] [SEVERE ] placing card 19 in slot 4
[16:49:46.037] [SEVERE ] placing card 0 in slot 11
[16:49:46.054] [SEVERE ] placing card 34 in slot 10
[16:49:46.066] [SEVERE ] placing card 37 in slot 1
[16:49:46.066] [SEVERE ] updating countdown to 100
[16:49:46.101] [SEVERE ] updating countdown to 100
[16:49:46.708] [SEVERE ] setting player 1 freeze to 0
[16:49:46.708] [SEVERE ] player 1 placing token on slot 4
[16:49:46.708] [SEVERE ] player 1 placing token on slot 0
[16:49:46.708] [SEVERE ] player 1 placing token on slot 3
[16:49:46.708] [SEVERE ] setting player 1 freeze to 4
[16:49:47.143] [SEVERE ] removing card from slot 5
[16:49:47.159] [SEVERE ] removing player 1 token from slot 0
[16:49:47.159] [SEVERE ] removing card from slot 0
[16:49:47.172] [SEVERE ] removing player 1 token from slot 4
[16:49:47.172] [SEVERE ] removing card from slot 4
[16:49:47.187] [SEVERE ] removing card from slot 10
[16:49:47.198] [SEVERE ] removing card from slot 2
[16:49:47.214] [SEVERE ] removing card from slot 11
[16:49:47.229] [SEVERE ] removing card from slot 1
[16:49:47.245] [SEVERE ] removing card from slot 6
[16:49:47.262] [SEVERE ] removing card from slot 9
[16:49:47.278] [SEVERE ] removing card from slot 8
[16:49:47.290] [SEVERE ] removing player 1 token from slot 3
[16:49:47.290] [SEVERE ] removing card from slot 3
[16:49:47.306] [SEVERE ] removing card from slot 7
[16:49:47.322] [SEVERE ] placing card 9 in slot 4
[16:49:47.338] [SEVERE ] placing card 49 in slot 10
[16:49:47.354] [SEVERE ] placing card 31 in slot 11
[16:49:47.371] [SEVERE ] placing card 11 in slot 6
[16:49:47.387] [SEVERE ] placing card 44 in slot 3
[16:49:47.399] [SEVERE ] placing card 50 in slot 2
[16:49:47.415] [SEVERE ] placing card 67 in slot 9
[16:49:47.431] [SEVERE ] placing card 77 in slot 8
[16:49:47.448] [SEVERE ] placing card 4 in slot 1
[16:49:47.463] [SEVERE ] placing card 12 in slot 0
[16:49:47.476] [SEVERE ] placing card 58 in slot 5
[16:49:47.488] [SEVERE ] placing card 24 in slot 7
[16:49:47.488] [SEVERE ] updating countdown to 100
[16:49:47.489] [SEVERE ] updating countdown to 100
[16:49:47.710] [SEVERE ] setting player 1 freeze to 0
[16:49:47.710] [SEVERE ] player 1 placing token on slot 1
[16:49:47.710] [SEVERE ] player 1 placing token on slot 3
[16:49:47.710] [SEVERE ] player 1 placing token on slot 4
[16:49:47.710] [SEVERE ] setting player 1 freeze to 4
[16:49:48.576] [SEVERE ] removing card from slot 6
[16:49:48.592] [SEVERE ] removing card from slot 7
[16:49:48.605] [SEVERE ] removing card from slot 8
[16:49:48.618] [SEVERE ] removing card from slot 11
[16:49:48.634] [SEVERE ] removing card from slot 0
[16:49:48.650] [SEVERE ] removing card from slot 2
[16:49:48.666] [SEVERE ] removing player 1 token from slot 4
[16:49:48.666] [SEVERE ] removing card from slot 4
[16:49:48.682] [SEVERE ] removing card from slot 10
[16:49:48.698] [SEVERE ] removing player 1 token from slot 3
[16:49:48.698] [SEVERE ] removing card from slot 3
[16:49:48.714] [SEVERE ] setting player 1 freeze to 0
[16:49:48.714] [SEVERE ] removing player 1 token from slot 1
[16:49:48.714] [SEVERE ] removing card from slot 1
[16:49:48.730] [SEVERE ] removing card from slot 9
[16:49:48.747] [SEVERE ] removing card from slot 5
[16:49:48.763] [SEVERE ] placing card 12 in slot 2
[16:49:48.779] [SEVERE ] placing card 34 in slot 5
[16:49:48.791] [SEVERE ] placing card 66 in slot 10
[16:49:48.837] [SEVERE ] placing card 64 in slot 9
[16:49:48.853] [SEVERE ] placing card 23 in slot 1
[16:49:48.866] [SEVERE ] placing card 1 in slot 11
[16:49:48.882] [SEVERE ] placing card 15 in slot 4
[16:49:48.898] [SEVERE ] placing card 35 in slot 6
[16:49:48.914] [SEVERE ] placing card 29 in slot 0
[16:49:48.930] [SEVERE ] placing card 52 in slot 7
[16:49:48.947] [SEVERE ] placing card 55 in slot 3
[16:49:48.963] [SEVERE ] placing card 5 in slot 8
[16:49:48.963] [SEVERE ] updating countdown to 100
[16:49:48.963] [SEVERE ] player 1 placing token on slot 10
[16:49:48.963] [SEVERE ] player 1 placing token on slot 2
[16:49:48.963] [SEVERE ] player 1 placing token on slot 0
[16:49:48.963] [SEVERE ] updating countdown to 100
[16:49:48.963] [SEVERE ] setting player 1 freeze to 4
[16:49:49.973] [SEVERE ] setting player 1 freeze to 0
[16:49:49.973] [SEVERE ] removing player 1 token from slot 10
[16:49:49.973] [SEVERE ] player 1 placing token on slot 3
[16:49:49.973] [SEVERE ] setting player 1 freeze to 4
[16:49:49.989] [SEVERE ] removing player 1 token from slot 0
[16:49:49.989] [SEVERE ] removing card from slot 0
[16:49:50.006] [SEVERE ] removing card from slot 11
[16:49:50.022] [SEVERE ] removing card from slot 1
[16:49:50.038] [SEVERE ] removing player 1 token from slot 3
[16:49:50.038] [SEVERE ] removing card from slot 3
[16:49:50.049] [SEVERE ] removing card from slot 5
[16:49:50.065] [SEVERE ] removing card from slot 7
[16:49:50.081] [SEVERE ] removing card from slot 9
[16:49:50.097] [SEVERE ] removing card from slot 10
[16:49:50.113] [SEVERE ] removing card from slot 8
[16:49:50.129] [SEVERE ] removing card from slot 4
[16:49:50.145] [SEVERE ] removing player 1 token from slot 2
[16:49:50.145] [SEVERE ] removing card from slot 2
[16:49:50.157] [SEVERE ] removing card from slot 6
[16:49:50.212] [SEVERE ] placing card 35 in slot 3
[16:49:50.228] [SEVERE ] placing card 17 in slot 5
[16:49:50.245] [SEVERE ] placing card 3 in slot 0
[16:49:50.261] [SEVERE ] placing card 79 in slot 11
[16:49:50.277] [SEVERE ] placing card 54 in slot 7
[16:49:50.293] [SEVERE ] placing card 34 in slot 8
[16:49:50.309] [SEVERE ] placing card 19 in slot 1
[16:49:50.325] [SEVERE ] placing card 21 in slot 2
[16:49:50.341] [SEVERE ] placing card 58 in slot 10
[16:49:50.357] [SEVERE ] placing card 5 in slot 4
[16:49:50.374] [SEVERE ] placing card 71 in slot 6
[16:49:50.390] [SEVERE ] placing card 42 in slot 9
[16:49:50.390] [SEVERE ] updating countdown to 100
[16:49:50.390] [SEVERE ] updating countdown to 100
[16:49:50.980] [SEVERE ] setting player 1 freeze to 0
[16:49:50.980] [SEVERE ] player 1 placing token on slot 10
[16:49:50.980] [SEVERE ] player 1 placing token on slot 2
[16:49:50.980] [SEVERE ] player 1 placing token on slot 7
[16:49:50.980] [SEVERE ] setting player 1 freeze to 4
[16:49:51.423] [SEVERE ] removing card from slot 5
[16:49:51.439] [SEVERE ] removing card from slot 11
[16:49:51.455] [SEVERE ] removing card from slot 1
[16:49:51.471] [SEVERE ] removing card from slot 6
[16:49:51.488] [SEVERE ] removing card from slot 4
[16:49:51.501] [SEVERE ] removing player 1 token from slot 2
[16:49:51.501] [SEVERE ] removing card from slot 2
[16:49:51.517] [SEVERE ] removing card from slot 0
[16:49:51.533] [SEVERE ] removing card from slot 3
[16:49:51.549] [SEVERE ] removing player 1 token from slot 7
[16:49:51.549] [SEVERE ] removing card from slot 7
[16:49:51.566] [SEVERE ] removing card from slot 9
[16:49:51.582] [SEVERE ] removing player 1 token from slot 10
[16:49:51.582] [SEVERE ] removing card from slot 10
[16:49:51.598] [SEVERE ] removing card from slot 8
[16:49:51.614] [SEVERE ] placing card 16 in slot 9
[16:49:51.627] [SEVERE ] placing card 70 in slot 4
[16:49:51.639] [SEVERE ] placing card 72 in slot 7
[16:49:51.655] [SEVERE ] placing card 64 in slot 1
[16:49:51.671] [SEVERE ] placing card 13 in slot 10
[16:49:51.688] [SEVERE ] placing card 76 in slot 2
[16:49:51.704] [SEVERE ] placing card 31 in slot 5
[16:49:51.716] [SEVERE ] placing card 8 in slot 0
[16:49:51.728] [SEVERE ] placing card 57 in slot 6
[16:49:51.745] [SEVERE ] placing card 79 in slot 3
[16:49:51.757] [SEVERE ] placing card 48 in slot 11
[16:49:51.773] [SEVERE ] placing card 54 in slot 8
[16:49:51.773] [SEVERE ] updating countdown to 100
[16:49:51.773] [SEVERE ] updating countdown to 100
[16:49:51.985] [SEVERE ] setting player 1 freeze to 0
[16:49:51.985] [SEVERE ] player 1 placing token on slot 0
[16:49:51.985] [SEVERE ] player 1 placing token on slot 1
[16:49:51.985] [SEVERE ] player 1 placing token on slot 11
[16:49:52.001] [SEVERE ] removing player 1 token from slot 0
[16:49:52.001] [SEVERE ] removing card from slot 0
[16:49:52.017] [SEVERE ] removing player 1 token from slot 1
[16:49:52.017] [SEVERE ] removing card from slot 1
[16:49:52.033] [SEVERE ] removing player 1 token from slot 11
[16:49:52.033] [SEVERE ] removing card from slot 11
[16:49:52.033] [SEVERE ] setting player 1 freeze to 2
[16:49:52.037] [SEVERE ] setting player 1 freeze to 0
[16:49:52.037] [SEVERE ] setting player 1 score to 2
[16:49:52.049] [SEVERE ] placing card 3 in slot 0
[16:49:52.065] [SEVERE ] placing card 6 in slot 11
[16:49:52.077] [SEVERE ] placing card 61 in slot 1
[16:49:52.077] [SEVERE ] updating countdown to 100
[16:49:52.077] [SEVERE ] player 2 placing token on slot 1
[16:49:52.077] [SEVERE ] player 2 placing token on slot 2
[16:49:52.077] [SEVERE ] player 2 placing token on slot 9
[16:49:52.077] [SEVERE ] setting player 2 freeze to 4
[16:49:52.077] [SEVERE ] player 1 placing token on slot 11
[16:49:52.077] [SEVERE ] player 1 placing token on slot 0
[16:49:52.077] [SEVERE ] player 1 placing token on slot 1
[16:49:52.077] [SEVERE ] setting player 1 freeze to 4
[16:49:52.827] [SEVERE ] removing card from slot 8
[16:49:52.842] [SEVERE ] removing card from slot 5
[16:49:52.855] [SEVERE ] removing player 2 token from slot 9
[16:49:52.855] [SEVERE ] removing card from slot 9
[16:49:52.872] [SEVERE ] removing card from slot 6
[16:49:52.884] [SEVERE ] removing player 1 token from slot 1
[16:49:52.884] [SEVERE ] removing player 2 token from slot 1
[16:49:52.884] [SEVERE ] removing card from slot 1
[16:49:52.900] [SEVERE ] removing card from slot 3
[16:49:52.914] [SEVERE ] removing player 2 token from slot 2
[16:49:52.914] [SEVERE ] removing card from slot 2
[16:49:52.926] [SEVERE ] removing player 1 token from slot 11
[16:49:52.926] [SEVERE ] removing card from slot 11
[16:49:52.939] [SEVERE ] removing card from slot 4
[16:49:52.955] [SEVERE ] removing card from slot 7
[16:49:52.970] [SEVERE ] removing card from slot 10
[16:49:52.987] [SEVERE ] removing player 1 token from slot 0
[16:49:52.987] [SEVERE ] removing card from slot 0
[16:49:53.003] [SEVERE ] placing card 21 in slot 7
[16:49:53.020] [SEVERE ] placing card 71 in slot 1
[16:49:53.033] [SEVERE ] placing card 77 in slot 3
[16:49:53.049] [SEVERE ] placing card 4 in slot 2
[16:49:53.065] [SEVERE ] placing card 47 in slot 8
[16:49:53.081] [SEVERE ] placing card 28 in slot 10
[16:49:53.081] [SEVERE ] setting player 2 freeze to 0
[16:49:53.081] [SEVERE ] setting player 1 freeze to 0
[16:49:53.097] [SEVERE ] placing card 27 in slot 6
[16:49:53.113] [SEVERE ] placing card 39 in slot 11
[16:49:53.125] [SEVERE ] placing card 3 in slot 5
[16:49:53.138] [SEVERE ] placing card 23 in slot 9
[16:49:53.154] [SEVERE ] placing card 37 in slot 0
[16:49:53.170] [SEVERE ] placing card 15 in slot 4
[16:49:53.170] [SEVERE ] updating countdown to 100
[16:49:53.170] [SEVERE ] player 2 placing token on slot 7
[16:49:53.170] [SEVERE ] player 2 placing token on slot 0
[16:49:53.170] [SEVERE ] player 2 placing token on slot 2
[16:49:53.170] [SEVERE ] setting player 2 freeze to 4
[16:49:53.170] [SEVERE ] updating countdown to 100
[16:49:54.175] [SEVERE ] setting player 2 freeze to 0
[16:49:54.175] [SEVERE ] removing player 2 token from slot 2
[16:49:54.175] [SEVERE ] player 2 placing token on slot 9
[16:49:54.175] [SEVERE ] setting player 2 freeze to 4
[16:49:54.191] [SEVERE ] removing player 2 token from slot 7
[16:49:54.191] [SEVERE ] removing card from slot 7
[16:49:54.208] [SEVERE ] removing player 2 token from slot 0
[16:49:54.208] [SEVERE ] removing card from slot 0
[16:49:54.221] [SEVERE ] removing card from slot 10
[16:49:54.237] [SEVERE ] removing card from slot 2
[16:49:54.252] [SEVERE ] removing player 2 token from slot 9
[16:49:54.287] [SEVERE ] removing card from slot 9
[16:49:54.299] [SEVERE ] removing card from slot 5
[16:49:54.315] [SEVERE ] removing card from slot 11
[16:49:54.331] [SEVERE ] removing card from slot 3
[16:49:54.344] [SEVERE ] removing card from slot 8
[16:49:54.360] [SEVERE ] removing card from slot 6
[16:49:54.377] [SEVERE ] removing card from slot 1
[16:49:54.393] [SEVERE ] removing card from slot 4
[16:49:54.409] [SEVERE ] placing card 75 in slot 8
[16:49:54.426] [SEVERE ] placing card 1 in slot 2
[16:49:54.442] [SEVERE ] placing card 51 in slot 0
[16:49:54.458] [SEVERE ] placing card 78 in slot 7
[16:49:54.470] [SEVERE ] placing card 57 in slot 1
[16:49:54.482] [SEVERE ] placing card 27 in slot 6
[16:49:54.499] [SEVERE ] placing card 71 in slot 10
[16:49:54.515] [SEVERE ] placing card 32 in slot 4
[16:49:54.531] [SEVERE ] placing card 5 in slot 9
[16:49:54.547] [SEVERE ] placing card 20 in slot 11
[16:49:54.559] [SEVERE ] placing card 73 in slot 5
[16:49:54.571] [SEVERE ] placing card 29 in slot 3
[16:49:54.571] [SEVERE ] updating countdown to 100
[16:49:54.571] [SEVERE ] updating countdown to 100
[16:49:55.183] [SEVERE ] setting player 2 freeze to 0
[16:49:55.183] [SEVERE ] player 2 placing token on slot 4
[16:49:55.184] [SEVERE ] player 2 placing token on slot 6
[16:49:55.184] [SEVERE ] player 2 placing token on slot 5
[16:49:55.184] [SEVERE ] setting player 2 freeze to 4
[16:49:55.630] [SEVERE ] removing card from slot 7
[16:49:55.660] [SEVERE ] removing player 2 token from slot 5
[16:49:55.660] [SEVERE ] removing card from slot 5
[16:49:55.676] [SEVERE ] removing card from slot 9
[16:49:55.688] [SEVERE ] removing card from slot 8
[16:49:55.704] [SEVERE ] removing player 2 token from slot 6
[16:49:55.704] [SEVERE ] removing card from slot 6
[16:49:55.720] [SEVERE ] removing card from slot 3
[16:49:55.736] [SEVERE ] removing card from slot 10
[16:49:55.752] [SEVERE ] removing card from slot 11
[16:49:55.768] [SEVERE ] removing card from slot 2
[16:49:55.781] [SEVERE ] removing card from slot 1
[16:49:55.793] [SEVERE ] removing card from slot 0
[16:49:55.809] [SEVERE ] removing player 2 token from slot 4
[16:49:55.809] [SEVERE ] removing card from slot 4
[16:49:55.825] [SEVERE ] placing card 22 in slot 3
[16:49:55.842] [SEVERE ] placing card 59 in slot 0
[16:49:55.858] [SEVERE ] placing card 75 in slot 11
[16:49:55.873] [SEVERE ] placing card 6 in slot 9
[16:49:55.890] [SEVERE ] placing card 13 in slot 7
[16:49:55.902] [SEVERE ] placing card 35 in slot 2
[16:49:55.918] [SEVERE ] placing card 78 in slot 5
[16:49:55.932] [SEVERE ] placing card 16 in slot 1
[16:49:55.948] [SEVERE ] placing card 67 in slot 6
[16:49:55.961] [SEVERE ] placing card 38 in slot 10
[16:49:55.976] [SEVERE ] placing card 50 in slot 8
[16:49:55.992] [SEVERE ] placing card 26 in slot 4
[16:49:55.992] [SEVERE ] updating countdown to 100
[16:49:55.992] [SEVERE ] updating countdown to 100
[16:49:56.190] [SEVERE ] setting player 2 freeze to 0
[16:49:56.190] [SEVERE ] player 2 placing token on slot 4
[16:49:56.190] [SEVERE ] player 2 placing token on slot 1
[16:49:56.190] [SEVERE ] player 2 placing token on slot 8
[16:49:56.190] [SEVERE ] setting player 2 freeze to 4
[16:49:56.190] [SEVERE ] player 1 placing token on slot 3
[16:49:56.190] [SEVERE ] player 1 placing token on slot 1
[16:49:56.190] [SEVERE ] player 1 placing token on slot 2
[16:49:56.190] [SEVERE ] setting player 1 freeze to 4
[16:49:57.073] [SEVERE ] removing player 1 token from slot 1
[16:49:57.073] [SEVERE ] removing player 2 token from slot 1
[16:49:57.073] [SEVERE ] removing card from slot 1
[16:49:57.089] [SEVERE ] removing player 1 token from slot 2
[16:49:57.089] [SEVERE ] removing card from slot 2
[16:49:57.105] [SEVERE ] removing card from slot 6
[16:49:57.118] [SEVERE ] removing card from slot 11
[16:49:57.130] [SEVERE ] removing card from slot 5
[16:49:57.146] [SEVERE ] removing player 2 token from slot 4
[16:49:57.146] [SEVERE ] removing card from slot 4
[16:49:57.163] [SEVERE ] removing player 2 token from slot 8
[16:49:57.163] [SEVERE ] removing card from slot 8
[16:49:57.179] [SEVERE ] removing card from slot 7
[16:49:57.192] [SEVERE ] removing card from slot 9
[16:49:57.192] [SEVERE ] setting player 2 freeze to 0
[16:49:57.192] [SEVERE ] setting player 1 freeze to 0
[16:49:57.208] [SEVERE ] removing card from slot 0
[16:49:57.224] [SEVERE ] removing player 1 token from slot 3
[16:49:57.224] [SEVERE ] removing card from slot 3
[16:49:57.240] [SEVERE ] removing card from slot 10
[16:49:57.252] [SEVERE ] placing card 6 in slot 3
[16:49:57.264] [SEVERE ] placing card 24 in slot 8
[16:49:57.276] [SEVERE ] placing card 5 in slot 6
[16:49:57.288] [SEVERE ] placing card 38 in slot 1
[16:49:57.304] [SEVERE ] placing card 79 in slot 7
[16:49:57.320] [SEVERE ] placing card 60 in slot 5
[16:49:57.332] [SEVERE ] placing card 70 in slot 0
[16:49:57.344] [SEVERE ] placing card 56 in slot 10
[16:49:57.356] [SEVERE ] placing card 67 in slot 4
[16:49:57.372] [SEVERE ] placing card 68 in slot 2
[16:49:57.384] [SEVERE ] placing card 37 in slot 9
[16:49:57.400] [SEVERE ] placing card 63 in slot 11
[16:49:57.400] [SEVERE ] updating countdown to 100
[16:49:57.400] [SEVERE ] player 2 placing token on slot 5
[16:49:57.400] [SEVERE ] player 2 placing token on slot 4
[16:49:57.400] [SEVERE ] player 2 placing token on slot 8
[16:49:57.400] [SEVERE ] setting player 2 freeze to 4
[16:49:57.400] [SEVERE ] updating countdown to 100
[16:49:57.400] [SEVERE ] player 1 placing token on slot 1
[16:49:57.400] [SEVERE ] player 1 placing token on slot 7
[16:49:57.400] [SEVERE ] player 1 placing token on slot 3
[16:49:57.400] [SEVERE ] setting player 1 freeze to 4
[16:49:58.415] [SEVERE ] setting player 1 freeze to 0
[16:49:58.415] [SEVERE ] setting player 2 freeze to 0
[16:49:58.416] [SEVERE ] removing player 1 token from slot 1
[16:49:58.416] [SEVERE ] player 1 placing token on slot 11
[16:49:58.416] [SEVERE ] setting player 1 freeze to 4
[16:49:58.431] [SEVERE ] removing card from slot 6
[16:49:58.447] [SEVERE ] removing card from slot 1
[16:49:58.461] [SEVERE ] removing card from slot 2
[16:49:58.473] [SEVERE ] removing player 1 token from slot 3
[16:49:58.473] [SEVERE ] removing card from slot 3
[16:49:58.490] [SEVERE ] removing player 2 token from slot 8
[16:49:58.490] [SEVERE ] removing card from slot 8
[16:49:58.506] [SEVERE ] removing card from slot 9
[16:49:58.522] [SEVERE ] removing player 2 token from slot 5
[16:49:58.522] [SEVERE ] removing card from slot 5
[16:49:58.538] [SEVERE ] removing player 1 token from slot 7
[16:49:58.538] [SEVERE ] removing card from slot 7
[16:49:58.551] [SEVERE ] removing player 2 token from slot 4
[16:49:58.551] [SEVERE ] removing card from slot 4
[16:49:58.563] [SEVERE ] removing card from slot 10
[16:49:58.576] [SEVERE ] removing card from slot 0
[16:49:58.592] [SEVERE ] removing player 1 token from slot 11
[16:49:58.592] [SEVERE ] removing card from slot 11
[16:49:58.607] [SEVERE ] placing card 54 in slot 8
[16:49:58.624] [SEVERE ] placing card 5 in slot 11
[16:49:58.637] [SEVERE ] placing card 75 in slot 9
[16:49:58.652] [SEVERE ] placing card 16 in slot 5
[16:49:58.668] [SEVERE ] placing card 61 in slot 2
[16:49:58.684] [SEVERE ] placing card 18 in slot 10
[16:49:58.697] [SEVERE ] placing card 11 in slot 1
[16:49:58.713] [SEVERE ] placing card 56 in slot 7
[16:49:58.730] [SEVERE ] placing card 58 in slot 3
[16:49:58.759] [SEVERE ] placing card 45 in slot 4
[16:49:58.775] [SEVERE ] placing card 55 in slot 6
[16:49:58.787] [SEVERE ] placing card 52 in slot 0
[16:49:58.787] [SEVERE ] updating countdown to 100
[16:49:58.787] [SEVERE ] updating countdown to 100
[16:49:59.429] [SEVERE ] setting player 1 freeze to 0
[16:49:59.430] [SEVERE ] player 1 placing token on slot 0
[16:49:59.430] [SEVERE ] player 1 placing token on slot 6
[16:49:59.430] [SEVERE ] player 1 placing token on slot 4
[16:49:59.430] [SEVERE ] setting player 1 freeze to 4
[16:49:59.886] [SEVERE ] removing card from slot 5
[16:49:59.898] [SEVERE ] removing card from slot 3
[16:49:59.915] [SEVERE ] removing card from slot 1
[16:49:59.931] [SEVERE ] removing player 1 token from slot 0
[16:49:59.931] [SEVERE ] removing card from slot 0
[16:49:59.943] [SEVERE ] removing card from slot 8
[16:49:59.959] [SEVERE ] removing card from slot 2
[16:49:59.975] [SEVERE ] removing card from slot 11
[16:49:59.987] [SEVERE ] removing player 1 token from slot 4
[16:49:59.987] [SEVERE ] removing card from slot 4
[16:50:00.000] [SEVERE ] removing player 1 token from slot 6
[16:50:00.000] [SEVERE ] removing card from slot 6
[16:50:00.012] [SEVERE ] removing card from slot 7
[16:50:00.025] [SEVERE ] removing card from slot 9
[16:50:00.041] [SEVERE ] removing card from slot 10
[16:50:00.053] [SEVERE ] placing card 58 in slot 9
[16:50:00.065] [SEVERE ] placing card 19 in slot 0
[16:50:00.081] [SEVERE ] placing card 74 in slot 6
[16:50:00.097] [SEVERE ] placing card 63 in slot 7
[16:50:00.113] [SEVERE ] placing card 1 in slot 2
[16:50:00.129] [SEVERE ] placing card 43 in slot 8
[16:50:00.145] [SEVERE ] placing card 23 in slot 4
[16:50:00.161] [SEVERE ] placing card 49 in slot 5
[16:50:00.177] [SEVERE ] placing card 5 in slot 3
[16:50:00.193] [SEVERE ] placing card 7 in slot 10
[16:50:00.205] [SEVERE ] placing card 60 in slot 1
[16:50:00.221] [SEVERE ] placing card 78 in slot 11
[16:50:00.221] [SEVERE ] updating countdown to 100
[16:50:00.221] [SEVERE ] updating countdown to 100
[16:50:00.433] [SEVERE ] setting player 1 freeze to 0
[16:50:00.433] [SEVERE ] player 1 placing token on slot 9
[16:50:00.433] [SEVERE ] player 1 placing token on slot 0
[16:50:00.433] [SEVERE ] player 1 placing token on slot 7
[16:50:00.433] [SEVERE ] setting player 1 freeze to 4
[16:50:01.310] [SEVERE ] removing card from slot 5
[16:50:01.322] [SEVERE ] removing card from slot 2
[16:50:01.338] [SEVERE ] removing card from slot 6
[16:50:01.354] [SEVERE ] removing card from slot 10
[16:50:01.370] [SEVERE ] removing card from slot 3
[16:50:01.386] [SEVERE ] removing card from slot 8
[16:50:01.402] [SEVERE ] removing card from slot 1
[16:50:01.418] [SEVERE ] removing card from slot 11
[16:50:01.430] [SEVERE ] removing player 1 token from slot 0
[16:50:01.430] [SEVERE ] removing card from slot 0
[16:50:01.442] [SEVERE ] removing player 1 token from slot 7
[16:50:01.442] [SEVERE ] setting player 1 freeze to 0
[16:50:01.442] [SEVERE ] removing card from slot 7
[16:50:01.459] [SEVERE ] removing card from slot 4
[16:50:01.475] [SEVERE ] removing player 1 token from slot 9
[16:50:01.475] [SEVERE ] removing card from slot 9
[16:50:01.492] [SEVERE ] placing card 67 in slot 1
[16:50:01.504] [SEVERE ] placing card 58 in slot 11
[16:50:01.520] [SEVERE ] placing card 60 in slot 10
[16:50:01.532] [SEVERE ] placing card 23 in slot 5
[16:50:01.545] [SEVERE ] placing card 54 in slot 2
[16:50:01.562] [SEVERE ] placing card 3 in slot 3
[16:50:01.579] [SEVERE ] placing card 57 in slot 8
[16:50:01.594] [SEVERE ] placing card 17 in slot 9
[16:50:01.608] [SEVERE ] placing card 11 in slot 6
[16:50:01.624] [SEVERE ] placing card 75 in slot 0
[16:50:01.637] [SEVERE ] placing card 73 in slot 7
[16:50:01.649] [SEVERE ] placing card 52 in slot 4
[16:50:01.649] [SEVERE ] updating countdown to 100
[16:50:01.649] [SEVERE ] player 1 placing token on slot 11
[16:50:01.649] [SEVERE ] player 1 placing token on slot 4
[16:50:01.649] [SEVERE ] player 1 placing token on slot 2
[16:50:01.649] [SEVERE ] updating countdown to 100
[16:50:01.649] [SEVERE ] setting player 1 freeze to 4
[16:50:01.649] [SEVERE ] player 2 placing token on slot 6
[16:50:01.649] [SEVERE ] player 2 placing token on slot 1
[16:50:01.649] [SEVERE ] player 2 placing token on slot 0
[16:50:01.649] [SEVERE ] setting player 2 freeze to 4
[16:50:02.659] [SEVERE ] setting player 1 freeze to 0
[16:50:02.659] [SEVERE ] setting player 2 freeze to 0
[16:50:02.659] [SEVERE ] removing player 1 token from slot 2
[16:50:02.659] [SEVERE ] player 1 placing token on slot 7
[16:50:02.659] [SEVERE ] setting player 1 freeze to 4
[16:50:02.675] [SEVERE ] removing player 2 token from slot 1
[16:50:02.675] [SEVERE ] removing card from slot 1
[16:50:02.691] [SEVERE ] removing card from slot 10
[16:50:02.708] [SEVERE ] removing card from slot 9
[16:50:02.725] [SEVERE ] removing player 1 token from slot 11
[16:50:02.725] [SEVERE ] removing card from slot 11
[16:50:02.741] [SEVERE ] removing card from slot 8
[16:50:02.753] [SEVERE ] removing player 1 token from slot 7
[16:50:02.753] [SEVERE ] removing card from slot 7
[16:50:02.769] [SEVERE ] removing player 2 token from slot 6
[16:50:02.769] [SEVERE ] removing card from slot 6
[16:50:02.781] [SEVERE ] removing card from slot 2
[16:50:02.793] [SEVERE ] removing card from slot 3
[16:50:02.809] [SEVERE ] removing player 1 token from slot 4
[16:50:02.809] [SEVERE ] removing card from slot 4
[16:50:02.823] [SEVERE ] removing player 2 token from slot 0
[16:50:02.823] [SEVERE ] removing card from slot 0
[16:50:02.839] [SEVERE ] removing card from slot 5
[16:50:02.856] [SEVERE ] placing card 18 in slot 9
[16:50:02.868] [SEVERE ] placing card 36 in slot 4
[16:50:02.884] [SEVERE ] placing card 15 in slot 2
[16:50:02.897] [SEVERE ] placing card 32 in slot 5
[16:50:02.913] [SEVERE ] placing card 73 in slot 0
[16:50:02.930] [SEVERE ] placing card 4 in slot 11
[16:50:02.942] [SEVERE ] placing card 52 in slot 6
[16:50:02.959] [SEVERE ] placing card 0 in slot 1
[16:50:02.975] [SEVERE ] placing card 53 in slot 10
[16:50:02.991] [SEVERE ] placing card 79 in slot 7
[16:50:03.007] [SEVERE ] placing card 23 in slot 8
[16:50:03.023] [SEVERE ] placing card 13 in slot 3
[16:50:03.023] [SEVERE ] updating countdown to 100
[16:50:03.023] [SEVERE ] updating countdown to 100
[16:50:03.674] [SEVERE ] setting player 1 freeze to 0
[16:50:03.674] [SEVERE ] player 1 placing token on slot 1
[16:50:03.674] [SEVERE ] player 1 placing token on slot 4
[16:50:03.674] [SEVERE ] player 1 placing token on slot 7
[16:50:03.674] [SEVERE ] setting player 1 freeze to 4
[16:50:03.674] [SEVERE ] player 2 placing token on slot 7
[16:50:03.674] [SEVERE ] player 2 placing token on slot 8
[16:50:03.674] [SEVERE ] player 2 placing token on slot 5
[16:50:03.674] [SEVERE ] setting player 2 freeze to 4
[16:50:03.925] [SEVERE ] exit button pressed
[16:50:03.939] [SEVERE ] removing card from slot 2
[16:50:03.952] [SEVERE ] removing card from slot 11
[16:50:03.968] [SEVERE ] removing card from slot 3
[16:50:03.985] [SEVERE ] removing player 1 token from slot 7
[16:50:03.985] [SEVERE ] removing player 2 token from slot 7
[16:50:03.985] [SEVERE ] removing card from slot 7
[16:50:04.001] [SEVERE ] removing card from slot 0
[16:50:04.018] [SEVERE ] removing player 2 token from slot 5
[16:50:04.018] [SEVERE ] removing card from slot 5
[16:50:04.030] [SEVERE ] removing card from slot 9
[16:50:04.045] [SEVERE ] removing player 2 token from slot 8
[16:50:04.046] [SEVERE ] removing card from slot 8
[16:50:04.061] [SEVERE ] removing player 1 token from slot 4
[16:50:04.061] [SEVERE ] removing card from slot 4
[16:50:04.075] [SEVERE ] removing card from slot 10
[16:50:04.088] [SEVERE ] removing card from slot 6
[16:50:04.100] [SEVERE ] removing player 1 token from slot 1
[16:50:04.100] [SEVERE ] removing card from slot 1
[16:50:04.100] [SEVERE ] announcing winner(s): player 1
[16:50:04.104] [INFO   ] Thread dealer terminated.
[16:50:04.104] [INFO   ] thread dealer terminated.
[16:50:04.104] [SEVERE ] thanks for playing... it was fun!
[16:50:04.104] [INFO   ] thread main terminated.
