[02:24:53.449] [INFO   ] thread main starting.
[02:24:53.465] [SEVERE ] cannot read configuration file config.properties trying from resources.
[02:24:53.483] [SEVERE ] configuration file was loaded from resources directory.
[02:24:54.251] [INFO   ] thread dealer starting.
[02:24:54.251] [INFO   ] Thread dealer starting.
[02:24:54.251] [INFO   ] Thread player1starting.
[02:24:54.251] [INFO   ] Thread player0starting.
[02:24:54.267] [SEVERE ] placing card 43 in slot 4
[02:24:54.267] [SEVERE ] placing card 31 in slot 10
[02:24:54.272] [SEVERE ] placing card 12 in slot 9
[02:24:54.272] [SEVERE ] placing card 71 in slot 11
[02:24:54.288] [SEVERE ] placing card 29 in slot 5
[02:24:54.288] [SEVERE ] placing card 78 in slot 2
[02:24:54.288] [SEVERE ] placing card 23 in slot 3
[02:24:54.288] [SEVERE ] placing card 64 in slot 6
[02:24:54.288] [SEVERE ] placing card 39 in slot 1
[02:24:54.288] [SEVERE ] placing card 14 in slot 8
[02:24:54.299] [SEVERE ] placing card 69 in slot 0
[02:24:54.299] [SEVERE ] placing card 56 in slot 7
[02:24:54.299] [SEVERE ] updating countdown to 30000
[02:24:54.308] [SEVERE ] updating countdown to 30000
[02:24:55.315] [SEVERE ] updating countdown to 29000
[02:24:56.319] [SEVERE ] updating countdown to 28000
[02:24:57.333] [SEVERE ] updating countdown to 27000
[02:24:58.340] [SEVERE ] updating countdown to 26000
[02:24:59.348] [SEVERE ] updating countdown to 25000
[02:25:00.355] [SEVERE ] updating countdown to 24000
[02:25:01.369] [SEVERE ] updating countdown to 23000
[02:25:02.375] [SEVERE ] updating countdown to 22000
[02:25:03.375] [SEVERE ] updating countdown to 21000
[02:25:03.469] [SEVERE ] key 80 was pressed by player 2
[02:25:03.469] [SEVERE ] player 2 placing token on slot 3
[02:25:03.597] [SEVERE ] key 69 was pressed by player 1
[02:25:03.597] [SEVERE ] player 1 placing token on slot 2
[02:25:04.388] [SEVERE ] updating countdown to 20000
[02:25:04.626] [SEVERE ] key 69 was pressed by player 1
[02:25:04.626] [SEVERE ] removing player 1 token from slot 2
[02:25:05.191] [SEVERE ] key 82 was pressed by player 1
[02:25:05.191] [SEVERE ] player 1 placing token on slot 3
[02:25:05.394] [SEVERE ] updating countdown to 19000
[02:25:06.406] [SEVERE ] updating countdown to 18000
[02:25:07.023] [SEVERE ] key 83 was pressed by player 1
[02:25:07.023] [SEVERE ] player 1 placing token on slot 5
[02:25:07.053] [SEVERE ] key 75 was pressed by player 2
[02:25:07.053] [SEVERE ] player 2 placing token on slot 5
[02:25:07.418] [SEVERE ] updating countdown to 17000
[02:25:08.429] [SEVERE ] updating countdown to 16000
[02:25:09.438] [SEVERE ] updating countdown to 15000
[02:25:09.607] [SEVERE ] key 67 was pressed by player 1
[02:25:09.607] [SEVERE ] player 1 placing token on slot 10
[02:25:09.607] [SEVERE ] setting player 1 freeze to 3000
[02:25:09.623] [SEVERE ] key 46 was pressed by player 2
[02:25:09.623] [SEVERE ] player 2 placing token on slot 10
[02:25:09.633] [SEVERE ] setting player 2 freeze to 3000
[02:25:10.442] [SEVERE ] updating countdown to 14000
[02:25:10.615] [SEVERE ] setting player 1 freeze to 2000
[02:25:10.647] [SEVERE ] setting player 2 freeze to 2000
[02:25:11.455] [SEVERE ] updating countdown to 13000
[02:25:11.628] [SEVERE ] setting player 1 freeze to 1000
[02:25:11.660] [SEVERE ] setting player 2 freeze to 1000
[02:25:12.461] [SEVERE ] updating countdown to 12000
[02:25:12.631] [SEVERE ] setting player 1 freeze to 0
[02:25:12.663] [SEVERE ] setting player 2 freeze to 0
[02:25:13.462] [SEVERE ] updating countdown to 11000
[02:25:14.471] [SEVERE ] updating countdown to 10000
[02:25:15.479] [SEVERE ] updating countdown to 9000
[02:25:16.486] [SEVERE ] updating countdown to 8000
[02:25:17.494] [SEVERE ] updating countdown to 7000
[02:25:18.505] [SEVERE ] updating countdown to 6000
[02:25:19.517] [SEVERE ] updating countdown to 5000
[02:25:19.527] [SEVERE ] updating countdown to 5000
[02:25:20.399] [SEVERE ] key 67 was pressed by player 1
[02:25:20.399] [SEVERE ] removing player 1 token from slot 10
[02:25:20.408] [SEVERE ] key 46 was pressed by player 2
[02:25:20.408] [SEVERE ] removing player 2 token from slot 10
[02:25:20.967] [SEVERE ] key 86 was pressed by player 1
[02:25:20.967] [SEVERE ] player 1 placing token on slot 11
[02:25:20.967] [SEVERE ] removing player 1 token from slot 3
[02:25:20.967] [SEVERE ] removing player 2 token from slot 3
[02:25:20.967] [SEVERE ] removing card from slot 3
[02:25:20.967] [SEVERE ] removing player 1 token from slot 5
[02:25:20.974] [SEVERE ] removing player 2 token from slot 5
[02:25:20.974] [SEVERE ] removing card from slot 5
[02:25:20.974] [SEVERE ] removing player 1 token from slot 11
[02:25:20.974] [SEVERE ] removing card from slot 11
[02:25:20.974] [SEVERE ] setting player 1 freeze to 1000
[02:25:20.974] [SEVERE ] placing card 58 in slot 3
[02:25:20.974] [SEVERE ] placing card 5 in slot 5
[02:25:20.974] [SEVERE ] placing card 38 in slot 11
[02:25:20.974] [SEVERE ] updating countdown to 30000
[02:25:20.978] [SEVERE ] key 47 was pressed by player 2
[02:25:20.978] [SEVERE ] player 2 placing token on slot 11
[02:25:20.983] [SEVERE ] updating countdown to 29990
[02:25:21.977] [SEVERE ] setting player 1 freeze to 0
[02:25:21.977] [SEVERE ] setting player 1 score to 1
[02:25:21.993] [SEVERE ] updating countdown to 28990
[02:25:23.009] [SEVERE ] updating countdown to 27990
[02:25:24.014] [SEVERE ] updating countdown to 26990
[02:25:25.016] [SEVERE ] updating countdown to 25990
[02:25:26.019] [SEVERE ] updating countdown to 24990
[02:25:27.032] [SEVERE ] updating countdown to 23990
[02:25:27.996] [SEVERE ] key 47 was pressed by player 2
[02:25:27.996] [SEVERE ] removing player 2 token from slot 11
[02:25:28.044] [SEVERE ] updating countdown to 22990
[02:25:29.052] [SEVERE ] updating countdown to 21990
[02:25:30.066] [SEVERE ] updating countdown to 20990
[02:25:31.077] [SEVERE ] updating countdown to 19990
[02:25:32.089] [SEVERE ] updating countdown to 18990
[02:25:33.105] [SEVERE ] updating countdown to 17990
[02:25:34.110] [SEVERE ] updating countdown to 16990
[02:25:35.116] [SEVERE ] updating countdown to 15990
[02:25:35.464] [SEVERE ] exit button pressed
[02:25:35.464] [INFO   ] Thread player1 terminated.
[02:25:35.464] [INFO   ] Thread player0 terminated.
[02:25:35.464] [SEVERE ] removing card from slot 0
[02:25:35.464] [SEVERE ] removing card from slot 1
[02:25:35.464] [SEVERE ] removing card from slot 11
[02:25:35.464] [SEVERE ] removing card from slot 2
[02:25:35.464] [SEVERE ] removing card from slot 8
[02:25:35.464] [SEVERE ] removing card from slot 6
[02:25:35.464] [SEVERE ] removing card from slot 10
[02:25:35.464] [SEVERE ] removing card from slot 7
[02:25:35.464] [SEVERE ] removing card from slot 4
[02:25:35.464] [SEVERE ] removing card from slot 5
[02:25:35.464] [SEVERE ] removing card from slot 3
[02:25:35.464] [SEVERE ] removing card from slot 9
[02:25:35.464] [SEVERE ] announcing winner(s): player 1
[02:25:35.464] [INFO   ] Thread dealer terminated.
[02:25:35.464] [INFO   ] thread dealer terminated.
[02:25:35.464] [SEVERE ] thanks for playing... it was fun!
[02:25:35.464] [INFO   ] thread main terminated.
