[17:13:31.655] [INFO   ] thread main starting.
[17:13:31.672] [SEVERE ] cannot read configuration file config.properties trying from resources.
[17:13:31.672] [SEVERE ] configuration file was loaded from resources directory.
[17:13:32.416] [INFO   ] thread dealer starting.
[17:13:32.419] [INFO   ] Thread dealer starting.
[17:13:32.429] [INFO   ] Thread player1starting.
[17:13:32.429] [INFO   ] Thread player0starting.
[17:13:32.436] [SEVERE ] placing card 75 in slot 2
[17:13:32.436] [SEVERE ] placing card 65 in slot 11
[17:13:32.436] [SEVERE ] placing card 30 in slot 0
[17:13:32.436] [SEVERE ] placing card 0 in slot 10
[17:13:32.475] [SEVERE ] placing card 55 in slot 6
[17:13:32.475] [SEVERE ] placing card 38 in slot 8
[17:13:32.475] [SEVERE ] placing card 15 in slot 7
[17:13:32.475] [SEVERE ] placing card 40 in slot 1
[17:13:32.475] [SEVERE ] placing card 25 in slot 9
[17:13:32.475] [SEVERE ] placing card 19 in slot 5
[17:13:32.475] [SEVERE ] placing card 8 in slot 3
[17:13:32.482] [SEVERE ] placing card 16 in slot 4
[17:13:32.482] [SEVERE ] updating countdown to 10000
[17:13:32.482] [SEVERE ] updating countdown to 10000
[17:13:33.485] [SEVERE ] updating countdown to 9000
[17:13:34.499] [SEVERE ] updating countdown to 8000
[17:13:35.508] [SEVERE ] updating countdown to 7000
[17:13:36.511] [SEVERE ] updating countdown to 6000
[17:13:37.515] [SEVERE ] updating countdown to 5000
[17:13:37.517] [SEVERE ] updating countdown to 5000
[17:13:39.104] [SEVERE ] updating countdown to 4000
[17:13:39.586] [SEVERE ] exit button pressed
[17:13:39.586] [INFO   ] Thread player0 terminated.
[17:13:39.586] [INFO   ] Thread player1 terminated.
[17:13:39.595] [SEVERE ] removing card from slot 8
[17:13:39.595] [SEVERE ] removing card from slot 11
[17:13:39.595] [SEVERE ] removing card from slot 4
[17:13:39.595] [SEVERE ] removing card from slot 7
[17:13:39.595] [SEVERE ] removing card from slot 0
[17:13:39.595] [SEVERE ] removing card from slot 5
[17:13:39.595] [SEVERE ] removing card from slot 9
[17:13:39.595] [SEVERE ] removing card from slot 3
[17:13:39.595] [SEVERE ] removing card from slot 2
[17:13:39.595] [SEVERE ] removing card from slot 6
[17:13:39.595] [SEVERE ] removing card from slot 1
[17:13:39.595] [SEVERE ] removing card from slot 10
[17:13:39.600] [SEVERE ] announcing winner(s): player 1, player 2
[17:13:39.601] [INFO   ] Thread dealer terminated.
[17:13:39.601] [INFO   ] thread dealer terminated.
[17:13:39.601] [SEVERE ] thanks for playing... it was fun!
[17:13:39.601] [INFO   ] thread main terminated.
