[12:27:58.768] [INFO   ] thread main starting.
[12:27:58.773] [SEVERE ] cannot read configuration file config.properties trying from resources.
[12:27:58.776] [SEVERE ] configuration file was loaded from resources directory.
[12:27:59.315] [INFO   ] thread dealer starting.
[12:27:59.315] [INFO   ] Thread player1starting.
[12:27:59.315] [INFO   ] Thread player3starting.
[12:27:59.315] [INFO   ] Thread player2starting.
[12:27:59.315] [INFO   ] Thread dealer starting.
[12:27:59.315] [INFO   ] Thread player0starting.
[12:27:59.320] [INFO   ] Thread computer-2 starting.
[12:27:59.327] [INFO   ] Thread computer-3 starting.
[12:27:59.315] [INFO   ] Thread computer-1 starting.
[12:27:59.332] [INFO   ] Thread computer-0 starting.
[12:27:59.349] [SEVERE ] placing card 40 in slot 7
[12:27:59.393] [SEVERE ] placing card 21 in slot 1
[12:27:59.409] [SEVERE ] placing card 65 in slot 2
[12:27:59.425] [SEVERE ] placing card 46 in slot 5
[12:27:59.441] [SEVERE ] placing card 51 in slot 8
[12:27:59.457] [SEVERE ] placing card 67 in slot 6
[12:27:59.472] [SEVERE ] placing card 29 in slot 9
[12:27:59.488] [SEVERE ] placing card 6 in slot 4
[12:27:59.505] [SEVERE ] placing card 42 in slot 11
[12:27:59.522] [SEVERE ] placing card 70 in slot 0
[12:27:59.534] [SEVERE ] placing card 78 in slot 3
[12:27:59.547] [SEVERE ] placing card 32 in slot 10
[12:27:59.547] [SEVERE ] updating countdown to 100
[12:27:59.555] [SEVERE ] player 4 placing token on slot 0
[12:27:59.555] [SEVERE ] updating countdown to 110
[12:27:59.555] [SEVERE ] player 4 placing token on slot 2
[12:27:59.555] [SEVERE ] player 4 placing token on slot 4
[12:27:59.555] [SEVERE ] setting player 4 freeze to 4
[12:27:59.564] [SEVERE ] setting player 4 freeze to 0
[12:27:59.564] [SEVERE ] removing player 4 token from slot 2
[12:27:59.564] [SEVERE ] player 4 placing token on slot 10
[12:27:59.564] [SEVERE ] setting player 4 freeze to 4
[12:27:59.571] [SEVERE ] setting player 4 freeze to 0
[12:27:59.571] [SEVERE ] removing player 4 token from slot 4
[12:27:59.571] [SEVERE ] player 4 placing token on slot 11
[12:27:59.571] [SEVERE ] setting player 4 freeze to 4
[12:27:59.579] [SEVERE ] setting player 4 freeze to 0
[12:27:59.579] [SEVERE ] removing player 4 token from slot 0
[12:27:59.579] [SEVERE ] player 4 placing token on slot 5
[12:27:59.595] [SEVERE ] removing player 4 token from slot 5
[12:27:59.595] [SEVERE ] removing card from slot 5
[12:27:59.611] [SEVERE ] removing player 4 token from slot 10
[12:27:59.611] [SEVERE ] removing card from slot 10
[12:27:59.627] [SEVERE ] removing player 4 token from slot 11
[12:27:59.627] [SEVERE ] removing card from slot 11
[12:27:59.627] [SEVERE ] setting player 4 freeze to 2
[12:27:59.632] [SEVERE ] setting player 4 freeze to 0
[12:27:59.632] [SEVERE ] setting player 4 score to 1
[12:27:59.644] [SEVERE ] placing card 4 in slot 11
[12:27:59.660] [SEVERE ] placing card 2 in slot 10
[12:27:59.676] [SEVERE ] placing card 77 in slot 5
[12:27:59.676] [SEVERE ] updating countdown to 100
[12:27:59.676] [SEVERE ] player 4 placing token on slot 5
[12:27:59.676] [SEVERE ] player 4 placing token on slot 8
[12:27:59.676] [SEVERE ] player 4 placing token on slot 2
[12:27:59.680] [SEVERE ] setting player 4 freeze to 4
[12:27:59.680] [SEVERE ] player 2 placing token on slot 1
[12:27:59.682] [SEVERE ] player 2 placing token on slot 10
[12:27:59.682] [SEVERE ] player 2 placing token on slot 2
[12:27:59.685] [SEVERE ] setting player 4 freeze to 0
[12:27:59.685] [SEVERE ] setting player 2 freeze to 4
[12:27:59.692] [SEVERE ] setting player 2 freeze to 0
[12:27:59.692] [SEVERE ] removing player 2 token from slot 2
[12:27:59.692] [SEVERE ] player 2 placing token on slot 6
[12:27:59.693] [SEVERE ] setting player 2 freeze to 4
[12:27:59.700] [SEVERE ] setting player 2 freeze to 0
[12:27:59.700] [SEVERE ] removing player 2 token from slot 6
[12:27:59.700] [SEVERE ] player 2 placing token on slot 3
[12:27:59.704] [SEVERE ] setting player 2 freeze to 4
[12:27:59.709] [SEVERE ] setting player 2 freeze to 0
[12:27:59.709] [SEVERE ] player 1 placing token on slot 11
[12:27:59.709] [SEVERE ] player 1 placing token on slot 4
[12:27:59.709] [SEVERE ] player 1 placing token on slot 6
[12:27:59.709] [SEVERE ] setting player 1 freeze to 4
[12:27:59.719] [SEVERE ] setting player 1 freeze to 0
[12:27:59.719] [SEVERE ] removing player 1 token from slot 11
[12:27:59.719] [SEVERE ] removing player 1 token from slot 6
[12:27:59.719] [SEVERE ] player 1 placing token on slot 0
[12:27:59.719] [SEVERE ] player 1 placing token on slot 11
[12:27:59.719] [SEVERE ] setting player 1 freeze to 4
[12:27:59.722] [SEVERE ] player 3 placing token on slot 3
[12:27:59.722] [SEVERE ] player 3 placing token on slot 10
[12:27:59.722] [SEVERE ] player 3 placing token on slot 0
[12:27:59.722] [SEVERE ] setting player 3 freeze to 4
[12:27:59.726] [SEVERE ] setting player 1 freeze to 0
[12:27:59.729] [SEVERE ] setting player 3 freeze to 0
[12:27:59.729] [SEVERE ] removing player 1 token from slot 11
[12:27:59.729] [SEVERE ] player 1 placing token on slot 9
[12:27:59.729] [SEVERE ] setting player 1 freeze to 4
[12:27:59.736] [SEVERE ] setting player 1 freeze to 0
[12:27:59.736] [SEVERE ] removing player 1 token from slot 9
[12:27:59.736] [SEVERE ] player 1 placing token on slot 11
[12:27:59.736] [SEVERE ] setting player 1 freeze to 4
[12:27:59.742] [SEVERE ] setting player 1 freeze to 0
[12:27:59.742] [SEVERE ] removing player 1 token from slot 0
[12:27:59.742] [SEVERE ] removing player 1 token from slot 11
[12:27:59.742] [SEVERE ] player 1 placing token on slot 9
[12:27:59.742] [SEVERE ] player 1 placing token on slot 0
[12:27:59.742] [SEVERE ] setting player 1 freeze to 4
[12:27:59.748] [SEVERE ] setting player 1 freeze to 0
[12:27:59.748] [SEVERE ] removing player 1 token from slot 0
[12:27:59.748] [SEVERE ] player 1 placing token on slot 7
[12:27:59.748] [SEVERE ] setting player 1 freeze to 4
[12:27:59.755] [SEVERE ] setting player 1 freeze to 0
[12:27:59.755] [SEVERE ] removing player 1 token from slot 7
[12:27:59.755] [SEVERE ] player 1 placing token on slot 11
[12:27:59.755] [SEVERE ] setting player 1 freeze to 4
[12:27:59.765] [SEVERE ] setting player 1 freeze to 0
[12:27:59.765] [SEVERE ] removing player 4 token from slot 8
[12:27:59.765] [SEVERE ] player 4 placing token on slot 10
[12:27:59.765] [SEVERE ] setting player 4 freeze to 4
[12:27:59.770] [SEVERE ] setting player 4 freeze to 0
[12:27:59.770] [SEVERE ] removing player 3 token from slot 3
[12:27:59.770] [SEVERE ] player 3 placing token on slot 9
[12:27:59.770] [SEVERE ] setting player 3 freeze to 4
[12:27:59.777] [SEVERE ] setting player 3 freeze to 0
[12:27:59.777] [SEVERE ] removing player 3 token from slot 9
[12:27:59.777] [SEVERE ] removing player 3 token from slot 10
[12:27:59.777] [SEVERE ] player 3 placing token on slot 6
[12:27:59.777] [SEVERE ] player 3 placing token on slot 9
[12:27:59.777] [SEVERE ] setting player 3 freeze to 4
[12:27:59.784] [SEVERE ] setting player 3 freeze to 0
[12:27:59.784] [SEVERE ] removing player 3 token from slot 9
[12:27:59.784] [SEVERE ] removing player 3 token from slot 6
[12:27:59.784] [SEVERE ] player 3 placing token on slot 8
[12:27:59.784] [SEVERE ] player 3 placing token on slot 9
[12:27:59.784] [SEVERE ] setting player 3 freeze to 4
[12:27:59.791] [SEVERE ] setting player 3 freeze to 0
[12:27:59.791] [SEVERE ] removing player 3 token from slot 9
[12:27:59.791] [SEVERE ] player 3 placing token on slot 3
[12:27:59.791] [SEVERE ] setting player 3 freeze to 4
[12:27:59.797] [SEVERE ] setting player 3 freeze to 0
[12:27:59.797] [SEVERE ] removing player 3 token from slot 0
[12:27:59.797] [SEVERE ] player 3 placing token on slot 10
[12:27:59.797] [SEVERE ] setting player 3 freeze to 4
[12:27:59.803] [SEVERE ] setting player 3 freeze to 0
[12:27:59.803] [SEVERE ] removing player 3 token from slot 8
[12:27:59.803] [SEVERE ] player 3 placing token on slot 7
[12:27:59.828] [SEVERE ] removing player 2 token from slot 3
[12:27:59.828] [SEVERE ] removing player 3 token from slot 3
[12:27:59.828] [SEVERE ] removing card from slot 3
[12:27:59.840] [SEVERE ] removing player 3 token from slot 7
[12:27:59.840] [SEVERE ] removing card from slot 7
[12:27:59.857] [SEVERE ] removing player 2 token from slot 10
[12:27:59.857] [SEVERE ] removing player 3 token from slot 10
[12:27:59.857] [SEVERE ] removing player 4 token from slot 10
[12:27:59.857] [SEVERE ] removing card from slot 10
[12:27:59.857] [SEVERE ] setting player 3 freeze to 2
[12:27:59.865] [SEVERE ] setting player 3 freeze to 0
[12:27:59.865] [SEVERE ] setting player 3 score to 1
[12:27:59.869] [SEVERE ] placing card 15 in slot 7
[12:27:59.886] [SEVERE ] placing card 7 in slot 3
[12:27:59.902] [SEVERE ] placing card 14 in slot 10
[12:27:59.902] [SEVERE ] updating countdown to 100
[12:27:59.902] [SEVERE ] player 3 placing token on slot 5
[12:27:59.902] [SEVERE ] player 3 placing token on slot 10
[12:27:59.902] [SEVERE ] player 3 placing token on slot 0
[12:27:59.902] [SEVERE ] setting player 3 freeze to 4
[12:27:59.902] [SEVERE ] player 2 placing token on slot 2
[12:27:59.903] [SEVERE ] player 2 placing token on slot 5
[12:27:59.903] [SEVERE ] setting player 2 freeze to 4
[12:27:59.908] [SEVERE ] setting player 3 freeze to 0
[12:27:59.908] [SEVERE ] setting player 2 freeze to 0
[12:27:59.908] [SEVERE ] removing player 2 token from slot 5
[12:27:59.908] [SEVERE ] player 2 placing token on slot 6
[12:27:59.908] [SEVERE ] setting player 2 freeze to 4
[12:27:59.908] [SEVERE ] removing player 1 token from slot 9
[12:27:59.914] [SEVERE ] setting player 2 freeze to 0
[12:27:59.914] [SEVERE ] removing player 2 token from slot 6
[12:27:59.914] [SEVERE ] player 2 placing token on slot 9
[12:27:59.914] [SEVERE ] setting player 2 freeze to 4
[12:27:59.914] [SEVERE ] player 4 placing token on slot 10
[12:27:59.916] [SEVERE ] setting player 4 freeze to 4
[12:27:59.916] [SEVERE ] removing player 3 token from slot 0
[12:27:59.920] [SEVERE ] setting player 2 freeze to 0
[12:27:59.920] [SEVERE ] setting player 4 freeze to 0
[12:27:59.920] [SEVERE ] removing player 2 token from slot 9
[12:27:59.920] [SEVERE ] removing player 2 token from slot 2
[12:27:59.920] [SEVERE ] player 1 placing token on slot 3
[12:27:59.920] [SEVERE ] setting player 1 freeze to 4
[12:27:59.934] [SEVERE ] setting player 1 freeze to 0
[12:27:59.938] [SEVERE ] removing player 1 token from slot 4
[12:27:59.938] [SEVERE ] player 1 placing token on slot 2
[12:27:59.938] [SEVERE ] setting player 1 freeze to 4
[12:27:59.945] [SEVERE ] setting player 1 freeze to 0
[12:27:59.945] [SEVERE ] removing player 1 token from slot 3
[12:27:59.945] [SEVERE ] removing player 1 token from slot 11
[12:27:59.945] [SEVERE ] player 1 placing token on slot 8
[12:27:59.945] [SEVERE ] player 1 placing token on slot 3
[12:27:59.945] [SEVERE ] setting player 1 freeze to 4
[12:27:59.951] [SEVERE ] setting player 1 freeze to 0
[12:27:59.951] [SEVERE ] player 2 placing token on slot 8
[12:27:59.951] [SEVERE ] player 3 placing token on slot 11
[12:27:59.951] [SEVERE ] setting player 3 freeze to 4
[12:27:59.959] [SEVERE ] setting player 3 freeze to 0
[12:27:59.959] [SEVERE ] removing player 3 token from slot 11
[12:27:59.959] [SEVERE ] player 3 placing token on slot 2
[12:27:59.959] [SEVERE ] setting player 3 freeze to 4
[12:27:59.967] [SEVERE ] setting player 3 freeze to 0
[12:27:59.967] [SEVERE ] removing player 3 token from slot 10
[12:27:59.967] [SEVERE ] player 3 placing token on slot 8
[12:27:59.967] [SEVERE ] setting player 3 freeze to 4
[12:27:59.976] [SEVERE ] setting player 3 freeze to 0
[12:27:59.976] [SEVERE ] removing player 3 token from slot 5
[12:27:59.976] [SEVERE ] player 3 placing token on slot 0
[12:27:59.984] [SEVERE ] setting player 3 freeze to 4
[12:27:59.990] [SEVERE ] setting player 3 freeze to 0
[12:27:59.990] [SEVERE ] removing player 3 token from slot 2
[12:27:59.990] [SEVERE ] removing player 3 token from slot 8
[12:27:59.990] [SEVERE ] player 3 placing token on slot 5
[12:27:59.990] [SEVERE ] player 3 placing token on slot 2
[12:27:59.990] [SEVERE ] setting player 3 freeze to 4
[12:27:59.998] [SEVERE ] setting player 3 freeze to 0
[12:27:59.998] [SEVERE ] removing player 3 token from slot 0
[12:27:59.998] [SEVERE ] player 3 placing token on slot 6
[12:27:59.998] [SEVERE ] setting player 3 freeze to 4
[12:28:00.004] [SEVERE ] setting player 3 freeze to 0
[12:28:00.004] [SEVERE ] removing player 3 token from slot 6
[12:28:00.004] [SEVERE ] player 3 placing token on slot 11
[12:28:00.004] [SEVERE ] setting player 3 freeze to 4
[12:28:00.011] [SEVERE ] setting player 3 freeze to 0
[12:28:00.011] [SEVERE ] removing player 3 token from slot 5
[12:28:00.011] [SEVERE ] player 3 placing token on slot 10
[12:28:00.016] [SEVERE ] setting player 3 freeze to 4
[12:28:00.023] [SEVERE ] setting player 3 freeze to 0
[12:28:00.023] [SEVERE ] removing player 3 token from slot 11
[12:28:00.023] [SEVERE ] removing player 3 token from slot 10
[12:28:00.023] [SEVERE ] player 3 placing token on slot 4
[12:28:00.023] [SEVERE ] player 3 placing token on slot 11
[12:28:00.023] [SEVERE ] setting player 3 freeze to 4
[12:28:00.031] [SEVERE ] setting player 3 freeze to 0
[12:28:00.031] [SEVERE ] removing player 3 token from slot 4
[12:28:00.031] [SEVERE ] player 3 placing token on slot 10
[12:28:00.031] [SEVERE ] setting player 3 freeze to 4
[12:28:00.031] [SEVERE ] player 2 placing token on slot 9
[12:28:00.032] [SEVERE ] setting player 2 freeze to 4
[12:28:00.037] [SEVERE ] setting player 3 freeze to 0
[12:28:00.037] [SEVERE ] setting player 2 freeze to 0
[12:28:00.044] [SEVERE ] removing player 1 token from slot 8
[12:28:00.044] [SEVERE ] removing player 2 token from slot 9
[12:28:00.044] [SEVERE ] removing player 2 token from slot 8
[12:28:00.044] [SEVERE ] player 2 placing token on slot 2
[12:28:00.044] [SEVERE ] player 2 placing token on slot 9
[12:28:00.061] [SEVERE ] setting player 2 freeze to 4
[12:28:00.067] [SEVERE ] setting player 2 freeze to 0
[12:28:00.072] [SEVERE ] removing player 2 token from slot 1
[12:28:00.072] [SEVERE ] player 2 placing token on slot 5
[12:28:00.072] [SEVERE ] setting player 2 freeze to 4
[12:28:00.079] [SEVERE ] setting player 2 freeze to 0
[12:28:00.079] [SEVERE ] removing player 2 token from slot 2
[12:28:00.079] [SEVERE ] player 2 placing token on slot 1
[12:28:00.079] [SEVERE ] setting player 2 freeze to 4
[12:28:00.093] [SEVERE ] setting player 2 freeze to 0
[12:28:00.093] [SEVERE ] removing player 2 token from slot 5
[12:28:00.097] [SEVERE ] player 2 placing token on slot 3
[12:28:00.101] [SEVERE ] setting player 2 freeze to 4
[12:28:00.117] [SEVERE ] setting player 2 freeze to 0
[12:28:00.117] [SEVERE ] removing player 2 token from slot 9
[12:28:00.117] [SEVERE ] player 2 placing token on slot 2
[12:28:00.117] [SEVERE ] setting player 2 freeze to 4
[12:28:00.131] [SEVERE ] setting player 2 freeze to 0
[12:28:00.131] [SEVERE ] removing player 2 token from slot 1
[12:28:00.131] [SEVERE ] removing player 2 token from slot 2
[12:28:00.131] [SEVERE ] player 2 placing token on slot 4
[12:28:00.131] [SEVERE ] player 2 placing token on slot 1
[12:28:00.131] [SEVERE ] setting player 2 freeze to 4
[12:28:00.138] [SEVERE ] setting player 2 freeze to 0
[12:28:00.138] [SEVERE ] removing player 2 token from slot 1
[12:28:00.138] [SEVERE ] player 2 placing token on slot 5
[12:28:00.141] [SEVERE ] setting player 2 freeze to 4
[12:28:00.146] [SEVERE ] setting player 2 freeze to 0
[12:28:00.146] [SEVERE ] removing player 2 token from slot 3
[12:28:00.146] [SEVERE ] player 2 placing token on slot 7
[12:28:00.146] [SEVERE ] setting player 2 freeze to 4
[12:28:00.156] [SEVERE ] setting player 2 freeze to 0
[12:28:00.156] [SEVERE ] player 1 placing token on slot 5
[12:28:00.156] [SEVERE ] setting player 1 freeze to 4
[12:28:00.164] [SEVERE ] setting player 1 freeze to 0
[12:28:00.164] [SEVERE ] removing player 1 token from slot 5
[12:28:00.164] [SEVERE ] player 1 placing token on slot 11
[12:28:00.168] [SEVERE ] setting player 1 freeze to 4
[12:28:00.177] [SEVERE ] setting player 1 freeze to 0
[12:28:00.177] [SEVERE ] removing player 1 token from slot 11
[12:28:00.177] [SEVERE ] player 1 placing token on slot 9
[12:28:00.177] [SEVERE ] setting player 1 freeze to 4
[12:28:00.188] [SEVERE ] setting player 1 freeze to 0
[12:28:00.188] [SEVERE ] removing player 1 token from slot 3
[12:28:00.188] [SEVERE ] player 1 placing token on slot 8
[12:28:00.188] [SEVERE ] setting player 1 freeze to 4
[12:28:00.188] [SEVERE ] removing player 2 token from slot 4
[12:28:00.189] [SEVERE ] player 2 placing token on slot 6
[12:28:00.189] [SEVERE ] setting player 2 freeze to 4
[12:28:00.195] [SEVERE ] setting player 1 freeze to 0
[12:28:00.203] [SEVERE ] setting player 2 freeze to 0
[12:28:00.203] [SEVERE ] removing player 2 token from slot 7
[12:28:00.203] [SEVERE ] removing player 2 token from slot 5
[12:28:00.203] [SEVERE ] player 2 placing token on slot 3
[12:28:00.203] [SEVERE ] player 2 placing token on slot 7
[12:28:00.207] [SEVERE ] setting player 2 freeze to 4
[12:28:00.227] [SEVERE ] setting player 2 freeze to 0
[12:28:00.227] [SEVERE ] removing player 2 token from slot 6
[12:28:00.227] [SEVERE ] player 2 placing token on slot 8
[12:28:00.231] [SEVERE ] setting player 2 freeze to 4
[12:28:00.241] [SEVERE ] setting player 2 freeze to 0
[12:28:00.241] [SEVERE ] removing player 2 token from slot 7
[12:28:00.241] [SEVERE ] removing player 3 token from slot 2
[12:28:00.241] [SEVERE ] player 3 placing token on slot 1
[12:28:00.264] [SEVERE ] removing player 3 token from slot 1
[12:28:00.264] [SEVERE ] removing card from slot 1
[12:28:00.278] [SEVERE ] removing player 3 token from slot 10
[12:28:00.278] [SEVERE ] removing player 4 token from slot 10
[12:28:00.278] [SEVERE ] removing card from slot 10
[12:28:00.297] [SEVERE ] removing player 3 token from slot 11
[12:28:00.297] [SEVERE ] removing card from slot 11
[12:28:00.309] [SEVERE ] setting player 3 freeze to 2
[12:28:00.312] [SEVERE ] placing card 62 in slot 11
[12:28:00.321] [SEVERE ] setting player 3 freeze to 0
[12:28:00.321] [SEVERE ] setting player 3 score to 2
[12:28:00.325] [SEVERE ] placing card 47 in slot 1
[12:28:00.341] [SEVERE ] placing card 31 in slot 10
[12:28:00.341] [SEVERE ] updating countdown to 100
[12:28:00.341] [SEVERE ] player 3 placing token on slot 1
[12:28:00.341] [SEVERE ] player 3 placing token on slot 5
[12:28:00.341] [SEVERE ] player 3 placing token on slot 2
[12:28:00.352] [SEVERE ] setting player 3 freeze to 4
[12:28:00.361] [SEVERE ] setting player 3 freeze to 0
[12:28:00.365] [SEVERE ] removing player 3 token from slot 2
[12:28:00.365] [SEVERE ] player 3 placing token on slot 10
[12:28:00.369] [SEVERE ] setting player 3 freeze to 4
[12:28:00.378] [SEVERE ] setting player 3 freeze to 0
[12:28:00.378] [SEVERE ] removing player 3 token from slot 1
[12:28:00.386] [SEVERE ] player 3 placing token on slot 4
[12:28:00.386] [SEVERE ] setting player 3 freeze to 4
[12:28:00.394] [SEVERE ] setting player 3 freeze to 0
[12:28:00.394] [SEVERE ] removing player 3 token from slot 5
[12:28:00.394] [SEVERE ] player 2 placing token on slot 5
[12:28:00.394] [SEVERE ] setting player 2 freeze to 4
[12:28:00.410] [SEVERE ] setting player 2 freeze to 0
[12:28:00.412] [SEVERE ] player 4 placing token on slot 1
[12:28:00.412] [SEVERE ] setting player 4 freeze to 4
[12:28:00.417] [SEVERE ] setting player 4 freeze to 0
[12:28:00.417] [SEVERE ] removing player 2 token from slot 3
[12:28:00.417] [SEVERE ] player 2 placing token on slot 0
[12:28:00.417] [SEVERE ] setting player 2 freeze to 4
[12:28:00.424] [SEVERE ] setting player 2 freeze to 0
[12:28:00.424] [SEVERE ] removing player 2 token from slot 5
[12:28:00.424] [SEVERE ] player 2 placing token on slot 2
[12:28:00.424] [SEVERE ] setting player 2 freeze to 4
[12:28:00.433] [SEVERE ] setting player 2 freeze to 0
[12:28:00.433] [SEVERE ] removing player 2 token from slot 8
[12:28:00.433] [SEVERE ] removing player 2 token from slot 0
[12:28:00.433] [SEVERE ] player 2 placing token on slot 5
[12:28:00.433] [SEVERE ] player 2 placing token on slot 8
[12:28:00.433] [SEVERE ] setting player 2 freeze to 4
[12:28:00.442] [SEVERE ] setting player 2 freeze to 0
[12:28:00.442] [SEVERE ] removing player 2 token from slot 2
[12:28:00.442] [SEVERE ] player 2 placing token on slot 11
[12:28:00.442] [SEVERE ] player 3 placing token on slot 0
[12:28:00.442] [SEVERE ] setting player 3 freeze to 4
[12:28:00.442] [SEVERE ] setting player 2 freeze to 4
[12:28:00.449] [SEVERE ] setting player 2 freeze to 0
[12:28:00.449] [SEVERE ] setting player 3 freeze to 0
[12:28:00.449] [SEVERE ] removing player 3 token from slot 10
[12:28:00.449] [SEVERE ] player 3 placing token on slot 9
[12:28:00.449] [SEVERE ] setting player 3 freeze to 4
[12:28:00.449] [SEVERE ] removing player 4 token from slot 5
[12:28:00.450] [SEVERE ] player 4 placing token on slot 3
[12:28:00.450] [SEVERE ] setting player 4 freeze to 4
[12:28:00.455] [SEVERE ] setting player 4 freeze to 0
[12:28:00.455] [SEVERE ] setting player 3 freeze to 0
[12:28:00.455] [SEVERE ] removing player 3 token from slot 4
[12:28:00.455] [SEVERE ] player 3 placing token on slot 1
[12:28:00.455] [SEVERE ] setting player 3 freeze to 4
[12:28:00.460] [SEVERE ] setting player 3 freeze to 0
[12:28:00.460] [SEVERE ] removing player 3 token from slot 1
[12:28:00.460] [SEVERE ] removing player 3 token from slot 9
[12:28:00.460] [SEVERE ] player 3 placing token on slot 11
[12:28:00.460] [SEVERE ] player 3 placing token on slot 1
[12:28:00.460] [SEVERE ] setting player 3 freeze to 4
[12:28:00.466] [SEVERE ] setting player 3 freeze to 0
[12:28:00.466] [SEVERE ] removing player 3 token from slot 11
[12:28:00.466] [SEVERE ] player 3 placing token on slot 9
[12:28:00.466] [SEVERE ] setting player 3 freeze to 4
[12:28:00.473] [SEVERE ] setting player 3 freeze to 0
[12:28:00.473] [SEVERE ] removing player 3 token from slot 9
[12:28:00.473] [SEVERE ] player 3 placing token on slot 7
[12:28:00.473] [SEVERE ] setting player 3 freeze to 4
[12:28:00.481] [SEVERE ] setting player 3 freeze to 0
[12:28:00.481] [SEVERE ] removing player 3 token from slot 1
[12:28:00.481] [SEVERE ] player 3 placing token on slot 8
[12:28:00.481] [SEVERE ] setting player 3 freeze to 4
[12:28:00.486] [SEVERE ] setting player 3 freeze to 0
[12:28:00.486] [SEVERE ] removing player 3 token from slot 8
[12:28:00.486] [SEVERE ] removing player 3 token from slot 7
[12:28:00.486] [SEVERE ] player 3 placing token on slot 4
[12:28:00.486] [SEVERE ] player 3 placing token on slot 8
[12:28:00.486] [SEVERE ] setting player 3 freeze to 4
[12:28:00.491] [SEVERE ] setting player 3 freeze to 0
[12:28:00.491] [SEVERE ] removing player 3 token from slot 0
[12:28:00.491] [SEVERE ] player 3 placing token on slot 6
[12:28:00.491] [SEVERE ] setting player 3 freeze to 4
[12:28:00.496] [SEVERE ] setting player 3 freeze to 0
[12:28:00.496] [SEVERE ] removing player 3 token from slot 8
[12:28:00.496] [SEVERE ] removing player 3 token from slot 6
[12:28:00.496] [SEVERE ] player 3 placing token on slot 1
[12:28:00.496] [SEVERE ] player 3 placing token on slot 8
[12:28:00.496] [SEVERE ] setting player 3 freeze to 4
[12:28:00.502] [SEVERE ] setting player 3 freeze to 0
[12:28:00.502] [SEVERE ] removing player 3 token from slot 4
[12:28:00.502] [SEVERE ] player 3 placing token on slot 0
[12:28:00.502] [SEVERE ] setting player 3 freeze to 4
[12:28:00.509] [SEVERE ] setting player 3 freeze to 0
[12:28:00.509] [SEVERE ] removing player 2 token from slot 11
[12:28:00.509] [SEVERE ] player 2 placing token on slot 6
[12:28:00.509] [SEVERE ] setting player 2 freeze to 4
[12:28:00.513] [SEVERE ] setting player 2 freeze to 0
[12:28:00.513] [SEVERE ] removing player 2 token from slot 6
[12:28:00.513] [SEVERE ] removing player 2 token from slot 5
[12:28:00.513] [SEVERE ] player 2 placing token on slot 0
[12:28:00.513] [SEVERE ] player 2 placing token on slot 6
[12:28:00.513] [SEVERE ] setting player 2 freeze to 4
[12:28:00.518] [SEVERE ] setting player 2 freeze to 0
[12:28:00.518] [SEVERE ] removing player 2 token from slot 8
[12:28:00.518] [SEVERE ] player 2 placing token on slot 10
[12:28:00.518] [SEVERE ] setting player 2 freeze to 4
[12:28:00.519] [SEVERE ] removing player 3 token from slot 1
[12:28:00.519] [SEVERE ] player 3 placing token on slot 3
[12:28:00.519] [SEVERE ] setting player 3 freeze to 4
[12:28:00.524] [SEVERE ] setting player 3 freeze to 0
[12:28:00.524] [SEVERE ] setting player 2 freeze to 0
[12:28:00.524] [SEVERE ] removing player 3 token from slot 0
[12:28:00.524] [SEVERE ] removing player 3 token from slot 8
[12:28:00.524] [SEVERE ] player 3 placing token on slot 6
[12:28:00.524] [SEVERE ] player 3 placing token on slot 0
[12:28:00.524] [SEVERE ] setting player 3 freeze to 4
[12:28:00.530] [SEVERE ] setting player 3 freeze to 0
[12:28:00.530] [SEVERE ] removing player 3 token from slot 3
[12:28:00.530] [SEVERE ] player 3 placing token on slot 11
[12:28:00.530] [SEVERE ] setting player 3 freeze to 4
[12:28:00.530] [SEVERE ] removing player 4 token from slot 1
[12:28:00.531] [SEVERE ] player 4 placing token on slot 9
[12:28:00.531] [SEVERE ] setting player 4 freeze to 4
[12:28:00.536] [SEVERE ] setting player 3 freeze to 0
[12:28:00.536] [SEVERE ] removing player 3 token from slot 6
[12:28:00.536] [SEVERE ] player 3 placing token on slot 9
[12:28:00.536] [SEVERE ] setting player 3 freeze to 4
[12:28:00.536] [SEVERE ] setting player 4 freeze to 0
[12:28:00.541] [SEVERE ] setting player 3 freeze to 0
[12:28:00.541] [SEVERE ] removing player 3 token from slot 11
[12:28:00.541] [SEVERE ] player 3 placing token on slot 8
[12:28:00.541] [SEVERE ] setting player 3 freeze to 4
[12:28:00.549] [SEVERE ] setting player 3 freeze to 0
[12:28:00.549] [SEVERE ] removing player 3 token from slot 9
[12:28:00.549] [SEVERE ] player 3 placing token on slot 5
[12:28:00.549] [SEVERE ] setting player 3 freeze to 4
[12:28:00.554] [SEVERE ] setting player 3 freeze to 0
[12:28:00.554] [SEVERE ] removing player 4 token from slot 2
[12:28:00.554] [SEVERE ] player 4 placing token on slot 6
[12:28:00.554] [SEVERE ] setting player 4 freeze to 4
[12:28:00.564] [SEVERE ] setting player 4 freeze to 0
[12:28:00.564] [SEVERE ] removing player 4 token from slot 3
[12:28:00.564] [SEVERE ] removing player 4 token from slot 6
[12:28:00.564] [SEVERE ] player 4 placing token on slot 5
[12:28:00.564] [SEVERE ] player 4 placing token on slot 3
[12:28:00.564] [SEVERE ] setting player 4 freeze to 4
[12:28:00.569] [SEVERE ] setting player 4 freeze to 0
[12:28:00.585] [SEVERE ] removing player 2 token from slot 6
[12:28:00.585] [SEVERE ] removing card from slot 6
[12:28:00.598] [SEVERE ] removing card from slot 1
[12:28:00.614] [SEVERE ] removing player 1 token from slot 8
[12:28:00.614] [SEVERE ] removing player 3 token from slot 8
[12:28:00.614] [SEVERE ] removing card from slot 8
[12:28:00.631] [SEVERE ] removing player 1 token from slot 2
[12:28:00.631] [SEVERE ] removing card from slot 2
[12:28:00.645] [SEVERE ] removing card from slot 7
[12:28:00.659] [SEVERE ] removing player 2 token from slot 0
[12:28:00.659] [SEVERE ] removing player 3 token from slot 0
[12:28:00.659] [SEVERE ] removing card from slot 0
[12:28:00.675] [SEVERE ] removing card from slot 4
[12:28:00.687] [SEVERE ] removing card from slot 11
[12:28:00.704] [SEVERE ] removing player 3 token from slot 5
[12:28:00.704] [SEVERE ] removing player 4 token from slot 5
[12:28:00.704] [SEVERE ] removing card from slot 5
[12:28:00.720] [SEVERE ] removing player 4 token from slot 3
[12:28:00.720] [SEVERE ] removing card from slot 3
[12:28:00.733] [SEVERE ] removing player 1 token from slot 9
[12:28:00.733] [SEVERE ] removing player 4 token from slot 9
[12:28:00.733] [SEVERE ] removing card from slot 9
[12:28:00.749] [SEVERE ] removing player 2 token from slot 10
[12:28:00.749] [SEVERE ] removing card from slot 10
[12:28:00.765] [SEVERE ] placing card 12 in slot 4
[12:28:00.778] [SEVERE ] placing card 60 in slot 2
[12:28:00.794] [SEVERE ] placing card 62 in slot 11
[12:28:00.807] [SEVERE ] placing card 30 in slot 0
[12:28:00.819] [SEVERE ] placing card 53 in slot 10
[12:28:00.832] [SEVERE ] placing card 51 in slot 5
[12:28:00.844] [SEVERE ] placing card 66 in slot 6
[12:28:00.856] [SEVERE ] placing card 64 in slot 7
[12:28:00.873] [SEVERE ] placing card 72 in slot 9
[12:28:00.890] [SEVERE ] placing card 24 in slot 8
[12:28:00.906] [SEVERE ] placing card 11 in slot 3
[12:28:00.921] [SEVERE ] placing card 39 in slot 1
[12:28:00.921] [SEVERE ] updating countdown to 100
[12:28:00.921] [SEVERE ] player 4 placing token on slot 2
[12:28:00.921] [SEVERE ] player 4 placing token on slot 0
[12:28:00.921] [SEVERE ] player 4 placing token on slot 3
[12:28:00.921] [SEVERE ] setting player 4 freeze to 4
[12:28:00.921] [SEVERE ] player 2 placing token on slot 4
[12:28:00.924] [SEVERE ] player 2 placing token on slot 9
[12:28:00.924] [SEVERE ] updating countdown to 110
[12:28:00.924] [SEVERE ] player 2 placing token on slot 5
[12:28:00.924] [SEVERE ] setting player 2 freeze to 4
[12:28:00.929] [SEVERE ] setting player 4 freeze to 0
[12:28:00.929] [SEVERE ] setting player 2 freeze to 0
[12:28:00.929] [SEVERE ] removing player 2 token from slot 4
[12:28:00.929] [SEVERE ] player 2 placing token on slot 0
[12:28:00.929] [SEVERE ] setting player 2 freeze to 4
[12:28:00.929] [SEVERE ] player 3 placing token on slot 5
[12:28:00.930] [SEVERE ] player 3 placing token on slot 9
[12:28:00.930] [SEVERE ] player 3 placing token on slot 7
[12:28:00.930] [SEVERE ] setting player 3 freeze to 4
[12:28:00.934] [SEVERE ] setting player 2 freeze to 0
[12:28:00.934] [SEVERE ] setting player 3 freeze to 0
[12:28:00.934] [SEVERE ] player 1 placing token on slot 5
[12:28:00.934] [SEVERE ] player 1 placing token on slot 10
[12:28:00.934] [SEVERE ] player 1 placing token on slot 2
[12:28:00.934] [SEVERE ] setting player 1 freeze to 4
[12:28:00.934] [SEVERE ] removing player 3 token from slot 9
[12:28:00.934] [SEVERE ] player 3 placing token on slot 2
[12:28:00.934] [SEVERE ] setting player 3 freeze to 4
[12:28:00.939] [SEVERE ] setting player 3 freeze to 0
[12:28:00.939] [SEVERE ] setting player 1 freeze to 0
[12:28:00.939] [SEVERE ] removing player 3 token from slot 5
[12:28:00.939] [SEVERE ] player 3 placing token on slot 0
[12:28:00.939] [SEVERE ] setting player 3 freeze to 4
[12:28:00.945] [SEVERE ] setting player 3 freeze to 0
[12:28:00.945] [SEVERE ] removing player 3 token from slot 2
[12:28:00.945] [SEVERE ] removing player 2 token from slot 0
[12:28:00.945] [SEVERE ] player 2 placing token on slot 3
[12:28:00.945] [SEVERE ] setting player 2 freeze to 4
[12:28:00.945] [SEVERE ] removing player 4 token from slot 3
[12:28:00.946] [SEVERE ] player 4 placing token on slot 10
[12:28:00.946] [SEVERE ] setting player 4 freeze to 4
[12:28:00.951] [SEVERE ] setting player 4 freeze to 0
[12:28:00.951] [SEVERE ] setting player 2 freeze to 0
[12:28:00.951] [SEVERE ] removing player 2 token from slot 3
[12:28:00.951] [SEVERE ] player 2 placing token on slot 4
[12:28:00.951] [SEVERE ] setting player 2 freeze to 4
[12:28:00.956] [SEVERE ] setting player 2 freeze to 0
[12:28:00.956] [SEVERE ] removing player 2 token from slot 4
[12:28:00.956] [SEVERE ] removing player 2 token from slot 5
[12:28:00.956] [SEVERE ] player 2 placing token on slot 8
[12:28:00.956] [SEVERE ] player 3 placing token on slot 3
[12:28:00.956] [SEVERE ] setting player 3 freeze to 4
[12:28:00.961] [SEVERE ] setting player 3 freeze to 0
[12:28:00.961] [SEVERE ] removing player 3 token from slot 0
[12:28:00.961] [SEVERE ] player 3 placing token on slot 5
[12:28:00.961] [SEVERE ] setting player 3 freeze to 4
[12:28:00.968] [SEVERE ] setting player 3 freeze to 0
[12:28:00.968] [SEVERE ] removing player 3 token from slot 5
[12:28:00.968] [SEVERE ] player 3 placing token on slot 10
[12:28:00.968] [SEVERE ] setting player 3 freeze to 4
[12:28:00.973] [SEVERE ] setting player 3 freeze to 0
[12:28:00.973] [SEVERE ] removing player 3 token from slot 10
[12:28:00.973] [SEVERE ] player 2 placing token on slot 4
[12:28:00.973] [SEVERE ] setting player 2 freeze to 4
[12:28:00.979] [SEVERE ] setting player 2 freeze to 0
[12:28:00.979] [SEVERE ] removing player 2 token from slot 8
[12:28:00.979] [SEVERE ] player 2 placing token on slot 7
[12:28:00.979] [SEVERE ] setting player 2 freeze to 4
[12:28:00.984] [SEVERE ] setting player 2 freeze to 0
[12:28:00.984] [SEVERE ] removing player 2 token from slot 4
[12:28:00.984] [SEVERE ] player 3 placing token on slot 11
[12:28:00.984] [SEVERE ] setting player 3 freeze to 4
[12:28:00.989] [SEVERE ] setting player 3 freeze to 0
[12:28:00.989] [SEVERE ] removing player 3 token from slot 7
[12:28:00.989] [SEVERE ] player 3 placing token on slot 8
[12:28:00.989] [SEVERE ] setting player 3 freeze to 4
[12:28:00.994] [SEVERE ] setting player 3 freeze to 0
[12:28:00.994] [SEVERE ] removing player 3 token from slot 3
[12:28:00.994] [SEVERE ] player 3 placing token on slot 2
[12:28:00.994] [SEVERE ] setting player 3 freeze to 4
[12:28:00.999] [SEVERE ] setting player 3 freeze to 0
[12:28:00.999] [SEVERE ] removing player 1 token from slot 10
[12:28:00.999] [SEVERE ] removing player 3 token from slot 11
[12:28:00.999] [SEVERE ] player 2 placing token on slot 3
[12:28:00.999] [SEVERE ] setting player 2 freeze to 4
[12:28:01.005] [SEVERE ] setting player 2 freeze to 0
[12:28:01.005] [SEVERE ] removing player 2 token from slot 9
[12:28:01.005] [SEVERE ] player 2 placing token on slot 4
[12:28:01.005] [SEVERE ] setting player 2 freeze to 4
[12:28:01.010] [SEVERE ] setting player 2 freeze to 0
[12:28:01.010] [SEVERE ] removing player 2 token from slot 4
[12:28:01.010] [SEVERE ] player 2 placing token on slot 1
[12:28:01.010] [SEVERE ] setting player 2 freeze to 4
[12:28:01.015] [SEVERE ] setting player 2 freeze to 0
[12:28:01.015] [SEVERE ] player 3 placing token on slot 3
[12:28:01.015] [SEVERE ] setting player 3 freeze to 4
[12:28:01.020] [SEVERE ] setting player 3 freeze to 0
[12:28:01.020] [SEVERE ] removing player 3 token from slot 8
[12:28:01.020] [SEVERE ] removing player 3 token from slot 3
[12:28:01.020] [SEVERE ] player 1 placing token on slot 8
[12:28:01.020] [SEVERE ] setting player 1 freeze to 4
[12:28:01.026] [SEVERE ] setting player 1 freeze to 0
[12:28:01.026] [SEVERE ] removing player 1 token from slot 2
[12:28:01.026] [SEVERE ] removing player 1 token from slot 5
[12:28:01.026] [SEVERE ] player 1 placing token on slot 10
[12:28:01.026] [SEVERE ] player 1 placing token on slot 2
[12:28:01.026] [SEVERE ] setting player 1 freeze to 4
[12:28:01.031] [SEVERE ] setting player 1 freeze to 0
[12:28:01.031] [SEVERE ] player 3 placing token on slot 9
[12:28:01.031] [SEVERE ] player 3 placing token on slot 8
[12:28:01.031] [SEVERE ] setting player 3 freeze to 4
[12:28:01.037] [SEVERE ] setting player 3 freeze to 0
[12:28:01.037] [SEVERE ] removing player 4 token from slot 2
[12:28:01.037] [SEVERE ] removing player 2 token from slot 3
[12:28:01.037] [SEVERE ] removing player 1 token from slot 10
[12:28:01.037] [SEVERE ] player 1 placing token on slot 7
[12:28:01.037] [SEVERE ] setting player 1 freeze to 4
[12:28:01.042] [SEVERE ] setting player 1 freeze to 0
[12:28:01.042] [SEVERE ] removing player 1 token from slot 8
[12:28:01.042] [SEVERE ] player 2 placing token on slot 4
[12:28:01.042] [SEVERE ] setting player 2 freeze to 4
[12:28:01.047] [SEVERE ] setting player 2 freeze to 0
[12:28:01.047] [SEVERE ] player 4 placing token on slot 5
[12:28:01.047] [SEVERE ] setting player 4 freeze to 4
[12:28:01.052] [SEVERE ] setting player 4 freeze to 0
[12:28:01.052] [SEVERE ] removing player 4 token from slot 5
[12:28:01.052] [SEVERE ] player 4 placing token on slot 2
[12:28:01.052] [SEVERE ] setting player 4 freeze to 4
[12:28:01.058] [SEVERE ] setting player 4 freeze to 0
[12:28:01.058] [SEVERE ] removing player 4 token from slot 0
[12:28:01.058] [SEVERE ] removing player 4 token from slot 10
[12:28:01.058] [SEVERE ] player 4 placing token on slot 11
[12:28:01.058] [SEVERE ] player 1 placing token on slot 6
[12:28:01.058] [SEVERE ] setting player 1 freeze to 4
[12:28:01.063] [SEVERE ] setting player 1 freeze to 0
[12:28:01.063] [SEVERE ] removing player 3 token from slot 9
[12:28:01.063] [SEVERE ] player 3 placing token on slot 0
[12:28:01.063] [SEVERE ] setting player 3 freeze to 4
[12:28:01.068] [SEVERE ] setting player 3 freeze to 0
[12:28:01.068] [SEVERE ] removing player 3 token from slot 0
[12:28:01.068] [SEVERE ] removing player 3 token from slot 2
[12:28:01.068] [SEVERE ] player 3 placing token on slot 11
[12:28:01.068] [SEVERE ] player 3 placing token on slot 0
[12:28:01.068] [SEVERE ] setting player 3 freeze to 4
[12:28:01.073] [SEVERE ] setting player 3 freeze to 0
[12:28:01.073] [SEVERE ] removing player 3 token from slot 11
[12:28:01.073] [SEVERE ] player 3 placing token on slot 9
[12:28:01.073] [SEVERE ] setting player 3 freeze to 4
[12:28:01.078] [SEVERE ] setting player 3 freeze to 0
[12:28:01.078] [SEVERE ] removing player 3 token from slot 8
[12:28:01.078] [SEVERE ] player 3 placing token on slot 10
[12:28:01.078] [SEVERE ] setting player 3 freeze to 4
[12:28:01.078] [SEVERE ] removing player 1 token from slot 2
[12:28:01.079] [SEVERE ] player 1 placing token on slot 4
[12:28:01.079] [SEVERE ] setting player 1 freeze to 4
[12:28:01.079] [SEVERE ] player 4 placing token on slot 0
[12:28:01.079] [SEVERE ] setting player 4 freeze to 4
[12:28:01.084] [SEVERE ] setting player 4 freeze to 0
[12:28:01.084] [SEVERE ] setting player 1 freeze to 0
[12:28:01.084] [SEVERE ] setting player 3 freeze to 0
[12:28:01.084] [SEVERE ] removing player 4 token from slot 11
[12:28:01.084] [SEVERE ] player 4 placing token on slot 4
[12:28:01.084] [SEVERE ] setting player 4 freeze to 4
[12:28:01.089] [SEVERE ] setting player 4 freeze to 0
[12:28:01.089] [SEVERE ] removing player 4 token from slot 4
[12:28:01.089] [SEVERE ] player 4 placing token on slot 3
[12:28:01.089] [SEVERE ] setting player 4 freeze to 4
[12:28:01.095] [SEVERE ] setting player 4 freeze to 0
[12:28:01.095] [SEVERE ] removing player 4 token from slot 2
[12:28:01.095] [SEVERE ] player 4 placing token on slot 7
[12:28:01.095] [SEVERE ] setting player 4 freeze to 4
[12:28:01.100] [SEVERE ] setting player 4 freeze to 0
[12:28:01.100] [SEVERE ] removing player 3 token from slot 10
[12:28:01.100] [SEVERE ] player 3 placing token on slot 7
[12:28:01.100] [SEVERE ] setting player 3 freeze to 4
[12:28:01.106] [SEVERE ] setting player 3 freeze to 0
[12:28:01.106] [SEVERE ] removing player 1 token from slot 7
[12:28:01.106] [SEVERE ] player 1 placing token on slot 0
[12:28:01.106] [SEVERE ] setting player 1 freeze to 4
[12:28:01.110] [SEVERE ] setting player 1 freeze to 0
[12:28:01.110] [SEVERE ] removing player 2 token from slot 7
[12:28:01.110] [SEVERE ] player 2 placing token on slot 9
[12:28:01.110] [SEVERE ] setting player 2 freeze to 4
[12:28:01.115] [SEVERE ] setting player 2 freeze to 0
[12:28:01.115] [SEVERE ] removing player 2 token from slot 9
[12:28:01.115] [SEVERE ] player 2 placing token on slot 0
[12:28:01.115] [SEVERE ] setting player 2 freeze to 4
[12:28:01.121] [SEVERE ] setting player 2 freeze to 0
[12:28:01.121] [SEVERE ] removing player 3 token from slot 7
[12:28:01.121] [SEVERE ] player 3 placing token on slot 5
[12:28:01.121] [SEVERE ] setting player 3 freeze to 4
[12:28:01.126] [SEVERE ] setting player 3 freeze to 0
[12:28:01.126] [SEVERE ] removing player 3 token from slot 9
[12:28:01.126] [SEVERE ] removing player 3 token from slot 5
[12:28:01.126] [SEVERE ] player 3 placing token on slot 10
[12:28:01.126] [SEVERE ] player 3 placing token on slot 9
[12:28:01.126] [SEVERE ] setting player 3 freeze to 4
[12:28:01.130] [SEVERE ] setting player 3 freeze to 0
[12:28:01.130] [SEVERE ] removing player 4 token from slot 0
[12:28:01.130] [SEVERE ] player 4 placing token on slot 10
[12:28:01.130] [SEVERE ] setting player 4 freeze to 4
[12:28:01.136] [SEVERE ] setting player 4 freeze to 0
[12:28:01.136] [SEVERE ] removing player 4 token from slot 3
[12:28:01.136] [SEVERE ] player 4 placing token on slot 6
[12:28:01.136] [SEVERE ] setting player 4 freeze to 4
[12:28:01.141] [SEVERE ] setting player 4 freeze to 0
[12:28:01.141] [SEVERE ] removing player 1 token from slot 4
[12:28:01.141] [SEVERE ] player 1 placing token on slot 5
[12:28:01.141] [SEVERE ] setting player 1 freeze to 4
[12:28:01.146] [SEVERE ] setting player 1 freeze to 0
[12:28:01.146] [SEVERE ] removing player 3 token from slot 10
[12:28:01.146] [SEVERE ] player 3 placing token on slot 11
[12:28:01.146] [SEVERE ] setting player 3 freeze to 4
[12:28:01.152] [SEVERE ] setting player 3 freeze to 0
[12:28:01.152] [SEVERE ] removing player 3 token from slot 11
[12:28:01.152] [SEVERE ] player 3 placing token on slot 10
[12:28:01.152] [SEVERE ] setting player 3 freeze to 4
[12:28:01.157] [SEVERE ] setting player 3 freeze to 0
[12:28:01.157] [SEVERE ] removing player 3 token from slot 9
[12:28:01.157] [SEVERE ] player 3 placing token on slot 2
[12:28:01.157] [SEVERE ] setting player 3 freeze to 4
[12:28:01.162] [SEVERE ] setting player 3 freeze to 0
[12:28:01.162] [SEVERE ] removing player 3 token from slot 0
[12:28:01.162] [SEVERE ] player 3 placing token on slot 11
[12:28:01.162] [SEVERE ] setting player 3 freeze to 4
[12:28:01.167] [SEVERE ] setting player 3 freeze to 0
[12:28:01.167] [SEVERE ] removing player 4 token from slot 10
[12:28:01.167] [SEVERE ] player 4 placing token on slot 0
[12:28:01.167] [SEVERE ] setting player 4 freeze to 4
[12:28:01.172] [SEVERE ] setting player 4 freeze to 0
[12:28:01.172] [SEVERE ] removing player 4 token from slot 6
[12:28:01.172] [SEVERE ] player 4 placing token on slot 4
[12:28:01.172] [SEVERE ] setting player 4 freeze to 4
[12:28:01.178] [SEVERE ] setting player 4 freeze to 0
[12:28:01.178] [SEVERE ] removing player 4 token from slot 7
[12:28:01.178] [SEVERE ] player 4 placing token on slot 2
[12:28:01.178] [SEVERE ] setting player 4 freeze to 4
[12:28:01.183] [SEVERE ] setting player 4 freeze to 0
[12:28:01.183] [SEVERE ] removing player 4 token from slot 0
[12:28:01.183] [SEVERE ] player 4 placing token on slot 9
[12:28:01.183] [SEVERE ] setting player 4 freeze to 4
[12:28:01.189] [SEVERE ] setting player 4 freeze to 0
[12:28:01.189] [SEVERE ] removing player 4 token from slot 9
[12:28:01.189] [SEVERE ] player 4 placing token on slot 10
[12:28:01.189] [SEVERE ] setting player 4 freeze to 4
[12:28:01.194] [SEVERE ] setting player 4 freeze to 0
[12:28:01.194] [SEVERE ] removing player 4 token from slot 2
[12:28:01.194] [SEVERE ] player 4 placing token on slot 8
[12:28:01.194] [SEVERE ] setting player 4 freeze to 4
[12:28:01.199] [SEVERE ] setting player 4 freeze to 0
[12:28:01.199] [SEVERE ] removing player 4 token from slot 8
[12:28:01.199] [SEVERE ] player 4 placing token on slot 5
[12:28:01.199] [SEVERE ] setting player 4 freeze to 4
[12:28:01.204] [SEVERE ] setting player 4 freeze to 0
[12:28:01.204] [SEVERE ] removing player 4 token from slot 10
[12:28:01.204] [SEVERE ] removing player 4 token from slot 5
[12:28:01.204] [SEVERE ] player 4 placing token on slot 8
[12:28:01.204] [SEVERE ] player 4 placing token on slot 10
[12:28:01.204] [SEVERE ] setting player 4 freeze to 4
[12:28:01.209] [SEVERE ] setting player 4 freeze to 0
[12:28:01.209] [SEVERE ] removing player 4 token from slot 4
[12:28:01.209] [SEVERE ] player 4 placing token on slot 3
[12:28:01.209] [SEVERE ] setting player 4 freeze to 4
[12:28:01.215] [SEVERE ] setting player 4 freeze to 0
[12:28:01.215] [SEVERE ] removing player 4 token from slot 8
[12:28:01.215] [SEVERE ] player 4 placing token on slot 2
[12:28:01.215] [SEVERE ] setting player 4 freeze to 4
[12:28:01.220] [SEVERE ] setting player 4 freeze to 0
[12:28:01.220] [SEVERE ] removing player 4 token from slot 3
[12:28:01.220] [SEVERE ] removing player 4 token from slot 10
[12:28:01.220] [SEVERE ] player 4 placing token on slot 9
[12:28:01.220] [SEVERE ] player 4 placing token on slot 3
[12:28:01.220] [SEVERE ] setting player 4 freeze to 4
[12:28:01.226] [SEVERE ] setting player 4 freeze to 0
[12:28:01.226] [SEVERE ] removing player 4 token from slot 9
[12:28:01.226] [SEVERE ] player 4 placing token on slot 8
[12:28:01.226] [SEVERE ] setting player 4 freeze to 4
[12:28:01.226] [SEVERE ] removing player 3 token from slot 11
[12:28:01.226] [SEVERE ] removing player 3 token from slot 10
[12:28:01.226] [SEVERE ] player 3 placing token on slot 7
[12:28:01.226] [SEVERE ] player 3 placing token on slot 11
[12:28:01.226] [SEVERE ] setting player 3 freeze to 4
[12:28:01.231] [SEVERE ] setting player 4 freeze to 0
[12:28:01.231] [SEVERE ] setting player 3 freeze to 0
[12:28:01.231] [SEVERE ] removing player 3 token from slot 7
[12:28:01.231] [SEVERE ] player 3 placing token on slot 9
[12:28:01.231] [SEVERE ] setting player 3 freeze to 4
[12:28:01.231] [SEVERE ] removing player 1 token from slot 6
[12:28:01.232] [SEVERE ] player 1 placing token on slot 1
[12:28:01.232] [SEVERE ] setting player 1 freeze to 4
[12:28:01.237] [SEVERE ] setting player 1 freeze to 0
[12:28:01.237] [SEVERE ] setting player 3 freeze to 0
[12:28:01.237] [SEVERE ] removing player 1 token from slot 0
[12:28:01.237] [SEVERE ] player 1 placing token on slot 3
[12:28:01.237] [SEVERE ] setting player 1 freeze to 4
[12:28:01.242] [SEVERE ] setting player 1 freeze to 0
[12:28:01.242] [SEVERE ] removing player 1 token from slot 5
[12:28:01.242] [SEVERE ] removing player 4 token from slot 3
[12:28:01.242] [SEVERE ] player 4 placing token on slot 7
[12:28:01.242] [SEVERE ] setting player 4 freeze to 4
[12:28:01.247] [SEVERE ] setting player 4 freeze to 0
[12:28:01.247] [SEVERE ] removing player 4 token from slot 8
[12:28:01.247] [SEVERE ] player 4 placing token on slot 5
[12:28:01.247] [SEVERE ] setting player 4 freeze to 4
[12:28:01.252] [SEVERE ] setting player 4 freeze to 0
[12:28:01.252] [SEVERE ] removing player 4 token from slot 2
[12:28:01.252] [SEVERE ] player 4 placing token on slot 10
[12:28:01.252] [SEVERE ] setting player 4 freeze to 4
[12:28:01.252] [SEVERE ] player 1 placing token on slot 4
[12:28:01.253] [SEVERE ] setting player 1 freeze to 4
[12:28:01.258] [SEVERE ] setting player 1 freeze to 0
[12:28:01.258] [SEVERE ] setting player 4 freeze to 0
[12:28:01.258] [SEVERE ] removing player 3 token from slot 11
[12:28:01.258] [SEVERE ] player 3 placing token on slot 4
[12:28:01.258] [SEVERE ] setting player 3 freeze to 4
[12:28:01.263] [SEVERE ] setting player 3 freeze to 0
[12:28:01.263] [SEVERE ] removing player 3 token from slot 4
[12:28:01.263] [SEVERE ] player 3 placing token on slot 10
[12:28:01.263] [SEVERE ] setting player 3 freeze to 4
[12:28:01.263] [SEVERE ] removing player 2 token from slot 4
[12:28:01.263] [SEVERE ] removing player 2 token from slot 1
[12:28:01.263] [SEVERE ] player 2 placing token on slot 8
[12:28:01.263] [SEVERE ] player 2 placing token on slot 4
[12:28:01.263] [SEVERE ] setting player 2 freeze to 4
[12:28:01.268] [SEVERE ] setting player 2 freeze to 0
[12:28:01.268] [SEVERE ] setting player 3 freeze to 0
[12:28:01.268] [SEVERE ] removing player 2 token from slot 8
[12:28:01.268] [SEVERE ] player 2 placing token on slot 11
[12:28:01.268] [SEVERE ] setting player 2 freeze to 4
[12:28:01.274] [SEVERE ] setting player 2 freeze to 0
[12:28:01.274] [SEVERE ] removing player 2 token from slot 0
[12:28:01.274] [SEVERE ] player 2 placing token on slot 3
[12:28:01.274] [SEVERE ] setting player 2 freeze to 4
[12:28:01.274] [SEVERE ] removing player 1 token from slot 4
[12:28:01.274] [SEVERE ] player 1 placing token on slot 8
[12:28:01.274] [SEVERE ] setting player 1 freeze to 4
[12:28:01.279] [SEVERE ] setting player 2 freeze to 0
[12:28:01.279] [SEVERE ] setting player 1 freeze to 0
[12:28:01.279] [SEVERE ] removing player 1 token from slot 1
[12:28:01.279] [SEVERE ] player 1 placing token on slot 6
[12:28:01.279] [SEVERE ] setting player 1 freeze to 4
[12:28:01.284] [SEVERE ] setting player 1 freeze to 0
[12:28:01.284] [SEVERE ] removing player 1 token from slot 6
[12:28:01.284] [SEVERE ] player 1 placing token on slot 0
[12:28:01.284] [SEVERE ] setting player 1 freeze to 4
[12:28:01.289] [SEVERE ] setting player 1 freeze to 0
[12:28:01.289] [SEVERE ] removing player 1 token from slot 3
[12:28:01.289] [SEVERE ] removing player 1 token from slot 0
[12:28:01.289] [SEVERE ] removing player 4 token from slot 5
[12:28:01.289] [SEVERE ] player 4 placing token on slot 11
[12:28:01.289] [SEVERE ] setting player 4 freeze to 4
[12:28:01.294] [SEVERE ] setting player 4 freeze to 0
[12:28:01.294] [SEVERE ] removing player 4 token from slot 7
[12:28:01.294] [SEVERE ] player 4 placing token on slot 8
[12:28:01.294] [SEVERE ] setting player 4 freeze to 4
[12:28:01.299] [SEVERE ] setting player 4 freeze to 0
[12:28:01.299] [SEVERE ] removing player 4 token from slot 10
[12:28:01.299] [SEVERE ] player 4 placing token on slot 3
[12:28:01.299] [SEVERE ] setting player 4 freeze to 4
[12:28:01.305] [SEVERE ] setting player 4 freeze to 0
[12:28:01.305] [SEVERE ] player 1 placing token on slot 4
[12:28:01.305] [SEVERE ] player 1 placing token on slot 3
[12:28:01.305] [SEVERE ] setting player 1 freeze to 4
[12:28:01.310] [SEVERE ] setting player 1 freeze to 0
[12:28:01.310] [SEVERE ] removing player 1 token from slot 8
[12:28:01.310] [SEVERE ] player 1 placing token on slot 7
[12:28:01.310] [SEVERE ] setting player 1 freeze to 4
[12:28:01.315] [SEVERE ] setting player 1 freeze to 0
[12:28:01.315] [SEVERE ] removing player 1 token from slot 4
[12:28:01.315] [SEVERE ] player 1 placing token on slot 0
[12:28:01.315] [SEVERE ] setting player 1 freeze to 4
[12:28:01.315] [SEVERE ] removing player 2 token from slot 4
[12:28:01.315] [SEVERE ] player 2 placing token on slot 9
[12:28:01.315] [SEVERE ] setting player 2 freeze to 4
[12:28:01.320] [SEVERE ] setting player 2 freeze to 0
[12:28:01.320] [SEVERE ] setting player 1 freeze to 0
[12:28:01.320] [SEVERE ] removing player 2 token from slot 11
[12:28:01.320] [SEVERE ] player 2 placing token on slot 1
[12:28:01.320] [SEVERE ] setting player 2 freeze to 4
[12:28:01.320] [SEVERE ] removing player 3 token from slot 2
[12:28:01.321] [SEVERE ] removing player 3 token from slot 10
[12:28:01.321] [SEVERE ] player 3 placing token on slot 4
[12:28:01.321] [SEVERE ] player 3 placing token on slot 2
[12:28:01.321] [SEVERE ] setting player 3 freeze to 4
[12:28:01.326] [SEVERE ] setting player 3 freeze to 0
[12:28:01.326] [SEVERE ] setting player 2 freeze to 0
[12:28:01.326] [SEVERE ] removing player 3 token from slot 2
[12:28:01.326] [SEVERE ] player 3 placing token on slot 11
[12:28:01.326] [SEVERE ] setting player 3 freeze to 4
[12:28:01.326] [SEVERE ] removing player 2 token from slot 9
[12:28:01.326] [SEVERE ] player 2 placing token on slot 4
[12:28:01.326] [SEVERE ] setting player 2 freeze to 4
[12:28:01.331] [SEVERE ] setting player 2 freeze to 0
[12:28:01.331] [SEVERE ] setting player 3 freeze to 0
[12:28:01.331] [SEVERE ] removing player 2 token from slot 3
[12:28:01.331] [SEVERE ] removing player 2 token from slot 1
[12:28:01.331] [SEVERE ] player 2 placing token on slot 0
[12:28:01.331] [SEVERE ] player 2 placing token on slot 3
[12:28:01.331] [SEVERE ] setting player 2 freeze to 4
[12:28:01.337] [SEVERE ] setting player 2 freeze to 0
[12:28:01.337] [SEVERE ] removing player 2 token from slot 4
[12:28:01.337] [SEVERE ] removing player 2 token from slot 3
[12:28:01.337] [SEVERE ] player 2 placing token on slot 7
[12:28:01.337] [SEVERE ] removing player 4 token from slot 11
[12:28:01.337] [SEVERE ] removing player 4 token from slot 3
[12:28:01.337] [SEVERE ] removing player 4 token from slot 8
[12:28:01.337] [SEVERE ] player 4 placing token on slot 11
[12:28:01.337] [SEVERE ] player 4 placing token on slot 3
[12:28:01.337] [SEVERE ] player 4 placing token on slot 8
[12:28:01.337] [SEVERE ] setting player 4 freeze to 4
[12:28:01.342] [SEVERE ] setting player 4 freeze to 0
[12:28:01.342] [SEVERE ] player 2 placing token on slot 4
[12:28:01.342] [SEVERE ] setting player 2 freeze to 4
[12:28:01.347] [SEVERE ] setting player 2 freeze to 0
[12:28:01.347] [SEVERE ] removing player 2 token from slot 4
[12:28:01.347] [SEVERE ] removing player 1 token from slot 3
[12:28:01.347] [SEVERE ] removing player 1 token from slot 7
[12:28:01.347] [SEVERE ] player 1 placing token on slot 6
[12:28:01.347] [SEVERE ] player 1 placing token on slot 3
[12:28:01.347] [SEVERE ] setting player 1 freeze to 4
[12:28:01.352] [SEVERE ] setting player 1 freeze to 0
[12:28:01.352] [SEVERE ] player 2 placing token on slot 9
[12:28:01.352] [SEVERE ] setting player 2 freeze to 4
[12:28:01.357] [SEVERE ] setting player 2 freeze to 0
[12:28:01.357] [SEVERE ] removing player 2 token from slot 0
[12:28:01.357] [SEVERE ] removing player 2 token from slot 7
[12:28:01.357] [SEVERE ] player 2 placing token on slot 3
[12:28:01.357] [SEVERE ] player 2 placing token on slot 0
[12:28:01.357] [SEVERE ] setting player 2 freeze to 4
[12:28:01.363] [SEVERE ] setting player 2 freeze to 0
[12:28:01.363] [SEVERE ] removing player 2 token from slot 9
[12:28:01.363] [SEVERE ] removing player 4 token from slot 3
[12:28:01.363] [SEVERE ] player 4 placing token on slot 0
[12:28:01.363] [SEVERE ] setting player 4 freeze to 4
[12:28:01.363] [SEVERE ] player 2 placing token on slot 1
[12:28:01.363] [SEVERE ] setting player 2 freeze to 4
[12:28:01.367] [SEVERE ] setting player 2 freeze to 0
[12:28:01.367] [SEVERE ] setting player 4 freeze to 0
[12:28:01.367] [SEVERE ] removing player 3 token from slot 4
[12:28:01.367] [SEVERE ] removing player 1 token from slot 6
[12:28:01.367] [SEVERE ] removing player 1 token from slot 0
[12:28:01.367] [SEVERE ] player 1 placing token on slot 4
[12:28:01.367] [SEVERE ] removing player 2 token from slot 1
[12:28:01.367] [SEVERE ] removing player 4 token from slot 8
[12:28:01.367] [SEVERE ] player 4 placing token on slot 1
[12:28:01.367] [SEVERE ] setting player 4 freeze to 4
[12:28:01.373] [SEVERE ] setting player 4 freeze to 0
[12:28:01.373] [SEVERE ] removing player 4 token from slot 1
[12:28:01.373] [SEVERE ] player 4 placing token on slot 5
[12:28:01.373] [SEVERE ] setting player 4 freeze to 4
[12:28:01.373] [SEVERE ] player 2 placing token on slot 6
[12:28:01.373] [SEVERE ] setting player 2 freeze to 4
[12:28:01.378] [SEVERE ] setting player 4 freeze to 0
[12:28:01.378] [SEVERE ] setting player 2 freeze to 0
[12:28:01.378] [SEVERE ] removing player 2 token from slot 6
[12:28:01.378] [SEVERE ] player 2 placing token on slot 9
[12:28:01.378] [SEVERE ] setting player 2 freeze to 4
[12:28:01.384] [SEVERE ] setting player 2 freeze to 0
[12:28:01.384] [SEVERE ] player 1 placing token on slot 6
[12:28:01.384] [SEVERE ] setting player 1 freeze to 4
[12:28:01.389] [SEVERE ] setting player 1 freeze to 0
[12:28:01.389] [SEVERE ] player 3 placing token on slot 6
[12:28:01.389] [SEVERE ] setting player 3 freeze to 4
[12:28:01.394] [SEVERE ] setting player 3 freeze to 0
[12:28:01.394] [SEVERE ] removing player 1 token from slot 4
[12:28:01.394] [SEVERE ] removing player 2 token from slot 0
[12:28:01.394] [SEVERE ] player 2 placing token on slot 5
[12:28:01.394] [SEVERE ] setting player 2 freeze to 4
[12:28:01.399] [SEVERE ] setting player 2 freeze to 0
[12:28:01.399] [SEVERE ] removing player 2 token from slot 5
[12:28:01.399] [SEVERE ] player 2 placing token on slot 2
[12:28:01.399] [SEVERE ] setting player 2 freeze to 4
[12:28:01.404] [SEVERE ] setting player 2 freeze to 0
[12:28:01.404] [SEVERE ] player 1 placing token on slot 9
[12:28:01.404] [SEVERE ] setting player 1 freeze to 4
[12:28:01.409] [SEVERE ] setting player 1 freeze to 0
[12:28:01.409] [SEVERE ] removing player 3 token from slot 9
[12:28:01.409] [SEVERE ] player 3 placing token on slot 10
[12:28:01.409] [SEVERE ] setting player 3 freeze to 4
[12:28:01.415] [SEVERE ] setting player 3 freeze to 0
[12:28:01.415] [SEVERE ] removing player 3 token from slot 6
[12:28:01.415] [SEVERE ] removing player 3 token from slot 11
[12:28:01.415] [SEVERE ] player 3 placing token on slot 8
[12:28:01.415] [SEVERE ] player 3 placing token on slot 6
[12:28:01.415] [SEVERE ] setting player 3 freeze to 4
[12:28:01.420] [SEVERE ] setting player 3 freeze to 0
[12:28:01.420] [SEVERE ] removing player 3 token from slot 6
[12:28:01.420] [SEVERE ] player 3 placing token on slot 4
[12:28:01.420] [SEVERE ] setting player 3 freeze to 4
[12:28:01.420] [SEVERE ] removing player 4 token from slot 11
[12:28:01.421] [SEVERE ] removing player 4 token from slot 0
[12:28:01.421] [SEVERE ] player 4 placing token on slot 2
[12:28:01.421] [SEVERE ] player 4 placing token on slot 11
[12:28:01.421] [SEVERE ] setting player 4 freeze to 4
[12:28:01.425] [SEVERE ] setting player 4 freeze to 0
[12:28:01.425] [SEVERE ] setting player 3 freeze to 0
[12:28:01.425] [SEVERE ] removing player 3 token from slot 10
[12:28:01.425] [SEVERE ] player 3 placing token on slot 0
[12:28:01.425] [SEVERE ] setting player 3 freeze to 4
[12:28:01.431] [SEVERE ] setting player 3 freeze to 0
[12:28:01.431] [SEVERE ] removing player 3 token from slot 4
[12:28:01.431] [SEVERE ] player 3 placing token on slot 3
[12:28:01.431] [SEVERE ] setting player 3 freeze to 4
[12:28:01.431] [SEVERE ] removing player 2 token from slot 2
[12:28:01.431] [SEVERE ] player 2 placing token on slot 11
[12:28:01.431] [SEVERE ] setting player 2 freeze to 4
[12:28:01.436] [SEVERE ] setting player 2 freeze to 0
[12:28:01.436] [SEVERE ] setting player 3 freeze to 0
[12:28:01.436] [SEVERE ] removing player 2 token from slot 11
[12:28:01.436] [SEVERE ] removing player 2 token from slot 9
[12:28:01.436] [SEVERE ] player 2 placing token on slot 2
[12:28:01.436] [SEVERE ] player 2 placing token on slot 11
[12:28:01.436] [SEVERE ] setting player 2 freeze to 4
[12:28:01.442] [SEVERE ] setting player 2 freeze to 0
[12:28:01.442] [SEVERE ] removing player 1 token from slot 6
[12:28:01.442] [SEVERE ] player 1 placing token on slot 4
[12:28:01.442] [SEVERE ] setting player 1 freeze to 4
[12:28:01.447] [SEVERE ] setting player 1 freeze to 0
[12:28:01.447] [SEVERE ] removing player 1 token from slot 9
[12:28:01.447] [SEVERE ] player 1 placing token on slot 10
[12:28:01.447] [SEVERE ] setting player 1 freeze to 4
[12:28:01.452] [SEVERE ] setting player 1 freeze to 0
[12:28:01.452] [SEVERE ] removing player 1 token from slot 3
[12:28:01.452] [SEVERE ] player 1 placing token on slot 5
[12:28:01.452] [SEVERE ] setting player 1 freeze to 4
[12:28:01.457] [SEVERE ] setting player 1 freeze to 0
[12:28:01.457] [SEVERE ] removing player 4 token from slot 5
[12:28:01.457] [SEVERE ] removing player 4 token from slot 2
[12:28:01.457] [SEVERE ] player 4 placing token on slot 0
[12:28:01.457] [SEVERE ] player 4 placing token on slot 5
[12:28:01.457] [SEVERE ] setting player 4 freeze to 4
[12:28:01.462] [SEVERE ] setting player 4 freeze to 0
[12:28:01.462] [SEVERE ] removing player 4 token from slot 0
[12:28:01.462] [SEVERE ] player 4 placing token on slot 2
[12:28:01.462] [SEVERE ] setting player 4 freeze to 4
[12:28:01.467] [SEVERE ] setting player 4 freeze to 0
[12:28:01.467] [SEVERE ] removing player 4 token from slot 2
[12:28:01.467] [SEVERE ] player 4 placing token on slot 0
[12:28:01.467] [SEVERE ] setting player 4 freeze to 4
[12:28:01.473] [SEVERE ] setting player 4 freeze to 0
[12:28:01.473] [SEVERE ] removing player 3 token from slot 8
[12:28:01.473] [SEVERE ] player 3 placing token on slot 7
[12:28:01.473] [SEVERE ] setting player 3 freeze to 4
[12:28:01.479] [SEVERE ] setting player 3 freeze to 0
[12:28:01.479] [SEVERE ] removing player 3 token from slot 7
[12:28:01.479] [SEVERE ] player 3 placing token on slot 1
[12:28:01.479] [SEVERE ] setting player 3 freeze to 4
[12:28:01.483] [SEVERE ] setting player 3 freeze to 0
[12:28:01.483] [SEVERE ] removing player 3 token from slot 1
[12:28:01.483] [SEVERE ] player 3 placing token on slot 10
[12:28:01.483] [SEVERE ] setting player 3 freeze to 4
[12:28:01.489] [SEVERE ] setting player 3 freeze to 0
[12:28:01.489] [SEVERE ] removing player 3 token from slot 0
[12:28:01.489] [SEVERE ] player 3 placing token on slot 1
[12:28:01.489] [SEVERE ] setting player 3 freeze to 4
[12:28:01.494] [SEVERE ] setting player 3 freeze to 0
[12:28:01.494] [SEVERE ] removing player 3 token from slot 1
[12:28:01.494] [SEVERE ] removing player 3 token from slot 3
[12:28:01.494] [SEVERE ] player 3 placing token on slot 2
[12:28:01.494] [SEVERE ] player 3 placing token on slot 1
[12:28:01.494] [SEVERE ] setting player 3 freeze to 4
[12:28:01.499] [SEVERE ] setting player 3 freeze to 0
[12:28:01.499] [SEVERE ] removing player 3 token from slot 2
[12:28:01.499] [SEVERE ] player 3 placing token on slot 9
[12:28:01.499] [SEVERE ] setting player 3 freeze to 4
[12:28:01.499] [SEVERE ] removing player 4 token from slot 11
[12:28:01.500] [SEVERE ] removing player 1 token from slot 4
[12:28:01.500] [SEVERE ] player 1 placing token on slot 7
[12:28:01.500] [SEVERE ] setting player 1 freeze to 4
[12:28:01.505] [SEVERE ] setting player 1 freeze to 0
[12:28:01.505] [SEVERE ] setting player 3 freeze to 0
[12:28:01.505] [SEVERE ] removing player 2 token from slot 11
[12:28:01.505] [SEVERE ] player 2 placing token on slot 10
[12:28:01.505] [SEVERE ] setting player 2 freeze to 4
[12:28:01.510] [SEVERE ] setting player 2 freeze to 0
[12:28:01.510] [SEVERE ] removing player 2 token from slot 2
[12:28:01.510] [SEVERE ] player 2 placing token on slot 4
[12:28:01.510] [SEVERE ] player 4 placing token on slot 3
[12:28:01.510] [SEVERE ] setting player 2 freeze to 4
[12:28:01.510] [SEVERE ] setting player 4 freeze to 4
[12:28:01.515] [SEVERE ] setting player 2 freeze to 0
[12:28:01.515] [SEVERE ] setting player 4 freeze to 0
[12:28:01.515] [SEVERE ] removing player 4 token from slot 5
[12:28:01.515] [SEVERE ] player 4 placing token on slot 10
[12:28:01.515] [SEVERE ] setting player 4 freeze to 4
[12:28:01.520] [SEVERE ] setting player 4 freeze to 0
[12:28:01.520] [SEVERE ] removing player 4 token from slot 10
[12:28:01.520] [SEVERE ] removing player 4 token from slot 3
[12:28:01.520] [SEVERE ] player 4 placing token on slot 9
[12:28:01.520] [SEVERE ] player 4 placing token on slot 10
[12:28:01.520] [SEVERE ] setting player 4 freeze to 4
[12:28:01.526] [SEVERE ] setting player 4 freeze to 0
[12:28:01.526] [SEVERE ] removing player 1 token from slot 10
[12:28:01.526] [SEVERE ] removing player 1 token from slot 5
[12:28:01.526] [SEVERE ] player 1 placing token on slot 4
[12:28:01.526] [SEVERE ] player 1 placing token on slot 10
[12:28:01.526] [SEVERE ] setting player 1 freeze to 4
[12:28:01.530] [SEVERE ] setting player 1 freeze to 0
[12:28:01.530] [SEVERE ] removing player 1 token from slot 10
[12:28:01.530] [SEVERE ] player 1 placing token on slot 2
[12:28:01.530] [SEVERE ] setting player 1 freeze to 4
[12:28:01.536] [SEVERE ] setting player 1 freeze to 0
[12:28:01.536] [SEVERE ] removing player 1 token from slot 4
[12:28:01.536] [SEVERE ] removing player 1 token from slot 2
[12:28:01.536] [SEVERE ] player 1 placing token on slot 1
[12:28:01.536] [SEVERE ] player 1 placing token on slot 4
[12:28:01.536] [SEVERE ] setting player 1 freeze to 4
[12:28:01.541] [SEVERE ] setting player 1 freeze to 0
[12:28:01.541] [SEVERE ] removing player 1 token from slot 4
[12:28:01.541] [SEVERE ] player 1 placing token on slot 8
[12:28:01.541] [SEVERE ] setting player 1 freeze to 4
[12:28:01.546] [SEVERE ] setting player 1 freeze to 0
[12:28:01.546] [SEVERE ] removing player 1 token from slot 1
[12:28:01.546] [SEVERE ] player 1 placing token on slot 6
[12:28:01.546] [SEVERE ] setting player 1 freeze to 4
[12:28:01.551] [SEVERE ] setting player 1 freeze to 0
[12:28:01.551] [SEVERE ] removing player 1 token from slot 8
[12:28:01.551] [SEVERE ] player 1 placing token on slot 10
[12:28:01.551] [SEVERE ] setting player 1 freeze to 4
[12:28:01.556] [SEVERE ] setting player 1 freeze to 0
[12:28:01.556] [SEVERE ] removing player 1 token from slot 10
[12:28:01.556] [SEVERE ] player 1 placing token on slot 0
[12:28:01.556] [SEVERE ] setting player 1 freeze to 4
[12:28:01.561] [SEVERE ] setting player 1 freeze to 0
[12:28:01.561] [SEVERE ] removing player 1 token from slot 0
[12:28:01.561] [SEVERE ] player 1 placing token on slot 3
[12:28:01.561] [SEVERE ] setting player 1 freeze to 4
[12:28:01.566] [SEVERE ] setting player 1 freeze to 0
[12:28:01.566] [SEVERE ] removing player 1 token from slot 7
[12:28:01.566] [SEVERE ] player 1 placing token on slot 1
[12:28:01.566] [SEVERE ] setting player 1 freeze to 4
[12:28:01.571] [SEVERE ] setting player 1 freeze to 0
[12:28:01.571] [SEVERE ] removing player 1 token from slot 6
[12:28:01.571] [SEVERE ] player 1 placing token on slot 11
[12:28:01.571] [SEVERE ] setting player 1 freeze to 4
[12:28:01.576] [SEVERE ] setting player 1 freeze to 0
[12:28:01.576] [SEVERE ] removing player 1 token from slot 3
[12:28:01.576] [SEVERE ] player 1 placing token on slot 6
[12:28:01.576] [SEVERE ] setting player 1 freeze to 4
[12:28:01.576] [SEVERE ] removing player 3 token from slot 10
[12:28:01.576] [SEVERE ] player 3 placing token on slot 6
[12:28:01.576] [SEVERE ] setting player 3 freeze to 4
[12:28:01.581] [SEVERE ] setting player 3 freeze to 0
[12:28:01.581] [SEVERE ] setting player 1 freeze to 0
[12:28:01.581] [SEVERE ] removing player 3 token from slot 1
[12:28:01.581] [SEVERE ] player 3 placing token on slot 3
[12:28:01.581] [SEVERE ] setting player 3 freeze to 4
[12:28:01.587] [SEVERE ] setting player 3 freeze to 0
[12:28:01.587] [SEVERE ] removing player 3 token from slot 6
[12:28:01.587] [SEVERE ] player 3 placing token on slot 8
[12:28:01.587] [SEVERE ] setting player 3 freeze to 4
[12:28:01.587] [SEVERE ] removing player 2 token from slot 3
[12:28:01.587] [SEVERE ] player 2 placing token on slot 11
[12:28:01.587] [SEVERE ] setting player 2 freeze to 4
[12:28:01.592] [SEVERE ] setting player 3 freeze to 0
[12:28:01.592] [SEVERE ] setting player 2 freeze to 0
[12:28:01.592] [SEVERE ] removing player 4 token from slot 10
[12:28:01.592] [SEVERE ] player 4 placing token on slot 5
[12:28:01.592] [SEVERE ] setting player 4 freeze to 4
[12:28:01.598] [SEVERE ] setting player 4 freeze to 0
[12:28:01.598] [SEVERE ] removing player 4 token from slot 9
[12:28:01.598] [SEVERE ] player 4 placing token on slot 10
[12:28:01.598] [SEVERE ] setting player 4 freeze to 4
[12:28:01.603] [SEVERE ] setting player 4 freeze to 0
[12:28:01.603] [SEVERE ] removing player 4 token from slot 5
[12:28:01.603] [SEVERE ] player 4 placing token on slot 3
[12:28:01.603] [SEVERE ] setting player 4 freeze to 4
[12:28:01.608] [SEVERE ] setting player 4 freeze to 0
[12:28:01.608] [SEVERE ] removing player 3 token from slot 9
[12:28:01.608] [SEVERE ] player 3 placing token on slot 4
[12:28:01.608] [SEVERE ] setting player 3 freeze to 4
[12:28:01.608] [SEVERE ] removing player 1 token from slot 6
[12:28:01.614] [SEVERE ] setting player 3 freeze to 0
[12:28:01.614] [SEVERE ] removing player 3 token from slot 4
[12:28:01.614] [SEVERE ] player 3 placing token on slot 5
[12:28:01.614] [SEVERE ] setting player 3 freeze to 4
[12:28:01.619] [SEVERE ] setting player 3 freeze to 0
[12:28:01.619] [SEVERE ] removing player 3 token from slot 8
[12:28:01.619] [SEVERE ] player 3 placing token on slot 2
[12:28:01.619] [SEVERE ] setting player 3 freeze to 4
[12:28:01.619] [SEVERE ] removing player 4 token from slot 3
[12:28:01.619] [SEVERE ] player 4 placing token on slot 7
[12:28:01.619] [SEVERE ] setting player 4 freeze to 4
[12:28:01.624] [SEVERE ] setting player 4 freeze to 0
[12:28:01.624] [SEVERE ] setting player 3 freeze to 0
[12:28:01.624] [SEVERE ] removing player 4 token from slot 7
[12:28:01.624] [SEVERE ] player 4 placing token on slot 1
[12:28:01.624] [SEVERE ] setting player 4 freeze to 4
[12:28:01.624] [SEVERE ] removing player 3 token from slot 2
[12:28:01.625] [SEVERE ] player 3 placing token on slot 8
[12:28:01.625] [SEVERE ] setting player 3 freeze to 4
[12:28:01.625] [SEVERE ] player 1 placing token on slot 10
[12:28:01.625] [SEVERE ] setting player 1 freeze to 4
[12:28:01.630] [SEVERE ] setting player 1 freeze to 0
[12:28:01.630] [SEVERE ] setting player 4 freeze to 0
[12:28:01.630] [SEVERE ] setting player 3 freeze to 0
[12:28:01.630] [SEVERE ] removing player 4 token from slot 10
[12:28:01.630] [SEVERE ] player 4 placing token on slot 11
[12:28:01.630] [SEVERE ] setting player 4 freeze to 4
[12:28:01.635] [SEVERE ] setting player 4 freeze to 0
[12:28:01.635] [SEVERE ] removing player 4 token from slot 1
[12:28:01.635] [SEVERE ] player 4 placing token on slot 8
[12:28:01.635] [SEVERE ] setting player 4 freeze to 4
[12:28:01.641] [SEVERE ] setting player 4 freeze to 0
[12:28:01.641] [SEVERE ] removing player 4 token from slot 11
[12:28:01.641] [SEVERE ] player 4 placing token on slot 6
[12:28:01.641] [SEVERE ] setting player 4 freeze to 4
[12:28:01.641] [SEVERE ] removing player 3 token from slot 3
[12:28:01.641] [SEVERE ] player 3 placing token on slot 6
[12:28:01.641] [SEVERE ] setting player 3 freeze to 4
[12:28:01.646] [SEVERE ] setting player 4 freeze to 0
[12:28:01.646] [SEVERE ] setting player 3 freeze to 0
[12:28:01.646] [SEVERE ] removing player 2 token from slot 11
[12:28:01.646] [SEVERE ] player 2 placing token on slot 6
[12:28:01.646] [SEVERE ] setting player 2 freeze to 4
[12:28:01.652] [SEVERE ] setting player 2 freeze to 0
[12:28:01.652] [SEVERE ] removing player 4 token from slot 8
[12:28:01.652] [SEVERE ] player 4 placing token on slot 11
[12:28:01.652] [SEVERE ] setting player 4 freeze to 4
[12:28:01.657] [SEVERE ] setting player 4 freeze to 0
[12:28:01.657] [SEVERE ] removing player 3 token from slot 6
[12:28:01.657] [SEVERE ] removing player 3 token from slot 8
[12:28:01.657] [SEVERE ] player 3 placing token on slot 9
[12:28:01.657] [SEVERE ] player 3 placing token on slot 6
[12:28:01.657] [SEVERE ] setting player 3 freeze to 4
[12:28:01.662] [SEVERE ] setting player 3 freeze to 0
[12:28:01.662] [SEVERE ] removing player 3 token from slot 5
[12:28:01.662] [SEVERE ] player 3 placing token on slot 8
[12:28:01.662] [SEVERE ] setting player 3 freeze to 4
[12:28:01.667] [SEVERE ] setting player 3 freeze to 0
[12:28:01.667] [SEVERE ] removing player 3 token from slot 8
[12:28:01.667] [SEVERE ] player 3 placing token on slot 11
[12:28:01.667] [SEVERE ] setting player 3 freeze to 4
[12:28:01.672] [SEVERE ] setting player 3 freeze to 0
[12:28:01.672] [SEVERE ] removing player 3 token from slot 9
[12:28:01.672] [SEVERE ] removing player 3 token from slot 11
[12:28:01.672] [SEVERE ] player 3 placing token on slot 8
[12:28:01.672] [SEVERE ] player 3 placing token on slot 9
[12:28:01.672] [SEVERE ] setting player 3 freeze to 4
[12:28:01.677] [SEVERE ] setting player 3 freeze to 0
[12:28:01.677] [SEVERE ] removing player 2 token from slot 10
[12:28:01.677] [SEVERE ] removing player 2 token from slot 4
[12:28:01.677] [SEVERE ] player 2 placing token on slot 0
[12:28:01.677] [SEVERE ] player 2 placing token on slot 10
[12:28:01.677] [SEVERE ] setting player 2 freeze to 4
[12:28:01.682] [SEVERE ] setting player 2 freeze to 0
[12:28:01.682] [SEVERE ] removing player 4 token from slot 0
[12:28:01.682] [SEVERE ] player 4 placing token on slot 5
[12:28:01.682] [SEVERE ] setting player 4 freeze to 4
[12:28:01.688] [SEVERE ] setting player 4 freeze to 0
[12:28:01.688] [SEVERE ] removing player 4 token from slot 5
[12:28:01.688] [SEVERE ] player 4 placing token on slot 1
[12:28:01.688] [SEVERE ] setting player 4 freeze to 4
[12:28:01.693] [SEVERE ] setting player 4 freeze to 0
[12:28:01.693] [SEVERE ] removing player 4 token from slot 1
[12:28:01.693] [SEVERE ] player 4 placing token on slot 3
[12:28:01.693] [SEVERE ] setting player 4 freeze to 4
[12:28:01.699] [SEVERE ] setting player 4 freeze to 0
[12:28:01.699] [SEVERE ] removing player 4 token from slot 3
[12:28:01.699] [SEVERE ] player 4 placing token on slot 7
[12:28:01.699] [SEVERE ] setting player 4 freeze to 4
[12:28:01.704] [SEVERE ] setting player 4 freeze to 0
[12:28:01.704] [SEVERE ] removing player 4 token from slot 7
[12:28:01.704] [SEVERE ] removing player 4 token from slot 11
[12:28:01.704] [SEVERE ] player 4 placing token on slot 1
[12:28:01.704] [SEVERE ] player 4 placing token on slot 7
[12:28:01.704] [SEVERE ] setting player 4 freeze to 4
[12:28:01.710] [SEVERE ] setting player 4 freeze to 0
[12:28:01.710] [SEVERE ] removing player 4 token from slot 7
[12:28:01.710] [SEVERE ] player 4 placing token on slot 2
[12:28:01.710] [SEVERE ] setting player 4 freeze to 4
[12:28:01.715] [SEVERE ] setting player 4 freeze to 0
[12:28:01.715] [SEVERE ] removing player 4 token from slot 6
[12:28:01.715] [SEVERE ] player 4 placing token on slot 5
[12:28:01.715] [SEVERE ] setting player 4 freeze to 4
[12:28:01.720] [SEVERE ] setting player 4 freeze to 0
[12:28:01.720] [SEVERE ] removing player 1 token from slot 11
[12:28:01.720] [SEVERE ] player 1 placing token on slot 4
[12:28:01.720] [SEVERE ] setting player 1 freeze to 4
[12:28:01.726] [SEVERE ] setting player 1 freeze to 0
[12:28:01.726] [SEVERE ] removing player 1 token from slot 4
[12:28:01.726] [SEVERE ] player 1 placing token on slot 2
[12:28:01.726] [SEVERE ] setting player 1 freeze to 4
[12:28:01.731] [SEVERE ] setting player 1 freeze to 0
[12:28:01.731] [SEVERE ] removing player 1 token from slot 2
[12:28:01.731] [SEVERE ] player 1 placing token on slot 3
[12:28:01.731] [SEVERE ] setting player 1 freeze to 4
[12:28:01.736] [SEVERE ] setting player 1 freeze to 0
[12:28:01.736] [SEVERE ] removing player 1 token from slot 1
[12:28:01.736] [SEVERE ] player 1 placing token on slot 6
[12:28:01.736] [SEVERE ] setting player 1 freeze to 4
[12:28:01.742] [SEVERE ] setting player 1 freeze to 0
[12:28:01.742] [SEVERE ] removing player 1 token from slot 3
[12:28:01.742] [SEVERE ] player 1 placing token on slot 2
[12:28:01.742] [SEVERE ] setting player 1 freeze to 4
[12:28:01.742] [SEVERE ] removing player 4 token from slot 2
[12:28:01.743] [SEVERE ] removing player 3 token from slot 8
[12:28:01.743] [SEVERE ] player 3 placing token on slot 0
[12:28:01.743] [SEVERE ] setting player 3 freeze to 4
[12:28:01.743] [SEVERE ] player 4 placing token on slot 7
[12:28:01.743] [SEVERE ] setting player 4 freeze to 4
[12:28:01.747] [SEVERE ] setting player 1 freeze to 0
[12:28:01.747] [SEVERE ] setting player 4 freeze to 0
[12:28:01.747] [SEVERE ] setting player 3 freeze to 0
[12:28:01.747] [SEVERE ] removing player 4 token from slot 5
[12:28:01.747] [SEVERE ] player 4 placing token on slot 4
[12:28:01.747] [SEVERE ] setting player 4 freeze to 4
[12:28:01.752] [SEVERE ] setting player 4 freeze to 0
[12:28:01.752] [SEVERE ] removing player 4 token from slot 1
[12:28:01.752] [SEVERE ] removing player 2 token from slot 0
[12:28:01.752] [SEVERE ] player 2 placing token on slot 4
[12:28:01.752] [SEVERE ] setting player 2 freeze to 4
[12:28:01.759] [SEVERE ] setting player 2 freeze to 0
[12:28:01.759] [SEVERE ] removing player 2 token from slot 4
[12:28:01.759] [SEVERE ] player 2 placing token on slot 3
[12:28:01.759] [SEVERE ] setting player 2 freeze to 4
[12:28:01.766] [SEVERE ] setting player 2 freeze to 0
[12:28:01.766] [SEVERE ] removing player 2 token from slot 6
[12:28:01.766] [SEVERE ] player 2 placing token on slot 8
[12:28:01.766] [SEVERE ] setting player 2 freeze to 4
[12:28:01.770] [SEVERE ] setting player 2 freeze to 0
[12:28:01.770] [SEVERE ] removing player 2 token from slot 8
[12:28:01.770] [SEVERE ] player 2 placing token on slot 7
[12:28:01.770] [SEVERE ] setting player 2 freeze to 4
[12:28:01.775] [SEVERE ] setting player 2 freeze to 0
[12:28:01.775] [SEVERE ] removing player 2 token from slot 3
[12:28:01.775] [SEVERE ] removing player 2 token from slot 7
[12:28:01.775] [SEVERE ] player 2 placing token on slot 8
[12:28:01.775] [SEVERE ] player 2 placing token on slot 3
[12:28:01.775] [SEVERE ] setting player 2 freeze to 4
[12:28:01.780] [SEVERE ] setting player 2 freeze to 0
[12:28:01.780] [SEVERE ] removing player 2 token from slot 8
[12:28:01.780] [SEVERE ] removing player 2 token from slot 10
[12:28:01.780] [SEVERE ] player 2 placing token on slot 11
[12:28:01.780] [SEVERE ] player 2 placing token on slot 8
[12:28:01.780] [SEVERE ] setting player 2 freeze to 4
[12:28:01.785] [SEVERE ] setting player 2 freeze to 0
[12:28:01.785] [SEVERE ] removing player 2 token from slot 3
[12:28:01.785] [SEVERE ] player 2 placing token on slot 9
[12:28:01.785] [SEVERE ] setting player 2 freeze to 4
[12:28:01.790] [SEVERE ] setting player 2 freeze to 0
[12:28:01.790] [SEVERE ] removing player 2 token from slot 11
[12:28:01.790] [SEVERE ] player 2 placing token on slot 6
[12:28:01.790] [SEVERE ] setting player 2 freeze to 4
[12:28:01.795] [SEVERE ] setting player 2 freeze to 0
[12:28:01.795] [SEVERE ] removing player 2 token from slot 8
[12:28:01.795] [SEVERE ] player 4 placing token on slot 2
[12:28:01.795] [SEVERE ] setting player 4 freeze to 4
[12:28:01.800] [SEVERE ] setting player 4 freeze to 0
[12:28:01.800] [SEVERE ] removing player 4 token from slot 7
[12:28:01.800] [SEVERE ] player 4 placing token on slot 5
[12:28:01.800] [SEVERE ] setting player 4 freeze to 4
[12:28:01.805] [SEVERE ] setting player 4 freeze to 0
[12:28:01.805] [SEVERE ] player 2 placing token on slot 7
[12:28:01.805] [SEVERE ] setting player 2 freeze to 4
[12:28:01.810] [SEVERE ] setting player 2 freeze to 0
[12:28:01.810] [SEVERE ] removing player 2 token from slot 6
[12:28:01.810] [SEVERE ] removing player 2 token from slot 9
[12:28:01.810] [SEVERE ] player 2 placing token on slot 11
[12:28:01.810] [SEVERE ] removing player 3 token from slot 6
[12:28:01.810] [SEVERE ] player 3 placing token on slot 8
[12:28:01.810] [SEVERE ] setting player 3 freeze to 4
[12:28:01.810] [SEVERE ] player 2 placing token on slot 6
[12:28:01.810] [SEVERE ] setting player 2 freeze to 4
[12:28:01.815] [SEVERE ] setting player 2 freeze to 0
[12:28:01.815] [SEVERE ] setting player 3 freeze to 0
[12:28:01.815] [SEVERE ] removing player 2 token from slot 7
[12:28:01.815] [SEVERE ] player 2 placing token on slot 9
[12:28:01.815] [SEVERE ] setting player 2 freeze to 4
[12:28:01.819] [SEVERE ] setting player 2 freeze to 0
[12:28:01.819] [SEVERE ] removing player 2 token from slot 11
[12:28:01.819] [SEVERE ] removing player 2 token from slot 9
[12:28:01.819] [SEVERE ] removing player 1 token from slot 10
[12:28:01.819] [SEVERE ] player 1 placing token on slot 11
[12:28:01.819] [SEVERE ] setting player 1 freeze to 4
[12:28:01.824] [SEVERE ] setting player 1 freeze to 0
[12:28:01.824] [SEVERE ] removing player 1 token from slot 2
[12:28:01.824] [SEVERE ] player 1 placing token on slot 8
[12:28:01.824] [SEVERE ] setting player 1 freeze to 4
[12:28:01.829] [SEVERE ] setting player 1 freeze to 0
[12:28:01.829] [SEVERE ] removing player 4 token from slot 5
[12:28:01.829] [SEVERE ] player 4 placing token on slot 3
[12:28:01.829] [SEVERE ] setting player 4 freeze to 4
[12:28:01.836] [SEVERE ] setting player 4 freeze to 0
[12:28:01.836] [SEVERE ] removing player 4 token from slot 4
[12:28:01.836] [SEVERE ] player 2 placing token on slot 5
[12:28:01.836] [SEVERE ] player 2 placing token on slot 11
[12:28:01.836] [SEVERE ] setting player 2 freeze to 4
[12:28:01.841] [SEVERE ] setting player 2 freeze to 0
[12:28:01.841] [SEVERE ] removing player 2 token from slot 5
[12:28:01.841] [SEVERE ] player 2 placing token on slot 9
[12:28:01.841] [SEVERE ] setting player 2 freeze to 4
[12:28:01.841] [SEVERE ] removing player 3 token from slot 9
[12:28:01.841] [SEVERE ] player 3 placing token on slot 5
[12:28:01.841] [SEVERE ] setting player 3 freeze to 4
[12:28:01.846] [SEVERE ] setting player 2 freeze to 0
[12:28:01.846] [SEVERE ] setting player 3 freeze to 0
[12:28:01.846] [SEVERE ] removing player 3 token from slot 0
[12:28:01.846] [SEVERE ] player 3 placing token on slot 6
[12:28:01.846] [SEVERE ] setting player 3 freeze to 4
[12:28:01.850] [SEVERE ] setting player 3 freeze to 0
[12:28:01.850] [SEVERE ] removing player 3 token from slot 5
[12:28:01.850] [SEVERE ] player 3 placing token on slot 7
[12:28:01.850] [SEVERE ] setting player 3 freeze to 4
[12:28:01.856] [SEVERE ] setting player 3 freeze to 0
[12:28:01.856] [SEVERE ] removing player 3 token from slot 6
[12:28:01.856] [SEVERE ] player 3 placing token on slot 11
[12:28:01.856] [SEVERE ] setting player 3 freeze to 4
[12:28:01.860] [SEVERE ] setting player 3 freeze to 0
[12:28:01.860] [SEVERE ] player 4 placing token on slot 10
[12:28:01.860] [SEVERE ] setting player 4 freeze to 4
[12:28:01.865] [SEVERE ] setting player 4 freeze to 0
[12:28:01.865] [SEVERE ] removing player 4 token from slot 10
[12:28:01.865] [SEVERE ] removing player 1 token from slot 6
[12:28:01.865] [SEVERE ] player 1 placing token on slot 0
[12:28:01.865] [SEVERE ] setting player 1 freeze to 4
[12:28:01.869] [SEVERE ] setting player 1 freeze to 0
[12:28:01.869] [SEVERE ] removing player 1 token from slot 0
[12:28:01.869] [SEVERE ] removing player 1 token from slot 8
[12:28:01.869] [SEVERE ] player 4 placing token on slot 6
[12:28:01.869] [SEVERE ] setting player 4 freeze to 4
[12:28:01.874] [SEVERE ] setting player 4 freeze to 0
[12:28:01.874] [SEVERE ] removing player 2 token from slot 9
[12:28:01.874] [SEVERE ] player 2 placing token on slot 0
[12:28:01.874] [SEVERE ] setting player 2 freeze to 4
[12:28:01.879] [SEVERE ] setting player 2 freeze to 0
[12:28:01.879] [SEVERE ] removing player 2 token from slot 0
[12:28:01.879] [SEVERE ] player 2 placing token on slot 4
[12:28:01.879] [SEVERE ] setting player 2 freeze to 4
[12:28:01.879] [SEVERE ] player 1 placing token on slot 9
[12:28:01.880] [SEVERE ] player 1 placing token on slot 0
[12:28:01.880] [SEVERE ] setting player 1 freeze to 4
[12:28:01.884] [SEVERE ] setting player 2 freeze to 0
[12:28:01.884] [SEVERE ] setting player 1 freeze to 0
[12:28:01.884] [SEVERE ] removing player 2 token from slot 4
[12:28:01.884] [SEVERE ] player 2 placing token on slot 8
[12:28:01.884] [SEVERE ] setting player 2 freeze to 4
[12:28:01.889] [SEVERE ] setting player 2 freeze to 0
[12:28:01.889] [SEVERE ] removing player 2 token from slot 11
[12:28:01.889] [SEVERE ] removing player 2 token from slot 8
[12:28:01.889] [SEVERE ] player 2 placing token on slot 9
[12:28:01.889] [SEVERE ] player 2 placing token on slot 11
[12:28:01.889] [SEVERE ] setting player 2 freeze to 4
[12:28:01.894] [SEVERE ] setting player 2 freeze to 0
[12:28:01.894] [SEVERE ] removing player 2 token from slot 9
[12:28:01.894] [SEVERE ] player 2 placing token on slot 8
[12:28:01.896] [SEVERE ] setting player 2 freeze to 4
[12:28:01.901] [SEVERE ] setting player 2 freeze to 0
[12:28:01.901] [SEVERE ] removing player 2 token from slot 11
[12:28:01.901] [SEVERE ] removing player 2 token from slot 8
[12:28:01.901] [SEVERE ] player 2 placing token on slot 2
[12:28:01.901] [SEVERE ] player 2 placing token on slot 11
[12:28:01.901] [SEVERE ] setting player 2 freeze to 4
[12:28:01.905] [SEVERE ] setting player 2 freeze to 0
[12:28:01.905] [SEVERE ] removing player 2 token from slot 6
[12:28:01.905] [SEVERE ] player 2 placing token on slot 7
[12:28:01.905] [SEVERE ] setting player 2 freeze to 4
[12:28:01.910] [SEVERE ] setting player 2 freeze to 0
[12:28:01.910] [SEVERE ] removing player 2 token from slot 2
[12:28:01.910] [SEVERE ] removing player 2 token from slot 7
[12:28:01.910] [SEVERE ] player 2 placing token on slot 5
[12:28:01.910] [SEVERE ] player 2 placing token on slot 2
[12:28:01.910] [SEVERE ] setting player 2 freeze to 4
[12:28:01.915] [SEVERE ] setting player 2 freeze to 0
[12:28:01.915] [SEVERE ] removing player 2 token from slot 11
[12:28:01.915] [SEVERE ] player 2 placing token on slot 0
[12:28:01.915] [SEVERE ] setting player 2 freeze to 4
[12:28:01.920] [SEVERE ] setting player 2 freeze to 0
[12:28:01.920] [SEVERE ] removing player 4 token from slot 2
[12:28:01.920] [SEVERE ] removing player 4 token from slot 6
[12:28:01.920] [SEVERE ] removing player 3 token from slot 8
[12:28:01.920] [SEVERE ] player 3 placing token on slot 4
[12:28:01.920] [SEVERE ] setting player 3 freeze to 4
[12:28:01.925] [SEVERE ] setting player 3 freeze to 0
[12:28:01.925] [SEVERE ] removing player 3 token from slot 7
[12:28:01.925] [SEVERE ] removing player 3 token from slot 4
[12:28:01.925] [SEVERE ] player 3 placing token on slot 10
[12:28:01.925] [SEVERE ] player 3 placing token on slot 7
[12:28:01.925] [SEVERE ] setting player 3 freeze to 4
[12:28:01.931] [SEVERE ] setting player 3 freeze to 0
[12:28:01.947] [SEVERE ] removing player 1 token from slot 9
[12:28:01.947] [SEVERE ] removing card from slot 9
[12:28:01.964] [SEVERE ] removing player 3 token from slot 7
[12:28:01.964] [SEVERE ] removing card from slot 7
[12:28:01.976] [SEVERE ] removing player 2 token from slot 5
[12:28:01.976] [SEVERE ] removing card from slot 5
[12:28:01.992] [SEVERE ] removing card from slot 6
[12:28:02.008] [SEVERE ] removing card from slot 4
[12:28:02.025] [SEVERE ] removing card from slot 1
[12:28:02.041] [SEVERE ] removing player 1 token from slot 0
[12:28:02.051] [SEVERE ] removing player 2 token from slot 0
[12:28:02.051] [SEVERE ] removing card from slot 0
[12:28:02.074] [SEVERE ] removing player 1 token from slot 11
[12:28:02.074] [SEVERE ] removing player 3 token from slot 11
[12:28:02.074] [SEVERE ] removing card from slot 11
[12:28:02.090] [SEVERE ] removing player 3 token from slot 10
[12:28:02.090] [SEVERE ] removing card from slot 10
[12:28:02.102] [SEVERE ] removing player 2 token from slot 2
[12:28:02.102] [SEVERE ] removing card from slot 2
[12:28:02.119] [SEVERE ] removing card from slot 8
[12:28:02.135] [SEVERE ] removing player 4 token from slot 3
[12:28:02.135] [SEVERE ] removing card from slot 3
[12:28:02.151] [SEVERE ] placing card 39 in slot 6
[12:28:02.168] [SEVERE ] placing card 75 in slot 2
[12:28:02.180] [SEVERE ] placing card 5 in slot 7
[12:28:02.197] [SEVERE ] placing card 0 in slot 11
[12:28:02.213] [SEVERE ] placing card 49 in slot 3
[12:28:02.230] [SEVERE ] placing card 18 in slot 4
[12:28:02.242] [SEVERE ] placing card 48 in slot 0
[12:28:02.258] [SEVERE ] placing card 9 in slot 10
[12:28:02.275] [SEVERE ] placing card 34 in slot 8
[12:28:02.287] [SEVERE ] placing card 71 in slot 5
[12:28:02.303] [SEVERE ] placing card 67 in slot 1
[12:28:02.320] [SEVERE ] placing card 61 in slot 9
[12:28:02.320] [SEVERE ] updating countdown to 100
[12:28:02.320] [SEVERE ] player 3 placing token on slot 9
[12:28:02.320] [SEVERE ] player 3 placing token on slot 2
[12:28:02.320] [SEVERE ] player 3 placing token on slot 4
[12:28:02.320] [SEVERE ] player 4 placing token on slot 10
[12:28:02.320] [SEVERE ] player 4 placing token on slot 2
[12:28:02.320] [SEVERE ] player 4 placing token on slot 6
[12:28:02.320] [SEVERE ] setting player 4 freeze to 4
[12:28:02.320] [SEVERE ] setting player 3 freeze to 4
[12:28:02.323] [SEVERE ] updating countdown to 110
[12:28:02.327] [SEVERE ] setting player 3 freeze to 0
[12:28:02.327] [SEVERE ] setting player 4 freeze to 0
[12:28:02.327] [SEVERE ] removing player 4 token from slot 6
[12:28:02.327] [SEVERE ] player 2 placing token on slot 10
[12:28:02.327] [SEVERE ] player 2 placing token on slot 6
[12:28:02.327] [SEVERE ] player 2 placing token on slot 8
[12:28:02.327] [SEVERE ] setting player 2 freeze to 4
[12:28:02.327] [SEVERE ] player 1 placing token on slot 10
[12:28:02.328] [SEVERE ] player 1 placing token on slot 1
[12:28:02.328] [SEVERE ] player 1 placing token on slot 5
[12:28:02.328] [SEVERE ] setting player 1 freeze to 4
[12:28:02.333] [SEVERE ] setting player 1 freeze to 0
[12:28:02.333] [SEVERE ] setting player 2 freeze to 0
[12:28:02.333] [SEVERE ] removing player 1 token from slot 1
[12:28:02.333] [SEVERE ] player 1 placing token on slot 3
[12:28:02.333] [SEVERE ] setting player 1 freeze to 4
[12:28:02.338] [SEVERE ] setting player 1 freeze to 0
[12:28:02.338] [SEVERE ] removing player 1 token from slot 3
[12:28:02.338] [SEVERE ] player 1 placing token on slot 7
[12:28:02.338] [SEVERE ] setting player 1 freeze to 4
[12:28:02.338] [SEVERE ] player 4 placing token on slot 0
[12:28:02.338] [SEVERE ] setting player 4 freeze to 4
[12:28:02.342] [SEVERE ] setting player 1 freeze to 0
[12:28:02.342] [SEVERE ] setting player 4 freeze to 0
[12:28:02.342] [SEVERE ] removing player 4 token from slot 2
[12:28:02.342] [SEVERE ] player 4 placing token on slot 4
[12:28:02.342] [SEVERE ] setting player 4 freeze to 4
[12:28:02.347] [SEVERE ] setting player 4 freeze to 0
[12:28:02.347] [SEVERE ] removing player 4 token from slot 4
[12:28:02.347] [SEVERE ] player 4 placing token on slot 8
[12:28:02.347] [SEVERE ] setting player 4 freeze to 4
[12:28:02.347] [SEVERE ] removing player 1 token from slot 10
[12:28:02.348] [SEVERE ] player 1 placing token on slot 2
[12:28:02.348] [SEVERE ] setting player 1 freeze to 4
[12:28:02.352] [SEVERE ] setting player 4 freeze to 0
[12:28:02.352] [SEVERE ] setting player 1 freeze to 0
[12:28:02.352] [SEVERE ] removing player 1 token from slot 5
[12:28:02.352] [SEVERE ] player 1 placing token on slot 8
[12:28:02.352] [SEVERE ] setting player 1 freeze to 4
[12:28:02.357] [SEVERE ] setting player 1 freeze to 0
[12:28:02.357] [SEVERE ] removing player 1 token from slot 8
[12:28:02.357] [SEVERE ] player 1 placing token on slot 0
[12:28:02.357] [SEVERE ] setting player 1 freeze to 4
[12:28:02.362] [SEVERE ] setting player 1 freeze to 0
[12:28:02.362] [SEVERE ] removing player 4 token from slot 10
[12:28:02.362] [SEVERE ] player 4 placing token on slot 7
[12:28:02.362] [SEVERE ] setting player 4 freeze to 4
[12:28:02.362] [SEVERE ] removing player 3 token from slot 4
[12:28:02.362] [SEVERE ] player 3 placing token on slot 7
[12:28:02.362] [SEVERE ] setting player 3 freeze to 4
[12:28:02.367] [SEVERE ] setting player 3 freeze to 0
[12:28:02.367] [SEVERE ] setting player 4 freeze to 0
[12:28:02.367] [SEVERE ] removing player 3 token from slot 7
[12:28:02.367] [SEVERE ] player 3 placing token on slot 5
[12:28:02.367] [SEVERE ] setting player 3 freeze to 4
[12:28:02.372] [SEVERE ] setting player 3 freeze to 0
[12:28:02.372] [SEVERE ] removing player 3 token from slot 2
[12:28:02.372] [SEVERE ] player 3 placing token on slot 0
[12:28:02.372] [SEVERE ] setting player 3 freeze to 4
[12:28:02.372] [SEVERE ] removing player 4 token from slot 0
[12:28:02.372] [SEVERE ] player 4 placing token on slot 10
[12:28:02.372] [SEVERE ] setting player 4 freeze to 4
[12:28:02.372] [SEVERE ] removing player 1 token from slot 0
[12:28:02.372] [SEVERE ] player 1 placing token on slot 6
[12:28:02.372] [SEVERE ] setting player 1 freeze to 4
[12:28:02.376] [SEVERE ] setting player 3 freeze to 0
[12:28:02.376] [SEVERE ] setting player 4 freeze to 0
[12:28:02.376] [SEVERE ] setting player 1 freeze to 0
[12:28:02.376] [SEVERE ] removing player 1 token from slot 6
[12:28:02.376] [SEVERE ] player 1 placing token on slot 5
[12:28:02.376] [SEVERE ] setting player 1 freeze to 4
[12:28:02.382] [SEVERE ] setting player 1 freeze to 0
[12:28:02.382] [SEVERE ] removing player 1 token from slot 2
[12:28:02.382] [SEVERE ] player 1 placing token on slot 8
[12:28:02.382] [SEVERE ] setting player 1 freeze to 4
[12:28:02.386] [SEVERE ] setting player 1 freeze to 0
[12:28:02.386] [SEVERE ] removing player 1 token from slot 8
[12:28:02.386] [SEVERE ] player 1 placing token on slot 11
[12:28:02.386] [SEVERE ] setting player 1 freeze to 4
[12:28:02.391] [SEVERE ] setting player 1 freeze to 0
[12:28:02.391] [SEVERE ] removing player 1 token from slot 5
[12:28:02.391] [SEVERE ] player 1 placing token on slot 6
[12:28:02.391] [SEVERE ] setting player 1 freeze to 4
[12:28:02.391] [SEVERE ] removing player 4 token from slot 7
[12:28:02.392] [SEVERE ] player 4 placing token on slot 3
[12:28:02.392] [SEVERE ] setting player 4 freeze to 4
[12:28:02.397] [SEVERE ] setting player 4 freeze to 0
[12:28:02.397] [SEVERE ] setting player 1 freeze to 0
[12:28:02.397] [SEVERE ] removing player 4 token from slot 8
[12:28:02.397] [SEVERE ] player 4 placing token on slot 2
[12:28:02.397] [SEVERE ] setting player 4 freeze to 4
[12:28:02.401] [SEVERE ] setting player 4 freeze to 0
[12:28:02.401] [SEVERE ] removing player 4 token from slot 3
[12:28:02.401] [SEVERE ] player 4 placing token on slot 6
[12:28:02.401] [SEVERE ] setting player 4 freeze to 4
[12:28:02.406] [SEVERE ] setting player 4 freeze to 0
[12:28:02.406] [SEVERE ] removing player 4 token from slot 2
[12:28:02.406] [SEVERE ] player 4 placing token on slot 5
[12:28:02.406] [SEVERE ] setting player 4 freeze to 4
[12:28:02.410] [SEVERE ] setting player 4 freeze to 0
[12:28:02.410] [SEVERE ] removing player 4 token from slot 6
[12:28:02.410] [SEVERE ] player 4 placing token on slot 2
[12:28:02.410] [SEVERE ] setting player 4 freeze to 4
[12:28:02.416] [SEVERE ] setting player 4 freeze to 0
[12:28:02.416] [SEVERE ] removing player 4 token from slot 10
[12:28:02.416] [SEVERE ] player 4 placing token on slot 9
[12:28:02.416] [SEVERE ] setting player 4 freeze to 4
[12:28:02.416] [SEVERE ] removing player 3 token from slot 9
[12:28:02.420] [SEVERE ] setting player 4 freeze to 0
[12:28:02.420] [SEVERE ] removing player 1 token from slot 11
[12:28:02.420] [SEVERE ] player 1 placing token on slot 10
[12:28:02.420] [SEVERE ] setting player 1 freeze to 4
[12:28:02.424] [SEVERE ] setting player 1 freeze to 0
[12:28:02.424] [SEVERE ] removing player 1 token from slot 6
[12:28:02.424] [SEVERE ] player 1 placing token on slot 11
[12:28:02.424] [SEVERE ] setting player 1 freeze to 4
[12:28:02.429] [SEVERE ] setting player 1 freeze to 0
[12:28:02.429] [SEVERE ] player 3 placing token on slot 1
[12:28:02.429] [SEVERE ] setting player 3 freeze to 4
[12:28:02.434] [SEVERE ] setting player 3 freeze to 0
[12:28:02.434] [SEVERE ] removing player 3 token from slot 1
[12:28:02.434] [SEVERE ] player 3 placing token on slot 2
[12:28:02.434] [SEVERE ] setting player 3 freeze to 4
[12:28:02.439] [SEVERE ] setting player 3 freeze to 0
[12:28:02.439] [SEVERE ] removing player 3 token from slot 0
[12:28:02.439] [SEVERE ] player 3 placing token on slot 9
[12:28:02.439] [SEVERE ] setting player 3 freeze to 4
[12:28:02.444] [SEVERE ] setting player 3 freeze to 0
[12:28:02.444] [SEVERE ] removing player 3 token from slot 5
[12:28:02.444] [SEVERE ] player 3 placing token on slot 11
[12:28:02.444] [SEVERE ] setting player 3 freeze to 4
[12:28:02.449] [SEVERE ] setting player 3 freeze to 0
[12:28:02.449] [SEVERE ] removing player 3 token from slot 9
[12:28:02.449] [SEVERE ] player 3 placing token on slot 1
[12:28:02.449] [SEVERE ] setting player 3 freeze to 4
[12:28:02.453] [SEVERE ] setting player 3 freeze to 0
[12:28:02.453] [SEVERE ] removing player 3 token from slot 2
[12:28:02.453] [SEVERE ] player 3 placing token on slot 0
[12:28:02.453] [SEVERE ] setting player 3 freeze to 4
[12:28:02.457] [SEVERE ] setting player 3 freeze to 0
[12:28:02.457] [SEVERE ] removing player 3 token from slot 11
[12:28:02.457] [SEVERE ] player 3 placing token on slot 8
[12:28:02.457] [SEVERE ] setting player 3 freeze to 4
[12:28:02.462] [SEVERE ] setting player 3 freeze to 0
[12:28:02.462] [SEVERE ] removing player 3 token from slot 1
[12:28:02.462] [SEVERE ] player 3 placing token on slot 11
[12:28:02.462] [SEVERE ] setting player 3 freeze to 4
[12:28:02.466] [SEVERE ] setting player 3 freeze to 0
[12:28:02.466] [SEVERE ] removing player 3 token from slot 11
[12:28:02.466] [SEVERE ] player 3 placing token on slot 2
[12:28:02.466] [SEVERE ] setting player 3 freeze to 4
[12:28:02.471] [SEVERE ] setting player 3 freeze to 0
[12:28:02.471] [SEVERE ] removing player 3 token from slot 2
[12:28:02.471] [SEVERE ] player 3 placing token on slot 3
[12:28:02.471] [SEVERE ] setting player 3 freeze to 4
[12:28:02.475] [SEVERE ] setting player 3 freeze to 0
[12:28:02.475] [SEVERE ] removing player 3 token from slot 8
[12:28:02.475] [SEVERE ] removing player 2 token from slot 8
[12:28:02.475] [SEVERE ] player 2 placing token on slot 5
[12:28:02.475] [SEVERE ] setting player 2 freeze to 4
[12:28:02.475] [SEVERE ] removing player 4 token from slot 5
[12:28:02.476] [SEVERE ] player 4 placing token on slot 8
[12:28:02.476] [SEVERE ] setting player 4 freeze to 4
[12:28:02.478] [SEVERE ] exit button pressed
[12:28:02.479] [INFO   ] Thread computer-0 terminated.
[12:28:02.479] [INFO   ] Thread computer-2 terminated.
[12:28:02.479] [INFO   ] Thread player0 terminated.
[12:28:02.479] [INFO   ] Thread player2 terminated.
[12:28:02.480] [SEVERE ] setting player 4 freeze to 0
[12:28:02.480] [SEVERE ] setting player 2 freeze to 0
[12:28:02.480] [INFO   ] Thread player3 terminated.
[12:28:02.480] [INFO   ] Thread player1 terminated.
[12:28:02.488] [SEVERE ] removing player 4 token from slot 8
[12:28:02.488] [SEVERE ] removing card from slot 8
[12:28:02.509] [SEVERE ] removing player 2 token from slot 6
[12:28:02.509] [SEVERE ] removing card from slot 6
[12:28:02.525] [SEVERE ] removing card from slot 1
[12:28:02.537] [SEVERE ] removing player 4 token from slot 9
[12:28:02.537] [SEVERE ] removing card from slot 9
[12:28:02.551] [SEVERE ] removing player 4 token from slot 2
[12:28:02.551] [SEVERE ] removing card from slot 2
[12:28:02.567] [SEVERE ] removing card from slot 4
[12:28:02.580] [SEVERE ] removing player 1 token from slot 10
[12:28:02.580] [SEVERE ] removing player 2 token from slot 10
[12:28:02.580] [SEVERE ] removing card from slot 10
[12:28:02.596] [SEVERE ] removing player 2 token from slot 5
[12:28:02.596] [SEVERE ] removing card from slot 5
[12:28:02.612] [SEVERE ] removing player 1 token from slot 7
[12:28:02.612] [SEVERE ] removing card from slot 7
[12:28:02.629] [SEVERE ] removing player 1 token from slot 11
[12:28:02.629] [SEVERE ] removing card from slot 11
[12:28:02.645] [SEVERE ] removing player 3 token from slot 3
[12:28:02.645] [SEVERE ] removing card from slot 3
[12:28:02.659] [SEVERE ] removing player 3 token from slot 0
[12:28:02.659] [SEVERE ] removing card from slot 0
[12:28:02.659] [SEVERE ] announcing winner(s): player 3
[12:28:02.662] [INFO   ] Thread dealer terminated.
[12:28:02.662] [INFO   ] thread dealer terminated.
[12:28:02.662] [SEVERE ] thanks for playing... it was fun!
[12:28:02.663] [INFO   ] thread main terminated.
