[13:29:45.025] [INFO   ] thread main starting.
[13:29:45.033] [SEVERE ] cannot read configuration file config.properties trying from resources.
[13:29:45.038] [SEVERE ] configuration file was loaded from resources directory.
[13:29:45.469] [INFO   ] thread dealer starting.
[13:29:45.469] [INFO   ] Thread dealer starting.
[13:29:45.471] [INFO   ] Thread player0starting.
[13:29:45.471] [INFO   ] Thread player1starting.
[13:29:45.475] [INFO   ] Thread computer-0 starting.
[13:29:45.478] [INFO   ] Thread computer-1 starting.
[13:29:45.496] [SEVERE ] placing card 70 in slot 5
[13:29:45.514] [SEVERE ] placing card 66 in slot 7
[13:29:45.545] [SEVERE ] placing card 72 in slot 10
[13:29:45.561] [SEVERE ] placing card 37 in slot 0
[13:29:45.573] [SEVERE ] placing card 10 in slot 4
[13:29:45.589] [SEVERE ] placing card 30 in slot 6
[13:29:45.605] [SEVERE ] placing card 44 in slot 2
[13:29:45.622] [SEVERE ] placing card 64 in slot 3
[13:29:45.635] [SEVERE ] placing card 78 in slot 11
[13:29:45.651] [SEVERE ] placing card 67 in slot 9
[13:29:45.667] [SEVERE ] placing card 6 in slot 8
[13:29:45.684] [SEVERE ] placing card 48 in slot 1
[13:29:45.684] [SEVERE ] updating countdown to 7000
[13:29:45.684] [SEVERE ] player 1 placing token on slot 2
[13:29:45.684] [SEVERE ] updating countdown to 7000
[13:29:45.684] [SEVERE ] player 1 placing token on slot 9
[13:29:45.684] [SEVERE ] player 1 placing token on slot 6
[13:29:45.684] [SEVERE ] setting player 1 freeze to 4
[13:29:45.684] [SEVERE ] player 2 placing token on slot 6
[13:29:45.687] [SEVERE ] player 2 placing token on slot 1
[13:29:45.687] [SEVERE ] player 2 placing token on slot 11
[13:29:45.687] [SEVERE ] setting player 2 freeze to 4
[13:29:45.687] [SEVERE ] updating countdown to 7000
[13:29:45.691] [SEVERE ] setting player 2 freeze to 0
[13:29:45.691] [SEVERE ] setting player 1 freeze to 0
[13:29:45.691] [SEVERE ] removing player 1 token from slot 2
[13:29:45.691] [SEVERE ] player 1 placing token on slot 11
[13:29:45.695] [SEVERE ] setting player 1 freeze to 4
[13:29:45.695] [SEVERE ] removing player 2 token from slot 1
[13:29:45.696] [SEVERE ] player 2 placing token on slot 3
[13:29:45.696] [SEVERE ] setting player 2 freeze to 4
[13:29:45.700] [SEVERE ] setting player 1 freeze to 0
[13:29:45.700] [SEVERE ] setting player 2 freeze to 0
[13:29:45.700] [SEVERE ] updating countdown to 6000
[13:29:45.700] [SEVERE ] removing player 2 token from slot 11
[13:29:45.700] [SEVERE ] player 2 placing token on slot 7
[13:29:45.700] [SEVERE ] updating countdown to 6000
[13:29:45.700] [SEVERE ] setting player 2 freeze to 4
[13:29:45.708] [SEVERE ] setting player 2 freeze to 0
[13:29:45.708] [SEVERE ] removing player 2 token from slot 6
[13:29:45.708] [SEVERE ] player 2 placing token on slot 4
[13:29:45.708] [SEVERE ] setting player 2 freeze to 4
[13:29:45.713] [SEVERE ] setting player 2 freeze to 0
[13:29:45.713] [SEVERE ] removing player 1 token from slot 6
[13:29:45.713] [SEVERE ] player 1 placing token on slot 4
[13:29:45.713] [SEVERE ] setting player 1 freeze to 4
[13:29:45.713] [SEVERE ] updating countdown to 5000
[13:29:45.714] [SEVERE ] removing player 2 token from slot 7
[13:29:45.714] [SEVERE ] player 2 placing token on slot 0
[13:29:45.714] [SEVERE ] updating countdown to 5000
[13:29:45.719] [SEVERE ] setting player 1 freeze to 0
[13:29:45.723] [SEVERE ] updating countdown to 4000
[13:29:45.723] [SEVERE ] updating countdown to 4000
[13:29:45.727] [SEVERE ] removing player 2 token from slot 0
[13:29:45.727] [SEVERE ] removing card from slot 0
[13:29:45.731] [SEVERE ] updating countdown to 3000
[13:29:45.731] [SEVERE ] updating countdown to 3000
[13:29:45.731] [SEVERE ] updating countdown to 2000
[13:29:45.731] [SEVERE ] updating countdown to 2000
[13:29:45.735] [SEVERE ] updating countdown to 1000
[13:29:45.735] [SEVERE ] updating countdown to 1000
[13:29:45.739] [SEVERE ] removing player 2 token from slot 3
[13:29:45.739] [SEVERE ] removing card from slot 3
[13:29:45.743] [SEVERE ] updating countdown to 0
[13:29:45.743] [SEVERE ] updating countdown to 0
[13:29:45.755] [SEVERE ] removing player 1 token from slot 4
[13:29:45.755] [SEVERE ] removing player 2 token from slot 4
[13:29:45.755] [SEVERE ] removing card from slot 4
[13:29:45.756] [SEVERE ] setting player 2 freeze to 2
[13:29:45.760] [SEVERE ] setting player 2 freeze to 0
[13:29:45.760] [SEVERE ] setting player 2 score to 1
[13:29:45.768] [SEVERE ] placing card 25 in slot 0
[13:29:45.784] [SEVERE ] placing card 57 in slot 3
[13:29:45.800] [SEVERE ] placing card 47 in slot 4
[13:29:45.800] [SEVERE ] updating countdown to 7000
[13:29:45.816] [SEVERE ] removing card from slot 5
[13:29:45.832] [SEVERE ] removing card from slot 6
[13:29:45.848] [SEVERE ] removing player 1 token from slot 9
[13:29:45.848] [SEVERE ] removing card from slot 9
[13:29:45.864] [SEVERE ] removing card from slot 3
[13:29:45.880] [SEVERE ] removing card from slot 8
[13:29:45.892] [SEVERE ] removing card from slot 2
[13:29:45.909] [SEVERE ] removing player 1 token from slot 11
[13:29:45.909] [SEVERE ] removing card from slot 11
[13:29:45.925] [SEVERE ] removing card from slot 7
[13:29:45.941] [SEVERE ] removing card from slot 1
[13:29:45.957] [SEVERE ] removing card from slot 0
[13:29:45.973] [SEVERE ] removing card from slot 4
[13:29:45.989] [SEVERE ] removing card from slot 10
[13:29:46.005] [SEVERE ] placing card 30 in slot 1
[13:29:46.021] [SEVERE ] placing card 61 in slot 9
[13:29:46.037] [SEVERE ] placing card 78 in slot 11
[13:29:46.052] [SEVERE ] placing card 0 in slot 10
[13:29:46.065] [SEVERE ] placing card 1 in slot 6
[13:29:46.081] [SEVERE ] placing card 19 in slot 5
[13:29:46.097] [SEVERE ] placing card 31 in slot 2
[13:29:46.113] [SEVERE ] placing card 41 in slot 3
[13:29:46.130] [SEVERE ] placing card 14 in slot 0
[13:29:46.147] [SEVERE ] placing card 58 in slot 4
[13:29:46.164] [SEVERE ] placing card 47 in slot 7
[13:29:46.180] [SEVERE ] placing card 6 in slot 8
[13:29:46.180] [SEVERE ] updating countdown to 7000
[13:29:46.180] [SEVERE ] player 1 placing token on slot 4
[13:29:46.180] [SEVERE ] updating countdown to 7000
[13:29:46.180] [SEVERE ] player 1 placing token on slot 5
[13:29:46.180] [SEVERE ] updating countdown to 7000
[13:29:46.180] [SEVERE ] player 1 placing token on slot 8
[13:29:46.180] [SEVERE ] setting player 1 freeze to 4
[13:29:46.180] [SEVERE ] player 2 placing token on slot 4
[13:29:46.182] [SEVERE ] updating countdown to 6000
[13:29:46.182] [SEVERE ] updating countdown to 6000
[13:29:46.183] [SEVERE ] updating countdown to 5000
[13:29:46.183] [SEVERE ] updating countdown to 5000
[13:29:46.184] [SEVERE ] updating countdown to 4000
[13:29:46.184] [SEVERE ] updating countdown to 4000
[13:29:46.185] [SEVERE ] updating countdown to 3000
[13:29:46.185] [SEVERE ] updating countdown to 3000
[13:29:46.187] [SEVERE ] setting player 1 freeze to 0
[13:29:46.187] [SEVERE ] removing player 1 token from slot 5
[13:29:46.187] [SEVERE ] player 1 placing token on slot 7
[13:29:46.187] [SEVERE ] setting player 1 freeze to 4
[13:29:46.187] [SEVERE ] player 2 placing token on slot 7
[13:29:46.189] [SEVERE ] player 2 placing token on slot 10
[13:29:46.189] [SEVERE ] updating countdown to 2000
[13:29:46.189] [SEVERE ] updating countdown to 2000
[13:29:46.189] [SEVERE ] setting player 2 freeze to 4
[13:29:46.191] [SEVERE ] updating countdown to 1000
[13:29:46.192] [SEVERE ] updating countdown to 1000
[13:29:46.192] [SEVERE ] updating countdown to 0
[13:29:46.192] [SEVERE ] updating countdown to 0
[13:29:46.193] [SEVERE ] setting player 2 freeze to 0
[13:29:46.193] [SEVERE ] setting player 1 freeze to 0
[13:29:46.193] [SEVERE ] removing player 1 token from slot 4
[13:29:46.193] [SEVERE ] player 1 placing token on slot 6
[13:29:46.193] [SEVERE ] setting player 1 freeze to 4
[13:29:46.198] [SEVERE ] setting player 1 freeze to 0
[13:29:46.210] [SEVERE ] removing card from slot 1
[13:29:46.223] [SEVERE ] removing card from slot 0
[13:29:46.239] [SEVERE ] removing card from slot 5
[13:29:46.256] [SEVERE ] removing player 1 token from slot 7
[13:29:46.256] [SEVERE ] removing player 2 token from slot 7
[13:29:46.256] [SEVERE ] removing card from slot 7
[13:29:46.269] [SEVERE ] removing player 2 token from slot 4
[13:29:46.269] [SEVERE ] removing card from slot 4
[13:29:46.282] [SEVERE ] removing player 1 token from slot 8
[13:29:46.282] [SEVERE ] removing card from slot 8
[13:29:46.294] [SEVERE ] removing player 1 token from slot 6
[13:29:46.294] [SEVERE ] removing card from slot 6
[13:29:46.307] [SEVERE ] removing card from slot 9
[13:29:46.324] [SEVERE ] removing card from slot 11
[13:29:46.340] [SEVERE ] removing player 2 token from slot 10
[13:29:46.340] [SEVERE ] removing card from slot 10
[13:29:46.356] [SEVERE ] removing card from slot 3
[13:29:46.372] [SEVERE ] removing card from slot 2
[13:29:46.388] [SEVERE ] placing card 35 in slot 9
[13:29:46.404] [SEVERE ] placing card 50 in slot 7
[13:29:46.420] [SEVERE ] placing card 41 in slot 6
[13:29:46.436] [SEVERE ] placing card 42 in slot 4
[13:29:46.452] [SEVERE ] placing card 8 in slot 11
[13:29:46.468] [SEVERE ] placing card 67 in slot 0
[13:29:46.485] [SEVERE ] placing card 46 in slot 10
[13:29:46.501] [SEVERE ] placing card 75 in slot 5
[13:29:46.517] [SEVERE ] placing card 48 in slot 1
[13:29:46.533] [SEVERE ] placing card 45 in slot 2
[13:29:46.546] [SEVERE ] placing card 69 in slot 3
[13:29:46.562] [SEVERE ] placing card 72 in slot 8
[13:29:46.562] [SEVERE ] updating countdown to 7000
[13:29:46.562] [SEVERE ] player 1 placing token on slot 10
[13:29:46.562] [SEVERE ] player 1 placing token on slot 4
[13:29:46.562] [SEVERE ] player 1 placing token on slot 3
[13:29:46.562] [SEVERE ] updating countdown to 7000
[13:29:46.562] [SEVERE ] updating countdown to 7000
[13:29:46.562] [SEVERE ] setting player 1 freeze to 4
[13:29:46.564] [SEVERE ] updating countdown to 6000
[13:29:46.564] [SEVERE ] updating countdown to 6000
[13:29:46.565] [SEVERE ] updating countdown to 5000
[13:29:46.565] [SEVERE ] updating countdown to 5000
[13:29:46.566] [SEVERE ] updating countdown to 4000
[13:29:46.566] [SEVERE ] updating countdown to 4000
[13:29:46.566] [SEVERE ] updating countdown to 3000
[13:29:46.566] [SEVERE ] updating countdown to 3000
[13:29:46.567] [SEVERE ] updating countdown to 2000
[13:29:46.567] [SEVERE ] updating countdown to 2000
[13:29:46.568] [SEVERE ] setting player 1 freeze to 0
[13:29:46.568] [SEVERE ] removing player 1 token from slot 10
[13:29:46.568] [SEVERE ] updating countdown to 1000
[13:29:46.568] [SEVERE ] removing player 1 token from slot 3
[13:29:46.568] [SEVERE ] updating countdown to 1000
[13:29:46.568] [SEVERE ] player 1 placing token on slot 8
[13:29:46.568] [SEVERE ] player 2 placing token on slot 8
[13:29:46.568] [SEVERE ] player 2 placing token on slot 1
[13:29:46.568] [SEVERE ] player 2 placing token on slot 11
[13:29:46.568] [SEVERE ] setting player 2 freeze to 4
[13:29:46.568] [SEVERE ] player 1 placing token on slot 10
[13:29:46.569] [SEVERE ] setting player 1 freeze to 4
[13:29:46.569] [SEVERE ] updating countdown to 0
[13:29:46.569] [SEVERE ] updating countdown to 0
[13:29:46.574] [SEVERE ] setting player 2 freeze to 0
[13:29:46.574] [SEVERE ] setting player 1 freeze to 0
[13:29:46.574] [SEVERE ] removing player 2 token from slot 8
[13:29:46.574] [SEVERE ] player 2 placing token on slot 4
[13:29:46.574] [SEVERE ] setting player 2 freeze to 4
[13:29:46.580] [SEVERE ] setting player 2 freeze to 0
[13:29:46.592] [SEVERE ] removing player 1 token from slot 10
[13:29:46.592] [SEVERE ] removing card from slot 10
[13:29:46.608] [SEVERE ] removing card from slot 6
[13:29:46.624] [SEVERE ] removing player 2 token from slot 1
[13:29:46.624] [SEVERE ] removing card from slot 1
[13:29:46.640] [SEVERE ] removing card from slot 9
[13:29:46.653] [SEVERE ] removing card from slot 7
[13:29:46.669] [SEVERE ] removing card from slot 0
[13:29:46.686] [SEVERE ] removing player 1 token from slot 4
[13:29:46.686] [SEVERE ] removing player 2 token from slot 4
[13:29:46.686] [SEVERE ] removing card from slot 4
[13:29:46.703] [SEVERE ] removing card from slot 5
[13:29:46.716] [SEVERE ] removing player 1 token from slot 8
[13:29:46.716] [SEVERE ] removing card from slot 8
[13:29:46.732] [SEVERE ] removing player 2 token from slot 11
[13:29:46.732] [SEVERE ] removing card from slot 11
[13:29:46.748] [SEVERE ] removing card from slot 3
[13:29:46.765] [SEVERE ] removing card from slot 2
[13:29:46.780] [SEVERE ] placing card 32 in slot 4
[13:29:46.796] [SEVERE ] placing card 78 in slot 6
[13:29:46.813] [SEVERE ] placing card 54 in slot 2
[13:29:46.825] [SEVERE ] placing card 12 in slot 9
[13:29:46.838] [SEVERE ] placing card 53 in slot 7
[13:29:46.853] [SEVERE ] placing card 60 in slot 5
[13:29:46.870] [SEVERE ] placing card 55 in slot 8
[13:29:46.886] [SEVERE ] placing card 22 in slot 0
[13:29:46.902] [SEVERE ] placing card 2 in slot 10
[13:29:46.919] [SEVERE ] placing card 70 in slot 11
[13:29:46.935] [SEVERE ] placing card 59 in slot 1
[13:29:46.951] [SEVERE ] placing card 36 in slot 3
[13:29:46.951] [SEVERE ] updating countdown to 7000
[13:29:46.951] [SEVERE ] player 2 placing token on slot 10
[13:29:46.951] [SEVERE ] player 2 placing token on slot 11
[13:29:46.951] [SEVERE ] player 2 placing token on slot 9
[13:29:46.951] [SEVERE ] setting player 2 freeze to 4
[13:29:46.951] [SEVERE ] updating countdown to 7000
[13:29:46.951] [SEVERE ] player 1 placing token on slot 11
[13:29:46.952] [SEVERE ] player 1 placing token on slot 0
[13:29:46.952] [SEVERE ] updating countdown to 7000
[13:29:46.952] [SEVERE ] player 1 placing token on slot 5
[13:29:46.952] [SEVERE ] setting player 1 freeze to 4
[13:29:46.953] [SEVERE ] updating countdown to 6000
[13:29:46.953] [SEVERE ] updating countdown to 6000
[13:29:46.954] [SEVERE ] updating countdown to 5000
[13:29:46.954] [SEVERE ] updating countdown to 5000
[13:29:46.954] [SEVERE ] updating countdown to 4000
[13:29:46.954] [SEVERE ] updating countdown to 4000
[13:29:46.954] [SEVERE ] updating countdown to 3000
[13:29:46.954] [SEVERE ] updating countdown to 3000
[13:29:46.956] [SEVERE ] updating countdown to 2000
[13:29:46.956] [SEVERE ] updating countdown to 2000
[13:29:46.956] [SEVERE ] updating countdown to 1000
[13:29:46.957] [SEVERE ] setting player 1 freeze to 0
[13:29:46.957] [SEVERE ] setting player 2 freeze to 0
[13:29:46.957] [SEVERE ] updating countdown to 1000
[13:29:46.957] [SEVERE ] removing player 2 token from slot 9
[13:29:46.957] [SEVERE ] player 2 placing token on slot 2
[13:29:46.957] [SEVERE ] setting player 2 freeze to 4
[13:29:46.957] [SEVERE ] updating countdown to 0
[13:29:46.957] [SEVERE ] updating countdown to 0
[13:29:46.962] [SEVERE ] setting player 2 freeze to 0
[13:29:46.962] [SEVERE ] removing player 2 token from slot 11
[13:29:46.962] [SEVERE ] player 2 placing token on slot 5
[13:29:46.962] [SEVERE ] setting player 2 freeze to 4
[13:29:46.967] [SEVERE ] setting player 2 freeze to 0
[13:29:46.979] [SEVERE ] removing card from slot 8
[13:29:46.995] [SEVERE ] removing card from slot 1
[13:29:47.011] [SEVERE ] removing card from slot 7
[13:29:47.028] [SEVERE ] removing player 1 token from slot 11
[13:29:47.028] [SEVERE ] removing card from slot 11
[13:29:47.045] [SEVERE ] removing card from slot 3
[13:29:47.061] [SEVERE ] removing card from slot 9
[13:29:47.073] [SEVERE ] removing card from slot 6
[13:29:47.089] [SEVERE ] removing player 1 token from slot 0
[13:29:47.089] [SEVERE ] removing card from slot 0
[13:29:47.105] [SEVERE ] removing card from slot 4
[13:29:47.121] [SEVERE ] removing player 2 token from slot 2
[13:29:47.121] [SEVERE ] removing card from slot 2
[13:29:47.137] [SEVERE ] removing player 2 token from slot 10
[13:29:47.137] [SEVERE ] removing card from slot 10
[13:29:47.153] [SEVERE ] removing player 1 token from slot 5
[13:29:47.153] [SEVERE ] removing player 2 token from slot 5
[13:29:47.153] [SEVERE ] removing card from slot 5
[13:29:47.169] [SEVERE ] placing card 17 in slot 7
[13:29:47.185] [SEVERE ] placing card 34 in slot 1
[13:29:47.201] [SEVERE ] placing card 48 in slot 3
[13:29:47.217] [SEVERE ] placing card 14 in slot 8
[13:29:47.233] [SEVERE ] placing card 52 in slot 11
[13:29:47.249] [SEVERE ] placing card 26 in slot 10
[13:29:47.265] [SEVERE ] placing card 27 in slot 5
[13:29:47.278] [SEVERE ] placing card 33 in slot 0
[13:29:47.294] [SEVERE ] placing card 9 in slot 4
[13:29:47.311] [SEVERE ] placing card 23 in slot 9
[13:29:47.327] [SEVERE ] placing card 53 in slot 6
[13:29:47.339] [SEVERE ] placing card 58 in slot 2
[13:29:47.339] [SEVERE ] updating countdown to 7000
[13:29:47.339] [SEVERE ] player 2 placing token on slot 2
[13:29:47.339] [SEVERE ] player 2 placing token on slot 1
[13:29:47.339] [SEVERE ] player 2 placing token on slot 10
[13:29:47.339] [SEVERE ] updating countdown to 7000
[13:29:47.339] [SEVERE ] player 1 placing token on slot 5
[13:29:47.339] [SEVERE ] setting player 2 freeze to 4
[13:29:47.339] [SEVERE ] player 1 placing token on slot 4
[13:29:47.339] [SEVERE ] updating countdown to 7000
[13:29:47.341] [SEVERE ] updating countdown to 6000
[13:29:47.341] [SEVERE ] updating countdown to 6000
[13:29:47.342] [SEVERE ] updating countdown to 5000
[13:29:47.342] [SEVERE ] updating countdown to 5000
[13:29:47.342] [SEVERE ] updating countdown to 4000
[13:29:47.342] [SEVERE ] updating countdown to 4000
[13:29:47.343] [SEVERE ] updating countdown to 3000
[13:29:47.343] [SEVERE ] updating countdown to 3000
[13:29:47.343] [SEVERE ] updating countdown to 2000
[13:29:47.343] [SEVERE ] updating countdown to 2000
[13:29:47.344] [SEVERE ] updating countdown to 1000
[13:29:47.344] [SEVERE ] updating countdown to 1000
[13:29:47.344] [SEVERE ] updating countdown to 0
[13:29:47.344] [SEVERE ] updating countdown to 0
[13:29:47.345] [SEVERE ] setting player 2 freeze to 0
[13:29:47.345] [SEVERE ] player 1 placing token on slot 8
[13:29:47.345] [SEVERE ] setting player 1 freeze to 4
[13:29:47.350] [SEVERE ] setting player 1 freeze to 0
[13:29:47.370] [SEVERE ] removing card from slot 0
[13:29:47.386] [SEVERE ] removing card from slot 7
[13:29:47.403] [SEVERE ] removing card from slot 6
[13:29:47.419] [SEVERE ] removing card from slot 3
[13:29:47.435] [SEVERE ] removing player 2 token from slot 1
[13:29:47.435] [SEVERE ] removing card from slot 1
[13:29:47.451] [SEVERE ] removing player 2 token from slot 2
[13:29:47.451] [SEVERE ] removing card from slot 2
[13:29:47.468] [SEVERE ] removing card from slot 9
[13:29:47.484] [SEVERE ] removing player 1 token from slot 4
[13:29:47.484] [SEVERE ] removing card from slot 4
[13:29:47.500] [SEVERE ] removing card from slot 11
[13:29:47.516] [SEVERE ] removing player 1 token from slot 8
[13:29:47.526] [SEVERE ] removing card from slot 8
[13:29:47.544] [SEVERE ] removing player 1 token from slot 5
[13:29:47.544] [SEVERE ] removing card from slot 5
[13:29:47.561] [SEVERE ] removing player 2 token from slot 10
[13:29:47.561] [SEVERE ] removing card from slot 10
[13:29:47.577] [SEVERE ] placing card 30 in slot 0
[13:29:47.590] [SEVERE ] placing card 9 in slot 8
[13:29:47.606] [SEVERE ] placing card 71 in slot 10
[13:29:47.622] [SEVERE ] placing card 72 in slot 5
[13:29:47.638] [SEVERE ] placing card 29 in slot 7
[13:29:47.653] [SEVERE ] placing card 13 in slot 1
[13:29:47.666] [SEVERE ] placing card 39 in slot 6
[13:29:47.682] [SEVERE ] placing card 47 in slot 2
[13:29:47.698] [SEVERE ] placing card 49 in slot 9
[13:29:47.714] [SEVERE ] placing card 80 in slot 11
[13:29:47.726] [SEVERE ] placing card 28 in slot 4
[13:29:47.739] [SEVERE ] placing card 27 in slot 3
[13:29:47.739] [SEVERE ] updating countdown to 7000
[13:29:47.739] [SEVERE ] player 1 placing token on slot 3
[13:29:47.739] [SEVERE ] player 1 placing token on slot 11
[13:29:47.739] [SEVERE ] player 1 placing token on slot 2
[13:29:47.739] [SEVERE ] updating countdown to 7000
[13:29:47.739] [SEVERE ] player 2 placing token on slot 5
[13:29:47.739] [SEVERE ] setting player 1 freeze to 4
[13:29:47.739] [SEVERE ] updating countdown to 7000
[13:29:47.739] [SEVERE ] player 2 placing token on slot 7
[13:29:47.740] [SEVERE ] player 2 placing token on slot 6
[13:29:47.740] [SEVERE ] setting player 2 freeze to 4
[13:29:47.740] [SEVERE ] updating countdown to 6000
[13:29:47.740] [SEVERE ] updating countdown to 6000
[13:29:47.740] [SEVERE ] updating countdown to 5000
[13:29:47.740] [SEVERE ] updating countdown to 5000
[13:29:47.741] [SEVERE ] updating countdown to 4000
[13:29:47.741] [SEVERE ] updating countdown to 4000
[13:29:47.741] [SEVERE ] updating countdown to 3000
[13:29:47.741] [SEVERE ] updating countdown to 3000
[13:29:47.741] [SEVERE ] updating countdown to 2000
[13:29:47.741] [SEVERE ] updating countdown to 2000
[13:29:47.742] [SEVERE ] updating countdown to 1000
[13:29:47.742] [SEVERE ] updating countdown to 1000
[13:29:47.742] [SEVERE ] updating countdown to 0
[13:29:47.742] [SEVERE ] updating countdown to 0
[13:29:47.744] [SEVERE ] setting player 2 freeze to 0
[13:29:47.744] [SEVERE ] setting player 1 freeze to 0
[13:29:47.744] [SEVERE ] removing player 2 token from slot 6
[13:29:47.744] [SEVERE ] player 2 placing token on slot 0
[13:29:47.744] [SEVERE ] setting player 2 freeze to 4
[13:29:47.749] [SEVERE ] setting player 2 freeze to 0
[13:29:47.770] [SEVERE ] removing card from slot 10
[13:29:47.786] [SEVERE ] removing card from slot 4
[13:29:47.802] [SEVERE ] removing player 2 token from slot 7
[13:29:47.802] [SEVERE ] removing card from slot 7
[13:29:47.818] [SEVERE ] removing card from slot 1
[13:29:47.830] [SEVERE ] removing player 1 token from slot 3
[13:29:47.830] [SEVERE ] removing card from slot 3
[13:29:47.846] [SEVERE ] removing card from slot 6
[13:29:47.863] [SEVERE ] removing player 2 token from slot 5
[13:29:47.863] [SEVERE ] removing card from slot 5
[13:29:47.879] [SEVERE ] removing player 1 token from slot 2
[13:29:47.879] [SEVERE ] removing card from slot 2
[13:29:47.895] [SEVERE ] removing player 2 token from slot 0
[13:29:47.895] [SEVERE ] removing card from slot 0
[13:29:47.911] [SEVERE ] removing card from slot 8
[13:29:47.927] [SEVERE ] removing player 1 token from slot 11
[13:29:47.927] [SEVERE ] removing card from slot 11
[13:29:47.944] [SEVERE ] removing card from slot 9
[13:29:47.960] [SEVERE ] placing card 74 in slot 10
[13:29:47.972] [SEVERE ] placing card 38 in slot 3
[13:29:47.989] [SEVERE ] placing card 78 in slot 7
[13:29:48.001] [SEVERE ] placing card 28 in slot 11
[13:29:48.018] [SEVERE ] placing card 69 in slot 2
[13:29:48.030] [SEVERE ] placing card 32 in slot 8
[13:29:48.046] [SEVERE ] placing card 77 in slot 1
[13:29:48.062] [SEVERE ] placing card 22 in slot 6
[13:29:48.078] [SEVERE ] placing card 12 in slot 9
[13:29:48.094] [SEVERE ] placing card 15 in slot 5
[13:29:48.110] [SEVERE ] placing card 1 in slot 4
[13:29:48.126] [SEVERE ] placing card 60 in slot 0
[13:29:48.126] [SEVERE ] updating countdown to 7000
[13:29:48.126] [SEVERE ] player 2 placing token on slot 10
[13:29:48.126] [SEVERE ] player 2 placing token on slot 6
[13:29:48.126] [SEVERE ] player 2 placing token on slot 9
[13:29:48.126] [SEVERE ] updating countdown to 7000
[13:29:48.126] [SEVERE ] setting player 2 freeze to 4
[13:29:48.126] [SEVERE ] player 1 placing token on slot 11
[13:29:48.127] [SEVERE ] updating countdown to 7000
[13:29:48.127] [SEVERE ] player 1 placing token on slot 5
[13:29:48.127] [SEVERE ] player 1 placing token on slot 6
[13:29:48.127] [SEVERE ] setting player 1 freeze to 4
[13:29:48.127] [SEVERE ] updating countdown to 6000
[13:29:48.127] [SEVERE ] updating countdown to 6000
[13:29:48.128] [SEVERE ] updating countdown to 5000
[13:29:48.128] [SEVERE ] updating countdown to 5000
[13:29:48.128] [SEVERE ] updating countdown to 4000
[13:29:48.128] [SEVERE ] updating countdown to 4000
[13:29:48.128] [SEVERE ] updating countdown to 3000
[13:29:48.128] [SEVERE ] updating countdown to 3000
[13:29:48.129] [SEVERE ] updating countdown to 2000
[13:29:48.129] [SEVERE ] updating countdown to 2000
[13:29:48.129] [SEVERE ] updating countdown to 1000
[13:29:48.129] [SEVERE ] updating countdown to 1000
[13:29:48.130] [SEVERE ] updating countdown to 0
[13:29:48.130] [SEVERE ] updating countdown to 0
[13:29:48.132] [SEVERE ] setting player 2 freeze to 0
[13:29:48.132] [SEVERE ] setting player 1 freeze to 0
[13:29:48.132] [SEVERE ] removing player 2 token from slot 10
[13:29:48.132] [SEVERE ] removing player 1 token from slot 6
[13:29:48.132] [SEVERE ] player 1 placing token on slot 0
[13:29:48.132] [SEVERE ] setting player 1 freeze to 4
[13:29:48.136] [SEVERE ] setting player 1 freeze to 0
[13:29:48.154] [SEVERE ] removing card from slot 2
[13:29:48.169] [SEVERE ] removing card from slot 3
[13:29:48.185] [SEVERE ] removing card from slot 4
[13:29:48.198] [SEVERE ] removing player 2 token from slot 9
[13:29:48.198] [SEVERE ] removing card from slot 9
[13:29:48.214] [SEVERE ] removing player 2 token from slot 6
[13:29:48.214] [SEVERE ] removing card from slot 6
[13:29:48.230] [SEVERE ] removing player 1 token from slot 11
[13:29:48.230] [SEVERE ] removing card from slot 11
[13:29:48.246] [SEVERE ] removing player 1 token from slot 5
[13:29:48.246] [SEVERE ] removing card from slot 5
[13:29:48.262] [SEVERE ] removing card from slot 10
[13:29:48.278] [SEVERE ] removing card from slot 1
[13:29:48.294] [SEVERE ] removing card from slot 8
[13:29:48.311] [SEVERE ] removing player 1 token from slot 0
[13:29:48.311] [SEVERE ] removing card from slot 0
[13:29:48.327] [SEVERE ] removing card from slot 7
[13:29:48.343] [SEVERE ] placing card 45 in slot 2
[13:29:48.359] [SEVERE ] placing card 61 in slot 6
[13:29:48.376] [SEVERE ] placing card 0 in slot 5
[13:29:48.392] [SEVERE ] placing card 24 in slot 3
[13:29:48.404] [SEVERE ] placing card 34 in slot 11
[13:29:48.421] [SEVERE ] placing card 2 in slot 0
[13:29:48.437] [SEVERE ] placing card 71 in slot 4
[13:29:48.453] [SEVERE ] placing card 66 in slot 1
[13:29:48.469] [SEVERE ] placing card 73 in slot 7
[13:29:48.485] [SEVERE ] placing card 7 in slot 10
[13:29:48.502] [SEVERE ] placing card 20 in slot 9
[13:29:48.518] [SEVERE ] placing card 46 in slot 8
[13:29:48.518] [SEVERE ] updating countdown to 7000
[13:29:48.518] [SEVERE ] player 2 placing token on slot 6
[13:29:48.518] [SEVERE ] player 2 placing token on slot 7
[13:29:48.518] [SEVERE ] player 2 placing token on slot 2
[13:29:48.518] [SEVERE ] updating countdown to 7000
[13:29:48.518] [SEVERE ] player 1 placing token on slot 6
[13:29:48.518] [SEVERE ] setting player 2 freeze to 4
[13:29:48.518] [SEVERE ] updating countdown to 7000
[13:29:48.518] [SEVERE ] player 1 placing token on slot 4
[13:29:48.519] [SEVERE ] player 1 placing token on slot 11
[13:29:48.519] [SEVERE ] setting player 1 freeze to 4
[13:29:48.519] [SEVERE ] updating countdown to 6000
[13:29:48.519] [SEVERE ] updating countdown to 6000
[13:29:48.519] [SEVERE ] updating countdown to 5000
[13:29:48.519] [SEVERE ] updating countdown to 5000
[13:29:48.520] [SEVERE ] updating countdown to 4000
[13:29:48.520] [SEVERE ] updating countdown to 4000
[13:29:48.520] [SEVERE ] updating countdown to 3000
[13:29:48.520] [SEVERE ] updating countdown to 3000
[13:29:48.520] [SEVERE ] updating countdown to 2000
[13:29:48.520] [SEVERE ] updating countdown to 2000
[13:29:48.521] [SEVERE ] updating countdown to 1000
[13:29:48.521] [SEVERE ] updating countdown to 1000
[13:29:48.521] [SEVERE ] updating countdown to 0
[13:29:48.521] [SEVERE ] updating countdown to 0
[13:29:48.524] [SEVERE ] setting player 1 freeze to 0
[13:29:48.524] [SEVERE ] setting player 2 freeze to 0
[13:29:48.524] [SEVERE ] removing player 2 token from slot 2
[13:29:48.524] [SEVERE ] player 2 placing token on slot 8
[13:29:48.524] [SEVERE ] setting player 2 freeze to 4
[13:29:48.529] [SEVERE ] setting player 2 freeze to 0
[13:29:48.545] [SEVERE ] removing player 2 token from slot 7
[13:29:48.545] [SEVERE ] removing card from slot 7
[13:29:48.562] [SEVERE ] removing card from slot 9
[13:29:48.578] [SEVERE ] removing card from slot 5
[13:29:48.594] [SEVERE ] removing player 2 token from slot 8
[13:29:48.594] [SEVERE ] removing card from slot 8
[13:29:48.610] [SEVERE ] removing card from slot 1
[13:29:48.626] [SEVERE ] removing card from slot 0
[13:29:48.642] [SEVERE ] removing player 1 token from slot 6
[13:29:48.642] [SEVERE ] removing player 2 token from slot 6
[13:29:48.642] [SEVERE ] removing card from slot 6
[13:29:48.658] [SEVERE ] removing card from slot 2
[13:29:48.675] [SEVERE ] removing card from slot 3
[13:29:48.687] [SEVERE ] removing card from slot 10
[13:29:48.704] [SEVERE ] removing player 1 token from slot 4
[13:29:48.704] [SEVERE ] removing card from slot 4
[13:29:48.717] [SEVERE ] removing player 1 token from slot 11
[13:29:48.717] [SEVERE ] removing card from slot 11
[13:29:48.733] [SEVERE ] placing card 80 in slot 11
[13:29:48.749] [SEVERE ] placing card 59 in slot 2
[13:29:48.766] [SEVERE ] placing card 30 in slot 5
[13:29:48.782] [SEVERE ] placing card 12 in slot 1
[13:29:48.798] [SEVERE ] placing card 76 in slot 9
[13:29:48.814] [SEVERE ] placing card 1 in slot 0
[13:29:48.830] [SEVERE ] placing card 58 in slot 7
[13:29:48.846] [SEVERE ] placing card 50 in slot 4
[13:29:48.862] [SEVERE ] placing card 13 in slot 10
[13:29:48.878] [SEVERE ] placing card 46 in slot 8
[13:29:48.906] [SEVERE ] placing card 68 in slot 3
[13:29:48.922] [SEVERE ] placing card 75 in slot 6
[13:29:48.922] [SEVERE ] updating countdown to 7000
[13:29:48.922] [SEVERE ] player 2 placing token on slot 10
[13:29:48.922] [SEVERE ] player 2 placing token on slot 0
[13:29:48.922] [SEVERE ] player 2 placing token on slot 2
[13:29:48.922] [SEVERE ] updating countdown to 7000
[13:29:48.922] [SEVERE ] player 1 placing token on slot 10
[13:29:48.922] [SEVERE ] setting player 2 freeze to 4
[13:29:48.922] [SEVERE ] player 1 placing token on slot 3
[13:29:48.922] [SEVERE ] updating countdown to 7000
[13:29:48.923] [SEVERE ] player 1 placing token on slot 7
[13:29:48.923] [SEVERE ] setting player 1 freeze to 4
[13:29:48.923] [SEVERE ] updating countdown to 6000
[13:29:48.923] [SEVERE ] updating countdown to 6000
[13:29:48.923] [SEVERE ] updating countdown to 5000
[13:29:48.923] [SEVERE ] updating countdown to 5000
[13:29:48.924] [SEVERE ] updating countdown to 4000
[13:29:48.924] [SEVERE ] updating countdown to 4000
[13:29:48.924] [SEVERE ] updating countdown to 3000
[13:29:48.924] [SEVERE ] updating countdown to 3000
[13:29:48.925] [SEVERE ] updating countdown to 2000
[13:29:48.925] [SEVERE ] updating countdown to 2000
[13:29:48.925] [SEVERE ] updating countdown to 1000
[13:29:48.925] [SEVERE ] updating countdown to 1000
[13:29:48.925] [SEVERE ] updating countdown to 0
[13:29:48.925] [SEVERE ] updating countdown to 0
[13:29:48.928] [SEVERE ] setting player 1 freeze to 0
[13:29:48.928] [SEVERE ] setting player 2 freeze to 0
[13:29:48.928] [SEVERE ] removing player 1 token from slot 10
[13:29:48.928] [SEVERE ] player 1 placing token on slot 6
[13:29:48.952] [SEVERE ] removing player 1 token from slot 3
[13:29:48.952] [SEVERE ] removing card from slot 3
[13:29:48.965] [SEVERE ] removing player 1 token from slot 6
[13:29:48.965] [SEVERE ] removing card from slot 6
[13:29:48.977] [SEVERE ] removing player 1 token from slot 7
[13:29:48.977] [SEVERE ] removing card from slot 7
[13:29:48.977] [SEVERE ] setting player 1 freeze to 2
[13:29:48.979] [SEVERE ] setting player 1 freeze to 0
[13:29:48.979] [SEVERE ] setting player 1 score to 1
[13:29:48.992] [SEVERE ] placing card 52 in slot 6
[13:29:49.008] [SEVERE ] placing card 6 in slot 7
[13:29:49.020] [SEVERE ] placing card 74 in slot 3
[13:29:49.020] [SEVERE ] updating countdown to 7000
[13:29:49.035] [SEVERE ] removing card from slot 8
[13:29:49.051] [SEVERE ] removing card from slot 9
[13:29:49.065] [SEVERE ] removing card from slot 3
[13:29:49.077] [SEVERE ] removing card from slot 4
[13:29:49.092] [SEVERE ] removing card from slot 5
[13:29:49.106] [SEVERE ] removing player 2 token from slot 10
[13:29:49.106] [SEVERE ] removing card from slot 10
[13:29:49.119] [SEVERE ] removing player 2 token from slot 0
[13:29:49.119] [SEVERE ] removing card from slot 0
[13:29:49.136] [SEVERE ] removing card from slot 7
[13:29:49.148] [SEVERE ] removing card from slot 11
[13:29:49.161] [SEVERE ] removing card from slot 1
[13:29:49.178] [SEVERE ] removing card from slot 6
[13:29:49.194] [SEVERE ] removing player 2 token from slot 2
[13:29:49.194] [SEVERE ] removing card from slot 2
[13:29:49.206] [SEVERE ] placing card 61 in slot 10
[13:29:49.222] [SEVERE ] placing card 70 in slot 0
[13:29:49.238] [SEVERE ] placing card 34 in slot 8
[13:29:49.252] [SEVERE ] placing card 33 in slot 7
[13:29:49.268] [SEVERE ] placing card 54 in slot 6
[13:29:49.284] [SEVERE ] placing card 77 in slot 2
[13:29:49.301] [SEVERE ] placing card 43 in slot 9
[13:29:49.318] [SEVERE ] placing card 76 in slot 5
[13:29:49.330] [SEVERE ] placing card 21 in slot 3
[13:29:49.347] [SEVERE ] placing card 39 in slot 1
[13:29:49.364] [SEVERE ] placing card 63 in slot 4
[13:29:49.380] [SEVERE ] placing card 18 in slot 11
[13:29:49.380] [SEVERE ] updating countdown to 7000
[13:29:49.380] [SEVERE ] player 2 placing token on slot 5
[13:29:49.380] [SEVERE ] player 2 placing token on slot 3
[13:29:49.380] [SEVERE ] player 2 placing token on slot 0
[13:29:49.380] [SEVERE ] updating countdown to 7000
[13:29:49.380] [SEVERE ] updating countdown to 7000
[13:29:49.380] [SEVERE ] setting player 2 freeze to 4
[13:29:49.380] [SEVERE ] player 1 placing token on slot 9
[13:29:49.381] [SEVERE ] player 1 placing token on slot 8
[13:29:49.381] [SEVERE ] player 1 placing token on slot 7
[13:29:49.381] [SEVERE ] setting player 1 freeze to 4
[13:29:49.381] [SEVERE ] updating countdown to 6000
[13:29:49.381] [SEVERE ] updating countdown to 6000
[13:29:49.381] [SEVERE ] updating countdown to 5000
[13:29:49.381] [SEVERE ] updating countdown to 5000
[13:29:49.381] [SEVERE ] updating countdown to 4000
[13:29:49.381] [SEVERE ] updating countdown to 4000
[13:29:49.381] [SEVERE ] updating countdown to 3000
[13:29:49.381] [SEVERE ] updating countdown to 3000
[13:29:49.381] [SEVERE ] updating countdown to 2000
[13:29:49.381] [SEVERE ] updating countdown to 2000
[13:29:49.382] [SEVERE ] updating countdown to 1000
[13:29:49.382] [SEVERE ] updating countdown to 1000
[13:29:49.382] [SEVERE ] updating countdown to 0
[13:29:49.382] [SEVERE ] updating countdown to 0
[13:29:49.385] [SEVERE ] setting player 2 freeze to 0
[13:29:49.385] [SEVERE ] setting player 1 freeze to 0
[13:29:49.385] [SEVERE ] removing player 1 token from slot 8
[13:29:49.385] [SEVERE ] player 1 placing token on slot 1
[13:29:49.385] [SEVERE ] setting player 1 freeze to 4
[13:29:49.391] [SEVERE ] setting player 1 freeze to 0
[13:29:49.399] [SEVERE ] removing player 1 token from slot 1
[13:29:49.399] [SEVERE ] removing card from slot 1
[13:29:49.411] [SEVERE ] removing card from slot 11
[13:29:49.428] [SEVERE ] removing card from slot 8
[13:29:49.444] [SEVERE ] removing card from slot 4
[13:29:49.460] [SEVERE ] removing card from slot 10
[13:29:49.481] [SEVERE ] removing player 2 token from slot 0
[13:29:49.481] [SEVERE ] removing card from slot 0
[13:29:49.506] [SEVERE ] removing player 2 token from slot 5
[13:29:49.506] [SEVERE ] removing card from slot 5
[13:29:49.522] [SEVERE ] removing player 1 token from slot 7
[13:29:49.522] [SEVERE ] removing card from slot 7
[13:29:49.539] [SEVERE ] removing card from slot 6
[13:29:49.551] [SEVERE ] removing card from slot 2
[13:29:49.567] [SEVERE ] removing player 1 token from slot 9
[13:29:49.567] [SEVERE ] removing card from slot 9
[13:29:49.584] [SEVERE ] removing player 2 token from slot 3
[13:29:49.584] [SEVERE ] removing card from slot 3
[13:29:49.600] [SEVERE ] placing card 11 in slot 9
[13:29:49.617] [SEVERE ] placing card 5 in slot 7
[13:29:49.633] [SEVERE ] placing card 2 in slot 11
[13:29:49.649] [SEVERE ] placing card 46 in slot 4
[13:29:49.664] [SEVERE ] placing card 74 in slot 2
[13:29:49.680] [SEVERE ] placing card 42 in slot 3
[13:29:49.696] [SEVERE ] placing card 22 in slot 8
[13:29:49.712] [SEVERE ] placing card 20 in slot 5
[13:29:49.728] [SEVERE ] placing card 61 in slot 1
[13:29:49.744] [SEVERE ] placing card 41 in slot 6
[13:29:49.760] [SEVERE ] placing card 63 in slot 10
[13:29:49.777] [SEVERE ] placing card 9 in slot 0
[13:29:49.777] [SEVERE ] updating countdown to 7000
[13:29:49.777] [SEVERE ] player 1 placing token on slot 11
[13:29:49.777] [SEVERE ] player 1 placing token on slot 3
[13:29:49.777] [SEVERE ] player 1 placing token on slot 1
[13:29:49.777] [SEVERE ] setting player 1 freeze to 4
[13:29:49.777] [SEVERE ] updating countdown to 7000
[13:29:49.777] [SEVERE ] updating countdown to 7000
[13:29:49.777] [SEVERE ] updating countdown to 6000
[13:29:49.777] [SEVERE ] updating countdown to 6000
[13:29:49.777] [SEVERE ] updating countdown to 5000
[13:29:49.777] [SEVERE ] updating countdown to 5000
[13:29:49.777] [SEVERE ] updating countdown to 4000
[13:29:49.777] [SEVERE ] updating countdown to 4000
[13:29:49.778] [SEVERE ] updating countdown to 3000
[13:29:49.778] [SEVERE ] updating countdown to 3000
[13:29:49.778] [SEVERE ] updating countdown to 2000
[13:29:49.778] [SEVERE ] updating countdown to 2000
[13:29:49.778] [SEVERE ] updating countdown to 1000
[13:29:49.778] [SEVERE ] updating countdown to 1000
[13:29:49.779] [SEVERE ] updating countdown to 0
[13:29:49.779] [SEVERE ] updating countdown to 0
[13:29:49.800] [SEVERE ] setting player 1 freeze to 0
[13:29:49.800] [SEVERE ] player 2 placing token on slot 10
[13:29:49.800] [SEVERE ] player 2 placing token on slot 2
[13:29:49.800] [SEVERE ] player 2 placing token on slot 11
[13:29:49.800] [SEVERE ] setting player 2 freeze to 4
[13:29:49.805] [SEVERE ] setting player 2 freeze to 0
[13:29:49.825] [SEVERE ] removing player 1 token from slot 11
[13:29:49.825] [SEVERE ] removing player 2 token from slot 11
[13:29:49.825] [SEVERE ] removing card from slot 11
[13:29:49.837] [SEVERE ] removing player 2 token from slot 10
[13:29:49.837] [SEVERE ] removing card from slot 10
[13:29:49.853] [SEVERE ] removing player 1 token from slot 1
[13:29:49.853] [SEVERE ] removing card from slot 1
[13:29:49.870] [SEVERE ] removing card from slot 4
[13:29:49.887] [SEVERE ] removing card from slot 0
[13:29:49.899] [SEVERE ] removing card from slot 8
[13:29:49.915] [SEVERE ] removing card from slot 6
[13:29:49.932] [SEVERE ] removing card from slot 7
[13:29:49.945] [SEVERE ] removing player 1 token from slot 3
[13:29:49.945] [SEVERE ] removing card from slot 3
[13:29:49.961] [SEVERE ] removing card from slot 5
[13:29:49.977] [SEVERE ] removing player 2 token from slot 2
[13:29:49.977] [SEVERE ] removing card from slot 2
[13:29:49.993] [SEVERE ] removing card from slot 9
[13:29:50.009] [SEVERE ] placing card 74 in slot 7
[13:29:50.025] [SEVERE ] placing card 73 in slot 0
[13:29:50.041] [SEVERE ] placing card 71 in slot 3
[13:29:50.057] [SEVERE ] placing card 60 in slot 2
[13:29:50.073] [SEVERE ] placing card 23 in slot 9
[13:29:50.089] [SEVERE ] placing card 8 in slot 5
[13:29:50.105] [SEVERE ] placing card 44 in slot 6
[13:29:50.121] [SEVERE ] placing card 35 in slot 1
[13:29:50.137] [SEVERE ] placing card 72 in slot 4
[13:29:50.153] [SEVERE ] placing card 47 in slot 8
[13:29:50.169] [SEVERE ] placing card 28 in slot 10
[13:29:50.185] [SEVERE ] placing card 13 in slot 11
[13:29:50.185] [SEVERE ] updating countdown to 7000
[13:29:50.185] [SEVERE ] player 2 placing token on slot 10
[13:29:50.185] [SEVERE ] player 2 placing token on slot 6
[13:29:50.185] [SEVERE ] player 2 placing token on slot 0
[13:29:50.185] [SEVERE ] setting player 2 freeze to 4
[13:29:50.185] [SEVERE ] updating countdown to 7000
[13:29:50.185] [SEVERE ] player 1 placing token on slot 7
[13:29:50.186] [SEVERE ] updating countdown to 7000
[13:29:50.186] [SEVERE ] player 1 placing token on slot 6
[13:29:50.186] [SEVERE ] player 1 placing token on slot 4
[13:29:50.186] [SEVERE ] setting player 1 freeze to 4
[13:29:50.186] [SEVERE ] updating countdown to 6000
[13:29:50.186] [SEVERE ] updating countdown to 6000
[13:29:50.186] [SEVERE ] updating countdown to 5000
[13:29:50.186] [SEVERE ] updating countdown to 5000
[13:29:50.186] [SEVERE ] updating countdown to 4000
[13:29:50.186] [SEVERE ] updating countdown to 4000
[13:29:50.186] [SEVERE ] updating countdown to 3000
[13:29:50.186] [SEVERE ] updating countdown to 3000
[13:29:50.187] [SEVERE ] updating countdown to 2000
[13:29:50.187] [SEVERE ] updating countdown to 2000
[13:29:50.187] [SEVERE ] updating countdown to 1000
[13:29:50.187] [SEVERE ] updating countdown to 1000
[13:29:50.187] [SEVERE ] updating countdown to 0
[13:29:50.187] [SEVERE ] updating countdown to 0
[13:29:50.190] [SEVERE ] setting player 2 freeze to 0
[13:29:50.190] [SEVERE ] setting player 1 freeze to 0
[13:29:50.190] [SEVERE ] removing player 1 token from slot 6
[13:29:50.190] [SEVERE ] player 1 placing token on slot 3
[13:29:50.190] [SEVERE ] setting player 1 freeze to 4
[13:29:50.196] [SEVERE ] setting player 1 freeze to 0
[13:29:50.216] [SEVERE ] removing card from slot 5
[13:29:50.232] [SEVERE ] removing card from slot 11
[13:29:50.248] [SEVERE ] removing player 1 token from slot 4
[13:29:50.258] [SEVERE ] removing card from slot 4
[13:29:50.280] [SEVERE ] removing player 2 token from slot 0
[13:29:50.280] [SEVERE ] removing card from slot 0
[13:29:50.296] [SEVERE ] removing card from slot 8
[13:29:50.312] [SEVERE ] removing player 2 token from slot 10
[13:29:50.312] [SEVERE ] removing card from slot 10
[13:29:50.328] [SEVERE ] removing card from slot 1
[13:29:50.344] [SEVERE ] removing player 1 token from slot 3
[13:29:50.344] [SEVERE ] removing card from slot 3
[13:29:50.360] [SEVERE ] removing player 1 token from slot 7
[13:29:50.360] [SEVERE ] removing card from slot 7
[13:29:50.376] [SEVERE ] removing player 2 token from slot 6
[13:29:50.376] [SEVERE ] removing card from slot 6
[13:29:50.392] [SEVERE ] removing card from slot 9
[13:29:50.408] [SEVERE ] removing card from slot 2
[13:29:50.424] [SEVERE ] placing card 44 in slot 2
[13:29:50.440] [SEVERE ] placing card 63 in slot 4
[13:29:50.456] [SEVERE ] placing card 16 in slot 6
[13:29:50.472] [SEVERE ] placing card 73 in slot 3
[13:29:50.488] [SEVERE ] placing card 50 in slot 11
[13:29:50.504] [SEVERE ] placing card 41 in slot 0
[13:29:50.520] [SEVERE ] placing card 21 in slot 5
[13:29:50.536] [SEVERE ] placing card 38 in slot 10
[13:29:50.552] [SEVERE ] placing card 4 in slot 9
[13:29:50.569] [SEVERE ] placing card 45 in slot 8
[13:29:50.585] [SEVERE ] placing card 59 in slot 7
[13:29:50.601] [SEVERE ] placing card 27 in slot 1
[13:29:50.601] [SEVERE ] updating countdown to 7000
[13:29:50.601] [SEVERE ] player 1 placing token on slot 2
[13:29:50.601] [SEVERE ] player 1 placing token on slot 11
[13:29:50.601] [SEVERE ] player 1 placing token on slot 10
[13:29:50.601] [SEVERE ] updating countdown to 7000
[13:29:50.601] [SEVERE ] updating countdown to 7000
[13:29:50.601] [SEVERE ] setting player 1 freeze to 4
[13:29:50.602] [SEVERE ] updating countdown to 6000
[13:29:50.602] [SEVERE ] updating countdown to 6000
[13:29:50.602] [SEVERE ] updating countdown to 5000
[13:29:50.602] [SEVERE ] updating countdown to 5000
[13:29:50.602] [SEVERE ] updating countdown to 4000
[13:29:50.602] [SEVERE ] updating countdown to 4000
[13:29:50.603] [SEVERE ] updating countdown to 3000
[13:29:50.603] [SEVERE ] updating countdown to 3000
[13:29:50.603] [SEVERE ] updating countdown to 2000
[13:29:50.603] [SEVERE ] updating countdown to 2000
[13:29:50.603] [SEVERE ] updating countdown to 1000
[13:29:50.603] [SEVERE ] updating countdown to 1000
[13:29:50.604] [SEVERE ] updating countdown to 0
[13:29:50.604] [SEVERE ] updating countdown to 0
[13:29:50.607] [SEVERE ] setting player 1 freeze to 0
[13:29:50.607] [SEVERE ] removing player 1 token from slot 2
[13:29:50.607] [SEVERE ] player 1 placing token on slot 5
[13:29:50.607] [SEVERE ] setting player 1 freeze to 4
[13:29:50.612] [SEVERE ] setting player 1 freeze to 0
[13:29:50.632] [SEVERE ] removing card from slot 9
[13:29:50.644] [SEVERE ] removing card from slot 8
[13:29:50.661] [SEVERE ] removing player 1 token from slot 11
[13:29:50.661] [SEVERE ] removing card from slot 11
[13:29:50.677] [SEVERE ] removing card from slot 6
[13:29:50.694] [SEVERE ] removing card from slot 1
[13:29:50.710] [SEVERE ] removing player 1 token from slot 5
[13:29:50.710] [SEVERE ] removing card from slot 5
[13:29:50.723] [SEVERE ] removing card from slot 4
[13:29:50.738] [SEVERE ] removing card from slot 3
[13:29:50.754] [SEVERE ] removing player 1 token from slot 10
[13:29:50.754] [SEVERE ] removing card from slot 10
[13:29:50.770] [SEVERE ] removing card from slot 2
[13:29:50.786] [SEVERE ] removing card from slot 7
[13:29:50.802] [SEVERE ] removing card from slot 0
[13:29:50.815] [SEVERE ] placing card 55 in slot 1
[13:29:50.828] [SEVERE ] placing card 78 in slot 9
[13:29:50.844] [SEVERE ] placing card 38 in slot 7
[13:29:50.860] [SEVERE ] placing card 25 in slot 4
[13:29:50.876] [SEVERE ] placing card 61 in slot 0
[13:29:50.891] [SEVERE ] placing card 35 in slot 6
[13:29:50.907] [SEVERE ] placing card 53 in slot 2
[13:29:50.923] [SEVERE ] placing card 3 in slot 10
[13:29:50.940] [SEVERE ] placing card 39 in slot 3
[13:29:50.953] [SEVERE ] placing card 15 in slot 11
[13:29:50.969] [SEVERE ] placing card 79 in slot 8
[13:29:50.985] [SEVERE ] placing card 60 in slot 5
[13:29:50.985] [SEVERE ] updating countdown to 7000
[13:29:50.985] [SEVERE ] player 1 placing token on slot 0
[13:29:50.985] [SEVERE ] player 1 placing token on slot 5
[13:29:50.985] [SEVERE ] player 1 placing token on slot 4
[13:29:50.985] [SEVERE ] updating countdown to 7000
[13:29:50.985] [SEVERE ] player 2 placing token on slot 2
[13:29:50.985] [SEVERE ] updating countdown to 7000
[13:29:50.985] [SEVERE ] player 2 placing token on slot 0
[13:29:50.985] [SEVERE ] setting player 1 freeze to 4
[13:29:50.985] [SEVERE ] player 2 placing token on slot 1
[13:29:50.986] [SEVERE ] setting player 2 freeze to 4
[13:29:50.986] [SEVERE ] updating countdown to 6000
[13:29:50.986] [SEVERE ] updating countdown to 6000
[13:29:50.986] [SEVERE ] updating countdown to 5000
[13:29:50.986] [SEVERE ] updating countdown to 5000
[13:29:50.986] [SEVERE ] updating countdown to 4000
[13:29:50.986] [SEVERE ] updating countdown to 4000
[13:29:50.987] [SEVERE ] updating countdown to 3000
[13:29:50.987] [SEVERE ] updating countdown to 3000
[13:29:50.989] [SEVERE ] updating countdown to 2000
[13:29:50.989] [SEVERE ] updating countdown to 2000
[13:29:50.989] [SEVERE ] updating countdown to 1000
[13:29:50.989] [SEVERE ] updating countdown to 1000
[13:29:50.990] [SEVERE ] setting player 2 freeze to 0
[13:29:50.990] [SEVERE ] setting player 1 freeze to 0
[13:29:50.990] [SEVERE ] updating countdown to 0
[13:29:50.990] [SEVERE ] updating countdown to 0
[13:29:50.990] [SEVERE ] removing player 2 token from slot 1
[13:29:50.990] [SEVERE ] player 2 placing token on slot 5
[13:29:50.990] [SEVERE ] setting player 2 freeze to 4
[13:29:50.996] [SEVERE ] setting player 2 freeze to 0
[13:29:51.016] [SEVERE ] removing card from slot 1
[13:29:51.032] [SEVERE ] removing card from slot 9
[13:29:51.048] [SEVERE ] removing player 2 token from slot 2
[13:29:51.048] [SEVERE ] removing card from slot 2
[13:29:51.064] [SEVERE ] removing player 1 token from slot 4
[13:29:51.064] [SEVERE ] removing card from slot 4
[13:29:51.080] [SEVERE ] removing card from slot 10
[13:29:51.096] [SEVERE ] removing player 1 token from slot 0
[13:29:51.096] [SEVERE ] removing player 2 token from slot 0
[13:29:51.096] [SEVERE ] removing card from slot 0
[13:29:51.112] [SEVERE ] removing card from slot 8
[13:29:51.128] [SEVERE ] removing card from slot 6
[13:29:51.144] [SEVERE ] removing card from slot 7
[13:29:51.160] [SEVERE ] removing card from slot 3
[13:29:51.177] [SEVERE ] removing card from slot 11
[13:29:51.193] [SEVERE ] removing player 1 token from slot 5
[13:29:51.193] [SEVERE ] removing player 2 token from slot 5
[13:29:51.193] [SEVERE ] removing card from slot 5
[13:29:51.209] [SEVERE ] placing card 69 in slot 2
[13:29:51.225] [SEVERE ] placing card 15 in slot 1
[13:29:51.241] [SEVERE ] placing card 41 in slot 6
[13:29:51.258] [SEVERE ] placing card 19 in slot 9
[13:29:51.274] [SEVERE ] placing card 5 in slot 10
[13:29:51.290] [SEVERE ] placing card 4 in slot 5
[13:29:51.306] [SEVERE ] placing card 44 in slot 3
[13:29:51.323] [SEVERE ] placing card 56 in slot 0
[13:29:51.335] [SEVERE ] placing card 66 in slot 4
[13:29:51.352] [SEVERE ] placing card 51 in slot 8
[13:29:51.368] [SEVERE ] placing card 29 in slot 11
[13:29:51.384] [SEVERE ] placing card 61 in slot 7
[13:29:51.384] [SEVERE ] updating countdown to 7000
[13:29:51.384] [SEVERE ] player 2 placing token on slot 3
[13:29:51.384] [SEVERE ] player 2 placing token on slot 7
[13:29:51.384] [SEVERE ] player 2 placing token on slot 11
[13:29:51.384] [SEVERE ] setting player 2 freeze to 4
[13:29:51.384] [SEVERE ] player 1 placing token on slot 11
[13:29:51.384] [SEVERE ] updating countdown to 7000
[13:29:51.384] [SEVERE ] updating countdown to 7000
[13:29:51.384] [SEVERE ] updating countdown to 6000
[13:29:51.384] [SEVERE ] updating countdown to 6000
[13:29:51.384] [SEVERE ] updating countdown to 5000
[13:29:51.384] [SEVERE ] updating countdown to 5000
[13:29:51.385] [SEVERE ] updating countdown to 4000
[13:29:51.385] [SEVERE ] updating countdown to 4000
[13:29:51.385] [SEVERE ] updating countdown to 3000
[13:29:51.385] [SEVERE ] updating countdown to 3000
[13:29:51.385] [SEVERE ] updating countdown to 2000
[13:29:51.385] [SEVERE ] updating countdown to 2000
[13:29:51.385] [SEVERE ] updating countdown to 1000
[13:29:51.385] [SEVERE ] updating countdown to 1000
[13:29:51.386] [SEVERE ] updating countdown to 0
[13:29:51.386] [SEVERE ] updating countdown to 0
[13:29:51.389] [SEVERE ] setting player 2 freeze to 0
[13:29:51.389] [SEVERE ] removing player 2 token from slot 3
[13:29:51.389] [SEVERE ] player 2 placing token on slot 9
[13:29:51.389] [SEVERE ] setting player 2 freeze to 4
[13:29:51.394] [SEVERE ] setting player 2 freeze to 0
[13:29:51.414] [SEVERE ] removing card from slot 6
[13:29:51.430] [SEVERE ] removing card from slot 2
[13:29:51.446] [SEVERE ] removing card from slot 0
[13:29:51.462] [SEVERE ] removing card from slot 10
[13:29:51.478] [SEVERE ] removing player 2 token from slot 9
[13:29:51.478] [SEVERE ] removing card from slot 9
[13:29:51.494] [SEVERE ] removing card from slot 4
[13:29:51.510] [SEVERE ] removing card from slot 1
[13:29:51.527] [SEVERE ] removing card from slot 3
[13:29:51.543] [SEVERE ] removing card from slot 8
[13:29:51.559] [SEVERE ] removing card from slot 5
[13:29:51.575] [SEVERE ] removing player 1 token from slot 11
[13:29:51.575] [SEVERE ] removing player 2 token from slot 11
[13:29:51.575] [SEVERE ] removing card from slot 11
[13:29:51.587] [SEVERE ] removing player 2 token from slot 7
[13:29:51.587] [SEVERE ] removing card from slot 7
[13:29:51.603] [SEVERE ] placing card 69 in slot 7
[13:29:51.636] [SEVERE ] placing card 27 in slot 6
[13:29:51.648] [SEVERE ] placing card 33 in slot 3
[13:29:51.664] [SEVERE ] placing card 19 in slot 2
[13:29:51.680] [SEVERE ] placing card 28 in slot 4
[13:29:51.696] [SEVERE ] placing card 45 in slot 1
[13:29:51.712] [SEVERE ] placing card 17 in slot 10
[13:29:51.728] [SEVERE ] placing card 5 in slot 9
[13:29:51.740] [SEVERE ] placing card 71 in slot 11
[13:29:51.756] [SEVERE ] placing card 39 in slot 0
[13:29:51.772] [SEVERE ] placing card 57 in slot 5
[13:29:51.784] [SEVERE ] placing card 7 in slot 8
[13:29:51.784] [SEVERE ] updating countdown to 7000
[13:29:51.784] [SEVERE ] player 2 placing token on slot 9
[13:29:51.784] [SEVERE ] player 2 placing token on slot 6
[13:29:51.784] [SEVERE ] player 2 placing token on slot 5
[13:29:51.784] [SEVERE ] updating countdown to 7000
[13:29:51.784] [SEVERE ] setting player 2 freeze to 4
[13:29:51.784] [SEVERE ] updating countdown to 7000
[13:29:51.785] [SEVERE ] updating countdown to 6000
[13:29:51.785] [SEVERE ] updating countdown to 6000
[13:29:51.785] [SEVERE ] updating countdown to 5000
[13:29:51.785] [SEVERE ] updating countdown to 5000
[13:29:51.785] [SEVERE ] updating countdown to 4000
[13:29:51.785] [SEVERE ] updating countdown to 4000
[13:29:51.786] [SEVERE ] updating countdown to 3000
[13:29:51.786] [SEVERE ] updating countdown to 3000
[13:29:51.786] [SEVERE ] updating countdown to 2000
[13:29:51.786] [SEVERE ] updating countdown to 2000
[13:29:51.786] [SEVERE ] updating countdown to 1000
[13:29:51.786] [SEVERE ] updating countdown to 1000
[13:29:51.787] [SEVERE ] updating countdown to 0
[13:29:51.787] [SEVERE ] updating countdown to 0
[13:29:51.790] [SEVERE ] setting player 2 freeze to 0
[13:29:51.790] [SEVERE ] removing player 2 token from slot 5
[13:29:51.790] [SEVERE ] player 2 placing token on slot 10
[13:29:51.790] [SEVERE ] setting player 2 freeze to 4
[13:29:51.795] [SEVERE ] setting player 2 freeze to 0
[13:29:51.815] [SEVERE ] removing card from slot 7
[13:29:51.831] [SEVERE ] removing player 2 token from slot 10
[13:29:51.831] [SEVERE ] removing card from slot 10
[13:29:51.847] [SEVERE ] removing player 2 token from slot 6
[13:29:51.847] [SEVERE ] removing card from slot 6
[13:29:51.863] [SEVERE ] removing card from slot 3
[13:29:51.879] [SEVERE ] removing card from slot 8
[13:29:51.896] [SEVERE ] removing card from slot 2
[13:29:51.912] [SEVERE ] removing card from slot 1
[13:29:51.928] [SEVERE ] removing card from slot 4
[13:29:51.940] [SEVERE ] removing card from slot 5
[13:29:51.956] [SEVERE ] removing player 2 token from slot 9
[13:29:51.956] [SEVERE ] removing card from slot 9
[13:29:51.972] [SEVERE ] removing card from slot 0
[13:29:51.988] [SEVERE ] removing card from slot 11
[13:29:52.001] [SEVERE ] placing card 20 in slot 7
[13:29:52.017] [SEVERE ] placing card 38 in slot 8
[13:29:52.034] [SEVERE ] placing card 26 in slot 4
[13:29:52.046] [SEVERE ] placing card 45 in slot 3
[13:29:52.063] [SEVERE ] placing card 31 in slot 1
[13:29:52.079] [SEVERE ] placing card 33 in slot 2
[13:29:52.091] [SEVERE ] placing card 72 in slot 0
[13:29:52.104] [SEVERE ] placing card 19 in slot 10
[13:29:52.116] [SEVERE ] placing card 22 in slot 6
[13:29:52.133] [SEVERE ] placing card 48 in slot 5
[13:29:52.149] [SEVERE ] placing card 80 in slot 9
[13:29:52.166] [SEVERE ] placing card 65 in slot 11
[13:29:52.166] [SEVERE ] updating countdown to 7000
[13:29:52.166] [SEVERE ] player 2 placing token on slot 1
[13:29:52.166] [SEVERE ] player 2 placing token on slot 7
[13:29:52.166] [SEVERE ] player 2 placing token on slot 0
[13:29:52.166] [SEVERE ] setting player 2 freeze to 4
[13:29:52.166] [SEVERE ] updating countdown to 7000
[13:29:52.166] [SEVERE ] player 1 placing token on slot 0
[13:29:52.167] [SEVERE ] player 1 placing token on slot 4
[13:29:52.167] [SEVERE ] updating countdown to 7000
[13:29:52.167] [SEVERE ] player 1 placing token on slot 1
[13:29:52.167] [SEVERE ] setting player 1 freeze to 4
[13:29:52.167] [SEVERE ] updating countdown to 6000
[13:29:52.167] [SEVERE ] updating countdown to 6000
[13:29:52.167] [SEVERE ] updating countdown to 5000
[13:29:52.167] [SEVERE ] updating countdown to 5000
[13:29:52.167] [SEVERE ] updating countdown to 4000
[13:29:52.167] [SEVERE ] updating countdown to 4000
[13:29:52.168] [SEVERE ] updating countdown to 3000
[13:29:52.168] [SEVERE ] updating countdown to 3000
[13:29:52.168] [SEVERE ] updating countdown to 2000
[13:29:52.168] [SEVERE ] updating countdown to 2000
[13:29:52.168] [SEVERE ] updating countdown to 1000
[13:29:52.168] [SEVERE ] updating countdown to 1000
[13:29:52.168] [SEVERE ] updating countdown to 0
[13:29:52.168] [SEVERE ] updating countdown to 0
[13:29:52.171] [SEVERE ] setting player 2 freeze to 0
[13:29:52.171] [SEVERE ] setting player 1 freeze to 0
[13:29:52.171] [SEVERE ] removing player 1 token from slot 4
[13:29:52.171] [SEVERE ] player 1 placing token on slot 11
[13:29:52.171] [SEVERE ] setting player 1 freeze to 4
[13:29:52.176] [SEVERE ] setting player 1 freeze to 0
[13:29:52.184] [SEVERE ] removing card from slot 3
[13:29:52.208] [SEVERE ] removing card from slot 2
[13:29:52.224] [SEVERE ] removing card from slot 4
[13:29:52.240] [SEVERE ] removing card from slot 6
[13:29:52.256] [SEVERE ] removing player 1 token from slot 11
[13:29:52.256] [SEVERE ] removing card from slot 11
[13:29:52.272] [SEVERE ] removing player 2 token from slot 7
[13:29:52.272] [SEVERE ] removing card from slot 7
[13:29:52.288] [SEVERE ] removing card from slot 8
[13:29:52.300] [SEVERE ] removing card from slot 9
[13:29:52.316] [SEVERE ] removing card from slot 10
[13:29:52.332] [SEVERE ] removing player 1 token from slot 1
[13:29:52.332] [SEVERE ] removing player 2 token from slot 1
[13:29:52.332] [SEVERE ] removing card from slot 1
[13:29:52.348] [SEVERE ] removing player 1 token from slot 0
[13:29:52.348] [SEVERE ] removing player 2 token from slot 0
[13:29:52.348] [SEVERE ] removing card from slot 0
[13:29:52.364] [SEVERE ] removing card from slot 5
[13:29:52.380] [SEVERE ] placing card 31 in slot 5
[13:29:52.396] [SEVERE ] placing card 47 in slot 9
[13:29:52.413] [SEVERE ] placing card 57 in slot 2
[13:29:52.429] [SEVERE ] placing card 21 in slot 4
[13:29:52.446] [SEVERE ] placing card 63 in slot 6
[13:29:52.458] [SEVERE ] placing card 43 in slot 7
[13:29:52.475] [SEVERE ] placing card 69 in slot 11
[13:29:52.491] [SEVERE ] placing card 51 in slot 10
[13:29:52.507] [SEVERE ] placing card 80 in slot 3
[13:29:52.520] [SEVERE ] placing card 78 in slot 1
[13:29:52.537] [SEVERE ] placing card 40 in slot 0
[13:29:52.554] [SEVERE ] placing card 14 in slot 8
[13:29:52.554] [SEVERE ] updating countdown to 7000
[13:29:52.554] [SEVERE ] player 1 placing token on slot 6
[13:29:52.554] [SEVERE ] player 1 placing token on slot 7
[13:29:52.554] [SEVERE ] player 1 placing token on slot 9
[13:29:52.554] [SEVERE ] setting player 1 freeze to 4
[13:29:52.554] [SEVERE ] updating countdown to 7000
[13:29:52.554] [SEVERE ] updating countdown to 7000
[13:29:52.554] [SEVERE ] updating countdown to 6000
[13:29:52.554] [SEVERE ] updating countdown to 6000
[13:29:52.554] [SEVERE ] updating countdown to 5000
[13:29:52.554] [SEVERE ] updating countdown to 5000
[13:29:52.554] [SEVERE ] updating countdown to 4000
[13:29:52.554] [SEVERE ] updating countdown to 4000
[13:29:52.555] [SEVERE ] updating countdown to 3000
[13:29:52.555] [SEVERE ] updating countdown to 3000
[13:29:52.555] [SEVERE ] updating countdown to 2000
[13:29:52.555] [SEVERE ] updating countdown to 2000
[13:29:52.555] [SEVERE ] updating countdown to 1000
[13:29:52.555] [SEVERE ] updating countdown to 1000
[13:29:52.555] [SEVERE ] updating countdown to 0
[13:29:52.555] [SEVERE ] updating countdown to 0
[13:29:52.559] [SEVERE ] setting player 1 freeze to 0
[13:29:52.559] [SEVERE ] player 2 placing token on slot 10
[13:29:52.559] [SEVERE ] player 2 placing token on slot 3
[13:29:52.559] [SEVERE ] player 2 placing token on slot 8
[13:29:52.559] [SEVERE ] setting player 2 freeze to 4
[13:29:52.564] [SEVERE ] setting player 2 freeze to 0
[13:29:52.584] [SEVERE ] removing card from slot 4
[13:29:52.600] [SEVERE ] removing player 1 token from slot 6
[13:29:52.600] [SEVERE ] removing card from slot 6
[13:29:52.612] [SEVERE ] removing player 1 token from slot 7
[13:29:52.612] [SEVERE ] removing card from slot 7
[13:29:52.628] [SEVERE ] removing player 2 token from slot 8
[13:29:52.628] [SEVERE ] removing card from slot 8
[13:29:52.644] [SEVERE ] removing player 2 token from slot 10
[13:29:52.644] [SEVERE ] removing card from slot 10
[13:29:52.660] [SEVERE ] removing player 2 token from slot 3
[13:29:52.660] [SEVERE ] removing card from slot 3
[13:29:52.677] [SEVERE ] removing card from slot 0
[13:29:52.693] [SEVERE ] removing card from slot 11
[13:29:52.709] [SEVERE ] removing card from slot 2
[13:29:52.725] [SEVERE ] removing card from slot 5
[13:29:52.741] [SEVERE ] removing card from slot 1
[13:29:52.757] [SEVERE ] removing player 1 token from slot 9
[13:29:52.757] [SEVERE ] removing card from slot 9
[13:29:52.773] [SEVERE ] placing card 14 in slot 4
[13:29:52.789] [SEVERE ] placing card 62 in slot 0
[13:29:52.805] [SEVERE ] placing card 73 in slot 11
[13:29:52.821] [SEVERE ] placing card 61 in slot 6
[13:29:52.837] [SEVERE ] placing card 33 in slot 8
[13:29:52.853] [SEVERE ] placing card 24 in slot 5
[13:29:52.869] [SEVERE ] placing card 65 in slot 9
[13:29:52.885] [SEVERE ] placing card 78 in slot 7
[13:29:52.901] [SEVERE ] placing card 29 in slot 1
[13:29:52.917] [SEVERE ] placing card 59 in slot 10
[13:29:52.933] [SEVERE ] placing card 19 in slot 2
[13:29:52.949] [SEVERE ] placing card 53 in slot 3
[13:29:52.949] [SEVERE ] updating countdown to 7000
[13:29:52.949] [SEVERE ] player 2 placing token on slot 11
[13:29:52.949] [SEVERE ] player 2 placing token on slot 5
[13:29:52.949] [SEVERE ] player 2 placing token on slot 8
[13:29:52.949] [SEVERE ] setting player 2 freeze to 4
[13:29:52.949] [SEVERE ] updating countdown to 7000
[13:29:52.949] [SEVERE ] updating countdown to 7000
[13:29:52.950] [SEVERE ] updating countdown to 6000
[13:29:52.950] [SEVERE ] updating countdown to 6000
[13:29:52.950] [SEVERE ] updating countdown to 5000
[13:29:52.950] [SEVERE ] updating countdown to 5000
[13:29:52.950] [SEVERE ] updating countdown to 4000
[13:29:52.950] [SEVERE ] updating countdown to 4000
[13:29:52.951] [SEVERE ] updating countdown to 3000
[13:29:52.951] [SEVERE ] updating countdown to 3000
[13:29:52.951] [SEVERE ] updating countdown to 2000
[13:29:52.951] [SEVERE ] updating countdown to 2000
[13:29:52.951] [SEVERE ] updating countdown to 1000
[13:29:52.951] [SEVERE ] updating countdown to 1000
[13:29:52.952] [SEVERE ] updating countdown to 0
[13:29:52.952] [SEVERE ] updating countdown to 0
[13:29:52.954] [SEVERE ] setting player 2 freeze to 0
[13:29:52.954] [SEVERE ] player 1 placing token on slot 0
[13:29:52.954] [SEVERE ] player 1 placing token on slot 11
[13:29:52.954] [SEVERE ] player 1 placing token on slot 1
[13:29:52.954] [SEVERE ] setting player 1 freeze to 4
[13:29:52.959] [SEVERE ] setting player 1 freeze to 0
[13:29:52.979] [SEVERE ] removing card from slot 4
[13:29:52.996] [SEVERE ] removing player 1 token from slot 0
[13:29:52.996] [SEVERE ] removing card from slot 0
[13:29:53.008] [SEVERE ] removing card from slot 9
[13:29:53.024] [SEVERE ] removing card from slot 10
[13:29:53.040] [SEVERE ] removing player 2 token from slot 5
[13:29:53.040] [SEVERE ] removing card from slot 5
[13:29:53.056] [SEVERE ] removing player 1 token from slot 1
[13:29:53.056] [SEVERE ] removing card from slot 1
[13:29:53.073] [SEVERE ] removing player 1 token from slot 11
[13:29:53.073] [SEVERE ] removing player 2 token from slot 11
[13:29:53.073] [SEVERE ] removing card from slot 11
[13:29:53.089] [SEVERE ] removing player 2 token from slot 8
[13:29:53.089] [SEVERE ] removing card from slot 8
[13:29:53.105] [SEVERE ] removing card from slot 6
[13:29:53.117] [SEVERE ] removing card from slot 7
[13:29:53.129] [SEVERE ] removing card from slot 2
[13:29:53.145] [SEVERE ] removing card from slot 3
[13:29:53.159] [SEVERE ] placing card 43 in slot 1
[13:29:53.173] [SEVERE ] placing card 34 in slot 10
[13:29:53.189] [SEVERE ] placing card 45 in slot 11
[13:29:53.205] [SEVERE ] placing card 15 in slot 4
[13:29:53.217] [SEVERE ] placing card 17 in slot 0
[13:29:53.228] [SEVERE ] placing card 78 in slot 7
[13:29:53.241] [SEVERE ] placing card 22 in slot 6
[13:29:53.253] [SEVERE ] placing card 74 in slot 3
[13:29:53.269] [SEVERE ] placing card 33 in slot 2
[13:29:53.285] [SEVERE ] placing card 53 in slot 8
[13:29:53.301] [SEVERE ] placing card 0 in slot 5
[13:29:53.317] [SEVERE ] placing card 65 in slot 9
[13:29:53.317] [SEVERE ] updating countdown to 7000
[13:29:53.317] [SEVERE ] player 1 placing token on slot 6
[13:29:53.317] [SEVERE ] player 1 placing token on slot 8
[13:29:53.317] [SEVERE ] player 1 placing token on slot 10
[13:29:53.317] [SEVERE ] setting player 1 freeze to 4
[13:29:53.317] [SEVERE ] updating countdown to 7000
[13:29:53.318] [SEVERE ] updating countdown to 7000
[13:29:53.318] [SEVERE ] updating countdown to 6000
[13:29:53.318] [SEVERE ] updating countdown to 6000
[13:29:53.318] [SEVERE ] updating countdown to 5000
[13:29:53.318] [SEVERE ] updating countdown to 5000
[13:29:53.318] [SEVERE ] updating countdown to 4000
[13:29:53.318] [SEVERE ] updating countdown to 4000
[13:29:53.319] [SEVERE ] updating countdown to 3000
[13:29:53.319] [SEVERE ] updating countdown to 3000
[13:29:53.319] [SEVERE ] updating countdown to 2000
[13:29:53.319] [SEVERE ] updating countdown to 2000
[13:29:53.319] [SEVERE ] updating countdown to 1000
[13:29:53.319] [SEVERE ] updating countdown to 1000
[13:29:53.319] [SEVERE ] updating countdown to 0
[13:29:53.319] [SEVERE ] updating countdown to 0
[13:29:53.323] [SEVERE ] setting player 1 freeze to 0
[13:29:53.323] [SEVERE ] removing player 1 token from slot 6
[13:29:53.323] [SEVERE ] player 1 placing token on slot 7
[13:29:53.323] [SEVERE ] setting player 1 freeze to 4
[13:29:53.328] [SEVERE ] setting player 1 freeze to 0
[13:29:53.348] [SEVERE ] removing player 1 token from slot 8
[13:29:53.348] [SEVERE ] removing card from slot 8
[13:29:53.363] [SEVERE ] removing card from slot 0
[13:29:53.379] [SEVERE ] removing card from slot 4
[13:29:53.395] [SEVERE ] removing card from slot 1
[13:29:53.411] [SEVERE ] removing card from slot 5
[13:29:53.427] [SEVERE ] removing card from slot 6
[13:29:53.443] [SEVERE ] removing player 1 token from slot 10
[13:29:53.443] [SEVERE ] removing card from slot 10
[13:29:53.459] [SEVERE ] removing card from slot 2
[13:29:53.476] [SEVERE ] removing card from slot 9
[13:29:53.488] [SEVERE ] removing card from slot 3
[13:29:53.499] [SEVERE ] removing card from slot 11
[13:29:53.515] [SEVERE ] removing player 1 token from slot 7
[13:29:53.515] [SEVERE ] removing card from slot 7
[13:29:53.532] [SEVERE ] placing card 59 in slot 4
[13:29:53.548] [SEVERE ] placing card 26 in slot 7
[13:29:53.563] [SEVERE ] placing card 71 in slot 1
[13:29:53.579] [SEVERE ] placing card 55 in slot 0
[13:29:53.595] [SEVERE ] placing card 38 in slot 5
[13:29:53.607] [SEVERE ] placing card 62 in slot 11
[13:29:53.623] [SEVERE ] placing card 32 in slot 3
[13:29:53.639] [SEVERE ] placing card 35 in slot 10
[13:29:53.655] [SEVERE ] placing card 1 in slot 6
[13:29:53.671] [SEVERE ] placing card 7 in slot 8
[13:29:53.687] [SEVERE ] placing card 65 in slot 2
[13:29:53.699] [SEVERE ] placing card 30 in slot 9
[13:29:53.699] [SEVERE ] updating countdown to 7000
[13:29:53.699] [SEVERE ] player 1 placing token on slot 4
[13:29:53.699] [SEVERE ] player 1 placing token on slot 3
[13:29:53.699] [SEVERE ] player 1 placing token on slot 8
[13:29:53.699] [SEVERE ] setting player 1 freeze to 4
[13:29:53.699] [SEVERE ] updating countdown to 7000
[13:29:53.700] [SEVERE ] updating countdown to 7000
[13:29:53.699] [SEVERE ] player 2 placing token on slot 0
[13:29:53.700] [SEVERE ] player 2 placing token on slot 7
[13:29:53.700] [SEVERE ] player 2 placing token on slot 2
[13:29:53.700] [SEVERE ] setting player 2 freeze to 4
[13:29:53.700] [SEVERE ] updating countdown to 6000
[13:29:53.700] [SEVERE ] updating countdown to 6000
[13:29:53.700] [SEVERE ] updating countdown to 5000
[13:29:53.700] [SEVERE ] updating countdown to 5000
[13:29:53.700] [SEVERE ] updating countdown to 4000
[13:29:53.700] [SEVERE ] updating countdown to 4000
[13:29:53.700] [SEVERE ] updating countdown to 3000
[13:29:53.700] [SEVERE ] updating countdown to 3000
[13:29:53.701] [SEVERE ] updating countdown to 2000
[13:29:53.701] [SEVERE ] updating countdown to 2000
[13:29:53.701] [SEVERE ] updating countdown to 1000
[13:29:53.701] [SEVERE ] updating countdown to 1000
[13:29:53.701] [SEVERE ] updating countdown to 0
[13:29:53.701] [SEVERE ] updating countdown to 0
[13:29:53.705] [SEVERE ] setting player 2 freeze to 0
[13:29:53.705] [SEVERE ] setting player 1 freeze to 0
[13:29:53.705] [SEVERE ] removing player 2 token from slot 7
[13:29:53.705] [SEVERE ] player 2 placing token on slot 4
[13:29:53.705] [SEVERE ] setting player 2 freeze to 4
[13:29:53.710] [SEVERE ] setting player 2 freeze to 0
[13:29:53.730] [SEVERE ] removing card from slot 11
[13:29:53.746] [SEVERE ] removing player 1 token from slot 8
[13:29:53.746] [SEVERE ] removing card from slot 8
[13:29:53.758] [SEVERE ] removing player 1 token from slot 3
[13:29:53.758] [SEVERE ] removing card from slot 3
[13:29:53.774] [SEVERE ] removing card from slot 6
[13:29:53.790] [SEVERE ] removing card from slot 7
[13:29:53.806] [SEVERE ] removing player 2 token from slot 0
[13:29:53.806] [SEVERE ] removing card from slot 0
[13:29:53.822] [SEVERE ] removing card from slot 5
[13:29:53.838] [SEVERE ] removing card from slot 10
[13:29:53.853] [SEVERE ] removing card from slot 9
[13:29:53.866] [SEVERE ] removing player 2 token from slot 2
[13:29:53.866] [SEVERE ] removing card from slot 2
[13:29:53.882] [SEVERE ] removing card from slot 1
[13:29:53.899] [SEVERE ] removing player 1 token from slot 4
[13:29:53.899] [SEVERE ] removing player 2 token from slot 4
[13:29:53.899] [SEVERE ] removing card from slot 4
[13:29:53.915] [SEVERE ] placing card 56 in slot 3
[13:29:53.931] [SEVERE ] placing card 77 in slot 4
[13:29:53.947] [SEVERE ] placing card 60 in slot 10
[13:29:53.960] [SEVERE ] placing card 11 in slot 7
[13:29:53.975] [SEVERE ] placing card 22 in slot 0
[13:29:53.991] [SEVERE ] placing card 62 in slot 1
[13:29:54.007] [SEVERE ] placing card 30 in slot 8
[13:29:54.023] [SEVERE ] placing card 33 in slot 6
[13:29:54.039] [SEVERE ] placing card 0 in slot 9
[13:29:54.055] [SEVERE ] placing card 80 in slot 5
[13:29:54.071] [SEVERE ] placing card 59 in slot 2
[13:29:54.087] [SEVERE ] placing card 69 in slot 11
[13:29:54.087] [SEVERE ] updating countdown to 7000
[13:29:54.087] [SEVERE ] player 2 placing token on slot 6
[13:29:54.087] [SEVERE ] player 2 placing token on slot 3
[13:29:54.087] [SEVERE ] player 2 placing token on slot 1
[13:29:54.087] [SEVERE ] setting player 2 freeze to 4
[13:29:54.087] [SEVERE ] player 1 placing token on slot 7
[13:29:54.088] [SEVERE ] updating countdown to 7000
[13:29:54.088] [SEVERE ] player 1 placing token on slot 2
[13:29:54.088] [SEVERE ] player 1 placing token on slot 4
[13:29:54.088] [SEVERE ] updating countdown to 7000
[13:29:54.088] [SEVERE ] setting player 1 freeze to 4
[13:29:54.088] [SEVERE ] updating countdown to 6000
[13:29:54.088] [SEVERE ] updating countdown to 6000
[13:29:54.088] [SEVERE ] updating countdown to 5000
[13:29:54.088] [SEVERE ] updating countdown to 5000
[13:29:54.088] [SEVERE ] updating countdown to 4000
[13:29:54.088] [SEVERE ] updating countdown to 4000
[13:29:54.089] [SEVERE ] updating countdown to 3000
[13:29:54.089] [SEVERE ] updating countdown to 3000
[13:29:54.089] [SEVERE ] updating countdown to 2000
[13:29:54.089] [SEVERE ] updating countdown to 2000
[13:29:54.089] [SEVERE ] updating countdown to 1000
[13:29:54.089] [SEVERE ] updating countdown to 1000
[13:29:54.089] [SEVERE ] updating countdown to 0
[13:29:54.089] [SEVERE ] updating countdown to 0
[13:29:54.093] [SEVERE ] setting player 2 freeze to 0
[13:29:54.093] [SEVERE ] setting player 1 freeze to 0
[13:29:54.093] [SEVERE ] removing player 1 token from slot 4
[13:29:54.093] [SEVERE ] player 1 placing token on slot 1
[13:29:54.093] [SEVERE ] setting player 1 freeze to 4
[13:29:54.098] [SEVERE ] setting player 1 freeze to 0
[13:29:54.114] [SEVERE ] removing player 2 token from slot 3
[13:29:54.114] [SEVERE ] removing card from slot 3
[13:29:54.130] [SEVERE ] removing card from slot 5
[13:29:54.146] [SEVERE ] removing card from slot 4
[13:29:54.160] [SEVERE ] removing card from slot 9
[13:29:54.174] [SEVERE ] removing player 1 token from slot 7
[13:29:54.174] [SEVERE ] removing card from slot 7
[13:29:54.190] [SEVERE ] removing player 1 token from slot 2
[13:29:54.190] [SEVERE ] removing card from slot 2
[13:29:54.206] [SEVERE ] removing card from slot 10
[13:29:54.223] [SEVERE ] removing card from slot 8
[13:29:54.235] [SEVERE ] removing card from slot 11
[13:29:54.251] [SEVERE ] removing player 1 token from slot 1
[13:29:54.251] [SEVERE ] removing player 2 token from slot 1
[13:29:54.251] [SEVERE ] removing card from slot 1
[13:29:54.267] [SEVERE ] removing player 2 token from slot 6
[13:29:54.267] [SEVERE ] removing card from slot 6
[13:29:54.283] [SEVERE ] removing card from slot 0
[13:29:54.299] [SEVERE ] placing card 4 in slot 7
[13:29:54.315] [SEVERE ] placing card 59 in slot 5
[13:29:54.331] [SEVERE ] placing card 42 in slot 0
[13:29:54.347] [SEVERE ] placing card 25 in slot 9
[13:29:54.363] [SEVERE ] placing card 17 in slot 4
[13:29:54.379] [SEVERE ] placing card 21 in slot 10
[13:29:54.395] [SEVERE ] placing card 0 in slot 6
[13:29:54.411] [SEVERE ] placing card 50 in slot 1
[13:29:54.427] [SEVERE ] placing card 74 in slot 3
[13:29:54.443] [SEVERE ] placing card 78 in slot 11
[13:29:54.459] [SEVERE ] placing card 70 in slot 2
[13:29:54.471] [SEVERE ] placing card 3 in slot 8
[13:29:54.471] [SEVERE ] updating countdown to 7000
[13:29:54.471] [SEVERE ] player 1 placing token on slot 4
[13:29:54.471] [SEVERE ] player 1 placing token on slot 2
[13:29:54.471] [SEVERE ] player 1 placing token on slot 8
[13:29:54.471] [SEVERE ] setting player 1 freeze to 4
[13:29:54.471] [SEVERE ] updating countdown to 7000
[13:29:54.471] [SEVERE ] player 2 placing token on slot 0
[13:29:54.472] [SEVERE ] updating countdown to 7000
[13:29:54.472] [SEVERE ] player 2 placing token on slot 11
[13:29:54.472] [SEVERE ] player 2 placing token on slot 10
[13:29:54.472] [SEVERE ] setting player 2 freeze to 4
[13:29:54.472] [SEVERE ] updating countdown to 6000
[13:29:54.472] [SEVERE ] updating countdown to 6000
[13:29:54.472] [SEVERE ] updating countdown to 5000
[13:29:54.472] [SEVERE ] updating countdown to 5000
[13:29:54.472] [SEVERE ] updating countdown to 4000
[13:29:54.472] [SEVERE ] updating countdown to 4000
[13:29:54.473] [SEVERE ] updating countdown to 3000
[13:29:54.473] [SEVERE ] updating countdown to 3000
[13:29:54.473] [SEVERE ] updating countdown to 2000
[13:29:54.473] [SEVERE ] updating countdown to 2000
[13:29:54.473] [SEVERE ] updating countdown to 1000
[13:29:54.473] [SEVERE ] updating countdown to 1000
[13:29:54.473] [SEVERE ] updating countdown to 0
[13:29:54.473] [SEVERE ] updating countdown to 0
[13:29:54.477] [SEVERE ] setting player 2 freeze to 0
[13:29:54.477] [SEVERE ] setting player 1 freeze to 0
[13:29:54.477] [SEVERE ] removing player 2 token from slot 10
[13:29:54.477] [SEVERE ] player 2 placing token on slot 5
[13:29:54.477] [SEVERE ] setting player 2 freeze to 4
[13:29:54.482] [SEVERE ] setting player 2 freeze to 0
[13:29:54.502] [SEVERE ] removing card from slot 7
[13:29:54.518] [SEVERE ] removing player 2 token from slot 5
[13:29:54.518] [SEVERE ] removing card from slot 5
[13:29:54.534] [SEVERE ] removing player 2 token from slot 0
[13:29:54.534] [SEVERE ] removing card from slot 0
[13:29:54.550] [SEVERE ] removing player 1 token from slot 2
[13:29:54.550] [SEVERE ] removing card from slot 2
[13:29:54.566] [SEVERE ] removing card from slot 1
[13:29:54.578] [SEVERE ] removing card from slot 3
[13:29:54.594] [SEVERE ] removing player 2 token from slot 11
[13:29:54.594] [SEVERE ] removing card from slot 11
[13:29:54.609] [SEVERE ] removing player 1 token from slot 8
[13:29:54.610] [SEVERE ] removing card from slot 8
[13:29:54.625] [SEVERE ] removing card from slot 10
[13:29:54.641] [SEVERE ] removing card from slot 9
[13:29:54.653] [SEVERE ] removing player 1 token from slot 4
[13:29:54.653] [SEVERE ] removing card from slot 4
[13:29:54.665] [SEVERE ] removing card from slot 6
[13:29:54.681] [SEVERE ] placing card 62 in slot 5
[13:29:54.698] [SEVERE ] placing card 16 in slot 0
[13:29:54.714] [SEVERE ] placing card 13 in slot 11
[13:29:54.726] [SEVERE ] placing card 76 in slot 10
[13:29:54.743] [SEVERE ] placing card 48 in slot 1
[13:29:54.755] [SEVERE ] placing card 41 in slot 8
[13:29:54.768] [SEVERE ] placing card 11 in slot 4
[13:29:54.784] [SEVERE ] placing card 15 in slot 2
[13:29:54.800] [SEVERE ] placing card 27 in slot 7
[13:29:54.813] [SEVERE ] placing card 66 in slot 3
[13:29:54.828] [SEVERE ] placing card 67 in slot 9
[13:29:54.844] [SEVERE ] placing card 17 in slot 6
[13:29:54.844] [SEVERE ] updating countdown to 7000
[13:29:54.844] [SEVERE ] player 2 placing token on slot 8
[13:29:54.844] [SEVERE ] player 2 placing token on slot 2
[13:29:54.844] [SEVERE ] player 2 placing token on slot 6
[13:29:54.844] [SEVERE ] setting player 2 freeze to 4
[13:29:54.844] [SEVERE ] player 1 placing token on slot 6
[13:29:54.844] [SEVERE ] updating countdown to 7000
[13:29:54.845] [SEVERE ] updating countdown to 7000
[13:29:54.845] [SEVERE ] player 1 placing token on slot 11
[13:29:54.845] [SEVERE ] player 1 placing token on slot 1
[13:29:54.845] [SEVERE ] setting player 1 freeze to 4
[13:29:54.845] [SEVERE ] updating countdown to 6000
[13:29:54.845] [SEVERE ] updating countdown to 6000
[13:29:54.845] [SEVERE ] updating countdown to 5000
[13:29:54.845] [SEVERE ] updating countdown to 5000
[13:29:54.845] [SEVERE ] updating countdown to 4000
[13:29:54.845] [SEVERE ] updating countdown to 4000
[13:29:54.845] [SEVERE ] updating countdown to 3000
[13:29:54.845] [SEVERE ] updating countdown to 3000
[13:29:54.846] [SEVERE ] updating countdown to 2000
[13:29:54.846] [SEVERE ] updating countdown to 2000
[13:29:54.846] [SEVERE ] updating countdown to 1000
[13:29:54.846] [SEVERE ] updating countdown to 1000
[13:29:54.846] [SEVERE ] updating countdown to 0
[13:29:54.846] [SEVERE ] updating countdown to 0
[13:29:54.849] [SEVERE ] setting player 1 freeze to 0
[13:29:54.849] [SEVERE ] setting player 2 freeze to 0
[13:29:54.849] [SEVERE ] removing player 1 token from slot 11
[13:29:54.849] [SEVERE ] player 1 placing token on slot 8
[13:29:54.849] [SEVERE ] setting player 1 freeze to 4
[13:29:54.855] [SEVERE ] setting player 1 freeze to 0
[13:29:54.875] [SEVERE ] removing card from slot 3
[13:29:54.891] [SEVERE ] removing card from slot 0
[13:29:54.907] [SEVERE ] removing card from slot 9
[13:29:54.924] [SEVERE ] removing card from slot 7
[13:29:54.939] [SEVERE ] removing card from slot 5
[13:29:54.953] [SEVERE ] removing player 1 token from slot 6
[13:29:54.953] [SEVERE ] removing player 2 token from slot 6
[13:29:54.953] [SEVERE ] removing card from slot 6
[13:29:54.965] [SEVERE ] removing card from slot 11
[13:29:54.981] [SEVERE ] removing card from slot 4
[13:29:54.994] [SEVERE ] removing card from slot 10
[13:29:55.010] [SEVERE ] removing player 2 token from slot 2
[13:29:55.010] [SEVERE ] removing card from slot 2
[13:29:55.026] [SEVERE ] removing player 1 token from slot 8
[13:29:55.026] [SEVERE ] removing player 2 token from slot 8
[13:29:55.026] [SEVERE ] removing card from slot 8
[13:29:55.038] [SEVERE ] removing player 1 token from slot 1
[13:29:55.038] [SEVERE ] removing card from slot 1
[13:29:55.051] [SEVERE ] placing card 70 in slot 4
[13:29:55.066] [SEVERE ] placing card 27 in slot 2
[13:29:55.082] [SEVERE ] placing card 12 in slot 5
[13:29:55.098] [SEVERE ] placing card 80 in slot 10
[13:29:55.115] [SEVERE ] placing card 45 in slot 9
[13:29:55.131] [SEVERE ] placing card 31 in slot 0
[13:29:55.147] [SEVERE ] placing card 17 in slot 7
[13:29:55.160] [SEVERE ] placing card 39 in slot 6
[13:29:55.176] [SEVERE ] placing card 78 in slot 3
[13:29:55.193] [SEVERE ] placing card 0 in slot 1
[13:29:55.208] [SEVERE ] placing card 2 in slot 11
[13:29:55.225] [SEVERE ] placing card 46 in slot 8
[13:29:55.225] [SEVERE ] updating countdown to 7000
[13:29:55.226] [SEVERE ] player 1 placing token on slot 8
[13:29:55.226] [SEVERE ] player 1 placing token on slot 10
[13:29:55.226] [SEVERE ] player 1 placing token on slot 5
[13:29:55.226] [SEVERE ] setting player 1 freeze to 4
[13:29:55.226] [SEVERE ] updating countdown to 7000
[13:29:55.226] [SEVERE ] updating countdown to 7000
[13:29:55.226] [SEVERE ] updating countdown to 6000
[13:29:55.226] [SEVERE ] updating countdown to 6000
[13:29:55.226] [SEVERE ] updating countdown to 5000
[13:29:55.226] [SEVERE ] updating countdown to 5000
[13:29:55.226] [SEVERE ] updating countdown to 4000
[13:29:55.226] [SEVERE ] updating countdown to 4000
[13:29:55.227] [SEVERE ] updating countdown to 3000
[13:29:55.227] [SEVERE ] updating countdown to 3000
[13:29:55.227] [SEVERE ] updating countdown to 2000
[13:29:55.227] [SEVERE ] updating countdown to 2000
[13:29:55.227] [SEVERE ] updating countdown to 1000
[13:29:55.227] [SEVERE ] updating countdown to 1000
[13:29:55.227] [SEVERE ] updating countdown to 0
[13:29:55.227] [SEVERE ] updating countdown to 0
[13:29:55.230] [SEVERE ] setting player 1 freeze to 0
[13:29:55.230] [SEVERE ] removing player 1 token from slot 10
[13:29:55.230] [SEVERE ] player 1 placing token on slot 11
[13:29:55.230] [SEVERE ] setting player 1 freeze to 4
[13:29:55.235] [SEVERE ] setting player 1 freeze to 0
[13:29:55.255] [SEVERE ] removing player 1 token from slot 11
[13:29:55.255] [SEVERE ] removing card from slot 11
[13:29:55.270] [SEVERE ] removing card from slot 4
[13:29:55.287] [SEVERE ] removing card from slot 3
[13:29:55.303] [SEVERE ] removing card from slot 0
[13:29:55.315] [SEVERE ] removing card from slot 2
[13:29:55.331] [SEVERE ] removing player 1 token from slot 8
[13:29:55.331] [SEVERE ] removing card from slot 8
[13:29:55.347] [SEVERE ] removing player 1 token from slot 5
[13:29:55.347] [SEVERE ] removing card from slot 5
[13:29:55.364] [SEVERE ] removing card from slot 1
[13:29:55.380] [SEVERE ] removing card from slot 9
[13:29:55.396] [SEVERE ] removing card from slot 6
[13:29:55.412] [SEVERE ] removing card from slot 7
[13:29:55.428] [SEVERE ] removing card from slot 10
[13:29:55.444] [SEVERE ] placing card 54 in slot 7
[13:29:55.460] [SEVERE ] placing card 69 in slot 4
[13:29:55.476] [SEVERE ] placing card 65 in slot 5
[13:29:55.493] [SEVERE ] placing card 39 in slot 9
[13:29:55.509] [SEVERE ] placing card 5 in slot 8
[13:29:55.525] [SEVERE ] placing card 21 in slot 2
[13:29:55.542] [SEVERE ] placing card 46 in slot 10
[13:29:55.542] [SEVERE ] exit button pressed
[13:29:55.542] [INFO   ] Thread player0 terminated.
[13:29:55.542] [INFO   ] Thread player1 terminated.
[13:29:55.556] [SEVERE ] placing card 13 in slot 11
[13:29:55.569] [SEVERE ] placing card 59 in slot 1
[13:29:55.581] [SEVERE ] placing card 66 in slot 0
[13:29:55.597] [SEVERE ] placing card 23 in slot 6
[13:29:55.611] [SEVERE ] placing card 70 in slot 3
[13:29:55.611] [SEVERE ] updating countdown to 7000
[13:29:55.611] [SEVERE ] updating countdown to 7000
[13:29:55.611] [SEVERE ] updating countdown to 7000
[13:29:55.611] [SEVERE ] updating countdown to 6000
[13:29:55.611] [SEVERE ] updating countdown to 6000
[13:29:55.611] [SEVERE ] updating countdown to 5000
[13:29:55.611] [SEVERE ] updating countdown to 5000
[13:29:55.611] [SEVERE ] updating countdown to 4000
[13:29:55.611] [SEVERE ] updating countdown to 4000
[13:29:55.611] [SEVERE ] updating countdown to 3000
[13:29:55.611] [SEVERE ] updating countdown to 3000
[13:29:55.615] [SEVERE ] updating countdown to 2000
[13:29:55.615] [SEVERE ] updating countdown to 2000
[13:29:55.615] [SEVERE ] updating countdown to 1000
[13:29:55.615] [SEVERE ] updating countdown to 1000
[13:29:55.615] [SEVERE ] updating countdown to 0
[13:29:55.615] [SEVERE ] updating countdown to 0
[13:29:55.627] [SEVERE ] removing card from slot 1
[13:29:55.643] [SEVERE ] removing card from slot 4
[13:29:55.656] [SEVERE ] removing card from slot 2
[13:29:55.672] [SEVERE ] removing card from slot 10
[13:29:55.689] [SEVERE ] removing card from slot 6
[13:29:55.706] [SEVERE ] removing card from slot 7
[13:29:55.733] [SEVERE ] removing card from slot 8
[13:29:55.750] [SEVERE ] removing card from slot 0
[13:29:55.767] [SEVERE ] removing card from slot 11
[13:29:55.783] [SEVERE ] removing card from slot 3
[13:29:55.799] [SEVERE ] removing card from slot 9
[13:29:55.817] [SEVERE ] removing card from slot 5
[13:29:55.817] [SEVERE ] announcing winner(s): player 1, player 2
[13:29:55.820] [INFO   ] Thread dealer terminated.
[13:29:55.820] [INFO   ] thread dealer terminated.
[13:29:55.820] [SEVERE ] thanks for playing... it was fun!
[13:29:55.820] [INFO   ] thread main terminated.
