[17:20:55.442] [INFO   ] thread main starting.
[17:20:55.462] [SEVERE ] cannot read configuration file config.properties trying from resources.
[17:20:55.462] [SEVERE ] configuration file was loaded from resources directory.
[17:20:56.327] [INFO   ] thread dealer starting.
[17:20:56.352] [INFO   ] Thread dealer starting.
[17:20:56.368] [INFO   ] Thread player0starting.
[17:20:56.368] [INFO   ] Thread player1starting.
[17:20:56.380] [SEVERE ] placing card 66 in slot 0
[17:20:56.389] [SEVERE ] placing card 14 in slot 3
[17:20:56.389] [SEVERE ] placing card 22 in slot 7
[17:20:56.391] [SEVERE ] placing card 52 in slot 11
[17:20:56.426] [SEVERE ] placing card 51 in slot 1
[17:20:56.426] [SEVERE ] placing card 35 in slot 5
[17:20:56.426] [SEVERE ] placing card 13 in slot 10
[17:20:56.426] [SEVERE ] placing card 47 in slot 2
[17:20:56.426] [SEVERE ] placing card 37 in slot 9
[17:20:56.426] [SEVERE ] placing card 68 in slot 8
[17:20:56.426] [SEVERE ] placing card 50 in slot 4
[17:20:56.426] [SEVERE ] placing card 9 in slot 6
[17:20:56.426] [SEVERE ] updating countdown to 10000
[17:20:56.426] [SEVERE ] updating countdown to 10000
[17:20:57.438] [SEVERE ] updating countdown to 9000
[17:20:58.447] [SEVERE ] updating countdown to 8000
[17:20:59.456] [SEVERE ] updating countdown to 7000
[17:21:00.457] [SEVERE ] updating countdown to 6000
