[21:47:10.816] [INFO   ] thread main starting.
[21:47:10.829] [SEVERE ] cannot read configuration file config.properties trying from resources.
[21:47:10.832] [SEVERE ] configuration file was loaded from resources directory.
[21:47:11.769] [INFO   ] thread dealer starting.
[21:47:11.771] [INFO   ] Thread player0starting.
[21:47:11.776] [INFO   ] Thread player1starting.
[21:47:11.776] [INFO   ] Thread dealer starting.
[21:47:11.792] [SEVERE ] placing card 80 in slot 0
[21:47:11.832] [SEVERE ] placing card 20 in slot 5
[21:47:11.877] [SEVERE ] placing card 14 in slot 10
[21:47:11.878] [SEVERE ] placing card 9 in slot 11
[21:47:11.881] [SEVERE ] placing card 15 in slot 6
[21:47:11.881] [SEVERE ] placing card 24 in slot 7
[21:47:11.882] [SEVERE ] placing card 50 in slot 9
[21:47:11.886] [SEVERE ] placing card 62 in slot 1
[21:47:11.886] [SEVERE ] placing card 60 in slot 4
[21:47:11.887] [SEVERE ] placing card 36 in slot 2
[21:47:11.887] [SEVERE ] placing card 38 in slot 8
[21:47:11.920] [SEVERE ] placing card 58 in slot 3
[21:47:11.934] [SEVERE ] updating countdown to 30000
[21:47:11.940] [SEVERE ] updating countdown to 30000
[21:47:12.940] [SEVERE ] updating countdown to 29000
[21:47:13.554] [SEVERE ] key 81 was pressed by player 1
[21:47:13.555] [SEVERE ] player 1 placing token on slot 0
[21:47:13.941] [SEVERE ] updating countdown to 28000
[21:47:14.942] [SEVERE ] updating countdown to 27000
[21:47:15.943] [SEVERE ] updating countdown to 26000
[21:47:16.740] [SEVERE ] key 83 was pressed by player 1
[21:47:16.740] [SEVERE ] player 1 placing token on slot 5
[21:47:16.944] [SEVERE ] updating countdown to 25000
[21:47:17.945] [SEVERE ] updating countdown to 24000
[21:47:18.598] [SEVERE ] key 88 was pressed by player 1
[21:47:18.599] [SEVERE ] player 1 placing token on slot 9
[21:47:18.601] [SEVERE ] removing player 1 token from slot 0
[21:47:18.601] [SEVERE ] removing card from slot 0
[21:47:18.602] [SEVERE ] removing player 1 token from slot 5
[21:47:18.602] [SEVERE ] removing card from slot 5
[21:47:18.603] [SEVERE ] removing player 1 token from slot 9
[21:47:18.603] [SEVERE ] removing card from slot 9
[21:47:18.603] [SEVERE ] placing card 21 in slot 5
[21:47:18.604] [SEVERE ] setting player 1 freeze to 1000
[21:47:18.604] [SEVERE ] placing card 67 in slot 9
[21:47:18.604] [SEVERE ] placing card 34 in slot 0
[21:47:18.610] [SEVERE ] updating countdown to 30000
[21:47:18.946] [SEVERE ] updating countdown to 29000
[21:47:19.605] [SEVERE ] setting player 1 freeze to 0
[21:47:19.605] [SEVERE ] setting player 1 score to 1
[21:47:19.946] [SEVERE ] updating countdown to 28000
[21:47:20.947] [SEVERE ] updating countdown to 27000
[21:47:21.834] [SEVERE ] key 87 was pressed by player 1
[21:47:21.834] [SEVERE ] player 1 placing token on slot 1
[21:47:21.948] [SEVERE ] updating countdown to 26000
[21:47:22.949] [SEVERE ] updating countdown to 25000
[21:47:23.079] [SEVERE ] key 65 was pressed by player 1
[21:47:23.079] [SEVERE ] player 1 placing token on slot 4
[21:47:23.675] [SEVERE ] key 83 was pressed by player 1
[21:47:23.675] [SEVERE ] player 1 placing token on slot 5
[21:47:23.676] [SEVERE ] setting player 1 freeze to 3000
[21:47:23.949] [SEVERE ] updating countdown to 24000
[21:47:24.677] [SEVERE ] setting player 1 freeze to 2000
[21:47:24.951] [SEVERE ] updating countdown to 23000
[21:47:25.677] [SEVERE ] setting player 1 freeze to 1000
[21:47:25.951] [SEVERE ] updating countdown to 22000
[21:47:26.678] [SEVERE ] setting player 1 freeze to 0
[21:47:26.952] [SEVERE ] updating countdown to 21000
[21:47:26.986] [SEVERE ] key 87 was pressed by player 1
[21:47:26.987] [SEVERE ] removing player 1 token from slot 1
[21:47:27.520] [SEVERE ] key 69 was pressed by player 1
[21:47:27.520] [SEVERE ] player 1 placing token on slot 2
[21:47:27.521] [SEVERE ] removing player 1 token from slot 2
[21:47:27.522] [SEVERE ] removing card from slot 2
[21:47:27.522] [SEVERE ] removing player 1 token from slot 4
[21:47:27.522] [SEVERE ] removing card from slot 4
[21:47:27.522] [SEVERE ] removing player 1 token from slot 5
[21:47:27.523] [SEVERE ] removing card from slot 5
[21:47:27.523] [SEVERE ] placing card 76 in slot 5
[21:47:27.523] [SEVERE ] setting player 1 freeze to 1000
[21:47:27.523] [SEVERE ] placing card 17 in slot 4
[21:47:27.524] [SEVERE ] placing card 69 in slot 2
[21:47:27.529] [SEVERE ] updating countdown to 30000
[21:47:27.953] [SEVERE ] updating countdown to 29000
[21:47:28.523] [SEVERE ] setting player 1 freeze to 0
[21:47:28.524] [SEVERE ] setting player 1 score to 2
[21:47:28.953] [SEVERE ] updating countdown to 28000
[21:47:29.954] [SEVERE ] updating countdown to 27000
[21:47:30.955] [SEVERE ] updating countdown to 26000
[21:47:31.956] [SEVERE ] updating countdown to 25000
[21:47:32.956] [SEVERE ] updating countdown to 24000
[21:47:33.000] [SEVERE ] key 82 was pressed by player 1
[21:47:33.000] [SEVERE ] player 1 placing token on slot 3
[21:47:33.957] [SEVERE ] updating countdown to 23000
[21:47:34.958] [SEVERE ] updating countdown to 22000
[21:47:35.959] [SEVERE ] updating countdown to 21000
[21:47:35.965] [SEVERE ] key 83 was pressed by player 1
[21:47:35.965] [SEVERE ] player 1 placing token on slot 5
[21:47:36.959] [SEVERE ] updating countdown to 20000
[21:47:37.960] [SEVERE ] updating countdown to 19000
[21:47:38.961] [SEVERE ] updating countdown to 18000
[21:47:39.961] [SEVERE ] updating countdown to 17000
[21:47:40.962] [SEVERE ] updating countdown to 16000
[21:47:41.527] [SEVERE ] key 88 was pressed by player 1
[21:47:41.527] [SEVERE ] player 1 placing token on slot 9
[21:47:41.528] [SEVERE ] removing player 1 token from slot 3
[21:47:41.528] [SEVERE ] removing card from slot 3
[21:47:41.528] [SEVERE ] removing player 1 token from slot 5
[21:47:41.528] [SEVERE ] removing card from slot 5
[21:47:41.529] [SEVERE ] removing player 1 token from slot 9
[21:47:41.529] [SEVERE ] removing card from slot 9
[21:47:41.529] [SEVERE ] placing card 66 in slot 9
[21:47:41.529] [SEVERE ] setting player 1 freeze to 1000
[21:47:41.529] [SEVERE ] placing card 33 in slot 5
[21:47:41.530] [SEVERE ] placing card 61 in slot 3
[21:47:41.530] [SEVERE ] updating countdown to 30000
[21:47:41.963] [SEVERE ] updating countdown to 29000
[21:47:42.530] [SEVERE ] setting player 1 freeze to 0
[21:47:42.530] [SEVERE ] setting player 1 score to 3
[21:47:42.963] [SEVERE ] updating countdown to 28000
[21:47:43.964] [SEVERE ] updating countdown to 27000
[21:47:44.965] [SEVERE ] updating countdown to 26000
[21:47:45.327] [SEVERE ] key 69 was pressed by player 1
[21:47:45.328] [SEVERE ] player 1 placing token on slot 2
[21:47:45.965] [SEVERE ] updating countdown to 25000
[21:47:46.786] [SEVERE ] key 83 was pressed by player 1
[21:47:46.786] [SEVERE ] player 1 placing token on slot 5
[21:47:46.966] [SEVERE ] updating countdown to 24000
[21:47:47.967] [SEVERE ] updating countdown to 23000
[21:47:48.967] [SEVERE ] updating countdown to 22000
[21:47:49.968] [SEVERE ] updating countdown to 21000
[21:47:50.969] [SEVERE ] updating countdown to 20000
[21:47:51.970] [SEVERE ] updating countdown to 19000
[21:47:52.970] [SEVERE ] updating countdown to 18000
[21:47:53.971] [SEVERE ] updating countdown to 17000
[21:47:54.971] [SEVERE ] updating countdown to 16000
[21:47:55.972] [SEVERE ] updating countdown to 15000
[21:47:56.973] [SEVERE ] updating countdown to 14000
[21:47:57.973] [SEVERE ] updating countdown to 13000
[21:47:58.974] [SEVERE ] updating countdown to 12000
[21:47:59.974] [SEVERE ] updating countdown to 11000
[21:48:00.975] [SEVERE ] updating countdown to 10000
[21:48:01.976] [SEVERE ] updating countdown to 9000
[21:48:02.976] [SEVERE ] updating countdown to 8000
[21:48:03.977] [SEVERE ] updating countdown to 7000
[21:48:04.977] [SEVERE ] updating countdown to 6000
[21:48:05.978] [SEVERE ] updating countdown to 5000
[21:48:05.980] [SEVERE ] updating countdown to 5000
[21:48:07.006] [SEVERE ] updating countdown to 4000
[21:48:08.030] [SEVERE ] updating countdown to 3000
[21:48:08.492] [SEVERE ] key 88 was pressed by player 1
[21:48:08.492] [SEVERE ] player 1 placing token on slot 9
[21:48:08.493] [SEVERE ] setting player 1 freeze to 3000
[21:48:09.052] [SEVERE ] updating countdown to 2000
[21:48:09.494] [SEVERE ] setting player 1 freeze to 2000
[21:48:10.072] [SEVERE ] updating countdown to 1000
[21:48:10.494] [SEVERE ] setting player 1 freeze to 1000
[21:48:11.090] [SEVERE ] updating countdown to 0
[21:48:11.096] [SEVERE ] removing card from slot 0
[21:48:11.097] [SEVERE ] removing player 1 token from slot 2
[21:48:11.097] [SEVERE ] removing card from slot 2
[21:48:11.098] [SEVERE ] removing card from slot 1
[21:48:11.099] [SEVERE ] removing card from slot 11
[21:48:11.102] [SEVERE ] removing card from slot 10
[21:48:11.103] [SEVERE ] removing card from slot 6
[21:48:11.105] [SEVERE ] removing card from slot 7
[21:48:11.107] [SEVERE ] removing player 1 token from slot 5
[21:48:11.107] [SEVERE ] removing card from slot 5
[21:48:11.109] [SEVERE ] removing card from slot 8
[21:48:11.109] [SEVERE ] removing player 1 token from slot 9
[21:48:11.109] [SEVERE ] removing card from slot 9
[21:48:11.110] [SEVERE ] removing card from slot 4
[21:48:11.110] [SEVERE ] removing card from slot 3
[21:48:11.112] [SEVERE ] placing card 25 in slot 9
[21:48:11.114] [SEVERE ] placing card 4 in slot 0
[21:48:11.116] [SEVERE ] placing card 69 in slot 2
[21:48:11.119] [SEVERE ] placing card 26 in slot 8
[21:48:11.123] [SEVERE ] placing card 8 in slot 3
[21:48:11.125] [SEVERE ] placing card 5 in slot 6
[21:48:11.127] [SEVERE ] placing card 38 in slot 10
[21:48:11.130] [SEVERE ] placing card 19 in slot 7
[21:48:11.131] [SEVERE ] placing card 30 in slot 4
[21:48:11.133] [SEVERE ] placing card 52 in slot 5
[21:48:11.136] [SEVERE ] placing card 53 in slot 11
[21:48:11.140] [SEVERE ] placing card 7 in slot 1
[21:48:11.144] [SEVERE ] updating countdown to 30000
[21:48:11.145] [SEVERE ] updating countdown to 30000
[21:48:11.495] [SEVERE ] setting player 1 freeze to 0
[21:48:12.145] [SEVERE ] updating countdown to 29000
[21:48:13.145] [SEVERE ] updating countdown to 28000
[21:48:14.146] [SEVERE ] updating countdown to 27000
[21:48:14.908] [SEVERE ] key 87 was pressed by player 1
[21:48:14.908] [SEVERE ] player 1 placing token on slot 1
[21:48:15.146] [SEVERE ] updating countdown to 26000
[21:48:15.292] [SEVERE ] key 69 was pressed by player 1
[21:48:15.292] [SEVERE ] player 1 placing token on slot 2
[21:48:16.147] [SEVERE ] updating countdown to 25000
[21:48:17.147] [SEVERE ] updating countdown to 24000
[21:48:18.148] [SEVERE ] updating countdown to 23000
[21:48:19.148] [SEVERE ] updating countdown to 22000
[21:48:20.149] [SEVERE ] updating countdown to 21000
[21:48:21.149] [SEVERE ] updating countdown to 20000
[21:48:22.150] [SEVERE ] updating countdown to 19000
[21:48:23.150] [SEVERE ] updating countdown to 18000
[21:48:24.151] [SEVERE ] updating countdown to 17000
[21:48:25.151] [SEVERE ] updating countdown to 16000
[21:48:26.151] [SEVERE ] updating countdown to 15000
[21:48:27.152] [SEVERE ] updating countdown to 14000
[21:48:28.152] [SEVERE ] updating countdown to 13000
[21:48:29.153] [SEVERE ] updating countdown to 12000
[21:48:30.153] [SEVERE ] updating countdown to 11000
[21:48:31.154] [SEVERE ] updating countdown to 10000
[21:48:32.154] [SEVERE ] updating countdown to 9000
[21:48:33.154] [SEVERE ] updating countdown to 8000
[21:48:34.155] [SEVERE ] updating countdown to 7000
[21:48:35.155] [SEVERE ] updating countdown to 6000
[21:48:36.156] [SEVERE ] updating countdown to 5000
[21:48:36.156] [SEVERE ] updating countdown to 5000
[21:48:37.173] [SEVERE ] updating countdown to 4000
[21:48:37.597] [SEVERE ] key 86 was pressed by player 1
[21:48:37.597] [SEVERE ] player 1 placing token on slot 11
[21:48:37.598] [SEVERE ] removing player 1 token from slot 1
[21:48:37.598] [SEVERE ] removing card from slot 1
[21:48:37.598] [SEVERE ] removing player 1 token from slot 2
[21:48:37.598] [SEVERE ] removing card from slot 2
[21:48:37.598] [SEVERE ] removing player 1 token from slot 11
[21:48:37.598] [SEVERE ] removing card from slot 11
[21:48:37.599] [SEVERE ] placing card 13 in slot 2
[21:48:37.599] [SEVERE ] setting player 1 freeze to 1000
[21:48:37.599] [SEVERE ] placing card 41 in slot 1
[21:48:37.599] [SEVERE ] placing card 56 in slot 11
[21:48:37.599] [SEVERE ] updating countdown to 30000
[21:48:37.609] [SEVERE ] updating countdown to 29990
[21:48:38.599] [SEVERE ] setting player 1 freeze to 0
[21:48:38.599] [SEVERE ] setting player 1 score to 4
[21:48:38.609] [SEVERE ] updating countdown to 28990
[21:48:39.609] [SEVERE ] updating countdown to 27990
[21:48:40.610] [SEVERE ] updating countdown to 26990
