[08:08:54.666] [INFO   ] thread main starting.
[08:08:54.680] [SEVERE ] cannot read configuration file config.properties trying from resources.
[08:08:54.684] [SEVERE ] configuration file was loaded from resources directory.
[08:08:55.331] [INFO   ] thread dealer starting.
[08:08:55.333] [INFO   ] Thread player0starting.
[08:08:55.334] [INFO   ] Thread player1starting.
[08:08:55.334] [INFO   ] Thread dealer starting.
[08:08:55.447] [SEVERE ] placing card 42 in slot 5
[08:08:55.549] [SEVERE ] placing card 27 in slot 4
[08:08:55.649] [SEVERE ] placing card 6 in slot 11
[08:08:55.750] [SEVERE ] placing card 50 in slot 0
[08:08:55.851] [SEVERE ] placing card 28 in slot 2
[08:08:55.951] [SEVERE ] placing card 40 in slot 10
[08:08:56.052] [SEVERE ] placing card 71 in slot 9
[08:08:56.152] [SEVERE ] placing card 30 in slot 7
[08:08:56.253] [SEVERE ] placing card 8 in slot 8
[08:08:56.353] [SEVERE ] placing card 36 in slot 3
[08:08:56.454] [SEVERE ] placing card 33 in slot 1
[08:08:56.554] [SEVERE ] placing card 58 in slot 6
[08:08:56.562] [SEVERE ] updating countdown to 10000
[08:08:56.563] [SEVERE ] updating countdown to 10000
[08:08:57.564] [SEVERE ] updating countdown to 9000
[08:08:58.564] [SEVERE ] updating countdown to 8000
[08:08:59.169] [SEVERE ] key 81 was pressed by player 1
[08:08:59.170] [SEVERE ] player 1 placing token on slot 0
[08:08:59.565] [SEVERE ] updating countdown to 7000
[08:09:00.565] [SEVERE ] updating countdown to 6000
[08:09:01.566] [SEVERE ] updating countdown to 5000
[08:09:01.567] [SEVERE ] updating countdown to 5000
[08:09:01.706] [SEVERE ] key 69 was pressed by player 1
[08:09:01.706] [SEVERE ] player 1 placing token on slot 2
[08:09:02.589] [SEVERE ] updating countdown to 4000
[08:09:03.608] [SEVERE ] updating countdown to 3000
[08:09:03.634] [SEVERE ] key 83 was pressed by player 1
[08:09:03.634] [SEVERE ] player 1 placing token on slot 5
[08:09:03.735] [SEVERE ] removing player 1 token from slot 0
[08:09:03.735] [SEVERE ] removing card from slot 0
[08:09:03.836] [SEVERE ] removing player 1 token from slot 2
[08:09:03.836] [SEVERE ] removing card from slot 2
[08:09:03.936] [SEVERE ] removing player 1 token from slot 5
[08:09:03.936] [SEVERE ] removing card from slot 5
[08:09:03.937] [SEVERE ] setting player 1 freeze to 1000
[08:09:04.037] [SEVERE ] placing card 14 in slot 0
[08:09:04.137] [SEVERE ] placing card 45 in slot 5
[08:09:04.237] [SEVERE ] placing card 66 in slot 2
[08:09:04.238] [SEVERE ] updating countdown to 10000
[08:09:04.937] [SEVERE ] setting player 1 freeze to 0
[08:09:04.937] [SEVERE ] setting player 1 score to 1
[08:09:05.250] [SEVERE ] updating countdown to 9000
[08:09:06.265] [SEVERE ] updating countdown to 8000
[08:09:06.573] [SEVERE ] key 81 was pressed by player 1
[08:09:06.573] [SEVERE ] player 1 placing token on slot 0
[08:09:07.279] [SEVERE ] updating countdown to 7000
[08:09:08.170] [SEVERE ] key 85 was pressed by player 2
[08:09:08.170] [SEVERE ] player 2 placing token on slot 0
[08:09:08.293] [SEVERE ] updating countdown to 6000
[08:09:09.306] [SEVERE ] updating countdown to 5000
[08:09:10.275] [SEVERE ] key 69 was pressed by player 1
[08:09:10.275] [SEVERE ] player 1 placing token on slot 2
[08:09:10.314] [SEVERE ] updating countdown to 4000
[08:09:10.804] [SEVERE ] key 79 was pressed by player 2
[08:09:10.804] [SEVERE ] player 2 placing token on slot 2
[08:09:11.331] [SEVERE ] updating countdown to 3000
[08:09:12.340] [SEVERE ] updating countdown to 2000
[08:09:13.350] [SEVERE ] updating countdown to 1000
[08:09:14.360] [SEVERE ] updating countdown to 0
[08:09:14.466] [SEVERE ] removing player 1 token from slot 0
[08:09:14.467] [SEVERE ] removing player 2 token from slot 0
[08:09:14.467] [SEVERE ] removing card from slot 0
[08:09:14.567] [SEVERE ] removing player 1 token from slot 2
[08:09:14.567] [SEVERE ] removing player 2 token from slot 2
[08:09:14.567] [SEVERE ] removing card from slot 2
[08:09:14.668] [SEVERE ] removing card from slot 6
[08:09:14.768] [SEVERE ] removing card from slot 7
[08:09:14.869] [SEVERE ] removing card from slot 8
[08:09:14.969] [SEVERE ] removing card from slot 11
[08:09:15.069] [SEVERE ] removing card from slot 4
[08:09:15.170] [SEVERE ] removing card from slot 1
[08:09:15.270] [SEVERE ] removing card from slot 3
[08:09:15.371] [SEVERE ] removing card from slot 5
[08:09:15.471] [SEVERE ] removing card from slot 9
[08:09:15.571] [SEVERE ] removing card from slot 10
[08:09:15.672] [SEVERE ] placing card 59 in slot 5
[08:09:15.773] [SEVERE ] placing card 2 in slot 2
[08:09:15.873] [SEVERE ] placing card 4 in slot 3
[08:09:15.973] [SEVERE ] placing card 57 in slot 8
[08:09:16.074] [SEVERE ] placing card 53 in slot 10
[08:09:16.175] [SEVERE ] placing card 7 in slot 7
[08:09:16.276] [SEVERE ] placing card 21 in slot 6
[08:09:16.376] [SEVERE ] placing card 0 in slot 0
[08:09:16.476] [SEVERE ] placing card 77 in slot 1
[08:09:16.577] [SEVERE ] placing card 31 in slot 9
[08:09:16.677] [SEVERE ] placing card 37 in slot 11
[08:09:16.777] [SEVERE ] placing card 71 in slot 4
[08:09:16.778] [SEVERE ] updating countdown to 10000
[08:09:16.779] [SEVERE ] updating countdown to 10000
[08:09:17.779] [SEVERE ] updating countdown to 9000
[08:09:18.780] [SEVERE ] updating countdown to 8000
[08:09:19.393] [SEVERE ] key 81 was pressed by player 1
[08:09:19.393] [SEVERE ] player 1 placing token on slot 0
[08:09:19.544] [SEVERE ] key 87 was pressed by player 1
[08:09:19.545] [SEVERE ] player 1 placing token on slot 1
[08:09:19.780] [SEVERE ] updating countdown to 7000
[08:09:20.586] [SEVERE ] key 87 was pressed by player 1
[08:09:20.587] [SEVERE ] removing player 1 token from slot 1
[08:09:20.781] [SEVERE ] updating countdown to 6000
[08:09:21.178] [SEVERE ] key 69 was pressed by player 1
[08:09:21.178] [SEVERE ] player 1 placing token on slot 2
[08:09:21.781] [SEVERE ] updating countdown to 5000
[08:09:21.781] [SEVERE ] updating countdown to 5000
[08:09:22.536] [SEVERE ] key 85 was pressed by player 2
[08:09:22.536] [SEVERE ] player 2 placing token on slot 0
[08:09:22.795] [SEVERE ] updating countdown to 4000
[08:09:22.819] [SEVERE ] key 79 was pressed by player 2
[08:09:22.819] [SEVERE ] player 2 placing token on slot 2
[08:09:23.807] [SEVERE ] updating countdown to 3000
[08:09:24.819] [SEVERE ] updating countdown to 2000
[08:09:24.909] [SEVERE ] key 67 was pressed by player 1
[08:09:24.910] [SEVERE ] player 1 placing token on slot 10
[08:09:24.910] [SEVERE ] setting player 1 freeze to 3000
[08:09:24.932] [SEVERE ] key 46 was pressed by player 2
[08:09:24.932] [SEVERE ] player 2 placing token on slot 10
[08:09:24.932] [SEVERE ] setting player 2 freeze to 3000
[08:09:25.868] [SEVERE ] updating countdown to 1000
[08:09:25.911] [SEVERE ] setting player 1 freeze to 2000
[08:09:25.933] [SEVERE ] setting player 2 freeze to 2000
[08:09:26.912] [SEVERE ] setting player 1 freeze to 1000
[08:09:26.928] [SEVERE ] updating countdown to 0
[08:09:26.934] [SEVERE ] setting player 2 freeze to 1000
[08:09:27.041] [SEVERE ] removing card from slot 3
[08:09:27.142] [SEVERE ] removing card from slot 5
[08:09:27.243] [SEVERE ] removing player 1 token from slot 10
[08:09:27.243] [SEVERE ] removing player 2 token from slot 10
[08:09:27.244] [SEVERE ] removing card from slot 10
[08:09:27.345] [SEVERE ] removing card from slot 4
[08:09:27.446] [SEVERE ] removing card from slot 6
[08:09:27.547] [SEVERE ] removing card from slot 1
[08:09:27.648] [SEVERE ] removing card from slot 11
[08:09:27.749] [SEVERE ] removing player 1 token from slot 0
[08:09:27.750] [SEVERE ] removing player 2 token from slot 0
[08:09:27.751] [SEVERE ] removing card from slot 0
[08:09:27.852] [SEVERE ] removing card from slot 7
[08:09:27.913] [SEVERE ] setting player 1 freeze to 0
[08:09:27.935] [SEVERE ] setting player 2 freeze to 0
[08:09:27.952] [SEVERE ] removing card from slot 8
[08:09:28.053] [SEVERE ] removing card from slot 9
[08:09:28.153] [SEVERE ] removing player 1 token from slot 2
[08:09:28.153] [SEVERE ] removing player 2 token from slot 2
[08:09:28.153] [SEVERE ] removing card from slot 2
[08:09:28.254] [SEVERE ] placing card 60 in slot 5
[08:09:28.354] [SEVERE ] placing card 73 in slot 8
[08:09:28.455] [SEVERE ] placing card 70 in slot 7
[08:09:28.555] [SEVERE ] placing card 6 in slot 9
[08:09:28.655] [SEVERE ] placing card 47 in slot 6
[08:09:28.756] [SEVERE ] placing card 59 in slot 10
[08:09:28.857] [SEVERE ] placing card 76 in slot 4
[08:09:28.957] [SEVERE ] placing card 24 in slot 2
[08:09:29.058] [SEVERE ] placing card 34 in slot 3
[08:09:29.158] [SEVERE ] placing card 54 in slot 11
[08:09:29.258] [SEVERE ] placing card 80 in slot 1
[08:09:29.359] [SEVERE ] placing card 43 in slot 0
[08:09:29.360] [SEVERE ] updating countdown to 10000
[08:09:29.361] [SEVERE ] updating countdown to 10000
[08:09:30.361] [SEVERE ] updating countdown to 9000
[08:09:31.362] [SEVERE ] updating countdown to 8000
[08:09:31.389] [SEVERE ] key 81 was pressed by player 1
[08:09:31.390] [SEVERE ] player 1 placing token on slot 0
[08:09:31.506] [SEVERE ] key 87 was pressed by player 1
[08:09:31.506] [SEVERE ] player 1 placing token on slot 1
[08:09:32.281] [SEVERE ] key 85 was pressed by player 2
[08:09:32.281] [SEVERE ] player 2 placing token on slot 0
[08:09:32.362] [SEVERE ] updating countdown to 7000
[08:09:32.412] [SEVERE ] key 73 was pressed by player 2
[08:09:32.412] [SEVERE ] player 2 placing token on slot 1
[08:09:33.362] [SEVERE ] updating countdown to 6000
[08:09:34.363] [SEVERE ] updating countdown to 5000
[08:09:34.363] [SEVERE ] updating countdown to 5000
[08:09:35.015] [SEVERE ] key 88 was pressed by player 1
[08:09:35.015] [SEVERE ] player 1 placing token on slot 9
[08:09:35.116] [SEVERE ] removing player 1 token from slot 0
[08:09:35.116] [SEVERE ] removing player 2 token from slot 0
[08:09:35.116] [SEVERE ] removing card from slot 0
[08:09:35.216] [SEVERE ] removing player 1 token from slot 1
[08:09:35.216] [SEVERE ] removing player 2 token from slot 1
[08:09:35.221] [SEVERE ] removing card from slot 1
[08:09:35.322] [SEVERE ] removing player 1 token from slot 9
[08:09:35.322] [SEVERE ] removing card from slot 9
[08:09:35.322] [SEVERE ] setting player 1 freeze to 1000
[08:09:35.323] [SEVERE ] key 44 was pressed by player 2
[08:09:35.376] [SEVERE ] updating countdown to 4000
[08:09:35.422] [SEVERE ] placing card 27 in slot 1
[08:09:35.522] [SEVERE ] placing card 18 in slot 0
[08:09:35.623] [SEVERE ] placing card 53 in slot 9
[08:09:35.623] [SEVERE ] updating countdown to 10000
[08:09:36.322] [SEVERE ] setting player 1 freeze to 0
[08:09:36.322] [SEVERE ] setting player 1 score to 2
[08:09:36.635] [SEVERE ] updating countdown to 9000
[08:09:37.201] [SEVERE ] key 44 was pressed by player 2
[08:09:37.201] [SEVERE ] player 2 placing token on slot 9
[08:09:37.610] [SEVERE ] key 76 was pressed by player 2
[08:09:37.610] [SEVERE ] player 2 placing token on slot 6
[08:09:37.647] [SEVERE ] updating countdown to 8000
[08:09:37.906] [SEVERE ] key 79 was pressed by player 2
[08:09:37.906] [SEVERE ] player 2 placing token on slot 2
[08:09:37.907] [SEVERE ] setting player 2 freeze to 3000
[08:09:38.402] [SEVERE ] key 80 was pressed by player 2
[08:09:38.663] [SEVERE ] updating countdown to 7000
[08:09:38.907] [SEVERE ] setting player 2 freeze to 2000
[08:09:39.682] [SEVERE ] updating countdown to 6000
[08:09:39.907] [SEVERE ] setting player 2 freeze to 1000
