[13:52:20.048] [INFO   ] thread main starting.
[13:52:20.052] [SEVERE ] cannot read configuration file config.properties trying from resources.
[13:52:20.056] [SEVERE ] configuration file was loaded from resources directory.
[13:52:20.540] [INFO   ] thread dealer starting.
[13:52:20.545] [INFO   ] Thread player0starting.
[13:52:20.549] [INFO   ] Thread dealer starting.
[13:52:20.549] [INFO   ] Thread player1starting.
[13:52:20.561] [INFO   ] Thread computer-1 starting.
[13:52:20.561] [INFO   ] Thread computer-0 starting.
[13:52:20.586] [SEVERE ] placing card 0 in slot 9
[13:52:20.602] [SEVERE ] placing card 16 in slot 7
[13:52:20.648] [SEVERE ] placing card 55 in slot 1
[13:52:20.664] [SEVERE ] placing card 23 in slot 5
[13:52:20.681] [SEVERE ] placing card 80 in slot 3
[13:52:20.693] [SEVERE ] placing card 32 in slot 11
[13:52:20.710] [SEVERE ] placing card 61 in slot 4
[13:52:20.722] [SEVERE ] placing card 63 in slot 2
[13:52:20.739] [SEVERE ] placing card 18 in slot 8
[13:52:20.752] [SEVERE ] placing card 26 in slot 10
[13:52:20.768] [SEVERE ] placing card 38 in slot 6
[13:52:20.785] [SEVERE ] placing card 14 in slot 0
[13:52:20.785] [SEVERE ] updating countdown to 100
[13:52:20.785] [SEVERE ] player 2 placing token on slot 10
[13:52:20.785] [SEVERE ] updating countdown to 100
[13:52:20.785] [SEVERE ] player 2 placing token on slot 11
[13:52:20.789] [SEVERE ] player 2 placing token on slot 5
[13:52:20.789] [SEVERE ] setting player 2 freeze to 4
[13:52:20.795] [SEVERE ] setting player 2 freeze to 0
[13:52:20.800] [SEVERE ] removing card from slot 3
[13:52:20.816] [SEVERE ] removing card from slot 4
[13:52:20.829] [SEVERE ] removing card from slot 8
[13:52:20.845] [SEVERE ] removing card from slot 0
[13:52:20.862] [SEVERE ] removing player 2 token from slot 11
[13:52:20.862] [SEVERE ] removing card from slot 11
[13:52:20.875] [SEVERE ] removing card from slot 9
[13:52:20.891] [SEVERE ] removing card from slot 2
[13:52:20.908] [SEVERE ] removing player 2 token from slot 5
[13:52:20.908] [SEVERE ] removing card from slot 5
[13:52:20.924] [SEVERE ] removing card from slot 1
[13:52:20.937] [SEVERE ] removing player 2 token from slot 10
[13:52:20.937] [SEVERE ] removing card from slot 10
[13:52:20.954] [SEVERE ] removing card from slot 7
[13:52:20.970] [SEVERE ] removing card from slot 6
[13:52:20.987] [SEVERE ] placing card 49 in slot 7
[13:52:20.999] [SEVERE ] placing card 42 in slot 5
[13:52:21.016] [SEVERE ] placing card 39 in slot 2
[13:52:21.032] [SEVERE ] placing card 12 in slot 4
[13:52:21.048] [SEVERE ] placing card 66 in slot 9
[13:52:21.061] [SEVERE ] placing card 48 in slot 3
[13:52:21.077] [SEVERE ] placing card 72 in slot 0
[13:52:21.094] [SEVERE ] placing card 34 in slot 10
[13:52:21.110] [SEVERE ] placing card 15 in slot 1
[13:52:21.126] [SEVERE ] placing card 45 in slot 8
[13:52:21.142] [SEVERE ] placing card 71 in slot 11
[13:52:21.158] [SEVERE ] placing card 3 in slot 6
[13:52:21.158] [SEVERE ] player 1 placing token on slot 5
[13:52:21.159] [SEVERE ] player 1 placing token on slot 11
[13:52:21.159] [SEVERE ] player 1 placing token on slot 4
[13:52:21.159] [SEVERE ] setting player 1 freeze to 4
[13:52:21.165] [SEVERE ] setting player 1 freeze to 0
[13:52:21.173] [SEVERE ] removing player 1 token from slot 11
[13:52:21.173] [SEVERE ] removing card from slot 11
[13:52:21.189] [SEVERE ] removing player 1 token from slot 4
[13:52:21.189] [SEVERE ] removing card from slot 4
[13:52:21.205] [SEVERE ] removing card from slot 10
[13:52:21.221] [SEVERE ] removing card from slot 1
[13:52:21.237] [SEVERE ] removing player 1 token from slot 5
[13:52:21.237] [SEVERE ] removing card from slot 5
[13:52:21.253] [SEVERE ] removing card from slot 6
[13:52:21.266] [SEVERE ] removing card from slot 2
[13:52:21.282] [SEVERE ] removing card from slot 3
[13:52:21.299] [SEVERE ] removing card from slot 0
[13:52:21.316] [SEVERE ] removing card from slot 7
[13:52:21.332] [SEVERE ] removing card from slot 8
[13:52:21.344] [SEVERE ] removing card from slot 9
[13:52:21.361] [SEVERE ] placing card 27 in slot 11
[13:52:21.377] [SEVERE ] placing card 73 in slot 4
[13:52:21.389] [SEVERE ] placing card 46 in slot 6
[13:52:21.401] [SEVERE ] placing card 70 in slot 0
[13:52:21.417] [SEVERE ] placing card 58 in slot 5
[13:52:21.434] [SEVERE ] placing card 74 in slot 7
[13:52:21.451] [SEVERE ] placing card 50 in slot 1
[13:52:21.467] [SEVERE ] placing card 17 in slot 3
[13:52:21.479] [SEVERE ] placing card 31 in slot 2
[13:52:21.495] [SEVERE ] placing card 79 in slot 8
[13:52:21.512] [SEVERE ] placing card 60 in slot 9
[13:52:21.528] [SEVERE ] placing card 1 in slot 10
[13:52:21.528] [SEVERE ] player 1 placing token on slot 6
[13:52:21.528] [SEVERE ] player 1 placing token on slot 3
[13:52:21.528] [SEVERE ] player 1 placing token on slot 10
[13:52:21.528] [SEVERE ] setting player 1 freeze to 4
[13:52:21.535] [SEVERE ] setting player 1 freeze to 0
[13:52:21.543] [SEVERE ] removing player 1 token from slot 6
[13:52:21.543] [SEVERE ] removing card from slot 6
[13:52:21.555] [SEVERE ] removing card from slot 4
[13:52:21.571] [SEVERE ] removing card from slot 5
[13:52:21.583] [SEVERE ] removing player 1 token from slot 10
[13:52:21.583] [SEVERE ] removing card from slot 10
[13:52:21.599] [SEVERE ] removing card from slot 8
[13:52:21.615] [SEVERE ] removing player 1 token from slot 3
[13:52:21.615] [SEVERE ] removing card from slot 3
[13:52:21.631] [SEVERE ] removing card from slot 9
[13:52:21.648] [SEVERE ] removing card from slot 2
[13:52:21.660] [SEVERE ] removing card from slot 1
[13:52:21.676] [SEVERE ] removing card from slot 0
[13:52:21.693] [SEVERE ] removing card from slot 11
[13:52:21.705] [SEVERE ] removing card from slot 7
[13:52:21.721] [SEVERE ] placing card 21 in slot 11
[13:52:21.737] [SEVERE ] placing card 24 in slot 3
[13:52:21.753] [SEVERE ] placing card 43 in slot 4
[13:52:21.769] [SEVERE ] placing card 59 in slot 7
[13:52:21.785] [SEVERE ] placing card 40 in slot 6
[13:52:21.801] [SEVERE ] placing card 35 in slot 10
[13:52:21.817] [SEVERE ] placing card 75 in slot 0
[13:52:21.833] [SEVERE ] placing card 44 in slot 9
[13:52:21.849] [SEVERE ] placing card 69 in slot 1
[13:52:21.865] [SEVERE ] placing card 37 in slot 5
[13:52:21.881] [SEVERE ] placing card 52 in slot 2
[13:52:21.897] [SEVERE ] placing card 29 in slot 8
[13:52:21.913] [SEVERE ] removing card from slot 1
[13:52:21.929] [SEVERE ] removing card from slot 5
[13:52:21.945] [SEVERE ] removing card from slot 9
[13:52:21.961] [SEVERE ] removing card from slot 2
[13:52:21.977] [SEVERE ] removing card from slot 8
[13:52:21.994] [SEVERE ] removing card from slot 4
[13:52:22.010] [SEVERE ] removing card from slot 6
[13:52:22.026] [SEVERE ] removing card from slot 3
[13:52:22.042] [SEVERE ] removing card from slot 10
[13:52:22.058] [SEVERE ] removing card from slot 7
[13:52:22.074] [SEVERE ] removing card from slot 0
[13:52:22.090] [SEVERE ] removing card from slot 11
[13:52:22.106] [SEVERE ] placing card 65 in slot 11
[13:52:22.118] [SEVERE ] placing card 32 in slot 2
[13:52:22.134] [SEVERE ] placing card 4 in slot 1
[13:52:22.150] [SEVERE ] placing card 51 in slot 4
[13:52:22.154] [SEVERE ] exit button pressed
[13:52:22.154] [INFO   ] Thread player1 terminated.
[13:52:22.154] [INFO   ] Thread player0 terminated.
[13:52:22.169] [SEVERE ] placing card 48 in slot 3
[13:52:22.185] [SEVERE ] placing card 62 in slot 9
[13:52:22.202] [SEVERE ] placing card 49 in slot 0
[13:52:22.219] [SEVERE ] placing card 61 in slot 10
[13:52:22.231] [SEVERE ] placing card 25 in slot 6
[13:52:22.247] [SEVERE ] placing card 78 in slot 8
[13:52:22.264] [SEVERE ] placing card 26 in slot 7
[13:52:22.280] [SEVERE ] placing card 50 in slot 5
[13:52:22.280] [SEVERE ] updating countdown to 100
[13:52:22.280] [SEVERE ] updating countdown to 100
[13:52:22.293] [SEVERE ] removing card from slot 3
[13:52:22.308] [SEVERE ] removing card from slot 11
[13:52:22.324] [SEVERE ] removing card from slot 2
[13:52:22.340] [SEVERE ] removing card from slot 7
[13:52:22.356] [SEVERE ] removing card from slot 1
[13:52:22.372] [SEVERE ] removing card from slot 0
[13:52:22.386] [SEVERE ] removing card from slot 10
[13:52:22.402] [SEVERE ] removing card from slot 4
[13:52:22.414] [SEVERE ] removing card from slot 5
[13:52:22.431] [SEVERE ] removing card from slot 6
[13:52:22.443] [SEVERE ] removing card from slot 8
[13:52:22.460] [SEVERE ] removing card from slot 9
[13:52:22.460] [SEVERE ] announcing winner(s): player 1, player 2
[13:52:22.464] [INFO   ] Thread dealer terminated.
[13:52:22.464] [INFO   ] thread dealer terminated.
[13:52:22.464] [SEVERE ] thanks for playing... it was fun!
[13:52:22.464] [INFO   ] thread main terminated.
