[12:14:26.627] [INFO   ] thread main starting.
[12:14:26.636] [SEVERE ] cannot read configuration file config.properties trying from resources.
[12:14:26.640] [SEVERE ] configuration file was loaded from resources directory.
[12:14:27.113] [INFO   ] thread dealer starting.
[12:14:27.113] [INFO   ] Thread player1starting.
[12:14:27.115] [INFO   ] Thread player2starting.
[12:14:27.115] [INFO   ] Thread player3starting.
[12:14:27.115] [INFO   ] Thread dealer starting.
[12:14:27.113] [INFO   ] Thread player0starting.
[12:14:27.149] [INFO   ] Thread computer-1 starting.
[12:14:27.132] [INFO   ] Thread computer-3 starting.
[12:14:27.132] [INFO   ] Thread computer-2 starting.
[12:14:27.153] [INFO   ] Thread computer-0 starting.
[12:14:27.186] [SEVERE ] placing card 3 in slot 8
[12:14:27.211] [SEVERE ] placing card 63 in slot 1
[12:14:27.227] [SEVERE ] placing card 20 in slot 5
[12:14:27.243] [SEVERE ] placing card 15 in slot 7
[12:14:27.260] [SEVERE ] placing card 5 in slot 11
[12:14:27.276] [SEVERE ] placing card 68 in slot 10
[12:14:27.292] [SEVERE ] placing card 33 in slot 2
[12:14:27.308] [SEVERE ] placing card 73 in slot 9
[12:14:27.324] [SEVERE ] placing card 36 in slot 4
[12:14:27.341] [SEVERE ] placing card 53 in slot 3
[12:14:27.353] [SEVERE ] placing card 9 in slot 0
[12:14:27.370] [SEVERE ] placing card 38 in slot 6
[12:14:27.370] [SEVERE ] updating countdown to 100
[12:14:27.378] [SEVERE ] player 2 placing token on slot 1
[12:14:27.378] [SEVERE ] updating countdown to 100
[12:14:27.378] [SEVERE ] player 2 placing token on slot 10
[12:14:27.378] [SEVERE ] player 2 placing token on slot 0
[12:14:27.378] [SEVERE ] setting player 2 freeze to 4
[12:14:27.385] [SEVERE ] setting player 2 freeze to 0
[12:14:27.385] [SEVERE ] removing player 2 token from slot 0
[12:14:27.385] [SEVERE ] player 2 placing token on slot 6
[12:14:27.386] [SEVERE ] setting player 2 freeze to 4
[12:14:27.393] [SEVERE ] setting player 2 freeze to 0
[12:14:27.393] [SEVERE ] removing player 2 token from slot 1
[12:14:27.393] [SEVERE ] removing player 2 token from slot 6
[12:14:27.393] [SEVERE ] player 2 placing token on slot 5
[12:14:27.393] [SEVERE ] player 2 placing token on slot 1
[12:14:27.393] [SEVERE ] setting player 2 freeze to 4
[12:14:27.398] [SEVERE ] setting player 2 freeze to 0
[12:14:27.398] [SEVERE ] removing player 2 token from slot 1
[12:14:27.398] [SEVERE ] player 2 placing token on slot 11
[12:14:27.398] [SEVERE ] setting player 2 freeze to 4
[12:14:27.407] [SEVERE ] setting player 2 freeze to 0
[12:14:27.407] [SEVERE ] player 3 placing token on slot 4
[12:14:27.407] [SEVERE ] player 3 placing token on slot 10
[12:14:27.407] [SEVERE ] player 4 placing token on slot 6
[12:14:27.407] [SEVERE ] player 4 placing token on slot 4
[12:14:27.407] [SEVERE ] player 4 placing token on slot 10
[12:14:27.407] [SEVERE ] setting player 4 freeze to 4
[12:14:27.415] [SEVERE ] setting player 4 freeze to 0
[12:14:27.415] [SEVERE ] player 3 placing token on slot 1
[12:14:27.415] [SEVERE ] setting player 3 freeze to 4
[12:14:27.420] [SEVERE ] setting player 3 freeze to 0
[12:14:27.420] [SEVERE ] removing player 3 token from slot 1
[12:14:27.420] [SEVERE ] player 3 placing token on slot 8
[12:14:27.420] [SEVERE ] setting player 3 freeze to 4
[12:14:27.428] [SEVERE ] setting player 3 freeze to 0
[12:14:27.428] [SEVERE ] removing player 3 token from slot 10
[12:14:27.428] [SEVERE ] removing player 3 token from slot 4
[12:14:27.428] [SEVERE ] player 3 placing token on slot 7
[12:14:27.428] [SEVERE ] player 3 placing token on slot 10
[12:14:27.432] [SEVERE ] setting player 3 freeze to 4
[12:14:27.439] [SEVERE ] setting player 3 freeze to 0
[12:14:27.439] [SEVERE ] removing player 3 token from slot 7
[12:14:27.439] [SEVERE ] player 3 placing token on slot 11
[12:14:27.443] [SEVERE ] setting player 3 freeze to 4
[12:14:27.450] [SEVERE ] setting player 3 freeze to 0
[12:14:27.450] [SEVERE ] removing player 3 token from slot 8
[12:14:27.450] [SEVERE ] player 3 placing token on slot 2
[12:14:27.450] [SEVERE ] setting player 3 freeze to 4
[12:14:27.456] [SEVERE ] setting player 3 freeze to 0
[12:14:27.456] [SEVERE ] player 1 placing token on slot 3
[12:14:27.456] [SEVERE ] player 1 placing token on slot 10
[12:14:27.456] [SEVERE ] player 1 placing token on slot 0
[12:14:27.460] [SEVERE ] setting player 1 freeze to 4
[12:14:27.468] [SEVERE ] setting player 1 freeze to 0
[12:14:27.468] [SEVERE ] removing player 1 token from slot 3
[12:14:27.469] [SEVERE ] player 1 placing token on slot 1
[12:14:27.469] [SEVERE ] setting player 1 freeze to 4
[12:14:27.477] [SEVERE ] setting player 1 freeze to 0
[12:14:27.477] [SEVERE ] removing player 1 token from slot 0
[12:14:27.481] [SEVERE ] player 1 placing token on slot 7
[12:14:27.481] [SEVERE ] setting player 1 freeze to 4
[12:14:27.488] [SEVERE ] setting player 1 freeze to 0
[12:14:27.488] [SEVERE ] removing player 1 token from slot 10
[12:14:27.488] [SEVERE ] player 1 placing token on slot 3
[12:14:27.488] [SEVERE ] setting player 1 freeze to 4
[12:14:27.495] [SEVERE ] setting player 1 freeze to 0
[12:14:27.495] [SEVERE ] removing player 1 token from slot 7
[12:14:27.495] [SEVERE ] player 1 placing token on slot 10
[12:14:27.495] [SEVERE ] setting player 1 freeze to 4
[12:14:27.503] [SEVERE ] setting player 1 freeze to 0
[12:14:27.503] [SEVERE ] removing player 4 token from slot 4
[12:14:27.503] [SEVERE ] player 4 placing token on slot 0
[12:14:27.503] [SEVERE ] setting player 4 freeze to 4
[12:14:27.509] [SEVERE ] setting player 4 freeze to 0
[12:14:27.509] [SEVERE ] removing player 4 token from slot 10
[12:14:27.509] [SEVERE ] player 4 placing token on slot 11
[12:14:27.509] [SEVERE ] setting player 4 freeze to 4
[12:14:27.515] [SEVERE ] setting player 4 freeze to 0
[12:14:27.515] [SEVERE ] removing player 4 token from slot 6
[12:14:27.515] [SEVERE ] player 4 placing token on slot 10
[12:14:27.515] [SEVERE ] setting player 4 freeze to 4
[12:14:27.524] [SEVERE ] setting player 4 freeze to 0
[12:14:27.524] [SEVERE ] removing player 4 token from slot 0
[12:14:27.524] [SEVERE ] player 4 placing token on slot 3
[12:14:27.524] [SEVERE ] setting player 4 freeze to 4
[12:14:27.531] [SEVERE ] setting player 4 freeze to 0
[12:14:27.531] [SEVERE ] removing player 4 token from slot 3
[12:14:27.531] [SEVERE ] removing player 4 token from slot 11
[12:14:27.531] [SEVERE ] player 4 placing token on slot 1
[12:14:27.531] [SEVERE ] player 4 placing token on slot 3
[12:14:27.531] [SEVERE ] setting player 4 freeze to 4
[12:14:27.541] [SEVERE ] setting player 4 freeze to 0
[12:14:27.541] [SEVERE ] removing player 4 token from slot 1
[12:14:27.541] [SEVERE ] player 4 placing token on slot 7
[12:14:27.541] [SEVERE ] setting player 4 freeze to 4
[12:14:27.549] [SEVERE ] setting player 4 freeze to 0
[12:14:27.549] [SEVERE ] removing player 4 token from slot 10
[12:14:27.549] [SEVERE ] player 4 placing token on slot 8
[12:14:27.549] [SEVERE ] setting player 4 freeze to 4
[12:14:27.557] [SEVERE ] setting player 4 freeze to 0
[12:14:27.557] [SEVERE ] removing player 4 token from slot 8
[12:14:27.557] [SEVERE ] player 4 placing token on slot 2
[12:14:27.557] [SEVERE ] setting player 4 freeze to 4
[12:14:27.563] [SEVERE ] setting player 4 freeze to 0
[12:14:27.563] [SEVERE ] removing player 1 token from slot 1
[12:14:27.563] [SEVERE ] player 1 placing token on slot 4
[12:14:27.563] [SEVERE ] setting player 1 freeze to 4
[12:14:27.573] [SEVERE ] setting player 1 freeze to 0
[12:14:27.573] [SEVERE ] removing player 1 token from slot 4
[12:14:27.573] [SEVERE ] player 1 placing token on slot 0
[12:14:27.577] [SEVERE ] setting player 1 freeze to 4
[12:14:27.586] [SEVERE ] setting player 1 freeze to 0
[12:14:27.587] [SEVERE ] removing player 1 token from slot 3
[12:14:27.587] [SEVERE ] player 1 placing token on slot 4
[12:14:27.590] [SEVERE ] setting player 1 freeze to 4
[12:14:27.596] [SEVERE ] setting player 1 freeze to 0
[12:14:27.596] [SEVERE ] removing player 1 token from slot 0
[12:14:27.596] [SEVERE ] player 1 placing token on slot 7
[12:14:27.596] [SEVERE ] setting player 1 freeze to 4
[12:14:27.605] [SEVERE ] setting player 1 freeze to 0
[12:14:27.605] [SEVERE ] removing player 1 token from slot 4
[12:14:27.605] [SEVERE ] player 1 placing token on slot 8
[12:14:27.605] [SEVERE ] setting player 1 freeze to 4
[12:14:27.611] [SEVERE ] setting player 1 freeze to 0
[12:14:27.611] [SEVERE ] removing player 1 token from slot 8
[12:14:27.611] [SEVERE ] removing player 3 token from slot 10
[12:14:27.611] [SEVERE ] player 1 placing token on slot 5
[12:14:27.611] [SEVERE ] setting player 1 freeze to 4
[12:14:27.618] [SEVERE ] setting player 1 freeze to 0
[12:14:27.619] [SEVERE ] removing player 2 token from slot 11
[12:14:27.619] [SEVERE ] player 2 placing token on slot 4
[12:14:27.619] [SEVERE ] setting player 2 freeze to 4
[12:14:27.624] [SEVERE ] setting player 2 freeze to 0
[12:14:27.624] [SEVERE ] removing player 2 token from slot 5
[12:14:27.624] [SEVERE ] player 2 placing token on slot 7
[12:14:27.624] [SEVERE ] setting player 2 freeze to 4
[12:14:27.624] [SEVERE ] removing player 4 token from slot 2
[12:14:27.626] [SEVERE ] removing player 4 token from slot 3
[12:14:27.626] [SEVERE ] removing player 1 token from slot 10
[12:14:27.626] [SEVERE ] removing player 1 token from slot 7
[12:14:27.626] [SEVERE ] player 1 placing token on slot 9
[12:14:27.626] [SEVERE ] player 3 placing token on slot 7
[12:14:27.627] [SEVERE ] setting player 3 freeze to 4
[12:14:27.631] [SEVERE ] setting player 2 freeze to 0
[12:14:27.632] [SEVERE ] setting player 3 freeze to 0
[12:14:27.632] [SEVERE ] removing player 3 token from slot 11
[12:14:27.632] [SEVERE ] player 3 placing token on slot 1
[12:14:27.632] [SEVERE ] setting player 3 freeze to 4
[12:14:27.632] [SEVERE ] player 1 placing token on slot 10
[12:14:27.636] [SEVERE ] setting player 1 freeze to 4
[12:14:27.641] [SEVERE ] setting player 3 freeze to 0
[12:14:27.641] [SEVERE ] setting player 1 freeze to 0
[12:14:27.641] [SEVERE ] removing player 1 token from slot 9
[12:14:27.641] [SEVERE ] removing player 1 token from slot 5
[12:14:27.641] [SEVERE ] removing player 1 token from slot 10
[12:14:27.641] [SEVERE ] player 1 placing token on slot 9
[12:14:27.641] [SEVERE ] player 1 placing token on slot 5
[12:14:27.641] [SEVERE ] player 1 placing token on slot 10
[12:14:27.641] [SEVERE ] setting player 1 freeze to 4
[12:14:27.653] [SEVERE ] setting player 1 freeze to 0
[12:14:27.653] [SEVERE ] player 4 placing token on slot 6
[12:14:27.653] [SEVERE ] player 4 placing token on slot 2
[12:14:27.657] [SEVERE ] setting player 4 freeze to 4
[12:14:27.664] [SEVERE ] setting player 4 freeze to 0
[12:14:27.664] [SEVERE ] removing player 4 token from slot 6
[12:14:27.664] [SEVERE ] removing player 4 token from slot 7
[12:14:27.664] [SEVERE ] player 4 placing token on slot 3
[12:14:27.664] [SEVERE ] player 4 placing token on slot 6
[12:14:27.664] [SEVERE ] setting player 4 freeze to 4
[12:14:27.673] [SEVERE ] setting player 4 freeze to 0
[12:14:27.673] [SEVERE ] removing player 4 token from slot 6
[12:14:27.673] [SEVERE ] player 4 placing token on slot 1
[12:14:27.674] [SEVERE ] setting player 4 freeze to 4
[12:14:27.681] [SEVERE ] setting player 4 freeze to 0
[12:14:27.681] [SEVERE ] removing player 4 token from slot 3
[12:14:27.681] [SEVERE ] player 4 placing token on slot 6
[12:14:27.686] [SEVERE ] removing player 1 token from slot 10
[12:14:27.686] [SEVERE ] setting player 4 freeze to 4
[12:14:27.686] [SEVERE ] player 1 placing token on slot 0
[12:14:27.687] [SEVERE ] setting player 1 freeze to 4
[12:14:27.692] [SEVERE ] setting player 4 freeze to 0
[12:14:27.694] [SEVERE ] setting player 1 freeze to 0
[12:14:27.694] [SEVERE ] removing player 1 token from slot 9
[12:14:27.694] [SEVERE ] player 1 placing token on slot 11
[12:14:27.698] [SEVERE ] setting player 1 freeze to 4
[12:14:27.708] [SEVERE ] setting player 1 freeze to 0
[12:14:27.708] [SEVERE ] removing player 1 token from slot 0
[12:14:27.708] [SEVERE ] player 1 placing token on slot 9
[12:14:27.708] [SEVERE ] setting player 1 freeze to 4
[12:14:27.717] [SEVERE ] setting player 1 freeze to 0
[12:14:27.721] [SEVERE ] removing player 1 token from slot 9
[12:14:27.721] [SEVERE ] player 1 placing token on slot 10
[12:14:27.721] [SEVERE ] setting player 1 freeze to 4
[12:14:27.728] [SEVERE ] setting player 1 freeze to 0
[12:14:27.728] [SEVERE ] removing player 1 token from slot 10
[12:14:27.728] [SEVERE ] player 1 placing token on slot 6
[12:14:27.728] [SEVERE ] setting player 1 freeze to 4
[12:14:27.735] [SEVERE ] setting player 1 freeze to 0
[12:14:27.735] [SEVERE ] removing player 1 token from slot 5
[12:14:27.735] [SEVERE ] player 1 placing token on slot 3
[12:14:27.735] [SEVERE ] setting player 1 freeze to 4
[12:14:27.741] [SEVERE ] setting player 1 freeze to 0
[12:14:27.741] [SEVERE ] removing player 4 token from slot 1
[12:14:27.741] [SEVERE ] player 4 placing token on slot 10
[12:14:27.741] [SEVERE ] setting player 4 freeze to 4
[12:14:27.749] [SEVERE ] setting player 4 freeze to 0
[12:14:27.749] [SEVERE ] removing player 4 token from slot 6
[12:14:27.749] [SEVERE ] removing player 4 token from slot 2
[12:14:27.749] [SEVERE ] player 4 placing token on slot 3
[12:14:27.749] [SEVERE ] player 4 placing token on slot 6
[12:14:27.749] [SEVERE ] setting player 4 freeze to 4
[12:14:27.757] [SEVERE ] setting player 4 freeze to 0
[12:14:27.757] [SEVERE ] removing player 4 token from slot 3
[12:14:27.757] [SEVERE ] removing player 1 token from slot 6
[12:14:27.757] [SEVERE ] removing player 1 token from slot 3
[12:14:27.757] [SEVERE ] player 1 placing token on slot 4
[12:14:27.757] [SEVERE ] removing player 3 token from slot 2
[12:14:27.757] [SEVERE ] player 3 placing token on slot 8
[12:14:27.757] [SEVERE ] setting player 3 freeze to 4
[12:14:27.763] [SEVERE ] setting player 3 freeze to 0
[12:14:27.763] [SEVERE ] removing player 3 token from slot 8
[12:14:27.763] [SEVERE ] player 3 placing token on slot 3
[12:14:27.767] [SEVERE ] setting player 3 freeze to 4
[12:14:27.772] [SEVERE ] setting player 3 freeze to 0
[12:14:27.772] [SEVERE ] removing player 3 token from slot 3
[12:14:27.772] [SEVERE ] player 3 placing token on slot 11
[12:14:27.772] [SEVERE ] setting player 3 freeze to 4
[12:14:27.782] [SEVERE ] setting player 3 freeze to 0
[12:14:27.782] [SEVERE ] removing player 3 token from slot 11
[12:14:27.782] [SEVERE ] removing player 3 token from slot 7
[12:14:27.782] [SEVERE ] player 3 placing token on slot 5
[12:14:27.782] [SEVERE ] player 3 placing token on slot 11
[12:14:27.786] [SEVERE ] setting player 3 freeze to 4
[12:14:27.792] [SEVERE ] setting player 3 freeze to 0
[12:14:27.792] [SEVERE ] removing player 3 token from slot 1
[12:14:27.792] [SEVERE ] player 3 placing token on slot 0
[12:14:27.792] [SEVERE ] setting player 3 freeze to 4
[12:14:27.799] [SEVERE ] setting player 3 freeze to 0
[12:14:27.799] [SEVERE ] player 4 placing token on slot 0
[12:14:27.799] [SEVERE ] setting player 4 freeze to 4
[12:14:27.806] [SEVERE ] setting player 4 freeze to 0
[12:14:27.806] [SEVERE ] removing player 4 token from slot 10
[12:14:27.806] [SEVERE ] player 4 placing token on slot 11
[12:14:27.806] [SEVERE ] setting player 4 freeze to 4
[12:14:27.815] [SEVERE ] setting player 4 freeze to 0
[12:14:27.815] [SEVERE ] removing player 4 token from slot 0
[12:14:27.815] [SEVERE ] removing player 4 token from slot 6
[12:14:27.815] [SEVERE ] player 4 placing token on slot 1
[12:14:27.815] [SEVERE ] player 4 placing token on slot 0
[12:14:27.815] [SEVERE ] setting player 4 freeze to 4
[12:14:27.825] [SEVERE ] setting player 4 freeze to 0
[12:14:27.825] [SEVERE ] removing player 4 token from slot 0
[12:14:27.825] [SEVERE ] player 4 placing token on slot 7
[12:14:27.825] [SEVERE ] setting player 4 freeze to 4
[12:14:27.825] [SEVERE ] removing player 2 token from slot 7
[12:14:27.825] [SEVERE ] player 2 placing token on slot 9
[12:14:27.828] [SEVERE ] setting player 2 freeze to 4
[12:14:27.833] [SEVERE ] setting player 4 freeze to 0
[12:14:27.834] [SEVERE ] setting player 2 freeze to 0
[12:14:27.838] [SEVERE ] removing player 2 token from slot 10
[12:14:27.838] [SEVERE ] player 2 placing token on slot 11
[12:14:27.838] [SEVERE ] setting player 2 freeze to 4
[12:14:27.848] [SEVERE ] setting player 2 freeze to 0
[12:14:27.848] [SEVERE ] removing player 2 token from slot 4
[12:14:27.848] [SEVERE ] removing player 2 token from slot 11
[12:14:27.851] [SEVERE ] player 2 placing token on slot 10
[12:14:27.851] [SEVERE ] player 2 placing token on slot 4
[12:14:27.851] [SEVERE ] setting player 2 freeze to 4
[12:14:27.864] [SEVERE ] setting player 2 freeze to 0
[12:14:27.864] [SEVERE ] removing player 2 token from slot 9
[12:14:27.864] [SEVERE ] player 2 placing token on slot 7
[12:14:27.864] [SEVERE ] setting player 2 freeze to 4
[12:14:27.871] [SEVERE ] setting player 2 freeze to 0
[12:14:27.871] [SEVERE ] removing player 2 token from slot 7
[12:14:27.871] [SEVERE ] player 2 placing token on slot 5
[12:14:27.871] [SEVERE ] setting player 2 freeze to 4
[12:14:27.879] [SEVERE ] setting player 2 freeze to 0
[12:14:27.879] [SEVERE ] removing player 2 token from slot 4
[12:14:27.879] [SEVERE ] player 2 placing token on slot 1
[12:14:27.879] [SEVERE ] setting player 2 freeze to 4
[12:14:27.885] [SEVERE ] setting player 2 freeze to 0
[12:14:27.885] [SEVERE ] removing player 2 token from slot 1
[12:14:27.885] [SEVERE ] removing player 2 token from slot 10
[12:14:27.885] [SEVERE ] player 2 placing token on slot 4
[12:14:27.885] [SEVERE ] player 2 placing token on slot 1
[12:14:27.885] [SEVERE ] setting player 2 freeze to 4
[12:14:27.891] [SEVERE ] setting player 2 freeze to 0
[12:14:27.891] [SEVERE ] removing player 2 token from slot 1
[12:14:27.891] [SEVERE ] player 2 placing token on slot 2
[12:14:27.891] [SEVERE ] setting player 2 freeze to 4
[12:14:27.891] [SEVERE ] player 1 placing token on slot 6
[12:14:27.894] [SEVERE ] setting player 1 freeze to 4
[12:14:27.899] [SEVERE ] setting player 2 freeze to 0
[12:14:27.899] [SEVERE ] setting player 1 freeze to 0
[12:14:27.899] [SEVERE ] removing player 1 token from slot 11
[12:14:27.899] [SEVERE ] player 1 placing token on slot 3
[12:14:27.899] [SEVERE ] setting player 1 freeze to 4
[12:14:27.911] [SEVERE ] setting player 1 freeze to 0
[12:14:27.911] [SEVERE ] removing player 1 token from slot 4
[12:14:27.911] [SEVERE ] player 1 placing token on slot 10
[12:14:27.911] [SEVERE ] setting player 1 freeze to 4
[12:14:27.917] [SEVERE ] setting player 1 freeze to 0
[12:14:27.917] [SEVERE ] removing player 1 token from slot 3
[12:14:27.917] [SEVERE ] player 1 placing token on slot 7
[12:14:27.917] [SEVERE ] setting player 1 freeze to 4
[12:14:27.922] [SEVERE ] setting player 1 freeze to 0
[12:14:27.922] [SEVERE ] removing player 1 token from slot 6
[12:14:27.922] [SEVERE ] removing player 1 token from slot 7
[12:14:27.922] [SEVERE ] player 1 placing token on slot 3
[12:14:27.922] [SEVERE ] player 1 placing token on slot 6
[12:14:27.922] [SEVERE ] setting player 1 freeze to 4
[12:14:27.928] [SEVERE ] setting player 1 freeze to 0
[12:14:27.928] [SEVERE ] removing player 1 token from slot 6
[12:14:27.928] [SEVERE ] player 1 placing token on slot 4
[12:14:27.928] [SEVERE ] setting player 1 freeze to 4
[12:14:27.934] [SEVERE ] setting player 1 freeze to 0
[12:14:27.934] [SEVERE ] removing player 1 token from slot 4
[12:14:27.934] [SEVERE ] player 1 placing token on slot 11
[12:14:27.934] [SEVERE ] setting player 1 freeze to 4
[12:14:27.940] [SEVERE ] setting player 1 freeze to 0
[12:14:27.940] [SEVERE ] removing player 1 token from slot 10
[12:14:27.940] [SEVERE ] player 1 placing token on slot 7
[12:14:27.940] [SEVERE ] setting player 1 freeze to 4
[12:14:27.947] [SEVERE ] setting player 1 freeze to 0
[12:14:27.947] [SEVERE ] removing player 1 token from slot 11
[12:14:27.947] [SEVERE ] player 1 placing token on slot 10
[12:14:27.947] [SEVERE ] setting player 1 freeze to 4
[12:14:27.952] [SEVERE ] setting player 1 freeze to 0
[12:14:27.952] [SEVERE ] removing player 1 token from slot 7
[12:14:27.952] [SEVERE ] player 1 placing token on slot 0
[12:14:27.952] [SEVERE ] setting player 1 freeze to 4
[12:14:27.958] [SEVERE ] setting player 1 freeze to 0
[12:14:27.958] [SEVERE ] removing player 1 token from slot 10
[12:14:27.958] [SEVERE ] player 1 placing token on slot 4
[12:14:27.958] [SEVERE ] setting player 1 freeze to 4
[12:14:27.963] [SEVERE ] setting player 1 freeze to 0
[12:14:27.963] [SEVERE ] removing player 1 token from slot 0
[12:14:27.963] [SEVERE ] player 1 placing token on slot 9
[12:14:27.963] [SEVERE ] setting player 1 freeze to 4
[12:14:27.969] [SEVERE ] setting player 1 freeze to 0
[12:14:27.969] [SEVERE ] removing player 1 token from slot 3
[12:14:27.969] [SEVERE ] player 1 placing token on slot 0
[12:14:27.969] [SEVERE ] setting player 1 freeze to 4
[12:14:27.975] [SEVERE ] setting player 1 freeze to 0
[12:14:27.975] [SEVERE ] removing player 3 token from slot 5
[12:14:27.975] [SEVERE ] player 3 placing token on slot 7
[12:14:27.975] [SEVERE ] setting player 3 freeze to 4
[12:14:27.981] [SEVERE ] setting player 3 freeze to 0
[12:14:27.981] [SEVERE ] removing player 3 token from slot 7
[12:14:27.981] [SEVERE ] player 3 placing token on slot 10
[12:14:27.981] [SEVERE ] setting player 3 freeze to 4
[12:14:27.989] [SEVERE ] setting player 3 freeze to 0
[12:14:27.989] [SEVERE ] removing player 3 token from slot 0
[12:14:27.989] [SEVERE ] player 3 placing token on slot 1
[12:14:27.989] [SEVERE ] setting player 3 freeze to 4
[12:14:27.995] [SEVERE ] setting player 3 freeze to 0
[12:14:27.995] [SEVERE ] removing player 3 token from slot 11
[12:14:27.995] [SEVERE ] player 3 placing token on slot 0
[12:14:27.995] [SEVERE ] setting player 3 freeze to 4
[12:14:28.003] [SEVERE ] setting player 3 freeze to 0
[12:14:28.003] [SEVERE ] removing player 3 token from slot 0
[12:14:28.003] [SEVERE ] player 3 placing token on slot 3
[12:14:28.003] [SEVERE ] setting player 3 freeze to 4
[12:14:28.008] [SEVERE ] setting player 3 freeze to 0
[12:14:28.008] [SEVERE ] removing player 3 token from slot 1
[12:14:28.008] [SEVERE ] player 3 placing token on slot 4
[12:14:28.008] [SEVERE ] removing player 4 token from slot 7
[12:14:28.008] [SEVERE ] setting player 3 freeze to 4
[12:14:28.008] [SEVERE ] player 4 placing token on slot 10
[12:14:28.010] [SEVERE ] setting player 4 freeze to 4
[12:14:28.015] [SEVERE ] setting player 3 freeze to 0
[12:14:28.017] [SEVERE ] setting player 4 freeze to 0
[12:14:28.017] [SEVERE ] removing player 4 token from slot 11
[12:14:28.017] [SEVERE ] player 4 placing token on slot 0
[12:14:28.017] [SEVERE ] setting player 4 freeze to 4
[12:14:28.030] [SEVERE ] setting player 4 freeze to 0
[12:14:28.034] [SEVERE ] removing player 4 token from slot 10
[12:14:28.034] [SEVERE ] player 4 placing token on slot 9
[12:14:28.034] [SEVERE ] setting player 4 freeze to 4
[12:14:28.040] [SEVERE ] setting player 4 freeze to 0
[12:14:28.040] [SEVERE ] removing player 4 token from slot 9
[12:14:28.040] [SEVERE ] player 4 placing token on slot 10
[12:14:28.040] [SEVERE ] setting player 4 freeze to 4
[12:14:28.045] [SEVERE ] setting player 4 freeze to 0
[12:14:28.045] [SEVERE ] removing player 4 token from slot 10
[12:14:28.045] [SEVERE ] removing player 4 token from slot 0
[12:14:28.045] [SEVERE ] player 4 placing token on slot 11
[12:14:28.045] [SEVERE ] player 4 placing token on slot 10
[12:14:28.045] [SEVERE ] setting player 4 freeze to 4
[12:14:28.052] [SEVERE ] setting player 4 freeze to 0
[12:14:28.052] [SEVERE ] removing player 4 token from slot 10
[12:14:28.052] [SEVERE ] player 4 placing token on slot 6
[12:14:28.052] [SEVERE ] setting player 4 freeze to 4
[12:14:28.059] [SEVERE ] setting player 4 freeze to 0
[12:14:28.059] [SEVERE ] removing player 4 token from slot 1
[12:14:28.059] [SEVERE ] player 4 placing token on slot 7
[12:14:28.059] [SEVERE ] setting player 4 freeze to 4
[12:14:28.064] [SEVERE ] setting player 4 freeze to 0
[12:14:28.064] [SEVERE ] removing player 4 token from slot 6
[12:14:28.064] [SEVERE ] removing player 4 token from slot 7
[12:14:28.064] [SEVERE ] player 4 placing token on slot 3
[12:14:28.064] [SEVERE ] player 4 placing token on slot 6
[12:14:28.064] [SEVERE ] setting player 4 freeze to 4
[12:14:28.069] [SEVERE ] setting player 4 freeze to 0
[12:14:28.069] [SEVERE ] removing player 4 token from slot 11
[12:14:28.069] [SEVERE ] removing player 4 token from slot 3
[12:14:28.069] [SEVERE ] player 4 placing token on slot 4
[12:14:28.069] [SEVERE ] player 4 placing token on slot 11
[12:14:28.069] [SEVERE ] setting player 4 freeze to 4
[12:14:28.075] [SEVERE ] setting player 4 freeze to 0
[12:14:28.075] [SEVERE ] removing player 4 token from slot 4
[12:14:28.075] [SEVERE ] player 4 placing token on slot 8
[12:14:28.075] [SEVERE ] setting player 4 freeze to 4
[12:14:28.081] [SEVERE ] setting player 4 freeze to 0
[12:14:28.081] [SEVERE ] removing player 4 token from slot 8
[12:14:28.081] [SEVERE ] player 4 placing token on slot 10
[12:14:28.081] [SEVERE ] setting player 4 freeze to 4
[12:14:28.086] [SEVERE ] setting player 4 freeze to 0
[12:14:28.086] [SEVERE ] removing player 4 token from slot 6
[12:14:28.086] [SEVERE ] player 4 placing token on slot 8
[12:14:28.086] [SEVERE ] setting player 4 freeze to 4
[12:14:28.092] [SEVERE ] setting player 4 freeze to 0
[12:14:28.092] [SEVERE ] removing player 4 token from slot 8
[12:14:28.092] [SEVERE ] player 4 placing token on slot 4
[12:14:28.092] [SEVERE ] setting player 4 freeze to 4
[12:14:28.097] [SEVERE ] setting player 4 freeze to 0
[12:14:28.097] [SEVERE ] removing player 3 token from slot 4
[12:14:28.097] [SEVERE ] player 3 placing token on slot 8
[12:14:28.097] [SEVERE ] removing player 1 token from slot 4
[12:14:28.097] [SEVERE ] player 1 placing token on slot 7
[12:14:28.097] [SEVERE ] setting player 1 freeze to 4
[12:14:28.100] [SEVERE ] setting player 3 freeze to 4
[12:14:28.106] [SEVERE ] setting player 1 freeze to 0
[12:14:28.106] [SEVERE ] setting player 3 freeze to 0
[12:14:28.106] [SEVERE ] removing player 1 token from slot 7
[12:14:28.106] [SEVERE ] player 1 placing token on slot 6
[12:14:28.106] [SEVERE ] setting player 1 freeze to 4
[12:14:28.113] [SEVERE ] setting player 1 freeze to 0
[12:14:28.113] [SEVERE ] removing player 1 token from slot 9
[12:14:28.113] [SEVERE ] player 1 placing token on slot 4
[12:14:28.117] [SEVERE ] setting player 1 freeze to 4
[12:14:28.123] [SEVERE ] setting player 1 freeze to 0
[12:14:28.123] [SEVERE ] removing player 1 token from slot 4
[12:14:28.123] [SEVERE ] player 1 placing token on slot 10
[12:14:28.126] [SEVERE ] setting player 1 freeze to 4
[12:14:28.131] [SEVERE ] setting player 1 freeze to 0
[12:14:28.131] [SEVERE ] removing player 4 token from slot 10
[12:14:28.131] [SEVERE ] player 4 placing token on slot 1
[12:14:28.135] [SEVERE ] setting player 4 freeze to 4
[12:14:28.140] [SEVERE ] setting player 4 freeze to 0
[12:14:28.140] [SEVERE ] removing player 4 token from slot 1
[12:14:28.140] [SEVERE ] player 4 placing token on slot 9
[12:14:28.144] [SEVERE ] setting player 4 freeze to 4
[12:14:28.150] [SEVERE ] setting player 4 freeze to 0
[12:14:28.150] [SEVERE ] removing player 4 token from slot 4
[12:14:28.150] [SEVERE ] player 4 placing token on slot 0
[12:14:28.150] [SEVERE ] setting player 4 freeze to 4
[12:14:28.156] [SEVERE ] setting player 4 freeze to 0
[12:14:28.156] [SEVERE ] removing player 4 token from slot 11
[12:14:28.156] [SEVERE ] player 4 placing token on slot 4
[12:14:28.156] [SEVERE ] setting player 4 freeze to 4
[12:14:28.162] [SEVERE ] setting player 4 freeze to 0
[12:14:28.162] [SEVERE ] removing player 4 token from slot 9
[12:14:28.162] [SEVERE ] player 4 placing token on slot 5
[12:14:28.162] [SEVERE ] setting player 4 freeze to 4
[12:14:28.167] [SEVERE ] setting player 4 freeze to 0
[12:14:28.167] [SEVERE ] removing player 4 token from slot 5
[12:14:28.167] [SEVERE ] removing player 4 token from slot 4
[12:14:28.167] [SEVERE ] player 4 placing token on slot 7
[12:14:28.167] [SEVERE ] player 4 placing token on slot 5
[12:14:28.167] [SEVERE ] setting player 4 freeze to 4
[12:14:28.174] [SEVERE ] setting player 4 freeze to 0
[12:14:28.174] [SEVERE ] removing player 4 token from slot 7
[12:14:28.174] [SEVERE ] removing player 4 token from slot 0
[12:14:28.174] [SEVERE ] player 4 placing token on slot 4
[12:14:28.174] [SEVERE ] player 4 placing token on slot 7
[12:14:28.174] [SEVERE ] setting player 4 freeze to 4
[12:14:28.179] [SEVERE ] setting player 4 freeze to 0
[12:14:28.179] [SEVERE ] removing player 4 token from slot 7
[12:14:28.179] [SEVERE ] player 4 placing token on slot 9
[12:14:28.179] [SEVERE ] setting player 4 freeze to 4
[12:14:28.184] [SEVERE ] setting player 4 freeze to 0
[12:14:28.184] [SEVERE ] removing player 4 token from slot 5
[12:14:28.184] [SEVERE ] player 4 placing token on slot 8
[12:14:28.184] [SEVERE ] setting player 4 freeze to 4
[12:14:28.189] [SEVERE ] setting player 4 freeze to 0
[12:14:28.189] [SEVERE ] removing player 4 token from slot 4
[12:14:28.189] [SEVERE ] player 4 placing token on slot 10
[12:14:28.189] [SEVERE ] setting player 4 freeze to 4
[12:14:28.189] [SEVERE ] removing player 3 token from slot 8
[12:14:28.190] [SEVERE ] player 3 placing token on slot 5
[12:14:28.190] [SEVERE ] removing player 1 token from slot 10
[12:14:28.190] [SEVERE ] player 1 placing token on slot 5
[12:14:28.190] [SEVERE ] setting player 1 freeze to 4
[12:14:28.190] [SEVERE ] setting player 3 freeze to 4
[12:14:28.195] [SEVERE ] setting player 4 freeze to 0
[12:14:28.196] [SEVERE ] setting player 3 freeze to 0
[12:14:28.197] [SEVERE ] setting player 1 freeze to 0
[12:14:28.197] [SEVERE ] removing player 1 token from slot 0
[12:14:28.197] [SEVERE ] removing player 1 token from slot 6
[12:14:28.197] [SEVERE ] player 1 placing token on slot 7
[12:14:28.197] [SEVERE ] player 1 placing token on slot 0
[12:14:28.197] [SEVERE ] setting player 1 freeze to 4
[12:14:28.205] [SEVERE ] setting player 1 freeze to 0
[12:14:28.205] [SEVERE ] removing player 1 token from slot 7
[12:14:28.205] [SEVERE ] player 1 placing token on slot 4
[12:14:28.205] [SEVERE ] setting player 1 freeze to 4
[12:14:28.210] [SEVERE ] setting player 1 freeze to 0
[12:14:28.210] [SEVERE ] removing player 1 token from slot 4
[12:14:28.210] [SEVERE ] player 1 placing token on slot 2
[12:14:28.210] [SEVERE ] setting player 1 freeze to 4
[12:14:28.210] [SEVERE ] removing player 2 token from slot 5
[12:14:28.211] [SEVERE ] player 2 placing token on slot 11
[12:14:28.211] [SEVERE ] setting player 2 freeze to 4
[12:14:28.216] [SEVERE ] setting player 1 freeze to 0
[12:14:28.216] [SEVERE ] removing player 1 token from slot 2
[12:14:28.216] [SEVERE ] player 1 placing token on slot 6
[12:14:28.216] [SEVERE ] setting player 1 freeze to 4
[12:14:28.217] [SEVERE ] setting player 2 freeze to 0
[12:14:28.221] [SEVERE ] setting player 1 freeze to 0
[12:14:28.221] [SEVERE ] removing player 3 token from slot 5
[12:14:28.221] [SEVERE ] removing player 3 token from slot 10
[12:14:28.221] [SEVERE ] player 3 placing token on slot 11
[12:14:28.221] [SEVERE ] player 3 placing token on slot 5
[12:14:28.221] [SEVERE ] setting player 3 freeze to 4
[12:14:28.227] [SEVERE ] setting player 3 freeze to 0
[12:14:28.227] [SEVERE ] removing player 2 token from slot 11
[12:14:28.227] [SEVERE ] player 2 placing token on slot 6
[12:14:28.227] [SEVERE ] setting player 2 freeze to 4
[12:14:28.237] [SEVERE ] setting player 2 freeze to 0
[12:14:28.237] [SEVERE ] removing player 2 token from slot 4
[12:14:28.237] [SEVERE ] removing player 2 token from slot 2
[12:14:28.237] [SEVERE ] player 2 placing token on slot 8
[12:14:28.237] [SEVERE ] player 2 placing token on slot 4
[12:14:28.241] [SEVERE ] setting player 2 freeze to 4
[12:14:28.246] [SEVERE ] setting player 2 freeze to 0
[12:14:28.246] [SEVERE ] removing player 2 token from slot 4
[12:14:28.246] [SEVERE ] player 2 placing token on slot 3
[12:14:28.246] [SEVERE ] setting player 2 freeze to 4
[12:14:28.253] [SEVERE ] setting player 2 freeze to 0
[12:14:28.253] [SEVERE ] removing player 2 token from slot 8
[12:14:28.253] [SEVERE ] player 2 placing token on slot 5
[12:14:28.253] [SEVERE ] setting player 2 freeze to 4
[12:14:28.259] [SEVERE ] setting player 2 freeze to 0
[12:14:28.259] [SEVERE ] removing player 2 token from slot 3
[12:14:28.259] [SEVERE ] player 2 placing token on slot 7
[12:14:28.259] [SEVERE ] setting player 2 freeze to 4
[12:14:28.264] [SEVERE ] setting player 2 freeze to 0
[12:14:28.264] [SEVERE ] removing player 2 token from slot 6
[12:14:28.264] [SEVERE ] player 2 placing token on slot 9
[12:14:28.264] [SEVERE ] setting player 2 freeze to 4
[12:14:28.270] [SEVERE ] setting player 2 freeze to 0
[12:14:28.270] [SEVERE ] removing player 2 token from slot 9
[12:14:28.270] [SEVERE ] player 2 placing token on slot 3
[12:14:28.270] [SEVERE ] setting player 2 freeze to 4
[12:14:28.277] [SEVERE ] setting player 2 freeze to 0
[12:14:28.277] [SEVERE ] removing player 2 token from slot 3
[12:14:28.277] [SEVERE ] player 2 placing token on slot 4
[12:14:28.277] [SEVERE ] setting player 2 freeze to 4
[12:14:28.282] [SEVERE ] setting player 2 freeze to 0
[12:14:28.286] [SEVERE ] removing player 2 token from slot 4
[12:14:28.286] [SEVERE ] player 2 placing token on slot 8
[12:14:28.286] [SEVERE ] setting player 2 freeze to 4
[12:14:28.295] [SEVERE ] setting player 2 freeze to 0
[12:14:28.295] [SEVERE ] removing player 2 token from slot 7
[12:14:28.295] [SEVERE ] player 2 placing token on slot 2
[12:14:28.295] [SEVERE ] setting player 2 freeze to 4
[12:14:28.303] [SEVERE ] setting player 2 freeze to 0
[12:14:28.303] [SEVERE ] removing player 2 token from slot 2
[12:14:28.303] [SEVERE ] player 2 placing token on slot 6
[12:14:28.303] [SEVERE ] setting player 2 freeze to 4
[12:14:28.309] [SEVERE ] setting player 2 freeze to 0
[12:14:28.309] [SEVERE ] removing player 2 token from slot 5
[12:14:28.309] [SEVERE ] player 2 placing token on slot 1
[12:14:28.309] [SEVERE ] setting player 2 freeze to 4
[12:14:28.315] [SEVERE ] setting player 2 freeze to 0
[12:14:28.315] [SEVERE ] removing player 2 token from slot 8
[12:14:28.315] [SEVERE ] player 2 placing token on slot 0
[12:14:28.315] [SEVERE ] setting player 2 freeze to 4
[12:14:28.315] [SEVERE ] removing player 1 token from slot 0
[12:14:28.320] [SEVERE ] setting player 2 freeze to 0
[12:14:28.320] [SEVERE ] removing player 2 token from slot 6
[12:14:28.320] [SEVERE ] removing player 2 token from slot 1
[12:14:28.320] [SEVERE ] player 2 placing token on slot 9
[12:14:28.320] [SEVERE ] player 2 placing token on slot 6
[12:14:28.320] [SEVERE ] setting player 2 freeze to 4
[12:14:28.326] [SEVERE ] setting player 2 freeze to 0
[12:14:28.326] [SEVERE ] removing player 2 token from slot 6
[12:14:28.326] [SEVERE ] player 2 placing token on slot 4
[12:14:28.326] [SEVERE ] setting player 2 freeze to 4
[12:14:28.331] [SEVERE ] setting player 2 freeze to 0
[12:14:28.331] [SEVERE ] removing player 2 token from slot 9
[12:14:28.331] [SEVERE ] player 2 placing token on slot 1
[12:14:28.351] [SEVERE ] removing player 2 token from slot 0
[12:14:28.351] [SEVERE ] removing card from slot 0
[12:14:28.367] [SEVERE ] removing player 2 token from slot 1
[12:14:28.367] [SEVERE ] removing card from slot 1
[12:14:28.380] [SEVERE ] removing player 2 token from slot 4
[12:14:28.380] [SEVERE ] removing card from slot 4
[12:14:28.381] [SEVERE ] updating countdown to 100
[12:14:28.388] [SEVERE ] setting player 2 freeze to 2
[12:14:28.393] [SEVERE ] setting player 2 freeze to 0
[12:14:28.393] [SEVERE ] setting player 2 score to 1
[12:14:28.397] [SEVERE ] placing card 0 in slot 0
[12:14:28.413] [SEVERE ] placing card 45 in slot 1
[12:14:28.429] [SEVERE ] placing card 55 in slot 4
[12:14:28.429] [SEVERE ] updating countdown to 100
[12:14:28.429] [SEVERE ] player 2 placing token on slot 9
[12:14:28.429] [SEVERE ] player 2 placing token on slot 1
[12:14:28.429] [SEVERE ] player 2 placing token on slot 10
[12:14:28.429] [SEVERE ] setting player 2 freeze to 4
[12:14:28.435] [SEVERE ] setting player 2 freeze to 0
[12:14:28.435] [SEVERE ] removing player 3 token from slot 5
[12:14:28.435] [SEVERE ] removing player 3 token from slot 11
[12:14:28.435] [SEVERE ] player 3 placing token on slot 1
[12:14:28.435] [SEVERE ] player 3 placing token on slot 5
[12:14:28.435] [SEVERE ] setting player 3 freeze to 4
[12:14:28.448] [SEVERE ] setting player 3 freeze to 0
[12:14:28.448] [SEVERE ] removing player 3 token from slot 3
[12:14:28.448] [SEVERE ] player 3 placing token on slot 0
[12:14:28.448] [SEVERE ] setting player 3 freeze to 4
[12:14:28.455] [SEVERE ] setting player 3 freeze to 0
[12:14:28.459] [SEVERE ] removing player 3 token from slot 5
[12:14:28.459] [SEVERE ] player 3 placing token on slot 6
[12:14:28.459] [SEVERE ] setting player 3 freeze to 4
[12:14:28.465] [SEVERE ] setting player 3 freeze to 0
[12:14:28.465] [SEVERE ] removing player 3 token from slot 1
[12:14:28.465] [SEVERE ] player 3 placing token on slot 8
[12:14:28.465] [SEVERE ] setting player 3 freeze to 4
[12:14:28.472] [SEVERE ] setting player 3 freeze to 0
[12:14:28.472] [SEVERE ] removing player 3 token from slot 6
[12:14:28.472] [SEVERE ] player 3 placing token on slot 1
[12:14:28.472] [SEVERE ] setting player 3 freeze to 4
[12:14:28.479] [SEVERE ] setting player 3 freeze to 0
[12:14:28.479] [SEVERE ] removing player 3 token from slot 8
[12:14:28.479] [SEVERE ] removing player 3 token from slot 1
[12:14:28.479] [SEVERE ] player 3 placing token on slot 3
[12:14:28.479] [SEVERE ] player 3 placing token on slot 8
[12:14:28.479] [SEVERE ] setting player 3 freeze to 4
[12:14:28.485] [SEVERE ] setting player 3 freeze to 0
[12:14:28.485] [SEVERE ] removing player 3 token from slot 3
[12:14:28.485] [SEVERE ] player 3 placing token on slot 5
[12:14:28.485] [SEVERE ] setting player 3 freeze to 4
[12:14:28.491] [SEVERE ] setting player 3 freeze to 0
[12:14:28.491] [SEVERE ] removing player 3 token from slot 0
[12:14:28.491] [SEVERE ] player 3 placing token on slot 10
[12:14:28.491] [SEVERE ] setting player 3 freeze to 4
[12:14:28.497] [SEVERE ] setting player 3 freeze to 0
[12:14:28.497] [SEVERE ] removing player 3 token from slot 10
[12:14:28.497] [SEVERE ] player 3 placing token on slot 2
[12:14:28.497] [SEVERE ] setting player 3 freeze to 4
[12:14:28.502] [SEVERE ] setting player 3 freeze to 0
[12:14:28.502] [SEVERE ] removing player 3 token from slot 5
[12:14:28.502] [SEVERE ] player 3 placing token on slot 1
[12:14:28.502] [SEVERE ] setting player 3 freeze to 4
[12:14:28.507] [SEVERE ] setting player 3 freeze to 0
[12:14:28.507] [SEVERE ] removing player 3 token from slot 2
[12:14:28.507] [SEVERE ] player 3 placing token on slot 10
[12:14:28.507] [SEVERE ] setting player 3 freeze to 4
[12:14:28.514] [SEVERE ] setting player 3 freeze to 0
[12:14:28.514] [SEVERE ] removing player 3 token from slot 10
[12:14:28.514] [SEVERE ] player 3 placing token on slot 7
[12:14:28.514] [SEVERE ] setting player 3 freeze to 4
[12:14:28.519] [SEVERE ] setting player 3 freeze to 0
[12:14:28.519] [SEVERE ] removing player 3 token from slot 7
[12:14:28.519] [SEVERE ] player 3 placing token on slot 10
[12:14:28.519] [SEVERE ] setting player 3 freeze to 4
[12:14:28.525] [SEVERE ] setting player 3 freeze to 0
[12:14:28.525] [SEVERE ] removing player 3 token from slot 1
[12:14:28.525] [SEVERE ] player 3 placing token on slot 3
[12:14:28.525] [SEVERE ] setting player 3 freeze to 4
[12:14:28.531] [SEVERE ] setting player 3 freeze to 0
[12:14:28.531] [SEVERE ] removing player 3 token from slot 3
[12:14:28.531] [SEVERE ] player 3 placing token on slot 6
[12:14:28.531] [SEVERE ] setting player 3 freeze to 4
[12:14:28.536] [SEVERE ] setting player 3 freeze to 0
[12:14:28.536] [SEVERE ] removing player 3 token from slot 6
[12:14:28.536] [SEVERE ] removing player 4 token from slot 8
[12:14:28.536] [SEVERE ] player 4 placing token on slot 6
[12:14:28.536] [SEVERE ] setting player 4 freeze to 4
[12:14:28.536] [SEVERE ] player 3 placing token on slot 7
[12:14:28.537] [SEVERE ] setting player 3 freeze to 4
[12:14:28.541] [SEVERE ] setting player 3 freeze to 0
[12:14:28.541] [SEVERE ] removing player 3 token from slot 8
[12:14:28.541] [SEVERE ] player 3 placing token on slot 5
[12:14:28.541] [SEVERE ] setting player 3 freeze to 4
[12:14:28.542] [SEVERE ] setting player 4 freeze to 0
[12:14:28.547] [SEVERE ] setting player 3 freeze to 0
[12:14:28.547] [SEVERE ] removing player 3 token from slot 10
[12:14:28.547] [SEVERE ] player 3 placing token on slot 3
[12:14:28.547] [SEVERE ] setting player 3 freeze to 4
[12:14:28.547] [SEVERE ] player 1 placing token on slot 3
[12:14:28.547] [SEVERE ] setting player 1 freeze to 4
[12:14:28.552] [SEVERE ] setting player 1 freeze to 0
[12:14:28.552] [SEVERE ] setting player 3 freeze to 0
[12:14:28.552] [SEVERE ] removing player 1 token from slot 5
[12:14:28.552] [SEVERE ] player 1 placing token on slot 4
[12:14:28.552] [SEVERE ] setting player 1 freeze to 4
[12:14:28.552] [SEVERE ] removing player 3 token from slot 5
[12:14:28.552] [SEVERE ] player 3 placing token on slot 2
[12:14:28.552] [SEVERE ] setting player 3 freeze to 4
[12:14:28.556] [SEVERE ] setting player 1 freeze to 0
[12:14:28.556] [SEVERE ] setting player 3 freeze to 0
[12:14:28.556] [SEVERE ] removing player 3 token from slot 7
[12:14:28.556] [SEVERE ] player 3 placing token on slot 4
[12:14:28.556] [SEVERE ] setting player 3 freeze to 4
[12:14:28.556] [SEVERE ] removing player 4 token from slot 9
[12:14:28.557] [SEVERE ] player 4 placing token on slot 8
[12:14:28.557] [SEVERE ] setting player 4 freeze to 4
[12:14:28.561] [SEVERE ] setting player 3 freeze to 0
[12:14:28.561] [SEVERE ] setting player 4 freeze to 0
[12:14:28.561] [SEVERE ] removing player 2 token from slot 1
[12:14:28.561] [SEVERE ] player 2 placing token on slot 0
[12:14:28.561] [SEVERE ] setting player 2 freeze to 4
[12:14:28.561] [SEVERE ] removing player 1 token from slot 3
[12:14:28.562] [SEVERE ] player 1 placing token on slot 2
[12:14:28.562] [SEVERE ] setting player 1 freeze to 4
[12:14:28.567] [SEVERE ] setting player 1 freeze to 0
[12:14:28.567] [SEVERE ] setting player 2 freeze to 0
[12:14:28.567] [SEVERE ] removing player 2 token from slot 9
[12:14:28.567] [SEVERE ] player 2 placing token on slot 5
[12:14:28.567] [SEVERE ] setting player 2 freeze to 4
[12:14:28.567] [SEVERE ] removing player 3 token from slot 3
[12:14:28.567] [SEVERE ] player 3 placing token on slot 6
[12:14:28.567] [SEVERE ] setting player 3 freeze to 4
[12:14:28.572] [SEVERE ] setting player 2 freeze to 0
[12:14:28.572] [SEVERE ] setting player 3 freeze to 0
[12:14:28.572] [SEVERE ] removing player 4 token from slot 8
[12:14:28.572] [SEVERE ] removing player 4 token from slot 6
[12:14:28.572] [SEVERE ] player 4 placing token on slot 3
[12:14:28.572] [SEVERE ] removing player 3 token from slot 4
[12:14:28.572] [SEVERE ] removing player 2 token from slot 5
[12:14:28.572] [SEVERE ] removing player 2 token from slot 0
[12:14:28.572] [SEVERE ] player 2 placing token on slot 1
[12:14:28.572] [SEVERE ] player 2 placing token on slot 5
[12:14:28.572] [SEVERE ] setting player 2 freeze to 4
[12:14:28.577] [SEVERE ] setting player 2 freeze to 0
[12:14:28.577] [SEVERE ] removing player 2 token from slot 5
[12:14:28.577] [SEVERE ] player 2 placing token on slot 6
[12:14:28.577] [SEVERE ] setting player 2 freeze to 4
[12:14:28.582] [SEVERE ] setting player 2 freeze to 0
[12:14:28.582] [SEVERE ] removing player 2 token from slot 6
[12:14:28.582] [SEVERE ] player 2 placing token on slot 7
[12:14:28.582] [SEVERE ] setting player 2 freeze to 4
[12:14:28.587] [SEVERE ] setting player 2 freeze to 0
[12:14:28.587] [SEVERE ] removing player 1 token from slot 2
[12:14:28.587] [SEVERE ] player 1 placing token on slot 9
[12:14:28.587] [SEVERE ] setting player 1 freeze to 4
[12:14:28.592] [SEVERE ] setting player 1 freeze to 0
[12:14:28.592] [SEVERE ] removing player 1 token from slot 4
[12:14:28.592] [SEVERE ] player 1 placing token on slot 3
[12:14:28.592] [SEVERE ] setting player 1 freeze to 4
[12:14:28.598] [SEVERE ] setting player 1 freeze to 0
[12:14:28.598] [SEVERE ] removing player 1 token from slot 9
[12:14:28.598] [SEVERE ] removing player 1 token from slot 6
[12:14:28.598] [SEVERE ] player 1 placing token on slot 8
[12:14:28.598] [SEVERE ] removing player 2 token from slot 10
[12:14:28.598] [SEVERE ] player 2 placing token on slot 0
[12:14:28.598] [SEVERE ] setting player 2 freeze to 4
[12:14:28.602] [SEVERE ] setting player 2 freeze to 0
[12:14:28.602] [SEVERE ] removing player 2 token from slot 1
[12:14:28.602] [SEVERE ] player 2 placing token on slot 9
[12:14:28.602] [SEVERE ] setting player 2 freeze to 4
[12:14:28.607] [SEVERE ] setting player 2 freeze to 0
[12:14:28.607] [SEVERE ] player 3 placing token on slot 0
[12:14:28.607] [SEVERE ] setting player 3 freeze to 4
[12:14:28.611] [SEVERE ] setting player 3 freeze to 0
[12:14:28.611] [SEVERE ] removing player 3 token from slot 6
[12:14:28.611] [SEVERE ] player 3 placing token on slot 3
[12:14:28.611] [SEVERE ] setting player 3 freeze to 4
[12:14:28.616] [SEVERE ] setting player 3 freeze to 0
[12:14:28.616] [SEVERE ] removing player 3 token from slot 0
[12:14:28.616] [SEVERE ] player 3 placing token on slot 4
[12:14:28.616] [SEVERE ] setting player 3 freeze to 4
[12:14:28.621] [SEVERE ] setting player 3 freeze to 0
[12:14:28.621] [SEVERE ] removing player 3 token from slot 3
[12:14:28.621] [SEVERE ] player 3 placing token on slot 10
[12:14:28.621] [SEVERE ] setting player 3 freeze to 4
[12:14:28.626] [SEVERE ] setting player 3 freeze to 0
[12:14:28.626] [SEVERE ] player 4 placing token on slot 8
[12:14:28.626] [SEVERE ] setting player 4 freeze to 4
[12:14:28.630] [SEVERE ] setting player 4 freeze to 0
[12:14:28.630] [SEVERE ] removing player 4 token from slot 3
[12:14:28.630] [SEVERE ] player 4 placing token on slot 1
[12:14:28.630] [SEVERE ] setting player 4 freeze to 4
[12:14:28.630] [SEVERE ] removing player 2 token from slot 7
[12:14:28.631] [SEVERE ] player 2 placing token on slot 5
[12:14:28.631] [SEVERE ] setting player 2 freeze to 4
[12:14:28.636] [SEVERE ] setting player 4 freeze to 0
[12:14:28.636] [SEVERE ] setting player 2 freeze to 0
[12:14:28.636] [SEVERE ] removing player 2 token from slot 9
[12:14:28.636] [SEVERE ] player 2 placing token on slot 4
[12:14:28.636] [SEVERE ] setting player 2 freeze to 4
[12:14:28.641] [SEVERE ] setting player 2 freeze to 0
[12:14:28.641] [SEVERE ] removing player 2 token from slot 5
[12:14:28.641] [SEVERE ] player 2 placing token on slot 1
[12:14:28.641] [SEVERE ] setting player 2 freeze to 4
[12:14:28.641] [SEVERE ] player 1 placing token on slot 9
[12:14:28.641] [SEVERE ] setting player 1 freeze to 4
[12:14:28.645] [SEVERE ] setting player 1 freeze to 0
[12:14:28.645] [SEVERE ] setting player 2 freeze to 0
[12:14:28.645] [SEVERE ] removing player 1 token from slot 9
[12:14:28.645] [SEVERE ] player 1 placing token on slot 0
[12:14:28.645] [SEVERE ] setting player 1 freeze to 4
[12:14:28.650] [SEVERE ] setting player 1 freeze to 0
[12:14:28.650] [SEVERE ] removing player 1 token from slot 3
[12:14:28.650] [SEVERE ] player 1 placing token on slot 11
[12:14:28.650] [SEVERE ] setting player 1 freeze to 4
[12:14:28.655] [SEVERE ] setting player 1 freeze to 0
[12:14:28.655] [SEVERE ] removing player 1 token from slot 0
[12:14:28.655] [SEVERE ] player 1 placing token on slot 3
[12:14:28.655] [SEVERE ] setting player 1 freeze to 4
[12:14:28.659] [SEVERE ] setting player 1 freeze to 0
[12:14:28.659] [SEVERE ] removing player 1 token from slot 11
[12:14:28.659] [SEVERE ] player 1 placing token on slot 0
[12:14:28.659] [SEVERE ] setting player 1 freeze to 4
[12:14:28.664] [SEVERE ] setting player 1 freeze to 0
[12:14:28.664] [SEVERE ] removing player 2 token from slot 0
[12:14:28.664] [SEVERE ] player 2 placing token on slot 2
[12:14:28.664] [SEVERE ] setting player 2 freeze to 4
[12:14:28.669] [SEVERE ] setting player 2 freeze to 0
[12:14:28.669] [SEVERE ] removing player 2 token from slot 2
[12:14:28.669] [SEVERE ] player 2 placing token on slot 11
[12:14:28.669] [SEVERE ] setting player 2 freeze to 4
[12:14:28.674] [SEVERE ] setting player 2 freeze to 0
[12:14:28.674] [SEVERE ] removing player 1 token from slot 8
[12:14:28.674] [SEVERE ] player 1 placing token on slot 10
[12:14:28.674] [SEVERE ] setting player 1 freeze to 4
[12:14:28.678] [SEVERE ] setting player 1 freeze to 0
[12:14:28.678] [SEVERE ] removing player 1 token from slot 10
[12:14:28.678] [SEVERE ] player 1 placing token on slot 6
[12:14:28.678] [SEVERE ] setting player 1 freeze to 4
[12:14:28.683] [SEVERE ] setting player 1 freeze to 0
[12:14:28.683] [SEVERE ] removing player 1 token from slot 3
[12:14:28.683] [SEVERE ] player 1 placing token on slot 10
[12:14:28.683] [SEVERE ] setting player 1 freeze to 4
[12:14:28.683] [SEVERE ] removing player 2 token from slot 1
[12:14:28.684] [SEVERE ] player 2 placing token on slot 0
[12:14:28.684] [SEVERE ] setting player 2 freeze to 4
[12:14:28.688] [SEVERE ] setting player 1 freeze to 0
[12:14:28.688] [SEVERE ] setting player 2 freeze to 0
[12:14:28.688] [SEVERE ] removing player 2 token from slot 4
[12:14:28.688] [SEVERE ] removing player 2 token from slot 11
[12:14:28.688] [SEVERE ] player 2 placing token on slot 3
[12:14:28.688] [SEVERE ] player 2 placing token on slot 4
[12:14:28.688] [SEVERE ] setting player 2 freeze to 4
[12:14:28.693] [SEVERE ] setting player 2 freeze to 0
[12:14:28.693] [SEVERE ] removing player 2 token from slot 0
[12:14:28.693] [SEVERE ] player 2 placing token on slot 6
[12:14:28.693] [SEVERE ] setting player 2 freeze to 4
[12:14:28.697] [SEVERE ] setting player 2 freeze to 0
[12:14:28.697] [SEVERE ] removing player 2 token from slot 4
[12:14:28.697] [SEVERE ] player 2 placing token on slot 9
[12:14:28.697] [SEVERE ] setting player 2 freeze to 4
[12:14:28.702] [SEVERE ] setting player 2 freeze to 0
[12:14:28.702] [SEVERE ] removing player 2 token from slot 9
[12:14:28.702] [SEVERE ] player 2 placing token on slot 10
[12:14:28.702] [SEVERE ] setting player 2 freeze to 4
[12:14:28.706] [SEVERE ] setting player 2 freeze to 0
[12:14:28.706] [SEVERE ] removing player 1 token from slot 6
[12:14:28.706] [SEVERE ] player 1 placing token on slot 8
[12:14:28.706] [SEVERE ] setting player 1 freeze to 4
[12:14:28.711] [SEVERE ] setting player 1 freeze to 0
[12:14:28.711] [SEVERE ] removing player 1 token from slot 0
[12:14:28.711] [SEVERE ] player 1 placing token on slot 3
[12:14:28.711] [SEVERE ] setting player 1 freeze to 4
[12:14:28.715] [SEVERE ] setting player 1 freeze to 0
[12:14:28.715] [SEVERE ] removing player 1 token from slot 3
[12:14:28.715] [SEVERE ] player 1 placing token on slot 0
[12:14:28.715] [SEVERE ] setting player 1 freeze to 4
[12:14:28.720] [SEVERE ] setting player 1 freeze to 0
[12:14:28.720] [SEVERE ] removing player 1 token from slot 10
[12:14:28.720] [SEVERE ] removing player 1 token from slot 8
[12:14:28.720] [SEVERE ] player 1 placing token on slot 9
[12:14:28.720] [SEVERE ] player 1 placing token on slot 10
[12:14:28.720] [SEVERE ] setting player 1 freeze to 4
[12:14:28.725] [SEVERE ] setting player 1 freeze to 0
[12:14:28.725] [SEVERE ] removing player 1 token from slot 9
[12:14:28.725] [SEVERE ] player 1 placing token on slot 11
[12:14:28.725] [SEVERE ] setting player 1 freeze to 4
[12:14:28.729] [SEVERE ] setting player 1 freeze to 0
[12:14:28.729] [SEVERE ] removing player 1 token from slot 0
[12:14:28.729] [SEVERE ] player 1 placing token on slot 1
[12:14:28.729] [SEVERE ] setting player 1 freeze to 4
[12:14:28.733] [SEVERE ] setting player 1 freeze to 0
[12:14:28.733] [SEVERE ] removing player 1 token from slot 11
[12:14:28.733] [SEVERE ] player 1 placing token on slot 2
[12:14:28.733] [SEVERE ] setting player 1 freeze to 4
[12:14:28.733] [SEVERE ] removing player 4 token from slot 10
[12:14:28.734] [SEVERE ] player 4 placing token on slot 7
[12:14:28.734] [SEVERE ] setting player 4 freeze to 4
[12:14:28.738] [SEVERE ] setting player 4 freeze to 0
[12:14:28.738] [SEVERE ] setting player 1 freeze to 0
[12:14:28.738] [SEVERE ] removing player 4 token from slot 8
[12:14:28.738] [SEVERE ] player 4 placing token on slot 6
[12:14:28.738] [SEVERE ] setting player 4 freeze to 4
[12:14:28.743] [SEVERE ] setting player 4 freeze to 0
[12:14:28.743] [SEVERE ] removing player 4 token from slot 6
[12:14:28.743] [SEVERE ] player 4 placing token on slot 10
[12:14:28.743] [SEVERE ] setting player 4 freeze to 4
[12:14:28.743] [SEVERE ] removing player 1 token from slot 10
[12:14:28.743] [SEVERE ] removing player 1 token from slot 2
[12:14:28.743] [SEVERE ] player 1 placing token on slot 7
[12:14:28.743] [SEVERE ] removing player 2 token from slot 3
[12:14:28.743] [SEVERE ] player 2 placing token on slot 2
[12:14:28.743] [SEVERE ] setting player 2 freeze to 4
[12:14:28.743] [SEVERE ] removing player 3 token from slot 4
[12:14:28.743] [SEVERE ] player 3 placing token on slot 7
[12:14:28.743] [SEVERE ] setting player 3 freeze to 4
[12:14:28.747] [SEVERE ] setting player 2 freeze to 0
[12:14:28.747] [SEVERE ] setting player 4 freeze to 0
[12:14:28.747] [SEVERE ] setting player 3 freeze to 0
[12:14:28.747] [SEVERE ] removing player 3 token from slot 10
[12:14:28.747] [SEVERE ] player 3 placing token on slot 11
[12:14:28.747] [SEVERE ] setting player 3 freeze to 4
[12:14:28.752] [SEVERE ] setting player 3 freeze to 0
[12:14:28.752] [SEVERE ] removing player 3 token from slot 2
[12:14:28.752] [SEVERE ] player 1 placing token on slot 10
[12:14:28.752] [SEVERE ] setting player 1 freeze to 4
[12:14:28.757] [SEVERE ] setting player 1 freeze to 0
[12:14:28.757] [SEVERE ] removing player 1 token from slot 10
[12:14:28.757] [SEVERE ] player 1 placing token on slot 3
[12:14:28.757] [SEVERE ] setting player 1 freeze to 4
[12:14:28.757] [SEVERE ] removing player 4 token from slot 1
[12:14:28.761] [SEVERE ] setting player 1 freeze to 0
[12:14:28.761] [SEVERE ] removing player 1 token from slot 3
[12:14:28.761] [SEVERE ] player 1 placing token on slot 4
[12:14:28.761] [SEVERE ] setting player 1 freeze to 4
[12:14:28.761] [SEVERE ] removing player 2 token from slot 6
[12:14:28.761] [SEVERE ] player 2 placing token on slot 0
[12:14:28.761] [SEVERE ] setting player 2 freeze to 4
[12:14:28.766] [SEVERE ] setting player 2 freeze to 0
[12:14:28.766] [SEVERE ] setting player 1 freeze to 0
[12:14:28.766] [SEVERE ] removing player 2 token from slot 0
[12:14:28.766] [SEVERE ] player 2 placing token on slot 11
[12:14:28.766] [SEVERE ] setting player 2 freeze to 4
[12:14:28.766] [SEVERE ] player 3 placing token on slot 1
[12:14:28.767] [SEVERE ] setting player 3 freeze to 4
[12:14:28.772] [SEVERE ] setting player 2 freeze to 0
[12:14:28.772] [SEVERE ] setting player 3 freeze to 0
[12:14:28.772] [SEVERE ] removing player 3 token from slot 7
[12:14:28.772] [SEVERE ] player 3 placing token on slot 0
[12:14:28.772] [SEVERE ] setting player 3 freeze to 4
[12:14:28.772] [SEVERE ] removing player 2 token from slot 10
[12:14:28.772] [SEVERE ] player 2 placing token on slot 7
[12:14:28.772] [SEVERE ] setting player 2 freeze to 4
[12:14:28.777] [SEVERE ] setting player 2 freeze to 0
[12:14:28.777] [SEVERE ] setting player 3 freeze to 0
[12:14:28.777] [SEVERE ] player 4 placing token on slot 8
[12:14:28.777] [SEVERE ] setting player 4 freeze to 4
[12:14:28.782] [SEVERE ] setting player 4 freeze to 0
[12:14:28.782] [SEVERE ] removing player 4 token from slot 8
[12:14:28.782] [SEVERE ] player 4 placing token on slot 2
[12:14:28.782] [SEVERE ] setting player 4 freeze to 4
[12:14:28.786] [SEVERE ] setting player 4 freeze to 0
[12:14:28.786] [SEVERE ] removing player 4 token from slot 7
[12:14:28.786] [SEVERE ] player 4 placing token on slot 9
[12:14:28.786] [SEVERE ] setting player 4 freeze to 4
[12:14:28.786] [SEVERE ] removing player 1 token from slot 1
[12:14:28.787] [SEVERE ] player 1 placing token on slot 5
[12:14:28.787] [SEVERE ] setting player 1 freeze to 4
[12:14:28.791] [SEVERE ] setting player 4 freeze to 0
[12:14:28.791] [SEVERE ] setting player 1 freeze to 0
[12:14:28.791] [SEVERE ] removing player 1 token from slot 5
[12:14:28.791] [SEVERE ] player 1 placing token on slot 2
[12:14:28.791] [SEVERE ] setting player 1 freeze to 4
[12:14:28.796] [SEVERE ] setting player 1 freeze to 0
[12:14:28.796] [SEVERE ] removing player 1 token from slot 4
[12:14:28.796] [SEVERE ] player 1 placing token on slot 5
[12:14:28.796] [SEVERE ] setting player 1 freeze to 4
[12:14:28.801] [SEVERE ] setting player 1 freeze to 0
[12:14:28.801] [SEVERE ] removing player 1 token from slot 2
[12:14:28.801] [SEVERE ] player 1 placing token on slot 0
[12:14:28.801] [SEVERE ] setting player 1 freeze to 4
[12:14:28.805] [SEVERE ] setting player 1 freeze to 0
[12:14:28.805] [SEVERE ] removing player 1 token from slot 5
[12:14:28.805] [SEVERE ] removing player 3 token from slot 1
[12:14:28.805] [SEVERE ] player 3 placing token on slot 6
[12:14:28.805] [SEVERE ] setting player 3 freeze to 4
[12:14:28.805] [SEVERE ] player 1 placing token on slot 11
[12:14:28.806] [SEVERE ] setting player 1 freeze to 4
[12:14:28.810] [SEVERE ] setting player 3 freeze to 0
[12:14:28.810] [SEVERE ] setting player 1 freeze to 0
[12:14:28.810] [SEVERE ] removing player 1 token from slot 11
[12:14:28.810] [SEVERE ] player 1 placing token on slot 3
[12:14:28.810] [SEVERE ] setting player 1 freeze to 4
[12:14:28.815] [SEVERE ] setting player 1 freeze to 0
[12:14:28.815] [SEVERE ] removing player 2 token from slot 7
[12:14:28.815] [SEVERE ] player 2 placing token on slot 1
[12:14:28.815] [SEVERE ] setting player 2 freeze to 4
[12:14:28.819] [SEVERE ] setting player 2 freeze to 0
[12:14:28.819] [SEVERE ] removing player 2 token from slot 11
[12:14:28.819] [SEVERE ] player 2 placing token on slot 6
[12:14:28.819] [SEVERE ] setting player 2 freeze to 4
[12:14:28.819] [SEVERE ] removing player 4 token from slot 2
[12:14:28.820] [SEVERE ] removing player 4 token from slot 10
[12:14:28.820] [SEVERE ] player 4 placing token on slot 7
[12:14:28.824] [SEVERE ] setting player 2 freeze to 0
[12:14:28.824] [SEVERE ] removing player 2 token from slot 2
[12:14:28.824] [SEVERE ] player 2 placing token on slot 3
[12:14:28.824] [SEVERE ] setting player 2 freeze to 4
[12:14:28.824] [SEVERE ] removing player 1 token from slot 3
[12:14:28.824] [SEVERE ] player 1 placing token on slot 11
[12:14:28.824] [SEVERE ] setting player 1 freeze to 4
[12:14:28.829] [SEVERE ] setting player 2 freeze to 0
[12:14:28.829] [SEVERE ] setting player 1 freeze to 0
[12:14:28.829] [SEVERE ] removing player 1 token from slot 7
[12:14:28.829] [SEVERE ] player 1 placing token on slot 8
[12:14:28.829] [SEVERE ] setting player 1 freeze to 4
[12:14:28.829] [SEVERE ] removing player 2 token from slot 3
[12:14:28.829] [SEVERE ] player 2 placing token on slot 11
[12:14:28.829] [SEVERE ] setting player 2 freeze to 4
[12:14:28.829] [SEVERE ] player 4 placing token on slot 2
[12:14:28.829] [SEVERE ] setting player 4 freeze to 4
[12:14:28.834] [SEVERE ] setting player 4 freeze to 0
[12:14:28.834] [SEVERE ] setting player 2 freeze to 0
[12:14:28.834] [SEVERE ] setting player 1 freeze to 0
[12:14:28.834] [SEVERE ] removing player 2 token from slot 6
[12:14:28.834] [SEVERE ] player 2 placing token on slot 8
[12:14:28.834] [SEVERE ] setting player 2 freeze to 4
[12:14:28.840] [SEVERE ] setting player 2 freeze to 0
[12:14:28.840] [SEVERE ] removing player 2 token from slot 8
[12:14:28.840] [SEVERE ] player 2 placing token on slot 3
[12:14:28.840] [SEVERE ] setting player 2 freeze to 4
[12:14:28.844] [SEVERE ] setting player 2 freeze to 0
[12:14:28.844] [SEVERE ] removing player 2 token from slot 1
[12:14:28.844] [SEVERE ] removing player 2 token from slot 11
[12:14:28.844] [SEVERE ] removing player 2 token from slot 3
[12:14:28.844] [SEVERE ] player 2 placing token on slot 1
[12:14:28.844] [SEVERE ] player 2 placing token on slot 11
[12:14:28.844] [SEVERE ] player 2 placing token on slot 3
[12:14:28.844] [SEVERE ] setting player 2 freeze to 4
[12:14:28.850] [SEVERE ] setting player 2 freeze to 0
[12:14:28.850] [SEVERE ] removing player 2 token from slot 1
[12:14:28.850] [SEVERE ] player 2 placing token on slot 6
[12:14:28.850] [SEVERE ] setting player 2 freeze to 4
[12:14:28.854] [SEVERE ] setting player 2 freeze to 0
[12:14:28.854] [SEVERE ] removing player 2 token from slot 6
[12:14:28.854] [SEVERE ] removing player 2 token from slot 11
[12:14:28.854] [SEVERE ] removing player 1 token from slot 0
[12:14:28.854] [SEVERE ] player 1 placing token on slot 10
[12:14:28.854] [SEVERE ] setting player 1 freeze to 4
[12:14:28.859] [SEVERE ] setting player 1 freeze to 0
[12:14:28.859] [SEVERE ] removing player 1 token from slot 11
[12:14:28.859] [SEVERE ] player 1 placing token on slot 6
[12:14:28.859] [SEVERE ] setting player 1 freeze to 4
[12:14:28.864] [SEVERE ] setting player 1 freeze to 0
[12:14:28.864] [SEVERE ] removing player 1 token from slot 6
[12:14:28.864] [SEVERE ] player 1 placing token on slot 9
[12:14:28.864] [SEVERE ] setting player 1 freeze to 4
[12:14:28.868] [SEVERE ] setting player 1 freeze to 0
[12:14:28.868] [SEVERE ] removing player 4 token from slot 7
[12:14:28.868] [SEVERE ] player 4 placing token on slot 10
[12:14:28.868] [SEVERE ] setting player 4 freeze to 4
[12:14:28.873] [SEVERE ] setting player 4 freeze to 0
[12:14:28.873] [SEVERE ] removing player 4 token from slot 10
[12:14:28.873] [SEVERE ] removing player 4 token from slot 2
[12:14:28.873] [SEVERE ] player 4 placing token on slot 4
[12:14:28.873] [SEVERE ] player 2 placing token on slot 8
[12:14:28.873] [SEVERE ] player 2 placing token on slot 6
[12:14:28.873] [SEVERE ] setting player 2 freeze to 4
[12:14:28.877] [SEVERE ] setting player 2 freeze to 0
[12:14:28.877] [SEVERE ] removing player 2 token from slot 8
[12:14:28.877] [SEVERE ] player 2 placing token on slot 10
[12:14:28.877] [SEVERE ] setting player 2 freeze to 4
[12:14:28.877] [SEVERE ] removing player 3 token from slot 11
[12:14:28.877] [SEVERE ] removing player 3 token from slot 0
[12:14:28.882] [SEVERE ] setting player 2 freeze to 0
[12:14:28.882] [SEVERE ] removing player 2 token from slot 3
[12:14:28.882] [SEVERE ] player 2 placing token on slot 9
[12:14:28.882] [SEVERE ] setting player 2 freeze to 4
[12:14:28.882] [SEVERE ] player 4 placing token on slot 10
[12:14:28.882] [SEVERE ] setting player 4 freeze to 4
[12:14:28.887] [SEVERE ] setting player 4 freeze to 0
[12:14:28.887] [SEVERE ] setting player 2 freeze to 0
[12:14:28.887] [SEVERE ] removing player 4 token from slot 10
[12:14:28.887] [SEVERE ] player 4 placing token on slot 5
[12:14:28.887] [SEVERE ] setting player 4 freeze to 4
[12:14:28.891] [SEVERE ] setting player 4 freeze to 0
[12:14:28.891] [SEVERE ] removing player 2 token from slot 9
[12:14:28.891] [SEVERE ] player 2 placing token on slot 0
[12:14:28.891] [SEVERE ] setting player 2 freeze to 4
[12:14:28.896] [SEVERE ] setting player 2 freeze to 0
[12:14:28.896] [SEVERE ] removing player 2 token from slot 6
[12:14:28.896] [SEVERE ] player 2 placing token on slot 4
[12:14:28.896] [SEVERE ] setting player 2 freeze to 4
[12:14:28.902] [SEVERE ] setting player 2 freeze to 0
[12:14:28.902] [SEVERE ] removing player 2 token from slot 10
[12:14:28.902] [SEVERE ] removing player 2 token from slot 4
[12:14:28.902] [SEVERE ] player 2 placing token on slot 1
[12:14:28.902] [SEVERE ] player 3 placing token on slot 5
[12:14:28.902] [SEVERE ] player 3 placing token on slot 11
[12:14:28.902] [SEVERE ] setting player 3 freeze to 4
[12:14:28.911] [SEVERE ] setting player 3 freeze to 0
[12:14:28.911] [SEVERE ] removing player 3 token from slot 5
[12:14:28.911] [SEVERE ] player 3 placing token on slot 9
[12:14:28.911] [SEVERE ] setting player 3 freeze to 4
[12:14:28.918] [SEVERE ] setting player 3 freeze to 0
[12:14:28.918] [SEVERE ] removing player 3 token from slot 6
[12:14:28.918] [SEVERE ] player 3 placing token on slot 0
[12:14:28.918] [SEVERE ] setting player 3 freeze to 4
[12:14:28.925] [SEVERE ] setting player 3 freeze to 0
[12:14:28.925] [SEVERE ] player 2 placing token on slot 10
[12:14:28.925] [SEVERE ] setting player 2 freeze to 4
[12:14:28.931] [SEVERE ] setting player 2 freeze to 0
[12:14:28.931] [SEVERE ] removing player 2 token from slot 0
[12:14:28.931] [SEVERE ] player 2 placing token on slot 9
[12:14:28.931] [SEVERE ] setting player 2 freeze to 4
[12:14:28.931] [SEVERE ] removing player 4 token from slot 9
[12:14:28.932] [SEVERE ] player 4 placing token on slot 10
[12:14:28.932] [SEVERE ] removing player 1 token from slot 8
[12:14:28.932] [SEVERE ] removing player 1 token from slot 9
[12:14:28.932] [SEVERE ] setting player 4 freeze to 4
[12:14:28.936] [SEVERE ] setting player 4 freeze to 0
[12:14:28.936] [SEVERE ] setting player 2 freeze to 0
[12:14:28.936] [SEVERE ] removing player 4 token from slot 5
[12:14:28.936] [SEVERE ] removing player 2 token from slot 1
[12:14:28.936] [SEVERE ] removing player 2 token from slot 9
[12:14:28.936] [SEVERE ] player 2 placing token on slot 0
[12:14:28.936] [SEVERE ] player 2 placing token on slot 1
[12:14:28.936] [SEVERE ] setting player 2 freeze to 4
[12:14:28.943] [SEVERE ] setting player 2 freeze to 0
[12:14:28.943] [SEVERE ] removing player 2 token from slot 1
[12:14:28.943] [SEVERE ] player 2 placing token on slot 3
[12:14:28.943] [SEVERE ] setting player 2 freeze to 4
[12:14:28.943] [SEVERE ] removing player 3 token from slot 9
[12:14:28.944] [SEVERE ] player 3 placing token on slot 8
[12:14:28.944] [SEVERE ] player 4 placing token on slot 1
[12:14:28.944] [SEVERE ] setting player 3 freeze to 4
[12:14:28.944] [SEVERE ] setting player 4 freeze to 4
[12:14:28.948] [SEVERE ] setting player 3 freeze to 0
[12:14:28.948] [SEVERE ] setting player 4 freeze to 0
[12:14:28.948] [SEVERE ] setting player 2 freeze to 0
[12:14:28.948] [SEVERE ] player 1 placing token on slot 11
[12:14:28.948] [SEVERE ] player 1 placing token on slot 8
[12:14:28.948] [SEVERE ] setting player 1 freeze to 4
[12:14:28.953] [SEVERE ] setting player 1 freeze to 0
[12:14:28.953] [SEVERE ] removing player 4 token from slot 4
[12:14:28.953] [SEVERE ] player 4 placing token on slot 11
[12:14:28.953] [SEVERE ] setting player 4 freeze to 4
[12:14:28.957] [SEVERE ] setting player 4 freeze to 0
[12:14:28.957] [SEVERE ] removing player 4 token from slot 10
[12:14:28.957] [SEVERE ] player 4 placing token on slot 4
[12:14:28.957] [SEVERE ] setting player 4 freeze to 4
[12:14:28.962] [SEVERE ] setting player 4 freeze to 0
[12:14:28.962] [SEVERE ] removing player 4 token from slot 4
[12:14:28.962] [SEVERE ] player 4 placing token on slot 10
[12:14:28.962] [SEVERE ] setting player 4 freeze to 4
[12:14:28.962] [SEVERE ] removing player 3 token from slot 8
[12:14:28.962] [SEVERE ] removing player 2 token from slot 0
[12:14:28.962] [SEVERE ] removing player 2 token from slot 10
[12:14:28.962] [SEVERE ] player 2 placing token on slot 1
[12:14:28.962] [SEVERE ] player 3 placing token on slot 6
[12:14:28.962] [SEVERE ] setting player 3 freeze to 4
[12:14:28.966] [SEVERE ] setting player 3 freeze to 0
[12:14:28.966] [SEVERE ] setting player 4 freeze to 0
[12:14:28.966] [SEVERE ] removing player 3 token from slot 0
[12:14:28.966] [SEVERE ] player 3 placing token on slot 7
[12:14:28.966] [SEVERE ] setting player 3 freeze to 4
[12:14:28.972] [SEVERE ] setting player 3 freeze to 0
[12:14:28.972] [SEVERE ] removing player 3 token from slot 11
[12:14:28.972] [SEVERE ] player 3 placing token on slot 9
[12:14:28.972] [SEVERE ] setting player 3 freeze to 4
[12:14:28.976] [SEVERE ] setting player 3 freeze to 0
[12:14:28.976] [SEVERE ] removing player 3 token from slot 6
[12:14:28.976] [SEVERE ] player 3 placing token on slot 4
[12:14:28.976] [SEVERE ] setting player 3 freeze to 4
[12:14:28.977] [SEVERE ] removing player 1 token from slot 11
[12:14:28.977] [SEVERE ] removing player 1 token from slot 10
[12:14:28.977] [SEVERE ] player 1 placing token on slot 6
[12:14:28.977] [SEVERE ] player 1 placing token on slot 11
[12:14:28.977] [SEVERE ] setting player 1 freeze to 4
[12:14:28.982] [SEVERE ] setting player 1 freeze to 0
[12:14:28.982] [SEVERE ] setting player 3 freeze to 0
[12:14:28.982] [SEVERE ] removing player 1 token from slot 6
[12:14:28.982] [SEVERE ] player 1 placing token on slot 7
[12:14:28.982] [SEVERE ] setting player 1 freeze to 4
[12:14:28.987] [SEVERE ] setting player 1 freeze to 0
[12:14:28.987] [SEVERE ] removing player 1 token from slot 7
[12:14:28.987] [SEVERE ] removing player 4 token from slot 11
[12:14:28.987] [SEVERE ] player 2 placing token on slot 0
[12:14:28.987] [SEVERE ] setting player 2 freeze to 4
[12:14:28.992] [SEVERE ] setting player 2 freeze to 0
[12:14:28.992] [SEVERE ] removing player 2 token from slot 3
[12:14:28.992] [SEVERE ] player 2 placing token on slot 6
[12:14:28.992] [SEVERE ] setting player 2 freeze to 4
[12:14:28.997] [SEVERE ] setting player 2 freeze to 0
[12:14:28.997] [SEVERE ] removing player 2 token from slot 0
[12:14:28.997] [SEVERE ] player 2 placing token on slot 9
[12:14:28.997] [SEVERE ] setting player 2 freeze to 4
[12:14:29.002] [SEVERE ] setting player 2 freeze to 0
[12:14:29.002] [SEVERE ] removing player 2 token from slot 9
[12:14:29.002] [SEVERE ] player 2 placing token on slot 3
[12:14:29.002] [SEVERE ] setting player 2 freeze to 4
[12:14:29.007] [SEVERE ] setting player 2 freeze to 0
[12:14:29.007] [SEVERE ] removing player 2 token from slot 6
[12:14:29.007] [SEVERE ] removing player 2 token from slot 1
[12:14:29.007] [SEVERE ] player 2 placing token on slot 4
[12:14:29.007] [SEVERE ] player 2 placing token on slot 6
[12:14:29.007] [SEVERE ] setting player 2 freeze to 4
[12:14:29.013] [SEVERE ] setting player 2 freeze to 0
[12:14:29.013] [SEVERE ] removing player 2 token from slot 3
[12:14:29.013] [SEVERE ] player 2 placing token on slot 10
[12:14:29.013] [SEVERE ] setting player 2 freeze to 4
[12:14:29.019] [SEVERE ] setting player 2 freeze to 0
[12:14:29.019] [SEVERE ] removing player 2 token from slot 4
[12:14:29.019] [SEVERE ] player 2 placing token on slot 11
[12:14:29.019] [SEVERE ] setting player 2 freeze to 4
[12:14:29.024] [SEVERE ] setting player 2 freeze to 0
[12:14:29.024] [SEVERE ] removing player 2 token from slot 10
[12:14:29.024] [SEVERE ] player 2 placing token on slot 8
[12:14:29.024] [SEVERE ] setting player 2 freeze to 4
[12:14:29.029] [SEVERE ] setting player 2 freeze to 0
[12:14:29.029] [SEVERE ] removing player 2 token from slot 11
[12:14:29.029] [SEVERE ] player 2 placing token on slot 2
[12:14:29.029] [SEVERE ] setting player 2 freeze to 4
[12:14:29.034] [SEVERE ] setting player 2 freeze to 0
[12:14:29.034] [SEVERE ] removing player 2 token from slot 8
[12:14:29.034] [SEVERE ] player 2 placing token on slot 9
[12:14:29.034] [SEVERE ] setting player 2 freeze to 4
[12:14:29.034] [SEVERE ] player 4 placing token on slot 2
[12:14:29.035] [SEVERE ] setting player 4 freeze to 4
[12:14:29.039] [SEVERE ] setting player 2 freeze to 0
[12:14:29.039] [SEVERE ] setting player 4 freeze to 0
[12:14:29.039] [SEVERE ] removing player 4 token from slot 10
[12:14:29.039] [SEVERE ] player 4 placing token on slot 4
[12:14:29.039] [SEVERE ] setting player 4 freeze to 4
[12:14:29.039] [SEVERE ] player 1 placing token on slot 1
[12:14:29.039] [SEVERE ] setting player 1 freeze to 4
[12:14:29.043] [SEVERE ] setting player 1 freeze to 0
[12:14:29.043] [SEVERE ] setting player 4 freeze to 0
[12:14:29.043] [SEVERE ] removing player 3 token from slot 9
[12:14:29.043] [SEVERE ] player 3 placing token on slot 2
[12:14:29.043] [SEVERE ] setting player 3 freeze to 4
[12:14:29.048] [SEVERE ] setting player 3 freeze to 0
[12:14:29.048] [SEVERE ] removing player 4 token from slot 4
[12:14:29.048] [SEVERE ] removing player 4 token from slot 2
[12:14:29.048] [SEVERE ] player 4 placing token on slot 10
[12:14:29.048] [SEVERE ] player 4 placing token on slot 4
[12:14:29.048] [SEVERE ] setting player 4 freeze to 4
[12:14:29.054] [SEVERE ] setting player 4 freeze to 0
[12:14:29.054] [SEVERE ] removing player 3 token from slot 4
[12:14:29.054] [SEVERE ] player 3 placing token on slot 1
[12:14:29.054] [SEVERE ] setting player 3 freeze to 4
[12:14:29.058] [SEVERE ] setting player 3 freeze to 0
[12:14:29.058] [SEVERE ] removing player 3 token from slot 2
[12:14:29.058] [SEVERE ] player 3 placing token on slot 5
[12:14:29.058] [SEVERE ] setting player 3 freeze to 4
[12:14:29.063] [SEVERE ] setting player 3 freeze to 0
[12:14:29.063] [SEVERE ] removing player 3 token from slot 1
[12:14:29.063] [SEVERE ] player 3 placing token on slot 2
[12:14:29.063] [SEVERE ] setting player 3 freeze to 4
[12:14:29.068] [SEVERE ] setting player 3 freeze to 0
[12:14:29.068] [SEVERE ] removing player 2 token from slot 2
[12:14:29.068] [SEVERE ] removing player 2 token from slot 6
[12:14:29.068] [SEVERE ] player 2 placing token on slot 0
[12:14:29.068] [SEVERE ] player 2 placing token on slot 2
[12:14:29.068] [SEVERE ] setting player 2 freeze to 4
[12:14:29.073] [SEVERE ] setting player 2 freeze to 0
[12:14:29.073] [SEVERE ] removing player 4 token from slot 10
[12:14:29.073] [SEVERE ] player 4 placing token on slot 3
[12:14:29.073] [SEVERE ] setting player 4 freeze to 4
[12:14:29.078] [SEVERE ] setting player 4 freeze to 0
[12:14:29.078] [SEVERE ] removing player 1 token from slot 1
[12:14:29.078] [SEVERE ] player 1 placing token on slot 4
[12:14:29.078] [SEVERE ] setting player 1 freeze to 4
[12:14:29.085] [SEVERE ] setting player 1 freeze to 0
[12:14:29.085] [SEVERE ] removing player 1 token from slot 11
[12:14:29.085] [SEVERE ] player 1 placing token on slot 10
[12:14:29.085] [SEVERE ] setting player 1 freeze to 4
[12:14:29.090] [SEVERE ] setting player 1 freeze to 0
[12:14:29.090] [SEVERE ] removing player 1 token from slot 4
[12:14:29.090] [SEVERE ] removing player 1 token from slot 8
[12:14:29.090] [SEVERE ] player 1 placing token on slot 3
[12:14:29.090] [SEVERE ] player 1 placing token on slot 4
[12:14:29.090] [SEVERE ] setting player 1 freeze to 4
[12:14:29.095] [SEVERE ] setting player 1 freeze to 0
[12:14:29.095] [SEVERE ] removing player 1 token from slot 10
[12:14:29.095] [SEVERE ] player 1 placing token on slot 5
[12:14:29.095] [SEVERE ] setting player 1 freeze to 4
[12:14:29.100] [SEVERE ] setting player 1 freeze to 0
[12:14:29.100] [SEVERE ] removing player 2 token from slot 0
[12:14:29.100] [SEVERE ] player 2 placing token on slot 4
[12:14:29.100] [SEVERE ] setting player 2 freeze to 4
[12:14:29.105] [SEVERE ] setting player 2 freeze to 0
[12:14:29.105] [SEVERE ] removing player 2 token from slot 9
[12:14:29.105] [SEVERE ] removing player 1 token from slot 5
[12:14:29.105] [SEVERE ] player 1 placing token on slot 7
[12:14:29.105] [SEVERE ] setting player 1 freeze to 4
[12:14:29.110] [SEVERE ] setting player 1 freeze to 0
[12:14:29.110] [SEVERE ] removing player 1 token from slot 4
[12:14:29.110] [SEVERE ] player 1 placing token on slot 0
[12:14:29.110] [SEVERE ] setting player 1 freeze to 4
[12:14:29.114] [SEVERE ] setting player 1 freeze to 0
[12:14:29.114] [SEVERE ] removing player 1 token from slot 0
[12:14:29.114] [SEVERE ] player 1 placing token on slot 2
[12:14:29.114] [SEVERE ] setting player 1 freeze to 4
[12:14:29.119] [SEVERE ] setting player 1 freeze to 0
[12:14:29.119] [SEVERE ] removing player 1 token from slot 7
[12:14:29.119] [SEVERE ] player 1 placing token on slot 6
[12:14:29.119] [SEVERE ] setting player 1 freeze to 4
[12:14:29.119] [SEVERE ] player 2 placing token on slot 3
[12:14:29.120] [SEVERE ] setting player 2 freeze to 4
[12:14:29.125] [SEVERE ] setting player 2 freeze to 0
[12:14:29.125] [SEVERE ] setting player 1 freeze to 0
[12:14:29.125] [SEVERE ] removing player 2 token from slot 2
[12:14:29.125] [SEVERE ] removing player 2 token from slot 4
[12:14:29.125] [SEVERE ] player 2 placing token on slot 11
[12:14:29.125] [SEVERE ] player 2 placing token on slot 10
[12:14:29.125] [SEVERE ] setting player 2 freeze to 4
[12:14:29.129] [SEVERE ] setting player 2 freeze to 0
[12:14:29.129] [SEVERE ] removing player 1 token from slot 6
[12:14:29.129] [SEVERE ] removing player 1 token from slot 3
[12:14:29.129] [SEVERE ] player 1 placing token on slot 1
[12:14:29.129] [SEVERE ] player 1 placing token on slot 6
[12:14:29.129] [SEVERE ] setting player 1 freeze to 4
[12:14:29.134] [SEVERE ] setting player 1 freeze to 0
[12:14:29.134] [SEVERE ] removing player 1 token from slot 6
[12:14:29.134] [SEVERE ] player 1 placing token on slot 4
[12:14:29.134] [SEVERE ] setting player 1 freeze to 4
[12:14:29.139] [SEVERE ] setting player 1 freeze to 0
[12:14:29.139] [SEVERE ] removing player 1 token from slot 4
[12:14:29.139] [SEVERE ] player 1 placing token on slot 3
[12:14:29.139] [SEVERE ] setting player 1 freeze to 4
[12:14:29.144] [SEVERE ] setting player 1 freeze to 0
[12:14:29.144] [SEVERE ] removing player 1 token from slot 2
[12:14:29.144] [SEVERE ] player 1 placing token on slot 0
[12:14:29.144] [SEVERE ] setting player 1 freeze to 4
[12:14:29.148] [SEVERE ] setting player 1 freeze to 0
[12:14:29.148] [SEVERE ] removing player 1 token from slot 1
[12:14:29.148] [SEVERE ] player 1 placing token on slot 8
[12:14:29.148] [SEVERE ] setting player 1 freeze to 4
[12:14:29.148] [SEVERE ] removing player 3 token from slot 2
[12:14:29.149] [SEVERE ] player 3 placing token on slot 1
[12:14:29.149] [SEVERE ] setting player 3 freeze to 4
[12:14:29.153] [SEVERE ] setting player 1 freeze to 0
[12:14:29.153] [SEVERE ] setting player 3 freeze to 0
[12:14:29.153] [SEVERE ] removing player 4 token from slot 3
[12:14:29.153] [SEVERE ] player 4 placing token on slot 7
[12:14:29.153] [SEVERE ] setting player 4 freeze to 4
[12:14:29.157] [SEVERE ] setting player 4 freeze to 0
[12:14:29.157] [SEVERE ] removing player 4 token from slot 4
[12:14:29.157] [SEVERE ] player 4 placing token on slot 0
[12:14:29.157] [SEVERE ] setting player 4 freeze to 4
[12:14:29.162] [SEVERE ] setting player 4 freeze to 0
[12:14:29.162] [SEVERE ] removing player 4 token from slot 0
[12:14:29.162] [SEVERE ] removing player 4 token from slot 1
[12:14:29.162] [SEVERE ] player 4 placing token on slot 8
[12:14:29.162] [SEVERE ] removing player 1 token from slot 8
[12:14:29.162] [SEVERE ] player 1 placing token on slot 6
[12:14:29.162] [SEVERE ] setting player 1 freeze to 4
[12:14:29.166] [SEVERE ] setting player 1 freeze to 0
[12:14:29.166] [SEVERE ] removing player 2 token from slot 11
[12:14:29.166] [SEVERE ] player 2 placing token on slot 5
[12:14:29.166] [SEVERE ] setting player 2 freeze to 4
[12:14:29.171] [SEVERE ] setting player 2 freeze to 0
[12:14:29.171] [SEVERE ] removing player 2 token from slot 3
[12:14:29.171] [SEVERE ] player 2 placing token on slot 11
[12:14:29.171] [SEVERE ] setting player 2 freeze to 4
[12:14:29.176] [SEVERE ] setting player 2 freeze to 0
[12:14:29.176] [SEVERE ] removing player 2 token from slot 5
[12:14:29.176] [SEVERE ] player 2 placing token on slot 7
[12:14:29.176] [SEVERE ] setting player 2 freeze to 4
[12:14:29.181] [SEVERE ] setting player 2 freeze to 0
[12:14:29.181] [SEVERE ] removing player 2 token from slot 10
[12:14:29.181] [SEVERE ] player 2 placing token on slot 3
[12:14:29.181] [SEVERE ] setting player 2 freeze to 4
[12:14:29.186] [SEVERE ] setting player 2 freeze to 0
[12:14:29.186] [SEVERE ] removing player 1 token from slot 0
[12:14:29.186] [SEVERE ] player 1 placing token on slot 8
[12:14:29.186] [SEVERE ] setting player 1 freeze to 4
[12:14:29.186] [SEVERE ] player 4 placing token on slot 0
[12:14:29.186] [SEVERE ] setting player 4 freeze to 4
[12:14:29.191] [SEVERE ] setting player 4 freeze to 0
[12:14:29.191] [SEVERE ] setting player 1 freeze to 0
[12:14:29.191] [SEVERE ] removing player 4 token from slot 7
[12:14:29.191] [SEVERE ] player 4 placing token on slot 5
[12:14:29.191] [SEVERE ] setting player 4 freeze to 4
[12:14:29.196] [SEVERE ] setting player 4 freeze to 0
[12:14:29.196] [SEVERE ] removing player 4 token from slot 8
[12:14:29.196] [SEVERE ] player 4 placing token on slot 1
[12:14:29.196] [SEVERE ] setting player 4 freeze to 4
[12:14:29.200] [SEVERE ] setting player 4 freeze to 0
[12:14:29.200] [SEVERE ] removing player 4 token from slot 5
[12:14:29.200] [SEVERE ] player 4 placing token on slot 7
[12:14:29.200] [SEVERE ] setting player 4 freeze to 4
[12:14:29.205] [SEVERE ] setting player 4 freeze to 0
[12:14:29.205] [SEVERE ] removing player 4 token from slot 7
[12:14:29.205] [SEVERE ] player 4 placing token on slot 11
[12:14:29.205] [SEVERE ] setting player 4 freeze to 4
[12:14:29.210] [SEVERE ] setting player 4 freeze to 0
[12:14:29.210] [SEVERE ] removing player 3 token from slot 1
[12:14:29.210] [SEVERE ] player 3 placing token on slot 3
[12:14:29.210] [SEVERE ] setting player 3 freeze to 4
[12:14:29.214] [SEVERE ] setting player 3 freeze to 0
[12:14:29.214] [SEVERE ] removing player 3 token from slot 7
[12:14:29.214] [SEVERE ] removing player 3 token from slot 5
[12:14:29.214] [SEVERE ] player 3 placing token on slot 10
[12:14:29.214] [SEVERE ] player 3 placing token on slot 7
[12:14:29.214] [SEVERE ] setting player 3 freeze to 4
[12:14:29.219] [SEVERE ] setting player 3 freeze to 0
[12:14:29.219] [SEVERE ] removing player 3 token from slot 3
[12:14:29.219] [SEVERE ] player 3 placing token on slot 8
[12:14:29.219] [SEVERE ] setting player 3 freeze to 4
[12:14:29.224] [SEVERE ] setting player 3 freeze to 0
[12:14:29.224] [SEVERE ] removing player 3 token from slot 7
[12:14:29.224] [SEVERE ] removing player 3 token from slot 8
[12:14:29.224] [SEVERE ] player 3 placing token on slot 2
[12:14:29.224] [SEVERE ] removing player 1 token from slot 6
[12:14:29.224] [SEVERE ] removing player 1 token from slot 3
[12:14:29.224] [SEVERE ] player 3 placing token on slot 7
[12:14:29.224] [SEVERE ] setting player 3 freeze to 4
[12:14:29.229] [SEVERE ] setting player 3 freeze to 0
[12:14:29.229] [SEVERE ] removing player 3 token from slot 10
[12:14:29.229] [SEVERE ] player 3 placing token on slot 6
[12:14:29.229] [SEVERE ] setting player 3 freeze to 4
[12:14:29.233] [SEVERE ] setting player 3 freeze to 0
[12:14:29.233] [SEVERE ] removing player 3 token from slot 7
[12:14:29.233] [SEVERE ] player 3 placing token on slot 1
[12:14:29.233] [SEVERE ] setting player 3 freeze to 4
[12:14:29.233] [SEVERE ] removing player 2 token from slot 11
[12:14:29.234] [SEVERE ] player 2 placing token on slot 0
[12:14:29.234] [SEVERE ] setting player 2 freeze to 4
[12:14:29.239] [SEVERE ] setting player 2 freeze to 0
[12:14:29.239] [SEVERE ] setting player 3 freeze to 0
[12:14:29.239] [SEVERE ] removing player 3 token from slot 2
[12:14:29.239] [SEVERE ] player 3 placing token on slot 5
[12:14:29.239] [SEVERE ] setting player 3 freeze to 4
[12:14:29.239] [SEVERE ] player 1 placing token on slot 1
[12:14:29.239] [SEVERE ] player 1 placing token on slot 6
[12:14:29.239] [SEVERE ] setting player 1 freeze to 4
[12:14:29.243] [SEVERE ] setting player 1 freeze to 0
[12:14:29.243] [SEVERE ] setting player 3 freeze to 0
[12:14:29.243] [SEVERE ] removing player 1 token from slot 6
[12:14:29.243] [SEVERE ] removing player 1 token from slot 1
[12:14:29.243] [SEVERE ] player 1 placing token on slot 4
[12:14:29.243] [SEVERE ] player 1 placing token on slot 6
[12:14:29.243] [SEVERE ] setting player 1 freeze to 4
[12:14:29.248] [SEVERE ] setting player 1 freeze to 0
[12:14:29.248] [SEVERE ] removing player 1 token from slot 6
[12:14:29.248] [SEVERE ] player 1 placing token on slot 1
[12:14:29.248] [SEVERE ] setting player 1 freeze to 4
[12:14:29.252] [SEVERE ] setting player 1 freeze to 0
[12:14:29.252] [SEVERE ] removing player 1 token from slot 8
[12:14:29.252] [SEVERE ] player 1 placing token on slot 7
[12:14:29.252] [SEVERE ] setting player 1 freeze to 4
[12:14:29.256] [SEVERE ] setting player 1 freeze to 0
[12:14:29.256] [SEVERE ] removing player 1 token from slot 1
[12:14:29.256] [SEVERE ] player 1 placing token on slot 10
[12:14:29.256] [SEVERE ] setting player 1 freeze to 4
[12:14:29.261] [SEVERE ] setting player 1 freeze to 0
[12:14:29.261] [SEVERE ] removing player 3 token from slot 1
[12:14:29.261] [SEVERE ] player 3 placing token on slot 8
[12:14:29.261] [SEVERE ] removing player 1 token from slot 10
[12:14:29.261] [SEVERE ] player 1 placing token on slot 6
[12:14:29.261] [SEVERE ] setting player 3 freeze to 4
[12:14:29.261] [SEVERE ] setting player 1 freeze to 4
[12:14:29.266] [SEVERE ] setting player 3 freeze to 0
[12:14:29.266] [SEVERE ] setting player 1 freeze to 0
[12:14:29.266] [SEVERE ] removing player 1 token from slot 6
[12:14:29.266] [SEVERE ] removing player 1 token from slot 4
[12:14:29.266] [SEVERE ] player 1 placing token on slot 1
[12:14:29.266] [SEVERE ] player 1 placing token on slot 6
[12:14:29.266] [SEVERE ] setting player 1 freeze to 4
[12:14:29.271] [SEVERE ] setting player 1 freeze to 0
[12:14:29.271] [SEVERE ] removing player 1 token from slot 1
[12:14:29.271] [SEVERE ] player 1 placing token on slot 10
[12:14:29.271] [SEVERE ] setting player 1 freeze to 4
[12:14:29.271] [SEVERE ] removing player 4 token from slot 11
[12:14:29.271] [SEVERE ] player 4 placing token on slot 9
[12:14:29.271] [SEVERE ] setting player 4 freeze to 4
[12:14:29.276] [SEVERE ] setting player 1 freeze to 0
[12:14:29.276] [SEVERE ] setting player 4 freeze to 0
[12:14:29.276] [SEVERE ] removing player 4 token from slot 9
[12:14:29.276] [SEVERE ] removing player 4 token from slot 0
[12:14:29.276] [SEVERE ] player 4 placing token on slot 11
[12:14:29.276] [SEVERE ] removing player 1 token from slot 7
[12:14:29.276] [SEVERE ] player 1 placing token on slot 0
[12:14:29.276] [SEVERE ] setting player 1 freeze to 4
[12:14:29.276] [SEVERE ] removing player 3 token from slot 8
[12:14:29.276] [SEVERE ] player 3 placing token on slot 4
[12:14:29.276] [SEVERE ] setting player 3 freeze to 4
[12:14:29.280] [SEVERE ] setting player 1 freeze to 0
[12:14:29.280] [SEVERE ] setting player 3 freeze to 0
[12:14:29.280] [SEVERE ] removing player 1 token from slot 10
[12:14:29.280] [SEVERE ] player 4 placing token on slot 9
[12:14:29.280] [SEVERE ] setting player 4 freeze to 4
[12:14:29.280] [SEVERE ] player 1 placing token on slot 5
[12:14:29.281] [SEVERE ] setting player 1 freeze to 4
[12:14:29.286] [SEVERE ] setting player 4 freeze to 0
[12:14:29.286] [SEVERE ] setting player 1 freeze to 0
[12:14:29.286] [SEVERE ] removing player 1 token from slot 5
[12:14:29.286] [SEVERE ] removing player 1 token from slot 0
[12:14:29.286] [SEVERE ] player 1 placing token on slot 2
[12:14:29.286] [SEVERE ] player 1 placing token on slot 5
[12:14:29.286] [SEVERE ] setting player 1 freeze to 4
[12:14:29.294] [SEVERE ] setting player 1 freeze to 0
[12:14:29.294] [SEVERE ] removing player 1 token from slot 5
[12:14:29.294] [SEVERE ] removing player 1 token from slot 6
[12:14:29.294] [SEVERE ] player 1 placing token on slot 7
[12:14:29.294] [SEVERE ] player 1 placing token on slot 5
[12:14:29.294] [SEVERE ] setting player 1 freeze to 4
[12:14:29.298] [SEVERE ] setting player 1 freeze to 0
[12:14:29.298] [SEVERE ] removing player 1 token from slot 5
[12:14:29.298] [SEVERE ] player 1 placing token on slot 0
[12:14:29.298] [SEVERE ] setting player 1 freeze to 4
[12:14:29.304] [SEVERE ] setting player 1 freeze to 0
[12:14:29.304] [SEVERE ] removing player 1 token from slot 0
[12:14:29.304] [SEVERE ] removing player 3 token from slot 4
[12:14:29.304] [SEVERE ] player 3 placing token on slot 7
[12:14:29.304] [SEVERE ] setting player 3 freeze to 4
[12:14:29.309] [SEVERE ] setting player 3 freeze to 0
[12:14:29.309] [SEVERE ] removing player 3 token from slot 5
[12:14:29.309] [SEVERE ] player 3 placing token on slot 11
[12:14:29.309] [SEVERE ] setting player 3 freeze to 4
[12:14:29.313] [SEVERE ] setting player 3 freeze to 0
[12:14:29.313] [SEVERE ] removing player 3 token from slot 7
[12:14:29.313] [SEVERE ] player 3 placing token on slot 0
[12:14:29.313] [SEVERE ] setting player 3 freeze to 4
[12:14:29.313] [SEVERE ] removing player 4 token from slot 9
[12:14:29.314] [SEVERE ] removing player 4 token from slot 1
[12:14:29.314] [SEVERE ] player 4 placing token on slot 0
[12:14:29.314] [SEVERE ] player 1 placing token on slot 4
[12:14:29.314] [SEVERE ] setting player 1 freeze to 4
[12:14:29.318] [SEVERE ] setting player 1 freeze to 0
[12:14:29.318] [SEVERE ] setting player 3 freeze to 0
[12:14:29.318] [SEVERE ] removing player 1 token from slot 4
[12:14:29.318] [SEVERE ] player 1 placing token on slot 8
[12:14:29.318] [SEVERE ] setting player 1 freeze to 4
[12:14:29.318] [SEVERE ] player 4 placing token on slot 9
[12:14:29.318] [SEVERE ] setting player 4 freeze to 4
[12:14:29.323] [SEVERE ] setting player 4 freeze to 0
[12:14:29.323] [SEVERE ] setting player 1 freeze to 0
[12:14:29.323] [SEVERE ] removing player 3 token from slot 0
[12:14:29.323] [SEVERE ] player 3 placing token on slot 7
[12:14:29.323] [SEVERE ] setting player 3 freeze to 4
[12:14:29.327] [SEVERE ] setting player 3 freeze to 0
[12:14:29.327] [SEVERE ] removing player 3 token from slot 11
[12:14:29.327] [SEVERE ] player 3 placing token on slot 8
[12:14:29.327] [SEVERE ] setting player 3 freeze to 4
[12:14:29.333] [SEVERE ] setting player 3 freeze to 0
[12:14:29.333] [SEVERE ] removing player 3 token from slot 7
[12:14:29.333] [SEVERE ] player 3 placing token on slot 10
[12:14:29.333] [SEVERE ] setting player 3 freeze to 4
[12:14:29.333] [SEVERE ] removing player 4 token from slot 0
[12:14:29.333] [SEVERE ] removing player 4 token from slot 11
[12:14:29.333] [SEVERE ] player 4 placing token on slot 4
[12:14:29.333] [SEVERE ] removing player 1 token from slot 2
[12:14:29.333] [SEVERE ] player 1 placing token on slot 0
[12:14:29.333] [SEVERE ] setting player 1 freeze to 4
[12:14:29.333] [SEVERE ] player 4 placing token on slot 0
[12:14:29.333] [SEVERE ] setting player 4 freeze to 4
[12:14:29.338] [SEVERE ] setting player 1 freeze to 0
[12:14:29.338] [SEVERE ] setting player 4 freeze to 0
[12:14:29.338] [SEVERE ] setting player 3 freeze to 0
[12:14:29.338] [SEVERE ] removing player 3 token from slot 8
[12:14:29.338] [SEVERE ] player 3 placing token on slot 11
[12:14:29.338] [SEVERE ] setting player 3 freeze to 4
[12:14:29.342] [SEVERE ] setting player 3 freeze to 0
[12:14:29.342] [SEVERE ] removing player 3 token from slot 11
[12:14:29.342] [SEVERE ] player 3 placing token on slot 3
[12:14:29.342] [SEVERE ] setting player 3 freeze to 4
[12:14:29.347] [SEVERE ] setting player 3 freeze to 0
[12:14:29.347] [SEVERE ] removing player 1 token from slot 7
[12:14:29.347] [SEVERE ] removing player 1 token from slot 8
[12:14:29.347] [SEVERE ] player 1 placing token on slot 1
[12:14:29.347] [SEVERE ] player 1 placing token on slot 7
[12:14:29.347] [SEVERE ] setting player 1 freeze to 4
[12:14:29.352] [SEVERE ] setting player 1 freeze to 0
[12:14:29.352] [SEVERE ] removing player 1 token from slot 1
[12:14:29.352] [SEVERE ] player 1 placing token on slot 4
[12:14:29.352] [SEVERE ] setting player 1 freeze to 4
[12:14:29.352] [SEVERE ] removing player 2 token from slot 0
[12:14:29.352] [SEVERE ] player 2 placing token on slot 10
[12:14:29.352] [SEVERE ] setting player 2 freeze to 4
[12:14:29.357] [SEVERE ] setting player 2 freeze to 0
[12:14:29.357] [SEVERE ] setting player 1 freeze to 0
[12:14:29.357] [SEVERE ] removing player 2 token from slot 10
[12:14:29.357] [SEVERE ] player 2 placing token on slot 2
[12:14:29.357] [SEVERE ] setting player 2 freeze to 4
[12:14:29.361] [SEVERE ] setting player 2 freeze to 0
[12:14:29.361] [SEVERE ] removing player 1 token from slot 0
[12:14:29.361] [SEVERE ] player 1 placing token on slot 5
[12:14:29.361] [SEVERE ] setting player 1 freeze to 4
[12:14:29.367] [SEVERE ] setting player 1 freeze to 0
[12:14:29.367] [SEVERE ] removing player 1 token from slot 4
[12:14:29.367] [SEVERE ] removing player 1 token from slot 7
[12:14:29.367] [SEVERE ] player 1 placing token on slot 11
[12:14:29.367] [SEVERE ] player 1 placing token on slot 4
[12:14:29.367] [SEVERE ] setting player 1 freeze to 4
[12:14:29.372] [SEVERE ] setting player 1 freeze to 0
[12:14:29.372] [SEVERE ] removing player 1 token from slot 11
[12:14:29.372] [SEVERE ] player 1 placing token on slot 3
[12:14:29.372] [SEVERE ] setting player 1 freeze to 4
[12:14:29.377] [SEVERE ] setting player 1 freeze to 0
[12:14:29.377] [SEVERE ] removing player 3 token from slot 3
[12:14:29.377] [SEVERE ] player 3 placing token on slot 5
[12:14:29.377] [SEVERE ] setting player 3 freeze to 4
[12:14:29.382] [SEVERE ] setting player 3 freeze to 0
[12:14:29.382] [SEVERE ] removing player 3 token from slot 6
[12:14:29.382] [SEVERE ] player 3 placing token on slot 9
[12:14:29.382] [SEVERE ] setting player 3 freeze to 4
[12:14:29.387] [SEVERE ] setting player 3 freeze to 0
[12:14:29.395] [SEVERE ] removing player 2 token from slot 2
[12:14:29.395] [SEVERE ] removing card from slot 2
[12:14:29.411] [SEVERE ] removing player 1 token from slot 4
[12:14:29.421] [SEVERE ] removing player 4 token from slot 4
[12:14:29.421] [SEVERE ] removing card from slot 4
[12:14:29.440] [SEVERE ] removing card from slot 8
[12:14:29.444] [SEVERE ] exit button pressed
[12:14:29.444] [INFO   ] Thread player2 terminated.
[12:14:29.444] [INFO   ] Thread computer-1 terminated.
[12:14:29.444] [INFO   ] Thread computer-0 terminated.
[12:14:29.444] [INFO   ] Thread computer-3 terminated.
[12:14:29.444] [INFO   ] Thread player0 terminated.
[12:14:29.444] [INFO   ] Thread player1 terminated.
[12:14:29.444] [INFO   ] Thread player3 terminated.
[12:14:29.456] [SEVERE ] removing card from slot 6
[12:14:29.472] [SEVERE ] removing player 1 token from slot 3
[12:14:29.472] [SEVERE ] removing player 2 token from slot 3
[12:14:29.472] [SEVERE ] removing card from slot 3
[12:14:29.490] [SEVERE ] removing player 2 token from slot 7
[12:14:29.490] [SEVERE ] removing card from slot 7
[12:14:29.507] [SEVERE ] removing card from slot 1
[12:14:29.523] [SEVERE ] removing card from slot 11
[12:14:29.535] [SEVERE ] removing player 3 token from slot 9
[12:14:29.535] [SEVERE ] removing player 4 token from slot 9
[12:14:29.535] [SEVERE ] removing card from slot 9
[12:14:29.552] [SEVERE ] removing player 1 token from slot 5
[12:14:29.552] [SEVERE ] removing player 3 token from slot 5
[12:14:29.552] [SEVERE ] removing card from slot 5
[12:14:29.569] [SEVERE ] removing player 4 token from slot 0
[12:14:29.569] [SEVERE ] removing card from slot 0
[12:14:29.582] [SEVERE ] removing player 3 token from slot 10
[12:14:29.582] [SEVERE ] removing card from slot 10
[12:14:29.582] [SEVERE ] announcing winner(s): player 2
[12:14:29.586] [INFO   ] Thread dealer terminated.
[12:14:29.586] [INFO   ] thread dealer terminated.
[12:14:29.586] [SEVERE ] thanks for playing... it was fun!
[12:14:29.586] [INFO   ] thread main terminated.
