[16:43:16.878] [INFO   ] thread main starting.
[16:43:16.886] [SEVERE ] cannot read configuration file config.properties trying from resources.
[16:43:16.891] [SEVERE ] configuration file was loaded from resources directory.
[16:43:17.473] [INFO   ] thread dealer starting.
[16:43:17.473] [INFO   ] Thread dealer starting.
[16:43:17.473] [INFO   ] Thread player1starting.
[16:43:17.473] [INFO   ] Thread player0starting.
[16:43:17.491] [INFO   ] Thread computer-0 starting.
[16:43:17.491] [INFO   ] Thread computer-1 starting.
[16:43:17.517] [SEVERE ] placing card 39 in slot 2
[16:43:17.546] [SEVERE ] placing card 58 in slot 6
[16:43:17.576] [SEVERE ] placing card 35 in slot 1
[16:43:17.592] [SEVERE ] placing card 43 in slot 10
[16:43:17.609] [SEVERE ] placing card 42 in slot 8
[16:43:17.625] [SEVERE ] placing card 48 in slot 9
[16:43:17.638] [SEVERE ] placing card 20 in slot 3
[16:43:17.650] [SEVERE ] placing card 73 in slot 11
[16:43:17.666] [SEVERE ] placing card 79 in slot 4
[16:43:17.683] [SEVERE ] placing card 45 in slot 5
[16:43:17.699] [SEVERE ] placing card 52 in slot 7
[16:43:17.712] [SEVERE ] placing card 34 in slot 0
[16:43:17.712] [SEVERE ] updating countdown to 100
[16:43:17.712] [SEVERE ] player 1 placing token on slot 1
[16:43:17.712] [SEVERE ] updating countdown to 100
[16:43:17.712] [SEVERE ] player 1 placing token on slot 3
[16:43:17.712] [SEVERE ] player 1 placing token on slot 10
[16:43:17.712] [SEVERE ] setting player 1 freeze to 4
[16:43:17.712] [SEVERE ] player 2 placing token on slot 8
[16:43:17.712] [SEVERE ] player 2 placing token on slot 11
[16:43:17.712] [SEVERE ] player 2 placing token on slot 4
[16:43:17.716] [SEVERE ] setting player 2 freeze to 4
[16:43:18.713] [SEVERE ] setting player 1 freeze to 0
[16:43:18.726] [SEVERE ] setting player 2 freeze to 0
[16:43:18.726] [SEVERE ] removing player 2 token from slot 4
[16:43:18.726] [SEVERE ] player 2 placing token on slot 3
[16:43:18.726] [SEVERE ] setting player 2 freeze to 4
[16:43:18.738] [SEVERE ] removing card from slot 5
[16:43:18.755] [SEVERE ] removing card from slot 9
[16:43:18.771] [SEVERE ] removing card from slot 7
[16:43:18.787] [SEVERE ] removing player 2 token from slot 11
[16:43:18.787] [SEVERE ] removing card from slot 11
[16:43:18.803] [SEVERE ] removing card from slot 0
[16:43:18.816] [SEVERE ] removing card from slot 2
[16:43:18.828] [SEVERE ] removing player 1 token from slot 3
[16:43:18.828] [SEVERE ] removing player 2 token from slot 3
[16:43:18.828] [SEVERE ] removing card from slot 3
[16:43:18.841] [SEVERE ] removing card from slot 6
[16:43:18.857] [SEVERE ] removing player 2 token from slot 8
[16:43:18.857] [SEVERE ] removing card from slot 8
[16:43:18.873] [SEVERE ] removing player 1 token from slot 10
[16:43:18.873] [SEVERE ] removing card from slot 10
[16:43:18.886] [SEVERE ] removing player 1 token from slot 1
[16:43:18.886] [SEVERE ] removing card from slot 1
[16:43:18.899] [SEVERE ] removing card from slot 4
[16:43:18.912] [SEVERE ] placing card 49 in slot 6
[16:43:18.927] [SEVERE ] placing card 11 in slot 4
[16:43:18.944] [SEVERE ] placing card 28 in slot 2
[16:43:18.999] [SEVERE ] placing card 47 in slot 10
[16:43:19.011] [SEVERE ] placing card 65 in slot 9
[16:43:19.028] [SEVERE ] placing card 12 in slot 3
[16:43:19.040] [SEVERE ] placing card 80 in slot 7
[16:43:19.057] [SEVERE ] placing card 30 in slot 0
[16:43:19.073] [SEVERE ] placing card 26 in slot 11
[16:43:19.090] [SEVERE ] placing card 1 in slot 1
[16:43:19.102] [SEVERE ] placing card 27 in slot 5
[16:43:19.118] [SEVERE ] placing card 14 in slot 8
[16:43:19.118] [SEVERE ] updating countdown to 100
[16:43:19.118] [SEVERE ] updating countdown to 100
[16:43:19.727] [SEVERE ] setting player 2 freeze to 0
[16:43:19.727] [SEVERE ] player 2 placing token on slot 5
[16:43:19.727] [SEVERE ] player 2 placing token on slot 9
[16:43:19.727] [SEVERE ] player 2 placing token on slot 11
[16:43:19.727] [SEVERE ] setting player 2 freeze to 4
[16:43:20.182] [SEVERE ] removing card from slot 10
[16:43:20.198] [SEVERE ] removing card from slot 3
[16:43:20.210] [SEVERE ] removing player 2 token from slot 5
[16:43:20.210] [SEVERE ] removing card from slot 5
[16:43:20.222] [SEVERE ] removing card from slot 8
[16:43:20.234] [SEVERE ] removing card from slot 4
[16:43:20.251] [SEVERE ] removing player 2 token from slot 11
[16:43:20.251] [SEVERE ] removing card from slot 11
[16:43:20.267] [SEVERE ] removing card from slot 7
[16:43:20.283] [SEVERE ] removing player 2 token from slot 9
[16:43:20.284] [SEVERE ] removing card from slot 9
[16:43:20.295] [SEVERE ] removing card from slot 0
[16:43:20.312] [SEVERE ] removing card from slot 1
[16:43:20.324] [SEVERE ] removing card from slot 6
[16:43:20.336] [SEVERE ] removing card from slot 2
[16:43:20.352] [SEVERE ] placing card 19 in slot 6
[16:43:20.368] [SEVERE ] placing card 37 in slot 7
[16:43:20.380] [SEVERE ] placing card 22 in slot 8
[16:43:20.396] [SEVERE ] placing card 80 in slot 11
[16:43:20.412] [SEVERE ] placing card 42 in slot 0
[16:43:20.424] [SEVERE ] placing card 39 in slot 9
[16:43:20.436] [SEVERE ] placing card 24 in slot 10
[16:43:20.452] [SEVERE ] placing card 16 in slot 3
[16:43:20.464] [SEVERE ] placing card 18 in slot 1
[16:43:20.480] [SEVERE ] placing card 35 in slot 4
[16:43:20.496] [SEVERE ] placing card 77 in slot 2
[16:43:20.508] [SEVERE ] placing card 76 in slot 5
[16:43:20.508] [SEVERE ] updating countdown to 100
[16:43:20.508] [SEVERE ] updating countdown to 100
[16:43:20.735] [SEVERE ] setting player 2 freeze to 0
[16:43:20.735] [SEVERE ] player 2 placing token on slot 10
[16:43:20.735] [SEVERE ] player 2 placing token on slot 7
[16:43:20.735] [SEVERE ] player 2 placing token on slot 4
[16:43:20.735] [SEVERE ] setting player 2 freeze to 4
[16:43:21.611] [SEVERE ] removing card from slot 5
[16:43:21.627] [SEVERE ] removing card from slot 9
[16:43:21.639] [SEVERE ] removing card from slot 2
[16:43:21.651] [SEVERE ] removing player 2 token from slot 7
[16:43:21.651] [SEVERE ] removing card from slot 7
[16:43:21.667] [SEVERE ] removing card from slot 8
[16:43:21.712] [SEVERE ] removing player 2 token from slot 10
[16:43:21.712] [SEVERE ] removing card from slot 10
[16:43:21.725] [SEVERE ] removing card from slot 0
[16:43:21.741] [SEVERE ] removing card from slot 6
[16:43:21.741] [SEVERE ] setting player 2 freeze to 0
[16:43:21.757] [SEVERE ] removing card from slot 3
[16:43:21.769] [SEVERE ] removing card from slot 1
[16:43:21.773] [SEVERE ] exit button pressed
[16:43:21.773] [INFO   ] Thread player1 terminated.
[16:43:21.773] [INFO   ] Thread player0 terminated.
[16:43:21.785] [SEVERE ] removing card from slot 11
[16:43:21.800] [SEVERE ] removing player 2 token from slot 4
[16:43:21.800] [SEVERE ] removing card from slot 4
[16:43:21.801] [SEVERE ] announcing winner(s): player 1, player 2
[16:43:21.801] [INFO   ] Thread dealer terminated.
[16:43:21.801] [INFO   ] thread dealer terminated.
[16:43:21.801] [SEVERE ] thanks for playing... it was fun!
[16:43:21.805] [INFO   ] thread main terminated.
