[21:31:18.619] [INFO   ] thread main starting.
[21:31:18.632] [SEVERE ] cannot read configuration file config.properties trying from resources.
[21:31:18.635] [SEVERE ] configuration file was loaded from resources directory.
[21:31:19.839] [INFO   ] thread dealer starting.
[21:31:19.841] [INFO   ] Thread dealer starting.
[21:31:19.842] [INFO   ] Thread player1starting.
[21:31:19.842] [INFO   ] Thread player0starting.
[21:31:19.873] [SEVERE ] placing card 35 in slot 6
[21:31:19.899] [SEVERE ] placing card 71 in slot 8
[21:31:19.933] [SEVERE ] placing card 69 in slot 0
[21:31:19.937] [SEVERE ] placing card 40 in slot 10
[21:31:19.938] [SEVERE ] placing card 44 in slot 3
[21:31:19.938] [SEVERE ] placing card 32 in slot 7
[21:31:19.939] [SEVERE ] placing card 38 in slot 9
[21:31:19.939] [SEVERE ] placing card 79 in slot 5
[21:31:19.940] [SEVERE ] placing card 24 in slot 4
[21:31:19.942] [SEVERE ] placing card 63 in slot 11
[21:31:19.943] [SEVERE ] placing card 67 in slot 2
[21:31:19.943] [SEVERE ] placing card 72 in slot 1
[21:31:19.968] [SEVERE ] updating countdown to 10000
[21:31:19.980] [SEVERE ] updating countdown to 10000
[21:31:20.981] [SEVERE ] updating countdown to 9000
[21:31:21.982] [SEVERE ] updating countdown to 8000
[21:31:22.983] [SEVERE ] updating countdown to 7000
[21:31:23.064] [SEVERE ] key 69 was pressed by player 1
[21:31:23.065] [SEVERE ] player 1 placing token on slot 2
[21:31:23.984] [SEVERE ] updating countdown to 6000
[21:31:24.984] [SEVERE ] updating countdown to 5000
[21:31:24.987] [SEVERE ] updating countdown to 5000
[21:31:26.023] [SEVERE ] updating countdown to 4000
[21:31:27.052] [SEVERE ] updating countdown to 3000
[21:31:28.077] [SEVERE ] updating countdown to 2000
[21:31:29.096] [SEVERE ] updating countdown to 1000
[21:31:30.114] [SEVERE ] updating countdown to 0
[21:31:30.118] [SEVERE ] removing card from slot 0
[21:31:30.119] [SEVERE ] removing player 1 token from slot 2
[21:31:30.119] [SEVERE ] removing card from slot 2
[21:31:30.122] [SEVERE ] removing card from slot 10
[21:31:30.122] [SEVERE ] removing card from slot 5
[21:31:30.122] [SEVERE ] removing card from slot 8
[21:31:30.126] [SEVERE ] removing card from slot 6
[21:31:30.126] [SEVERE ] removing card from slot 9
[21:31:30.130] [SEVERE ] removing card from slot 11
[21:31:30.133] [SEVERE ] removing card from slot 1
[21:31:30.137] [SEVERE ] removing card from slot 4
[21:31:30.140] [SEVERE ] removing card from slot 7
[21:31:30.143] [SEVERE ] removing card from slot 3
[21:31:30.146] [SEVERE ] placing card 65 in slot 7
[21:31:30.148] [SEVERE ] placing card 6 in slot 11
[21:31:30.151] [SEVERE ] placing card 74 in slot 1
[21:31:30.155] [SEVERE ] placing card 55 in slot 9
[21:31:30.158] [SEVERE ] placing card 4 in slot 0
[21:31:30.161] [SEVERE ] placing card 17 in slot 3
[21:31:30.164] [SEVERE ] placing card 64 in slot 2
[21:31:30.168] [SEVERE ] placing card 9 in slot 4
[21:31:30.170] [SEVERE ] placing card 79 in slot 6
[21:31:30.172] [SEVERE ] placing card 47 in slot 5
[21:31:30.173] [SEVERE ] placing card 25 in slot 8
[21:31:30.176] [SEVERE ] placing card 45 in slot 10
[21:31:30.185] [SEVERE ] updating countdown to 10000
[21:31:30.186] [SEVERE ] updating countdown to 10000
[21:31:30.332] [SEVERE ] key 90 was pressed by player 1
[21:31:30.332] [SEVERE ] player 1 placing token on slot 8
[21:31:31.023] [SEVERE ] key 86 was pressed by player 1
[21:31:31.024] [SEVERE ] player 1 placing token on slot 11
[21:31:31.186] [SEVERE ] updating countdown to 9000
[21:31:32.187] [SEVERE ] updating countdown to 8000
[21:31:32.309] [SEVERE ] key 86 was pressed by player 1
[21:31:32.309] [SEVERE ] removing player 1 token from slot 11
[21:31:32.484] [SEVERE ] key 90 was pressed by player 1
[21:31:32.484] [SEVERE ] removing player 1 token from slot 8
[21:31:33.187] [SEVERE ] updating countdown to 7000
[21:31:34.188] [SEVERE ] updating countdown to 6000
[21:31:34.540] [SEVERE ] key 82 was pressed by player 1
[21:31:34.540] [SEVERE ] player 1 placing token on slot 3
[21:31:35.189] [SEVERE ] updating countdown to 5000
[21:31:35.189] [SEVERE ] updating countdown to 5000
[21:31:35.360] [SEVERE ] key 90 was pressed by player 1
[21:31:35.361] [SEVERE ] player 1 placing token on slot 8
[21:31:35.626] [SEVERE ] key 86 was pressed by player 1
[21:31:35.626] [SEVERE ] player 1 placing token on slot 11
[21:31:35.627] [SEVERE ] removing player 1 token from slot 3
[21:31:35.628] [SEVERE ] removing card from slot 3
[21:31:35.628] [SEVERE ] removing player 1 token from slot 8
[21:31:35.628] [SEVERE ] removing card from slot 8
[21:31:35.628] [SEVERE ] removing player 1 token from slot 11
[21:31:35.629] [SEVERE ] removing card from slot 11
[21:31:35.629] [SEVERE ] setting player 1 freeze to 1000
[21:31:35.629] [SEVERE ] placing card 16 in slot 8
[21:31:35.630] [SEVERE ] placing card 30 in slot 3
[21:31:35.633] [SEVERE ] placing card 50 in slot 11
[21:31:35.635] [SEVERE ] updating countdown to 10000
[21:31:35.639] [SEVERE ] updating countdown to 9990
[21:31:36.630] [SEVERE ] setting player 1 freeze to 0
[21:31:36.631] [SEVERE ] setting player 1 score to 1
[21:31:36.640] [SEVERE ] updating countdown to 8990
[21:31:37.640] [SEVERE ] updating countdown to 7990
[21:31:38.641] [SEVERE ] updating countdown to 6990
[21:31:39.245] [SEVERE ] key 87 was pressed by player 1
[21:31:39.245] [SEVERE ] player 1 placing token on slot 1
[21:31:39.641] [SEVERE ] updating countdown to 5990
[21:31:41.647] [SEVERE ] updating countdown to 4000
[21:31:42.664] [SEVERE ] updating countdown to 3000
[21:31:43.683] [SEVERE ] updating countdown to 2000
[21:31:44.702] [SEVERE ] updating countdown to 1000
[21:31:45.722] [SEVERE ] updating countdown to 0
[21:31:45.731] [SEVERE ] removing card from slot 5
[21:31:45.732] [SEVERE ] removing player 1 token from slot 1
[21:31:45.732] [SEVERE ] removing card from slot 1
[21:31:45.733] [SEVERE ] removing card from slot 11
[21:31:45.734] [SEVERE ] removing card from slot 7
[21:31:45.735] [SEVERE ] removing card from slot 8
[21:31:45.736] [SEVERE ] removing card from slot 6
[21:31:45.737] [SEVERE ] removing card from slot 0
[21:31:45.738] [SEVERE ] removing card from slot 10
[21:31:45.739] [SEVERE ] removing card from slot 3
[21:31:45.741] [SEVERE ] removing card from slot 9
[21:31:45.741] [SEVERE ] removing card from slot 4
[21:31:45.742] [SEVERE ] removing card from slot 2
[21:31:45.743] [SEVERE ] placing card 68 in slot 10
[21:31:45.743] [SEVERE ] placing card 74 in slot 3
[21:31:45.747] [SEVERE ] placing card 12 in slot 7
[21:31:45.749] [SEVERE ] placing card 24 in slot 1
[21:31:45.751] [SEVERE ] placing card 54 in slot 2
[21:31:45.752] [SEVERE ] placing card 34 in slot 5
[21:31:45.755] [SEVERE ] placing card 41 in slot 4
[21:31:45.759] [SEVERE ] placing card 23 in slot 6
[21:31:45.761] [SEVERE ] placing card 79 in slot 8
[21:31:45.762] [SEVERE ] placing card 30 in slot 9
[21:31:45.763] [SEVERE ] placing card 52 in slot 11
[21:31:45.764] [SEVERE ] placing card 22 in slot 0
[21:31:45.767] [SEVERE ] updating countdown to 10000
[21:31:45.768] [SEVERE ] updating countdown to 10000
[21:31:45.777] [SEVERE ] key 87 was pressed by player 1
[21:31:45.777] [SEVERE ] player 1 placing token on slot 1
[21:31:46.607] [SEVERE ] key 87 was pressed by player 1
[21:31:46.607] [SEVERE ] removing player 1 token from slot 1
[21:31:46.768] [SEVERE ] updating countdown to 9000
[21:31:47.769] [SEVERE ] updating countdown to 8000
[21:31:48.107] [SEVERE ] key 81 was pressed by player 1
[21:31:48.107] [SEVERE ] player 1 placing token on slot 0
[21:31:48.769] [SEVERE ] updating countdown to 7000
[21:31:49.009] [SEVERE ] key 88 was pressed by player 1
[21:31:49.009] [SEVERE ] player 1 placing token on slot 9
[21:31:49.198] [SEVERE ] key 67 was pressed by player 1
[21:31:49.198] [SEVERE ] player 1 placing token on slot 10
[21:31:49.199] [SEVERE ] removing player 1 token from slot 0
[21:31:49.199] [SEVERE ] removing card from slot 0
[21:31:49.199] [SEVERE ] removing player 1 token from slot 9
[21:31:49.199] [SEVERE ] removing card from slot 9
[21:31:49.200] [SEVERE ] removing player 1 token from slot 10
[21:31:49.200] [SEVERE ] removing card from slot 10
[21:31:49.200] [SEVERE ] setting player 1 freeze to 1000
[21:31:49.200] [SEVERE ] placing card 66 in slot 0
[21:31:49.200] [SEVERE ] placing card 33 in slot 10
[21:31:49.203] [SEVERE ] placing card 69 in slot 9
[21:31:49.203] [SEVERE ] updating countdown to 10000
[21:31:49.770] [SEVERE ] updating countdown to 9000
[21:31:50.200] [SEVERE ] setting player 1 freeze to 0
[21:31:50.201] [SEVERE ] setting player 1 score to 2
[21:31:50.770] [SEVERE ] updating countdown to 8000
[21:31:51.771] [SEVERE ] updating countdown to 7000
[21:31:52.771] [SEVERE ] updating countdown to 6000
[21:31:53.706] [SEVERE ] key 87 was pressed by player 1
[21:31:53.706] [SEVERE ] player 1 placing token on slot 1
[21:31:53.772] [SEVERE ] updating countdown to 5000
[21:31:53.772] [SEVERE ] updating countdown to 5000
[21:31:54.216] [SEVERE ] key 88 was pressed by player 1
[21:31:54.217] [SEVERE ] player 1 placing token on slot 9
[21:31:54.370] [SEVERE ] key 67 was pressed by player 1
[21:31:54.370] [SEVERE ] player 1 placing token on slot 10
[21:31:54.370] [SEVERE ] removing player 1 token from slot 1
[21:31:54.371] [SEVERE ] removing card from slot 1
[21:31:54.371] [SEVERE ] removing player 1 token from slot 9
[21:31:54.371] [SEVERE ] removing card from slot 9
[21:31:54.371] [SEVERE ] removing player 1 token from slot 10
[21:31:54.371] [SEVERE ] removing card from slot 10
[21:31:54.371] [SEVERE ] setting player 1 freeze to 1000
[21:31:54.371] [SEVERE ] placing card 35 in slot 10
[21:31:54.371] [SEVERE ] placing card 73 in slot 1
[21:31:54.372] [SEVERE ] placing card 65 in slot 9
[21:31:54.373] [SEVERE ] updating countdown to 10000
[21:31:54.382] [SEVERE ] updating countdown to 9990
[21:31:55.371] [SEVERE ] setting player 1 freeze to 0
[21:31:55.372] [SEVERE ] setting player 1 score to 3
[21:31:55.382] [SEVERE ] updating countdown to 8990
[21:31:56.383] [SEVERE ] updating countdown to 7990
[21:31:57.383] [SEVERE ] updating countdown to 6990
[21:31:58.384] [SEVERE ] updating countdown to 5990
[21:32:00.390] [SEVERE ] updating countdown to 4000
[21:32:01.405] [SEVERE ] key 87 was pressed by player 1
[21:32:01.405] [SEVERE ] player 1 placing token on slot 1
[21:32:01.407] [SEVERE ] updating countdown to 3000
[21:32:01.852] [SEVERE ] key 69 was pressed by player 1
[21:32:01.853] [SEVERE ] player 1 placing token on slot 2
[21:32:02.423] [SEVERE ] updating countdown to 2000
[21:32:03.109] [SEVERE ] key 88 was pressed by player 1
[21:32:03.109] [SEVERE ] player 1 placing token on slot 9
[21:32:03.109] [SEVERE ] removing player 1 token from slot 1
[21:32:03.109] [SEVERE ] removing card from slot 1
[21:32:03.110] [SEVERE ] removing player 1 token from slot 2
[21:32:03.110] [SEVERE ] removing card from slot 2
[21:32:03.110] [SEVERE ] removing player 1 token from slot 9
[21:32:03.110] [SEVERE ] removing card from slot 9
[21:32:03.110] [SEVERE ] placing card 31 in slot 9
[21:32:03.110] [SEVERE ] setting player 1 freeze to 1000
[21:32:03.110] [SEVERE ] placing card 39 in slot 2
[21:32:03.113] [SEVERE ] placing card 9 in slot 1
[21:32:03.117] [SEVERE ] updating countdown to 10000
[21:32:03.125] [SEVERE ] updating countdown to 9990
[21:32:04.110] [SEVERE ] setting player 1 freeze to 0
[21:32:04.111] [SEVERE ] setting player 1 score to 4
[21:32:04.125] [SEVERE ] updating countdown to 8990
[21:32:05.126] [SEVERE ] updating countdown to 7990
[21:32:06.126] [SEVERE ] updating countdown to 6990
[21:32:07.127] [SEVERE ] updating countdown to 5990
[21:32:09.134] [SEVERE ] updating countdown to 4000
[21:32:10.151] [SEVERE ] updating countdown to 3000
[21:32:11.167] [SEVERE ] updating countdown to 2000
[21:32:12.184] [SEVERE ] updating countdown to 1000
[21:32:13.200] [SEVERE ] updating countdown to 0
[21:32:13.202] [SEVERE ] removing card from slot 6
[21:32:13.203] [SEVERE ] removing card from slot 3
[21:32:13.203] [SEVERE ] removing card from slot 11
[21:32:13.203] [SEVERE ] removing card from slot 8
[21:32:13.204] [SEVERE ] removing card from slot 10
[21:32:13.204] [SEVERE ] removing card from slot 1
[21:32:13.205] [SEVERE ] removing card from slot 7
[21:32:13.205] [SEVERE ] removing card from slot 4
[21:32:13.206] [SEVERE ] removing card from slot 9
[21:32:13.207] [SEVERE ] removing card from slot 2
[21:32:13.208] [SEVERE ] removing card from slot 0
[21:32:13.208] [SEVERE ] removing card from slot 5
[21:32:13.209] [SEVERE ] placing card 35 in slot 6
[21:32:13.210] [SEVERE ] placing card 2 in slot 9
[21:32:13.211] [SEVERE ] placing card 77 in slot 10
[21:32:13.213] [SEVERE ] placing card 3 in slot 8
[21:32:13.215] [SEVERE ] placing card 26 in slot 1
[21:32:13.216] [SEVERE ] placing card 41 in slot 2
[21:32:13.219] [SEVERE ] placing card 1 in slot 3
[21:32:13.221] [SEVERE ] placing card 39 in slot 0
[21:32:13.223] [SEVERE ] placing card 50 in slot 11
[21:32:13.223] [SEVERE ] placing card 61 in slot 7
[21:32:13.224] [SEVERE ] placing card 0 in slot 5
[21:32:13.225] [SEVERE ] placing card 45 in slot 4
[21:32:13.229] [SEVERE ] updating countdown to 10000
[21:32:13.230] [SEVERE ] updating countdown to 10000
[21:32:14.230] [SEVERE ] updating countdown to 9000
[21:32:15.230] [SEVERE ] updating countdown to 8000
[21:32:16.231] [SEVERE ] updating countdown to 7000
[21:32:16.845] [SEVERE ] key 82 was pressed by player 1
[21:32:16.845] [SEVERE ] player 1 placing token on slot 3
[21:32:17.231] [SEVERE ] updating countdown to 6000
[21:32:18.232] [SEVERE ] updating countdown to 5000
[21:32:18.232] [SEVERE ] updating countdown to 5000
[21:32:18.432] [SEVERE ] key 83 was pressed by player 1
[21:32:18.433] [SEVERE ] player 1 placing token on slot 5
[21:32:19.250] [SEVERE ] updating countdown to 4000
[21:32:19.731] [SEVERE ] key 88 was pressed by player 1
[21:32:19.731] [SEVERE ] player 1 placing token on slot 9
[21:32:19.731] [SEVERE ] removing player 1 token from slot 3
[21:32:19.732] [SEVERE ] removing card from slot 3
[21:32:19.732] [SEVERE ] removing player 1 token from slot 5
[21:32:19.732] [SEVERE ] removing card from slot 5
[21:32:19.732] [SEVERE ] removing player 1 token from slot 9
[21:32:19.732] [SEVERE ] removing card from slot 9
[21:32:19.732] [SEVERE ] setting player 1 freeze to 1000
[21:32:19.732] [SEVERE ] placing card 52 in slot 9
[21:32:19.733] [SEVERE ] placing card 47 in slot 5
[21:32:19.733] [SEVERE ] placing card 53 in slot 3
[21:32:19.733] [SEVERE ] updating countdown to 10000
[21:32:19.738] [SEVERE ] updating countdown to 9990
[21:32:20.733] [SEVERE ] setting player 1 freeze to 0
[21:32:20.733] [SEVERE ] setting player 1 score to 5
[21:32:20.739] [SEVERE ] updating countdown to 8990
[21:32:21.739] [SEVERE ] updating countdown to 7990
[21:32:22.740] [SEVERE ] updating countdown to 6990
[21:32:23.190] [SEVERE ] key 87 was pressed by player 1
[21:32:23.190] [SEVERE ] player 1 placing token on slot 1
[21:32:23.740] [SEVERE ] updating countdown to 5990
[21:32:24.329] [SEVERE ] key 83 was pressed by player 1
[21:32:24.329] [SEVERE ] player 1 placing token on slot 5
[21:32:25.746] [SEVERE ] updating countdown to 4000
[21:32:25.838] [SEVERE ] key 67 was pressed by player 1
[21:32:25.839] [SEVERE ] player 1 placing token on slot 10
[21:32:25.839] [SEVERE ] removing player 1 token from slot 1
[21:32:25.839] [SEVERE ] removing card from slot 1
[21:32:25.839] [SEVERE ] removing player 1 token from slot 5
[21:32:25.839] [SEVERE ] removing card from slot 5
[21:32:25.839] [SEVERE ] removing player 1 token from slot 10
[21:32:25.839] [SEVERE ] removing card from slot 10
[21:32:25.840] [SEVERE ] setting player 1 freeze to 1000
[21:32:25.840] [SEVERE ] placing card 48 in slot 1
[21:32:25.840] [SEVERE ] placing card 57 in slot 10
[21:32:25.840] [SEVERE ] placing card 56 in slot 5
[21:32:25.843] [SEVERE ] updating countdown to 10000
[21:32:25.848] [SEVERE ] updating countdown to 9990
[21:32:26.840] [SEVERE ] setting player 1 freeze to 0
[21:32:26.840] [SEVERE ] setting player 1 score to 6
[21:32:26.848] [SEVERE ] updating countdown to 8990
[21:32:27.848] [SEVERE ] updating countdown to 7990
[21:32:28.849] [SEVERE ] updating countdown to 6990
[21:32:29.849] [SEVERE ] updating countdown to 5990
[21:32:31.855] [SEVERE ] updating countdown to 4000
[21:32:31.856] [SEVERE ] key 81 was pressed by player 1
[21:32:31.856] [SEVERE ] player 1 placing token on slot 0
[21:32:31.961] [SEVERE ] key 87 was pressed by player 1
[21:32:31.961] [SEVERE ] player 1 placing token on slot 1
[21:32:32.073] [SEVERE ] key 69 was pressed by player 1
[21:32:32.073] [SEVERE ] player 1 placing token on slot 2
[21:32:32.074] [SEVERE ] setting player 1 freeze to 3000
[21:32:32.876] [SEVERE ] updating countdown to 3000
[21:32:33.074] [SEVERE ] setting player 1 freeze to 2000
[21:32:33.896] [SEVERE ] updating countdown to 2000
[21:32:34.074] [SEVERE ] setting player 1 freeze to 1000
[21:32:34.912] [SEVERE ] updating countdown to 1000
[21:32:35.075] [SEVERE ] setting player 1 freeze to 0
[21:32:35.927] [SEVERE ] updating countdown to 0
[21:32:35.937] [SEVERE ] removing card from slot 6
[21:32:35.937] [SEVERE ] removing player 1 token from slot 1
[21:32:35.937] [SEVERE ] removing card from slot 1
[21:32:35.937] [SEVERE ] removing card from slot 11
[21:32:35.938] [SEVERE ] removing card from slot 10
[21:32:35.938] [SEVERE ] removing card from slot 7
[21:32:35.939] [SEVERE ] removing card from slot 5
[21:32:35.939] [SEVERE ] removing card from slot 3
[21:32:35.939] [SEVERE ] removing player 1 token from slot 2
[21:32:35.939] [SEVERE ] removing card from slot 2
[21:32:35.939] [SEVERE ] removing card from slot 4
[21:32:35.940] [SEVERE ] removing player 1 token from slot 0
[21:32:35.940] [SEVERE ] removing card from slot 0
[21:32:35.940] [SEVERE ] removing card from slot 9
[21:32:35.940] [SEVERE ] removing card from slot 8
[21:32:35.941] [SEVERE ] placing card 57 in slot 0
[21:32:35.941] [SEVERE ] placing card 14 in slot 3
[21:32:35.941] [SEVERE ] placing card 35 in slot 10
[21:32:35.944] [SEVERE ] placing card 4 in slot 5
[21:32:35.945] [SEVERE ] placing card 58 in slot 6
[21:32:35.945] [SEVERE ] placing card 10 in slot 2
[21:32:35.946] [SEVERE ] placing card 41 in slot 7
[21:32:35.948] [SEVERE ] placing card 37 in slot 11
[21:32:35.950] [SEVERE ] placing card 66 in slot 8
[21:32:35.951] [SEVERE ] placing card 75 in slot 4
[21:32:35.952] [SEVERE ] placing card 43 in slot 1
[21:32:35.954] [SEVERE ] placing card 51 in slot 9
[21:32:35.959] [SEVERE ] updating countdown to 10000
[21:32:35.959] [SEVERE ] updating countdown to 10000
[21:32:36.959] [SEVERE ] updating countdown to 9000
[21:32:37.960] [SEVERE ] updating countdown to 8000
[21:32:38.960] [SEVERE ] updating countdown to 7000
[21:32:39.961] [SEVERE ] updating countdown to 6000
[21:32:40.961] [SEVERE ] updating countdown to 5000
[21:32:40.961] [SEVERE ] updating countdown to 5000
[21:32:41.976] [SEVERE ] updating countdown to 4000
[21:32:42.990] [SEVERE ] updating countdown to 3000
[21:32:44.004] [SEVERE ] updating countdown to 2000
[21:32:45.021] [SEVERE ] updating countdown to 1000
