[02:12:49.727] [INFO   ] thread main starting.
[02:12:49.743] [SEVERE ] cannot read configuration file config.properties trying from resources.
[02:12:49.743] [SEVERE ] configuration file was loaded from resources directory.
[02:12:50.223] [INFO   ] thread dealer starting.
[02:12:50.266] [INFO   ] Thread dealer starting.
[02:12:50.266] [INFO   ] Thread player1starting.
[02:12:50.266] [INFO   ] Thread player0starting.
[02:12:50.275] [SEVERE ] placing card 56 in slot 7
[02:12:50.282] [SEVERE ] placing card 6 in slot 5
[02:12:50.282] [SEVERE ] placing card 15 in slot 1
[02:12:50.282] [SEVERE ] placing card 37 in slot 11
[02:12:50.321] [SEVERE ] placing card 75 in slot 4
[02:12:50.321] [SEVERE ] placing card 3 in slot 0
[02:12:50.321] [SEVERE ] placing card 24 in slot 2
[02:12:50.321] [SEVERE ] placing card 55 in slot 9
[02:12:50.321] [SEVERE ] placing card 13 in slot 8
[02:12:50.321] [SEVERE ] placing card 32 in slot 3
[02:12:50.321] [SEVERE ] placing card 11 in slot 10
[02:12:50.321] [SEVERE ] placing card 54 in slot 6
[02:12:50.330] [SEVERE ] updating countdown to 60000
[02:12:50.333] [SEVERE ] updating countdown to 60000
[02:12:51.337] [SEVERE ] updating countdown to 59000
[02:12:52.346] [SEVERE ] updating countdown to 58000
[02:12:53.359] [SEVERE ] updating countdown to 57000
[02:12:54.367] [SEVERE ] updating countdown to 56000
[02:12:54.886] [SEVERE ] key 81 was pressed by player 1
[02:12:54.886] [SEVERE ] player 1 placing token on slot 0
[02:12:55.027] [SEVERE ] key 87 was pressed by player 1
[02:12:55.027] [SEVERE ] player 1 placing token on slot 1
[02:12:55.373] [SEVERE ] updating countdown to 55000
[02:12:56.378] [SEVERE ] updating countdown to 54000
[02:12:57.384] [SEVERE ] updating countdown to 53000
[02:12:57.826] [SEVERE ] key 85 was pressed by player 2
[02:12:57.826] [SEVERE ] player 2 placing token on slot 0
[02:12:57.999] [SEVERE ] key 73 was pressed by player 2
[02:12:57.999] [SEVERE ] player 2 placing token on slot 1
[02:12:58.392] [SEVERE ] updating countdown to 52000
[02:12:59.398] [SEVERE ] updating countdown to 51000
[02:13:00.410] [SEVERE ] updating countdown to 50000
[02:13:01.417] [SEVERE ] updating countdown to 49000
[02:13:02.427] [SEVERE ] updating countdown to 48000
[02:13:03.439] [SEVERE ] updating countdown to 47000
[02:13:03.769] [SEVERE ] key 75 was pressed by player 2
[02:13:03.769] [SEVERE ] player 2 placing token on slot 5
[02:13:03.786] [SEVERE ] setting player 2 freeze to 0
[02:13:03.795] [SEVERE ] key 83 was pressed by player 1
[02:13:03.795] [SEVERE ] player 1 placing token on slot 5
[02:13:03.796] [SEVERE ] setting player 1 freeze to 0
[02:13:04.451] [SEVERE ] updating countdown to 46000
[02:13:05.459] [SEVERE ] updating countdown to 45000
[02:13:06.463] [SEVERE ] updating countdown to 44000
[02:13:07.475] [SEVERE ] updating countdown to 43000
[02:13:08.484] [SEVERE ] updating countdown to 42000
[02:13:09.489] [SEVERE ] updating countdown to 41000
[02:13:10.496] [SEVERE ] updating countdown to 40000
[02:13:11.503] [SEVERE ] updating countdown to 39000
[02:13:12.510] [SEVERE ] updating countdown to 38000
[02:13:13.516] [SEVERE ] updating countdown to 37000
[02:13:14.522] [SEVERE ] updating countdown to 36000
[02:13:15.366] [SEVERE ] key 81 was pressed by player 1
[02:13:15.366] [SEVERE ] removing player 1 token from slot 0
[02:13:15.492] [SEVERE ] key 87 was pressed by player 1
[02:13:15.492] [SEVERE ] removing player 1 token from slot 1
[02:13:15.524] [SEVERE ] updating countdown to 35000
[02:13:16.529] [SEVERE ] updating countdown to 34000
[02:13:16.638] [SEVERE ] key 85 was pressed by player 2
[02:13:16.638] [SEVERE ] removing player 2 token from slot 0
[02:13:16.748] [SEVERE ] key 73 was pressed by player 2
[02:13:16.748] [SEVERE ] removing player 2 token from slot 1
[02:13:17.533] [SEVERE ] updating countdown to 33000
[02:13:18.053] [SEVERE ] key 85 was pressed by player 2
[02:13:18.053] [SEVERE ] player 2 placing token on slot 0
[02:13:18.083] [SEVERE ] key 87 was pressed by player 1
[02:13:18.083] [SEVERE ] player 1 placing token on slot 1
[02:13:18.436] [SEVERE ] key 73 was pressed by player 2
[02:13:18.436] [SEVERE ] player 2 placing token on slot 1
[02:13:18.437] [SEVERE ] setting player 2 freeze to 0
[02:13:18.447] [SEVERE ] key 69 was pressed by player 1
[02:13:18.447] [SEVERE ] player 1 placing token on slot 2
[02:13:18.447] [SEVERE ] removing player 1 token from slot 1
[02:13:18.447] [SEVERE ] removing player 2 token from slot 1
[02:13:18.447] [SEVERE ] removing card from slot 1
[02:13:18.447] [SEVERE ] removing player 1 token from slot 2
[02:13:18.447] [SEVERE ] removing card from slot 2
[02:13:18.447] [SEVERE ] removing player 1 token from slot 5
[02:13:18.447] [SEVERE ] removing player 2 token from slot 5
[02:13:18.447] [SEVERE ] removing card from slot 5
[02:13:18.447] [SEVERE ] setting player 1 freeze to 0
[02:13:18.447] [SEVERE ] placing card 0 in slot 1
[02:13:18.447] [SEVERE ] setting player 1 freeze to 0
[02:13:18.447] [SEVERE ] setting player 1 score to 1
[02:13:18.447] [SEVERE ] placing card 12 in slot 5
[02:13:18.460] [SEVERE ] placing card 80 in slot 2
[02:13:18.460] [SEVERE ] updating countdown to 60000
[02:13:18.539] [SEVERE ] updating countdown to 59000
[02:13:19.543] [SEVERE ] updating countdown to 58000
[02:13:20.550] [SEVERE ] updating countdown to 57000
[02:13:21.555] [SEVERE ] updating countdown to 56000
[02:13:22.562] [SEVERE ] updating countdown to 55000
[02:13:23.576] [SEVERE ] updating countdown to 54000
[02:13:24.584] [SEVERE ] updating countdown to 53000
[02:13:25.589] [SEVERE ] updating countdown to 52000
[02:13:25.967] [SEVERE ] exit button pressed
[02:13:25.982] [INFO   ] Thread player1 terminated.
[02:13:25.982] [INFO   ] Thread player0 terminated.
[02:13:25.982] [SEVERE ] removing card from slot 4
[02:13:25.982] [SEVERE ] removing card from slot 2
[02:13:25.982] [SEVERE ] removing card from slot 5
[02:13:25.982] [SEVERE ] removing card from slot 6
[02:13:25.982] [SEVERE ] removing card from slot 3
[02:13:25.982] [SEVERE ] removing card from slot 8
[02:13:25.982] [SEVERE ] removing card from slot 1
[02:13:25.982] [SEVERE ] removing card from slot 11
[02:13:25.982] [SEVERE ] removing card from slot 10
[02:13:25.982] [SEVERE ] removing card from slot 7
[02:13:25.982] [SEVERE ] removing player 2 token from slot 0
[02:13:25.982] [SEVERE ] removing card from slot 0
[02:13:25.982] [SEVERE ] removing card from slot 9
[02:13:25.982] [SEVERE ] announcing winner(s): player 1
[02:13:25.982] [INFO   ] Thread dealer terminated.
[02:13:25.982] [INFO   ] thread dealer terminated.
[02:13:25.982] [SEVERE ] thanks for playing... it was fun!
[02:13:25.982] [INFO   ] thread main terminated.
