[16:59:52.013] [INFO   ] thread main starting.
[16:59:52.027] [SEVERE ] cannot read configuration file config.properties trying from resources.
[16:59:52.027] [SEVERE ] configuration file was loaded from resources directory.
[16:59:52.596] [INFO   ] thread dealer starting.
[16:59:52.631] [INFO   ] Thread dealer starting.
[16:59:52.631] [INFO   ] Thread player0starting.
[16:59:52.631] [INFO   ] Thread player1starting.
[16:59:52.642] [SEVERE ] placing card 42 in slot 10
[16:59:52.654] [SEVERE ] placing card 68 in slot 11
[16:59:52.654] [SEVERE ] placing card 32 in slot 8
[16:59:52.654] [SEVERE ] placing card 45 in slot 3
[16:59:52.690] [SEVERE ] placing card 79 in slot 0
[16:59:52.690] [SEVERE ] placing card 35 in slot 9
[16:59:52.690] [SEVERE ] placing card 3 in slot 1
[16:59:52.693] [SEVERE ] placing card 73 in slot 7
[16:59:52.693] [SEVERE ] placing card 1 in slot 6
[16:59:52.693] [SEVERE ] placing card 53 in slot 5
[16:59:52.693] [SEVERE ] placing card 78 in slot 2
[16:59:52.693] [SEVERE ] placing card 20 in slot 4
[16:59:52.698] [SEVERE ] updating countdown to 10000
[16:59:52.698] [SEVERE ] updating countdown to 10000
[16:59:53.713] [SEVERE ] updating countdown to 9000
[16:59:54.728] [SEVERE ] updating countdown to 8000
[16:59:55.731] [SEVERE ] updating countdown to 7000
[16:59:56.735] [SEVERE ] updating countdown to 6000
[16:59:57.013] [SEVERE ] key 82 was pressed by player 1
[16:59:57.013] [SEVERE ] player 1 placing token on slot 3
[16:59:57.319] [SEVERE ] key 65 was pressed by player 1
[16:59:57.319] [SEVERE ] player 1 placing token on slot 4
[16:59:57.738] [SEVERE ] updating countdown to 5000
[16:59:57.738] [SEVERE ] updating countdown to 5000
[16:59:58.429] [SEVERE ] key 70 was pressed by player 1
[16:59:58.429] [SEVERE ] player 1 placing token on slot 7
[16:59:58.429] [SEVERE ] removing player 1 token from slot 3
[16:59:58.429] [SEVERE ] removing card from slot 3
[16:59:58.437] [SEVERE ] removing player 1 token from slot 4
[16:59:58.437] [SEVERE ] removing card from slot 4
[16:59:58.437] [SEVERE ] removing player 1 token from slot 7
[16:59:58.437] [SEVERE ] removing card from slot 7
[16:59:58.437] [SEVERE ] setting player 1 freeze to 0
[16:59:58.437] [SEVERE ] placing card 30 in slot 4
[16:59:58.437] [SEVERE ] setting player 1 freeze to 0
[16:59:58.437] [SEVERE ] placing card 50 in slot 3
[16:59:58.437] [SEVERE ] setting player 1 score to 1
[16:59:58.437] [SEVERE ] placing card 36 in slot 7
[16:59:58.445] [SEVERE ] updating countdown to 10000
[16:59:58.445] [SEVERE ] updating countdown to 9990
[16:59:59.447] [SEVERE ] updating countdown to 8990
[17:00:00.449] [SEVERE ] updating countdown to 7990
[17:00:01.456] [SEVERE ] updating countdown to 6990
[17:00:02.470] [SEVERE ] updating countdown to 5990
[17:00:05.089] [SEVERE ] updating countdown to 4000
[17:00:06.654] [SEVERE ] updating countdown to 3000
