[21:41:43.961] [INFO   ] thread main starting.
[21:41:43.977] [SEVERE ] cannot read configuration file config.properties trying from resources.
[21:41:43.982] [SEVERE ] configuration file was loaded from resources directory.
[21:41:44.916] [INFO   ] thread dealer starting.
[21:41:44.918] [INFO   ] Thread player0starting.
[21:41:44.919] [INFO   ] Thread player1starting.
[21:41:44.918] [INFO   ] Thread dealer starting.
[21:41:44.941] [SEVERE ] placing card 69 in slot 7
[21:41:44.958] [SEVERE ] placing card 12 in slot 1
[21:41:44.958] [SEVERE ] placing card 16 in slot 2
[21:41:44.973] [SEVERE ] placing card 34 in slot 4
[21:41:44.974] [SEVERE ] placing card 45 in slot 11
[21:41:44.974] [SEVERE ] placing card 26 in slot 3
[21:41:44.974] [SEVERE ] placing card 64 in slot 0
[21:41:44.975] [SEVERE ] placing card 0 in slot 5
[21:41:44.975] [SEVERE ] placing card 47 in slot 10
[21:41:44.975] [SEVERE ] placing card 7 in slot 9
[21:41:44.976] [SEVERE ] placing card 55 in slot 6
[21:41:44.976] [SEVERE ] placing card 23 in slot 8
[21:41:44.990] [SEVERE ] updating countdown to 3000
[21:41:44.993] [SEVERE ] updating countdown to 3000
[21:41:44.996] [SEVERE ] updating countdown to 3000
[21:41:46.035] [SEVERE ] updating countdown to 2000
[21:41:47.063] [SEVERE ] updating countdown to 1000
[21:41:48.083] [SEVERE ] updating countdown to 0
[21:41:48.090] [SEVERE ] removing card from slot 8
[21:41:48.091] [SEVERE ] removing card from slot 5
[21:41:48.091] [SEVERE ] removing card from slot 4
[21:41:48.099] [SEVERE ] removing card from slot 3
[21:41:48.102] [SEVERE ] removing card from slot 1
[21:41:48.104] [SEVERE ] removing card from slot 9
[21:41:48.107] [SEVERE ] removing card from slot 2
[21:41:48.109] [SEVERE ] removing card from slot 11
[21:41:48.111] [SEVERE ] removing card from slot 7
[21:41:48.114] [SEVERE ] removing card from slot 6
[21:41:48.116] [SEVERE ] removing card from slot 0
[21:41:48.119] [SEVERE ] removing card from slot 10
[21:41:48.122] [SEVERE ] placing card 20 in slot 1
[21:41:48.123] [SEVERE ] placing card 9 in slot 0
[21:41:48.126] [SEVERE ] placing card 1 in slot 4
[21:41:48.130] [SEVERE ] placing card 59 in slot 3
[21:41:48.135] [SEVERE ] placing card 7 in slot 7
[21:41:48.137] [SEVERE ] placing card 38 in slot 11
[21:41:48.138] [SEVERE ] placing card 14 in slot 9
[21:41:48.140] [SEVERE ] placing card 43 in slot 2
[21:41:48.143] [SEVERE ] placing card 39 in slot 5
[21:41:48.146] [SEVERE ] placing card 71 in slot 8
[21:41:48.150] [SEVERE ] placing card 15 in slot 10
[21:41:48.152] [SEVERE ] placing card 69 in slot 6
[21:41:48.157] [SEVERE ] updating countdown to 3000
[21:41:48.158] [SEVERE ] updating countdown to 3000
[21:41:48.158] [SEVERE ] updating countdown to 3000
[21:41:49.183] [SEVERE ] updating countdown to 2000
[21:41:50.202] [SEVERE ] updating countdown to 1000
[21:41:51.221] [SEVERE ] updating countdown to 0
[21:41:51.222] [SEVERE ] removing card from slot 11
[21:41:51.222] [SEVERE ] removing card from slot 10
[21:41:51.222] [SEVERE ] removing card from slot 9
[21:41:51.223] [SEVERE ] removing card from slot 1
[21:41:51.225] [SEVERE ] removing card from slot 3
[21:41:51.226] [SEVERE ] removing card from slot 0
[21:41:51.227] [SEVERE ] removing card from slot 6
[21:41:51.228] [SEVERE ] removing card from slot 5
[21:41:51.230] [SEVERE ] removing card from slot 7
[21:41:51.231] [SEVERE ] removing card from slot 4
[21:41:51.233] [SEVERE ] removing card from slot 2
[21:41:51.234] [SEVERE ] removing card from slot 8
[21:41:51.236] [SEVERE ] placing card 31 in slot 9
[21:41:51.237] [SEVERE ] placing card 6 in slot 5
[21:41:51.238] [SEVERE ] placing card 9 in slot 1
[21:41:51.242] [SEVERE ] placing card 65 in slot 0
[21:41:51.244] [SEVERE ] placing card 42 in slot 8
[21:41:51.247] [SEVERE ] placing card 2 in slot 11
[21:41:51.251] [SEVERE ] placing card 17 in slot 6
[21:41:51.254] [SEVERE ] placing card 40 in slot 2
[21:41:51.255] [SEVERE ] placing card 36 in slot 4
[21:41:51.258] [SEVERE ] placing card 37 in slot 7
[21:41:51.262] [SEVERE ] placing card 13 in slot 3
[21:41:51.264] [SEVERE ] placing card 16 in slot 10
[21:41:51.267] [SEVERE ] updating countdown to 3000
[21:41:51.268] [SEVERE ] updating countdown to 3000
[21:41:51.269] [SEVERE ] updating countdown to 3000
[21:41:52.289] [SEVERE ] updating countdown to 2000
[21:41:53.303] [SEVERE ] updating countdown to 1000
[21:41:54.317] [SEVERE ] updating countdown to 0
[21:41:54.321] [SEVERE ] removing card from slot 9
[21:41:54.321] [SEVERE ] removing card from slot 7
[21:41:54.322] [SEVERE ] removing card from slot 3
[21:41:54.323] [SEVERE ] removing card from slot 1
[21:41:54.324] [SEVERE ] removing card from slot 11
[21:41:54.325] [SEVERE ] removing card from slot 2
[21:41:54.325] [SEVERE ] removing card from slot 0
[21:41:54.326] [SEVERE ] removing card from slot 4
[21:41:54.327] [SEVERE ] removing card from slot 8
[21:41:54.328] [SEVERE ] removing card from slot 6
[21:41:54.330] [SEVERE ] removing card from slot 10
[21:41:54.331] [SEVERE ] removing card from slot 5
[21:41:54.333] [SEVERE ] placing card 57 in slot 3
[21:41:54.334] [SEVERE ] placing card 75 in slot 6
[21:41:54.337] [SEVERE ] placing card 50 in slot 10
[21:41:54.342] [SEVERE ] placing card 47 in slot 7
[21:41:54.345] [SEVERE ] placing card 23 in slot 0
[21:41:54.346] [SEVERE ] placing card 1 in slot 9
[21:41:54.349] [SEVERE ] placing card 61 in slot 5
[21:41:54.350] [SEVERE ] placing card 51 in slot 2
[21:41:54.352] [SEVERE ] placing card 72 in slot 11
[21:41:54.357] [SEVERE ] placing card 58 in slot 8
[21:41:54.362] [SEVERE ] placing card 69 in slot 1
[21:41:54.365] [SEVERE ] placing card 65 in slot 4
[21:41:54.368] [SEVERE ] updating countdown to 3000
[21:41:54.368] [SEVERE ] updating countdown to 3000
[21:41:54.369] [SEVERE ] updating countdown to 3000
[21:41:55.389] [SEVERE ] updating countdown to 2000
[21:41:56.404] [SEVERE ] updating countdown to 1000
[21:41:57.418] [SEVERE ] updating countdown to 0
[21:41:57.422] [SEVERE ] removing card from slot 1
[21:41:57.422] [SEVERE ] removing card from slot 7
[21:41:57.423] [SEVERE ] removing card from slot 10
[21:41:57.423] [SEVERE ] removing card from slot 0
[21:41:57.424] [SEVERE ] removing card from slot 6
[21:41:57.424] [SEVERE ] removing card from slot 5
[21:41:57.425] [SEVERE ] removing card from slot 2
[21:41:57.426] [SEVERE ] removing card from slot 3
[21:41:57.427] [SEVERE ] removing card from slot 8
[21:41:57.427] [SEVERE ] removing card from slot 9
[21:41:57.427] [SEVERE ] removing card from slot 4
[21:41:57.428] [SEVERE ] removing card from slot 11
[21:41:57.429] [SEVERE ] placing card 20 in slot 10
[21:41:57.429] [SEVERE ] placing card 5 in slot 9
[21:41:57.430] [SEVERE ] placing card 66 in slot 0
[21:41:57.431] [SEVERE ] placing card 71 in slot 4
[21:41:57.434] [SEVERE ] placing card 2 in slot 8
[21:41:57.436] [SEVERE ] placing card 38 in slot 3
[21:41:57.437] [SEVERE ] placing card 40 in slot 7
[21:41:57.438] [SEVERE ] placing card 60 in slot 2
[21:41:57.438] [SEVERE ] placing card 25 in slot 11
[21:41:57.440] [SEVERE ] placing card 64 in slot 6
[21:41:57.444] [SEVERE ] placing card 43 in slot 5
[21:41:57.445] [SEVERE ] placing card 57 in slot 1
[21:41:57.446] [SEVERE ] updating countdown to 3000
[21:41:57.447] [SEVERE ] updating countdown to 3000
[21:41:57.447] [SEVERE ] updating countdown to 3000
[21:41:58.466] [SEVERE ] updating countdown to 2000
[21:41:59.482] [SEVERE ] updating countdown to 1000
[21:42:00.499] [SEVERE ] updating countdown to 0
[21:42:00.500] [SEVERE ] removing card from slot 6
[21:42:00.500] [SEVERE ] removing card from slot 8
[21:42:00.501] [SEVERE ] removing card from slot 11
[21:42:00.502] [SEVERE ] removing card from slot 5
[21:42:00.502] [SEVERE ] removing card from slot 2
[21:42:00.503] [SEVERE ] removing card from slot 10
[21:42:00.503] [SEVERE ] removing card from slot 7
[21:42:00.504] [SEVERE ] removing card from slot 0
[21:42:00.504] [SEVERE ] removing card from slot 3
[21:42:00.505] [SEVERE ] removing card from slot 1
[21:42:00.505] [SEVERE ] removing card from slot 4
[21:42:00.506] [SEVERE ] removing card from slot 9
[21:42:00.508] [SEVERE ] placing card 53 in slot 4
[21:42:00.508] [SEVERE ] placing card 39 in slot 8
[21:42:00.509] [SEVERE ] placing card 0 in slot 2
[21:42:00.511] [SEVERE ] placing card 47 in slot 11
[21:42:00.513] [SEVERE ] placing card 12 in slot 3
[21:42:00.513] [SEVERE ] placing card 5 in slot 5
[21:42:00.514] [SEVERE ] placing card 76 in slot 9
[21:42:00.514] [SEVERE ] placing card 42 in slot 7
[21:42:00.516] [SEVERE ] placing card 40 in slot 0
[21:42:00.518] [SEVERE ] placing card 15 in slot 6
[21:42:00.519] [SEVERE ] placing card 56 in slot 1
[21:42:00.519] [SEVERE ] placing card 80 in slot 10
[21:42:00.522] [SEVERE ] updating countdown to 3000
[21:42:00.523] [SEVERE ] updating countdown to 3000
[21:42:00.523] [SEVERE ] updating countdown to 3000
[21:42:01.541] [SEVERE ] updating countdown to 2000
[21:42:02.559] [SEVERE ] updating countdown to 1000
