[02:15:09.631] [INFO   ] thread main starting.
[02:15:09.631] [SEVERE ] cannot read configuration file config.properties trying from resources.
[02:15:09.631] [SEVERE ] configuration file was loaded from resources directory.
[02:15:10.145] [INFO   ] thread dealer starting.
[02:15:10.145] [INFO   ] Thread dealer starting.
[02:15:10.172] [INFO   ] Thread player1starting.
[02:15:10.172] [INFO   ] Thread player0starting.
[02:15:10.179] [SEVERE ] placing card 8 in slot 7
[02:15:10.179] [SEVERE ] placing card 46 in slot 6
[02:15:10.180] [SEVERE ] placing card 20 in slot 10
[02:15:10.181] [SEVERE ] placing card 5 in slot 4
[02:15:10.215] [SEVERE ] placing card 67 in slot 8
[02:15:10.215] [SEVERE ] placing card 55 in slot 0
[02:15:10.218] [SEVERE ] placing card 57 in slot 5
[02:15:10.218] [SEVERE ] placing card 63 in slot 3
[02:15:10.218] [SEVERE ] placing card 50 in slot 2
[02:15:10.218] [SEVERE ] placing card 0 in slot 9
[02:15:10.218] [SEVERE ] placing card 25 in slot 1
[02:15:10.218] [SEVERE ] placing card 47 in slot 11
[02:15:10.218] [SEVERE ] updating countdown to 10000
[02:15:10.218] [SEVERE ] updating countdown to 10000
[02:15:11.238] [SEVERE ] updating countdown to 9000
[02:15:12.245] [SEVERE ] updating countdown to 8000
[02:15:13.254] [SEVERE ] updating countdown to 7000
[02:15:14.265] [SEVERE ] updating countdown to 6000
[02:15:15.271] [SEVERE ] updating countdown to 5000
[02:15:15.271] [SEVERE ] updating countdown to 5000
