[02:14:36.928] [INFO   ] thread main starting.
[02:14:36.928] [SEVERE ] cannot read configuration file config.properties trying from resources.
[02:14:36.944] [SEVERE ] configuration file was loaded from resources directory.
[02:14:37.428] [INFO   ] thread dealer starting.
[02:14:37.438] [INFO   ] Thread dealer starting.
[02:14:37.453] [INFO   ] Thread player1starting.
[02:14:37.453] [INFO   ] Thread player0starting.
[02:14:37.458] [SEVERE ] placing card 45 in slot 11
[02:14:37.458] [SEVERE ] placing card 70 in slot 7
[02:14:37.458] [SEVERE ] placing card 69 in slot 5
[02:14:37.458] [SEVERE ] placing card 32 in slot 9
[02:14:37.497] [SEVERE ] placing card 62 in slot 0
[02:14:37.497] [SEVERE ] placing card 7 in slot 4
[02:14:37.500] [SEVERE ] placing card 60 in slot 3
[02:14:37.500] [SEVERE ] placing card 31 in slot 10
[02:14:37.500] [SEVERE ] placing card 38 in slot 8
[02:14:37.500] [SEVERE ] placing card 33 in slot 2
[02:14:37.500] [SEVERE ] placing card 56 in slot 6
[02:14:37.500] [SEVERE ] placing card 52 in slot 1
[02:14:37.508] [SEVERE ] updating countdown to 60000
[02:14:37.508] [SEVERE ] updating countdown to 60000
[02:14:38.524] [SEVERE ] updating countdown to 59000
[02:14:39.531] [SEVERE ] updating countdown to 58000
[02:14:40.536] [SEVERE ] updating countdown to 57000
[02:14:41.543] [SEVERE ] updating countdown to 56000
[02:14:41.653] [SEVERE ] key 81 was pressed by player 1
[02:14:41.653] [SEVERE ] player 1 placing token on slot 0
[02:14:41.668] [SEVERE ] key 87 was pressed by player 1
[02:14:41.668] [SEVERE ] player 1 placing token on slot 1
[02:14:41.815] [SEVERE ] key 69 was pressed by player 1
[02:14:41.815] [SEVERE ] player 1 placing token on slot 2
[02:14:41.815] [SEVERE ] setting player 1 freeze to 3000
[02:14:42.549] [SEVERE ] updating countdown to 55000
[02:14:42.816] [SEVERE ] setting player 1 freeze to 2000
[02:14:43.555] [SEVERE ] updating countdown to 54000
[02:14:43.822] [SEVERE ] setting player 1 freeze to 1000
[02:14:44.563] [SEVERE ] updating countdown to 53000
[02:14:44.830] [SEVERE ] setting player 1 freeze to 0
[02:14:45.458] [SEVERE ] key 69 was pressed by player 1
[02:14:45.458] [SEVERE ] removing player 1 token from slot 2
[02:14:45.568] [SEVERE ] updating countdown to 52000
[02:14:45.599] [SEVERE ] key 87 was pressed by player 1
[02:14:45.599] [SEVERE ] removing player 1 token from slot 1
[02:14:45.835] [SEVERE ] key 81 was pressed by player 1
[02:14:45.835] [SEVERE ] removing player 1 token from slot 0
[02:14:46.574] [SEVERE ] updating countdown to 51000
[02:14:47.576] [SEVERE ] updating countdown to 50000
[02:14:47.608] [SEVERE ] key 81 was pressed by player 1
[02:14:47.608] [SEVERE ] player 1 placing token on slot 0
[02:14:48.015] [SEVERE ] key 69 was pressed by player 1
[02:14:48.015] [SEVERE ] player 1 placing token on slot 2
[02:14:48.582] [SEVERE ] updating countdown to 49000
[02:14:49.263] [SEVERE ] key 85 was pressed by player 2
[02:14:49.263] [SEVERE ] player 2 placing token on slot 0
[02:14:49.593] [SEVERE ] updating countdown to 48000
[02:14:49.720] [SEVERE ] key 79 was pressed by player 2
[02:14:49.720] [SEVERE ] player 2 placing token on slot 2
[02:14:50.608] [SEVERE ] updating countdown to 47000
[02:14:51.613] [SEVERE ] updating countdown to 46000
[02:14:52.005] [SEVERE ] key 65 was pressed by player 1
[02:14:52.005] [SEVERE ] player 1 placing token on slot 4
[02:14:52.005] [SEVERE ] removing player 1 token from slot 0
[02:14:52.005] [SEVERE ] removing player 2 token from slot 0
[02:14:52.005] [SEVERE ] removing card from slot 0
[02:14:52.005] [SEVERE ] removing player 1 token from slot 2
[02:14:52.005] [SEVERE ] removing player 2 token from slot 2
[02:14:52.005] [SEVERE ] removing card from slot 2
[02:14:52.005] [SEVERE ] removing player 1 token from slot 4
[02:14:52.005] [SEVERE ] removing card from slot 4
[02:14:52.005] [SEVERE ] setting player 1 freeze to 1000
[02:14:52.005] [SEVERE ] placing card 4 in slot 4
[02:14:52.005] [SEVERE ] placing card 16 in slot 0
[02:14:52.005] [SEVERE ] placing card 37 in slot 2
[02:14:52.005] [SEVERE ] updating countdown to 60000
[02:14:52.005] [SEVERE ] key 74 was pressed by player 2
[02:14:52.005] [SEVERE ] player 2 placing token on slot 4
[02:14:52.621] [SEVERE ] updating countdown to 59000
[02:14:53.014] [SEVERE ] setting player 1 freeze to 0
[02:14:53.014] [SEVERE ] setting player 1 score to 1
[02:14:53.627] [SEVERE ] updating countdown to 58000
[02:14:54.634] [SEVERE ] updating countdown to 57000
[02:14:55.119] [SEVERE ] key 65 was pressed by player 1
[02:14:55.119] [SEVERE ] player 1 placing token on slot 4
[02:14:55.638] [SEVERE ] updating countdown to 56000
[02:14:56.039] [SEVERE ] key 65 was pressed by player 1
[02:14:56.039] [SEVERE ] removing player 1 token from slot 4
[02:14:56.644] [SEVERE ] updating countdown to 55000
[02:14:56.879] [SEVERE ] key 74 was pressed by player 2
[02:14:56.879] [SEVERE ] removing player 2 token from slot 4
[02:14:57.649] [SEVERE ] updating countdown to 54000
[02:14:58.656] [SEVERE ] updating countdown to 53000
[02:14:59.661] [SEVERE ] updating countdown to 52000
[02:15:00.164] [SEVERE ] exit button pressed
[02:15:00.164] [INFO   ] Thread player0 terminated.
[02:15:00.164] [INFO   ] Thread player1 terminated.
[02:15:00.164] [SEVERE ] removing card from slot 3
[02:15:00.164] [SEVERE ] removing card from slot 6
[02:15:00.164] [SEVERE ] removing card from slot 0
[02:15:00.164] [SEVERE ] removing card from slot 10
[02:15:00.164] [SEVERE ] removing card from slot 4
[02:15:00.164] [SEVERE ] removing card from slot 9
[02:15:00.164] [SEVERE ] removing card from slot 8
[02:15:00.164] [SEVERE ] removing card from slot 11
[02:15:00.164] [SEVERE ] removing card from slot 7
[02:15:00.164] [SEVERE ] removing card from slot 2
[02:15:00.164] [SEVERE ] removing card from slot 5
[02:15:00.164] [SEVERE ] removing card from slot 1
[02:15:00.164] [SEVERE ] announcing winner(s): player 1
[02:15:00.164] [INFO   ] Thread dealer terminated.
[02:15:00.164] [INFO   ] thread dealer terminated.
[02:15:00.164] [SEVERE ] thanks for playing... it was fun!
[02:15:00.164] [INFO   ] thread main terminated.
