[00:58:08.080] [INFO   ] thread main starting.
[00:58:08.100] [SEVERE ] cannot read configuration file config.properties trying from resources.
[00:58:08.106] [SEVERE ] configuration file was loaded from resources directory.
[00:58:09.525] [INFO   ] thread dealer starting.
[00:58:09.528] [INFO   ] Thread player0starting.
[00:58:09.529] [INFO   ] Thread player1starting.
[00:58:09.528] [INFO   ] Thread player3starting.
[00:58:09.525] [INFO   ] Thread dealer starting.
[00:58:09.529] [INFO   ] Thread player2starting.
[00:58:09.537] [INFO   ] Thread computer-3 starting.
[00:58:09.538] [INFO   ] Thread computer-0 starting.
[00:58:09.537] [INFO   ] Thread computer-1 starting.
[00:58:09.565] [INFO   ] Thread computer-2 starting.
[00:58:09.555] [SEVERE ] placing card 0 in slot 11
[00:58:09.652] [SEVERE ] placing card 32 in slot 5
[00:58:09.667] [SEVERE ] placing card 26 in slot 9
[00:58:09.681] [SEVERE ] placing card 70 in slot 8
[00:58:09.770] [SEVERE ] placing card 67 in slot 7
[00:58:09.810] [SEVERE ] placing card 74 in slot 2
[00:58:09.818] [SEVERE ] placing card 9 in slot 6
[00:58:09.880] [SEVERE ] placing card 66 in slot 3
[00:58:09.886] [SEVERE ] placing card 78 in slot 1
[00:58:09.919] [SEVERE ] placing card 1 in slot 4
[00:58:09.992] [SEVERE ] placing card 5 in slot 0
[00:58:10.031] [SEVERE ] placing card 50 in slot 10
[00:58:10.036] [SEVERE ] updating countdown to 3000
[00:58:10.046] [SEVERE ] player 4 placing token on slot 9
[00:58:10.047] [SEVERE ] updating countdown to 3000
[00:58:10.047] [SEVERE ] player 4 placing token on slot 4
[00:58:10.049] [SEVERE ] player 4 placing token on slot 11
[00:58:10.052] [SEVERE ] updating countdown to 3000
[00:58:10.056] [SEVERE ] setting player 4 freeze to 0
[00:58:10.068] [SEVERE ] removing player 4 token from slot 11
[00:58:10.068] [SEVERE ] removing player 4 token from slot 4
[00:58:10.068] [SEVERE ] player 4 placing token on slot 6
[00:58:10.069] [SEVERE ] player 4 placing token on slot 11
[00:58:10.071] [SEVERE ] setting player 4 freeze to 0
[00:58:10.074] [SEVERE ] player 3 placing token on slot 0
[00:58:10.078] [SEVERE ] player 3 placing token on slot 5
[00:58:10.079] [SEVERE ] player 3 placing token on slot 11
[00:58:10.115] [SEVERE ] setting player 3 freeze to 0
[00:58:10.116] [SEVERE ] player 1 placing token on slot 11
[00:58:10.117] [SEVERE ] player 1 placing token on slot 4
[00:58:10.117] [SEVERE ] player 1 placing token on slot 5
[00:58:10.118] [SEVERE ] setting player 1 freeze to 0
[00:58:10.121] [SEVERE ] removing player 3 token from slot 11
[00:58:10.121] [SEVERE ] player 3 placing token on slot 3
[00:58:10.126] [SEVERE ] setting player 3 freeze to 0
[00:58:10.126] [SEVERE ] removing player 3 token from slot 0
[00:58:10.126] [SEVERE ] player 3 placing token on slot 6
[00:58:10.131] [SEVERE ] setting player 3 freeze to 0
[00:58:10.131] [SEVERE ] removing player 3 token from slot 6
[00:58:10.131] [SEVERE ] player 3 placing token on slot 1
[00:58:10.138] [SEVERE ] setting player 3 freeze to 0
[00:58:10.145] [SEVERE ] player 2 placing token on slot 4
[00:58:10.145] [SEVERE ] player 2 placing token on slot 0
[00:58:10.145] [SEVERE ] player 2 placing token on slot 10
[00:58:10.148] [SEVERE ] setting player 2 freeze to 0
[00:58:10.150] [SEVERE ] removing player 4 token from slot 6
[00:58:10.150] [SEVERE ] removing player 4 token from slot 11
[00:58:10.150] [SEVERE ] player 4 placing token on slot 10
[00:58:10.152] [SEVERE ] player 4 placing token on slot 6
[00:58:10.153] [SEVERE ] setting player 4 freeze to 0
[00:58:10.154] [SEVERE ] removing player 4 token from slot 9
[00:58:10.154] [SEVERE ] player 4 placing token on slot 2
[00:58:10.155] [SEVERE ] setting player 4 freeze to 0
[00:58:10.156] [SEVERE ] removing player 3 token from slot 5
[00:58:10.156] [SEVERE ] removing player 3 token from slot 3
[00:58:10.157] [SEVERE ] player 3 placing token on slot 4
[00:58:10.157] [SEVERE ] player 3 placing token on slot 5
[00:58:10.158] [SEVERE ] setting player 3 freeze to 0
[00:58:10.160] [SEVERE ] removing player 3 token from slot 5
[00:58:10.160] [SEVERE ] player 3 placing token on slot 9
[00:58:10.162] [SEVERE ] setting player 3 freeze to 0
[00:58:10.163] [SEVERE ] removing player 2 token from slot 10
[00:58:10.163] [SEVERE ] player 2 placing token on slot 2
[00:58:10.164] [SEVERE ] setting player 2 freeze to 0
[00:58:10.166] [SEVERE ] removing player 2 token from slot 4
[00:58:10.166] [SEVERE ] removing player 2 token from slot 2
[00:58:10.166] [SEVERE ] player 2 placing token on slot 3
[00:58:10.167] [SEVERE ] removing player 4 token from slot 2
[00:58:10.167] [SEVERE ] removing player 4 token from slot 6
[00:58:10.167] [SEVERE ] player 2 placing token on slot 4
[00:58:10.168] [SEVERE ] setting player 2 freeze to 0
[00:58:10.169] [SEVERE ] removing player 3 token from slot 9
[00:58:10.169] [SEVERE ] removing player 1 token from slot 11
[00:58:10.171] [SEVERE ] player 1 placing token on slot 1
[00:58:10.171] [SEVERE ] setting player 1 freeze to 0
[00:58:10.172] [SEVERE ] player 3 placing token on slot 5
[00:58:10.174] [SEVERE ] setting player 3 freeze to 0
[00:58:10.174] [SEVERE ] removing player 3 token from slot 4
[00:58:10.174] [SEVERE ] player 3 placing token on slot 0
[00:58:10.176] [SEVERE ] setting player 3 freeze to 0
[00:58:10.176] [SEVERE ] removing player 2 token from slot 3
[00:58:10.176] [SEVERE ] player 4 placing token on slot 11
[00:58:10.204] [SEVERE ] player 4 placing token on slot 2
[00:58:10.206] [SEVERE ] setting player 4 freeze to 0
[00:58:10.206] [SEVERE ] player 2 placing token on slot 2
[00:58:10.212] [SEVERE ] setting player 2 freeze to 0
[00:58:10.214] [SEVERE ] removing player 2 token from slot 0
[00:58:10.214] [SEVERE ] player 2 placing token on slot 3
[00:58:10.215] [SEVERE ] setting player 2 freeze to 0
[00:58:10.216] [SEVERE ] removing player 2 token from slot 3
[00:58:10.217] [SEVERE ] player 2 placing token on slot 1
[00:58:10.219] [SEVERE ] setting player 2 freeze to 0
[00:58:10.226] [SEVERE ] removing player 2 token from slot 4
[00:58:10.226] [SEVERE ] player 2 placing token on slot 5
[00:58:10.228] [SEVERE ] setting player 2 freeze to 0
[00:58:10.229] [SEVERE ] removing player 3 token from slot 0
[00:58:10.230] [SEVERE ] player 3 placing token on slot 4
[00:58:10.233] [SEVERE ] setting player 3 freeze to 0
[00:58:10.233] [SEVERE ] removing player 3 token from slot 5
[00:58:10.233] [SEVERE ] player 3 placing token on slot 3
[00:58:10.235] [SEVERE ] setting player 3 freeze to 0
[00:58:10.235] [SEVERE ] removing player 3 token from slot 1
[00:58:10.236] [SEVERE ] player 3 placing token on slot 11
[00:58:10.237] [SEVERE ] setting player 3 freeze to 0
[00:58:10.238] [SEVERE ] removing player 3 token from slot 4
[00:58:10.238] [SEVERE ] player 3 placing token on slot 0
[00:58:10.240] [SEVERE ] setting player 3 freeze to 0
[00:58:10.240] [SEVERE ] removing player 3 token from slot 3
[00:58:10.240] [SEVERE ] player 3 placing token on slot 6
[00:58:10.241] [SEVERE ] setting player 3 freeze to 0
[00:58:10.244] [SEVERE ] removing player 3 token from slot 11
[00:58:10.244] [SEVERE ] player 3 placing token on slot 1
[00:58:10.246] [SEVERE ] setting player 3 freeze to 0
[00:58:10.246] [SEVERE ] removing player 3 token from slot 6
[00:58:10.247] [SEVERE ] player 3 placing token on slot 9
[00:58:10.317] [SEVERE ] setting player 3 freeze to 0
[00:58:10.318] [SEVERE ] removing player 1 token from slot 1
[00:58:10.318] [SEVERE ] removing player 1 token from slot 4
[00:58:10.319] [SEVERE ] removing player 3 token from slot 1
[00:58:10.319] [SEVERE ] player 3 placing token on slot 10
[00:58:10.319] [SEVERE ] setting player 3 freeze to 0
[00:58:10.320] [SEVERE ] removing player 3 token from slot 9
[00:58:10.320] [SEVERE ] player 3 placing token on slot 8
[00:58:10.321] [SEVERE ] setting player 3 freeze to 0
[00:58:10.322] [SEVERE ] removing player 3 token from slot 0
[00:58:10.322] [SEVERE ] player 3 placing token on slot 2
[00:58:10.325] [SEVERE ] setting player 3 freeze to 0
[00:58:10.326] [SEVERE ] removing player 3 token from slot 10
[00:58:10.327] [SEVERE ] removing player 3 token from slot 2
[00:58:10.327] [SEVERE ] player 3 placing token on slot 3
[00:58:10.328] [SEVERE ] player 3 placing token on slot 10
[00:58:10.336] [SEVERE ] setting player 3 freeze to 0
[00:58:10.336] [SEVERE ] removing player 3 token from slot 3
[00:58:10.336] [SEVERE ] player 3 placing token on slot 7
[00:58:10.349] [SEVERE ] setting player 3 freeze to 0
[00:58:10.350] [SEVERE ] removing player 3 token from slot 8
[00:58:10.350] [SEVERE ] player 3 placing token on slot 2
[00:58:10.353] [SEVERE ] setting player 3 freeze to 0
[00:58:10.353] [SEVERE ] removing player 3 token from slot 2
[00:58:10.353] [SEVERE ] player 3 placing token on slot 6
[00:58:10.354] [SEVERE ] setting player 3 freeze to 0
[00:58:10.354] [SEVERE ] removing player 3 token from slot 6
[00:58:10.354] [SEVERE ] removing player 3 token from slot 10
[00:58:10.354] [SEVERE ] player 3 placing token on slot 4
[00:58:10.354] [SEVERE ] player 3 placing token on slot 6
[00:58:10.357] [SEVERE ] setting player 3 freeze to 0
[00:58:10.358] [SEVERE ] removing player 2 token from slot 5
[00:58:10.358] [SEVERE ] removing player 2 token from slot 1
[00:58:10.359] [SEVERE ] player 2 placing token on slot 3
[00:58:10.359] [SEVERE ] player 2 placing token on slot 5
[00:58:10.369] [SEVERE ] setting player 2 freeze to 0
[00:58:10.369] [SEVERE ] removing player 2 token from slot 5
[00:58:10.370] [SEVERE ] removing player 4 token from slot 10
[00:58:10.370] [SEVERE ] player 4 placing token on slot 8
[00:58:10.376] [SEVERE ] setting player 4 freeze to 0
[00:58:10.377] [SEVERE ] removing player 4 token from slot 11
[00:58:10.377] [SEVERE ] player 2 placing token on slot 10
[00:58:10.379] [SEVERE ] setting player 2 freeze to 0
[00:58:10.379] [SEVERE ] removing player 2 token from slot 2
[00:58:10.380] [SEVERE ] player 2 placing token on slot 1
[00:58:10.380] [SEVERE ] setting player 2 freeze to 0
[00:58:10.380] [SEVERE ] removing player 2 token from slot 10
[00:58:10.381] [SEVERE ] player 2 placing token on slot 7
[00:58:10.382] [SEVERE ] setting player 2 freeze to 0
[00:58:10.383] [SEVERE ] removing player 2 token from slot 7
[00:58:10.383] [SEVERE ] player 2 placing token on slot 6
[00:58:10.383] [SEVERE ] setting player 2 freeze to 0
[00:58:10.383] [SEVERE ] removing player 2 token from slot 3
[00:58:10.383] [SEVERE ] player 2 placing token on slot 2
[00:58:10.385] [SEVERE ] setting player 2 freeze to 0
[00:58:10.411] [SEVERE ] removing player 2 token from slot 6
[00:58:10.412] [SEVERE ] player 2 placing token on slot 8
[00:58:10.413] [SEVERE ] setting player 2 freeze to 0
[00:58:10.414] [SEVERE ] removing player 2 token from slot 8
[00:58:10.415] [SEVERE ] player 2 placing token on slot 7
[00:58:10.415] [SEVERE ] setting player 2 freeze to 0
[00:58:10.416] [SEVERE ] removing player 2 token from slot 2
[00:58:10.416] [SEVERE ] player 2 placing token on slot 9
[00:58:10.416] [SEVERE ] setting player 2 freeze to 0
[00:58:10.416] [SEVERE ] removing player 2 token from slot 9
[00:58:10.428] [SEVERE ] player 2 placing token on slot 5
[00:58:10.430] [SEVERE ] setting player 2 freeze to 0
[00:58:10.435] [SEVERE ] removing player 3 token from slot 4
[00:58:10.436] [SEVERE ] player 3 placing token on slot 8
[00:58:10.437] [SEVERE ] setting player 3 freeze to 0
[00:58:10.438] [SEVERE ] removing player 3 token from slot 6
[00:58:10.438] [SEVERE ] player 3 placing token on slot 2
[00:58:10.439] [SEVERE ] setting player 3 freeze to 0
[00:58:10.439] [SEVERE ] removing player 3 token from slot 7
[00:58:10.439] [SEVERE ] player 3 placing token on slot 1
[00:58:10.439] [SEVERE ] setting player 3 freeze to 0
[00:58:10.439] [SEVERE ] removing player 3 token from slot 8
[00:58:10.439] [SEVERE ] removing player 3 token from slot 2
[00:58:10.439] [SEVERE ] removing player 3 token from slot 1
[00:58:10.439] [SEVERE ] player 3 placing token on slot 8
[00:58:10.439] [SEVERE ] player 3 placing token on slot 2
[00:58:10.439] [SEVERE ] player 3 placing token on slot 1
[00:58:10.439] [SEVERE ] setting player 3 freeze to 0
[00:58:10.439] [SEVERE ] removing player 3 token from slot 1
[00:58:10.448] [SEVERE ] player 3 placing token on slot 6
[00:58:10.449] [SEVERE ] setting player 3 freeze to 0
[00:58:10.450] [SEVERE ] player 1 placing token on slot 8
[00:58:10.450] [SEVERE ] player 1 placing token on slot 1
[00:58:10.450] [SEVERE ] setting player 1 freeze to 0
[00:58:10.450] [SEVERE ] removing player 1 token from slot 5
[00:58:10.450] [SEVERE ] player 1 placing token on slot 10
[00:58:10.450] [SEVERE ] setting player 1 freeze to 0
[00:58:10.450] [SEVERE ] removing player 2 token from slot 5
[00:58:10.450] [SEVERE ] player 2 placing token on slot 3
[00:58:10.450] [SEVERE ] setting player 2 freeze to 0
[00:58:10.801] [SEVERE ] removing player 2 token from slot 3
[00:58:10.801] [SEVERE ] player 2 placing token on slot 6
[00:58:10.801] [SEVERE ] setting player 2 freeze to 0
[00:58:10.801] [SEVERE ] removing player 2 token from slot 6
[00:58:10.801] [SEVERE ] player 2 placing token on slot 5
[00:58:10.801] [SEVERE ] setting player 2 freeze to 0
[00:58:10.809] [SEVERE ] removing player 4 token from slot 2
[00:58:10.809] [SEVERE ] player 4 placing token on slot 6
[00:58:10.810] [SEVERE ] removing player 3 token from slot 2
[00:58:10.810] [SEVERE ] removing player 3 token from slot 6
[00:58:10.811] [SEVERE ] player 3 placing token on slot 3
[00:58:10.811] [SEVERE ] removing player 1 token from slot 1
[00:58:10.811] [SEVERE ] player 1 placing token on slot 4
[00:58:10.813] [SEVERE ] setting player 1 freeze to 0
[00:58:10.813] [SEVERE ] removing player 1 token from slot 10
[00:58:10.816] [SEVERE ] removing player 1 token from slot 8
[00:58:10.816] [SEVERE ] player 1 placing token on slot 1
[00:58:10.816] [SEVERE ] player 3 placing token on slot 2
[00:58:10.818] [SEVERE ] setting player 3 freeze to 0
[00:58:10.822] [SEVERE ] removing player 2 token from slot 5
[00:58:10.822] [SEVERE ] player 2 placing token on slot 2
[00:58:10.826] [SEVERE ] setting player 2 freeze to 0
[00:58:10.826] [SEVERE ] player 4 placing token on slot 11
[00:58:10.834] [SEVERE ] setting player 4 freeze to 0
[00:58:10.834] [SEVERE ] removing player 4 token from slot 6
[00:58:10.834] [SEVERE ] player 4 placing token on slot 5
[00:58:10.834] [SEVERE ] setting player 4 freeze to 0
[00:58:10.836] [SEVERE ] removing player 3 token from slot 2
[00:58:10.836] [SEVERE ] player 3 placing token on slot 7
[00:58:10.836] [SEVERE ] setting player 3 freeze to 0
[00:58:10.838] [SEVERE ] player 1 placing token on slot 9
[00:58:10.842] [SEVERE ] setting player 1 freeze to 0
[00:58:10.842] [SEVERE ] removing player 1 token from slot 1
[00:58:10.842] [SEVERE ] player 1 placing token on slot 5
[00:58:10.842] [SEVERE ] setting player 1 freeze to 0
[00:58:10.851] [SEVERE ] removing player 2 token from slot 1
[00:58:10.851] [SEVERE ] player 2 placing token on slot 11
[00:58:10.852] [SEVERE ] setting player 2 freeze to 0
[00:58:10.853] [SEVERE ] removing player 4 token from slot 8
[00:58:10.853] [SEVERE ] player 4 placing token on slot 1
[00:58:10.854] [SEVERE ] setting player 4 freeze to 0
[00:58:10.854] [SEVERE ] removing player 2 token from slot 7
[00:58:10.854] [SEVERE ] player 2 placing token on slot 5
[00:58:10.855] [SEVERE ] setting player 2 freeze to 0
[00:58:10.856] [SEVERE ] removing player 3 token from slot 8
[00:58:10.856] [SEVERE ] player 3 placing token on slot 4
[00:58:10.864] [SEVERE ] setting player 3 freeze to 0
[00:58:10.865] [SEVERE ] removing player 3 token from slot 3
[00:58:10.865] [SEVERE ] player 3 placing token on slot 5
[00:58:10.866] [SEVERE ] setting player 3 freeze to 0
[00:58:10.868] [SEVERE ] removing player 4 token from slot 11
[00:58:10.868] [SEVERE ] player 4 placing token on slot 8
[00:58:10.871] [SEVERE ] setting player 4 freeze to 0
[00:58:10.871] [SEVERE ] removing player 4 token from slot 1
[00:58:10.871] [SEVERE ] removing player 3 token from slot 5
[00:58:10.871] [SEVERE ] player 3 placing token on slot 11
[00:58:10.871] [SEVERE ] setting player 3 freeze to 0
[00:58:10.871] [SEVERE ] removing player 3 token from slot 4
[00:58:10.871] [SEVERE ] player 3 placing token on slot 1
[00:58:10.877] [SEVERE ] setting player 3 freeze to 0
[00:58:10.877] [SEVERE ] removing player 3 token from slot 11
[00:58:10.878] [SEVERE ] player 3 placing token on slot 10
[00:58:10.878] [SEVERE ] setting player 3 freeze to 0
[00:58:10.879] [SEVERE ] player 4 placing token on slot 4
[00:58:10.879] [SEVERE ] setting player 4 freeze to 0
[00:58:10.883] [SEVERE ] removing player 2 token from slot 2
[00:58:10.883] [SEVERE ] player 2 placing token on slot 9
[00:58:10.884] [SEVERE ] setting player 2 freeze to 0
[00:58:10.884] [SEVERE ] removing player 3 token from slot 1
[00:58:10.884] [SEVERE ] removing player 4 token from slot 4
[00:58:10.884] [SEVERE ] player 4 placing token on slot 7
[00:58:10.884] [SEVERE ] setting player 4 freeze to 0
[00:58:10.884] [SEVERE ] removing player 2 token from slot 11
[00:58:10.884] [SEVERE ] player 2 placing token on slot 8
[00:58:10.884] [SEVERE ] setting player 2 freeze to 0
[00:58:10.884] [SEVERE ] removing player 2 token from slot 9
[00:58:10.884] [SEVERE ] player 2 placing token on slot 7
[00:58:10.890] [SEVERE ] setting player 2 freeze to 0
[00:58:10.891] [SEVERE ] removing player 2 token from slot 5
[00:58:10.891] [SEVERE ] player 3 placing token on slot 0
[00:58:10.900] [SEVERE ] setting player 3 freeze to 0
[00:58:10.901] [SEVERE ] removing player 3 token from slot 7
[00:58:10.901] [SEVERE ] removing player 3 token from slot 0
[00:58:10.901] [SEVERE ] removing player 4 token from slot 5
[00:58:10.901] [SEVERE ] player 4 placing token on slot 2
[00:58:10.915] [SEVERE ] setting player 4 freeze to 0
[00:58:10.916] [SEVERE ] removing player 4 token from slot 2
[00:58:10.916] [SEVERE ] player 4 placing token on slot 4
[00:58:10.919] [SEVERE ] setting player 4 freeze to 0
[00:58:10.919] [SEVERE ] removing player 4 token from slot 7
[00:58:10.919] [SEVERE ] player 4 placing token on slot 1
[00:58:10.933] [SEVERE ] setting player 4 freeze to 0
[00:58:10.934] [SEVERE ] removing player 4 token from slot 8
[00:58:10.934] [SEVERE ] player 4 placing token on slot 7
[00:58:10.936] [SEVERE ] setting player 4 freeze to 0
[00:58:10.936] [SEVERE ] removing player 4 token from slot 4
[00:58:10.936] [SEVERE ] player 4 placing token on slot 10
[00:58:10.938] [SEVERE ] setting player 4 freeze to 0
[00:58:10.939] [SEVERE ] removing player 4 token from slot 7
[00:58:10.939] [SEVERE ] player 4 placing token on slot 9
[00:58:10.942] [SEVERE ] setting player 4 freeze to 0
[00:58:10.942] [SEVERE ] removing player 4 token from slot 9
[00:58:10.942] [SEVERE ] player 2 placing token on slot 10
[00:58:10.942] [SEVERE ] setting player 2 freeze to 0
[00:58:10.943] [SEVERE ] player 4 placing token on slot 4
[00:58:10.943] [SEVERE ] setting player 4 freeze to 0
[00:58:10.943] [SEVERE ] removing player 4 token from slot 10
[00:58:10.943] [SEVERE ] player 4 placing token on slot 7
[00:58:10.943] [SEVERE ] setting player 4 freeze to 0
[00:58:10.943] [SEVERE ] removing player 4 token from slot 1
[00:58:10.947] [SEVERE ] player 4 placing token on slot 11
[00:58:10.948] [SEVERE ] setting player 4 freeze to 0
[00:58:10.948] [SEVERE ] removing player 4 token from slot 4
[00:58:10.948] [SEVERE ] player 4 placing token on slot 1
[00:58:10.950] [SEVERE ] setting player 4 freeze to 0
[00:58:10.950] [SEVERE ] removing player 4 token from slot 1
[00:58:10.950] [SEVERE ] player 4 placing token on slot 5
[00:58:10.950] [SEVERE ] setting player 4 freeze to 0
[00:58:10.950] [SEVERE ] removing player 4 token from slot 7
[00:58:10.950] [SEVERE ] player 4 placing token on slot 0
[00:58:10.950] [SEVERE ] setting player 4 freeze to 0
[00:58:10.950] [SEVERE ] removing player 4 token from slot 11
[00:58:10.950] [SEVERE ] player 4 placing token on slot 2
[00:58:10.950] [SEVERE ] setting player 4 freeze to 0
[00:58:10.950] [SEVERE ] removing player 4 token from slot 2
[00:58:10.950] [SEVERE ] removing player 4 token from slot 0
[00:58:10.950] [SEVERE ] player 4 placing token on slot 4
[00:58:10.950] [SEVERE ] player 4 placing token on slot 2
[00:58:10.950] [SEVERE ] setting player 4 freeze to 0
[00:58:10.950] [SEVERE ] removing player 4 token from slot 2
[00:58:10.950] [SEVERE ] player 4 placing token on slot 1
[00:58:10.950] [SEVERE ] setting player 4 freeze to 0
[00:58:10.950] [SEVERE ] removing player 4 token from slot 4
[00:58:10.950] [SEVERE ] player 4 placing token on slot 10
[00:58:10.950] [SEVERE ] setting player 4 freeze to 0
[00:58:10.950] [SEVERE ] removing player 4 token from slot 1
[00:58:10.950] [SEVERE ] player 4 placing token on slot 8
[00:58:10.950] [SEVERE ] setting player 4 freeze to 0
[00:58:10.950] [SEVERE ] removing player 4 token from slot 10
[00:58:10.950] [SEVERE ] player 4 placing token on slot 9
[00:58:10.950] [SEVERE ] setting player 4 freeze to 0
[00:58:10.950] [SEVERE ] removing player 4 token from slot 5
[00:58:10.950] [SEVERE ] player 4 placing token on slot 6
[00:58:10.966] [SEVERE ] setting player 4 freeze to 0
[00:58:10.966] [SEVERE ] removing player 4 token from slot 8
[00:58:10.966] [SEVERE ] player 3 placing token on slot 6
[00:58:10.966] [SEVERE ] player 3 placing token on slot 7
[00:58:10.966] [SEVERE ] setting player 3 freeze to 0
[00:58:10.966] [SEVERE ] removing player 3 token from slot 7
[00:58:10.966] [SEVERE ] removing player 3 token from slot 6
[00:58:10.966] [SEVERE ] player 4 placing token on slot 11
[00:58:10.966] [SEVERE ] setting player 4 freeze to 0
[00:58:10.978] [SEVERE ] removing player 2 token from slot 8
[00:58:10.978] [SEVERE ] removing player 2 token from slot 10
[00:58:10.978] [SEVERE ] player 2 placing token on slot 11
[00:58:10.979] [SEVERE ] removing player 4 token from slot 11
[00:58:10.979] [SEVERE ] player 3 placing token on slot 5
[00:58:10.979] [SEVERE ] player 3 placing token on slot 7
[00:58:10.994] [SEVERE ] setting player 3 freeze to 0
[00:58:10.995] [SEVERE ] removing player 1 token from slot 5
[00:58:10.995] [SEVERE ] player 1 placing token on slot 1
[00:58:10.999] [SEVERE ] setting player 1 freeze to 0
[00:58:10.999] [SEVERE ] removing player 1 token from slot 1
[00:58:10.999] [SEVERE ] player 1 placing token on slot 7
[00:58:11.006] [SEVERE ] setting player 1 freeze to 0
[00:58:11.006] [SEVERE ] removing player 1 token from slot 9
[00:58:11.006] [SEVERE ] player 1 placing token on slot 11
[00:58:11.006] [SEVERE ] setting player 1 freeze to 0
[00:58:11.006] [SEVERE ] removing player 1 token from slot 4
[00:58:11.006] [SEVERE ] player 1 placing token on slot 5
[00:58:11.006] [SEVERE ] setting player 1 freeze to 0
[00:58:11.006] [SEVERE ] removing player 1 token from slot 11
[00:58:11.012] [SEVERE ] player 1 placing token on slot 4
[00:58:11.012] [SEVERE ] setting player 1 freeze to 0
[00:58:11.013] [SEVERE ] removing player 1 token from slot 5
[00:58:11.013] [SEVERE ] player 1 placing token on slot 6
[00:58:11.013] [SEVERE ] setting player 1 freeze to 0
[00:58:11.013] [SEVERE ] removing player 1 token from slot 7
[00:58:11.013] [SEVERE ] player 1 placing token on slot 1
[00:58:11.013] [SEVERE ] setting player 1 freeze to 0
[00:58:11.013] [SEVERE ] removing player 1 token from slot 6
[00:58:11.013] [SEVERE ] player 1 placing token on slot 0
[00:58:11.017] [SEVERE ] setting player 1 freeze to 0
[00:58:11.017] [SEVERE ] removing player 1 token from slot 4
[00:58:11.018] [SEVERE ] player 1 placing token on slot 8
[00:58:11.018] [SEVERE ] setting player 1 freeze to 0
[00:58:11.018] [SEVERE ] removing player 3 token from slot 5
[00:58:11.018] [SEVERE ] player 3 placing token on slot 8
[00:58:11.024] [SEVERE ] setting player 3 freeze to 0
[00:58:11.029] [SEVERE ] removing player 3 token from slot 8
[00:58:11.030] [SEVERE ] player 3 placing token on slot 2
[00:58:11.035] [SEVERE ] setting player 3 freeze to 0
[00:58:11.036] [SEVERE ] removing player 3 token from slot 10
[00:58:11.036] [SEVERE ] player 3 placing token on slot 0
[00:58:11.036] [SEVERE ] setting player 3 freeze to 0
[00:58:11.041] [SEVERE ] removing player 3 token from slot 0
[00:58:11.041] [SEVERE ] player 3 placing token on slot 3
[00:58:11.045] [SEVERE ] setting player 3 freeze to 0
[00:58:11.045] [SEVERE ] removing player 3 token from slot 2
[00:58:11.045] [SEVERE ] player 3 placing token on slot 6
[00:58:11.050] [SEVERE ] setting player 3 freeze to 0
[00:58:11.050] [SEVERE ] removing player 3 token from slot 3
[00:58:11.076] [SEVERE ] player 3 placing token on slot 8
[00:58:11.081] [SEVERE ] setting player 3 freeze to 0
[00:58:11.081] [SEVERE ] removing player 3 token from slot 7
[00:58:11.081] [SEVERE ] removing player 3 token from slot 6
[00:58:11.082] [SEVERE ] player 3 placing token on slot 1
[00:58:11.082] [SEVERE ] player 4 placing token on slot 0
[00:58:11.083] [SEVERE ] setting player 4 freeze to 0
[00:58:11.083] [SEVERE ] removing player 4 token from slot 0
[00:58:11.083] [SEVERE ] player 4 placing token on slot 1
[00:58:11.084] [SEVERE ] setting player 4 freeze to 0
[00:58:11.085] [SEVERE ] removing player 4 token from slot 1
[00:58:11.085] [SEVERE ] player 4 placing token on slot 7
[00:58:11.085] [SEVERE ] setting player 4 freeze to 0
[00:58:11.086] [SEVERE ] removing player 4 token from slot 9
[00:58:11.086] [SEVERE ] removing player 4 token from slot 6
[00:58:11.086] [SEVERE ] player 4 placing token on slot 4
[00:58:11.086] [SEVERE ] player 4 placing token on slot 9
[00:58:11.088] [SEVERE ] setting player 4 freeze to 0
[00:58:11.088] [SEVERE ] removing player 4 token from slot 9
[00:58:11.088] [SEVERE ] player 4 placing token on slot 1
[00:58:11.088] [SEVERE ] setting player 4 freeze to 0
[00:58:11.089] [SEVERE ] removing player 4 token from slot 1
[00:58:11.089] [SEVERE ] player 2 placing token on slot 9
[00:58:11.089] [SEVERE ] setting player 2 freeze to 0
[00:58:11.089] [SEVERE ] removing player 2 token from slot 9
[00:58:11.089] [SEVERE ] player 2 placing token on slot 8
[00:58:11.104] [SEVERE ] player 4 placing token on slot 2
[00:58:11.104] [SEVERE ] setting player 2 freeze to 0
[00:58:11.112] [SEVERE ] setting player 4 freeze to 0
[00:58:11.113] [SEVERE ] removing player 4 token from slot 2
[00:58:11.113] [SEVERE ] player 4 placing token on slot 3
[00:58:11.113] [SEVERE ] setting player 4 freeze to 0
[00:58:11.113] [SEVERE ] removing player 4 token from slot 7
[00:58:11.113] [SEVERE ] player 4 placing token on slot 6
[00:58:11.113] [SEVERE ] setting player 4 freeze to 0
[00:58:11.113] [SEVERE ] removing player 4 token from slot 4
[00:58:11.113] [SEVERE ] player 4 placing token on slot 0
[00:58:11.113] [SEVERE ] setting player 4 freeze to 0
[00:58:11.113] [SEVERE ] removing player 4 token from slot 0
[00:58:11.113] [SEVERE ] player 4 placing token on slot 9
[00:58:11.129] [SEVERE ] setting player 4 freeze to 0
[00:58:11.129] [SEVERE ] removing player 4 token from slot 9
[00:58:11.129] [SEVERE ] player 4 placing token on slot 4
[00:58:11.129] [SEVERE ] setting player 4 freeze to 0
[00:58:11.129] [SEVERE ] removing player 4 token from slot 3
[00:58:11.129] [SEVERE ] player 4 placing token on slot 10
[00:58:11.129] [SEVERE ] setting player 4 freeze to 0
[00:58:11.129] [SEVERE ] removing player 4 token from slot 4
[00:58:11.129] [SEVERE ] player 4 placing token on slot 7
[00:58:11.129] [SEVERE ] setting player 4 freeze to 0
[00:58:11.129] [SEVERE ] removing player 4 token from slot 10
[00:58:11.129] [SEVERE ] player 4 placing token on slot 3
[00:58:11.129] [SEVERE ] setting player 4 freeze to 0
[00:58:11.129] [SEVERE ] removing player 4 token from slot 3
[00:58:11.129] [SEVERE ] player 4 placing token on slot 2
[00:58:11.129] [SEVERE ] setting player 4 freeze to 0
[00:58:11.129] [SEVERE ] removing player 4 token from slot 7
[00:58:11.129] [SEVERE ] removing player 4 token from slot 6
[00:58:11.129] [SEVERE ] player 4 placing token on slot 11
[00:58:11.129] [SEVERE ] player 4 placing token on slot 7
[00:58:11.146] [SEVERE ] setting player 4 freeze to 0
[00:58:11.147] [SEVERE ] removing player 4 token from slot 7
[00:58:11.148] [SEVERE ] player 4 placing token on slot 9
[00:58:11.149] [SEVERE ] setting player 4 freeze to 0
[00:58:11.152] [SEVERE ] removing player 4 token from slot 11
[00:58:11.152] [SEVERE ] player 4 placing token on slot 6
[00:58:11.153] [SEVERE ] setting player 4 freeze to 0
[00:58:11.153] [SEVERE ] removing player 4 token from slot 2
[00:58:11.153] [SEVERE ] removing player 4 token from slot 6
[00:58:11.153] [SEVERE ] player 4 placing token on slot 3
[00:58:11.153] [SEVERE ] player 4 placing token on slot 2
[00:58:11.153] [SEVERE ] setting player 4 freeze to 0
[00:58:11.153] [SEVERE ] removing player 4 token from slot 9
[00:58:11.153] [SEVERE ] player 4 placing token on slot 4
[00:58:11.153] [SEVERE ] setting player 4 freeze to 0
[00:58:11.153] [SEVERE ] removing player 4 token from slot 2
[00:58:11.157] [SEVERE ] removing player 4 token from slot 4
[00:58:11.157] [SEVERE ] player 4 placing token on slot 0
[00:58:11.158] [SEVERE ] player 4 placing token on slot 2
[00:58:11.159] [SEVERE ] setting player 4 freeze to 0
[00:58:11.159] [SEVERE ] removing player 4 token from slot 3
[00:58:11.160] [SEVERE ] player 4 placing token on slot 5
[00:58:11.161] [SEVERE ] setting player 4 freeze to 0
[00:58:11.161] [SEVERE ] removing player 4 token from slot 2
[00:58:11.162] [SEVERE ] player 4 placing token on slot 7
[00:58:11.162] [SEVERE ] setting player 4 freeze to 0
[00:58:11.164] [SEVERE ] removing player 4 token from slot 5
[00:58:11.164] [SEVERE ] player 4 placing token on slot 6
[00:58:11.164] [SEVERE ] setting player 4 freeze to 0
[00:58:11.164] [SEVERE ] removing player 4 token from slot 7
[00:58:11.164] [SEVERE ] removing player 4 token from slot 6
[00:58:11.164] [SEVERE ] player 4 placing token on slot 8
[00:58:11.164] [SEVERE ] player 4 placing token on slot 7
[00:58:11.230] [SEVERE ] setting player 4 freeze to 0
[00:58:11.239] [SEVERE ] player 3 placing token on slot 7
[00:58:11.239] [SEVERE ] setting player 3 freeze to 0
[00:58:11.240] [SEVERE ] removing player 3 token from slot 7
[00:58:11.240] [SEVERE ] player 3 placing token on slot 0
[00:58:11.240] [SEVERE ] setting player 3 freeze to 0
[00:58:11.240] [SEVERE ] removing player 4 token from slot 0
[00:58:11.240] [SEVERE ] player 4 placing token on slot 3
[00:58:11.240] [SEVERE ] setting player 4 freeze to 0
[00:58:11.245] [SEVERE ] removing player 2 token from slot 8
[00:58:11.245] [SEVERE ] removing player 2 token from slot 7
[00:58:11.245] [SEVERE ] removing player 3 token from slot 8
[00:58:11.245] [SEVERE ] player 3 placing token on slot 7
[00:58:11.246] [SEVERE ] setting player 3 freeze to 0
[00:58:11.246] [SEVERE ] removing player 3 token from slot 1
[00:58:11.246] [SEVERE ] removing player 3 token from slot 7
[00:58:11.246] [SEVERE ] player 3 placing token on slot 5
[00:58:11.246] [SEVERE ] player 3 placing token on slot 1
[00:58:11.246] [SEVERE ] setting player 3 freeze to 0
[00:58:11.246] [SEVERE ] removing player 3 token from slot 5
[00:58:11.246] [SEVERE ] player 3 placing token on slot 10
[00:58:11.246] [SEVERE ] setting player 3 freeze to 0
[00:58:11.246] [SEVERE ] removing player 1 token from slot 0
[00:58:11.246] [SEVERE ] removing player 3 token from slot 10
[00:58:11.246] [SEVERE ] player 3 placing token on slot 2
[00:58:11.246] [SEVERE ] setting player 3 freeze to 0
[00:58:11.246] [SEVERE ] removing player 3 token from slot 0
[00:58:11.246] [SEVERE ] player 3 placing token on slot 3
[00:58:11.246] [SEVERE ] setting player 3 freeze to 0
[00:58:11.246] [SEVERE ] removing player 3 token from slot 2
[00:58:11.246] [SEVERE ] removing player 3 token from slot 1
[00:58:11.246] [SEVERE ] player 3 placing token on slot 10
[00:58:11.246] [SEVERE ] player 3 placing token on slot 2
[00:58:11.246] [SEVERE ] setting player 3 freeze to 0
[00:58:11.246] [SEVERE ] removing player 3 token from slot 3
[00:58:11.246] [SEVERE ] player 3 placing token on slot 5
[00:58:11.307] [SEVERE ] setting player 3 freeze to 0
[00:58:11.307] [SEVERE ] player 2 placing token on slot 1
[00:58:11.307] [SEVERE ] player 2 placing token on slot 8
[00:58:11.307] [SEVERE ] setting player 2 freeze to 0
[00:58:11.323] [SEVERE ] removing player 2 token from slot 1
[00:58:11.323] [SEVERE ] player 2 placing token on slot 9
[00:58:11.323] [SEVERE ] setting player 2 freeze to 0
[00:58:11.323] [SEVERE ] removing player 2 token from slot 11
[00:58:11.323] [SEVERE ] player 2 placing token on slot 5
[00:58:11.323] [SEVERE ] setting player 2 freeze to 0
[00:58:11.323] [SEVERE ] removing player 2 token from slot 8
[00:58:11.323] [SEVERE ] player 2 placing token on slot 2
[00:58:11.323] [SEVERE ] setting player 2 freeze to 0
[00:58:11.323] [SEVERE ] removing player 2 token from slot 5
[00:58:11.323] [SEVERE ] player 2 placing token on slot 4
[00:58:11.323] [SEVERE ] setting player 2 freeze to 0
[00:58:11.323] [SEVERE ] removing player 2 token from slot 9
[00:58:11.323] [SEVERE ] player 2 placing token on slot 1
[00:58:11.323] [SEVERE ] setting player 2 freeze to 0
[00:58:11.323] [SEVERE ] removing player 2 token from slot 2
[00:58:11.323] [SEVERE ] player 2 placing token on slot 9
[00:58:11.323] [SEVERE ] setting player 2 freeze to 0
[00:58:11.323] [SEVERE ] removing player 2 token from slot 4
[00:58:11.323] [SEVERE ] player 2 placing token on slot 11
[00:58:11.332] [SEVERE ] setting player 2 freeze to 0
[00:58:11.332] [SEVERE ] removing player 2 token from slot 11
[00:58:11.332] [SEVERE ] player 2 placing token on slot 5
[00:58:11.333] [SEVERE ] setting player 2 freeze to 0
[00:58:11.333] [SEVERE ] removing player 2 token from slot 1
[00:58:11.333] [SEVERE ] player 2 placing token on slot 10
[00:58:11.333] [SEVERE ] setting player 2 freeze to 0
[00:58:11.333] [SEVERE ] removing player 2 token from slot 10
[00:58:11.333] [SEVERE ] player 2 placing token on slot 6
[00:58:11.335] [SEVERE ] setting player 2 freeze to 0
[00:58:11.335] [SEVERE ] removing player 2 token from slot 9
[00:58:11.335] [SEVERE ] player 2 placing token on slot 4
[00:58:11.335] [SEVERE ] setting player 2 freeze to 0
[00:58:11.336] [SEVERE ] removing player 3 token from slot 5
[00:58:11.336] [SEVERE ] player 3 placing token on slot 8
[00:58:11.338] [SEVERE ] setting player 3 freeze to 0
[00:58:11.338] [SEVERE ] removing player 3 token from slot 10
[00:58:11.338] [SEVERE ] removing player 3 token from slot 2
[00:58:11.338] [SEVERE ] player 3 placing token on slot 4
[00:58:11.338] [SEVERE ] player 3 placing token on slot 10
[00:58:11.339] [SEVERE ] setting player 3 freeze to 0
[00:58:11.339] [SEVERE ] removing player 3 token from slot 10
[00:58:11.339] [SEVERE ] player 3 placing token on slot 6
[00:58:11.342] [SEVERE ] setting player 3 freeze to 0
[00:58:11.342] [SEVERE ] removing player 3 token from slot 4
[00:58:11.342] [SEVERE ] player 3 placing token on slot 7
[00:58:11.342] [SEVERE ] setting player 3 freeze to 0
[00:58:11.343] [SEVERE ] removing player 3 token from slot 7
[00:58:11.343] [SEVERE ] removing player 3 token from slot 6
[00:58:11.343] [SEVERE ] player 3 placing token on slot 4
[00:58:11.343] [SEVERE ] removing player 4 token from slot 3
[00:58:11.343] [SEVERE ] player 4 placing token on slot 6
[00:58:11.345] [SEVERE ] setting player 4 freeze to 0
[00:58:11.345] [SEVERE ] removing player 4 token from slot 7
[00:58:11.345] [SEVERE ] player 4 placing token on slot 5
[00:58:11.345] [SEVERE ] setting player 4 freeze to 0
[00:58:11.346] [SEVERE ] removing player 4 token from slot 8
[00:58:11.346] [SEVERE ] player 4 placing token on slot 4
[00:58:11.346] [SEVERE ] setting player 4 freeze to 0
[00:58:11.347] [SEVERE ] removing player 4 token from slot 4
[00:58:11.347] [SEVERE ] player 4 placing token on slot 10
[00:58:11.347] [SEVERE ] setting player 4 freeze to 0
[00:58:11.348] [SEVERE ] removing player 4 token from slot 6
[00:58:11.348] [SEVERE ] removing player 4 token from slot 5
[00:58:11.348] [SEVERE ] player 4 placing token on slot 8
[00:58:11.348] [SEVERE ] player 4 placing token on slot 6
[00:58:11.349] [SEVERE ] setting player 4 freeze to 0
[00:58:11.349] [SEVERE ] removing player 4 token from slot 6
[00:58:11.349] [SEVERE ] player 4 placing token on slot 1
[00:58:11.349] [SEVERE ] setting player 4 freeze to 0
[00:58:11.350] [SEVERE ] removing player 4 token from slot 1
[00:58:11.350] [SEVERE ] player 4 placing token on slot 11
[00:58:11.350] [SEVERE ] removing player 1 token from slot 8
[00:58:11.351] [SEVERE ] removing player 3 token from slot 8
[00:58:11.351] [SEVERE ] removing player 4 token from slot 8
[00:58:11.351] [SEVERE ] removing card from slot 8
[00:58:11.397] [SEVERE ] removing player 4 token from slot 10
[00:58:11.397] [SEVERE ] removing card from slot 10
[00:58:11.408] [SEVERE ] removing player 4 token from slot 11
[00:58:11.408] [SEVERE ] removing card from slot 11
[00:58:11.409] [SEVERE ] setting player 4 freeze to 0
[00:58:11.413] [SEVERE ] setting player 4 freeze to 0
[00:58:11.414] [SEVERE ] setting player 4 score to 1
[00:58:11.416] [SEVERE ] placing card 65 in slot 10
[00:58:11.425] [SEVERE ] placing card 71 in slot 11
[00:58:11.491] [SEVERE ] placing card 19 in slot 8
[00:58:11.505] [SEVERE ] updating countdown to 3000
[00:58:11.508] [SEVERE ] player 4 placing token on slot 10
[00:58:11.508] [SEVERE ] player 4 placing token on slot 3
[00:58:11.508] [SEVERE ] player 4 placing token on slot 1
[00:58:11.508] [SEVERE ] setting player 4 freeze to 0
[00:58:11.509] [SEVERE ] player 1 placing token on slot 7
[00:58:11.509] [SEVERE ] player 1 placing token on slot 5
[00:58:11.509] [SEVERE ] setting player 1 freeze to 0
[00:58:11.509] [SEVERE ] removing player 4 token from slot 3
[00:58:11.509] [SEVERE ] player 4 placing token on slot 4
[00:58:11.509] [SEVERE ] setting player 4 freeze to 0
[00:58:11.509] [SEVERE ] removing player 4 token from slot 4
[00:58:11.509] [SEVERE ] player 4 placing token on slot 11
[00:58:11.511] [SEVERE ] setting player 4 freeze to 0
[00:58:11.511] [SEVERE ] removing player 4 token from slot 10
[00:58:11.511] [SEVERE ] player 4 placing token on slot 0
[00:58:11.512] [SEVERE ] setting player 4 freeze to 0
[00:58:11.512] [SEVERE ] removing player 4 token from slot 11
[00:58:11.513] [SEVERE ] player 4 placing token on slot 3
[00:58:11.516] [SEVERE ] setting player 4 freeze to 0
[00:58:11.518] [SEVERE ] removing player 4 token from slot 3
[00:58:11.518] [SEVERE ] removing player 4 token from slot 1
[00:58:11.518] [SEVERE ] player 4 placing token on slot 11
[00:58:11.518] [SEVERE ] player 4 placing token on slot 3
[00:58:11.519] [SEVERE ] setting player 4 freeze to 0
[00:58:11.519] [SEVERE ] player 3 placing token on slot 7
[00:58:11.519] [SEVERE ] player 3 placing token on slot 6
[00:58:11.521] [SEVERE ] setting player 3 freeze to 0
[00:58:11.521] [SEVERE ] removing player 3 token from slot 7
[00:58:11.521] [SEVERE ] removing player 3 token from slot 4
[00:58:11.521] [SEVERE ] player 3 placing token on slot 2
[00:58:11.522] [SEVERE ] removing player 2 token from slot 4
[00:58:11.522] [SEVERE ] player 2 placing token on slot 10
[00:58:11.522] [SEVERE ] setting player 2 freeze to 0
[00:58:11.523] [SEVERE ] removing player 2 token from slot 5
[00:58:11.523] [SEVERE ] player 2 placing token on slot 8
[00:58:11.524] [SEVERE ] setting player 2 freeze to 0
[00:58:11.524] [SEVERE ] removing player 2 token from slot 6
[00:58:11.525] [SEVERE ] player 2 placing token on slot 4
[00:58:11.525] [SEVERE ] setting player 2 freeze to 0
[00:58:11.525] [SEVERE ] removing player 3 token from slot 6
[00:58:11.525] [SEVERE ] player 3 placing token on slot 11
[00:58:11.525] [SEVERE ] player 3 placing token on slot 3
[00:58:11.525] [SEVERE ] setting player 3 freeze to 0
[00:58:11.534] [SEVERE ] removing player 3 token from slot 2
[00:58:11.534] [SEVERE ] removing player 3 token from slot 11
[00:58:11.534] [SEVERE ] player 3 placing token on slot 6
[00:58:11.534] [SEVERE ] removing player 4 token from slot 3
[00:58:11.534] [SEVERE ] player 4 placing token on slot 9
[00:58:11.537] [SEVERE ] setting player 4 freeze to 0
[00:58:11.538] [SEVERE ] removing player 4 token from slot 11
[00:58:11.538] [SEVERE ] removing player 4 token from slot 0
[00:58:11.538] [SEVERE ] player 4 placing token on slot 6
[00:58:11.538] [SEVERE ] player 4 placing token on slot 11
[00:58:11.539] [SEVERE ] setting player 4 freeze to 0
[00:58:11.539] [SEVERE ] removing player 4 token from slot 9
[00:58:11.539] [SEVERE ] player 3 placing token on slot 2
[00:58:11.539] [SEVERE ] setting player 3 freeze to 0
[00:58:11.539] [SEVERE ] removing player 2 token from slot 4
[00:58:11.539] [SEVERE ] player 2 placing token on slot 11
[00:58:11.539] [SEVERE ] setting player 2 freeze to 0
[00:58:11.539] [SEVERE ] removing player 2 token from slot 8
[00:58:11.539] [SEVERE ] player 2 placing token on slot 5
[00:58:11.539] [SEVERE ] setting player 2 freeze to 0
[00:58:11.539] [SEVERE ] removing player 2 token from slot 11
[00:58:11.539] [SEVERE ] player 2 placing token on slot 3
[00:58:11.539] [SEVERE ] setting player 2 freeze to 0
[00:58:11.539] [SEVERE ] removing player 2 token from slot 3
[00:58:11.548] [SEVERE ] removing player 3 token from slot 2
[00:58:11.548] [SEVERE ] player 3 placing token on slot 5
[00:58:11.549] [SEVERE ] setting player 3 freeze to 0
[00:58:11.549] [SEVERE ] removing player 3 token from slot 3
[00:58:11.551] [SEVERE ] removing player 3 token from slot 6
[00:58:11.551] [SEVERE ] player 3 placing token on slot 10
[00:58:11.551] [SEVERE ] player 3 placing token on slot 3
[00:58:11.556] [SEVERE ] setting player 3 freeze to 0
[00:58:11.558] [SEVERE ] removing player 3 token from slot 5
[00:58:11.558] [SEVERE ] removing player 3 token from slot 3
[00:58:11.558] [SEVERE ] player 3 placing token on slot 1
[00:58:11.558] [SEVERE ] player 3 placing token on slot 5
[00:58:11.560] [SEVERE ] setting player 3 freeze to 0
[00:58:11.562] [SEVERE ] player 4 placing token on slot 3
[00:58:11.563] [SEVERE ] setting player 4 freeze to 0
[00:58:11.563] [SEVERE ] removing player 4 token from slot 11
[00:58:11.563] [SEVERE ] player 4 placing token on slot 8
[00:58:11.569] [SEVERE ] setting player 4 freeze to 0
[00:58:11.570] [SEVERE ] removing player 4 token from slot 8
[00:58:11.570] [SEVERE ] removing player 4 token from slot 6
[00:58:11.570] [SEVERE ] player 4 placing token on slot 0
[00:58:11.570] [SEVERE ] player 4 placing token on slot 8
[00:58:11.570] [SEVERE ] setting player 4 freeze to 0
[00:58:11.570] [SEVERE ] removing player 4 token from slot 8
[00:58:11.570] [SEVERE ] player 4 placing token on slot 4
[00:58:11.570] [SEVERE ] setting player 4 freeze to 0
[00:58:11.570] [SEVERE ] removing player 4 token from slot 3
[00:58:11.570] [SEVERE ] player 4 placing token on slot 6
[00:58:11.570] [SEVERE ] setting player 4 freeze to 0
[00:58:11.570] [SEVERE ] removing player 4 token from slot 6
[00:58:11.570] [SEVERE ] player 4 placing token on slot 11
[00:58:11.570] [SEVERE ] setting player 4 freeze to 0
[00:58:11.570] [SEVERE ] removing player 4 token from slot 11
[00:58:11.570] [SEVERE ] player 4 placing token on slot 1
[00:58:11.570] [SEVERE ] setting player 4 freeze to 0
[00:58:11.586] [SEVERE ] removing player 3 token from slot 10
[00:58:11.586] [SEVERE ] player 3 placing token on slot 8
[00:58:11.589] [SEVERE ] setting player 3 freeze to 0
[00:58:11.589] [SEVERE ] removing player 3 token from slot 8
[00:58:11.589] [SEVERE ] player 3 placing token on slot 6
[00:58:11.591] [SEVERE ] setting player 3 freeze to 0
[00:58:11.592] [SEVERE ] removing player 3 token from slot 5
[00:58:11.592] [SEVERE ] player 3 placing token on slot 7
[00:58:11.594] [SEVERE ] setting player 3 freeze to 0
[00:58:11.594] [SEVERE ] removing player 3 token from slot 6
[00:58:11.594] [SEVERE ] removing player 3 token from slot 1
[00:58:11.594] [SEVERE ] player 2 placing token on slot 0
[00:58:11.598] [SEVERE ] setting player 2 freeze to 0
[00:58:11.598] [SEVERE ] player 3 placing token on slot 5
[00:58:11.598] [SEVERE ] player 3 placing token on slot 6
[00:58:11.599] [SEVERE ] setting player 3 freeze to 0
[00:58:11.599] [SEVERE ] removing player 3 token from slot 5
[00:58:11.599] [SEVERE ] player 3 placing token on slot 1
[00:58:11.599] [SEVERE ] setting player 3 freeze to 0
[00:58:11.599] [SEVERE ] removing player 3 token from slot 6
[00:58:11.599] [SEVERE ] player 3 placing token on slot 9
[00:58:11.599] [SEVERE ] setting player 3 freeze to 0
[00:58:11.599] [SEVERE ] removing player 3 token from slot 1
[00:58:11.599] [SEVERE ] player 3 placing token on slot 0
[00:58:11.602] [SEVERE ] setting player 3 freeze to 0
[00:58:11.602] [SEVERE ] removing player 3 token from slot 0
[00:58:11.602] [SEVERE ] player 3 placing token on slot 3
[00:58:11.603] [SEVERE ] setting player 3 freeze to 0
[00:58:11.603] [SEVERE ] removing player 3 token from slot 9
[00:58:11.604] [SEVERE ] player 3 placing token on slot 0
[00:58:11.606] [SEVERE ] setting player 3 freeze to 0
[00:58:11.608] [SEVERE ] removing player 3 token from slot 7
[00:58:11.608] [SEVERE ] player 3 placing token on slot 11
[00:58:11.608] [SEVERE ] setting player 3 freeze to 0
[00:58:11.609] [SEVERE ] removing player 4 token from slot 4
[00:58:11.609] [SEVERE ] player 4 placing token on slot 11
[00:58:11.609] [SEVERE ] setting player 4 freeze to 0
[00:58:11.609] [SEVERE ] removing player 1 token from slot 7
[00:58:11.610] [SEVERE ] player 1 placing token on slot 10
[00:58:11.610] [SEVERE ] setting player 1 freeze to 0
[00:58:11.610] [SEVERE ] removing player 1 token from slot 10
[00:58:11.611] [SEVERE ] player 1 placing token on slot 2
[00:58:11.611] [SEVERE ] setting player 1 freeze to 0
[00:58:11.611] [SEVERE ] removing player 1 token from slot 1
[00:58:11.612] [SEVERE ] player 1 placing token on slot 11
[00:58:11.612] [SEVERE ] setting player 1 freeze to 0
[00:58:11.612] [SEVERE ] removing player 1 token from slot 5
[00:58:11.612] [SEVERE ] player 1 placing token on slot 0
[00:58:11.612] [SEVERE ] setting player 1 freeze to 0
[00:58:11.612] [SEVERE ] removing player 1 token from slot 0
[00:58:11.612] [SEVERE ] player 1 placing token on slot 5
[00:58:11.612] [SEVERE ] setting player 1 freeze to 0
[00:58:11.612] [SEVERE ] removing player 4 token from slot 11
[00:58:11.612] [SEVERE ] player 4 placing token on slot 8
[00:58:11.625] [SEVERE ] setting player 4 freeze to 0
[00:58:11.625] [SEVERE ] removing player 4 token from slot 8
[00:58:11.625] [SEVERE ] player 4 placing token on slot 2
[00:58:11.626] [SEVERE ] setting player 4 freeze to 0
[00:58:11.626] [SEVERE ] removing player 4 token from slot 0
[00:58:11.627] [SEVERE ] player 4 placing token on slot 7
[00:58:11.627] [SEVERE ] setting player 4 freeze to 0
[00:58:11.627] [SEVERE ] removing player 4 token from slot 2
[00:58:11.627] [SEVERE ] player 4 placing token on slot 3
[00:58:11.627] [SEVERE ] setting player 4 freeze to 0
[00:58:11.627] [SEVERE ] removing player 4 token from slot 7
[00:58:11.627] [SEVERE ] player 4 placing token on slot 4
[00:58:11.627] [SEVERE ] setting player 4 freeze to 0
[00:58:11.627] [SEVERE ] removing player 4 token from slot 1
[00:58:11.627] [SEVERE ] player 4 placing token on slot 10
[00:58:11.637] [SEVERE ] setting player 4 freeze to 0
[00:58:11.637] [SEVERE ] removing player 4 token from slot 4
[00:58:11.637] [SEVERE ] removing player 4 token from slot 3
[00:58:11.638] [SEVERE ] player 4 placing token on slot 9
[00:58:11.638] [SEVERE ] player 4 placing token on slot 4
[00:58:11.641] [SEVERE ] setting player 4 freeze to 0
[00:58:11.642] [SEVERE ] removing player 3 token from slot 3
[00:58:11.642] [SEVERE ] player 3 placing token on slot 9
[00:58:11.642] [SEVERE ] setting player 3 freeze to 0
[00:58:11.642] [SEVERE ] removing player 3 token from slot 0
[00:58:11.642] [SEVERE ] player 3 placing token on slot 1
[00:58:11.643] [SEVERE ] setting player 3 freeze to 0
[00:58:11.643] [SEVERE ] removing player 3 token from slot 11
[00:58:11.643] [SEVERE ] player 3 placing token on slot 8
[00:58:11.643] [SEVERE ] setting player 3 freeze to 0
[00:58:11.643] [SEVERE ] removing player 3 token from slot 9
[00:58:11.643] [SEVERE ] player 3 placing token on slot 2
[00:58:11.643] [SEVERE ] setting player 3 freeze to 0
[00:58:11.643] [SEVERE ] removing player 3 token from slot 2
[00:58:11.643] [SEVERE ] player 3 placing token on slot 11
[00:58:11.643] [SEVERE ] setting player 3 freeze to 0
[00:58:11.643] [SEVERE ] removing player 3 token from slot 8
[00:58:11.643] [SEVERE ] player 3 placing token on slot 5
[00:58:11.643] [SEVERE ] setting player 3 freeze to 0
[00:58:11.643] [SEVERE ] removing player 3 token from slot 5
[00:58:11.643] [SEVERE ] player 3 placing token on slot 3
[00:58:11.643] [SEVERE ] setting player 3 freeze to 0
[00:58:11.643] [SEVERE ] removing player 3 token from slot 3
[00:58:11.643] [SEVERE ] player 3 placing token on slot 2
[00:58:11.643] [SEVERE ] setting player 3 freeze to 0
[00:58:11.643] [SEVERE ] removing player 3 token from slot 2
[00:58:11.643] [SEVERE ] player 3 placing token on slot 4
[00:58:11.643] [SEVERE ] setting player 3 freeze to 0
[00:58:11.643] [SEVERE ] removing player 3 token from slot 1
[00:58:11.643] [SEVERE ] player 3 placing token on slot 8
[00:58:11.643] [SEVERE ] setting player 3 freeze to 0
[00:58:11.643] [SEVERE ] removing player 3 token from slot 8
[00:58:11.643] [SEVERE ] player 3 placing token on slot 1
[00:58:11.659] [SEVERE ] setting player 3 freeze to 0
[00:58:11.659] [SEVERE ] removing player 3 token from slot 11
[00:58:11.659] [SEVERE ] player 3 placing token on slot 7
[00:58:11.659] [SEVERE ] setting player 3 freeze to 0
[00:58:11.659] [SEVERE ] removing player 3 token from slot 1
[00:58:11.659] [SEVERE ] player 3 placing token on slot 6
[00:58:11.659] [SEVERE ] setting player 3 freeze to 0
[00:58:11.659] [SEVERE ] removing player 3 token from slot 6
[00:58:11.659] [SEVERE ] player 3 placing token on slot 10
[00:58:11.659] [SEVERE ] setting player 3 freeze to 0
[00:58:11.659] [SEVERE ] removing player 3 token from slot 10
[00:58:11.659] [SEVERE ] player 3 placing token on slot 6
[00:58:11.666] [SEVERE ] setting player 3 freeze to 0
[00:58:11.666] [SEVERE ] removing player 3 token from slot 6
[00:58:11.667] [SEVERE ] player 3 placing token on slot 0
[00:58:11.668] [SEVERE ] setting player 3 freeze to 0
[00:58:11.668] [SEVERE ] removing player 3 token from slot 0
[00:58:11.668] [SEVERE ] player 3 placing token on slot 10
[00:58:11.669] [SEVERE ] setting player 3 freeze to 0
[00:58:11.670] [SEVERE ] removing player 4 token from slot 9
[00:58:11.670] [SEVERE ] removing player 4 token from slot 4
[00:58:11.670] [SEVERE ] player 4 placing token on slot 1
[00:58:11.670] [SEVERE ] player 4 placing token on slot 9
[00:58:11.674] [SEVERE ] setting player 4 freeze to 0
[00:58:11.675] [SEVERE ] removing player 4 token from slot 10
[00:58:11.675] [SEVERE ] player 4 placing token on slot 6
[00:58:11.676] [SEVERE ] setting player 4 freeze to 0
[00:58:11.676] [SEVERE ] removing player 4 token from slot 1
[00:58:11.676] [SEVERE ] player 4 placing token on slot 8
[00:58:11.677] [SEVERE ] setting player 4 freeze to 0
[00:58:11.677] [SEVERE ] removing player 4 token from slot 8
[00:58:11.677] [SEVERE ] removing player 4 token from slot 9
[00:58:11.677] [SEVERE ] player 4 placing token on slot 4
[00:58:11.678] [SEVERE ] player 4 placing token on slot 8
[00:58:11.678] [SEVERE ] setting player 4 freeze to 0
[00:58:11.679] [SEVERE ] removing player 4 token from slot 6
[00:58:11.679] [SEVERE ] player 4 placing token on slot 9
[00:58:11.679] [SEVERE ] setting player 4 freeze to 0
[00:58:11.682] [SEVERE ] removing player 4 token from slot 4
[00:58:11.682] [SEVERE ] player 4 placing token on slot 0
[00:58:11.683] [SEVERE ] setting player 4 freeze to 0
[00:58:11.683] [SEVERE ] removing player 4 token from slot 0
[00:58:11.683] [SEVERE ] player 4 placing token on slot 4
[00:58:11.690] [SEVERE ] setting player 4 freeze to 0
[00:58:11.690] [SEVERE ] removing player 4 token from slot 4
[00:58:11.690] [SEVERE ] player 4 placing token on slot 10
[00:58:11.694] [SEVERE ] setting player 4 freeze to 0
[00:58:11.694] [SEVERE ] removing player 4 token from slot 10
[00:58:11.694] [SEVERE ] player 4 placing token on slot 6
[00:58:11.699] [SEVERE ] setting player 4 freeze to 0
[00:58:11.699] [SEVERE ] removing player 4 token from slot 8
[00:58:11.699] [SEVERE ] player 4 placing token on slot 4
[00:58:11.700] [SEVERE ] setting player 4 freeze to 0
[00:58:11.700] [SEVERE ] removing player 4 token from slot 4
[00:58:11.700] [SEVERE ] player 4 placing token on slot 8
[00:58:11.700] [SEVERE ] setting player 4 freeze to 0
[00:58:11.700] [SEVERE ] removing player 4 token from slot 8
[00:58:11.700] [SEVERE ] player 4 placing token on slot 11
[00:58:11.700] [SEVERE ] setting player 4 freeze to 0
[00:58:11.700] [SEVERE ] removing player 4 token from slot 11
[00:58:11.700] [SEVERE ] player 4 placing token on slot 3
[00:58:11.700] [SEVERE ] setting player 4 freeze to 0
[00:58:11.700] [SEVERE ] removing player 4 token from slot 9
[00:58:11.700] [SEVERE ] player 4 placing token on slot 2
[00:58:11.700] [SEVERE ] setting player 4 freeze to 0
[00:58:11.700] [SEVERE ] removing player 4 token from slot 3
[00:58:11.700] [SEVERE ] removing player 4 token from slot 6
[00:58:11.700] [SEVERE ] removing player 4 token from slot 2
[00:58:11.700] [SEVERE ] removing player 3 token from slot 7
[00:58:11.700] [SEVERE ] player 3 placing token on slot 11
[00:58:11.700] [SEVERE ] setting player 3 freeze to 0
[00:58:11.700] [SEVERE ] removing player 3 token from slot 11
[00:58:11.713] [SEVERE ] player 3 placing token on slot 5
[00:58:11.713] [SEVERE ] setting player 3 freeze to 0
[00:58:11.714] [SEVERE ] removing player 3 token from slot 4
[00:58:11.714] [SEVERE ] player 3 placing token on slot 9
[00:58:11.714] [SEVERE ] removing player 1 token from slot 5
[00:58:11.716] [SEVERE ] removing player 2 token from slot 5
[00:58:11.716] [SEVERE ] removing player 3 token from slot 5
[00:58:11.716] [SEVERE ] removing card from slot 5
[00:58:11.719] [SEVERE ] removing player 3 token from slot 9
[00:58:11.719] [SEVERE ] removing card from slot 9
[00:58:11.722] [SEVERE ] removing player 2 token from slot 10
[00:58:11.725] [SEVERE ] removing player 3 token from slot 10
[00:58:11.725] [SEVERE ] removing card from slot 10
[00:58:11.725] [SEVERE ] setting player 3 freeze to 0
[00:58:11.725] [SEVERE ] placing card 49 in slot 10
[00:58:11.726] [SEVERE ] setting player 3 freeze to 0
[00:58:11.726] [SEVERE ] setting player 3 score to 1
[00:58:11.727] [SEVERE ] placing card 53 in slot 5
[00:58:11.730] [SEVERE ] placing card 58 in slot 9
[00:58:11.743] [SEVERE ] updating countdown to 3000
[00:58:11.744] [SEVERE ] player 4 placing token on slot 3
[00:58:11.744] [SEVERE ] player 4 placing token on slot 6
[00:58:11.744] [SEVERE ] player 4 placing token on slot 2
[00:58:11.745] [SEVERE ] setting player 4 freeze to 0
[00:58:11.745] [SEVERE ] removing player 4 token from slot 2
[00:58:11.745] [SEVERE ] player 4 placing token on slot 7
[00:58:11.746] [SEVERE ] setting player 4 freeze to 0
[00:58:11.746] [SEVERE ] removing player 4 token from slot 7
[00:58:11.747] [SEVERE ] player 4 placing token on slot 2
[00:58:11.747] [SEVERE ] setting player 4 freeze to 0
[00:58:11.747] [SEVERE ] removing player 4 token from slot 2
[00:58:11.748] [SEVERE ] player 4 placing token on slot 7
[00:58:11.748] [SEVERE ] setting player 4 freeze to 0
[00:58:11.748] [SEVERE ] removing player 4 token from slot 6
[00:58:11.749] [SEVERE ] removing player 4 token from slot 3
[00:58:11.749] [SEVERE ] player 4 placing token on slot 9
[00:58:11.751] [SEVERE ] player 4 placing token on slot 6
[00:58:11.751] [SEVERE ] setting player 4 freeze to 0
[00:58:11.752] [SEVERE ] removing player 4 token from slot 6
[00:58:11.752] [SEVERE ] player 4 placing token on slot 10
[00:58:11.753] [SEVERE ] setting player 4 freeze to 0
[00:58:11.753] [SEVERE ] removing player 4 token from slot 9
[00:58:11.753] [SEVERE ] player 4 placing token on slot 2
[00:58:11.753] [SEVERE ] setting player 4 freeze to 0
[00:58:11.755] [SEVERE ] removing player 4 token from slot 7
[00:58:11.755] [SEVERE ] player 4 placing token on slot 5
[00:58:11.755] [SEVERE ] setting player 4 freeze to 0
[00:58:11.756] [SEVERE ] removing player 4 token from slot 10
[00:58:11.756] [SEVERE ] player 4 placing token on slot 4
[00:58:11.757] [SEVERE ] setting player 4 freeze to 0
[00:58:11.757] [SEVERE ] removing player 4 token from slot 4
[00:58:11.758] [SEVERE ] player 4 placing token on slot 11
[00:58:11.758] [SEVERE ] exit button pressed
[00:58:11.764] [INFO   ] Thread computer-3 terminated.
[00:58:11.764] [INFO   ] Thread computer-0 terminated.
[00:58:11.764] [INFO   ] Thread player0 terminated.
[00:58:11.765] [INFO   ] Thread player3 terminated.
[00:58:11.765] [INFO   ] Thread computer-2 terminated.
[00:58:11.765] [INFO   ] Thread player2 terminated.
[00:58:13.456] [SEVERE ] updating countdown to 2000
[00:58:15.259] [SEVERE ] updating countdown to 1000
[00:58:16.928] [SEVERE ] updating countdown to 0
[00:58:16.950] [SEVERE ] removing card from slot 4
[00:58:16.950] [SEVERE ] removing card from slot 8
[00:58:16.951] [SEVERE ] removing player 1 token from slot 11
[00:58:16.951] [SEVERE ] removing player 4 token from slot 11
[00:58:16.951] [SEVERE ] removing card from slot 11
[00:58:16.951] [SEVERE ] removing card from slot 7
[00:58:16.951] [SEVERE ] removing player 1 token from slot 2
[00:58:16.951] [SEVERE ] removing player 4 token from slot 2
[00:58:16.951] [SEVERE ] removing card from slot 2
[00:58:16.951] [SEVERE ] removing player 2 token from slot 0
[00:58:16.951] [SEVERE ] removing card from slot 0
[00:58:16.951] [SEVERE ] removing card from slot 3
[00:58:16.951] [SEVERE ] removing card from slot 9
[00:58:16.951] [SEVERE ] removing card from slot 10
[00:58:16.951] [SEVERE ] removing player 4 token from slot 5
[00:58:16.951] [SEVERE ] removing card from slot 5
[00:58:16.951] [SEVERE ] removing card from slot 6
[00:58:16.951] [SEVERE ] removing card from slot 1
[00:58:16.956] [SEVERE ] announcing winner(s): player 3, player 4
[00:58:16.958] [INFO   ] Thread dealer terminated.
[00:58:16.958] [INFO   ] thread dealer terminated.
[00:58:16.958] [SEVERE ] thanks for playing... it was fun!
[00:58:16.958] [INFO   ] thread main terminated.
