[02:25:40.033] [INFO   ] thread main starting.
[02:25:40.049] [SEVERE ] cannot read configuration file config.properties trying from resources.
[02:25:40.065] [SEVERE ] configuration file was loaded from resources directory.
[02:25:40.738] [INFO   ] thread dealer starting.
[02:25:40.784] [INFO   ] Thread dealer starting.
[02:25:40.784] [INFO   ] Thread player0starting.
[02:25:40.784] [INFO   ] Thread player1starting.
[02:25:40.797] [SEVERE ] placing card 0 in slot 4
[02:25:40.816] [SEVERE ] placing card 53 in slot 6
[02:25:40.816] [SEVERE ] placing card 71 in slot 9
[02:25:40.816] [SEVERE ] placing card 45 in slot 7
[02:25:40.819] [SEVERE ] placing card 68 in slot 10
[02:25:40.819] [SEVERE ] placing card 33 in slot 0
[02:25:40.819] [SEVERE ] placing card 31 in slot 3
[02:25:40.819] [SEVERE ] placing card 75 in slot 1
[02:25:40.819] [SEVERE ] placing card 61 in slot 2
[02:25:40.819] [SEVERE ] placing card 24 in slot 8
[02:25:40.819] [SEVERE ] placing card 58 in slot 11
[02:25:40.819] [SEVERE ] placing card 63 in slot 5
[02:25:40.831] [SEVERE ] updating countdown to 30000
[02:25:40.847] [SEVERE ] updating countdown to 30000
[02:25:41.850] [SEVERE ] updating countdown to 29000
[02:25:42.860] [SEVERE ] updating countdown to 28000
[02:25:43.872] [SEVERE ] updating countdown to 27000
[02:25:44.879] [SEVERE ] updating countdown to 26000
[02:25:45.889] [SEVERE ] updating countdown to 25000
[02:25:45.968] [SEVERE ] key 73 was pressed by player 2
[02:25:45.968] [SEVERE ] player 2 placing token on slot 1
[02:25:45.984] [SEVERE ] key 87 was pressed by player 1
[02:25:45.984] [SEVERE ] player 1 placing token on slot 1
[02:25:46.900] [SEVERE ] updating countdown to 24000
[02:25:47.913] [SEVERE ] updating countdown to 23000
[02:25:48.921] [SEVERE ] updating countdown to 22000
[02:25:49.588] [SEVERE ] key 70 was pressed by player 1
[02:25:49.588] [SEVERE ] player 1 placing token on slot 7
[02:25:49.937] [SEVERE ] updating countdown to 21000
[02:25:50.944] [SEVERE ] updating countdown to 20000
[02:25:51.956] [SEVERE ] updating countdown to 19000
[02:25:52.963] [SEVERE ] updating countdown to 18000
[02:25:53.976] [SEVERE ] updating countdown to 17000
[02:25:54.986] [SEVERE ] updating countdown to 16000
[02:25:55.336] [SEVERE ] key 46 was pressed by player 2
[02:25:55.336] [SEVERE ] player 2 placing token on slot 10
[02:25:55.998] [SEVERE ] updating countdown to 15000
[02:25:57.009] [SEVERE ] updating countdown to 14000
[02:25:58.020] [SEVERE ] updating countdown to 13000
[02:25:59.026] [SEVERE ] updating countdown to 12000
[02:26:00.038] [SEVERE ] updating countdown to 11000
[02:26:01.045] [SEVERE ] updating countdown to 10000
[02:26:01.953] [SEVERE ] key 90 was pressed by player 1
[02:26:01.953] [SEVERE ] player 1 placing token on slot 8
[02:26:01.953] [SEVERE ] removing player 1 token from slot 1
[02:26:01.953] [SEVERE ] removing player 2 token from slot 1
[02:26:01.953] [SEVERE ] removing card from slot 1
[02:26:01.957] [SEVERE ] removing player 1 token from slot 7
[02:26:01.957] [SEVERE ] removing card from slot 7
[02:26:01.957] [SEVERE ] removing player 1 token from slot 8
[02:26:01.957] [SEVERE ] removing card from slot 8
[02:26:01.957] [SEVERE ] placing card 54 in slot 7
[02:26:01.957] [SEVERE ] setting player 1 freeze to 1000
[02:26:01.957] [SEVERE ] placing card 47 in slot 8
[02:26:01.957] [SEVERE ] placing card 57 in slot 1
[02:26:01.957] [SEVERE ] updating countdown to 30000
[02:26:01.957] [SEVERE ] key 47 was pressed by player 2
[02:26:01.969] [SEVERE ] player 2 placing token on slot 11
[02:26:02.048] [SEVERE ] updating countdown to 29000
[02:26:02.961] [SEVERE ] setting player 1 freeze to 0
[02:26:02.961] [SEVERE ] setting player 1 score to 1
[02:26:03.055] [SEVERE ] updating countdown to 28000
[02:26:04.063] [SEVERE ] updating countdown to 27000
[02:26:05.072] [SEVERE ] updating countdown to 26000
[02:26:06.078] [SEVERE ] updating countdown to 25000
[02:26:07.088] [SEVERE ] updating countdown to 24000
[02:26:08.093] [SEVERE ] updating countdown to 23000
[02:26:08.972] [SEVERE ] key 73 was pressed by player 2
[02:26:08.972] [SEVERE ] player 2 placing token on slot 1
[02:26:08.972] [SEVERE ] setting player 2 freeze to 3000
[02:26:09.098] [SEVERE ] updating countdown to 22000
[02:26:09.981] [SEVERE ] setting player 2 freeze to 2000
[02:26:10.111] [SEVERE ] updating countdown to 21000
[02:26:10.994] [SEVERE ] setting player 2 freeze to 1000
[02:26:11.120] [SEVERE ] updating countdown to 20000
[02:26:12.003] [SEVERE ] setting player 2 freeze to 0
[02:26:12.128] [SEVERE ] updating countdown to 19000
[02:26:12.688] [SEVERE ] exit button pressed
[02:26:12.688] [INFO   ] Thread player0 terminated.
[02:26:12.688] [INFO   ] Thread player1 terminated.
[02:26:12.688] [SEVERE ] removing card from slot 3
[02:26:12.688] [SEVERE ] removing player 2 token from slot 10
[02:26:12.688] [SEVERE ] removing card from slot 10
[02:26:12.688] [SEVERE ] removing card from slot 6
[02:26:12.688] [SEVERE ] removing card from slot 7
[02:26:12.688] [SEVERE ] removing card from slot 4
[02:26:12.688] [SEVERE ] removing card from slot 0
[02:26:12.688] [SEVERE ] removing player 2 token from slot 1
[02:26:12.688] [SEVERE ] removing card from slot 1
[02:26:12.688] [SEVERE ] removing card from slot 9
[02:26:12.688] [SEVERE ] removing card from slot 5
[02:26:12.688] [SEVERE ] removing card from slot 2
[02:26:12.688] [SEVERE ] removing card from slot 8
[02:26:12.688] [SEVERE ] removing player 2 token from slot 11
[02:26:12.688] [SEVERE ] removing card from slot 11
[02:26:12.688] [SEVERE ] announcing winner(s): player 1
[02:26:12.688] [INFO   ] Thread dealer terminated.
[02:26:12.688] [INFO   ] thread dealer terminated.
[02:26:12.688] [SEVERE ] thanks for playing... it was fun!
[02:26:12.688] [INFO   ] thread main terminated.
