[16:34:31.542] [INFO   ] thread main starting.
[16:34:31.550] [SEVERE ] cannot read configuration file config.properties trying from resources.
[16:34:31.550] [SEVERE ] configuration file was loaded from resources directory.
[16:34:32.073] [INFO   ] thread dealer starting.
[16:34:32.075] [INFO   ] Thread player2starting.
[16:34:32.075] [INFO   ] Thread dealer starting.
[16:34:32.075] [INFO   ] Thread player0starting.
[16:34:32.094] [INFO   ] Thread computer-2 starting.
[16:34:32.075] [INFO   ] Thread player3starting.
[16:34:32.075] [INFO   ] Thread player1starting.
[16:34:32.099] [INFO   ] Thread computer-0 starting.
[16:34:32.135] [SEVERE ] placing card 34 in slot 9
[16:34:32.120] [INFO   ] Thread computer-3 starting.
[16:34:32.120] [INFO   ] Thread computer-1 starting.
[16:34:32.167] [SEVERE ] placing card 30 in slot 2
[16:34:32.182] [SEVERE ] placing card 62 in slot 4
[16:34:32.196] [SEVERE ] placing card 56 in slot 3
[16:34:32.211] [SEVERE ] placing card 49 in slot 7
[16:34:32.223] [SEVERE ] placing card 18 in slot 5
[16:34:32.240] [SEVERE ] placing card 9 in slot 10
[16:34:32.256] [SEVERE ] placing card 53 in slot 1
[16:34:32.269] [SEVERE ] placing card 39 in slot 11
[16:34:32.283] [SEVERE ] placing card 31 in slot 8
[16:34:32.297] [SEVERE ] placing card 43 in slot 0
[16:34:32.313] [SEVERE ] placing card 4 in slot 6
[16:34:32.313] [SEVERE ] updating countdown to 100
[16:34:32.315] [SEVERE ] player 3 placing token on slot 0
[16:34:32.316] [SEVERE ] updating countdown to 100
[16:34:32.316] [SEVERE ] player 3 placing token on slot 10
[16:34:32.316] [SEVERE ] player 3 placing token on slot 4
[16:34:32.316] [SEVERE ] setting player 3 freeze to 4
[16:34:33.329] [SEVERE ] setting player 3 freeze to 0
[16:34:33.329] [SEVERE ] player 4 placing token on slot 6
[16:34:33.330] [SEVERE ] player 4 placing token on slot 2
[16:34:33.330] [SEVERE ] player 4 placing token on slot 1
[16:34:33.330] [SEVERE ] setting player 4 freeze to 4
[16:34:33.345] [SEVERE ] removing player 4 token from slot 1
[16:34:33.345] [SEVERE ] removing card from slot 1
[16:34:33.359] [SEVERE ] removing player 4 token from slot 2
[16:34:33.359] [SEVERE ] removing card from slot 2
[16:34:33.374] [SEVERE ] removing card from slot 7
[16:34:33.386] [SEVERE ] removing card from slot 5
[16:34:33.402] [SEVERE ] removing player 3 token from slot 10
[16:34:33.402] [SEVERE ] removing card from slot 10
[16:34:33.415] [SEVERE ] removing card from slot 8
[16:34:33.431] [SEVERE ] removing player 4 token from slot 6
[16:34:33.431] [SEVERE ] removing card from slot 6
[16:34:33.447] [SEVERE ] removing card from slot 11
[16:34:33.463] [SEVERE ] removing player 3 token from slot 4
[16:34:33.463] [SEVERE ] removing card from slot 4
[16:34:33.480] [SEVERE ] removing player 3 token from slot 0
[16:34:33.480] [SEVERE ] removing card from slot 0
[16:34:33.496] [SEVERE ] removing card from slot 3
[16:34:33.512] [SEVERE ] removing card from slot 9
[16:34:33.528] [SEVERE ] placing card 65 in slot 5
[16:34:33.544] [SEVERE ] placing card 80 in slot 6
[16:34:33.559] [SEVERE ] placing card 70 in slot 0
[16:34:33.601] [SEVERE ] placing card 9 in slot 8
[16:34:33.617] [SEVERE ] placing card 3 in slot 7
[16:34:33.633] [SEVERE ] placing card 43 in slot 3
[16:34:33.650] [SEVERE ] placing card 12 in slot 9
[16:34:33.666] [SEVERE ] placing card 39 in slot 2
[16:34:33.682] [SEVERE ] placing card 79 in slot 4
[16:34:33.698] [SEVERE ] placing card 11 in slot 1
[16:34:33.710] [SEVERE ] placing card 22 in slot 10
[16:34:33.726] [SEVERE ] placing card 16 in slot 11
[16:34:33.726] [SEVERE ] updating countdown to 100
[16:34:33.726] [SEVERE ] player 1 placing token on slot 5
[16:34:33.726] [SEVERE ] updating countdown to 100
[16:34:33.726] [SEVERE ] player 1 placing token on slot 3
[16:34:33.726] [SEVERE ] player 1 placing token on slot 0
[16:34:33.726] [SEVERE ] setting player 1 freeze to 4
[16:34:34.340] [SEVERE ] setting player 4 freeze to 0
[16:34:34.729] [SEVERE ] setting player 1 freeze to 0
[16:34:34.729] [SEVERE ] removing player 1 token from slot 5
[16:34:34.729] [SEVERE ] player 1 placing token on slot 11
[16:34:34.745] [SEVERE ] removing player 1 token from slot 0
[16:34:34.745] [SEVERE ] removing card from slot 0
[16:34:34.760] [SEVERE ] removing player 1 token from slot 3
[16:34:34.760] [SEVERE ] removing card from slot 3
[16:34:34.774] [SEVERE ] removing player 1 token from slot 11
[16:34:34.774] [SEVERE ] removing card from slot 11
[16:34:34.774] [SEVERE ] setting player 1 freeze to 2
[16:34:34.790] [SEVERE ] placing card 17 in slot 0
[16:34:34.800] [SEVERE ] placing card 29 in slot 11
[16:34:34.811] [SEVERE ] placing card 66 in slot 3
[16:34:34.811] [SEVERE ] updating countdown to 100
[16:34:34.814] [SEVERE ] setting player 1 freeze to 0
[16:34:34.814] [SEVERE ] setting player 1 score to 1
[16:34:34.814] [SEVERE ] player 1 placing token on slot 5
[16:34:34.814] [SEVERE ] player 1 placing token on slot 7
[16:34:34.814] [SEVERE ] player 1 placing token on slot 6
[16:34:34.814] [SEVERE ] setting player 1 freeze to 4
[16:34:34.814] [SEVERE ] player 4 placing token on slot 1
[16:34:34.814] [SEVERE ] player 4 placing token on slot 11
[16:34:34.814] [SEVERE ] player 4 placing token on slot 2
[16:34:34.814] [SEVERE ] setting player 4 freeze to 4
[16:34:34.814] [SEVERE ] player 3 placing token on slot 0
[16:34:34.814] [SEVERE ] player 3 placing token on slot 2
[16:34:34.814] [SEVERE ] player 3 placing token on slot 9
[16:34:34.814] [SEVERE ] setting player 3 freeze to 4
[16:34:34.814] [SEVERE ] player 2 placing token on slot 7
[16:34:34.814] [SEVERE ] player 2 placing token on slot 11
[16:34:34.814] [SEVERE ] player 2 placing token on slot 4
[16:34:34.814] [SEVERE ] setting player 2 freeze to 4
[16:34:35.817] [SEVERE ] setting player 2 freeze to 0
[16:34:35.817] [SEVERE ] setting player 3 freeze to 0
[16:34:35.817] [SEVERE ] setting player 1 freeze to 0
[16:34:35.817] [SEVERE ] setting player 4 freeze to 0
[16:34:35.817] [SEVERE ] removing player 3 token from slot 2
[16:34:35.817] [SEVERE ] player 3 placing token on slot 5
[16:34:35.817] [SEVERE ] setting player 3 freeze to 4
[16:34:36.819] [SEVERE ] setting player 3 freeze to 0
[16:34:36.819] [SEVERE ] removing player 3 token from slot 5
[16:34:36.819] [SEVERE ] player 3 placing token on slot 6
[16:34:36.819] [SEVERE ] setting player 3 freeze to 4
[16:34:37.832] [SEVERE ] setting player 3 freeze to 0
[16:34:37.832] [SEVERE ] removing player 3 token from slot 0
[16:34:37.832] [SEVERE ] player 3 placing token on slot 5
[16:34:37.832] [SEVERE ] setting player 3 freeze to 4
[16:34:38.843] [SEVERE ] setting player 3 freeze to 0
[16:34:38.843] [SEVERE ] removing player 3 token from slot 6
[16:34:38.843] [SEVERE ] player 3 placing token on slot 3
[16:34:38.843] [SEVERE ] setting player 3 freeze to 4
[16:34:39.851] [SEVERE ] setting player 3 freeze to 0
[16:34:39.851] [SEVERE ] removing player 3 token from slot 3
[16:34:39.851] [SEVERE ] player 3 placing token on slot 8
[16:34:39.851] [SEVERE ] setting player 3 freeze to 4
[16:34:40.862] [SEVERE ] setting player 3 freeze to 0
[16:34:40.862] [SEVERE ] removing player 3 token from slot 9
[16:34:40.862] [SEVERE ] player 3 placing token on slot 1
[16:34:40.862] [SEVERE ] setting player 3 freeze to 4
[16:34:41.863] [SEVERE ] setting player 3 freeze to 0
[16:34:41.863] [SEVERE ] removing player 2 token from slot 11
[16:34:41.863] [SEVERE ] player 2 placing token on slot 6
[16:34:41.863] [SEVERE ] setting player 2 freeze to 4
[16:34:42.873] [SEVERE ] setting player 2 freeze to 0
[16:34:42.873] [SEVERE ] removing player 2 token from slot 4
[16:34:42.873] [SEVERE ] player 2 placing token on slot 10
[16:34:42.873] [SEVERE ] setting player 2 freeze to 4
[16:34:43.879] [SEVERE ] setting player 2 freeze to 0
[16:34:43.879] [SEVERE ] removing player 2 token from slot 6
[16:34:43.879] [SEVERE ] removing player 2 token from slot 10
[16:34:43.879] [SEVERE ] player 2 placing token on slot 4
[16:34:43.879] [SEVERE ] player 2 placing token on slot 6
[16:34:43.879] [SEVERE ] setting player 2 freeze to 4
[16:34:44.890] [SEVERE ] setting player 2 freeze to 0
[16:34:44.890] [SEVERE ] removing player 2 token from slot 6
[16:34:44.890] [SEVERE ] player 2 placing token on slot 2
[16:34:44.890] [SEVERE ] setting player 2 freeze to 4
[16:34:45.891] [SEVERE ] setting player 2 freeze to 0
[16:34:45.891] [SEVERE ] removing player 2 token from slot 2
[16:34:45.891] [SEVERE ] player 2 placing token on slot 1
[16:34:45.891] [SEVERE ] setting player 2 freeze to 4
[16:34:46.903] [SEVERE ] setting player 2 freeze to 0
[16:34:46.903] [SEVERE ] removing player 2 token from slot 1
[16:34:46.903] [SEVERE ] player 2 placing token on slot 6
[16:34:46.903] [SEVERE ] setting player 2 freeze to 4
[16:34:47.911] [SEVERE ] setting player 2 freeze to 0
[16:34:47.911] [SEVERE ] removing player 2 token from slot 6
[16:34:47.911] [SEVERE ] removing player 2 token from slot 7
[16:34:47.911] [SEVERE ] player 2 placing token on slot 0
[16:34:47.911] [SEVERE ] player 2 placing token on slot 6
[16:34:47.911] [SEVERE ] setting player 2 freeze to 4
[16:34:48.914] [SEVERE ] setting player 2 freeze to 0
[16:34:48.914] [SEVERE ] removing player 2 token from slot 6
[16:34:48.914] [SEVERE ] player 2 placing token on slot 11
[16:34:48.914] [SEVERE ] setting player 2 freeze to 4
[16:34:49.920] [SEVERE ] setting player 2 freeze to 0
[16:34:49.920] [SEVERE ] removing player 2 token from slot 4
[16:34:49.920] [SEVERE ] removing player 2 token from slot 0
[16:34:49.921] [SEVERE ] player 2 placing token on slot 1
[16:34:49.921] [SEVERE ] player 2 placing token on slot 4
[16:34:49.921] [SEVERE ] setting player 2 freeze to 4
[16:34:50.926] [SEVERE ] setting player 2 freeze to 0
[16:34:50.926] [SEVERE ] removing player 2 token from slot 4
[16:34:50.926] [SEVERE ] player 2 placing token on slot 9
[16:34:50.926] [SEVERE ] setting player 2 freeze to 4
[16:34:51.938] [SEVERE ] setting player 2 freeze to 0
[16:34:51.938] [SEVERE ] removing player 2 token from slot 9
[16:34:51.938] [SEVERE ] player 2 placing token on slot 10
[16:34:51.938] [SEVERE ] setting player 2 freeze to 4
[16:34:52.949] [SEVERE ] setting player 2 freeze to 0
[16:34:52.949] [SEVERE ] removing player 4 token from slot 1
[16:34:52.949] [SEVERE ] removing player 4 token from slot 11
[16:34:52.949] [SEVERE ] player 4 placing token on slot 5
[16:34:52.949] [SEVERE ] player 4 placing token on slot 1
[16:34:52.949] [SEVERE ] setting player 4 freeze to 4
[16:34:53.951] [SEVERE ] setting player 4 freeze to 0
[16:34:53.951] [SEVERE ] removing player 4 token from slot 5
[16:34:53.951] [SEVERE ] player 4 placing token on slot 4
[16:34:53.951] [SEVERE ] setting player 4 freeze to 4
[16:34:54.357] [SEVERE ] exit button pressed
[16:34:54.357] [INFO   ] Thread computer-1 terminated.
[16:34:54.357] [INFO   ] Thread computer-0 terminated.
[16:34:54.357] [INFO   ] Thread player0 terminated.
[16:34:54.357] [INFO   ] Thread computer-2 terminated.
[16:34:54.357] [INFO   ] Thread player1 terminated.
[16:34:54.357] [INFO   ] Thread player2 terminated.
[16:34:54.374] [SEVERE ] removing player 2 token from slot 1
[16:34:54.374] [SEVERE ] removing player 3 token from slot 1
[16:34:54.374] [SEVERE ] removing player 4 token from slot 1
[16:34:54.374] [SEVERE ] removing card from slot 1
[16:34:54.387] [SEVERE ] removing card from slot 9
[16:34:54.401] [SEVERE ] removing player 2 token from slot 11
[16:34:54.401] [SEVERE ] removing card from slot 11
[16:34:54.417] [SEVERE ] removing player 1 token from slot 6
[16:34:54.417] [SEVERE ] removing card from slot 6
[16:34:54.432] [SEVERE ] removing player 3 token from slot 8
[16:34:54.433] [SEVERE ] removing card from slot 8
[16:34:54.448] [SEVERE ] removing card from slot 3
[16:34:54.464] [SEVERE ] removing player 4 token from slot 4
[16:34:54.464] [SEVERE ] removing card from slot 4
[16:34:54.478] [SEVERE ] removing player 2 token from slot 10
[16:34:54.478] [SEVERE ] removing card from slot 10
[16:34:54.494] [SEVERE ] removing player 1 token from slot 5
[16:34:54.494] [SEVERE ] removing player 3 token from slot 5
[16:34:54.494] [SEVERE ] removing card from slot 5
[16:34:54.508] [SEVERE ] removing card from slot 0
[16:34:54.524] [SEVERE ] removing player 1 token from slot 7
[16:34:54.524] [SEVERE ] removing card from slot 7
[16:34:54.540] [SEVERE ] removing player 4 token from slot 2
[16:34:54.540] [SEVERE ] removing card from slot 2
[16:34:54.540] [SEVERE ] announcing winner(s): player 1
[16:34:54.544] [INFO   ] Thread dealer terminated.
[16:34:54.544] [INFO   ] thread dealer terminated.
[16:34:54.544] [SEVERE ] thanks for playing... it was fun!
[16:34:54.544] [INFO   ] thread main terminated.
