[16:31:34.000] [INFO   ] thread main starting.
[16:31:34.012] [SEVERE ] cannot read configuration file config.properties trying from resources.
[16:31:34.016] [SEVERE ] configuration file was loaded from resources directory.
[16:31:34.612] [INFO   ] thread dealer starting.
[16:31:34.617] [INFO   ] Thread dealer starting.
[16:31:34.626] [INFO   ] Thread player0starting.
[16:31:34.626] [INFO   ] Thread player1starting.
[16:31:34.632] [INFO   ] Thread computer-1 starting.
[16:31:34.632] [INFO   ] Thread computer-0 starting.
[16:31:34.653] [SEVERE ] placing card 54 in slot 2
[16:31:34.669] [SEVERE ] placing card 79 in slot 9
[16:31:34.727] [SEVERE ] placing card 50 in slot 4
[16:31:34.743] [SEVERE ] placing card 7 in slot 6
[16:31:34.756] [SEVERE ] placing card 12 in slot 11
[16:31:34.771] [SEVERE ] placing card 9 in slot 3
[16:31:34.788] [SEVERE ] placing card 28 in slot 8
[16:31:34.801] [SEVERE ] placing card 33 in slot 5
[16:31:34.817] [SEVERE ] placing card 66 in slot 7
[16:31:34.830] [SEVERE ] placing card 1 in slot 10
[16:31:34.844] [SEVERE ] placing card 25 in slot 1
[16:31:34.859] [SEVERE ] placing card 6 in slot 0
[16:31:34.860] [SEVERE ] updating countdown to 100
[16:31:35.013] [SEVERE ] updating countdown to 0
[16:31:35.013] [SEVERE ] updating countdown to 0
[16:31:43.497] [SEVERE ] exit button pressed
[16:31:43.514] [SEVERE ] removing card from slot 3
[16:31:43.530] [SEVERE ] removing card from slot 7
[16:31:43.543] [SEVERE ] removing card from slot 6
[16:31:43.559] [SEVERE ] removing card from slot 9
[16:31:43.574] [SEVERE ] removing card from slot 5
[16:31:43.590] [SEVERE ] removing card from slot 0
[16:31:43.607] [SEVERE ] removing card from slot 4
[16:31:43.623] [SEVERE ] removing card from slot 1
[16:31:43.640] [SEVERE ] removing card from slot 10
[16:31:43.653] [SEVERE ] removing card from slot 2
[16:31:43.665] [SEVERE ] removing card from slot 11
[16:31:43.682] [SEVERE ] removing card from slot 8
[16:31:43.682] [INFO   ] Thread player0 terminated.
[16:31:43.682] [SEVERE ] announcing winner(s): player 1, player 2
[16:31:43.682] [INFO   ] Thread player1 terminated.
[16:31:43.686] [INFO   ] Thread dealer terminated.
[16:31:43.686] [INFO   ] thread dealer terminated.
[16:31:43.686] [SEVERE ] thanks for playing... it was fun!
[16:31:43.686] [INFO   ] thread main terminated.
