[23:01:34.779] [INFO   ] thread main starting.
[23:01:34.789] [SEVERE ] cannot read configuration file config.properties trying from resources.
[23:01:34.792] [SEVERE ] configuration file was loaded from resources directory.
[23:01:35.500] [INFO   ] thread dealer starting.
[23:01:35.501] [INFO   ] Thread dealer starting.
[23:01:35.502] [INFO   ] Thread player1starting.
[23:01:35.501] [INFO   ] Thread player0starting.
[23:01:35.524] [SEVERE ] placing card 68 in slot 7
[23:01:35.533] [SEVERE ] placing card 28 in slot 4
[23:01:35.540] [SEVERE ] placing card 19 in slot 3
[23:01:35.550] [SEVERE ] placing card 42 in slot 2
[23:01:35.551] [SEVERE ] placing card 4 in slot 8
[23:01:35.551] [SEVERE ] placing card 47 in slot 9
[23:01:35.552] [SEVERE ] placing card 9 in slot 0
[23:01:35.552] [SEVERE ] placing card 77 in slot 10
[23:01:35.569] [SEVERE ] placing card 22 in slot 5
[23:01:35.570] [SEVERE ] placing card 44 in slot 11
[23:01:35.570] [SEVERE ] placing card 38 in slot 6
[23:01:35.574] [SEVERE ] placing card 61 in slot 1
[23:01:35.617] [SEVERE ] updating countdown to 3000
[23:01:35.628] [SEVERE ] updating countdown to 3000
[23:01:35.631] [SEVERE ] updating countdown to 3000
[23:01:36.667] [SEVERE ] updating countdown to 2000
[23:01:37.690] [SEVERE ] updating countdown to 1000
[23:01:38.670] [SEVERE ] key 87 was pressed by player 1
[23:01:38.670] [SEVERE ] player 1 placing token on slot 1
[23:01:38.710] [SEVERE ] updating countdown to 0
[23:01:38.713] [SEVERE ] removing card from slot 9
[23:01:38.713] [SEVERE ] removing card from slot 2
[23:01:38.713] [SEVERE ] removing card from slot 3
[23:01:38.715] [SEVERE ] removing player 1 token from slot 1
[23:01:38.715] [SEVERE ] removing card from slot 1
[23:01:38.717] [SEVERE ] removing card from slot 0
[23:01:38.717] [SEVERE ] removing card from slot 10
[23:01:38.718] [SEVERE ] removing card from slot 4
[23:01:38.720] [SEVERE ] removing card from slot 5
[23:01:38.722] [SEVERE ] removing card from slot 8
[23:01:38.724] [SEVERE ] removing card from slot 11
[23:01:38.725] [SEVERE ] removing card from slot 6
[23:01:38.727] [SEVERE ] removing card from slot 7
[23:01:38.729] [SEVERE ] placing card 11 in slot 7
[23:01:38.730] [SEVERE ] placing card 13 in slot 4
[23:01:38.731] [SEVERE ] placing card 16 in slot 3
[23:01:38.734] [SEVERE ] placing card 42 in slot 2
[23:01:38.736] [SEVERE ] placing card 58 in slot 9
[23:01:38.738] [SEVERE ] placing card 52 in slot 6
[23:01:38.740] [SEVERE ] placing card 27 in slot 1
[23:01:38.742] [SEVERE ] placing card 65 in slot 10
[23:01:38.745] [SEVERE ] placing card 31 in slot 0
[23:01:38.748] [SEVERE ] placing card 47 in slot 8
[23:01:38.749] [SEVERE ] placing card 71 in slot 11
[23:01:38.751] [SEVERE ] placing card 38 in slot 5
[23:01:38.755] [SEVERE ] updating countdown to 3000
[23:01:38.756] [SEVERE ] updating countdown to 3000
[23:01:38.757] [SEVERE ] updating countdown to 3000
[23:01:39.775] [SEVERE ] updating countdown to 2000
[23:01:40.791] [SEVERE ] updating countdown to 1000
[23:01:41.810] [SEVERE ] updating countdown to 0
[23:01:41.819] [SEVERE ] removing card from slot 1
[23:01:41.819] [SEVERE ] removing card from slot 5
[23:01:41.821] [SEVERE ] removing card from slot 0
[23:01:41.822] [SEVERE ] removing card from slot 10
[23:01:41.824] [SEVERE ] removing card from slot 7
[23:01:41.825] [SEVERE ] removing card from slot 9
[23:01:41.826] [SEVERE ] removing card from slot 11
[23:01:41.827] [SEVERE ] removing card from slot 8
[23:01:41.828] [SEVERE ] removing card from slot 6
[23:01:41.828] [SEVERE ] removing card from slot 4
[23:01:41.829] [SEVERE ] removing card from slot 3
[23:01:41.830] [SEVERE ] removing card from slot 2
[23:01:41.832] [SEVERE ] placing card 17 in slot 2
[23:01:41.832] [SEVERE ] placing card 77 in slot 4
[23:01:41.833] [SEVERE ] placing card 0 in slot 9
[23:01:41.836] [SEVERE ] placing card 51 in slot 10
[23:01:41.839] [SEVERE ] placing card 64 in slot 11
[23:01:41.842] [SEVERE ] placing card 9 in slot 3
[23:01:41.844] [SEVERE ] placing card 16 in slot 7
[23:01:41.844] [SEVERE ] placing card 33 in slot 6
[23:01:41.845] [SEVERE ] placing card 29 in slot 1
[23:01:41.847] [SEVERE ] placing card 27 in slot 5
[23:01:41.849] [SEVERE ] placing card 60 in slot 0
[23:01:41.851] [SEVERE ] placing card 41 in slot 8
[23:01:41.855] [SEVERE ] updating countdown to 3000
[23:01:41.856] [SEVERE ] updating countdown to 3000
[23:01:41.856] [SEVERE ] updating countdown to 3000
[23:01:42.873] [SEVERE ] updating countdown to 2000
[23:01:43.888] [SEVERE ] updating countdown to 1000
