[17:13:22.077] [INFO   ] thread main starting.
[17:13:22.124] [SEVERE ] cannot read configuration file config.properties trying from resources.
[17:13:22.124] [SEVERE ] configuration file was loaded from resources directory.
[17:13:22.896] [INFO   ] thread dealer starting.
[17:13:22.896] [INFO   ] Thread dealer starting.
[17:13:22.896] [INFO   ] Thread player0starting.
[17:13:22.896] [INFO   ] Thread player1starting.
[17:13:22.911] [SEVERE ] placing card 14 in slot 4
[17:13:22.911] [SEVERE ] placing card 34 in slot 6
[17:13:22.917] [SEVERE ] placing card 78 in slot 3
[17:13:22.917] [SEVERE ] placing card 72 in slot 1
[17:13:22.959] [SEVERE ] placing card 54 in slot 11
[17:13:22.959] [SEVERE ] placing card 41 in slot 7
[17:13:22.960] [SEVERE ] placing card 63 in slot 2
[17:13:22.960] [SEVERE ] placing card 30 in slot 0
[17:13:22.960] [SEVERE ] placing card 6 in slot 5
[17:13:22.960] [SEVERE ] placing card 7 in slot 8
[17:13:22.960] [SEVERE ] placing card 24 in slot 10
[17:13:22.960] [SEVERE ] placing card 76 in slot 9
[17:13:22.968] [SEVERE ] updating countdown to 10000
[17:13:22.968] [SEVERE ] updating countdown to 10000
[17:13:23.981] [SEVERE ] updating countdown to 9000
[17:13:24.592] [SEVERE ] exit button pressed
[17:13:24.592] [INFO   ] Thread player1 terminated.
[17:13:24.592] [INFO   ] Thread player0 terminated.
[17:13:24.592] [SEVERE ] removing card from slot 10
[17:13:24.592] [SEVERE ] removing card from slot 2
[17:13:24.592] [SEVERE ] removing card from slot 3
[17:13:24.592] [SEVERE ] removing card from slot 11
[17:13:24.592] [SEVERE ] removing card from slot 6
[17:13:24.592] [SEVERE ] removing card from slot 4
[17:13:24.592] [SEVERE ] removing card from slot 7
[17:13:24.592] [SEVERE ] removing card from slot 8
[17:13:24.592] [SEVERE ] removing card from slot 0
[17:13:24.592] [SEVERE ] removing card from slot 1
[17:13:24.592] [SEVERE ] removing card from slot 9
[17:13:24.592] [SEVERE ] removing card from slot 5
[17:13:24.592] [SEVERE ] announcing winner(s): player 1, player 2
[17:13:24.592] [INFO   ] Thread dealer terminated.
[17:13:24.592] [INFO   ] thread dealer terminated.
[17:13:24.592] [SEVERE ] thanks for playing... it was fun!
[17:13:24.592] [INFO   ] thread main terminated.
