[02:15:17.876] [INFO   ] thread main starting.
[02:15:17.876] [SEVERE ] cannot read configuration file config.properties trying from resources.
[02:15:17.892] [SEVERE ] configuration file was loaded from resources directory.
[02:15:18.510] [INFO   ] thread dealer starting.
[02:15:18.510] [INFO   ] Thread dealer starting.
[02:15:18.542] [INFO   ] Thread player1starting.
[02:15:18.542] [INFO   ] Thread player0starting.
[02:15:18.545] [SEVERE ] placing card 13 in slot 1
[02:15:18.545] [SEVERE ] placing card 23 in slot 0
[02:15:18.545] [SEVERE ] placing card 27 in slot 6
[02:15:18.545] [SEVERE ] placing card 10 in slot 4
[02:15:18.587] [SEVERE ] placing card 26 in slot 2
[02:15:18.587] [SEVERE ] placing card 14 in slot 8
[02:15:18.587] [SEVERE ] placing card 19 in slot 9
[02:15:18.587] [SEVERE ] placing card 30 in slot 3
[02:15:18.587] [SEVERE ] placing card 12 in slot 10
[02:15:18.587] [SEVERE ] placing card 68 in slot 11
[02:15:18.587] [SEVERE ] placing card 53 in slot 5
[02:15:18.587] [SEVERE ] placing card 46 in slot 7
[02:15:18.595] [SEVERE ] updating countdown to 10000
[02:15:18.595] [SEVERE ] updating countdown to 10000
[02:15:19.603] [SEVERE ] updating countdown to 9000
[02:15:20.608] [SEVERE ] updating countdown to 8000
[02:15:21.617] [SEVERE ] updating countdown to 7000
[02:15:22.624] [SEVERE ] updating countdown to 6000
[02:15:23.632] [SEVERE ] updating countdown to 5000
[02:15:23.632] [SEVERE ] updating countdown to 5000
[02:15:25.202] [SEVERE ] updating countdown to 4000
[02:15:26.778] [SEVERE ] updating countdown to 3000
[02:15:28.354] [SEVERE ] updating countdown to 2000
[02:15:29.958] [SEVERE ] updating countdown to 1000
[02:15:31.535] [SEVERE ] updating countdown to 0
[02:15:31.535] [SEVERE ] removing card from slot 8
[02:15:31.535] [SEVERE ] removing card from slot 9
[02:15:31.535] [SEVERE ] removing card from slot 5
[02:15:31.535] [SEVERE ] removing card from slot 0
[02:15:31.535] [SEVERE ] removing card from slot 11
[02:15:31.535] [SEVERE ] removing card from slot 7
[02:15:31.535] [SEVERE ] removing card from slot 4
[02:15:31.535] [SEVERE ] removing card from slot 1
[02:15:31.535] [SEVERE ] removing card from slot 2
[02:15:31.535] [SEVERE ] removing card from slot 6
[02:15:31.535] [SEVERE ] removing card from slot 10
[02:15:31.535] [SEVERE ] removing card from slot 3
[02:15:31.535] [SEVERE ] placing card 58 in slot 10
[02:15:31.535] [SEVERE ] placing card 6 in slot 1
[02:15:31.535] [SEVERE ] placing card 80 in slot 8
[02:15:31.535] [SEVERE ] placing card 79 in slot 0
[02:15:31.535] [SEVERE ] placing card 53 in slot 7
[02:15:31.535] [SEVERE ] placing card 30 in slot 9
[02:15:31.535] [SEVERE ] placing card 55 in slot 4
[02:15:31.535] [SEVERE ] placing card 61 in slot 11
[02:15:31.535] [SEVERE ] placing card 36 in slot 5
[02:15:31.535] [SEVERE ] placing card 46 in slot 2
[02:15:31.535] [SEVERE ] placing card 29 in slot 6
[02:15:31.535] [SEVERE ] placing card 62 in slot 3
[02:15:31.535] [SEVERE ] updating countdown to 10000
[02:15:31.551] [SEVERE ] updating countdown to 10000
[02:15:32.558] [SEVERE ] updating countdown to 9000
[02:15:33.565] [SEVERE ] updating countdown to 8000
[02:15:34.576] [SEVERE ] updating countdown to 7000
[02:15:35.584] [SEVERE ] updating countdown to 6000
[02:15:36.198] [SEVERE ] key 87 was pressed by player 1
[02:15:36.213] [SEVERE ] player 1 placing token on slot 1
[02:15:36.591] [SEVERE ] updating countdown to 5000
[02:15:36.591] [SEVERE ] updating countdown to 5000
[02:15:37.631] [SEVERE ] key 68 was pressed by player 1
[02:15:37.631] [SEVERE ] player 1 placing token on slot 6
[02:15:38.166] [SEVERE ] updating countdown to 4000
[02:15:38.968] [SEVERE ] key 67 was pressed by player 1
[02:15:38.968] [SEVERE ] player 1 placing token on slot 10
[02:15:38.968] [SEVERE ] removing player 1 token from slot 1
[02:15:38.968] [SEVERE ] removing card from slot 1
[02:15:38.968] [SEVERE ] removing player 1 token from slot 6
[02:15:38.968] [SEVERE ] removing card from slot 6
[02:15:38.968] [SEVERE ] removing player 1 token from slot 10
[02:15:38.968] [SEVERE ] removing card from slot 10
[02:15:38.968] [SEVERE ] placing card 22 in slot 10
[02:15:38.968] [SEVERE ] setting player 1 freeze to 1000
[02:15:38.984] [SEVERE ] placing card 15 in slot 1
[02:15:38.984] [SEVERE ] placing card 64 in slot 6
[02:15:38.990] [SEVERE ] updating countdown to 10000
[02:15:39.994] [SEVERE ] setting player 1 freeze to 0
[02:15:39.994] [SEVERE ] setting player 1 score to 1
[02:15:40.560] [SEVERE ] updating countdown to 9000
[02:15:42.136] [SEVERE ] updating countdown to 8000
[02:15:43.538] [SEVERE ] exit button pressed
[02:15:43.538] [INFO   ] Thread player1 terminated.
[02:15:43.538] [INFO   ] Thread player0 terminated.
[02:15:43.538] [SEVERE ] removing card from slot 11
[02:15:43.538] [SEVERE ] removing card from slot 1
[02:15:43.538] [SEVERE ] removing card from slot 4
[02:15:43.538] [SEVERE ] removing card from slot 6
[02:15:43.538] [SEVERE ] removing card from slot 2
[02:15:43.538] [SEVERE ] removing card from slot 0
[02:15:43.538] [SEVERE ] removing card from slot 5
[02:15:43.538] [SEVERE ] removing card from slot 9
[02:15:43.538] [SEVERE ] removing card from slot 8
[02:15:43.538] [SEVERE ] removing card from slot 3
[02:15:43.538] [SEVERE ] removing card from slot 10
[02:15:43.538] [SEVERE ] removing card from slot 7
[02:15:43.538] [SEVERE ] announcing winner(s): player 1
[02:15:43.538] [INFO   ] Thread dealer terminated.
[02:15:43.538] [INFO   ] thread dealer terminated.
[02:15:43.538] [SEVERE ] thanks for playing... it was fun!
[02:15:43.538] [INFO   ] thread main terminated.
