[12:15:16.754] [INFO   ] thread main starting.
[12:15:16.758] [SEVERE ] cannot read configuration file config.properties trying from resources.
[12:15:16.762] [SEVERE ] configuration file was loaded from resources directory.
[12:15:17.300] [INFO   ] thread dealer starting.
[12:15:17.322] [INFO   ] Thread dealer starting.
[12:15:17.323] [INFO   ] Thread player3starting.
[12:15:17.323] [INFO   ] Thread player1starting.
[12:15:17.322] [INFO   ] Thread player0starting.
[12:15:17.322] [INFO   ] Thread player2starting.
[12:15:17.326] [INFO   ] Thread computer-1 starting.
[12:15:17.328] [INFO   ] Thread computer-0 starting.
[12:15:17.330] [INFO   ] Thread computer-2 starting.
[12:15:17.328] [INFO   ] Thread computer-3 starting.
[12:15:17.355] [SEVERE ] placing card 51 in slot 2
[12:15:17.368] [SEVERE ] placing card 36 in slot 8
[12:15:17.384] [SEVERE ] placing card 45 in slot 1
[12:15:17.400] [SEVERE ] placing card 11 in slot 6
[12:15:17.416] [SEVERE ] placing card 34 in slot 10
[12:15:17.432] [SEVERE ] placing card 24 in slot 3
[12:15:17.445] [SEVERE ] placing card 32 in slot 5
[12:15:17.461] [SEVERE ] placing card 12 in slot 7
[12:15:17.477] [SEVERE ] placing card 57 in slot 9
[12:15:17.493] [SEVERE ] placing card 55 in slot 4
[12:15:17.510] [SEVERE ] placing card 0 in slot 0
[12:15:17.526] [SEVERE ] placing card 41 in slot 11
[12:15:17.526] [SEVERE ] updating countdown to 100
[12:15:17.534] [SEVERE ] player 2 placing token on slot 6
[12:15:17.534] [SEVERE ] updating countdown to 100
[12:15:17.534] [SEVERE ] player 2 placing token on slot 0
[12:15:17.539] [SEVERE ] player 2 placing token on slot 2
[12:15:17.539] [SEVERE ] setting player 2 freeze to 4
[12:15:17.547] [SEVERE ] setting player 2 freeze to 0
[12:15:17.547] [SEVERE ] removing player 2 token from slot 2
[12:15:17.547] [SEVERE ] player 4 placing token on slot 7
[12:15:17.547] [SEVERE ] player 4 placing token on slot 4
[12:15:17.547] [SEVERE ] player 4 placing token on slot 1
[12:15:17.551] [SEVERE ] setting player 4 freeze to 4
[12:15:17.551] [SEVERE ] player 3 placing token on slot 8
[12:15:17.554] [SEVERE ] player 3 placing token on slot 0
[12:15:17.554] [SEVERE ] player 3 placing token on slot 5
[12:15:17.554] [SEVERE ] setting player 3 freeze to 4
[12:15:17.559] [SEVERE ] setting player 4 freeze to 0
[12:15:17.561] [SEVERE ] setting player 3 freeze to 0
[12:15:17.561] [SEVERE ] removing player 3 token from slot 0
[12:15:17.561] [SEVERE ] player 3 placing token on slot 9
[12:15:17.562] [SEVERE ] setting player 3 freeze to 4
[12:15:17.568] [SEVERE ] setting player 3 freeze to 0
[12:15:17.568] [SEVERE ] removing player 3 token from slot 8
[12:15:17.568] [SEVERE ] player 3 placing token on slot 10
[12:15:17.570] [SEVERE ] setting player 3 freeze to 4
[12:15:17.576] [SEVERE ] setting player 3 freeze to 0
[12:15:17.576] [SEVERE ] removing player 3 token from slot 9
[12:15:17.576] [SEVERE ] player 3 placing token on slot 1
[12:15:17.580] [SEVERE ] setting player 3 freeze to 4
[12:15:17.584] [SEVERE ] setting player 3 freeze to 0
[12:15:17.584] [SEVERE ] removing player 3 token from slot 5
[12:15:17.584] [SEVERE ] removing player 3 token from slot 10
[12:15:17.584] [SEVERE ] player 3 placing token on slot 4
[12:15:17.584] [SEVERE ] player 1 placing token on slot 11
[12:15:17.584] [SEVERE ] player 1 placing token on slot 6
[12:15:17.584] [SEVERE ] player 1 placing token on slot 10
[12:15:17.584] [SEVERE ] setting player 1 freeze to 4
[12:15:17.594] [SEVERE ] setting player 1 freeze to 0
[12:15:17.594] [SEVERE ] removing player 1 token from slot 10
[12:15:17.594] [SEVERE ] player 1 placing token on slot 4
[12:15:17.594] [SEVERE ] setting player 1 freeze to 4
[12:15:17.601] [SEVERE ] setting player 1 freeze to 0
[12:15:17.601] [SEVERE ] removing player 1 token from slot 11
[12:15:17.601] [SEVERE ] player 1 placing token on slot 7
[12:15:17.601] [SEVERE ] setting player 1 freeze to 4
[12:15:17.608] [SEVERE ] setting player 1 freeze to 0
[12:15:17.608] [SEVERE ] removing player 1 token from slot 6
[12:15:17.608] [SEVERE ] player 2 placing token on slot 5
[12:15:17.608] [SEVERE ] setting player 2 freeze to 4
[12:15:17.617] [SEVERE ] setting player 2 freeze to 0
[12:15:17.617] [SEVERE ] removing player 2 token from slot 6
[12:15:17.617] [SEVERE ] removing player 2 token from slot 0
[12:15:17.617] [SEVERE ] player 2 placing token on slot 7
[12:15:17.617] [SEVERE ] player 1 placing token on slot 9
[12:15:17.617] [SEVERE ] setting player 1 freeze to 4
[12:15:17.623] [SEVERE ] setting player 1 freeze to 0
[12:15:17.623] [SEVERE ] removing player 1 token from slot 7
[12:15:17.623] [SEVERE ] player 1 placing token on slot 2
[12:15:17.623] [SEVERE ] setting player 1 freeze to 4
[12:15:17.632] [SEVERE ] setting player 1 freeze to 0
[12:15:17.632] [SEVERE ] removing player 1 token from slot 2
[12:15:17.632] [SEVERE ] player 1 placing token on slot 11
[12:15:17.632] [SEVERE ] setting player 1 freeze to 4
[12:15:17.639] [SEVERE ] setting player 1 freeze to 0
[12:15:17.639] [SEVERE ] removing player 1 token from slot 11
[12:15:17.639] [SEVERE ] player 1 placing token on slot 5
[12:15:17.639] [SEVERE ] setting player 1 freeze to 4
[12:15:17.647] [SEVERE ] setting player 1 freeze to 0
[12:15:17.647] [SEVERE ] removing player 1 token from slot 5
[12:15:17.647] [SEVERE ] player 1 placing token on slot 1
[12:15:17.647] [SEVERE ] setting player 1 freeze to 4
[12:15:17.654] [SEVERE ] setting player 1 freeze to 0
[12:15:17.654] [SEVERE ] removing player 1 token from slot 1
[12:15:17.654] [SEVERE ] removing player 1 token from slot 9
[12:15:17.654] [SEVERE ] removing player 1 token from slot 4
[12:15:17.654] [SEVERE ] player 1 placing token on slot 1
[12:15:17.654] [SEVERE ] player 1 placing token on slot 9
[12:15:17.654] [SEVERE ] player 1 placing token on slot 4
[12:15:17.654] [SEVERE ] setting player 1 freeze to 4
[12:15:17.660] [SEVERE ] setting player 1 freeze to 0
[12:15:17.660] [SEVERE ] removing player 1 token from slot 1
[12:15:17.660] [SEVERE ] player 1 placing token on slot 5
[12:15:17.660] [SEVERE ] setting player 1 freeze to 4
[12:15:17.666] [SEVERE ] setting player 1 freeze to 0
[12:15:17.666] [SEVERE ] player 3 placing token on slot 5
[12:15:17.666] [SEVERE ] setting player 3 freeze to 4
[12:15:17.672] [SEVERE ] setting player 3 freeze to 0
[12:15:17.672] [SEVERE ] removing player 3 token from slot 5
[12:15:17.676] [SEVERE ] player 3 placing token on slot 2
[12:15:17.676] [SEVERE ] setting player 3 freeze to 4
[12:15:17.683] [SEVERE ] setting player 3 freeze to 0
[12:15:17.683] [SEVERE ] removing player 3 token from slot 1
[12:15:17.683] [SEVERE ] player 3 placing token on slot 3
[12:15:17.683] [SEVERE ] setting player 3 freeze to 4
[12:15:17.689] [SEVERE ] setting player 3 freeze to 0
[12:15:17.689] [SEVERE ] removing player 3 token from slot 4
[12:15:17.689] [SEVERE ] player 3 placing token on slot 9
[12:15:17.689] [SEVERE ] setting player 3 freeze to 4
[12:15:17.695] [SEVERE ] setting player 3 freeze to 0
[12:15:17.695] [SEVERE ] removing player 3 token from slot 9
[12:15:17.695] [SEVERE ] player 3 placing token on slot 5
[12:15:17.695] [SEVERE ] setting player 3 freeze to 4
[12:15:17.700] [SEVERE ] setting player 3 freeze to 0
[12:15:17.700] [SEVERE ] removing player 3 token from slot 5
[12:15:17.700] [SEVERE ] player 3 placing token on slot 4
[12:15:17.700] [SEVERE ] setting player 3 freeze to 4
[12:15:17.706] [SEVERE ] setting player 3 freeze to 0
[12:15:17.706] [SEVERE ] removing player 3 token from slot 4
[12:15:17.706] [SEVERE ] player 3 placing token on slot 6
[12:15:17.706] [SEVERE ] setting player 3 freeze to 4
[12:15:17.712] [SEVERE ] setting player 3 freeze to 0
[12:15:17.712] [SEVERE ] removing player 3 token from slot 6
[12:15:17.712] [SEVERE ] removing player 3 token from slot 3
[12:15:17.712] [SEVERE ] player 3 placing token on slot 7
[12:15:17.712] [SEVERE ] removing player 1 token from slot 5
[12:15:17.712] [SEVERE ] removing player 1 token from slot 4
[12:15:17.712] [SEVERE ] player 1 placing token on slot 8
[12:15:17.712] [SEVERE ] player 1 placing token on slot 5
[12:15:17.712] [SEVERE ] setting player 1 freeze to 4
[12:15:17.718] [SEVERE ] setting player 1 freeze to 0
[12:15:17.718] [SEVERE ] removing player 1 token from slot 9
[12:15:17.718] [SEVERE ] player 1 placing token on slot 0
[12:15:17.718] [SEVERE ] setting player 1 freeze to 4
[12:15:17.718] [SEVERE ] player 2 placing token on slot 6
[12:15:17.719] [SEVERE ] setting player 2 freeze to 4
[12:15:17.724] [SEVERE ] setting player 1 freeze to 0
[12:15:17.724] [SEVERE ] setting player 2 freeze to 0
[12:15:17.724] [SEVERE ] removing player 2 token from slot 5
[12:15:17.724] [SEVERE ] player 2 placing token on slot 3
[12:15:17.724] [SEVERE ] setting player 2 freeze to 4
[12:15:17.731] [SEVERE ] setting player 2 freeze to 0
[12:15:17.731] [SEVERE ] removing player 2 token from slot 7
[12:15:17.731] [SEVERE ] player 2 placing token on slot 10
[12:15:17.731] [SEVERE ] setting player 2 freeze to 4
[12:15:17.736] [SEVERE ] setting player 2 freeze to 0
[12:15:17.736] [SEVERE ] removing player 2 token from slot 3
[12:15:17.736] [SEVERE ] removing player 2 token from slot 10
[12:15:17.736] [SEVERE ] player 2 placing token on slot 1
[12:15:17.736] [SEVERE ] player 2 placing token on slot 3
[12:15:17.736] [SEVERE ] setting player 2 freeze to 4
[12:15:17.741] [SEVERE ] setting player 2 freeze to 0
[12:15:17.741] [SEVERE ] removing player 2 token from slot 6
[12:15:17.741] [SEVERE ] player 2 placing token on slot 10
[12:15:17.741] [SEVERE ] setting player 2 freeze to 4
[12:15:17.741] [SEVERE ] player 3 placing token on slot 6
[12:15:17.744] [SEVERE ] setting player 3 freeze to 4
[12:15:17.748] [SEVERE ] setting player 2 freeze to 0
[12:15:17.748] [SEVERE ] setting player 3 freeze to 0
[12:15:17.748] [SEVERE ] removing player 3 token from slot 2
[12:15:17.748] [SEVERE ] player 3 placing token on slot 4
[12:15:17.748] [SEVERE ] setting player 3 freeze to 4
[12:15:17.754] [SEVERE ] setting player 3 freeze to 0
[12:15:17.754] [SEVERE ] removing player 3 token from slot 4
[12:15:17.754] [SEVERE ] player 3 placing token on slot 9
[12:15:17.754] [SEVERE ] setting player 3 freeze to 4
[12:15:17.754] [SEVERE ] removing player 1 token from slot 5
[12:15:17.760] [SEVERE ] setting player 3 freeze to 0
[12:15:17.760] [SEVERE ] removing player 3 token from slot 9
[12:15:17.760] [SEVERE ] player 3 placing token on slot 8
[12:15:17.760] [SEVERE ] setting player 3 freeze to 4
[12:15:17.760] [SEVERE ] removing player 4 token from slot 1
[12:15:17.761] [SEVERE ] player 4 placing token on slot 10
[12:15:17.761] [SEVERE ] setting player 4 freeze to 4
[12:15:17.765] [SEVERE ] setting player 3 freeze to 0
[12:15:17.766] [SEVERE ] setting player 4 freeze to 0
[12:15:17.766] [SEVERE ] removing player 3 token from slot 7
[12:15:17.766] [SEVERE ] player 3 placing token on slot 2
[12:15:17.766] [SEVERE ] setting player 3 freeze to 4
[12:15:17.772] [SEVERE ] setting player 3 freeze to 0
[12:15:17.772] [SEVERE ] removing player 3 token from slot 6
[12:15:17.772] [SEVERE ] player 3 placing token on slot 0
[12:15:17.772] [SEVERE ] setting player 3 freeze to 4
[12:15:17.772] [SEVERE ] player 1 placing token on slot 1
[12:15:17.773] [SEVERE ] setting player 1 freeze to 4
[12:15:17.778] [SEVERE ] setting player 1 freeze to 0
[12:15:17.778] [SEVERE ] setting player 3 freeze to 0
[12:15:17.778] [SEVERE ] removing player 1 token from slot 8
[12:15:17.778] [SEVERE ] player 1 placing token on slot 6
[12:15:17.778] [SEVERE ] setting player 1 freeze to 4
[12:15:17.784] [SEVERE ] setting player 1 freeze to 0
[12:15:17.784] [SEVERE ] removing player 1 token from slot 1
[12:15:17.784] [SEVERE ] player 1 placing token on slot 2
[12:15:17.784] [SEVERE ] setting player 1 freeze to 4
[12:15:17.790] [SEVERE ] setting player 1 freeze to 0
[12:15:17.790] [SEVERE ] removing player 1 token from slot 0
[12:15:17.790] [SEVERE ] player 1 placing token on slot 8
[12:15:17.790] [SEVERE ] setting player 1 freeze to 4
[12:15:17.795] [SEVERE ] setting player 1 freeze to 0
[12:15:17.795] [SEVERE ] removing player 1 token from slot 6
[12:15:17.795] [SEVERE ] player 1 placing token on slot 5
[12:15:17.795] [SEVERE ] setting player 1 freeze to 4
[12:15:17.802] [SEVERE ] setting player 1 freeze to 0
[12:15:17.802] [SEVERE ] removing player 1 token from slot 8
[12:15:17.802] [SEVERE ] removing player 1 token from slot 5
[12:15:17.802] [SEVERE ] player 1 placing token on slot 4
[12:15:17.802] [SEVERE ] player 1 placing token on slot 8
[12:15:17.802] [SEVERE ] setting player 1 freeze to 4
[12:15:17.808] [SEVERE ] setting player 1 freeze to 0
[12:15:17.808] [SEVERE ] removing player 1 token from slot 2
[12:15:17.808] [SEVERE ] removing player 1 token from slot 8
[12:15:17.808] [SEVERE ] player 1 placing token on slot 6
[12:15:17.812] [SEVERE ] player 1 placing token on slot 2
[12:15:17.812] [SEVERE ] setting player 1 freeze to 4
[12:15:17.817] [SEVERE ] setting player 1 freeze to 0
[12:15:17.817] [SEVERE ] removing player 1 token from slot 4
[12:15:17.817] [SEVERE ] player 1 placing token on slot 11
[12:15:17.817] [SEVERE ] setting player 1 freeze to 4
[12:15:17.826] [SEVERE ] setting player 1 freeze to 0
[12:15:17.826] [SEVERE ] removing player 1 token from slot 6
[12:15:17.826] [SEVERE ] removing player 1 token from slot 11
[12:15:17.826] [SEVERE ] player 1 placing token on slot 3
[12:15:17.826] [SEVERE ] player 1 placing token on slot 6
[12:15:17.826] [SEVERE ] setting player 1 freeze to 4
[12:15:17.834] [SEVERE ] setting player 1 freeze to 0
[12:15:17.834] [SEVERE ] removing player 1 token from slot 3
[12:15:17.834] [SEVERE ] removing player 2 token from slot 1
[12:15:17.834] [SEVERE ] player 2 placing token on slot 4
[12:15:17.838] [SEVERE ] setting player 2 freeze to 4
[12:15:17.846] [SEVERE ] setting player 2 freeze to 0
[12:15:17.846] [SEVERE ] removing player 2 token from slot 3
[12:15:17.846] [SEVERE ] player 2 placing token on slot 2
[12:15:17.846] [SEVERE ] player 1 placing token on slot 3
[12:15:17.846] [SEVERE ] setting player 1 freeze to 4
[12:15:17.849] [SEVERE ] setting player 2 freeze to 4
[12:15:17.854] [SEVERE ] setting player 1 freeze to 0
[12:15:17.854] [SEVERE ] removing player 1 token from slot 6
[12:15:17.854] [SEVERE ] player 1 placing token on slot 4
[12:15:17.855] [SEVERE ] setting player 1 freeze to 4
[12:15:17.855] [SEVERE ] removing player 3 token from slot 0
[12:15:17.856] [SEVERE ] player 3 placing token on slot 1
[12:15:17.856] [SEVERE ] setting player 3 freeze to 4
[12:15:17.856] [SEVERE ] setting player 2 freeze to 0
[12:15:17.861] [SEVERE ] setting player 1 freeze to 0
[12:15:17.861] [SEVERE ] setting player 3 freeze to 0
[12:15:17.861] [SEVERE ] removing player 3 token from slot 1
[12:15:17.861] [SEVERE ] player 3 placing token on slot 9
[12:15:17.861] [SEVERE ] setting player 3 freeze to 4
[12:15:17.869] [SEVERE ] setting player 3 freeze to 0
[12:15:17.869] [SEVERE ] removing player 4 token from slot 10
[12:15:17.869] [SEVERE ] player 4 placing token on slot 1
[12:15:17.869] [SEVERE ] setting player 4 freeze to 4
[12:15:17.884] [SEVERE ] setting player 4 freeze to 0
[12:15:17.884] [SEVERE ] removing player 4 token from slot 1
[12:15:17.884] [SEVERE ] player 4 placing token on slot 10
[12:15:17.892] [SEVERE ] setting player 4 freeze to 4
[12:15:17.900] [SEVERE ] setting player 4 freeze to 0
[12:15:17.900] [SEVERE ] removing player 4 token from slot 7
[12:15:17.900] [SEVERE ] player 4 placing token on slot 2
[12:15:17.900] [SEVERE ] setting player 4 freeze to 4
[12:15:17.900] [SEVERE ] removing player 3 token from slot 2
[12:15:17.903] [SEVERE ] player 3 placing token on slot 11
[12:15:17.903] [SEVERE ] setting player 3 freeze to 4
[12:15:17.908] [SEVERE ] setting player 3 freeze to 0
[12:15:17.908] [SEVERE ] setting player 4 freeze to 0
[12:15:17.908] [SEVERE ] removing player 3 token from slot 9
[12:15:17.908] [SEVERE ] player 3 placing token on slot 1
[12:15:17.912] [SEVERE ] setting player 3 freeze to 4
[12:15:17.917] [SEVERE ] setting player 3 freeze to 0
[12:15:17.917] [SEVERE ] removing player 3 token from slot 1
[12:15:17.917] [SEVERE ] player 3 placing token on slot 4
[12:15:17.917] [SEVERE ] setting player 3 freeze to 4
[12:15:17.923] [SEVERE ] setting player 3 freeze to 0
[12:15:17.923] [SEVERE ] removing player 3 token from slot 8
[12:15:17.923] [SEVERE ] player 3 placing token on slot 3
[12:15:17.943] [SEVERE ] removing player 1 token from slot 3
[12:15:17.943] [SEVERE ] removing player 3 token from slot 3
[12:15:17.943] [SEVERE ] removing card from slot 3
[12:15:17.955] [SEVERE ] removing player 1 token from slot 4
[12:15:17.955] [SEVERE ] removing player 2 token from slot 4
[12:15:17.955] [SEVERE ] removing player 3 token from slot 4
[12:15:17.955] [SEVERE ] removing player 4 token from slot 4
[12:15:17.955] [SEVERE ] removing card from slot 4
[12:15:17.971] [SEVERE ] removing player 3 token from slot 11
[12:15:17.971] [SEVERE ] removing card from slot 11
[12:15:17.972] [SEVERE ] setting player 3 freeze to 2
[12:15:17.977] [SEVERE ] setting player 3 freeze to 0
[12:15:17.977] [SEVERE ] setting player 3 score to 1
[12:15:17.984] [SEVERE ] placing card 4 in slot 4
[12:15:18.000] [SEVERE ] placing card 15 in slot 11
[12:15:18.016] [SEVERE ] placing card 31 in slot 3
[12:15:18.016] [SEVERE ] updating countdown to 100
[12:15:18.016] [SEVERE ] player 3 placing token on slot 2
[12:15:18.016] [SEVERE ] player 3 placing token on slot 0
[12:15:18.016] [SEVERE ] player 3 placing token on slot 6
[12:15:18.016] [SEVERE ] setting player 3 freeze to 4
[12:15:18.016] [SEVERE ] player 1 placing token on slot 11
[12:15:18.018] [SEVERE ] player 1 placing token on slot 3
[12:15:18.018] [SEVERE ] setting player 1 freeze to 4
[12:15:18.022] [SEVERE ] setting player 3 freeze to 0
[12:15:18.026] [SEVERE ] setting player 1 freeze to 0
[12:15:18.026] [SEVERE ] removing player 1 token from slot 11
[12:15:18.026] [SEVERE ] player 1 placing token on slot 6
[12:15:18.026] [SEVERE ] setting player 1 freeze to 4
[12:15:18.040] [SEVERE ] setting player 1 freeze to 0
[12:15:18.040] [SEVERE ] removing player 1 token from slot 3
[12:15:18.040] [SEVERE ] player 1 placing token on slot 0
[12:15:18.040] [SEVERE ] setting player 1 freeze to 4
[12:15:18.048] [SEVERE ] setting player 1 freeze to 0
[12:15:18.048] [SEVERE ] removing player 1 token from slot 6
[12:15:18.048] [SEVERE ] player 1 placing token on slot 5
[12:15:18.048] [SEVERE ] setting player 1 freeze to 4
[12:15:18.054] [SEVERE ] setting player 1 freeze to 0
[12:15:18.058] [SEVERE ] removing player 1 token from slot 5
[12:15:18.058] [SEVERE ] player 1 placing token on slot 6
[12:15:18.058] [SEVERE ] setting player 1 freeze to 4
[12:15:18.064] [SEVERE ] setting player 1 freeze to 0
[12:15:18.064] [SEVERE ] removing player 1 token from slot 2
[12:15:18.064] [SEVERE ] player 1 placing token on slot 5
[12:15:18.064] [SEVERE ] setting player 1 freeze to 4
[12:15:18.069] [SEVERE ] setting player 1 freeze to 0
[12:15:18.069] [SEVERE ] removing player 1 token from slot 5
[12:15:18.069] [SEVERE ] player 1 placing token on slot 11
[12:15:18.069] [SEVERE ] setting player 1 freeze to 4
[12:15:18.076] [SEVERE ] setting player 1 freeze to 0
[12:15:18.076] [SEVERE ] removing player 1 token from slot 0
[12:15:18.076] [SEVERE ] player 1 placing token on slot 4
[12:15:18.076] [SEVERE ] setting player 1 freeze to 4
[12:15:18.076] [SEVERE ] player 2 placing token on slot 9
[12:15:18.077] [SEVERE ] setting player 2 freeze to 4
[12:15:18.082] [SEVERE ] setting player 1 freeze to 0
[12:15:18.082] [SEVERE ] removing player 3 token from slot 2
[12:15:18.082] [SEVERE ] player 3 placing token on slot 8
[12:15:18.082] [SEVERE ] setting player 3 freeze to 4
[12:15:18.084] [SEVERE ] setting player 2 freeze to 0
[12:15:18.087] [SEVERE ] setting player 3 freeze to 0
[12:15:18.087] [SEVERE ] removing player 3 token from slot 6
[12:15:18.087] [SEVERE ] removing player 3 token from slot 8
[12:15:18.087] [SEVERE ] player 3 placing token on slot 7
[12:15:18.087] [SEVERE ] player 3 placing token on slot 6
[12:15:18.087] [SEVERE ] setting player 3 freeze to 4
[12:15:18.093] [SEVERE ] setting player 3 freeze to 0
[12:15:18.093] [SEVERE ] removing player 3 token from slot 0
[12:15:18.093] [SEVERE ] player 3 placing token on slot 4
[12:15:18.093] [SEVERE ] setting player 3 freeze to 4
[12:15:18.099] [SEVERE ] setting player 3 freeze to 0
[12:15:18.099] [SEVERE ] removing player 3 token from slot 7
[12:15:18.099] [SEVERE ] player 3 placing token on slot 1
[12:15:18.099] [SEVERE ] setting player 3 freeze to 4
[12:15:18.099] [SEVERE ] removing player 4 token from slot 10
[12:15:18.100] [SEVERE ] player 4 placing token on slot 9
[12:15:18.100] [SEVERE ] player 4 placing token on slot 8
[12:15:18.100] [SEVERE ] setting player 4 freeze to 4
[12:15:18.105] [SEVERE ] setting player 3 freeze to 0
[12:15:18.105] [SEVERE ] setting player 4 freeze to 0
[12:15:18.109] [SEVERE ] removing player 3 token from slot 1
[12:15:18.109] [SEVERE ] player 3 placing token on slot 8
[12:15:18.109] [SEVERE ] setting player 3 freeze to 4
[12:15:18.117] [SEVERE ] setting player 3 freeze to 0
[12:15:18.117] [SEVERE ] removing player 1 token from slot 4
[12:15:18.117] [SEVERE ] player 1 placing token on slot 0
[12:15:18.117] [SEVERE ] setting player 1 freeze to 4
[12:15:18.126] [SEVERE ] setting player 1 freeze to 0
[12:15:18.126] [SEVERE ] removing player 1 token from slot 0
[12:15:18.126] [SEVERE ] player 1 placing token on slot 2
[12:15:18.126] [SEVERE ] setting player 1 freeze to 4
[12:15:18.131] [SEVERE ] setting player 1 freeze to 0
[12:15:18.131] [SEVERE ] removing player 1 token from slot 2
[12:15:18.131] [SEVERE ] player 1 placing token on slot 4
[12:15:18.131] [SEVERE ] setting player 1 freeze to 4
[12:15:18.140] [SEVERE ] setting player 1 freeze to 0
[12:15:18.140] [SEVERE ] removing player 1 token from slot 11
[12:15:18.140] [SEVERE ] player 1 placing token on slot 9
[12:15:18.140] [SEVERE ] setting player 1 freeze to 4
[12:15:18.149] [SEVERE ] setting player 1 freeze to 0
[12:15:18.149] [SEVERE ] removing player 1 token from slot 6
[12:15:18.149] [SEVERE ] player 1 placing token on slot 1
[12:15:18.149] [SEVERE ] setting player 1 freeze to 4
[12:15:18.155] [SEVERE ] setting player 1 freeze to 0
[12:15:18.155] [SEVERE ] removing player 1 token from slot 1
[12:15:18.155] [SEVERE ] player 1 placing token on slot 11
[12:15:18.155] [SEVERE ] setting player 1 freeze to 4
[12:15:18.164] [SEVERE ] setting player 1 freeze to 0
[12:15:18.164] [SEVERE ] removing player 1 token from slot 9
[12:15:18.164] [SEVERE ] player 1 placing token on slot 7
[12:15:18.164] [SEVERE ] setting player 1 freeze to 4
[12:15:18.169] [SEVERE ] setting player 1 freeze to 0
[12:15:18.169] [SEVERE ] removing player 1 token from slot 4
[12:15:18.169] [SEVERE ] player 1 placing token on slot 2
[12:15:18.169] [SEVERE ] setting player 1 freeze to 4
[12:15:18.175] [SEVERE ] setting player 1 freeze to 0
[12:15:18.175] [SEVERE ] removing player 1 token from slot 7
[12:15:18.175] [SEVERE ] player 1 placing token on slot 1
[12:15:18.175] [SEVERE ] setting player 1 freeze to 4
[12:15:18.181] [SEVERE ] setting player 1 freeze to 0
[12:15:18.181] [SEVERE ] removing player 1 token from slot 11
[12:15:18.181] [SEVERE ] player 1 placing token on slot 3
[12:15:18.181] [SEVERE ] setting player 1 freeze to 4
[12:15:18.187] [SEVERE ] setting player 1 freeze to 0
[12:15:18.187] [SEVERE ] removing player 1 token from slot 1
[12:15:18.187] [SEVERE ] removing player 1 token from slot 3
[12:15:18.187] [SEVERE ] player 1 placing token on slot 7
[12:15:18.187] [SEVERE ] player 1 placing token on slot 1
[12:15:18.187] [SEVERE ] setting player 1 freeze to 4
[12:15:18.194] [SEVERE ] setting player 1 freeze to 0
[12:15:18.194] [SEVERE ] removing player 1 token from slot 1
[12:15:18.194] [SEVERE ] player 1 placing token on slot 8
[12:15:18.194] [SEVERE ] setting player 1 freeze to 4
[12:15:18.200] [SEVERE ] setting player 1 freeze to 0
[12:15:18.200] [SEVERE ] removing player 1 token from slot 2
[12:15:18.200] [SEVERE ] player 1 placing token on slot 1
[12:15:18.200] [SEVERE ] setting player 1 freeze to 4
[12:15:18.205] [SEVERE ] setting player 1 freeze to 0
[12:15:18.205] [SEVERE ] removing player 1 token from slot 8
[12:15:18.205] [SEVERE ] player 1 placing token on slot 2
[12:15:18.205] [SEVERE ] setting player 1 freeze to 4
[12:15:18.211] [SEVERE ] setting player 1 freeze to 0
[12:15:18.211] [SEVERE ] removing player 1 token from slot 2
[12:15:18.211] [SEVERE ] removing player 4 token from slot 9
[12:15:18.211] [SEVERE ] player 4 placing token on slot 3
[12:15:18.211] [SEVERE ] removing player 3 token from slot 4
[12:15:18.211] [SEVERE ] player 3 placing token on slot 3
[12:15:18.211] [SEVERE ] setting player 3 freeze to 4
[12:15:18.211] [SEVERE ] removing player 2 token from slot 9
[12:15:18.211] [SEVERE ] setting player 4 freeze to 4
[12:15:18.211] [SEVERE ] player 2 placing token on slot 8
[12:15:18.211] [SEVERE ] setting player 2 freeze to 4
[12:15:18.216] [SEVERE ] setting player 4 freeze to 0
[12:15:18.217] [SEVERE ] setting player 3 freeze to 0
[12:15:18.218] [SEVERE ] setting player 2 freeze to 0
[12:15:18.218] [SEVERE ] removing player 3 token from slot 8
[12:15:18.218] [SEVERE ] player 3 placing token on slot 5
[12:15:18.218] [SEVERE ] setting player 3 freeze to 4
[12:15:18.226] [SEVERE ] setting player 3 freeze to 0
[12:15:18.226] [SEVERE ] removing player 3 token from slot 5
[12:15:18.226] [SEVERE ] player 3 placing token on slot 9
[12:15:18.226] [SEVERE ] setting player 3 freeze to 4
[12:15:18.236] [SEVERE ] setting player 3 freeze to 0
[12:15:18.236] [SEVERE ] removing player 3 token from slot 6
[12:15:18.236] [SEVERE ] player 3 placing token on slot 5
[12:15:18.240] [SEVERE ] setting player 3 freeze to 4
[12:15:18.250] [SEVERE ] setting player 3 freeze to 0
[12:15:18.250] [SEVERE ] removing player 3 token from slot 9
[12:15:18.250] [SEVERE ] player 3 placing token on slot 2
[12:15:18.250] [SEVERE ] setting player 3 freeze to 4
[12:15:18.263] [SEVERE ] setting player 3 freeze to 0
[12:15:18.263] [SEVERE ] removing player 3 token from slot 2
[12:15:18.263] [SEVERE ] removing player 3 token from slot 3
[12:15:18.263] [SEVERE ] removing player 3 token from slot 5
[12:15:18.263] [SEVERE ] player 3 placing token on slot 2
[12:15:18.263] [SEVERE ] player 3 placing token on slot 3
[12:15:18.263] [SEVERE ] player 3 placing token on slot 5
[12:15:18.263] [SEVERE ] setting player 3 freeze to 4
[12:15:18.276] [SEVERE ] setting player 3 freeze to 0
[12:15:18.276] [SEVERE ] removing player 3 token from slot 2
[12:15:18.276] [SEVERE ] removing player 4 token from slot 8
[12:15:18.276] [SEVERE ] player 4 placing token on slot 7
[12:15:18.276] [SEVERE ] player 1 placing token on slot 9
[12:15:18.276] [SEVERE ] setting player 4 freeze to 4
[12:15:18.281] [SEVERE ] setting player 1 freeze to 4
[12:15:18.286] [SEVERE ] setting player 4 freeze to 0
[12:15:18.293] [SEVERE ] setting player 1 freeze to 0
[12:15:18.293] [SEVERE ] removing player 1 token from slot 1
[12:15:18.293] [SEVERE ] removing player 1 token from slot 7
[12:15:18.293] [SEVERE ] player 1 placing token on slot 3
[12:15:18.293] [SEVERE ] player 1 placing token on slot 1
[12:15:18.293] [SEVERE ] setting player 1 freeze to 4
[12:15:18.302] [SEVERE ] setting player 1 freeze to 0
[12:15:18.302] [SEVERE ] removing player 1 token from slot 1
[12:15:18.302] [SEVERE ] player 1 placing token on slot 4
[12:15:18.302] [SEVERE ] setting player 1 freeze to 4
[12:15:18.309] [SEVERE ] setting player 1 freeze to 0
[12:15:18.312] [SEVERE ] removing player 1 token from slot 9
[12:15:18.312] [SEVERE ] player 1 placing token on slot 5
[12:15:18.312] [SEVERE ] setting player 1 freeze to 4
[12:15:18.319] [SEVERE ] setting player 1 freeze to 0
[12:15:18.319] [SEVERE ] removing player 1 token from slot 3
[12:15:18.319] [SEVERE ] player 1 placing token on slot 7
[12:15:18.319] [SEVERE ] setting player 1 freeze to 4
[12:15:18.324] [SEVERE ] setting player 1 freeze to 0
[12:15:18.324] [SEVERE ] removing player 1 token from slot 5
[12:15:18.324] [SEVERE ] player 1 placing token on slot 8
[12:15:18.324] [SEVERE ] setting player 1 freeze to 4
[12:15:18.330] [SEVERE ] setting player 1 freeze to 0
[12:15:18.330] [SEVERE ] removing player 1 token from slot 4
[12:15:18.330] [SEVERE ] player 1 placing token on slot 5
[12:15:18.330] [SEVERE ] setting player 1 freeze to 4
[12:15:18.337] [SEVERE ] setting player 1 freeze to 0
[12:15:18.337] [SEVERE ] removing player 1 token from slot 5
[12:15:18.337] [SEVERE ] player 1 placing token on slot 2
[12:15:18.337] [SEVERE ] setting player 1 freeze to 4
[12:15:18.342] [SEVERE ] setting player 1 freeze to 0
[12:15:18.342] [SEVERE ] player 3 placing token on slot 6
[12:15:18.342] [SEVERE ] setting player 3 freeze to 4
[12:15:18.350] [SEVERE ] setting player 3 freeze to 0
[12:15:18.350] [SEVERE ] removing player 2 token from slot 2
[12:15:18.350] [SEVERE ] player 2 placing token on slot 6
[12:15:18.350] [SEVERE ] setting player 2 freeze to 4
[12:15:18.356] [SEVERE ] setting player 2 freeze to 0
[12:15:18.356] [SEVERE ] removing player 4 token from slot 2
[12:15:18.356] [SEVERE ] removing player 4 token from slot 7
[12:15:18.356] [SEVERE ] player 4 placing token on slot 0
[12:15:18.356] [SEVERE ] player 4 placing token on slot 2
[12:15:18.356] [SEVERE ] setting player 4 freeze to 4
[12:15:18.362] [SEVERE ] setting player 4 freeze to 0
[12:15:18.362] [SEVERE ] removing player 4 token from slot 0
[12:15:18.362] [SEVERE ] player 4 placing token on slot 10
[12:15:18.362] [SEVERE ] setting player 4 freeze to 4
[12:15:18.369] [SEVERE ] setting player 4 freeze to 0
[12:15:18.369] [SEVERE ] removing player 4 token from slot 3
[12:15:18.369] [SEVERE ] player 4 placing token on slot 9
[12:15:18.369] [SEVERE ] setting player 4 freeze to 4
[12:15:18.375] [SEVERE ] setting player 4 freeze to 0
[12:15:18.375] [SEVERE ] removing player 4 token from slot 2
[12:15:18.375] [SEVERE ] removing player 4 token from slot 9
[12:15:18.375] [SEVERE ] player 4 placing token on slot 0
[12:15:18.375] [SEVERE ] player 4 placing token on slot 2
[12:15:18.375] [SEVERE ] setting player 4 freeze to 4
[12:15:18.383] [SEVERE ] setting player 4 freeze to 0
[12:15:18.383] [SEVERE ] removing player 4 token from slot 10
[12:15:18.383] [SEVERE ] player 4 placing token on slot 1
[12:15:18.383] [SEVERE ] setting player 4 freeze to 4
[12:15:18.388] [SEVERE ] setting player 4 freeze to 0
[12:15:18.388] [SEVERE ] removing player 4 token from slot 1
[12:15:18.388] [SEVERE ] player 4 placing token on slot 4
[12:15:18.388] [SEVERE ] setting player 4 freeze to 4
[12:15:18.394] [SEVERE ] setting player 4 freeze to 0
[12:15:18.394] [SEVERE ] removing player 4 token from slot 4
[12:15:18.394] [SEVERE ] player 4 placing token on slot 1
[12:15:18.394] [SEVERE ] setting player 4 freeze to 4
[12:15:18.400] [SEVERE ] setting player 4 freeze to 0
[12:15:18.400] [SEVERE ] removing player 4 token from slot 2
[12:15:18.400] [SEVERE ] player 4 placing token on slot 3
[12:15:18.400] [SEVERE ] setting player 4 freeze to 4
[12:15:18.405] [SEVERE ] setting player 4 freeze to 0
[12:15:18.405] [SEVERE ] removing player 4 token from slot 1
[12:15:18.405] [SEVERE ] player 4 placing token on slot 9
[12:15:18.405] [SEVERE ] setting player 4 freeze to 4
[12:15:18.411] [SEVERE ] setting player 4 freeze to 0
[12:15:18.411] [SEVERE ] removing player 4 token from slot 9
[12:15:18.411] [SEVERE ] removing player 4 token from slot 3
[12:15:18.411] [SEVERE ] player 4 placing token on slot 7
[12:15:18.411] [SEVERE ] player 4 placing token on slot 9
[12:15:18.411] [SEVERE ] setting player 4 freeze to 4
[12:15:18.417] [SEVERE ] setting player 4 freeze to 0
[12:15:18.417] [SEVERE ] removing player 4 token from slot 0
[12:15:18.417] [SEVERE ] player 4 placing token on slot 3
[12:15:18.417] [SEVERE ] setting player 4 freeze to 4
[12:15:18.422] [SEVERE ] setting player 4 freeze to 0
[12:15:18.422] [SEVERE ] removing player 4 token from slot 3
[12:15:18.422] [SEVERE ] player 4 placing token on slot 4
[12:15:18.422] [SEVERE ] setting player 4 freeze to 4
[12:15:18.428] [SEVERE ] setting player 4 freeze to 0
[12:15:18.428] [SEVERE ] removing player 4 token from slot 7
[12:15:18.428] [SEVERE ] player 4 placing token on slot 3
[12:15:18.428] [SEVERE ] setting player 4 freeze to 4
[12:15:18.433] [SEVERE ] setting player 4 freeze to 0
[12:15:18.433] [SEVERE ] removing player 4 token from slot 4
[12:15:18.433] [SEVERE ] player 4 placing token on slot 10
[12:15:18.433] [SEVERE ] setting player 4 freeze to 4
[12:15:18.438] [SEVERE ] setting player 4 freeze to 0
[12:15:18.438] [SEVERE ] removing player 2 token from slot 8
[12:15:18.438] [SEVERE ] player 2 placing token on slot 0
[12:15:18.438] [SEVERE ] setting player 2 freeze to 4
[12:15:18.444] [SEVERE ] setting player 2 freeze to 0
[12:15:18.444] [SEVERE ] removing player 3 token from slot 6
[12:15:18.444] [SEVERE ] player 3 placing token on slot 1
[12:15:18.444] [SEVERE ] setting player 3 freeze to 4
[12:15:18.449] [SEVERE ] setting player 3 freeze to 0
[12:15:18.449] [SEVERE ] removing player 3 token from slot 3
[12:15:18.449] [SEVERE ] player 3 placing token on slot 2
[12:15:18.449] [SEVERE ] setting player 3 freeze to 4
[12:15:18.454] [SEVERE ] setting player 3 freeze to 0
[12:15:18.454] [SEVERE ] removing player 4 token from slot 3
[12:15:18.454] [SEVERE ] player 4 placing token on slot 4
[12:15:18.454] [SEVERE ] setting player 4 freeze to 4
[12:15:18.460] [SEVERE ] setting player 4 freeze to 0
[12:15:18.460] [SEVERE ] removing player 1 token from slot 8
[12:15:18.460] [SEVERE ] player 1 placing token on slot 11
[12:15:18.460] [SEVERE ] setting player 1 freeze to 4
[12:15:18.471] [SEVERE ] setting player 1 freeze to 0
[12:15:18.471] [SEVERE ] removing player 1 token from slot 7
[12:15:18.471] [SEVERE ] player 1 placing token on slot 10
[12:15:18.471] [SEVERE ] setting player 1 freeze to 4
[12:15:18.476] [SEVERE ] setting player 1 freeze to 0
[12:15:18.476] [SEVERE ] removing player 1 token from slot 2
[12:15:18.476] [SEVERE ] removing player 1 token from slot 10
[12:15:18.476] [SEVERE ] player 1 placing token on slot 6
[12:15:18.476] [SEVERE ] player 1 placing token on slot 2
[12:15:18.476] [SEVERE ] setting player 1 freeze to 4
[12:15:18.481] [SEVERE ] setting player 1 freeze to 0
[12:15:18.481] [SEVERE ] removing player 1 token from slot 2
[12:15:18.481] [SEVERE ] player 1 placing token on slot 5
[12:15:18.481] [SEVERE ] setting player 1 freeze to 4
[12:15:18.486] [SEVERE ] setting player 1 freeze to 0
[12:15:18.486] [SEVERE ] removing player 3 token from slot 1
[12:15:18.486] [SEVERE ] player 3 placing token on slot 3
[12:15:18.486] [SEVERE ] setting player 3 freeze to 4
[12:15:18.491] [SEVERE ] setting player 3 freeze to 0
[12:15:18.491] [SEVERE ] removing player 3 token from slot 3
[12:15:18.491] [SEVERE ] player 3 placing token on slot 1
[12:15:18.491] [SEVERE ] removing player 2 token from slot 6
[12:15:18.491] [SEVERE ] setting player 3 freeze to 4
[12:15:18.491] [SEVERE ] removing player 2 token from slot 10
[12:15:18.491] [SEVERE ] player 2 placing token on slot 4
[12:15:18.491] [SEVERE ] player 2 placing token on slot 6
[12:15:18.491] [SEVERE ] setting player 2 freeze to 4
[12:15:18.496] [SEVERE ] setting player 3 freeze to 0
[12:15:18.497] [SEVERE ] setting player 2 freeze to 0
[12:15:18.497] [SEVERE ] removing player 2 token from slot 4
[12:15:18.497] [SEVERE ] player 2 placing token on slot 5
[12:15:18.497] [SEVERE ] setting player 2 freeze to 4
[12:15:18.502] [SEVERE ] setting player 2 freeze to 0
[12:15:18.502] [SEVERE ] removing player 2 token from slot 5
[12:15:18.502] [SEVERE ] player 2 placing token on slot 7
[12:15:18.502] [SEVERE ] setting player 2 freeze to 4
[12:15:18.507] [SEVERE ] setting player 2 freeze to 0
[12:15:18.507] [SEVERE ] removing player 2 token from slot 6
[12:15:18.507] [SEVERE ] player 2 placing token on slot 8
[12:15:18.507] [SEVERE ] setting player 2 freeze to 4
[12:15:18.512] [SEVERE ] setting player 2 freeze to 0
[12:15:18.512] [SEVERE ] removing player 2 token from slot 0
[12:15:18.512] [SEVERE ] player 2 placing token on slot 11
[12:15:18.512] [SEVERE ] setting player 2 freeze to 4
[12:15:18.520] [SEVERE ] setting player 2 freeze to 0
[12:15:18.520] [SEVERE ] removing player 2 token from slot 7
[12:15:18.520] [SEVERE ] player 2 placing token on slot 1
[12:15:18.520] [SEVERE ] setting player 2 freeze to 4
[12:15:18.527] [SEVERE ] setting player 2 freeze to 0
[12:15:18.527] [SEVERE ] removing player 2 token from slot 1
[12:15:18.527] [SEVERE ] player 2 placing token on slot 10
[12:15:18.527] [SEVERE ] setting player 2 freeze to 4
[12:15:18.531] [SEVERE ] setting player 2 freeze to 0
[12:15:18.531] [SEVERE ] removing player 1 token from slot 11
[12:15:18.531] [SEVERE ] player 1 placing token on slot 0
[12:15:18.531] [SEVERE ] setting player 1 freeze to 4
[12:15:18.537] [SEVERE ] setting player 1 freeze to 0
[12:15:18.537] [SEVERE ] removing player 1 token from slot 0
[12:15:18.537] [SEVERE ] player 1 placing token on slot 4
[12:15:18.537] [SEVERE ] setting player 1 freeze to 4
[12:15:18.542] [SEVERE ] setting player 1 freeze to 0
[12:15:18.542] [SEVERE ] removing player 1 token from slot 4
[12:15:18.542] [SEVERE ] player 1 placing token on slot 1
[12:15:18.542] [SEVERE ] setting player 1 freeze to 4
[12:15:18.548] [SEVERE ] setting player 1 freeze to 0
[12:15:18.556] [SEVERE ] removing player 2 token from slot 10
[12:15:18.556] [SEVERE ] removing player 4 token from slot 10
[12:15:18.556] [SEVERE ] removing card from slot 10
[12:15:18.573] [SEVERE ] removing player 4 token from slot 9
[12:15:18.573] [SEVERE ] removing card from slot 9
[12:15:18.589] [SEVERE ] removing player 2 token from slot 11
[12:15:18.589] [SEVERE ] removing card from slot 11
[12:15:18.605] [SEVERE ] removing player 3 token from slot 2
[12:15:18.605] [SEVERE ] removing card from slot 2
[12:15:18.621] [SEVERE ] removing player 1 token from slot 1
[12:15:18.621] [SEVERE ] removing player 3 token from slot 1
[12:15:18.621] [SEVERE ] removing card from slot 1
[12:15:18.633] [SEVERE ] removing player 4 token from slot 4
[12:15:18.633] [SEVERE ] removing card from slot 4
[12:15:18.649] [SEVERE ] removing player 1 token from slot 6
[12:15:18.649] [SEVERE ] removing card from slot 6
[12:15:18.665] [SEVERE ] removing player 1 token from slot 5
[12:15:18.665] [SEVERE ] removing player 3 token from slot 5
[12:15:18.665] [SEVERE ] removing card from slot 5
[12:15:18.681] [SEVERE ] removing player 2 token from slot 8
[12:15:18.681] [SEVERE ] removing card from slot 8
[12:15:18.697] [SEVERE ] removing card from slot 3
[12:15:18.713] [SEVERE ] removing card from slot 7
[12:15:18.730] [SEVERE ] removing card from slot 0
[12:15:18.746] [SEVERE ] placing card 14 in slot 5
[12:15:18.758] [SEVERE ] placing card 21 in slot 11
[12:15:18.774] [SEVERE ] placing card 67 in slot 1
[12:15:18.790] [SEVERE ] placing card 66 in slot 3
[12:15:18.806] [SEVERE ] placing card 38 in slot 7
[12:15:18.822] [SEVERE ] placing card 29 in slot 4
[12:15:18.838] [SEVERE ] placing card 34 in slot 10
[12:15:18.854] [SEVERE ] placing card 46 in slot 2
[12:15:18.870] [SEVERE ] placing card 45 in slot 6
[12:15:18.882] [SEVERE ] placing card 69 in slot 9
[12:15:18.898] [SEVERE ] placing card 48 in slot 0
[12:15:18.914] [SEVERE ] placing card 60 in slot 8
[12:15:18.914] [SEVERE ] updating countdown to 100
[12:15:18.914] [SEVERE ] player 1 placing token on slot 10
[12:15:18.914] [SEVERE ] player 1 placing token on slot 8
[12:15:18.914] [SEVERE ] player 1 placing token on slot 9
[12:15:18.914] [SEVERE ] setting player 1 freeze to 4
[12:15:18.914] [SEVERE ] player 4 placing token on slot 7
[12:15:18.916] [SEVERE ] player 4 placing token on slot 5
[12:15:18.916] [SEVERE ] player 4 placing token on slot 0
[12:15:18.916] [SEVERE ] setting player 4 freeze to 4
[12:15:18.916] [SEVERE ] updating countdown to 100
[12:15:18.921] [SEVERE ] setting player 4 freeze to 0
[12:15:18.921] [SEVERE ] setting player 1 freeze to 0
[12:15:18.921] [SEVERE ] player 3 placing token on slot 4
[12:15:18.921] [SEVERE ] player 3 placing token on slot 3
[12:15:18.921] [SEVERE ] player 3 placing token on slot 2
[12:15:18.921] [SEVERE ] setting player 3 freeze to 4
[12:15:18.925] [SEVERE ] setting player 3 freeze to 0
[12:15:18.925] [SEVERE ] removing player 3 token from slot 3
[12:15:18.925] [SEVERE ] player 3 placing token on slot 0
[12:15:18.925] [SEVERE ] setting player 3 freeze to 4
[12:15:18.930] [SEVERE ] setting player 3 freeze to 0
[12:15:18.930] [SEVERE ] removing player 3 token from slot 0
[12:15:18.930] [SEVERE ] removing player 3 token from slot 4
[12:15:18.930] [SEVERE ] player 3 placing token on slot 11
[12:15:18.930] [SEVERE ] player 3 placing token on slot 0
[12:15:18.930] [SEVERE ] setting player 3 freeze to 4
[12:15:18.935] [SEVERE ] setting player 3 freeze to 0
[12:15:18.935] [SEVERE ] removing player 3 token from slot 2
[12:15:18.935] [SEVERE ] removing player 3 token from slot 11
[12:15:18.935] [SEVERE ] player 3 placing token on slot 10
[12:15:18.935] [SEVERE ] player 3 placing token on slot 2
[12:15:18.935] [SEVERE ] setting player 3 freeze to 4
[12:15:18.939] [SEVERE ] setting player 3 freeze to 0
[12:15:18.939] [SEVERE ] removing player 3 token from slot 2
[12:15:18.939] [SEVERE ] player 3 placing token on slot 8
[12:15:18.939] [SEVERE ] setting player 3 freeze to 4
[12:15:18.944] [SEVERE ] setting player 3 freeze to 0
[12:15:18.944] [SEVERE ] player 2 placing token on slot 1
[12:15:18.944] [SEVERE ] player 2 placing token on slot 9
[12:15:18.944] [SEVERE ] player 2 placing token on slot 2
[12:15:18.944] [SEVERE ] setting player 2 freeze to 4
[12:15:18.948] [SEVERE ] setting player 2 freeze to 0
[12:15:18.948] [SEVERE ] removing player 2 token from slot 2
[12:15:18.948] [SEVERE ] player 2 placing token on slot 10
[12:15:18.948] [SEVERE ] setting player 2 freeze to 4
[12:15:18.953] [SEVERE ] setting player 2 freeze to 0
[12:15:18.953] [SEVERE ] removing player 2 token from slot 9
[12:15:18.953] [SEVERE ] player 2 placing token on slot 3
[12:15:18.953] [SEVERE ] setting player 2 freeze to 4
[12:15:18.957] [SEVERE ] setting player 2 freeze to 0
[12:15:18.957] [SEVERE ] removing player 4 token from slot 7
[12:15:18.957] [SEVERE ] player 4 placing token on slot 4
[12:15:18.957] [SEVERE ] setting player 4 freeze to 4
[12:15:18.962] [SEVERE ] setting player 4 freeze to 0
[12:15:18.962] [SEVERE ] removing player 4 token from slot 5
[12:15:18.962] [SEVERE ] removing player 4 token from slot 0
[12:15:18.962] [SEVERE ] player 4 placing token on slot 6
[12:15:18.962] [SEVERE ] player 4 placing token on slot 5
[12:15:18.962] [SEVERE ] setting player 4 freeze to 4
[12:15:18.967] [SEVERE ] setting player 4 freeze to 0
[12:15:18.967] [SEVERE ] removing player 4 token from slot 6
[12:15:18.967] [SEVERE ] removing player 4 token from slot 5
[12:15:18.967] [SEVERE ] player 4 placing token on slot 0
[12:15:18.967] [SEVERE ] player 4 placing token on slot 6
[12:15:18.967] [SEVERE ] setting player 4 freeze to 4
[12:15:18.972] [SEVERE ] setting player 4 freeze to 0
[12:15:18.972] [SEVERE ] removing player 4 token from slot 6
[12:15:18.972] [SEVERE ] player 4 placing token on slot 1
[12:15:18.972] [SEVERE ] setting player 4 freeze to 4
[12:15:18.972] [SEVERE ] removing player 1 token from slot 8
[12:15:18.972] [SEVERE ] player 1 placing token on slot 2
[12:15:18.972] [SEVERE ] setting player 1 freeze to 4
[12:15:18.977] [SEVERE ] setting player 4 freeze to 0
[12:15:18.977] [SEVERE ] setting player 1 freeze to 0
[12:15:18.977] [SEVERE ] removing player 1 token from slot 2
[12:15:18.977] [SEVERE ] player 1 placing token on slot 11
[12:15:18.977] [SEVERE ] setting player 1 freeze to 4
[12:15:18.981] [SEVERE ] setting player 1 freeze to 0
[12:15:18.981] [SEVERE ] removing player 3 token from slot 0
[12:15:18.981] [SEVERE ] player 3 placing token on slot 5
[12:15:18.981] [SEVERE ] setting player 3 freeze to 4
[12:15:18.986] [SEVERE ] setting player 3 freeze to 0
[12:15:18.986] [SEVERE ] removing player 3 token from slot 10
[12:15:18.986] [SEVERE ] removing player 1 token from slot 10
[12:15:18.986] [SEVERE ] player 1 placing token on slot 3
[12:15:18.986] [SEVERE ] setting player 1 freeze to 4
[12:15:18.991] [SEVERE ] setting player 1 freeze to 0
[12:15:18.991] [SEVERE ] removing player 1 token from slot 9
[12:15:18.991] [SEVERE ] player 1 placing token on slot 8
[12:15:18.991] [SEVERE ] setting player 1 freeze to 4
[12:15:18.996] [SEVERE ] setting player 1 freeze to 0
[12:15:18.996] [SEVERE ] removing player 1 token from slot 8
[12:15:18.996] [SEVERE ] player 1 placing token on slot 7
[12:15:18.996] [SEVERE ] setting player 1 freeze to 4
[12:15:18.996] [SEVERE ] removing player 4 token from slot 0
[12:15:18.996] [SEVERE ] player 4 placing token on slot 11
[12:15:18.996] [SEVERE ] setting player 4 freeze to 4
[12:15:19.001] [SEVERE ] setting player 4 freeze to 0
[12:15:19.001] [SEVERE ] removing player 4 token from slot 11
[12:15:19.001] [SEVERE ] player 4 placing token on slot 10
[12:15:19.001] [SEVERE ] setting player 1 freeze to 0
[12:15:19.001] [SEVERE ] setting player 4 freeze to 4
[12:15:19.006] [SEVERE ] setting player 4 freeze to 0
[12:15:19.006] [SEVERE ] removing player 4 token from slot 10
[12:15:19.006] [SEVERE ] player 4 placing token on slot 8
[12:15:19.007] [SEVERE ] setting player 4 freeze to 4
[12:15:19.012] [SEVERE ] setting player 4 freeze to 0
[12:15:19.012] [SEVERE ] removing player 4 token from slot 1
[12:15:19.012] [SEVERE ] player 4 placing token on slot 5
[12:15:19.012] [SEVERE ] setting player 4 freeze to 4
[12:15:19.017] [SEVERE ] setting player 4 freeze to 0
[12:15:19.017] [SEVERE ] removing player 4 token from slot 4
[12:15:19.017] [SEVERE ] player 4 placing token on slot 9
[12:15:19.017] [SEVERE ] setting player 4 freeze to 4
[12:15:19.017] [SEVERE ] player 3 placing token on slot 3
[12:15:19.017] [SEVERE ] setting player 3 freeze to 4
[12:15:19.021] [SEVERE ] setting player 4 freeze to 0
[12:15:19.021] [SEVERE ] setting player 3 freeze to 0
[12:15:19.021] [SEVERE ] removing player 1 token from slot 7
[12:15:19.021] [SEVERE ] removing player 1 token from slot 3
[12:15:19.021] [SEVERE ] player 1 placing token on slot 8
[12:15:19.021] [SEVERE ] player 1 placing token on slot 7
[12:15:19.021] [SEVERE ] setting player 1 freeze to 4
[12:15:19.026] [SEVERE ] setting player 1 freeze to 0
[12:15:19.026] [SEVERE ] removing player 1 token from slot 7
[12:15:19.026] [SEVERE ] player 1 placing token on slot 1
[12:15:19.026] [SEVERE ] setting player 1 freeze to 4
[12:15:19.030] [SEVERE ] setting player 1 freeze to 0
[12:15:19.030] [SEVERE ] removing player 1 token from slot 1
[12:15:19.030] [SEVERE ] player 1 placing token on slot 10
[12:15:19.030] [SEVERE ] setting player 1 freeze to 4
[12:15:19.036] [SEVERE ] setting player 1 freeze to 0
[12:15:19.036] [SEVERE ] removing player 1 token from slot 11
[12:15:19.036] [SEVERE ] player 1 placing token on slot 6
[12:15:19.036] [SEVERE ] setting player 1 freeze to 4
[12:15:19.041] [SEVERE ] setting player 1 freeze to 0
[12:15:19.041] [SEVERE ] removing player 3 token from slot 8
[12:15:19.041] [SEVERE ] player 3 placing token on slot 0
[12:15:19.041] [SEVERE ] setting player 3 freeze to 4
[12:15:19.046] [SEVERE ] setting player 3 freeze to 0
[12:15:19.046] [SEVERE ] removing player 2 token from slot 10
[12:15:19.046] [SEVERE ] removing player 2 token from slot 3
[12:15:19.046] [SEVERE ] player 2 placing token on slot 9
[12:15:19.046] [SEVERE ] player 2 placing token on slot 10
[12:15:19.046] [SEVERE ] setting player 2 freeze to 4
[12:15:19.051] [SEVERE ] setting player 2 freeze to 0
[12:15:19.051] [SEVERE ] removing player 2 token from slot 10
[12:15:19.051] [SEVERE ] player 2 placing token on slot 6
[12:15:19.051] [SEVERE ] setting player 2 freeze to 4
[12:15:19.055] [SEVERE ] setting player 2 freeze to 0
[12:15:19.055] [SEVERE ] removing player 2 token from slot 1
[12:15:19.055] [SEVERE ] player 2 placing token on slot 7
[12:15:19.055] [SEVERE ] setting player 2 freeze to 4
[12:15:19.060] [SEVERE ] setting player 2 freeze to 0
[12:15:19.060] [SEVERE ] removing player 2 token from slot 7
[12:15:19.060] [SEVERE ] player 2 placing token on slot 10
[12:15:19.060] [SEVERE ] setting player 2 freeze to 4
[12:15:19.065] [SEVERE ] setting player 2 freeze to 0
[12:15:19.065] [SEVERE ] removing player 2 token from slot 6
[12:15:19.065] [SEVERE ] player 2 placing token on slot 3
[12:15:19.065] [SEVERE ] setting player 2 freeze to 4
[12:15:19.069] [SEVERE ] setting player 2 freeze to 0
[12:15:19.069] [SEVERE ] removing player 2 token from slot 10
[12:15:19.069] [SEVERE ] player 2 placing token on slot 5
[12:15:19.069] [SEVERE ] setting player 2 freeze to 4
[12:15:19.074] [SEVERE ] setting player 2 freeze to 0
[12:15:19.074] [SEVERE ] removing player 3 token from slot 5
[12:15:19.074] [SEVERE ] player 3 placing token on slot 1
[12:15:19.074] [SEVERE ] setting player 3 freeze to 4
[12:15:19.080] [SEVERE ] setting player 3 freeze to 0
[12:15:19.080] [SEVERE ] removing player 4 token from slot 5
[12:15:19.080] [SEVERE ] player 4 placing token on slot 0
[12:15:19.080] [SEVERE ] setting player 4 freeze to 4
[12:15:19.084] [SEVERE ] setting player 4 freeze to 0
[12:15:19.084] [SEVERE ] removing player 1 token from slot 6
[12:15:19.084] [SEVERE ] removing player 1 token from slot 8
[12:15:19.084] [SEVERE ] player 1 placing token on slot 1
[12:15:19.084] [SEVERE ] player 1 placing token on slot 6
[12:15:19.084] [SEVERE ] setting player 1 freeze to 4
[12:15:19.089] [SEVERE ] setting player 1 freeze to 0
[12:15:19.089] [SEVERE ] removing player 1 token from slot 1
[12:15:19.089] [SEVERE ] player 1 placing token on slot 3
[12:15:19.089] [SEVERE ] setting player 1 freeze to 4
[12:15:19.094] [SEVERE ] setting player 1 freeze to 0
[12:15:19.094] [SEVERE ] removing player 1 token from slot 10
[12:15:19.094] [SEVERE ] player 1 placing token on slot 11
[12:15:19.094] [SEVERE ] setting player 1 freeze to 4
[12:15:19.099] [SEVERE ] setting player 1 freeze to 0
[12:15:19.099] [SEVERE ] removing player 3 token from slot 0
[12:15:19.099] [SEVERE ] player 3 placing token on slot 2
[12:15:19.099] [SEVERE ] setting player 3 freeze to 4
[12:15:19.105] [SEVERE ] setting player 3 freeze to 0
[12:15:19.105] [SEVERE ] removing player 4 token from slot 0
[12:15:19.105] [SEVERE ] player 4 placing token on slot 6
[12:15:19.105] [SEVERE ] setting player 4 freeze to 4
[12:15:19.110] [SEVERE ] setting player 4 freeze to 0
[12:15:19.110] [SEVERE ] removing player 4 token from slot 6
[12:15:19.110] [SEVERE ] player 4 placing token on slot 7
[12:15:19.110] [SEVERE ] setting player 4 freeze to 4
[12:15:19.115] [SEVERE ] setting player 4 freeze to 0
[12:15:19.115] [SEVERE ] removing player 4 token from slot 7
[12:15:19.115] [SEVERE ] player 4 placing token on slot 0
[12:15:19.115] [SEVERE ] setting player 4 freeze to 4
[12:15:19.121] [SEVERE ] setting player 4 freeze to 0
[12:15:19.121] [SEVERE ] removing player 4 token from slot 9
[12:15:19.121] [SEVERE ] player 4 placing token on slot 2
[12:15:19.121] [SEVERE ] setting player 4 freeze to 4
[12:15:19.126] [SEVERE ] setting player 4 freeze to 0
[12:15:19.126] [SEVERE ] removing player 4 token from slot 2
[12:15:19.126] [SEVERE ] removing player 4 token from slot 0
[12:15:19.126] [SEVERE ] player 4 placing token on slot 11
[12:15:19.126] [SEVERE ] player 4 placing token on slot 2
[12:15:19.126] [SEVERE ] setting player 4 freeze to 4
[12:15:19.132] [SEVERE ] setting player 4 freeze to 0
[12:15:19.132] [SEVERE ] removing player 1 token from slot 6
[12:15:19.132] [SEVERE ] player 1 placing token on slot 9
[12:15:19.132] [SEVERE ] setting player 1 freeze to 4
[12:15:19.137] [SEVERE ] setting player 1 freeze to 0
[12:15:19.137] [SEVERE ] removing player 3 token from slot 2
[12:15:19.137] [SEVERE ] player 3 placing token on slot 0
[12:15:19.137] [SEVERE ] setting player 3 freeze to 4
[12:15:19.142] [SEVERE ] setting player 3 freeze to 0
[12:15:19.143] [SEVERE ] removing player 2 token from slot 5
[12:15:19.143] [SEVERE ] removing player 2 token from slot 3
[12:15:19.143] [SEVERE ] removing player 3 token from slot 3
[12:15:19.143] [SEVERE ] player 3 placing token on slot 4
[12:15:19.143] [SEVERE ] setting player 3 freeze to 4
[12:15:19.148] [SEVERE ] setting player 3 freeze to 0
[12:15:19.148] [SEVERE ] removing player 3 token from slot 1
[12:15:19.148] [SEVERE ] player 3 placing token on slot 10
[12:15:19.148] [SEVERE ] setting player 3 freeze to 4
[12:15:19.153] [SEVERE ] setting player 3 freeze to 0
[12:15:19.153] [SEVERE ] removing player 3 token from slot 4
[12:15:19.153] [SEVERE ] player 3 placing token on slot 8
[12:15:19.153] [SEVERE ] setting player 3 freeze to 4
[12:15:19.158] [SEVERE ] setting player 3 freeze to 0
[12:15:19.158] [SEVERE ] removing player 3 token from slot 0
[12:15:19.158] [SEVERE ] player 3 placing token on slot 9
[12:15:19.158] [SEVERE ] setting player 3 freeze to 4
[12:15:19.163] [SEVERE ] setting player 3 freeze to 0
[12:15:19.163] [SEVERE ] removing player 3 token from slot 8
[12:15:19.163] [SEVERE ] player 2 placing token on slot 1
[12:15:19.163] [SEVERE ] player 2 placing token on slot 5
[12:15:19.163] [SEVERE ] setting player 2 freeze to 4
[12:15:19.168] [SEVERE ] setting player 2 freeze to 0
[12:15:19.168] [SEVERE ] player 3 placing token on slot 3
[12:15:19.168] [SEVERE ] setting player 3 freeze to 4
[12:15:19.172] [SEVERE ] setting player 3 freeze to 0
[12:15:19.172] [SEVERE ] removing player 3 token from slot 9
[12:15:19.172] [SEVERE ] player 3 placing token on slot 5
[12:15:19.172] [SEVERE ] setting player 3 freeze to 4
[12:15:19.178] [SEVERE ] setting player 3 freeze to 0
[12:15:19.178] [SEVERE ] removing player 1 token from slot 11
[12:15:19.178] [SEVERE ] removing player 1 token from slot 3
[12:15:19.178] [SEVERE ] player 1 placing token on slot 1
[12:15:19.178] [SEVERE ] player 1 placing token on slot 11
[12:15:19.178] [SEVERE ] setting player 1 freeze to 4
[12:15:19.182] [SEVERE ] setting player 1 freeze to 0
[12:15:19.182] [SEVERE ] removing player 1 token from slot 11
[12:15:19.182] [SEVERE ] removing player 1 token from slot 1
[12:15:19.182] [SEVERE ] player 1 placing token on slot 10
[12:15:19.182] [SEVERE ] player 1 placing token on slot 11
[12:15:19.182] [SEVERE ] setting player 1 freeze to 4
[12:15:19.187] [SEVERE ] setting player 1 freeze to 0
[12:15:19.187] [SEVERE ] removing player 1 token from slot 11
[12:15:19.187] [SEVERE ] player 1 placing token on slot 5
[12:15:19.187] [SEVERE ] setting player 1 freeze to 4
[12:15:19.191] [SEVERE ] setting player 1 freeze to 0
[12:15:19.191] [SEVERE ] removing player 1 token from slot 10
[12:15:19.191] [SEVERE ] player 1 placing token on slot 8
[12:15:19.191] [SEVERE ] setting player 1 freeze to 4
[12:15:19.196] [SEVERE ] setting player 1 freeze to 0
[12:15:19.196] [SEVERE ] removing player 3 token from slot 10
[12:15:19.196] [SEVERE ] player 3 placing token on slot 8
[12:15:19.196] [SEVERE ] setting player 3 freeze to 4
[12:15:19.202] [SEVERE ] setting player 3 freeze to 0
[12:15:19.202] [SEVERE ] removing player 3 token from slot 8
[12:15:19.202] [SEVERE ] removing player 3 token from slot 3
[12:15:19.202] [SEVERE ] player 3 placing token on slot 6
[12:15:19.202] [SEVERE ] player 3 placing token on slot 8
[12:15:19.202] [SEVERE ] setting player 3 freeze to 4
[12:15:19.206] [SEVERE ] setting player 3 freeze to 0
[12:15:19.206] [SEVERE ] removing player 1 token from slot 9
[12:15:19.206] [SEVERE ] player 1 placing token on slot 4
[12:15:19.206] [SEVERE ] setting player 1 freeze to 4
[12:15:19.211] [SEVERE ] setting player 1 freeze to 0
[12:15:19.211] [SEVERE ] removing player 1 token from slot 4
[12:15:19.211] [SEVERE ] player 1 placing token on slot 11
[12:15:19.211] [SEVERE ] setting player 1 freeze to 4
[12:15:19.216] [SEVERE ] setting player 1 freeze to 0
[12:15:19.216] [SEVERE ] removing player 1 token from slot 11
[12:15:19.216] [SEVERE ] player 1 placing token on slot 2
[12:15:19.239] [SEVERE ] removing player 1 token from slot 2
[12:15:19.239] [SEVERE ] removing player 4 token from slot 2
[12:15:19.239] [SEVERE ] removing card from slot 2
[12:15:19.254] [SEVERE ] removing player 1 token from slot 5
[12:15:19.254] [SEVERE ] removing player 2 token from slot 5
[12:15:19.254] [SEVERE ] removing player 3 token from slot 5
[12:15:19.254] [SEVERE ] removing card from slot 5
[12:15:19.269] [SEVERE ] removing player 1 token from slot 8
[12:15:19.269] [SEVERE ] removing player 3 token from slot 8
[12:15:19.269] [SEVERE ] removing player 4 token from slot 8
[12:15:19.269] [SEVERE ] removing card from slot 8
[12:15:19.269] [SEVERE ] setting player 1 freeze to 2
[12:15:19.272] [SEVERE ] setting player 1 freeze to 0
[12:15:19.272] [SEVERE ] setting player 1 score to 1
[12:15:19.281] [SEVERE ] placing card 44 in slot 8
[12:15:19.296] [SEVERE ] placing card 58 in slot 2
[12:15:19.312] [SEVERE ] placing card 54 in slot 5
[12:15:19.313] [SEVERE ] updating countdown to 100
[12:15:19.313] [SEVERE ] player 1 placing token on slot 6
[12:15:19.313] [SEVERE ] player 1 placing token on slot 11
[12:15:19.313] [SEVERE ] player 1 placing token on slot 1
[12:15:19.313] [SEVERE ] setting player 1 freeze to 4
[12:15:19.313] [SEVERE ] player 3 placing token on slot 11
[12:15:19.313] [SEVERE ] player 3 placing token on slot 4
[12:15:19.313] [SEVERE ] setting player 3 freeze to 4
[12:15:19.318] [SEVERE ] setting player 3 freeze to 0
[12:15:19.318] [SEVERE ] setting player 1 freeze to 0
[12:15:19.318] [SEVERE ] removing player 3 token from slot 11
[12:15:19.318] [SEVERE ] player 3 placing token on slot 9
[12:15:19.318] [SEVERE ] setting player 3 freeze to 4
[12:15:19.324] [SEVERE ] setting player 3 freeze to 0
[12:15:19.324] [SEVERE ] player 4 placing token on slot 3
[12:15:19.324] [SEVERE ] player 4 placing token on slot 9
[12:15:19.324] [SEVERE ] setting player 4 freeze to 4
[12:15:19.329] [SEVERE ] setting player 4 freeze to 0
[12:15:19.329] [SEVERE ] removing player 4 token from slot 9
[12:15:19.329] [SEVERE ] player 4 placing token on slot 7
[12:15:19.329] [SEVERE ] setting player 4 freeze to 4
[12:15:19.334] [SEVERE ] setting player 4 freeze to 0
[12:15:19.334] [SEVERE ] removing player 4 token from slot 7
[12:15:19.334] [SEVERE ] player 4 placing token on slot 2
[12:15:19.334] [SEVERE ] setting player 4 freeze to 4
[12:15:19.334] [SEVERE ] player 2 placing token on slot 8
[12:15:19.334] [SEVERE ] setting player 2 freeze to 4
[12:15:19.339] [SEVERE ] setting player 2 freeze to 0
[12:15:19.339] [SEVERE ] setting player 4 freeze to 0
[12:15:19.339] [SEVERE ] removing player 2 token from slot 1
[12:15:19.339] [SEVERE ] player 2 placing token on slot 2
[12:15:19.339] [SEVERE ] setting player 2 freeze to 4
[12:15:19.345] [SEVERE ] setting player 2 freeze to 0
[12:15:19.345] [SEVERE ] removing player 2 token from slot 9
[12:15:19.345] [SEVERE ] player 2 placing token on slot 4
[12:15:19.345] [SEVERE ] setting player 2 freeze to 4
[12:15:19.350] [SEVERE ] setting player 2 freeze to 0
[12:15:19.350] [SEVERE ] removing player 2 token from slot 4
[12:15:19.350] [SEVERE ] player 2 placing token on slot 11
[12:15:19.350] [SEVERE ] setting player 2 freeze to 4
[12:15:19.355] [SEVERE ] setting player 2 freeze to 0
[12:15:19.355] [SEVERE ] removing player 2 token from slot 11
[12:15:19.355] [SEVERE ] player 2 placing token on slot 5
[12:15:19.355] [SEVERE ] setting player 2 freeze to 4
[12:15:19.360] [SEVERE ] setting player 2 freeze to 0
[12:15:19.360] [SEVERE ] removing player 1 token from slot 11
[12:15:19.360] [SEVERE ] player 1 placing token on slot 10
[12:15:19.360] [SEVERE ] setting player 1 freeze to 4
[12:15:19.364] [SEVERE ] setting player 1 freeze to 0
[12:15:19.364] [SEVERE ] removing player 1 token from slot 6
[12:15:19.364] [SEVERE ] player 1 placing token on slot 5
[12:15:19.364] [SEVERE ] setting player 1 freeze to 4
[12:15:19.369] [SEVERE ] setting player 1 freeze to 0
[12:15:19.369] [SEVERE ] removing player 1 token from slot 5
[12:15:19.369] [SEVERE ] player 1 placing token on slot 7
[12:15:19.369] [SEVERE ] setting player 1 freeze to 4
[12:15:19.374] [SEVERE ] setting player 1 freeze to 0
[12:15:19.374] [SEVERE ] removing player 2 token from slot 5
[12:15:19.374] [SEVERE ] removing player 2 token from slot 2
[12:15:19.374] [SEVERE ] player 2 placing token on slot 3
[12:15:19.374] [SEVERE ] player 2 placing token on slot 5
[12:15:19.374] [SEVERE ] setting player 2 freeze to 4
[12:15:19.380] [SEVERE ] setting player 2 freeze to 0
[12:15:19.380] [SEVERE ] removing player 2 token from slot 8
[12:15:19.380] [SEVERE ] player 2 placing token on slot 7
[12:15:19.380] [SEVERE ] setting player 2 freeze to 4
[12:15:19.384] [SEVERE ] setting player 2 freeze to 0
[12:15:19.384] [SEVERE ] removing player 2 token from slot 3
[12:15:19.384] [SEVERE ] player 2 placing token on slot 9
[12:15:19.384] [SEVERE ] setting player 2 freeze to 4
[12:15:19.389] [SEVERE ] setting player 2 freeze to 0
[12:15:19.389] [SEVERE ] removing player 2 token from slot 5
[12:15:19.389] [SEVERE ] player 2 placing token on slot 6
[12:15:19.389] [SEVERE ] setting player 2 freeze to 4
[12:15:19.394] [SEVERE ] setting player 2 freeze to 0
[12:15:19.394] [SEVERE ] removing player 3 token from slot 6
[12:15:19.394] [SEVERE ] player 3 placing token on slot 10
[12:15:19.394] [SEVERE ] setting player 3 freeze to 4
[12:15:19.400] [SEVERE ] setting player 3 freeze to 0
[12:15:19.400] [SEVERE ] removing player 3 token from slot 4
[12:15:19.400] [SEVERE ] player 3 placing token on slot 3
[12:15:19.400] [SEVERE ] setting player 3 freeze to 4
[12:15:19.405] [SEVERE ] setting player 3 freeze to 0
[12:15:19.405] [SEVERE ] removing player 3 token from slot 9
[12:15:19.405] [SEVERE ] player 3 placing token on slot 4
[12:15:19.405] [SEVERE ] setting player 3 freeze to 4
[12:15:19.411] [SEVERE ] setting player 3 freeze to 0
[12:15:19.411] [SEVERE ] removing player 3 token from slot 10
[12:15:19.411] [SEVERE ] player 3 placing token on slot 8
[12:15:19.411] [SEVERE ] setting player 3 freeze to 4
[12:15:19.416] [SEVERE ] setting player 3 freeze to 0
[12:15:19.416] [SEVERE ] removing player 3 token from slot 8
[12:15:19.416] [SEVERE ] removing player 3 token from slot 3
[12:15:19.416] [SEVERE ] player 3 placing token on slot 10
[12:15:19.416] [SEVERE ] removing player 4 token from slot 2
[12:15:19.416] [SEVERE ] player 4 placing token on slot 6
[12:15:19.416] [SEVERE ] setting player 4 freeze to 4
[12:15:19.422] [SEVERE ] setting player 4 freeze to 0
[12:15:19.422] [SEVERE ] removing player 4 token from slot 11
[12:15:19.422] [SEVERE ] player 4 placing token on slot 0
[12:15:19.422] [SEVERE ] setting player 4 freeze to 4
[12:15:19.427] [SEVERE ] setting player 4 freeze to 0
[12:15:19.427] [SEVERE ] removing player 4 token from slot 3
[12:15:19.427] [SEVERE ] removing player 4 token from slot 6
[12:15:19.427] [SEVERE ] player 4 placing token on slot 2
[12:15:19.427] [SEVERE ] player 4 placing token on slot 3
[12:15:19.427] [SEVERE ] setting player 4 freeze to 4
[12:15:19.432] [SEVERE ] setting player 4 freeze to 0
[12:15:19.432] [SEVERE ] player 3 placing token on slot 8
[12:15:19.432] [SEVERE ] setting player 3 freeze to 4
[12:15:19.438] [SEVERE ] setting player 3 freeze to 0
[12:15:19.438] [SEVERE ] removing player 3 token from slot 8
[12:15:19.438] [SEVERE ] player 3 placing token on slot 3
[12:15:19.438] [SEVERE ] setting player 3 freeze to 4
[12:15:19.443] [SEVERE ] setting player 3 freeze to 0
[12:15:19.443] [SEVERE ] removing player 3 token from slot 3
[12:15:19.443] [SEVERE ] player 3 placing token on slot 2
[12:15:19.443] [SEVERE ] setting player 3 freeze to 4
[12:15:19.449] [SEVERE ] setting player 3 freeze to 0
[12:15:19.449] [SEVERE ] removing player 3 token from slot 2
[12:15:19.449] [SEVERE ] player 3 placing token on slot 8
[12:15:19.449] [SEVERE ] setting player 3 freeze to 4
[12:15:19.454] [SEVERE ] setting player 3 freeze to 0
[12:15:19.454] [SEVERE ] removing player 3 token from slot 10
[12:15:19.454] [SEVERE ] player 3 placing token on slot 9
[12:15:19.454] [SEVERE ] setting player 3 freeze to 4
[12:15:19.454] [SEVERE ] removing player 1 token from slot 1
[12:15:19.454] [SEVERE ] player 1 placing token on slot 4
[12:15:19.454] [SEVERE ] setting player 1 freeze to 4
[12:15:19.459] [SEVERE ] setting player 3 freeze to 0
[12:15:19.459] [SEVERE ] setting player 1 freeze to 0
[12:15:19.460] [SEVERE ] removing player 1 token from slot 4
[12:15:19.460] [SEVERE ] player 1 placing token on slot 2
[12:15:19.460] [SEVERE ] setting player 1 freeze to 4
[12:15:19.465] [SEVERE ] setting player 1 freeze to 0
[12:15:19.465] [SEVERE ] removing player 1 token from slot 7
[12:15:19.465] [SEVERE ] player 1 placing token on slot 6
[12:15:19.465] [SEVERE ] setting player 1 freeze to 4
[12:15:19.470] [SEVERE ] setting player 1 freeze to 0
[12:15:19.470] [SEVERE ] removing player 1 token from slot 6
[12:15:19.470] [SEVERE ] player 1 placing token on slot 7
[12:15:19.470] [SEVERE ] setting player 1 freeze to 4
[12:15:19.474] [SEVERE ] setting player 1 freeze to 0
[12:15:19.474] [SEVERE ] removing player 1 token from slot 2
[12:15:19.474] [SEVERE ] player 1 placing token on slot 5
[12:15:19.474] [SEVERE ] setting player 1 freeze to 4
[12:15:19.479] [SEVERE ] setting player 1 freeze to 0
[12:15:19.479] [SEVERE ] removing player 2 token from slot 7
[12:15:19.479] [SEVERE ] removing player 2 token from slot 9
[12:15:19.479] [SEVERE ] player 2 placing token on slot 5
[12:15:19.479] [SEVERE ] player 2 placing token on slot 7
[12:15:19.479] [SEVERE ] setting player 2 freeze to 4
[12:15:19.483] [SEVERE ] setting player 2 freeze to 0
[12:15:19.483] [SEVERE ] removing player 2 token from slot 5
[12:15:19.483] [SEVERE ] player 2 placing token on slot 2
[12:15:19.483] [SEVERE ] setting player 2 freeze to 4
[12:15:19.488] [SEVERE ] setting player 2 freeze to 0
[12:15:19.488] [SEVERE ] removing player 2 token from slot 6
[12:15:19.488] [SEVERE ] player 2 placing token on slot 10
[12:15:19.488] [SEVERE ] setting player 2 freeze to 4
[12:15:19.493] [SEVERE ] setting player 2 freeze to 0
[12:15:19.493] [SEVERE ] removing player 2 token from slot 2
[12:15:19.493] [SEVERE ] player 2 placing token on slot 1
[12:15:19.493] [SEVERE ] setting player 2 freeze to 4
[12:15:19.498] [SEVERE ] setting player 2 freeze to 0
[12:15:19.498] [SEVERE ] removing player 2 token from slot 1
[12:15:19.498] [SEVERE ] player 2 placing token on slot 5
[12:15:19.498] [SEVERE ] setting player 2 freeze to 4
[12:15:19.503] [SEVERE ] setting player 2 freeze to 0
[12:15:19.503] [SEVERE ] removing player 2 token from slot 5
[12:15:19.503] [SEVERE ] player 2 placing token on slot 0
[12:15:19.528] [SEVERE ] removing player 2 token from slot 0
[12:15:19.528] [SEVERE ] removing player 4 token from slot 0
[12:15:19.528] [SEVERE ] removing card from slot 0
[12:15:19.544] [SEVERE ] removing player 1 token from slot 7
[12:15:19.544] [SEVERE ] removing player 2 token from slot 7
[12:15:19.544] [SEVERE ] removing card from slot 7
[12:15:19.560] [SEVERE ] removing player 1 token from slot 10
[12:15:19.560] [SEVERE ] removing player 2 token from slot 10
[12:15:19.560] [SEVERE ] removing card from slot 10
[12:15:19.560] [SEVERE ] setting player 2 freeze to 2
[12:15:19.562] [SEVERE ] setting player 2 freeze to 0
[12:15:19.562] [SEVERE ] setting player 2 score to 1
[12:15:19.574] [SEVERE ] placing card 31 in slot 0
[12:15:19.586] [SEVERE ] placing card 65 in slot 7
[12:15:19.602] [SEVERE ] placing card 0 in slot 10
[12:15:19.602] [SEVERE ] updating countdown to 100
[12:15:19.602] [SEVERE ] player 2 placing token on slot 6
[12:15:19.602] [SEVERE ] player 2 placing token on slot 5
[12:15:19.602] [SEVERE ] player 2 placing token on slot 0
[12:15:19.602] [SEVERE ] setting player 2 freeze to 4
[12:15:19.602] [SEVERE ] player 4 placing token on slot 8
[12:15:19.603] [SEVERE ] setting player 4 freeze to 4
[12:15:19.608] [SEVERE ] setting player 2 freeze to 0
[12:15:19.608] [SEVERE ] setting player 4 freeze to 0
[12:15:19.608] [SEVERE ] removing player 4 token from slot 8
[12:15:19.608] [SEVERE ] player 4 placing token on slot 5
[12:15:19.608] [SEVERE ] setting player 4 freeze to 4
[12:15:19.614] [SEVERE ] setting player 4 freeze to 0
[12:15:19.614] [SEVERE ] removing player 4 token from slot 3
[12:15:19.614] [SEVERE ] player 4 placing token on slot 1
[12:15:19.614] [SEVERE ] setting player 4 freeze to 4
[12:15:19.619] [SEVERE ] setting player 4 freeze to 0
[12:15:19.619] [SEVERE ] removing player 4 token from slot 2
[12:15:19.619] [SEVERE ] removing player 4 token from slot 1
[12:15:19.619] [SEVERE ] player 4 placing token on slot 8
[12:15:19.619] [SEVERE ] player 4 placing token on slot 2
[12:15:19.619] [SEVERE ] setting player 4 freeze to 4
[12:15:19.624] [SEVERE ] setting player 4 freeze to 0
[12:15:19.624] [SEVERE ] player 1 placing token on slot 4
[12:15:19.624] [SEVERE ] player 1 placing token on slot 3
[12:15:19.624] [SEVERE ] setting player 1 freeze to 4
[12:15:19.630] [SEVERE ] setting player 1 freeze to 0
[12:15:19.630] [SEVERE ] removing player 1 token from slot 5
[12:15:19.630] [SEVERE ] player 1 placing token on slot 9
[12:15:19.630] [SEVERE ] setting player 1 freeze to 4
[12:15:19.635] [SEVERE ] setting player 1 freeze to 0
[12:15:19.635] [SEVERE ] removing player 1 token from slot 3
[12:15:19.635] [SEVERE ] player 1 placing token on slot 5
[12:15:19.635] [SEVERE ] setting player 1 freeze to 4
[12:15:19.641] [SEVERE ] setting player 1 freeze to 0
[12:15:19.641] [SEVERE ] removing player 3 token from slot 8
[12:15:19.641] [SEVERE ] removing player 3 token from slot 4
[12:15:19.641] [SEVERE ] player 3 placing token on slot 1
[12:15:19.641] [SEVERE ] player 3 placing token on slot 8
[12:15:19.641] [SEVERE ] setting player 3 freeze to 4
[12:15:19.646] [SEVERE ] setting player 3 freeze to 0
[12:15:19.646] [SEVERE ] removing player 3 token from slot 8
[12:15:19.646] [SEVERE ] removing player 3 token from slot 9
[12:15:19.646] [SEVERE ] player 3 placing token on slot 6
[12:15:19.646] [SEVERE ] player 3 placing token on slot 8
[12:15:19.646] [SEVERE ] setting player 3 freeze to 4
[12:15:19.651] [SEVERE ] setting player 3 freeze to 0
[12:15:19.651] [SEVERE ] removing player 3 token from slot 8
[12:15:19.651] [SEVERE ] player 3 placing token on slot 3
[12:15:19.651] [SEVERE ] setting player 3 freeze to 4
[12:15:19.657] [SEVERE ] setting player 3 freeze to 0
[12:15:19.657] [SEVERE ] removing player 3 token from slot 3
[12:15:19.657] [SEVERE ] player 3 placing token on slot 5
[12:15:19.657] [SEVERE ] setting player 3 freeze to 4
[12:15:19.662] [SEVERE ] setting player 3 freeze to 0
[12:15:19.662] [SEVERE ] removing player 1 token from slot 5
[12:15:19.662] [SEVERE ] player 1 placing token on slot 1
[12:15:19.662] [SEVERE ] setting player 1 freeze to 4
[12:15:19.668] [SEVERE ] setting player 1 freeze to 0
[12:15:19.668] [SEVERE ] removing player 1 token from slot 4
[12:15:19.668] [SEVERE ] player 1 placing token on slot 6
[12:15:19.668] [SEVERE ] setting player 1 freeze to 4
[12:15:19.672] [SEVERE ] setting player 1 freeze to 0
[12:15:19.672] [SEVERE ] removing player 1 token from slot 9
[12:15:19.672] [SEVERE ] player 1 placing token on slot 10
[12:15:19.672] [SEVERE ] setting player 1 freeze to 4
[12:15:19.678] [SEVERE ] setting player 1 freeze to 0
[12:15:19.678] [SEVERE ] removing player 1 token from slot 10
[12:15:19.678] [SEVERE ] player 1 placing token on slot 0
[12:15:19.678] [SEVERE ] setting player 1 freeze to 4
[12:15:19.683] [SEVERE ] setting player 1 freeze to 0
[12:15:19.683] [SEVERE ] removing player 1 token from slot 1
[12:15:19.683] [SEVERE ] removing player 3 token from slot 1
[12:15:19.683] [SEVERE ] player 3 placing token on slot 9
[12:15:19.683] [SEVERE ] setting player 3 freeze to 4
[12:15:19.688] [SEVERE ] setting player 3 freeze to 0
[12:15:19.688] [SEVERE ] removing player 3 token from slot 5
[12:15:19.688] [SEVERE ] player 3 placing token on slot 2
[12:15:19.688] [SEVERE ] setting player 3 freeze to 4
[12:15:19.694] [SEVERE ] setting player 3 freeze to 0
[12:15:19.694] [SEVERE ] player 1 placing token on slot 11
[12:15:19.694] [SEVERE ] setting player 1 freeze to 4
[12:15:19.699] [SEVERE ] setting player 1 freeze to 0
[12:15:19.699] [SEVERE ] removing player 2 token from slot 0
[12:15:19.699] [SEVERE ] player 2 placing token on slot 7
[12:15:19.699] [SEVERE ] setting player 2 freeze to 4
[12:15:19.705] [SEVERE ] setting player 2 freeze to 0
[12:15:19.705] [SEVERE ] removing player 2 token from slot 6
[12:15:19.705] [SEVERE ] player 2 placing token on slot 0
[12:15:19.705] [SEVERE ] setting player 2 freeze to 4
[12:15:19.710] [SEVERE ] setting player 2 freeze to 0
[12:15:19.710] [SEVERE ] removing player 2 token from slot 0
[12:15:19.710] [SEVERE ] player 2 placing token on slot 2
[12:15:19.710] [SEVERE ] setting player 2 freeze to 4
[12:15:19.715] [SEVERE ] setting player 2 freeze to 0
[12:15:19.715] [SEVERE ] removing player 2 token from slot 5
[12:15:19.715] [SEVERE ] player 2 placing token on slot 10
[12:15:19.715] [SEVERE ] setting player 2 freeze to 4
[12:15:19.721] [SEVERE ] setting player 2 freeze to 0
[12:15:19.721] [SEVERE ] removing player 2 token from slot 2
[12:15:19.721] [SEVERE ] player 2 placing token on slot 9
[12:15:19.721] [SEVERE ] setting player 2 freeze to 4
[12:15:19.726] [SEVERE ] setting player 2 freeze to 0
[12:15:19.726] [SEVERE ] removing player 2 token from slot 9
[12:15:19.726] [SEVERE ] player 2 placing token on slot 11
[12:15:19.726] [SEVERE ] setting player 2 freeze to 4
[12:15:19.731] [SEVERE ] setting player 2 freeze to 0
[12:15:19.731] [SEVERE ] removing player 3 token from slot 2
[12:15:19.731] [SEVERE ] player 3 placing token on slot 7
[12:15:19.731] [SEVERE ] setting player 3 freeze to 4
[12:15:19.737] [SEVERE ] setting player 3 freeze to 0
[12:15:19.737] [SEVERE ] removing player 1 token from slot 11
[12:15:19.737] [SEVERE ] player 1 placing token on slot 3
[12:15:19.737] [SEVERE ] setting player 1 freeze to 4
[12:15:19.743] [SEVERE ] setting player 1 freeze to 0
[12:15:19.743] [SEVERE ] removing player 3 token from slot 9
[12:15:19.743] [SEVERE ] player 3 placing token on slot 8
[12:15:19.743] [SEVERE ] setting player 3 freeze to 4
[12:15:19.747] [SEVERE ] setting player 3 freeze to 0
[12:15:19.747] [SEVERE ] removing player 3 token from slot 8
[12:15:19.747] [SEVERE ] removing player 3 token from slot 7
[12:15:19.747] [SEVERE ] player 3 placing token on slot 11
[12:15:19.747] [SEVERE ] removing player 4 token from slot 2
[12:15:19.747] [SEVERE ] removing player 4 token from slot 8
[12:15:19.747] [SEVERE ] player 3 placing token on slot 8
[12:15:19.747] [SEVERE ] setting player 3 freeze to 4
[12:15:19.753] [SEVERE ] setting player 3 freeze to 0
[12:15:19.753] [SEVERE ] removing player 1 token from slot 3
[12:15:19.753] [SEVERE ] player 1 placing token on slot 10
[12:15:19.753] [SEVERE ] setting player 1 freeze to 4
[12:15:19.758] [SEVERE ] setting player 1 freeze to 0
[12:15:19.758] [SEVERE ] removing player 1 token from slot 0
[12:15:19.758] [SEVERE ] player 1 placing token on slot 3
[12:15:19.758] [SEVERE ] setting player 1 freeze to 4
[12:15:19.763] [SEVERE ] setting player 1 freeze to 0
[12:15:19.763] [SEVERE ] removing player 1 token from slot 10
[12:15:19.763] [SEVERE ] player 1 placing token on slot 0
[12:15:19.763] [SEVERE ] setting player 1 freeze to 4
[12:15:19.768] [SEVERE ] setting player 1 freeze to 0
[12:15:19.768] [SEVERE ] removing player 1 token from slot 0
[12:15:19.768] [SEVERE ] player 1 placing token on slot 11
[12:15:19.768] [SEVERE ] setting player 1 freeze to 4
[12:15:19.768] [SEVERE ] player 4 placing token on slot 3
[12:15:19.769] [SEVERE ] player 4 placing token on slot 2
[12:15:19.769] [SEVERE ] setting player 4 freeze to 4
[12:15:19.773] [SEVERE ] setting player 1 freeze to 0
[12:15:19.774] [SEVERE ] setting player 4 freeze to 0
[12:15:19.774] [SEVERE ] removing player 4 token from slot 2
[12:15:19.774] [SEVERE ] player 4 placing token on slot 8
[12:15:19.774] [SEVERE ] setting player 4 freeze to 4
[12:15:19.779] [SEVERE ] setting player 4 freeze to 0
[12:15:19.779] [SEVERE ] removing player 1 token from slot 11
[12:15:19.779] [SEVERE ] removing player 1 token from slot 6
[12:15:19.779] [SEVERE ] player 1 placing token on slot 0
[12:15:19.779] [SEVERE ] removing player 3 token from slot 11
[12:15:19.779] [SEVERE ] player 3 placing token on slot 0
[12:15:19.803] [SEVERE ] removing player 1 token from slot 0
[12:15:19.803] [SEVERE ] removing player 3 token from slot 0
[12:15:19.803] [SEVERE ] removing card from slot 0
[12:15:19.819] [SEVERE ] removing player 3 token from slot 6
[12:15:19.819] [SEVERE ] removing card from slot 6
[12:15:19.832] [SEVERE ] removing player 3 token from slot 8
[12:15:19.832] [SEVERE ] removing player 4 token from slot 8
[12:15:19.832] [SEVERE ] removing card from slot 8
[12:15:19.832] [SEVERE ] setting player 3 freeze to 2
[12:15:19.836] [SEVERE ] setting player 3 freeze to 0
[12:15:19.836] [SEVERE ] setting player 3 score to 2
[12:15:19.848] [SEVERE ] placing card 5 in slot 0
[12:15:19.864] [SEVERE ] placing card 3 in slot 8
[12:15:19.880] [SEVERE ] placing card 25 in slot 6
[12:15:19.880] [SEVERE ] updating countdown to 100
[12:15:19.880] [SEVERE ] player 1 placing token on slot 11
[12:15:19.880] [SEVERE ] player 1 placing token on slot 6
[12:15:19.880] [SEVERE ] setting player 1 freeze to 4
[12:15:19.885] [SEVERE ] setting player 1 freeze to 0
[12:15:19.885] [SEVERE ] removing player 1 token from slot 3
[12:15:19.885] [SEVERE ] player 1 placing token on slot 9
[12:15:19.885] [SEVERE ] setting player 1 freeze to 4
[12:15:19.885] [SEVERE ] player 4 placing token on slot 2
[12:15:19.886] [SEVERE ] setting player 4 freeze to 4
[12:15:19.886] [SEVERE ] exit button pressed
[12:15:19.887] [INFO   ] Thread player2 terminated.
[12:15:19.887] [INFO   ] Thread computer-1 terminated.
[12:15:19.887] [INFO   ] Thread player1 terminated.
[12:15:19.890] [SEVERE ] setting player 1 freeze to 0
[12:15:19.890] [SEVERE ] setting player 4 freeze to 0
[12:15:19.890] [INFO   ] Thread player0 terminated.
[12:15:19.890] [INFO   ] Thread player3 terminated.
[12:15:19.898] [SEVERE ] removing player 1 token from slot 9
[12:15:19.898] [SEVERE ] removing card from slot 9
[12:15:19.922] [SEVERE ] removing player 2 token from slot 10
[12:15:19.922] [SEVERE ] removing card from slot 10
[12:15:19.935] [SEVERE ] removing player 2 token from slot 7
[12:15:19.935] [SEVERE ] removing card from slot 7
[12:15:19.951] [SEVERE ] removing player 4 token from slot 5
[12:15:19.951] [SEVERE ] removing card from slot 5
[12:15:19.968] [SEVERE ] removing card from slot 4
[12:15:19.981] [SEVERE ] removing player 1 token from slot 6
[12:15:19.981] [SEVERE ] removing card from slot 6
[12:15:19.998] [SEVERE ] removing card from slot 0
[12:15:20.014] [SEVERE ] removing player 4 token from slot 2
[12:15:20.014] [SEVERE ] removing card from slot 2
[12:15:20.031] [SEVERE ] removing player 1 token from slot 11
[12:15:20.031] [SEVERE ] removing player 2 token from slot 11
[12:15:20.031] [SEVERE ] removing card from slot 11
[12:15:20.047] [SEVERE ] removing card from slot 1
[12:15:20.060] [SEVERE ] removing player 4 token from slot 3
[12:15:20.060] [SEVERE ] removing card from slot 3
[12:15:20.076] [SEVERE ] removing card from slot 8
[12:15:20.076] [SEVERE ] announcing winner(s): player 3
[12:15:20.080] [INFO   ] Thread dealer terminated.
[12:15:20.080] [INFO   ] thread dealer terminated.
[12:15:20.080] [SEVERE ] thanks for playing... it was fun!
[12:15:20.080] [INFO   ] thread main terminated.
