[23:11:37.509] [INFO   ] thread main starting.
[23:11:37.519] [SEVERE ] cannot read configuration file config.properties trying from resources.
[23:11:37.521] [SEVERE ] configuration file was loaded from resources directory.
[23:11:38.336] [INFO   ] thread dealer starting.
[23:11:38.337] [INFO   ] Thread player0starting.
[23:11:38.337] [INFO   ] Thread player1starting.
[23:11:38.337] [INFO   ] Thread dealer starting.
[23:11:38.351] [SEVERE ] placing card 74 in slot 11
[23:11:38.365] [SEVERE ] placing card 31 in slot 9
[23:11:38.383] [SEVERE ] placing card 17 in slot 10
[23:11:38.383] [SEVERE ] placing card 73 in slot 2
[23:11:38.384] [SEVERE ] placing card 13 in slot 1
[23:11:38.384] [SEVERE ] placing card 54 in slot 3
[23:11:38.384] [SEVERE ] placing card 80 in slot 8
[23:11:38.384] [SEVERE ] placing card 39 in slot 4
[23:11:38.385] [SEVERE ] placing card 49 in slot 6
[23:11:38.385] [SEVERE ] placing card 77 in slot 0
[23:11:38.385] [SEVERE ] placing card 40 in slot 7
[23:11:38.386] [SEVERE ] placing card 32 in slot 5
[23:11:38.413] [SEVERE ] updating countdown to 30000
[23:11:38.456] [SEVERE ] updating countdown to 30000
[23:11:39.457] [SEVERE ] updating countdown to 29000
[23:11:40.457] [SEVERE ] updating countdown to 28000
[23:11:40.926] [SEVERE ] key 81 was pressed by player 1
[23:11:40.927] [SEVERE ] player 1 placing token on slot 0
[23:11:41.458] [SEVERE ] updating countdown to 27000
[23:11:41.945] [SEVERE ] key 90 was pressed by player 1
[23:11:41.946] [SEVERE ] player 1 placing token on slot 8
[23:11:42.458] [SEVERE ] updating countdown to 26000
[23:11:43.459] [SEVERE ] updating countdown to 25000
[23:11:44.460] [SEVERE ] updating countdown to 24000
[23:11:45.460] [SEVERE ] updating countdown to 23000
[23:11:46.461] [SEVERE ] updating countdown to 22000
[23:11:47.461] [SEVERE ] updating countdown to 21000
[23:11:48.462] [SEVERE ] updating countdown to 20000
[23:11:49.463] [SEVERE ] updating countdown to 19000
[23:11:50.463] [SEVERE ] updating countdown to 18000
[23:11:51.464] [SEVERE ] updating countdown to 17000
[23:11:52.464] [SEVERE ] updating countdown to 16000
[23:11:53.465] [SEVERE ] updating countdown to 15000
[23:11:54.465] [SEVERE ] updating countdown to 14000
[23:11:55.466] [SEVERE ] updating countdown to 13000
[23:11:56.466] [SEVERE ] updating countdown to 12000
[23:11:57.467] [SEVERE ] updating countdown to 11000
[23:11:58.467] [SEVERE ] updating countdown to 10000
[23:11:59.468] [SEVERE ] updating countdown to 9000
[23:12:00.469] [SEVERE ] updating countdown to 8000
[23:12:01.469] [SEVERE ] updating countdown to 7000
[23:12:02.470] [SEVERE ] updating countdown to 6000
[23:12:03.470] [SEVERE ] updating countdown to 5000
[23:12:03.472] [SEVERE ] updating countdown to 5000
[23:12:04.312] [SEVERE ] key 86 was pressed by player 1
[23:12:04.313] [SEVERE ] player 1 placing token on slot 11
[23:12:04.314] [SEVERE ] removing player 1 token from slot 0
[23:12:04.314] [SEVERE ] removing card from slot 0
[23:12:04.314] [SEVERE ] removing player 1 token from slot 8
[23:12:04.315] [SEVERE ] removing card from slot 8
[23:12:04.315] [SEVERE ] removing player 1 token from slot 11
[23:12:04.315] [SEVERE ] removing card from slot 11
[23:12:04.315] [SEVERE ] placing card 30 in slot 8
[23:12:04.315] [SEVERE ] setting player 1 freeze to 1000
[23:12:04.315] [SEVERE ] placing card 64 in slot 0
[23:12:04.318] [SEVERE ] placing card 35 in slot 11
[23:12:04.319] [SEVERE ] updating countdown to 30000
[23:12:04.321] [SEVERE ] updating countdown to 29990
[23:12:05.316] [SEVERE ] setting player 1 freeze to 0
[23:12:05.316] [SEVERE ] setting player 1 score to 1
[23:12:05.321] [SEVERE ] updating countdown to 28990
[23:12:06.322] [SEVERE ] updating countdown to 27990
[23:12:07.322] [SEVERE ] updating countdown to 26990
[23:12:08.323] [SEVERE ] updating countdown to 25990
