[19:40:47.976] [INFO   ] thread main starting.
[19:40:47.988] [SEVERE ] cannot read configuration file config.properties trying from resources.
[19:40:47.992] [SEVERE ] configuration file was loaded from resources directory.
[19:40:48.767] [INFO   ] thread dealer starting.
[19:40:48.775] [INFO   ] Thread dealer starting.
[19:40:48.787] [INFO   ] Thread player1starting.
[19:40:48.787] [INFO   ] Thread player0starting.
[19:40:48.812] [SEVERE ] placing card 25 in slot 7
[19:40:48.829] [SEVERE ] placing card 68 in slot 3
[19:40:48.845] [SEVERE ] placing card 65 in slot 6
[19:40:48.862] [SEVERE ] placing card 73 in slot 11
[19:40:48.917] [SEVERE ] placing card 20 in slot 5
[19:40:48.934] [SEVERE ] placing card 49 in slot 10
[19:40:48.950] [SEVERE ] placing card 58 in slot 2
[19:40:48.962] [SEVERE ] placing card 77 in slot 0
[19:40:48.975] [SEVERE ] placing card 46 in slot 4
[19:40:48.987] [SEVERE ] placing card 70 in slot 9
[19:40:49.004] [SEVERE ] placing card 4 in slot 8
[19:40:49.016] [SEVERE ] placing card 22 in slot 1
[19:40:49.016] [SEVERE ] updating countdown to 60000
[19:40:49.025] [SEVERE ] updating countdown to 60000
[19:40:50.033] [SEVERE ] updating countdown to 59000
[19:40:51.044] [SEVERE ] updating countdown to 58000
[19:40:52.053] [SEVERE ] updating countdown to 57000
[19:40:53.062] [SEVERE ] updating countdown to 56000
[19:40:54.073] [SEVERE ] updating countdown to 55000
[19:40:55.075] [SEVERE ] updating countdown to 54000
[19:40:56.077] [SEVERE ] updating countdown to 53000
[19:40:57.082] [SEVERE ] updating countdown to 52000
[19:40:58.086] [SEVERE ] updating countdown to 51000
[19:40:59.091] [SEVERE ] updating countdown to 50000
[19:41:00.092] [SEVERE ] updating countdown to 49000
[19:41:01.104] [SEVERE ] updating countdown to 48000
[19:41:02.111] [SEVERE ] updating countdown to 47000
[19:41:03.111] [SEVERE ] updating countdown to 46000
[19:41:04.121] [SEVERE ] updating countdown to 45000
[19:41:05.124] [SEVERE ] updating countdown to 44000
[19:41:06.127] [SEVERE ] updating countdown to 43000
[19:41:07.137] [SEVERE ] updating countdown to 42000
[19:41:07.522] [SEVERE ] key 81 was pressed by player 1
[19:41:07.522] [SEVERE ] player 1 placing token on slot 0
[19:41:08.149] [SEVERE ] updating countdown to 41000
[19:41:08.407] [SEVERE ] key 69 was pressed by player 1
[19:41:08.407] [SEVERE ] player 1 placing token on slot 2
[19:41:09.157] [SEVERE ] updating countdown to 40000
[19:41:10.161] [SEVERE ] updating countdown to 39000
[19:41:11.173] [SEVERE ] updating countdown to 38000
[19:41:12.180] [SEVERE ] updating countdown to 37000
[19:41:13.186] [SEVERE ] updating countdown to 36000
[19:41:14.194] [SEVERE ] updating countdown to 35000
[19:41:15.201] [SEVERE ] updating countdown to 34000
[19:41:16.195] [SEVERE ] key 81 was pressed by player 1
[19:41:16.195] [SEVERE ] removing player 1 token from slot 0
[19:41:16.210] [SEVERE ] updating countdown to 33000
[19:41:16.904] [SEVERE ] key 81 was pressed by player 1
[19:41:16.904] [SEVERE ] player 1 placing token on slot 0
[19:41:17.223] [SEVERE ] updating countdown to 32000
[19:41:17.806] [SEVERE ] key 81 was pressed by player 1
[19:41:17.806] [SEVERE ] removing player 1 token from slot 0
[19:41:18.226] [SEVERE ] updating countdown to 31000
[19:41:18.975] [SEVERE ] key 69 was pressed by player 1
[19:41:18.975] [SEVERE ] removing player 1 token from slot 2
[19:41:19.241] [SEVERE ] updating countdown to 30000
[19:41:20.248] [SEVERE ] updating countdown to 29000
[19:41:21.260] [SEVERE ] updating countdown to 28000
[19:41:22.266] [SEVERE ] updating countdown to 27000
[19:41:23.273] [SEVERE ] updating countdown to 26000
[19:41:24.312] [SEVERE ] updating countdown to 25000
[19:41:24.325] [SEVERE ] exit button pressed
[19:41:24.325] [INFO   ] Thread player1 terminated.
[19:41:24.325] [INFO   ] Thread player0 terminated.
[19:41:24.341] [SEVERE ] removing card from slot 2
[19:41:24.357] [SEVERE ] removing card from slot 6
[19:41:24.373] [SEVERE ] removing card from slot 10
[19:41:24.389] [SEVERE ] removing card from slot 8
[19:41:24.405] [SEVERE ] removing card from slot 11
[19:41:24.421] [SEVERE ] removing card from slot 0
[19:41:24.433] [SEVERE ] removing card from slot 5
[19:41:24.449] [SEVERE ] removing card from slot 4
[19:41:24.461] [SEVERE ] removing card from slot 3
[19:41:24.477] [SEVERE ] removing card from slot 1
[19:41:24.493] [SEVERE ] removing card from slot 9
[19:41:24.508] [SEVERE ] removing card from slot 7
[19:41:24.508] [SEVERE ] announcing winner(s): player 1, player 2
[19:41:24.510] [INFO   ] Thread dealer terminated.
[19:41:24.510] [INFO   ] thread dealer terminated.
[19:41:24.511] [SEVERE ] thanks for playing... it was fun!
[19:41:24.511] [INFO   ] thread main terminated.
