[16:36:35.339] [INFO   ] thread main starting.
[16:36:35.348] [SEVERE ] cannot read configuration file config.properties trying from resources.
[16:36:35.352] [SEVERE ] configuration file was loaded from resources directory.
[16:36:35.835] [INFO   ] thread dealer starting.
[16:36:35.863] [INFO   ] Thread dealer starting.
[16:36:35.879] [INFO   ] Thread player1starting.
[16:36:35.879] [INFO   ] Thread player0starting.
[16:36:35.879] [INFO   ] Thread computer-1 starting.
[16:36:35.879] [INFO   ] Thread computer-0 starting.
[16:36:35.908] [SEVERE ] placing card 22 in slot 1
[16:36:35.921] [SEVERE ] placing card 0 in slot 8
[16:36:35.979] [SEVERE ] placing card 72 in slot 4
[16:36:35.995] [SEVERE ] placing card 61 in slot 7
[16:36:36.012] [SEVERE ] placing card 77 in slot 2
[16:36:36.029] [SEVERE ] placing card 4 in slot 10
[16:36:36.042] [SEVERE ] placing card 66 in slot 0
[16:36:36.059] [SEVERE ] placing card 67 in slot 9
[16:36:36.075] [SEVERE ] placing card 56 in slot 11
[16:36:36.092] [SEVERE ] placing card 28 in slot 6
[16:36:36.105] [SEVERE ] placing card 12 in slot 5
[16:36:36.121] [SEVERE ] placing card 59 in slot 3
[16:36:36.121] [SEVERE ] updating countdown to 100
[16:36:36.121] [SEVERE ] player 2 placing token on slot 2
[16:36:36.121] [SEVERE ] player 2 placing token on slot 3
[16:36:36.121] [SEVERE ] player 2 placing token on slot 8
[16:36:36.125] [SEVERE ] setting player 2 freeze to 4
[16:36:36.131] [SEVERE ] setting player 2 freeze to 0
[16:36:36.131] [SEVERE ] removing player 2 token from slot 3
[16:36:36.131] [SEVERE ] player 2 placing token on slot 0
[16:36:36.131] [SEVERE ] setting player 2 freeze to 4
[16:36:36.138] [SEVERE ] setting player 2 freeze to 0
[16:36:36.138] [SEVERE ] removing player 2 token from slot 8
[16:36:36.138] [SEVERE ] player 2 placing token on slot 1
[16:36:36.138] [SEVERE ] setting player 2 freeze to 4
[16:36:36.147] [SEVERE ] setting player 2 freeze to 0
[16:36:36.147] [SEVERE ] player 1 placing token on slot 9
[16:36:36.147] [SEVERE ] player 1 placing token on slot 1
[16:36:36.147] [SEVERE ] player 1 placing token on slot 4
[16:36:36.149] [SEVERE ] setting player 1 freeze to 4
[16:36:36.156] [SEVERE ] setting player 1 freeze to 0
[16:36:36.156] [SEVERE ] removing player 1 token from slot 9
[16:36:36.156] [SEVERE ] player 1 placing token on slot 11
[16:36:36.156] [SEVERE ] setting player 1 freeze to 4
[16:36:36.162] [SEVERE ] setting player 1 freeze to 0
[16:36:36.162] [SEVERE ] removing player 1 token from slot 4
[16:36:36.162] [SEVERE ] player 1 placing token on slot 8
[16:36:36.162] [SEVERE ] setting player 1 freeze to 4
[16:36:36.168] [SEVERE ] setting player 1 freeze to 0
[16:36:36.168] [SEVERE ] removing player 1 token from slot 1
[16:36:36.168] [SEVERE ] player 1 placing token on slot 2
[16:36:36.168] [SEVERE ] setting player 1 freeze to 4
[16:36:36.174] [SEVERE ] setting player 1 freeze to 0
[16:36:36.174] [SEVERE ] removing player 1 token from slot 2
[16:36:36.174] [SEVERE ] removing player 1 token from slot 8
[16:36:36.174] [SEVERE ] player 1 placing token on slot 9
[16:36:36.174] [SEVERE ] player 1 placing token on slot 2
[16:36:36.174] [SEVERE ] setting player 1 freeze to 4
[16:36:36.180] [SEVERE ] setting player 1 freeze to 0
[16:36:36.180] [SEVERE ] removing player 2 token from slot 2
[16:36:36.180] [SEVERE ] removing player 2 token from slot 0
[16:36:36.180] [SEVERE ] player 2 placing token on slot 10
[16:36:36.180] [SEVERE ] removing player 1 token from slot 2
[16:36:36.180] [SEVERE ] player 2 placing token on slot 2
[16:36:36.180] [SEVERE ] setting player 2 freeze to 4
[16:36:36.186] [SEVERE ] setting player 2 freeze to 0
[16:36:36.186] [SEVERE ] player 1 placing token on slot 4
[16:36:36.186] [SEVERE ] setting player 1 freeze to 4
[16:36:36.191] [SEVERE ] setting player 1 freeze to 0
[16:36:36.191] [SEVERE ] removing player 1 token from slot 11
[16:36:36.191] [SEVERE ] player 1 placing token on slot 8
[16:36:36.191] [SEVERE ] setting player 1 freeze to 4
[16:36:36.196] [SEVERE ] setting player 1 freeze to 0
[16:36:36.196] [SEVERE ] removing player 2 token from slot 2
[16:36:36.196] [SEVERE ] player 2 placing token on slot 5
[16:36:36.196] [SEVERE ] setting player 2 freeze to 4
[16:36:36.202] [SEVERE ] setting player 2 freeze to 0
[16:36:36.202] [SEVERE ] removing player 2 token from slot 5
[16:36:36.202] [SEVERE ] removing player 2 token from slot 10
[16:36:36.202] [SEVERE ] player 2 placing token on slot 9
[16:36:36.202] [SEVERE ] player 2 placing token on slot 5
[16:36:36.202] [SEVERE ] setting player 2 freeze to 4
[16:36:36.207] [SEVERE ] setting player 2 freeze to 0
[16:36:36.207] [SEVERE ] removing player 2 token from slot 1
[16:36:36.207] [SEVERE ] player 2 placing token on slot 8
[16:36:36.207] [SEVERE ] setting player 2 freeze to 4
[16:36:36.213] [SEVERE ] setting player 2 freeze to 0
[16:36:36.213] [SEVERE ] removing player 2 token from slot 9
[16:36:36.213] [SEVERE ] player 2 placing token on slot 3
[16:36:36.213] [SEVERE ] setting player 2 freeze to 4
[16:36:36.219] [SEVERE ] setting player 2 freeze to 0
[16:36:36.219] [SEVERE ] removing player 2 token from slot 5
[16:36:36.219] [SEVERE ] player 2 placing token on slot 10
[16:36:36.219] [SEVERE ] setting player 2 freeze to 4
[16:36:36.225] [SEVERE ] setting player 2 freeze to 0
[16:36:36.225] [SEVERE ] removing player 1 token from slot 4
[16:36:36.225] [SEVERE ] removing player 2 token from slot 10
[16:36:36.225] [SEVERE ] player 1 placing token on slot 3
[16:36:36.225] [SEVERE ] setting player 1 freeze to 4
[16:36:36.231] [SEVERE ] setting player 1 freeze to 0
[16:36:36.231] [SEVERE ] player 2 placing token on slot 0
[16:36:36.231] [SEVERE ] setting player 2 freeze to 4
[16:36:36.237] [SEVERE ] setting player 2 freeze to 0
[16:36:36.237] [SEVERE ] removing player 1 token from slot 8
[16:36:36.237] [SEVERE ] removing player 2 token from slot 0
[16:36:36.237] [SEVERE ] player 2 placing token on slot 10
[16:36:36.237] [SEVERE ] setting player 2 freeze to 4
[16:36:36.242] [SEVERE ] setting player 2 freeze to 0
[16:36:36.242] [SEVERE ] player 1 placing token on slot 8
[16:36:36.242] [SEVERE ] setting player 1 freeze to 4
[16:36:36.247] [SEVERE ] updating countdown to 0
[16:36:36.247] [SEVERE ] setting player 1 freeze to 0
[16:36:36.247] [SEVERE ] updating countdown to 0
[16:36:36.247] [SEVERE ] removing player 1 token from slot 3
[16:36:36.247] [SEVERE ] player 1 placing token on slot 10
[16:36:36.247] [SEVERE ] setting player 1 freeze to 4
[16:36:36.252] [SEVERE ] setting player 1 freeze to 0
[16:36:36.252] [SEVERE ] removing player 1 token from slot 8
[16:36:36.252] [SEVERE ] player 1 placing token on slot 5
[16:36:36.252] [SEVERE ] setting player 1 freeze to 4
[16:36:36.258] [SEVERE ] setting player 1 freeze to 0
[16:36:36.258] [SEVERE ] removing player 1 token from slot 10
[16:36:36.258] [SEVERE ] player 1 placing token on slot 7
[16:36:36.258] [SEVERE ] setting player 1 freeze to 4
[16:36:36.263] [SEVERE ] setting player 1 freeze to 0
[16:36:36.263] [SEVERE ] removing player 1 token from slot 5
[16:36:36.263] [SEVERE ] player 1 placing token on slot 0
[16:36:36.263] [SEVERE ] setting player 1 freeze to 4
[16:36:36.270] [SEVERE ] setting player 1 freeze to 0
[16:36:36.278] [SEVERE ] removing player 1 token from slot 0
[16:36:36.278] [SEVERE ] removing card from slot 0
[16:36:36.294] [SEVERE ] removing player 2 token from slot 10
[16:36:36.294] [SEVERE ] removing card from slot 10
[16:36:36.308] [SEVERE ] removing card from slot 5
[16:36:36.321] [SEVERE ] removing player 2 token from slot 3
[16:36:36.321] [SEVERE ] removing card from slot 3
[16:36:36.337] [SEVERE ] removing player 1 token from slot 9
[16:36:36.337] [SEVERE ] removing card from slot 9
[16:36:36.354] [SEVERE ] removing card from slot 1
[16:36:36.370] [SEVERE ] removing card from slot 6
[16:36:36.383] [SEVERE ] removing card from slot 2
[16:36:36.399] [SEVERE ] removing card from slot 4
[16:36:36.416] [SEVERE ] removing player 1 token from slot 7
[16:36:36.416] [SEVERE ] removing card from slot 7
[16:36:36.433] [SEVERE ] removing card from slot 11
[16:36:36.445] [SEVERE ] removing player 2 token from slot 8
[16:36:36.445] [SEVERE ] removing card from slot 8
[16:36:36.462] [SEVERE ] placing card 59 in slot 2
[16:36:36.477] [SEVERE ] placing card 52 in slot 1
[16:36:36.493] [SEVERE ] placing card 48 in slot 3
[16:36:36.509] [SEVERE ] placing card 65 in slot 4
[16:36:36.521] [SEVERE ] placing card 38 in slot 11
[16:36:36.537] [SEVERE ] placing card 5 in slot 7
[16:36:36.553] [SEVERE ] placing card 34 in slot 9
[16:36:36.569] [SEVERE ] placing card 37 in slot 6
[16:36:36.586] [SEVERE ] placing card 76 in slot 10
[16:36:36.597] [SEVERE ] placing card 21 in slot 0
[16:36:36.614] [SEVERE ] placing card 62 in slot 8
[16:36:36.629] [SEVERE ] placing card 80 in slot 5
[16:36:36.629] [SEVERE ] updating countdown to 100
[16:36:36.629] [SEVERE ] player 1 placing token on slot 7
[16:36:36.629] [SEVERE ] player 1 placing token on slot 5
[16:36:36.629] [SEVERE ] player 1 placing token on slot 11
[16:36:36.645] [SEVERE ] removing player 1 token from slot 5
[16:36:36.645] [SEVERE ] removing card from slot 5
[16:36:36.661] [SEVERE ] removing player 1 token from slot 7
[16:36:36.661] [SEVERE ] removing card from slot 7
[16:36:36.673] [SEVERE ] removing player 1 token from slot 11
[16:36:36.674] [SEVERE ] removing card from slot 11
[16:36:36.674] [SEVERE ] setting player 1 freeze to 2
[16:36:36.677] [SEVERE ] setting player 1 freeze to 0
[16:36:36.677] [SEVERE ] setting player 1 score to 1
[16:36:36.690] [SEVERE ] placing card 43 in slot 11
[16:36:36.706] [SEVERE ] placing card 8 in slot 7
[16:36:36.718] [SEVERE ] placing card 73 in slot 5
[16:36:36.718] [SEVERE ] updating countdown to 100
[16:36:36.718] [SEVERE ] player 2 placing token on slot 6
[16:36:36.718] [SEVERE ] player 2 placing token on slot 8
[16:36:36.718] [SEVERE ] player 2 placing token on slot 2
[16:36:36.718] [SEVERE ] setting player 2 freeze to 4
[16:36:36.723] [SEVERE ] setting player 2 freeze to 0
[16:36:36.723] [SEVERE ] player 1 placing token on slot 3
[16:36:36.723] [SEVERE ] player 1 placing token on slot 10
[16:36:36.723] [SEVERE ] player 1 placing token on slot 4
[16:36:36.723] [SEVERE ] setting player 1 freeze to 4
[16:36:36.728] [SEVERE ] setting player 1 freeze to 0
[16:36:36.728] [SEVERE ] removing player 1 token from slot 3
[16:36:36.728] [SEVERE ] player 1 placing token on slot 8
[16:36:36.728] [SEVERE ] setting player 1 freeze to 4
[16:36:36.734] [SEVERE ] setting player 1 freeze to 0
[16:36:36.734] [SEVERE ] removing player 2 token from slot 6
[16:36:36.734] [SEVERE ] player 2 placing token on slot 10
[16:36:36.734] [SEVERE ] setting player 2 freeze to 4
[16:36:36.740] [SEVERE ] setting player 2 freeze to 0
[16:36:36.740] [SEVERE ] removing player 2 token from slot 10
[16:36:36.740] [SEVERE ] removing player 2 token from slot 2
[16:36:36.740] [SEVERE ] removing player 2 token from slot 8
[16:36:36.740] [SEVERE ] removing player 1 token from slot 10
[16:36:36.740] [SEVERE ] removing player 1 token from slot 4
[16:36:36.740] [SEVERE ] player 1 placing token on slot 9
[16:36:36.740] [SEVERE ] player 2 placing token on slot 10
[16:36:36.740] [SEVERE ] player 2 placing token on slot 2
[16:36:36.740] [SEVERE ] player 2 placing token on slot 8
[16:36:36.740] [SEVERE ] setting player 2 freeze to 4
[16:36:36.746] [SEVERE ] setting player 2 freeze to 0
[16:36:36.746] [SEVERE ] removing player 2 token from slot 10
[16:36:36.746] [SEVERE ] player 2 placing token on slot 9
[16:36:36.746] [SEVERE ] setting player 2 freeze to 4
[16:36:36.752] [SEVERE ] setting player 2 freeze to 0
[16:36:36.752] [SEVERE ] player 1 placing token on slot 11
[16:36:36.752] [SEVERE ] setting player 1 freeze to 4
[16:36:36.757] [SEVERE ] setting player 1 freeze to 0
[16:36:36.757] [SEVERE ] removing player 1 token from slot 9
[16:36:36.757] [SEVERE ] player 1 placing token on slot 7
[16:36:36.757] [SEVERE ] setting player 1 freeze to 4
[16:36:36.762] [SEVERE ] setting player 1 freeze to 0
[16:36:36.762] [SEVERE ] removing player 2 token from slot 2
[16:36:36.762] [SEVERE ] removing player 2 token from slot 8
[16:36:36.762] [SEVERE ] removing player 1 token from slot 8
[16:36:36.762] [SEVERE ] player 2 placing token on slot 11
[16:36:36.762] [SEVERE ] removing player 2 token from slot 9
[16:36:36.762] [SEVERE ] player 2 placing token on slot 7
[16:36:36.762] [SEVERE ] player 1 placing token on slot 1
[16:36:36.762] [SEVERE ] setting player 1 freeze to 4
[16:36:36.768] [SEVERE ] setting player 1 freeze to 0
[16:36:36.768] [SEVERE ] removing player 2 token from slot 11
[16:36:36.768] [SEVERE ] player 2 placing token on slot 9
[16:36:36.768] [SEVERE ] removing player 2 token from slot 7
[16:36:36.768] [SEVERE ] player 2 placing token on slot 6
[16:36:36.768] [SEVERE ] player 2 placing token on slot 1
[16:36:36.768] [SEVERE ] setting player 2 freeze to 4
[16:36:36.774] [SEVERE ] setting player 2 freeze to 0
[16:36:36.774] [SEVERE ] removing player 2 token from slot 6
[16:36:36.774] [SEVERE ] player 2 placing token on slot 5
[16:36:36.774] [SEVERE ] setting player 2 freeze to 4
[16:36:36.779] [SEVERE ] setting player 2 freeze to 0
[16:36:36.779] [SEVERE ] removing player 2 token from slot 1
[16:36:36.779] [SEVERE ] player 2 placing token on slot 8
[16:36:36.779] [SEVERE ] setting player 2 freeze to 4
[16:36:36.785] [SEVERE ] setting player 2 freeze to 0
[16:36:36.785] [SEVERE ] removing player 2 token from slot 8
[16:36:36.785] [SEVERE ] removing player 1 token from slot 1
[16:36:36.785] [SEVERE ] player 1 placing token on slot 0
[16:36:36.785] [SEVERE ] setting player 1 freeze to 4
[16:36:36.785] [SEVERE ] player 2 placing token on slot 7
[16:36:36.786] [SEVERE ] setting player 2 freeze to 4
[16:36:36.791] [SEVERE ] setting player 2 freeze to 0
[16:36:36.791] [SEVERE ] setting player 1 freeze to 0
[16:36:36.791] [SEVERE ] removing player 2 token from slot 9
[16:36:36.791] [SEVERE ] removing player 2 token from slot 7
[16:36:36.791] [SEVERE ] player 2 placing token on slot 3
[16:36:36.791] [SEVERE ] player 2 placing token on slot 9
[16:36:36.791] [SEVERE ] setting player 2 freeze to 4
[16:36:36.796] [SEVERE ] setting player 2 freeze to 0
[16:36:36.796] [SEVERE ] removing player 1 token from slot 11
[16:36:36.796] [SEVERE ] removing player 2 token from slot 5
[16:36:36.796] [SEVERE ] player 2 placing token on slot 2
[16:36:36.797] [SEVERE ] setting player 2 freeze to 4
[16:36:36.802] [SEVERE ] setting player 2 freeze to 0
[16:36:36.802] [SEVERE ] player 1 placing token on slot 3
[16:36:36.802] [SEVERE ] setting player 1 freeze to 4
[16:36:36.803] [SEVERE ] updating countdown to 0
[16:36:36.803] [SEVERE ] updating countdown to 0
[16:36:36.808] [SEVERE ] setting player 1 freeze to 0
[16:36:36.808] [SEVERE ] removing player 2 token from slot 2
[16:36:36.808] [SEVERE ] player 2 placing token on slot 11
[16:36:36.808] [SEVERE ] setting player 2 freeze to 4
[16:36:36.814] [SEVERE ] setting player 2 freeze to 0
[16:36:36.814] [SEVERE ] removing player 2 token from slot 3
[16:36:36.814] [SEVERE ] player 2 placing token on slot 0
[16:36:36.814] [SEVERE ] setting player 2 freeze to 4
[16:36:36.819] [SEVERE ] setting player 2 freeze to 0
[16:36:36.827] [SEVERE ] removing card from slot 2
[16:36:36.840] [SEVERE ] removing card from slot 4
[16:36:36.856] [SEVERE ] removing card from slot 1
[16:36:36.872] [SEVERE ] removing card from slot 8
[16:36:36.888] [SEVERE ] removing player 1 token from slot 7
[16:36:36.888] [SEVERE ] removing card from slot 7
[16:36:36.905] [SEVERE ] removing card from slot 6
[16:36:36.917] [SEVERE ] removing player 2 token from slot 11
[16:36:36.917] [SEVERE ] removing card from slot 11
[16:36:36.934] [SEVERE ] removing player 1 token from slot 3
[16:36:36.934] [SEVERE ] removing card from slot 3
[16:36:36.950] [SEVERE ] removing player 1 token from slot 0
[16:36:36.950] [SEVERE ] removing player 2 token from slot 0
[16:36:36.950] [SEVERE ] removing card from slot 0
[16:36:36.967] [SEVERE ] removing card from slot 10
[16:36:36.983] [SEVERE ] removing player 2 token from slot 9
[16:36:36.983] [SEVERE ] removing card from slot 9
[16:36:36.998] [SEVERE ] removing card from slot 5
[16:36:37.014] [SEVERE ] placing card 31 in slot 1
[16:36:37.028] [SEVERE ] placing card 34 in slot 4
[16:36:37.045] [SEVERE ] placing card 30 in slot 11
[16:36:37.061] [SEVERE ] placing card 17 in slot 9
[16:36:37.077] [SEVERE ] placing card 9 in slot 5
[16:36:37.093] [SEVERE ] placing card 70 in slot 6
[16:36:37.108] [SEVERE ] placing card 0 in slot 7
[16:36:37.123] [SEVERE ] placing card 56 in slot 3
[16:36:37.136] [SEVERE ] placing card 54 in slot 0
[16:36:37.151] [SEVERE ] placing card 3 in slot 2
[16:36:37.167] [SEVERE ] placing card 44 in slot 8
[16:36:37.183] [SEVERE ] placing card 16 in slot 10
[16:36:37.183] [SEVERE ] updating countdown to 100
[16:36:37.183] [SEVERE ] player 2 placing token on slot 4
[16:36:37.183] [SEVERE ] player 2 placing token on slot 5
[16:36:37.183] [SEVERE ] player 2 placing token on slot 8
[16:36:37.183] [SEVERE ] setting player 2 freeze to 4
[16:36:37.189] [SEVERE ] setting player 2 freeze to 0
[16:36:37.189] [SEVERE ] removing player 2 token from slot 8
[16:36:37.189] [SEVERE ] player 2 placing token on slot 10
[16:36:37.189] [SEVERE ] setting player 2 freeze to 4
[16:36:37.189] [SEVERE ] player 1 placing token on slot 8
[16:36:37.189] [SEVERE ] player 1 placing token on slot 3
[16:36:37.189] [SEVERE ] player 1 placing token on slot 9
[16:36:37.189] [SEVERE ] setting player 1 freeze to 4
[16:36:37.194] [SEVERE ] setting player 2 freeze to 0
[16:36:37.194] [SEVERE ] setting player 1 freeze to 0
[16:36:37.194] [SEVERE ] removing player 2 token from slot 5
[16:36:37.194] [SEVERE ] removing player 2 token from slot 10
[16:36:37.194] [SEVERE ] player 2 placing token on slot 6
[16:36:37.194] [SEVERE ] player 2 placing token on slot 5
[16:36:37.194] [SEVERE ] setting player 2 freeze to 4
[16:36:37.200] [SEVERE ] setting player 2 freeze to 0
[16:36:37.200] [SEVERE ] removing player 2 token from slot 4
[16:36:37.200] [SEVERE ] player 2 placing token on slot 0
[16:36:37.200] [SEVERE ] setting player 2 freeze to 4
[16:36:37.205] [SEVERE ] setting player 2 freeze to 0
[16:36:37.205] [SEVERE ] removing player 2 token from slot 5
[16:36:37.205] [SEVERE ] player 2 placing token on slot 7
[16:36:37.205] [SEVERE ] setting player 2 freeze to 4
[16:36:37.210] [SEVERE ] setting player 2 freeze to 0
[16:36:37.210] [SEVERE ] removing player 1 token from slot 8
[16:36:37.210] [SEVERE ] player 1 placing token on slot 1
[16:36:37.210] [SEVERE ] setting player 1 freeze to 4
[16:36:37.210] [SEVERE ] removing player 2 token from slot 7
[16:36:37.216] [SEVERE ] setting player 1 freeze to 0
[16:36:37.216] [SEVERE ] player 2 placing token on slot 4
[16:36:37.216] [SEVERE ] setting player 2 freeze to 4
[16:36:37.220] [SEVERE ] setting player 2 freeze to 0
[16:36:37.220] [SEVERE ] removing player 2 token from slot 0
[16:36:37.220] [SEVERE ] player 2 placing token on slot 8
[16:36:37.220] [SEVERE ] setting player 2 freeze to 4
[16:36:37.225] [SEVERE ] setting player 2 freeze to 0
[16:36:37.225] [SEVERE ] removing player 2 token from slot 8
[16:36:37.225] [SEVERE ] player 2 placing token on slot 0
[16:36:37.225] [SEVERE ] setting player 2 freeze to 4
[16:36:37.231] [SEVERE ] setting player 2 freeze to 0
[16:36:37.231] [SEVERE ] removing player 1 token from slot 3
[16:36:37.231] [SEVERE ] player 1 placing token on slot 7
[16:36:37.231] [SEVERE ] setting player 1 freeze to 4
[16:36:37.236] [SEVERE ] setting player 1 freeze to 0
[16:36:37.236] [SEVERE ] removing player 2 token from slot 0
[16:36:37.236] [SEVERE ] removing player 2 token from slot 6
[16:36:37.236] [SEVERE ] player 2 placing token on slot 8
[16:36:37.236] [SEVERE ] player 2 placing token on slot 9
[16:36:37.236] [SEVERE ] setting player 2 freeze to 4
[16:36:37.241] [SEVERE ] setting player 2 freeze to 0
[16:36:37.241] [SEVERE ] removing player 1 token from slot 9
[16:36:37.241] [SEVERE ] player 1 placing token on slot 8
[16:36:37.241] [SEVERE ] setting player 1 freeze to 4
[16:36:37.247] [SEVERE ] setting player 1 freeze to 0
[16:36:37.247] [SEVERE ] removing player 1 token from slot 1
[16:36:37.247] [SEVERE ] player 1 placing token on slot 3
[16:36:37.247] [SEVERE ] setting player 1 freeze to 4
[16:36:37.252] [SEVERE ] setting player 1 freeze to 0
[16:36:37.252] [SEVERE ] removing player 1 token from slot 3
[16:36:37.252] [SEVERE ] player 1 placing token on slot 2
[16:36:37.252] [SEVERE ] setting player 1 freeze to 4
[16:36:37.257] [SEVERE ] setting player 1 freeze to 0
[16:36:37.257] [SEVERE ] removing player 1 token from slot 7
[16:36:37.257] [SEVERE ] player 1 placing token on slot 9
[16:36:37.257] [SEVERE ] setting player 1 freeze to 4
[16:36:37.257] [SEVERE ] removing player 2 token from slot 8
[16:36:37.257] [SEVERE ] player 2 placing token on slot 2
[16:36:37.257] [SEVERE ] setting player 2 freeze to 4
[16:36:37.262] [SEVERE ] setting player 1 freeze to 0
[16:36:37.262] [SEVERE ] setting player 2 freeze to 0
[16:36:37.262] [SEVERE ] removing player 1 token from slot 2
[16:36:37.262] [SEVERE ] player 1 placing token on slot 6
[16:36:37.262] [SEVERE ] setting player 1 freeze to 4
[16:36:37.263] [SEVERE ] removing player 2 token from slot 9
[16:36:37.263] [SEVERE ] player 2 placing token on slot 6
[16:36:37.263] [SEVERE ] setting player 2 freeze to 4
[16:36:37.268] [SEVERE ] setting player 1 freeze to 0
[16:36:37.268] [SEVERE ] removing player 1 token from slot 9
[16:36:37.268] [SEVERE ] player 1 placing token on slot 2
[16:36:37.268] [SEVERE ] setting player 1 freeze to 4
[16:36:37.269] [SEVERE ] setting player 2 freeze to 0
[16:36:37.274] [SEVERE ] setting player 1 freeze to 0
[16:36:37.274] [SEVERE ] removing player 1 token from slot 8
[16:36:37.274] [SEVERE ] player 1 placing token on slot 11
[16:36:37.274] [SEVERE ] setting player 1 freeze to 4
[16:36:37.279] [SEVERE ] setting player 1 freeze to 0
[16:36:37.279] [SEVERE ] removing player 1 token from slot 11
[16:36:37.279] [SEVERE ] player 1 placing token on slot 4
[16:36:37.279] [SEVERE ] setting player 1 freeze to 4
[16:36:37.284] [SEVERE ] setting player 1 freeze to 0
[16:36:37.284] [SEVERE ] removing player 2 token from slot 2
[16:36:37.284] [SEVERE ] player 2 placing token on slot 7
[16:36:37.284] [SEVERE ] setting player 2 freeze to 4
[16:36:37.284] [SEVERE ] removing player 1 token from slot 2
[16:36:37.285] [SEVERE ] player 1 placing token on slot 10
[16:36:37.285] [SEVERE ] setting player 1 freeze to 4
[16:36:37.290] [SEVERE ] setting player 1 freeze to 0
[16:36:37.290] [SEVERE ] setting player 2 freeze to 0
[16:36:37.290] [SEVERE ] removing player 1 token from slot 10
[16:36:37.290] [SEVERE ] player 1 placing token on slot 3
[16:36:37.290] [SEVERE ] setting player 1 freeze to 4
[16:36:37.295] [SEVERE ] setting player 1 freeze to 0
[16:36:37.295] [SEVERE ] removing player 1 token from slot 6
[16:36:37.295] [SEVERE ] player 1 placing token on slot 8
[16:36:37.295] [SEVERE ] setting player 1 freeze to 4
[16:36:37.295] [SEVERE ] removing player 2 token from slot 7
[16:36:37.300] [SEVERE ] setting player 1 freeze to 0
[16:36:37.300] [SEVERE ] player 2 placing token on slot 8
[16:36:37.300] [SEVERE ] setting player 2 freeze to 4
[16:36:37.306] [SEVERE ] setting player 2 freeze to 0
[16:36:37.306] [SEVERE ] removing player 2 token from slot 8
[16:36:37.306] [SEVERE ] removing player 1 token from slot 8
[16:36:37.306] [SEVERE ] player 1 placing token on slot 11
[16:36:37.306] [SEVERE ] setting player 1 freeze to 4
[16:36:37.306] [SEVERE ] removing player 2 token from slot 6
[16:36:37.307] [SEVERE ] player 2 placing token on slot 3
[16:36:37.307] [SEVERE ] removing player 2 token from slot 4
[16:36:37.311] [SEVERE ] setting player 1 freeze to 0
[16:36:37.311] [SEVERE ] removing player 1 token from slot 3
[16:36:37.311] [SEVERE ] player 1 placing token on slot 1
[16:36:37.311] [SEVERE ] setting player 1 freeze to 4
[16:36:37.316] [SEVERE ] setting player 1 freeze to 0
[16:36:37.316] [SEVERE ] removing player 1 token from slot 11
[16:36:37.316] [SEVERE ] player 2 placing token on slot 6
[16:36:37.316] [SEVERE ] removing player 2 token from slot 3
[16:36:37.316] [SEVERE ] player 2 placing token on slot 4
[16:36:37.316] [SEVERE ] player 2 placing token on slot 2
[16:36:37.316] [SEVERE ] setting player 2 freeze to 4
[16:36:37.318] [SEVERE ] updating countdown to 0
[16:36:37.318] [SEVERE ] updating countdown to 0
[16:36:37.322] [SEVERE ] setting player 2 freeze to 0
[16:36:37.322] [SEVERE ] removing player 2 token from slot 4
[16:36:37.322] [SEVERE ] player 2 placing token on slot 10
[16:36:37.322] [SEVERE ] setting player 2 freeze to 4
[16:36:37.327] [SEVERE ] setting player 2 freeze to 0
[16:36:37.327] [SEVERE ] removing player 2 token from slot 10
[16:36:37.327] [SEVERE ] player 2 placing token on slot 5
[16:36:37.327] [SEVERE ] setting player 2 freeze to 4
[16:36:37.327] [SEVERE ] player 1 placing token on slot 5
[16:36:37.328] [SEVERE ] setting player 1 freeze to 4
[16:36:37.333] [SEVERE ] setting player 2 freeze to 0
[16:36:37.333] [SEVERE ] setting player 1 freeze to 0
[16:36:37.333] [SEVERE ] removing player 2 token from slot 6
[16:36:37.333] [SEVERE ] player 2 placing token on slot 7
[16:36:37.333] [SEVERE ] setting player 2 freeze to 4
[16:36:37.338] [SEVERE ] setting player 2 freeze to 0
[16:36:37.344] [SEVERE ] removing player 1 token from slot 4
[16:36:37.344] [SEVERE ] removing card from slot 4
[16:36:37.354] [SEVERE ] removing card from slot 10
[16:36:37.367] [SEVERE ] removing player 2 token from slot 7
[16:36:37.367] [SEVERE ] removing card from slot 7
[16:36:37.382] [SEVERE ] removing player 2 token from slot 2
[16:36:37.383] [SEVERE ] removing card from slot 2
[16:36:37.395] [SEVERE ] removing card from slot 3
[16:36:37.411] [SEVERE ] removing card from slot 9
[16:36:37.427] [SEVERE ] removing card from slot 0
[16:36:37.443] [SEVERE ] removing card from slot 11
[16:36:37.456] [SEVERE ] removing player 1 token from slot 5
[16:36:37.456] [SEVERE ] removing player 2 token from slot 5
[16:36:37.456] [SEVERE ] removing card from slot 5
[16:36:37.472] [SEVERE ] removing player 1 token from slot 1
[16:36:37.472] [SEVERE ] removing card from slot 1
[16:36:37.487] [SEVERE ] removing card from slot 6
[16:36:37.504] [SEVERE ] removing card from slot 8
[16:36:37.520] [SEVERE ] placing card 15 in slot 2
[16:36:37.536] [SEVERE ] placing card 27 in slot 4
[16:36:37.552] [SEVERE ] placing card 56 in slot 10
[16:36:37.568] [SEVERE ] placing card 76 in slot 9
[16:36:37.584] [SEVERE ] placing card 78 in slot 6
[16:36:37.600] [SEVERE ] placing card 17 in slot 5
[16:36:37.617] [SEVERE ] placing card 79 in slot 8
[16:36:37.633] [SEVERE ] placing card 60 in slot 0
[16:36:37.646] [SEVERE ] placing card 53 in slot 1
[16:36:37.662] [SEVERE ] placing card 46 in slot 7
[16:36:37.691] [SEVERE ] placing card 4 in slot 3
[16:36:37.706] [SEVERE ] placing card 77 in slot 11
[16:36:37.706] [SEVERE ] updating countdown to 100
[16:36:37.706] [SEVERE ] player 2 placing token on slot 7
[16:36:37.706] [SEVERE ] player 2 placing token on slot 5
[16:36:37.706] [SEVERE ] player 2 placing token on slot 8
[16:36:37.706] [SEVERE ] setting player 2 freeze to 4
[16:36:37.712] [SEVERE ] setting player 2 freeze to 0
[16:36:37.712] [SEVERE ] removing player 2 token from slot 7
[16:36:37.712] [SEVERE ] player 2 placing token on slot 9
[16:36:37.712] [SEVERE ] setting player 2 freeze to 4
[16:36:37.716] [SEVERE ] setting player 2 freeze to 0
[16:36:37.716] [SEVERE ] removing player 2 token from slot 5
[16:36:37.716] [SEVERE ] player 1 placing token on slot 1
[16:36:37.716] [SEVERE ] player 1 placing token on slot 11
[16:36:37.716] [SEVERE ] player 1 placing token on slot 5
[16:36:37.716] [SEVERE ] setting player 1 freeze to 4
[16:36:37.721] [SEVERE ] setting player 1 freeze to 0
[16:36:37.721] [SEVERE ] player 2 placing token on slot 1
[16:36:37.721] [SEVERE ] setting player 2 freeze to 4
[16:36:37.726] [SEVERE ] setting player 2 freeze to 0
[16:36:37.726] [SEVERE ] removing player 1 token from slot 11
[16:36:37.726] [SEVERE ] player 1 placing token on slot 10
[16:36:37.726] [SEVERE ] setting player 1 freeze to 4
[16:36:37.732] [SEVERE ] setting player 1 freeze to 0
[16:36:37.732] [SEVERE ] removing player 1 token from slot 5
[16:36:37.732] [SEVERE ] player 1 placing token on slot 9
[16:36:37.732] [SEVERE ] setting player 1 freeze to 4
[16:36:37.736] [SEVERE ] setting player 1 freeze to 0
[16:36:37.736] [SEVERE ] removing player 2 token from slot 1
[16:36:37.736] [SEVERE ] removing player 2 token from slot 9
[16:36:37.736] [SEVERE ] player 2 placing token on slot 10
[16:36:37.736] [SEVERE ] player 2 placing token on slot 1
[16:36:37.736] [SEVERE ] setting player 2 freeze to 4
[16:36:37.741] [SEVERE ] setting player 2 freeze to 0
[16:36:37.741] [SEVERE ] removing player 2 token from slot 8
[16:36:37.741] [SEVERE ] removing player 1 token from slot 1
[16:36:37.741] [SEVERE ] player 1 placing token on slot 4
[16:36:37.741] [SEVERE ] setting player 1 freeze to 4
[16:36:37.747] [SEVERE ] setting player 1 freeze to 0
[16:36:37.747] [SEVERE ] removing player 1 token from slot 9
[16:36:37.747] [SEVERE ] player 1 placing token on slot 7
[16:36:37.747] [SEVERE ] setting player 1 freeze to 4
[16:36:37.747] [SEVERE ] player 2 placing token on slot 4
[16:36:37.747] [SEVERE ] setting player 2 freeze to 4
[16:36:37.752] [SEVERE ] setting player 1 freeze to 0
[16:36:37.752] [SEVERE ] setting player 2 freeze to 0
[16:36:37.752] [SEVERE ] removing player 1 token from slot 10
[16:36:37.752] [SEVERE ] player 1 placing token on slot 3
[16:36:37.752] [SEVERE ] setting player 1 freeze to 4
[16:36:37.757] [SEVERE ] setting player 1 freeze to 0
[16:36:37.757] [SEVERE ] removing player 1 token from slot 4
[16:36:37.757] [SEVERE ] player 1 placing token on slot 2
[16:36:37.757] [SEVERE ] setting player 1 freeze to 4
[16:36:37.762] [SEVERE ] setting player 1 freeze to 0
[16:36:37.762] [SEVERE ] removing player 2 token from slot 10
[16:36:37.762] [SEVERE ] removing player 2 token from slot 4
[16:36:37.762] [SEVERE ] player 2 placing token on slot 11
[16:36:37.762] [SEVERE ] player 2 placing token on slot 10
[16:36:37.762] [SEVERE ] setting player 2 freeze to 4
[16:36:37.767] [SEVERE ] setting player 2 freeze to 0
[16:36:37.767] [SEVERE ] removing player 2 token from slot 10
[16:36:37.767] [SEVERE ] removing player 1 token from slot 7
[16:36:37.767] [SEVERE ] player 2 placing token on slot 7
[16:36:37.767] [SEVERE ] setting player 2 freeze to 4
[16:36:37.772] [SEVERE ] setting player 2 freeze to 0
[16:36:37.772] [SEVERE ] player 1 placing token on slot 0
[16:36:37.772] [SEVERE ] setting player 1 freeze to 4
[16:36:37.777] [SEVERE ] setting player 1 freeze to 0
[16:36:37.777] [SEVERE ] removing player 1 token from slot 2
[16:36:37.777] [SEVERE ] player 1 placing token on slot 5
[16:36:37.777] [SEVERE ] setting player 1 freeze to 4
[16:36:37.781] [SEVERE ] setting player 1 freeze to 0
[16:36:37.781] [SEVERE ] removing player 2 token from slot 7
[16:36:37.781] [SEVERE ] player 2 placing token on slot 9
[16:36:37.781] [SEVERE ] setting player 2 freeze to 4
[16:36:37.786] [SEVERE ] setting player 2 freeze to 0
[16:36:37.786] [SEVERE ] removing player 2 token from slot 11
[16:36:37.786] [SEVERE ] player 2 placing token on slot 0
[16:36:37.786] [SEVERE ] setting player 2 freeze to 4
[16:36:37.791] [SEVERE ] setting player 2 freeze to 0
[16:36:37.791] [SEVERE ] removing player 2 token from slot 1
[16:36:37.791] [SEVERE ] removing player 2 token from slot 9
[16:36:37.791] [SEVERE ] removing player 1 token from slot 3
[16:36:37.791] [SEVERE ] removing player 1 token from slot 0
[16:36:37.791] [SEVERE ] player 2 placing token on slot 5
[16:36:37.791] [SEVERE ] player 2 placing token on slot 1
[16:36:37.791] [SEVERE ] setting player 2 freeze to 4
[16:36:37.797] [SEVERE ] setting player 2 freeze to 0
[16:36:37.797] [SEVERE ] removing player 2 token from slot 0
[16:36:37.797] [SEVERE ] player 1 placing token on slot 4
[16:36:37.797] [SEVERE ] player 1 placing token on slot 3
[16:36:37.797] [SEVERE ] setting player 1 freeze to 4
[16:36:37.802] [SEVERE ] setting player 1 freeze to 0
[16:36:37.802] [SEVERE ] removing player 1 token from slot 5
[16:36:37.802] [SEVERE ] player 1 placing token on slot 6
[16:36:37.802] [SEVERE ] setting player 1 freeze to 4
[16:36:37.807] [SEVERE ] setting player 1 freeze to 0
[16:36:37.807] [SEVERE ] removing player 1 token from slot 6
[16:36:37.807] [SEVERE ] removing player 1 token from slot 4
[16:36:37.807] [SEVERE ] player 1 placing token on slot 8
[16:36:37.807] [SEVERE ] player 2 placing token on slot 9
[16:36:37.807] [SEVERE ] setting player 2 freeze to 4
[16:36:37.813] [SEVERE ] setting player 2 freeze to 0
[16:36:37.813] [SEVERE ] removing player 2 token from slot 9
[16:36:37.813] [SEVERE ] player 2 placing token on slot 7
[16:36:37.813] [SEVERE ] setting player 2 freeze to 4
[16:36:37.817] [SEVERE ] setting player 2 freeze to 0
[16:36:37.817] [SEVERE ] removing player 2 token from slot 1
[16:36:37.817] [SEVERE ] player 2 placing token on slot 10
[16:36:37.817] [SEVERE ] setting player 2 freeze to 4
[16:36:37.820] [SEVERE ] updating countdown to 0
[16:36:37.820] [SEVERE ] updating countdown to 0
[16:36:37.822] [SEVERE ] setting player 2 freeze to 0
[16:36:37.822] [SEVERE ] removing player 2 token from slot 10
[16:36:37.822] [SEVERE ] player 2 placing token on slot 6
[16:36:37.822] [SEVERE ] setting player 2 freeze to 4
[16:36:37.827] [SEVERE ] setting player 2 freeze to 0
[16:36:37.827] [SEVERE ] removing player 2 token from slot 7
[16:36:37.827] [SEVERE ] removing player 2 token from slot 6
[16:36:37.827] [SEVERE ] removing player 2 token from slot 5
[16:36:37.827] [SEVERE ] player 1 placing token on slot 0
[16:36:37.827] [SEVERE ] setting player 1 freeze to 4
[16:36:37.832] [SEVERE ] setting player 1 freeze to 0
[16:36:37.832] [SEVERE ] removing player 1 token from slot 0
[16:36:37.832] [SEVERE ] player 1 placing token on slot 5
[16:36:37.832] [SEVERE ] setting player 1 freeze to 4
[16:36:37.837] [SEVERE ] setting player 1 freeze to 0
[16:36:37.845] [SEVERE ] removing card from slot 1
[16:36:37.861] [SEVERE ] removing card from slot 4
[16:36:37.877] [SEVERE ] removing card from slot 0
[16:36:37.890] [SEVERE ] removing player 1 token from slot 5
[16:36:37.890] [SEVERE ] removing card from slot 5
[16:36:37.903] [SEVERE ] removing card from slot 10
[16:36:37.919] [SEVERE ] removing card from slot 2
[16:36:37.936] [SEVERE ] removing card from slot 11
[16:36:37.953] [SEVERE ] removing card from slot 9
[16:36:37.965] [SEVERE ] removing player 1 token from slot 8
[16:36:37.965] [SEVERE ] removing card from slot 8
[16:36:37.982] [SEVERE ] removing player 1 token from slot 3
[16:36:37.982] [SEVERE ] removing card from slot 3
[16:36:37.999] [SEVERE ] removing card from slot 7
[16:36:38.015] [SEVERE ] removing card from slot 6
[16:36:38.027] [SEVERE ] placing card 62 in slot 4
[16:36:38.044] [SEVERE ] placing card 79 in slot 2
[16:36:38.060] [SEVERE ] placing card 46 in slot 3
[16:36:38.076] [SEVERE ] placing card 74 in slot 7
[16:36:38.093] [SEVERE ] placing card 37 in slot 11
[16:36:38.109] [SEVERE ] placing card 63 in slot 8
[16:36:38.125] [SEVERE ] placing card 21 in slot 1
[16:36:38.137] [SEVERE ] placing card 15 in slot 10
[16:36:38.153] [SEVERE ] placing card 6 in slot 9
[16:36:38.169] [SEVERE ] placing card 11 in slot 5
[16:36:38.185] [SEVERE ] placing card 25 in slot 6
[16:36:38.201] [SEVERE ] placing card 10 in slot 0
[16:36:38.201] [SEVERE ] updating countdown to 100
[16:36:38.201] [SEVERE ] player 2 placing token on slot 4
[16:36:38.201] [SEVERE ] player 2 placing token on slot 1
[16:36:38.201] [SEVERE ] player 2 placing token on slot 5
[16:36:38.201] [SEVERE ] setting player 2 freeze to 4
[16:36:38.201] [SEVERE ] player 1 placing token on slot 1
[16:36:38.203] [SEVERE ] player 1 placing token on slot 11
[16:36:38.203] [SEVERE ] player 1 placing token on slot 7
[16:36:38.203] [SEVERE ] setting player 1 freeze to 4
[16:36:38.207] [SEVERE ] setting player 1 freeze to 0
[16:36:38.207] [SEVERE ] setting player 2 freeze to 0
[16:36:38.207] [SEVERE ] removing player 1 token from slot 7
[16:36:38.207] [SEVERE ] player 1 placing token on slot 6
[16:36:38.207] [SEVERE ] setting player 1 freeze to 4
[16:36:38.207] [SEVERE ] removing player 2 token from slot 4
[16:36:38.208] [SEVERE ] player 2 placing token on slot 8
[16:36:38.208] [SEVERE ] setting player 2 freeze to 4
[16:36:38.212] [SEVERE ] setting player 1 freeze to 0
[16:36:38.212] [SEVERE ] setting player 2 freeze to 0
[16:36:38.212] [SEVERE ] removing player 1 token from slot 1
[16:36:38.212] [SEVERE ] player 1 placing token on slot 9
[16:36:38.212] [SEVERE ] setting player 1 freeze to 4
[16:36:38.217] [SEVERE ] setting player 1 freeze to 0
[16:36:38.217] [SEVERE ] removing player 1 token from slot 11
[16:36:38.217] [SEVERE ] removing player 1 token from slot 9
[16:36:38.217] [SEVERE ] player 1 placing token on slot 7
[16:36:38.217] [SEVERE ] player 1 placing token on slot 11
[16:36:38.217] [SEVERE ] setting player 1 freeze to 4
[16:36:38.222] [SEVERE ] setting player 1 freeze to 0
[16:36:38.222] [SEVERE ] removing player 1 token from slot 11
[16:36:38.222] [SEVERE ] player 1 placing token on slot 0
[16:36:38.222] [SEVERE ] setting player 1 freeze to 4
[16:36:38.227] [SEVERE ] setting player 1 freeze to 0
[16:36:38.227] [SEVERE ] removing player 1 token from slot 0
[16:36:38.227] [SEVERE ] player 1 placing token on slot 8
[16:36:38.227] [SEVERE ] setting player 1 freeze to 4
[16:36:38.231] [SEVERE ] setting player 1 freeze to 0
[16:36:38.231] [SEVERE ] removing player 1 token from slot 8
[16:36:38.231] [SEVERE ] player 1 placing token on slot 0
[16:36:38.231] [SEVERE ] setting player 1 freeze to 4
[16:36:38.236] [SEVERE ] setting player 1 freeze to 0
[16:36:38.236] [SEVERE ] removing player 1 token from slot 6
[16:36:38.236] [SEVERE ] player 1 placing token on slot 9
[16:36:38.236] [SEVERE ] setting player 1 freeze to 4
[16:36:38.241] [SEVERE ] setting player 1 freeze to 0
[16:36:38.241] [SEVERE ] removing player 2 token from slot 5
[16:36:38.241] [SEVERE ] player 2 placing token on slot 2
[16:36:38.241] [SEVERE ] setting player 2 freeze to 4
[16:36:38.245] [SEVERE ] setting player 2 freeze to 0
[16:36:38.245] [SEVERE ] removing player 1 token from slot 9
[16:36:38.245] [SEVERE ] removing player 1 token from slot 0
[16:36:38.245] [SEVERE ] player 1 placing token on slot 3
[16:36:38.245] [SEVERE ] removing player 2 token from slot 2
[16:36:38.245] [SEVERE ] player 2 placing token on slot 3
[16:36:38.245] [SEVERE ] setting player 2 freeze to 4
[16:36:38.250] [SEVERE ] setting player 2 freeze to 0
[16:36:38.250] [SEVERE ] removing player 2 token from slot 8
[16:36:38.250] [SEVERE ] removing player 2 token from slot 1
[16:36:38.250] [SEVERE ] player 2 placing token on slot 2
[16:36:38.250] [SEVERE ] player 2 placing token on slot 8
[16:36:38.250] [SEVERE ] setting player 2 freeze to 4
[16:36:38.255] [SEVERE ] setting player 2 freeze to 0
[16:36:38.255] [SEVERE ] player 1 placing token on slot 9
[16:36:38.255] [SEVERE ] setting player 1 freeze to 4
[16:36:38.260] [SEVERE ] setting player 1 freeze to 0
[16:36:38.260] [SEVERE ] removing player 1 token from slot 3
[16:36:38.260] [SEVERE ] player 1 placing token on slot 6
[16:36:38.260] [SEVERE ] setting player 1 freeze to 4
[16:36:38.264] [SEVERE ] setting player 1 freeze to 0
[16:36:38.264] [SEVERE ] removing player 1 token from slot 7
[16:36:38.264] [SEVERE ] removing player 1 token from slot 6
[16:36:38.264] [SEVERE ] player 1 placing token on slot 11
[16:36:38.264] [SEVERE ] player 1 placing token on slot 7
[16:36:38.264] [SEVERE ] setting player 1 freeze to 4
[16:36:38.269] [SEVERE ] setting player 1 freeze to 0
[16:36:38.269] [SEVERE ] removing player 2 token from slot 3
[16:36:38.269] [SEVERE ] player 2 placing token on slot 9
[16:36:38.269] [SEVERE ] setting player 2 freeze to 4
[16:36:38.269] [SEVERE ] removing player 1 token from slot 7
[16:36:38.269] [SEVERE ] player 1 placing token on slot 8
[16:36:38.269] [SEVERE ] setting player 1 freeze to 4
[16:36:38.273] [SEVERE ] setting player 1 freeze to 0
[16:36:38.273] [SEVERE ] setting player 2 freeze to 0
[16:36:38.273] [SEVERE ] removing player 1 token from slot 9
[16:36:38.273] [SEVERE ] removing player 2 token from slot 2
[16:36:38.273] [SEVERE ] player 2 placing token on slot 0
[16:36:38.273] [SEVERE ] setting player 2 freeze to 4
[16:36:38.278] [SEVERE ] setting player 2 freeze to 0
[16:36:38.278] [SEVERE ] player 1 placing token on slot 5
[16:36:38.294] [SEVERE ] removing player 1 token from slot 5
[16:36:38.294] [SEVERE ] removing card from slot 5
[16:36:38.307] [SEVERE ] removing player 1 token from slot 8
[16:36:38.307] [SEVERE ] removing player 2 token from slot 8
[16:36:38.307] [SEVERE ] removing card from slot 8
[16:36:38.323] [SEVERE ] removing player 1 token from slot 11
[16:36:38.323] [SEVERE ] removing card from slot 11
[16:36:38.323] [SEVERE ] setting player 1 freeze to 2
[16:36:38.327] [SEVERE ] setting player 1 freeze to 0
[16:36:38.327] [SEVERE ] setting player 1 score to 2
[16:36:38.339] [SEVERE ] placing card 48 in slot 11
[16:36:38.355] [SEVERE ] placing card 30 in slot 5
[16:36:38.371] [SEVERE ] placing card 78 in slot 8
[16:36:38.371] [SEVERE ] updating countdown to 100
[16:36:38.371] [SEVERE ] player 1 placing token on slot 0
[16:36:38.371] [SEVERE ] player 1 placing token on slot 8
[16:36:38.371] [SEVERE ] player 1 placing token on slot 10
[16:36:38.371] [SEVERE ] setting player 1 freeze to 4
[16:36:38.376] [SEVERE ] setting player 1 freeze to 0
[16:36:38.376] [SEVERE ] removing player 1 token from slot 0
[16:36:38.376] [SEVERE ] removing player 1 token from slot 10
[16:36:38.376] [SEVERE ] player 2 placing token on slot 10
[16:36:38.376] [SEVERE ] setting player 2 freeze to 4
[16:36:38.381] [SEVERE ] setting player 2 freeze to 0
[16:36:38.381] [SEVERE ] removing player 2 token from slot 0
[16:36:38.381] [SEVERE ] player 2 placing token on slot 4
[16:36:38.381] [SEVERE ] setting player 2 freeze to 4
[16:36:38.386] [SEVERE ] setting player 2 freeze to 0
[16:36:38.386] [SEVERE ] removing player 2 token from slot 9
[16:36:38.386] [SEVERE ] player 1 placing token on slot 1
[16:36:38.386] [SEVERE ] player 1 placing token on slot 0
[16:36:38.386] [SEVERE ] setting player 1 freeze to 4
[16:36:38.392] [SEVERE ] setting player 1 freeze to 0
[16:36:38.392] [SEVERE ] removing player 1 token from slot 1
[16:36:38.392] [SEVERE ] player 1 placing token on slot 4
[16:36:38.392] [SEVERE ] setting player 1 freeze to 4
[16:36:38.397] [SEVERE ] setting player 1 freeze to 0
[16:36:38.397] [SEVERE ] removing player 1 token from slot 4
[16:36:38.397] [SEVERE ] player 1 placing token on slot 1
[16:36:38.397] [SEVERE ] setting player 1 freeze to 4
[16:36:38.402] [SEVERE ] setting player 1 freeze to 0
[16:36:38.402] [SEVERE ] removing player 1 token from slot 8
[16:36:38.402] [SEVERE ] player 1 placing token on slot 10
[16:36:38.402] [SEVERE ] setting player 1 freeze to 4
[16:36:38.402] [SEVERE ] player 2 placing token on slot 7
[16:36:38.402] [SEVERE ] setting player 2 freeze to 4
[16:36:38.406] [SEVERE ] setting player 2 freeze to 0
[16:36:38.407] [SEVERE ] setting player 1 freeze to 0
[16:36:38.407] [SEVERE ] removing player 2 token from slot 7
[16:36:38.407] [SEVERE ] player 2 placing token on slot 2
[16:36:38.407] [SEVERE ] setting player 2 freeze to 4
[16:36:38.412] [SEVERE ] setting player 2 freeze to 0
[16:36:38.412] [SEVERE ] removing player 2 token from slot 2
[16:36:38.412] [SEVERE ] player 2 placing token on slot 7
[16:36:38.412] [SEVERE ] setting player 2 freeze to 4
[16:36:38.418] [SEVERE ] setting player 2 freeze to 0
[16:36:38.418] [SEVERE ] removing player 1 token from slot 1
[16:36:38.418] [SEVERE ] player 1 placing token on slot 4
[16:36:38.418] [SEVERE ] setting player 1 freeze to 4
[16:36:38.423] [SEVERE ] setting player 1 freeze to 0
[16:36:38.423] [SEVERE ] removing player 1 token from slot 0
[16:36:38.423] [SEVERE ] player 1 placing token on slot 2
[16:36:38.423] [SEVERE ] setting player 1 freeze to 4
[16:36:38.428] [SEVERE ] setting player 1 freeze to 0
[16:36:38.428] [SEVERE ] removing player 2 token from slot 10
[16:36:38.428] [SEVERE ] player 2 placing token on slot 5
[16:36:38.428] [SEVERE ] setting player 2 freeze to 4
[16:36:38.428] [SEVERE ] removing player 1 token from slot 4
[16:36:38.428] [SEVERE ] player 1 placing token on slot 11
[16:36:38.428] [SEVERE ] setting player 1 freeze to 4
[16:36:38.433] [SEVERE ] setting player 2 freeze to 0
[16:36:38.433] [SEVERE ] setting player 1 freeze to 0
[16:36:38.433] [SEVERE ] removing player 1 token from slot 2
[16:36:38.433] [SEVERE ] player 1 placing token on slot 8
[16:36:38.433] [SEVERE ] setting player 1 freeze to 4
[16:36:38.433] [SEVERE ] removing player 2 token from slot 4
[16:36:38.433] [SEVERE ] player 2 placing token on slot 11
[16:36:38.433] [SEVERE ] setting player 2 freeze to 4
[16:36:38.437] [SEVERE ] setting player 1 freeze to 0
[16:36:38.437] [SEVERE ] setting player 2 freeze to 0
[16:36:38.437] [SEVERE ] removing player 1 token from slot 10
[16:36:38.437] [SEVERE ] player 1 placing token on slot 1
[16:36:38.437] [SEVERE ] setting player 1 freeze to 4
[16:36:38.437] [SEVERE ] removing player 2 token from slot 7
[16:36:38.438] [SEVERE ] removing player 2 token from slot 11
[16:36:38.438] [SEVERE ] player 2 placing token on slot 10
[16:36:38.438] [SEVERE ] player 2 placing token on slot 7
[16:36:38.438] [SEVERE ] setting player 2 freeze to 4
[16:36:38.442] [SEVERE ] setting player 2 freeze to 0
[16:36:38.442] [SEVERE ] setting player 1 freeze to 0
[16:36:38.442] [SEVERE ] removing player 1 token from slot 1
[16:36:38.442] [SEVERE ] player 1 placing token on slot 9
[16:36:38.442] [SEVERE ] setting player 1 freeze to 4
[16:36:38.448] [SEVERE ] setting player 1 freeze to 0
[16:36:38.448] [SEVERE ] removing player 1 token from slot 11
[16:36:38.448] [SEVERE ] player 1 placing token on slot 3
[16:36:38.448] [SEVERE ] setting player 1 freeze to 4
[16:36:38.453] [SEVERE ] setting player 1 freeze to 0
[16:36:38.453] [SEVERE ] removing player 1 token from slot 8
[16:36:38.453] [SEVERE ] player 1 placing token on slot 7
[16:36:38.453] [SEVERE ] setting player 1 freeze to 4
[16:36:38.459] [SEVERE ] setting player 1 freeze to 0
[16:36:38.459] [SEVERE ] removing player 1 token from slot 7
[16:36:38.459] [SEVERE ] player 1 placing token on slot 8
[16:36:38.459] [SEVERE ] setting player 1 freeze to 4
[16:36:38.464] [SEVERE ] setting player 1 freeze to 0
[16:36:38.464] [SEVERE ] removing player 2 token from slot 7
[16:36:38.464] [SEVERE ] player 2 placing token on slot 1
[16:36:38.464] [SEVERE ] setting player 2 freeze to 4
[16:36:38.468] [SEVERE ] setting player 2 freeze to 0
[16:36:38.468] [SEVERE ] removing player 1 token from slot 9
[16:36:38.468] [SEVERE ] player 1 placing token on slot 10
[16:36:38.468] [SEVERE ] setting player 1 freeze to 4
[16:36:38.474] [SEVERE ] setting player 1 freeze to 0
[16:36:38.474] [SEVERE ] removing player 1 token from slot 3
[16:36:38.474] [SEVERE ] player 1 placing token on slot 11
[16:36:38.474] [SEVERE ] setting player 1 freeze to 4
[16:36:38.474] [SEVERE ] removing player 2 token from slot 5
[16:36:38.474] [SEVERE ] player 2 placing token on slot 4
[16:36:38.474] [SEVERE ] setting player 2 freeze to 4
[16:36:38.479] [SEVERE ] updating countdown to 0
[16:36:38.479] [SEVERE ] setting player 1 freeze to 0
[16:36:38.479] [SEVERE ] updating countdown to 0
[16:36:38.479] [SEVERE ] setting player 2 freeze to 0
[16:36:38.479] [SEVERE ] removing player 2 token from slot 10
[16:36:38.479] [SEVERE ] player 2 placing token on slot 2
[16:36:38.479] [SEVERE ] setting player 2 freeze to 4
[16:36:38.479] [SEVERE ] removing player 1 token from slot 10
[16:36:38.479] [SEVERE ] player 1 placing token on slot 2
[16:36:38.479] [SEVERE ] setting player 1 freeze to 4
[16:36:38.484] [SEVERE ] setting player 2 freeze to 0
[16:36:38.484] [SEVERE ] setting player 1 freeze to 0
[16:36:38.484] [SEVERE ] removing player 2 token from slot 1
[16:36:38.484] [SEVERE ] player 2 placing token on slot 6
[16:36:38.484] [SEVERE ] setting player 2 freeze to 4
[16:36:38.484] [SEVERE ] removing player 1 token from slot 2
[16:36:38.485] [SEVERE ] removing player 1 token from slot 11
[16:36:38.485] [SEVERE ] player 1 placing token on slot 7
[16:36:38.485] [SEVERE ] player 1 placing token on slot 2
[16:36:38.485] [SEVERE ] setting player 1 freeze to 4
[16:36:38.489] [SEVERE ] setting player 1 freeze to 0
[16:36:38.489] [SEVERE ] setting player 2 freeze to 0
[16:36:38.489] [SEVERE ] removing player 1 token from slot 7
[16:36:38.489] [SEVERE ] player 1 placing token on slot 11
[16:36:38.489] [SEVERE ] setting player 1 freeze to 4
[16:36:38.494] [SEVERE ] setting player 1 freeze to 0
[16:36:38.494] [SEVERE ] removing player 1 token from slot 2
[16:36:38.494] [SEVERE ] player 1 placing token on slot 1
[16:36:38.494] [SEVERE ] setting player 1 freeze to 4
[16:36:38.500] [SEVERE ] setting player 1 freeze to 0
[16:36:38.508] [SEVERE ] removing player 1 token from slot 8
[16:36:38.508] [SEVERE ] removing card from slot 8
[16:36:38.520] [SEVERE ] removing player 2 token from slot 6
[16:36:38.520] [SEVERE ] removing card from slot 6
[16:36:38.536] [SEVERE ] removing card from slot 10
[16:36:38.552] [SEVERE ] removing card from slot 3
[16:36:38.568] [SEVERE ] removing player 2 token from slot 2
[16:36:38.568] [SEVERE ] removing card from slot 2
[16:36:38.584] [SEVERE ] removing card from slot 0
[16:36:38.600] [SEVERE ] removing card from slot 5
[16:36:38.616] [SEVERE ] removing player 1 token from slot 1
[16:36:38.616] [SEVERE ] removing card from slot 1
[16:36:38.632] [SEVERE ] removing player 1 token from slot 11
[16:36:38.632] [SEVERE ] removing card from slot 11
[16:36:38.644] [SEVERE ] removing card from slot 9
[16:36:38.660] [SEVERE ] removing card from slot 7
[16:36:38.676] [SEVERE ] removing player 2 token from slot 4
[16:36:38.676] [SEVERE ] removing card from slot 4
[16:36:38.693] [SEVERE ] placing card 47 in slot 7
[16:36:38.709] [SEVERE ] placing card 20 in slot 6
[16:36:38.722] [SEVERE ] placing card 71 in slot 4
[16:36:38.738] [SEVERE ] placing card 13 in slot 3
[16:36:38.754] [SEVERE ] placing card 43 in slot 0
[16:36:38.770] [SEVERE ] placing card 64 in slot 1
[16:36:38.782] [SEVERE ] placing card 29 in slot 10
[16:36:38.799] [SEVERE ] placing card 8 in slot 8
[16:36:38.815] [SEVERE ] placing card 67 in slot 9
[16:36:38.831] [SEVERE ] placing card 52 in slot 5
[16:36:38.844] [SEVERE ] placing card 23 in slot 2
[16:36:38.856] [SEVERE ] placing card 57 in slot 11
[16:36:38.856] [SEVERE ] updating countdown to 100
[16:36:38.856] [SEVERE ] player 1 placing token on slot 9
[16:36:38.856] [SEVERE ] player 1 placing token on slot 11
[16:36:38.856] [SEVERE ] player 1 placing token on slot 10
[16:36:38.856] [SEVERE ] setting player 1 freeze to 4
[16:36:38.861] [SEVERE ] setting player 1 freeze to 0
[16:36:38.861] [SEVERE ] removing player 1 token from slot 9
[16:36:38.861] [SEVERE ] player 1 placing token on slot 3
[16:36:38.861] [SEVERE ] setting player 1 freeze to 4
[16:36:38.861] [SEVERE ] player 2 placing token on slot 0
[16:36:38.862] [SEVERE ] player 2 placing token on slot 6
[16:36:38.862] [SEVERE ] player 2 placing token on slot 11
[16:36:38.866] [SEVERE ] setting player 1 freeze to 0
[16:36:38.875] [SEVERE ] removing player 2 token from slot 0
[16:36:38.875] [SEVERE ] removing card from slot 0
[16:36:38.887] [SEVERE ] removing player 2 token from slot 6
[16:36:38.887] [SEVERE ] removing card from slot 6
[16:36:38.903] [SEVERE ] removing player 1 token from slot 11
[16:36:38.903] [SEVERE ] removing player 2 token from slot 11
[16:36:38.903] [SEVERE ] removing card from slot 11
[16:36:38.903] [SEVERE ] setting player 2 freeze to 2
[16:36:38.905] [SEVERE ] setting player 2 freeze to 0
[16:36:38.905] [SEVERE ] setting player 2 score to 1
[16:36:38.918] [SEVERE ] placing card 76 in slot 0
[16:36:38.933] [SEVERE ] placing card 55 in slot 11
[16:36:38.946] [SEVERE ] placing card 34 in slot 6
[16:36:38.946] [SEVERE ] updating countdown to 100
[16:36:38.946] [SEVERE ] player 1 placing token on slot 6
[16:36:38.946] [SEVERE ] setting player 1 freeze to 4
[16:36:38.946] [SEVERE ] player 2 placing token on slot 3
[16:36:38.947] [SEVERE ] player 2 placing token on slot 9
[16:36:38.947] [SEVERE ] player 2 placing token on slot 11
[16:36:38.947] [SEVERE ] setting player 2 freeze to 4
[16:36:38.951] [SEVERE ] setting player 2 freeze to 0
[16:36:38.951] [SEVERE ] removing player 2 token from slot 9
[16:36:38.951] [SEVERE ] setting player 1 freeze to 0
[16:36:38.951] [SEVERE ] player 2 placing token on slot 7
[16:36:38.951] [SEVERE ] setting player 2 freeze to 4
[16:36:38.951] [SEVERE ] removing player 1 token from slot 3
[16:36:38.951] [SEVERE ] player 1 placing token on slot 5
[16:36:38.951] [SEVERE ] setting player 1 freeze to 4
[16:36:38.956] [SEVERE ] setting player 2 freeze to 0
[16:36:38.956] [SEVERE ] setting player 1 freeze to 0
[16:36:38.956] [SEVERE ] removing player 1 token from slot 6
[16:36:38.956] [SEVERE ] player 1 placing token on slot 9
[16:36:38.956] [SEVERE ] setting player 1 freeze to 4
[16:36:38.962] [SEVERE ] setting player 1 freeze to 0
[16:36:38.962] [SEVERE ] removing player 1 token from slot 5
[16:36:38.962] [SEVERE ] player 1 placing token on slot 11
[16:36:38.962] [SEVERE ] setting player 1 freeze to 4
[16:36:38.967] [SEVERE ] setting player 1 freeze to 0
[16:36:38.967] [SEVERE ] removing player 1 token from slot 9
[16:36:38.967] [SEVERE ] player 1 placing token on slot 4
[16:36:38.967] [SEVERE ] setting player 1 freeze to 4
[16:36:38.973] [SEVERE ] setting player 1 freeze to 0
[16:36:38.973] [SEVERE ] removing player 1 token from slot 10
[16:36:38.973] [SEVERE ] player 1 placing token on slot 0
[16:36:38.973] [SEVERE ] setting player 1 freeze to 4
[16:36:38.977] [SEVERE ] setting player 1 freeze to 0
[16:36:38.977] [SEVERE ] removing player 1 token from slot 0
[16:36:38.977] [SEVERE ] player 1 placing token on slot 1
[16:36:38.977] [SEVERE ] setting player 1 freeze to 4
[16:36:38.982] [SEVERE ] setting player 1 freeze to 0
[16:36:38.982] [SEVERE ] removing player 1 token from slot 11
[16:36:38.982] [SEVERE ] removing player 1 token from slot 1
[16:36:38.982] [SEVERE ] player 1 placing token on slot 3
[16:36:38.982] [SEVERE ] player 1 placing token on slot 11
[16:36:38.982] [SEVERE ] setting player 1 freeze to 4
[16:36:38.988] [SEVERE ] setting player 1 freeze to 0
[16:36:38.988] [SEVERE ] removing player 1 token from slot 3
[16:36:38.988] [SEVERE ] player 1 placing token on slot 6
[16:36:38.988] [SEVERE ] setting player 1 freeze to 4
[16:36:38.994] [SEVERE ] setting player 1 freeze to 0
[16:36:38.994] [SEVERE ] removing player 1 token from slot 11
[16:36:38.994] [SEVERE ] removing player 1 token from slot 6
[16:36:38.994] [SEVERE ] player 1 placing token on slot 3
[16:36:38.994] [SEVERE ] player 1 placing token on slot 11
[16:36:38.994] [SEVERE ] setting player 1 freeze to 4
[16:36:38.999] [SEVERE ] setting player 1 freeze to 0
[16:36:38.999] [SEVERE ] removing player 1 token from slot 4
[16:36:38.999] [SEVERE ] player 1 placing token on slot 0
[16:36:38.999] [SEVERE ] setting player 1 freeze to 4
[16:36:39.004] [SEVERE ] setting player 1 freeze to 0
[16:36:39.004] [SEVERE ] removing player 1 token from slot 11
[16:36:39.004] [SEVERE ] removing player 1 token from slot 3
[16:36:39.004] [SEVERE ] removing player 2 token from slot 11
[16:36:39.004] [SEVERE ] player 2 placing token on slot 10
[16:36:39.004] [SEVERE ] setting player 2 freeze to 4
[16:36:39.010] [SEVERE ] setting player 2 freeze to 0
[16:36:39.010] [SEVERE ] removing player 2 token from slot 7
[16:36:39.010] [SEVERE ] removing player 2 token from slot 3
[16:36:39.010] [SEVERE ] player 2 placing token on slot 1
[16:36:39.010] [SEVERE ] player 2 placing token on slot 7
[16:36:39.010] [SEVERE ] setting player 2 freeze to 4
[16:36:39.016] [SEVERE ] setting player 2 freeze to 0
[16:36:39.016] [SEVERE ] removing player 2 token from slot 1
[16:36:39.016] [SEVERE ] player 2 placing token on slot 3
[16:36:39.016] [SEVERE ] setting player 2 freeze to 4
[16:36:39.021] [SEVERE ] setting player 2 freeze to 0
[16:36:39.021] [SEVERE ] player 1 placing token on slot 2
[16:36:39.021] [SEVERE ] player 1 placing token on slot 6
[16:36:39.021] [SEVERE ] setting player 1 freeze to 4
[16:36:39.027] [SEVERE ] setting player 1 freeze to 0
[16:36:39.027] [SEVERE ] removing player 1 token from slot 0
[16:36:39.027] [SEVERE ] player 1 placing token on slot 11
[16:36:39.027] [SEVERE ] setting player 1 freeze to 4
[16:36:39.032] [SEVERE ] setting player 1 freeze to 0
[16:36:39.032] [SEVERE ] removing player 2 token from slot 3
[16:36:39.032] [SEVERE ] removing player 2 token from slot 10
[16:36:39.032] [SEVERE ] player 2 placing token on slot 4
[16:36:39.032] [SEVERE ] player 2 placing token on slot 3
[16:36:39.032] [SEVERE ] setting player 2 freeze to 4
[16:36:39.035] [SEVERE ] updating countdown to 0
[16:36:39.035] [SEVERE ] updating countdown to 0
[16:36:39.038] [SEVERE ] setting player 2 freeze to 0
[16:36:39.038] [SEVERE ] removing player 1 token from slot 2
[16:36:39.038] [SEVERE ] player 1 placing token on slot 5
[16:36:39.038] [SEVERE ] setting player 1 freeze to 4
[16:36:39.043] [SEVERE ] setting player 1 freeze to 0
[16:36:39.043] [SEVERE ] removing player 1 token from slot 5
[16:36:39.043] [SEVERE ] player 1 placing token on slot 4
[16:36:39.043] [SEVERE ] setting player 1 freeze to 4
[16:36:39.043] [SEVERE ] removing player 2 token from slot 3
[16:36:39.043] [SEVERE ] removing player 2 token from slot 4
[16:36:39.043] [SEVERE ] player 2 placing token on slot 2
[16:36:39.043] [SEVERE ] player 2 placing token on slot 3
[16:36:39.043] [SEVERE ] setting player 2 freeze to 4
[16:36:39.048] [SEVERE ] setting player 2 freeze to 0
[16:36:39.049] [SEVERE ] setting player 1 freeze to 0
[16:36:39.049] [SEVERE ] removing player 2 token from slot 7
[16:36:39.049] [SEVERE ] player 2 placing token on slot 9
[16:36:39.049] [SEVERE ] setting player 2 freeze to 4
[16:36:39.054] [SEVERE ] setting player 2 freeze to 0
[16:36:39.070] [SEVERE ] removing player 2 token from slot 9
[16:36:39.070] [SEVERE ] removing card from slot 9
[16:36:39.082] [SEVERE ] removing player 2 token from slot 3
[16:36:39.082] [SEVERE ] removing card from slot 3
[16:36:39.098] [SEVERE ] removing player 1 token from slot 6
[16:36:39.098] [SEVERE ] removing card from slot 6
[16:36:39.114] [SEVERE ] removing card from slot 0
[16:36:39.130] [SEVERE ] removing player 2 token from slot 2
[16:36:39.130] [SEVERE ] removing card from slot 2
[16:36:39.143] [SEVERE ] removing player 1 token from slot 11
[16:36:39.143] [SEVERE ] removing card from slot 11
[16:36:39.159] [SEVERE ] removing card from slot 7
[16:36:39.175] [SEVERE ] removing card from slot 1
[16:36:39.191] [SEVERE ] removing card from slot 10
[16:36:39.207] [SEVERE ] removing card from slot 8
[16:36:39.219] [SEVERE ] removing player 1 token from slot 4
[16:36:39.219] [SEVERE ] removing card from slot 4
[16:36:39.232] [SEVERE ] removing card from slot 5
[16:36:39.248] [SEVERE ] placing card 16 in slot 5
[16:36:39.264] [SEVERE ] placing card 49 in slot 6
[16:36:39.281] [SEVERE ] placing card 62 in slot 2
[16:36:39.297] [SEVERE ] placing card 52 in slot 0
[16:36:39.313] [SEVERE ] placing card 64 in slot 7
[16:36:39.325] [SEVERE ] placing card 61 in slot 8
[16:36:39.341] [SEVERE ] placing card 77 in slot 9
[16:36:39.357] [SEVERE ] placing card 22 in slot 1
[16:36:39.369] [SEVERE ] placing card 18 in slot 11
[16:36:39.385] [SEVERE ] placing card 4 in slot 3
[16:36:39.402] [SEVERE ] placing card 60 in slot 4
[16:36:39.418] [SEVERE ] placing card 59 in slot 10
[16:36:39.418] [SEVERE ] updating countdown to 100
[16:36:39.418] [SEVERE ] player 1 placing token on slot 4
[16:36:39.418] [SEVERE ] player 1 placing token on slot 0
[16:36:39.418] [SEVERE ] player 1 placing token on slot 6
[16:36:39.418] [SEVERE ] setting player 1 freeze to 4
[16:36:39.418] [SEVERE ] player 2 placing token on slot 11
[16:36:39.419] [SEVERE ] player 2 placing token on slot 6
[16:36:39.419] [SEVERE ] player 2 placing token on slot 8
[16:36:39.419] [SEVERE ] setting player 2 freeze to 4
[16:36:39.423] [SEVERE ] setting player 2 freeze to 0
[16:36:39.423] [SEVERE ] setting player 1 freeze to 0
[16:36:39.423] [SEVERE ] removing player 2 token from slot 6
[16:36:39.423] [SEVERE ] player 2 placing token on slot 9
[16:36:39.423] [SEVERE ] setting player 2 freeze to 4
[16:36:39.428] [SEVERE ] setting player 2 freeze to 0
[16:36:39.428] [SEVERE ] removing player 2 token from slot 9
[16:36:39.428] [SEVERE ] player 2 placing token on slot 1
[16:36:39.428] [SEVERE ] setting player 2 freeze to 4
[16:36:39.428] [SEVERE ] removing player 1 token from slot 4
[16:36:39.428] [SEVERE ] removing player 1 token from slot 0
[16:36:39.433] [SEVERE ] setting player 2 freeze to 0
[16:36:39.433] [SEVERE ] player 1 placing token on slot 2
[16:36:39.433] [SEVERE ] player 1 placing token on slot 4
[16:36:39.433] [SEVERE ] setting player 1 freeze to 4
[16:36:39.438] [SEVERE ] setting player 1 freeze to 0
[16:36:39.438] [SEVERE ] removing player 1 token from slot 6
[16:36:39.438] [SEVERE ] player 1 placing token on slot 7
[16:36:39.438] [SEVERE ] setting player 1 freeze to 4
[16:36:39.443] [SEVERE ] setting player 1 freeze to 0
[16:36:39.443] [SEVERE ] removing player 1 token from slot 2
[16:36:39.443] [SEVERE ] player 1 placing token on slot 1
[16:36:39.443] [SEVERE ] setting player 1 freeze to 4
[16:36:39.447] [SEVERE ] setting player 1 freeze to 0
[16:36:39.447] [SEVERE ] removing player 1 token from slot 1
[16:36:39.447] [SEVERE ] removing player 1 token from slot 4
[16:36:39.447] [SEVERE ] player 1 placing token on slot 6
[16:36:39.447] [SEVERE ] player 1 placing token on slot 1
[16:36:39.447] [SEVERE ] setting player 1 freeze to 4
[16:36:39.452] [SEVERE ] setting player 1 freeze to 0
[16:36:39.452] [SEVERE ] removing player 1 token from slot 7
[16:36:39.452] [SEVERE ] player 1 placing token on slot 9
[16:36:39.452] [SEVERE ] setting player 1 freeze to 4
[16:36:39.457] [SEVERE ] setting player 1 freeze to 0
[16:36:39.457] [SEVERE ] removing player 1 token from slot 1
[16:36:39.457] [SEVERE ] player 1 placing token on slot 5
[16:36:39.457] [SEVERE ] setting player 1 freeze to 4
[16:36:39.457] [SEVERE ] removing player 2 token from slot 1
[16:36:39.457] [SEVERE ] player 2 placing token on slot 3
[16:36:39.457] [SEVERE ] setting player 2 freeze to 4
[16:36:39.461] [SEVERE ] setting player 2 freeze to 0
[16:36:39.461] [SEVERE ] setting player 1 freeze to 0
[16:36:39.461] [SEVERE ] removing player 1 token from slot 9
[16:36:39.461] [SEVERE ] player 1 placing token on slot 2
[16:36:39.461] [SEVERE ] setting player 1 freeze to 4
[16:36:39.461] [SEVERE ] removing player 2 token from slot 3
[16:36:39.462] [SEVERE ] player 2 placing token on slot 9
[16:36:39.462] [SEVERE ] setting player 2 freeze to 4
[16:36:39.466] [SEVERE ] setting player 1 freeze to 0
[16:36:39.466] [SEVERE ] setting player 2 freeze to 0
[16:36:39.466] [SEVERE ] removing player 1 token from slot 2
[16:36:39.466] [SEVERE ] player 1 placing token on slot 8
[16:36:39.466] [SEVERE ] setting player 1 freeze to 4
[16:36:39.470] [SEVERE ] setting player 1 freeze to 0
[16:36:39.470] [SEVERE ] removing player 1 token from slot 6
[16:36:39.470] [SEVERE ] removing player 1 token from slot 8
[16:36:39.470] [SEVERE ] player 1 placing token on slot 2
[16:36:39.470] [SEVERE ] player 1 placing token on slot 6
[16:36:39.470] [SEVERE ] setting player 1 freeze to 4
[16:36:39.475] [SEVERE ] setting player 1 freeze to 0
[16:36:39.475] [SEVERE ] removing player 1 token from slot 5
[16:36:39.475] [SEVERE ] player 1 placing token on slot 8
[16:36:39.475] [SEVERE ] setting player 1 freeze to 4
[16:36:39.480] [SEVERE ] setting player 1 freeze to 0
[16:36:39.480] [SEVERE ] removing player 1 token from slot 8
[16:36:39.480] [SEVERE ] player 1 placing token on slot 3
[16:36:39.480] [SEVERE ] setting player 1 freeze to 4
[16:36:39.484] [SEVERE ] setting player 1 freeze to 0
[16:36:39.484] [SEVERE ] removing player 1 token from slot 2
[16:36:39.484] [SEVERE ] removing player 1 token from slot 3
[16:36:39.484] [SEVERE ] player 1 placing token on slot 0
[16:36:39.484] [SEVERE ] removing player 2 token from slot 11
[16:36:39.484] [SEVERE ] removing player 2 token from slot 8
[16:36:39.484] [SEVERE ] player 2 placing token on slot 10
[16:36:39.484] [SEVERE ] player 2 placing token on slot 11
[16:36:39.484] [SEVERE ] setting player 2 freeze to 4
[16:36:39.489] [SEVERE ] setting player 2 freeze to 0
[16:36:39.489] [SEVERE ] player 1 placing token on slot 2
[16:36:39.489] [SEVERE ] setting player 1 freeze to 4
[16:36:39.494] [SEVERE ] setting player 1 freeze to 0
[16:36:39.494] [SEVERE ] removing player 2 token from slot 10
[16:36:39.494] [SEVERE ] player 2 placing token on slot 0
[16:36:39.514] [SEVERE ] removing player 1 token from slot 0
[16:36:39.514] [SEVERE ] removing player 2 token from slot 0
[16:36:39.514] [SEVERE ] removing card from slot 0
[16:36:39.530] [SEVERE ] removing player 2 token from slot 9
[16:36:39.530] [SEVERE ] removing card from slot 9
[16:36:39.542] [SEVERE ] removing player 2 token from slot 11
[16:36:39.542] [SEVERE ] removing card from slot 11
[16:36:39.542] [SEVERE ] setting player 2 freeze to 2
[16:36:39.545] [SEVERE ] setting player 2 freeze to 0
[16:36:39.545] [SEVERE ] setting player 2 score to 2
[16:36:39.557] [SEVERE ] placing card 51 in slot 0
[16:36:39.573] [SEVERE ] placing card 0 in slot 11
[16:36:39.589] [SEVERE ] placing card 30 in slot 9
[16:36:39.589] [SEVERE ] updating countdown to 100
[16:36:39.589] [SEVERE ] player 2 placing token on slot 2
[16:36:39.589] [SEVERE ] player 2 placing token on slot 0
[16:36:39.589] [SEVERE ] player 2 placing token on slot 5
[16:36:39.605] [SEVERE ] removing player 2 token from slot 0
[16:36:39.605] [SEVERE ] removing card from slot 0
[16:36:39.621] [SEVERE ] removing player 1 token from slot 2
[16:36:39.621] [SEVERE ] removing player 2 token from slot 2
[16:36:39.621] [SEVERE ] removing card from slot 2
[16:36:39.637] [SEVERE ] removing player 2 token from slot 5
[16:36:39.637] [SEVERE ] removing card from slot 5
[16:36:39.637] [SEVERE ] setting player 2 freeze to 2
[16:36:39.641] [SEVERE ] setting player 2 freeze to 0
[16:36:39.641] [SEVERE ] setting player 2 score to 3
[16:36:39.653] [SEVERE ] placing card 25 in slot 2
[16:36:39.669] [SEVERE ] placing card 58 in slot 0
[16:36:39.686] [SEVERE ] placing card 12 in slot 5
[16:36:39.686] [SEVERE ] updating countdown to 100
[16:36:39.686] [SEVERE ] player 1 placing token on slot 3
[16:36:39.686] [SEVERE ] player 1 placing token on slot 9
[16:36:39.686] [SEVERE ] setting player 1 freeze to 4
[16:36:39.686] [SEVERE ] player 2 placing token on slot 8
[16:36:39.687] [SEVERE ] player 2 placing token on slot 5
[16:36:39.687] [SEVERE ] player 2 placing token on slot 11
[16:36:39.687] [SEVERE ] setting player 2 freeze to 4
[16:36:39.691] [SEVERE ] setting player 2 freeze to 0
[16:36:39.692] [SEVERE ] setting player 1 freeze to 0
[16:36:39.692] [SEVERE ] removing player 2 token from slot 8
[16:36:39.692] [SEVERE ] removing player 1 token from slot 6
[16:36:39.692] [SEVERE ] player 1 placing token on slot 7
[16:36:39.692] [SEVERE ] setting player 1 freeze to 4
[16:36:39.697] [SEVERE ] setting player 1 freeze to 0
[16:36:39.697] [SEVERE ] removing player 1 token from slot 9
[16:36:39.697] [SEVERE ] player 1 placing token on slot 2
[16:36:39.697] [SEVERE ] setting player 1 freeze to 4
[16:36:39.702] [SEVERE ] setting player 1 freeze to 0
[16:36:39.702] [SEVERE ] removing player 1 token from slot 3
[16:36:39.702] [SEVERE ] removing player 1 token from slot 7
[16:36:39.702] [SEVERE ] player 1 placing token on slot 11
[16:36:39.702] [SEVERE ] player 1 placing token on slot 3
[16:36:39.702] [SEVERE ] setting player 1 freeze to 4
[16:36:39.708] [SEVERE ] setting player 1 freeze to 0
[16:36:39.708] [SEVERE ] removing player 1 token from slot 11
[16:36:39.708] [SEVERE ] removing player 1 token from slot 3
[16:36:39.708] [SEVERE ] player 1 placing token on slot 1
[16:36:39.708] [SEVERE ] player 1 placing token on slot 11
[16:36:39.708] [SEVERE ] setting player 1 freeze to 4
[16:36:39.713] [SEVERE ] setting player 1 freeze to 0
[16:36:39.713] [SEVERE ] removing player 1 token from slot 2
[16:36:39.713] [SEVERE ] player 1 placing token on slot 7
[16:36:39.713] [SEVERE ] setting player 1 freeze to 4
[16:36:39.718] [SEVERE ] setting player 1 freeze to 0
[16:36:39.718] [SEVERE ] player 2 placing token on slot 2
[16:36:39.718] [SEVERE ] setting player 2 freeze to 4
[16:36:39.723] [SEVERE ] setting player 2 freeze to 0
[16:36:39.723] [SEVERE ] removing player 1 token from slot 7
[16:36:39.723] [SEVERE ] player 1 placing token on slot 3
[16:36:39.723] [SEVERE ] setting player 1 freeze to 4
[16:36:39.728] [SEVERE ] setting player 1 freeze to 0
[16:36:39.728] [SEVERE ] removing player 1 token from slot 1
[16:36:39.728] [SEVERE ] player 1 placing token on slot 7
[16:36:39.728] [SEVERE ] setting player 1 freeze to 4
[16:36:39.733] [SEVERE ] setting player 1 freeze to 0
[16:36:39.733] [SEVERE ] removing player 1 token from slot 11
[16:36:39.733] [SEVERE ] removing player 2 token from slot 2
[16:36:39.733] [SEVERE ] player 2 placing token on slot 8
[16:36:39.733] [SEVERE ] setting player 2 freeze to 4
[16:36:39.738] [SEVERE ] setting player 2 freeze to 0
[16:36:39.738] [SEVERE ] removing player 2 token from slot 5
[16:36:39.738] [SEVERE ] player 2 placing token on slot 9
[16:36:39.738] [SEVERE ] setting player 2 freeze to 4
[16:36:39.744] [SEVERE ] setting player 2 freeze to 0
[16:36:39.744] [SEVERE ] removing player 2 token from slot 9
[16:36:39.744] [SEVERE ] player 2 placing token on slot 5
[16:36:39.744] [SEVERE ] setting player 2 freeze to 4
[16:36:39.748] [SEVERE ] setting player 2 freeze to 0
[16:36:39.748] [SEVERE ] player 1 placing token on slot 4
[16:36:39.748] [SEVERE ] setting player 1 freeze to 4
[16:36:39.753] [SEVERE ] setting player 1 freeze to 0
[16:36:39.753] [SEVERE ] removing player 1 token from slot 7
[16:36:39.753] [SEVERE ] removing player 1 token from slot 4
[16:36:39.753] [SEVERE ] player 1 placing token on slot 1
[16:36:39.753] [SEVERE ] removing player 2 token from slot 8
[16:36:39.753] [SEVERE ] removing player 2 token from slot 5
[16:36:39.753] [SEVERE ] player 1 placing token on slot 7
[16:36:39.753] [SEVERE ] setting player 1 freeze to 4
[16:36:39.757] [SEVERE ] setting player 1 freeze to 0
[16:36:39.757] [SEVERE ] player 2 placing token on slot 9
[16:36:39.757] [SEVERE ] player 2 placing token on slot 8
[16:36:39.757] [SEVERE ] setting player 2 freeze to 4
[16:36:39.763] [SEVERE ] setting player 2 freeze to 0
[16:36:39.763] [SEVERE ] removing player 2 token from slot 11
[16:36:39.763] [SEVERE ] player 2 placing token on slot 2
[16:36:39.763] [SEVERE ] setting player 2 freeze to 4
[16:36:39.763] [SEVERE ] removing player 1 token from slot 7
[16:36:39.763] [SEVERE ] player 1 placing token on slot 9
[16:36:39.763] [SEVERE ] setting player 1 freeze to 4
[16:36:39.767] [SEVERE ] setting player 2 freeze to 0
[16:36:39.767] [SEVERE ] setting player 1 freeze to 0
[16:36:39.767] [SEVERE ] removing player 1 token from slot 3
[16:36:39.767] [SEVERE ] player 1 placing token on slot 0
[16:36:39.767] [SEVERE ] setting player 1 freeze to 4
[16:36:39.773] [SEVERE ] setting player 1 freeze to 0
[16:36:39.773] [SEVERE ] removing player 1 token from slot 1
[16:36:39.773] [SEVERE ] removing player 1 token from slot 0
[16:36:39.773] [SEVERE ] player 1 placing token on slot 2
[16:36:39.773] [SEVERE ] player 1 placing token on slot 1
[16:36:39.773] [SEVERE ] setting player 1 freeze to 4
[16:36:39.777] [SEVERE ] setting player 1 freeze to 0
[16:36:39.777] [SEVERE ] removing player 1 token from slot 9
[16:36:39.777] [SEVERE ] player 1 placing token on slot 5
[16:36:39.777] [SEVERE ] setting player 1 freeze to 4
[16:36:39.783] [SEVERE ] setting player 1 freeze to 0
[16:36:39.783] [SEVERE ] removing player 1 token from slot 1
[16:36:39.783] [SEVERE ] removing player 1 token from slot 5
[16:36:39.783] [SEVERE ] player 1 placing token on slot 9
[16:36:39.783] [SEVERE ] player 1 placing token on slot 1
[16:36:39.783] [SEVERE ] setting player 1 freeze to 4
[16:36:39.784] [SEVERE ] updating countdown to 0
[16:36:39.784] [SEVERE ] updating countdown to 0
[16:36:39.787] [SEVERE ] setting player 1 freeze to 0
[16:36:39.787] [SEVERE ] removing player 2 token from slot 2
[16:36:39.787] [SEVERE ] player 2 placing token on slot 6
[16:36:39.787] [SEVERE ] setting player 2 freeze to 4
[16:36:39.793] [SEVERE ] setting player 2 freeze to 0
[16:36:39.793] [SEVERE ] removing player 1 token from slot 1
[16:36:39.793] [SEVERE ] player 1 placing token on slot 0
[16:36:39.793] [SEVERE ] setting player 1 freeze to 4
[16:36:39.798] [SEVERE ] setting player 1 freeze to 0
[16:36:39.798] [SEVERE ] removing player 1 token from slot 9
[16:36:39.798] [SEVERE ] player 1 placing token on slot 1
[16:36:39.798] [SEVERE ] setting player 1 freeze to 4
[16:36:39.804] [SEVERE ] setting player 1 freeze to 0
[16:36:39.812] [SEVERE ] removing card from slot 7
[16:36:39.824] [SEVERE ] removing player 2 token from slot 6
[16:36:39.824] [SEVERE ] removing card from slot 6
[16:36:39.840] [SEVERE ] removing player 2 token from slot 9
[16:36:39.840] [SEVERE ] removing card from slot 9
[16:36:39.857] [SEVERE ] removing player 1 token from slot 0
[16:36:39.857] [SEVERE ] removing card from slot 0
[16:36:39.869] [SEVERE ] removing card from slot 11
[16:36:39.886] [SEVERE ] removing player 2 token from slot 8
[16:36:39.886] [SEVERE ] removing card from slot 8
[16:36:39.902] [SEVERE ] removing card from slot 10
[16:36:39.914] [SEVERE ] removing player 1 token from slot 2
[16:36:39.914] [SEVERE ] removing card from slot 2
[16:36:39.931] [SEVERE ] removing player 1 token from slot 1
[16:36:39.931] [SEVERE ] removing card from slot 1
[16:36:39.947] [SEVERE ] removing card from slot 4
[16:36:39.959] [SEVERE ] removing card from slot 5
[16:36:39.976] [SEVERE ] removing card from slot 3
[16:36:39.992] [SEVERE ] placing card 73 in slot 5
[16:36:40.004] [SEVERE ] placing card 68 in slot 8
[16:36:40.020] [SEVERE ] placing card 26 in slot 6
[16:36:40.036] [SEVERE ] placing card 44 in slot 0
[16:36:40.052] [SEVERE ] placing card 34 in slot 2
[16:36:40.069] [SEVERE ] placing card 48 in slot 10
[16:36:40.085] [SEVERE ] placing card 41 in slot 9
[16:36:40.098] [SEVERE ] placing card 67 in slot 4
[16:36:40.114] [SEVERE ] placing card 8 in slot 7
[16:36:40.130] [SEVERE ] placing card 54 in slot 3
[16:36:40.146] [SEVERE ] placing card 31 in slot 11
[16:36:40.162] [SEVERE ] placing card 78 in slot 1
[16:36:40.162] [SEVERE ] updating countdown to 100
[16:36:40.162] [SEVERE ] player 1 placing token on slot 8
[16:36:40.162] [SEVERE ] player 1 placing token on slot 3
[16:36:40.162] [SEVERE ] player 1 placing token on slot 1
[16:36:40.162] [SEVERE ] setting player 1 freeze to 4
[16:36:40.168] [SEVERE ] setting player 1 freeze to 0
[16:36:40.168] [SEVERE ] removing player 1 token from slot 3
[16:36:40.168] [SEVERE ] player 1 placing token on slot 4
[16:36:40.168] [SEVERE ] setting player 1 freeze to 4
[16:36:40.172] [SEVERE ] setting player 1 freeze to 0
[16:36:40.172] [SEVERE ] removing player 1 token from slot 1
[16:36:40.172] [SEVERE ] player 1 placing token on slot 6
[16:36:40.172] [SEVERE ] setting player 1 freeze to 4
[16:36:40.177] [SEVERE ] setting player 1 freeze to 0
[16:36:40.177] [SEVERE ] removing player 1 token from slot 8
[16:36:40.177] [SEVERE ] player 1 placing token on slot 0
[16:36:40.177] [SEVERE ] setting player 1 freeze to 4
[16:36:40.177] [SEVERE ] player 2 placing token on slot 8
[16:36:40.177] [SEVERE ] player 2 placing token on slot 9
[16:36:40.177] [SEVERE ] player 2 placing token on slot 2
[16:36:40.177] [SEVERE ] setting player 2 freeze to 4
[16:36:40.182] [SEVERE ] setting player 2 freeze to 0
[16:36:40.182] [SEVERE ] setting player 1 freeze to 0
[16:36:40.182] [SEVERE ] removing player 1 token from slot 4
[16:36:40.182] [SEVERE ] player 1 placing token on slot 8
[16:36:40.182] [SEVERE ] setting player 1 freeze to 4
[16:36:40.188] [SEVERE ] setting player 1 freeze to 0
[16:36:40.188] [SEVERE ] removing player 1 token from slot 8
[16:36:40.188] [SEVERE ] removing player 1 token from slot 0
[16:36:40.188] [SEVERE ] player 1 placing token on slot 3
[16:36:40.188] [SEVERE ] player 1 placing token on slot 8
[16:36:40.188] [SEVERE ] setting player 1 freeze to 4
[16:36:40.193] [SEVERE ] setting player 1 freeze to 0
[16:36:40.193] [SEVERE ] removing player 2 token from slot 2
[16:36:40.193] [SEVERE ] player 2 placing token on slot 4
[16:36:40.193] [SEVERE ] setting player 2 freeze to 4
[16:36:40.198] [SEVERE ] setting player 2 freeze to 0
[16:36:40.198] [SEVERE ] removing player 1 token from slot 6
[16:36:40.198] [SEVERE ] removing player 2 token from slot 4
[16:36:40.198] [SEVERE ] player 2 placing token on slot 6
[16:36:40.198] [SEVERE ] setting player 2 freeze to 4
[16:36:40.204] [SEVERE ] setting player 2 freeze to 0
[16:36:40.204] [SEVERE ] removing player 2 token from slot 8
[16:36:40.204] [SEVERE ] player 2 placing token on slot 7
[16:36:40.204] [SEVERE ] setting player 2 freeze to 4
[16:36:40.204] [SEVERE ] player 1 placing token on slot 1
[16:36:40.205] [SEVERE ] setting player 1 freeze to 4
[16:36:40.210] [SEVERE ] setting player 2 freeze to 0
[16:36:40.210] [SEVERE ] setting player 1 freeze to 0
[16:36:40.210] [SEVERE ] removing player 1 token from slot 3
[16:36:40.210] [SEVERE ] removing player 1 token from slot 8
[16:36:40.210] [SEVERE ] player 1 placing token on slot 10
[16:36:40.210] [SEVERE ] player 1 placing token on slot 3
[16:36:40.210] [SEVERE ] setting player 1 freeze to 4
[16:36:40.215] [SEVERE ] setting player 1 freeze to 0
[16:36:40.215] [SEVERE ] removing player 1 token from slot 1
[16:36:40.215] [SEVERE ] player 1 placing token on slot 2
[16:36:40.215] [SEVERE ] setting player 1 freeze to 4
[16:36:40.219] [SEVERE ] setting player 1 freeze to 0
[16:36:40.219] [SEVERE ] removing player 1 token from slot 10
[16:36:40.219] [SEVERE ] player 1 placing token on slot 6
[16:36:40.219] [SEVERE ] setting player 1 freeze to 4
[16:36:40.224] [SEVERE ] setting player 1 freeze to 0
[16:36:40.224] [SEVERE ] removing player 1 token from slot 2
[16:36:40.224] [SEVERE ] removing player 2 token from slot 9
[16:36:40.224] [SEVERE ] player 1 placing token on slot 7
[16:36:40.224] [SEVERE ] setting player 1 freeze to 4
[16:36:40.229] [SEVERE ] setting player 1 freeze to 0
[16:36:40.229] [SEVERE ] player 2 placing token on slot 5
[16:36:40.229] [SEVERE ] setting player 2 freeze to 4
[16:36:40.233] [SEVERE ] setting player 2 freeze to 0
[16:36:40.233] [SEVERE ] removing player 2 token from slot 5
[16:36:40.233] [SEVERE ] player 2 placing token on slot 1
[16:36:40.233] [SEVERE ] setting player 2 freeze to 4
[16:36:40.238] [SEVERE ] setting player 2 freeze to 0
[16:36:40.238] [SEVERE ] removing player 2 token from slot 7
[16:36:40.238] [SEVERE ] player 2 placing token on slot 8
[16:36:40.238] [SEVERE ] setting player 2 freeze to 4
[16:36:40.243] [SEVERE ] setting player 2 freeze to 0
[16:36:40.243] [SEVERE ] removing player 2 token from slot 8
[16:36:40.243] [SEVERE ] player 2 placing token on slot 11
[16:36:40.243] [SEVERE ] setting player 2 freeze to 4
[16:36:40.248] [SEVERE ] setting player 2 freeze to 0
[16:36:40.248] [SEVERE ] removing player 2 token from slot 1
[16:36:40.248] [SEVERE ] player 2 placing token on slot 10
[16:36:40.248] [SEVERE ] setting player 2 freeze to 4
[16:36:40.253] [SEVERE ] setting player 2 freeze to 0
[16:36:40.253] [SEVERE ] removing player 1 token from slot 3
[16:36:40.253] [SEVERE ] player 1 placing token on slot 5
[16:36:40.253] [SEVERE ] setting player 1 freeze to 4
[16:36:40.258] [SEVERE ] setting player 1 freeze to 0
[16:36:40.258] [SEVERE ] removing player 1 token from slot 5
[16:36:40.258] [SEVERE ] player 1 placing token on slot 1
[16:36:40.258] [SEVERE ] setting player 1 freeze to 4
[16:36:40.263] [SEVERE ] setting player 1 freeze to 0
[16:36:40.263] [SEVERE ] removing player 1 token from slot 1
[16:36:40.263] [SEVERE ] player 1 placing token on slot 9
[16:36:40.263] [SEVERE ] setting player 1 freeze to 4
[16:36:40.267] [SEVERE ] setting player 1 freeze to 0
[16:36:40.267] [SEVERE ] removing player 1 token from slot 9
[16:36:40.267] [SEVERE ] player 1 placing token on slot 8
[16:36:40.267] [SEVERE ] setting player 1 freeze to 4
[16:36:40.271] [SEVERE ] setting player 1 freeze to 0
[16:36:40.271] [SEVERE ] removing player 2 token from slot 11
[16:36:40.271] [SEVERE ] player 2 placing token on slot 4
[16:36:40.271] [SEVERE ] setting player 2 freeze to 4
[16:36:40.277] [SEVERE ] setting player 2 freeze to 0
[16:36:40.277] [SEVERE ] removing player 1 token from slot 7
[16:36:40.277] [SEVERE ] removing player 1 token from slot 8
[16:36:40.277] [SEVERE ] player 1 placing token on slot 5
[16:36:40.277] [SEVERE ] player 1 placing token on slot 7
[16:36:40.277] [SEVERE ] setting player 1 freeze to 4
[16:36:40.281] [SEVERE ] setting player 1 freeze to 0
[16:36:40.281] [SEVERE ] removing player 1 token from slot 7
[16:36:40.281] [SEVERE ] player 1 placing token on slot 11
[16:36:40.281] [SEVERE ] setting player 1 freeze to 4
[16:36:40.286] [SEVERE ] setting player 1 freeze to 0
[16:36:40.286] [SEVERE ] removing player 1 token from slot 11
[16:36:40.286] [SEVERE ] player 1 placing token on slot 0
[16:36:40.286] [SEVERE ] setting player 1 freeze to 4
[16:36:40.287] [SEVERE ] updating countdown to 0
[16:36:40.287] [SEVERE ] updating countdown to 0
[16:36:40.291] [SEVERE ] setting player 1 freeze to 0
[16:36:40.291] [SEVERE ] removing player 1 token from slot 0
[16:36:40.291] [SEVERE ] player 1 placing token on slot 9
[16:36:40.291] [SEVERE ] setting player 1 freeze to 4
[16:36:40.296] [SEVERE ] setting player 1 freeze to 0
[16:36:40.296] [SEVERE ] removing player 1 token from slot 6
[16:36:40.296] [SEVERE ] player 1 placing token on slot 10
[16:36:40.296] [SEVERE ] setting player 1 freeze to 4
[16:36:40.301] [SEVERE ] setting player 1 freeze to 0
[16:36:40.301] [SEVERE ] removing player 1 token from slot 9
[16:36:40.301] [SEVERE ] removing player 1 token from slot 5
[16:36:40.301] [SEVERE ] player 1 placing token on slot 0
[16:36:40.301] [SEVERE ] player 1 placing token on slot 9
[16:36:40.301] [SEVERE ] setting player 1 freeze to 4
[16:36:40.305] [SEVERE ] setting player 1 freeze to 0
[16:36:40.314] [SEVERE ] removing player 1 token from slot 10
[16:36:40.314] [SEVERE ] removing player 2 token from slot 10
[16:36:40.314] [SEVERE ] removing card from slot 10
[16:36:40.334] [SEVERE ] removing card from slot 1
[16:36:40.351] [SEVERE ] removing card from slot 5
[16:36:40.367] [SEVERE ] removing card from slot 8
[16:36:40.384] [SEVERE ] removing card from slot 3
[16:36:40.429] [SEVERE ] removing card from slot 7
[16:36:40.445] [SEVERE ] removing card from slot 2
[16:36:40.461] [SEVERE ] removing player 2 token from slot 6
[16:36:40.461] [SEVERE ] removing card from slot 6
[16:36:40.477] [SEVERE ] removing card from slot 11
[16:36:40.493] [SEVERE ] removing player 1 token from slot 9
[16:36:40.493] [SEVERE ] removing card from slot 9
[16:36:40.508] [SEVERE ] removing player 1 token from slot 0
[16:36:40.508] [SEVERE ] removing card from slot 0
[16:36:40.525] [SEVERE ] removing player 2 token from slot 4
[16:36:40.525] [SEVERE ] removing card from slot 4
[16:36:40.541] [SEVERE ] placing card 54 in slot 2
[16:36:40.553] [SEVERE ] placing card 19 in slot 5
[16:36:40.569] [SEVERE ] placing card 28 in slot 7
[16:36:40.585] [SEVERE ] placing card 56 in slot 9
[16:36:40.601] [SEVERE ] placing card 47 in slot 8
[16:36:40.617] [SEVERE ] placing card 23 in slot 4
[16:36:40.633] [SEVERE ] placing card 14 in slot 1
[16:36:40.645] [SEVERE ] placing card 74 in slot 0
[16:36:40.661] [SEVERE ] placing card 78 in slot 3
[16:36:40.677] [SEVERE ] placing card 58 in slot 10
[16:36:40.693] [SEVERE ] placing card 13 in slot 6
[16:36:40.709] [SEVERE ] placing card 17 in slot 11
[16:36:40.709] [SEVERE ] updating countdown to 100
[16:36:40.709] [SEVERE ] player 1 placing token on slot 1
[16:36:40.709] [SEVERE ] player 1 placing token on slot 3
[16:36:40.709] [SEVERE ] player 1 placing token on slot 2
[16:36:40.709] [SEVERE ] setting player 1 freeze to 4
[16:36:40.715] [SEVERE ] setting player 1 freeze to 0
[16:36:40.715] [SEVERE ] player 2 placing token on slot 4
[16:36:40.715] [SEVERE ] player 2 placing token on slot 1
[16:36:40.715] [SEVERE ] player 2 placing token on slot 9
[16:36:40.715] [SEVERE ] setting player 2 freeze to 4
[16:36:40.719] [SEVERE ] setting player 2 freeze to 0
[16:36:40.719] [SEVERE ] removing player 1 token from slot 1
[16:36:40.719] [SEVERE ] player 1 placing token on slot 0
[16:36:40.719] [SEVERE ] setting player 1 freeze to 4
[16:36:40.724] [SEVERE ] setting player 1 freeze to 0
[16:36:40.724] [SEVERE ] removing player 1 token from slot 2
[16:36:40.724] [SEVERE ] player 1 placing token on slot 6
[16:36:40.724] [SEVERE ] setting player 1 freeze to 4
[16:36:40.728] [SEVERE ] setting player 1 freeze to 0
[16:36:40.728] [SEVERE ] removing player 1 token from slot 0
[16:36:40.728] [SEVERE ] player 1 placing token on slot 2
[16:36:40.728] [SEVERE ] setting player 1 freeze to 4
[16:36:40.728] [SEVERE ] removing player 2 token from slot 4
[16:36:40.729] [SEVERE ] player 2 placing token on slot 10
[16:36:40.729] [SEVERE ] setting player 2 freeze to 4
[16:36:40.733] [SEVERE ] setting player 1 freeze to 0
[16:36:40.733] [SEVERE ] setting player 2 freeze to 0
[16:36:40.733] [SEVERE ] removing player 2 token from slot 1
[16:36:40.733] [SEVERE ] player 2 placing token on slot 0
[16:36:40.733] [SEVERE ] setting player 2 freeze to 4
[16:36:40.737] [SEVERE ] setting player 2 freeze to 0
[16:36:40.737] [SEVERE ] removing player 2 token from slot 0
[16:36:40.737] [SEVERE ] player 2 placing token on slot 8
[16:36:40.737] [SEVERE ] setting player 2 freeze to 4
[16:36:40.742] [SEVERE ] setting player 2 freeze to 0
[16:36:40.742] [SEVERE ] removing player 2 token from slot 8
[16:36:40.742] [SEVERE ] player 2 placing token on slot 2
[16:36:40.742] [SEVERE ] setting player 2 freeze to 4
[16:36:40.746] [SEVERE ] setting player 2 freeze to 0
[16:36:40.746] [SEVERE ] removing player 2 token from slot 9
[16:36:40.746] [SEVERE ] player 2 placing token on slot 7
[16:36:40.746] [SEVERE ] setting player 2 freeze to 4
[16:36:40.751] [SEVERE ] setting player 2 freeze to 0
[16:36:40.751] [SEVERE ] removing player 2 token from slot 10
[16:36:40.751] [SEVERE ] player 2 placing token on slot 5
[16:36:40.751] [SEVERE ] setting player 2 freeze to 4
[16:36:40.755] [SEVERE ] setting player 2 freeze to 0
[16:36:40.755] [SEVERE ] removing player 2 token from slot 5
[16:36:40.755] [SEVERE ] removing player 2 token from slot 2
[16:36:40.755] [SEVERE ] player 2 placing token on slot 4
[16:36:40.755] [SEVERE ] removing player 1 token from slot 3
[16:36:40.755] [SEVERE ] player 1 placing token on slot 9
[16:36:40.755] [SEVERE ] setting player 1 freeze to 4
[16:36:40.760] [SEVERE ] setting player 1 freeze to 0
[16:36:40.760] [SEVERE ] player 2 placing token on slot 5
[16:36:40.760] [SEVERE ] setting player 2 freeze to 4
[16:36:40.765] [SEVERE ] setting player 2 freeze to 0
[16:36:40.765] [SEVERE ] removing player 2 token from slot 4
[16:36:40.765] [SEVERE ] player 2 placing token on slot 11
[16:36:40.765] [SEVERE ] setting player 2 freeze to 4
[16:36:40.769] [SEVERE ] setting player 2 freeze to 0
[16:36:40.769] [SEVERE ] removing player 1 token from slot 6
[16:36:40.769] [SEVERE ] removing player 1 token from slot 2
[16:36:40.769] [SEVERE ] player 1 placing token on slot 3
[16:36:40.769] [SEVERE ] player 1 placing token on slot 6
[16:36:40.769] [SEVERE ] setting player 1 freeze to 4
[16:36:40.774] [SEVERE ] setting player 1 freeze to 0
[16:36:40.774] [SEVERE ] removing player 2 token from slot 5
[16:36:40.774] [SEVERE ] player 2 placing token on slot 3
[16:36:40.774] [SEVERE ] setting player 2 freeze to 4
[16:36:40.779] [SEVERE ] setting player 2 freeze to 0
[16:36:40.779] [SEVERE ] removing player 2 token from slot 7
[16:36:40.779] [SEVERE ] player 2 placing token on slot 6
[16:36:40.779] [SEVERE ] setting player 2 freeze to 4
[16:36:40.783] [SEVERE ] setting player 2 freeze to 0
[16:36:40.783] [SEVERE ] removing player 1 token from slot 9
[16:36:40.783] [SEVERE ] player 1 placing token on slot 7
[16:36:40.783] [SEVERE ] setting player 1 freeze to 4
[16:36:40.788] [SEVERE ] setting player 1 freeze to 0
[16:36:40.788] [SEVERE ] removing player 1 token from slot 6
[16:36:40.788] [SEVERE ] player 1 placing token on slot 11
[16:36:40.788] [SEVERE ] setting player 1 freeze to 4
[16:36:40.792] [SEVERE ] setting player 1 freeze to 0
[16:36:40.792] [SEVERE ] removing player 2 token from slot 6
[16:36:40.792] [SEVERE ] player 2 placing token on slot 4
[16:36:40.792] [SEVERE ] setting player 2 freeze to 4
[16:36:40.797] [SEVERE ] setting player 2 freeze to 0
[16:36:40.797] [SEVERE ] removing player 2 token from slot 4
[16:36:40.797] [SEVERE ] player 2 placing token on slot 8
[16:36:40.797] [SEVERE ] setting player 2 freeze to 4
[16:36:40.797] [SEVERE ] removing player 1 token from slot 11
[16:36:40.797] [SEVERE ] player 1 placing token on slot 0
[16:36:40.797] [SEVERE ] setting player 1 freeze to 4
[16:36:40.801] [SEVERE ] setting player 2 freeze to 0
[16:36:40.801] [SEVERE ] setting player 1 freeze to 0
[16:36:40.801] [SEVERE ] removing player 1 token from slot 0
[16:36:40.801] [SEVERE ] removing player 1 token from slot 3
[16:36:40.801] [SEVERE ] player 1 placing token on slot 8
[16:36:40.801] [SEVERE ] player 1 placing token on slot 0
[16:36:40.801] [SEVERE ] setting player 1 freeze to 4
[16:36:40.806] [SEVERE ] setting player 1 freeze to 0
[16:36:40.806] [SEVERE ] removing player 1 token from slot 0
[16:36:40.806] [SEVERE ] player 1 placing token on slot 3
[16:36:40.806] [SEVERE ] setting player 1 freeze to 4
[16:36:40.811] [SEVERE ] setting player 1 freeze to 0
[16:36:40.811] [SEVERE ] removing player 1 token from slot 3
[16:36:40.811] [SEVERE ] player 1 placing token on slot 11
[16:36:40.811] [SEVERE ] setting player 1 freeze to 4
[16:36:40.815] [SEVERE ] setting player 1 freeze to 0
[16:36:40.815] [SEVERE ] removing player 1 token from slot 8
[16:36:40.815] [SEVERE ] removing player 1 token from slot 7
[16:36:40.815] [SEVERE ] player 1 placing token on slot 5
[16:36:40.815] [SEVERE ] player 1 placing token on slot 8
[16:36:40.815] [SEVERE ] setting player 1 freeze to 4
[16:36:40.819] [SEVERE ] setting player 1 freeze to 0
[16:36:40.819] [SEVERE ] removing player 2 token from slot 3
[16:36:40.819] [SEVERE ] player 2 placing token on slot 9
[16:36:40.819] [SEVERE ] setting player 2 freeze to 4
[16:36:40.824] [SEVERE ] setting player 2 freeze to 0
[16:36:40.824] [SEVERE ] removing player 1 token from slot 11
[16:36:40.824] [SEVERE ] player 1 placing token on slot 6
[16:36:40.824] [SEVERE ] setting player 1 freeze to 4
[16:36:40.828] [SEVERE ] updating countdown to 0
[16:36:40.828] [SEVERE ] setting player 1 freeze to 0
[16:36:40.828] [SEVERE ] updating countdown to 0
[16:36:40.828] [SEVERE ] removing player 1 token from slot 5
[16:36:40.828] [SEVERE ] player 1 placing token on slot 4
[16:36:40.828] [SEVERE ] setting player 1 freeze to 4
[16:36:40.833] [SEVERE ] setting player 1 freeze to 0
[16:36:40.833] [SEVERE ] removing player 1 token from slot 6
[16:36:40.833] [SEVERE ] player 1 placing token on slot 2
[16:36:40.833] [SEVERE ] setting player 1 freeze to 4
[16:36:40.837] [SEVERE ] setting player 1 freeze to 0
[16:36:40.837] [SEVERE ] removing player 1 token from slot 4
[16:36:40.837] [SEVERE ] player 1 placing token on slot 0
[16:36:40.837] [SEVERE ] setting player 1 freeze to 4
[16:36:40.842] [SEVERE ] setting player 1 freeze to 0
[16:36:40.842] [SEVERE ] removing player 1 token from slot 2
[16:36:40.842] [SEVERE ] player 1 placing token on slot 7
[16:36:40.842] [SEVERE ] setting player 1 freeze to 4
[16:36:40.846] [SEVERE ] setting player 1 freeze to 0
[16:36:40.846] [SEVERE ] removing player 1 token from slot 0
[16:36:40.846] [SEVERE ] player 1 placing token on slot 3
[16:36:40.846] [SEVERE ] setting player 1 freeze to 4
[16:36:40.851] [SEVERE ] setting player 1 freeze to 0
[16:36:40.851] [SEVERE ] removing player 1 token from slot 3
[16:36:40.851] [SEVERE ] player 1 placing token on slot 10
[16:36:40.851] [SEVERE ] setting player 1 freeze to 4
[16:36:40.855] [SEVERE ] setting player 1 freeze to 0
[16:36:40.863] [SEVERE ] removing card from slot 4
[16:36:40.880] [SEVERE ] removing card from slot 6
[16:36:40.896] [SEVERE ] removing player 2 token from slot 9
[16:36:40.896] [SEVERE ] removing card from slot 9
[16:36:40.912] [SEVERE ] removing player 1 token from slot 8
[16:36:40.912] [SEVERE ] removing player 2 token from slot 8
[16:36:40.912] [SEVERE ] removing card from slot 8
[16:36:40.928] [SEVERE ] removing player 1 token from slot 10
[16:36:40.928] [SEVERE ] removing card from slot 10
[16:36:40.944] [SEVERE ] removing player 2 token from slot 11
[16:36:40.944] [SEVERE ] removing card from slot 11
[16:36:40.960] [SEVERE ] removing card from slot 1
[16:36:40.976] [SEVERE ] removing card from slot 3
[16:36:40.992] [SEVERE ] removing card from slot 5
[16:36:41.008] [SEVERE ] removing card from slot 0
[16:36:41.024] [SEVERE ] removing player 1 token from slot 7
[16:36:41.024] [SEVERE ] removing card from slot 7
[16:36:41.028] [SEVERE ] exit button pressed
[16:36:41.028] [INFO   ] Thread player0 terminated.
[16:36:41.028] [INFO   ] Thread computer-1 terminated.
[16:36:41.028] [INFO   ] Thread player1 terminated.
[16:36:41.036] [SEVERE ] removing card from slot 2
[16:36:41.036] [SEVERE ] announcing winner(s): player 2
[16:36:41.036] [INFO   ] Thread dealer terminated.
[16:36:41.036] [INFO   ] thread dealer terminated.
[16:36:41.036] [SEVERE ] thanks for playing... it was fun!
[16:36:41.036] [INFO   ] thread main terminated.
